# This file contains the data of final feasible population (if found)
# of objectives = 2, # of constraints = 0, # of real_var = 5, # of bits of bin_var = 0, constr_violation, rank, crowding_distance
9.736848e-01	1.795351e-02	-4.153621e-01	-4.295747e-01	-3.558573e-01	-3.571393e-01	-4.654245e-01	0.000000e+00	1	1.000000e+14
1.484844e-02	9.800000e-01	5.042059e-01	3.860923e-01	4.977283e-01	3.918126e-01	3.986868e-01	0.000000e+00	1	1.000000e+14
9.648137e-01	5.697451e-02	-4.270974e-01	-4.295747e-01	-3.558573e-01	-2.306927e-01	-3.950705e-01	0.000000e+00	1	2.277240e-02
7.673008e-01	4.713523e-01	-1.365361e-01	-1.009710e-01	-3.846843e-02	-1.101684e-01	-7.257175e-02	0.000000e+00	1	1.914701e-02
2.204408e-01	8.956934e-01	2.439721e-01	2.394964e-01	1.898811e-01	2.199118e-01	2.311421e-01	0.000000e+00	1	1.782065e-02
2.365224e-01	8.891971e-01	2.439580e-01	1.851275e-01	2.018136e-01	2.199118e-01	2.281651e-01	0.000000e+00	1	1.775792e-02
6.259981e-02	9.640347e-01	5.002397e-01	2.885318e-01	3.863144e-01	2.885423e-01	3.590773e-01	0.000000e+00	1	1.713540e-02
9.687348e-01	2.939194e-02	-4.270974e-01	-4.295747e-01	-3.558573e-01	-3.128563e-01	-3.950705e-01	0.000000e+00	1	1.689960e-02
8.385686e-01	3.515474e-01	-2.228470e-01	-1.410411e-01	-1.620246e-01	-1.031967e-01	-1.482085e-01	0.000000e+00	1	1.497331e-02
8.800756e-01	2.745296e-01	-1.190344e-01	-2.231417e-01	-1.861729e-01	-3.026404e-01	-1.752181e-01	0.000000e+00	1	1.470675e-02
7.619118e-01	4.818209e-01	-7.332324e-02	-3.381880e-02	-1.067487e-01	-1.549903e-01	-6.585526e-02	0.000000e+00	1	1.438434e-02
6.530299e-01	6.147929e-01	-1.066312e-02	-5.903392e-02	2.078183e-03	-3.146804e-02	4.064591e-02	0.000000e+00	1	1.423428e-02
8.199769e-02	9.481901e-01	3.078214e-01	2.873751e-01	3.908167e-01	3.110569e-01	3.098907e-01	0.000000e+00	1	1.405939e-02
8.999091e-01	2.186752e-01	-1.985016e-01	-3.068601e-01	-2.566940e-01	-1.919603e-01	-1.947148e-01	0.000000e+00	1	1.405150e-02
7.594370e-01	4.911391e-01	-1.812228e-01	-3.190049e-02	-3.846843e-02	-1.043050e-01	-6.291492e-02	0.000000e+00	1	1.396802e-02
6.867469e-01	5.748772e-01	-5.661243e-03	-2.044593e-02	-2.755510e-02	-5.944433e-02	-5.759854e-02	0.000000e+00	1	1.396749e-02
6.467714e-01	6.250743e-01	6.344042e-02	-4.574260e-02	-2.239302e-02	2.930478e-02	-5.793394e-02	0.000000e+00	1	1.377936e-02
7.770490e-01	4.601681e-01	-1.593491e-01	-9.018494e-02	-4.581420e-02	-5.932967e-02	-1.396641e-01	0.000000e+00	1	1.331396e-02
8.753877e-01	2.859548e-01	-2.835902e-01	-2.281703e-01	-1.733462e-01	-9.607612e-02	-1.947149e-01	0.000000e+00	1	1.319250e-02
5.721298e-01	6.931600e-01	4.949454e-02	8.112909e-02	5.175991e-02	4.336888e-02	-3.988291e-02	0.000000e+00	1	1.318247e-02
6.286807e-01	6.376743e-01	-5.206443e-03	-3.348341e-03	3.473440e-02	-3.478286e-02	2.230975e-02	0.000000e+00	1	1.315506e-02
2.814817e-01	8.740141e-01	2.435074e-01	1.311139e-01	2.380067e-01	1.421526e-01	2.184801e-01	0.000000e+00	1	1.311663e-02
7.256936e-01	5.274840e-01	-8.522133e-02	-3.582737e-02	-9.203586e-02	-3.052537e-02	-6.039808e-02	0.000000e+00	1	1.311032e-02
7.538007e-01	5.005584e-01	-1.902673e-01	-3.192967e-02	-4.698260e-02	-7.958949e-02	-4.665133e-02	0.000000e+00	1	1.300074e-02
1.998356e-01	9.040307e-01	2.439580e-01	2.352682e-01	2.131857e-01	2.199118e-01	2.732334e-01	0.000000e+00	1	1.296233e-02
6.207941e-01	6.452943e-01	1.986632e-02	4.204042e-03	4.088970e-03	-3.146804e-02	4.064591e-02	0.000000e+00	1	1.290130e-02
5.409897e-01	7.181271e-01	3.898894e-02	7.236616e-02	2.086893e-02	1.799147e-02	1.223703e-01	0.000000e+00	1	1.284814e-02
1.257742e-01	9.336313e-01	2.700912e-01	3.684562e-01	2.685732e-01	2.689262e-01	2.651621e-01	0.000000e+00	1	1.283365e-02
4.569560e-01	7.777281e-01	4.949454e-02	7.236616e-02	1.530230e-01	9.089538e-02	1.335845e-01	0.000000e+00	1	1.270798e-02
1.031520e-01	9.416857e-01	3.026846e-01	2.929511e-01	2.560918e-01	2.943420e-01	3.817454e-01	0.000000e+00	1	1.264683e-02
1.376655e-01	9.323949e-01	2.448531e-01	2.788852e-01	3.908167e-01	2.793060e-01	2.293736e-01	0.000000e+00	1	1.262043e-02
6.802655e-01	5.829334e-01	-5.661243e-03	-3.729333e-03	-2.212817e-02	-5.944433e-02	-5.759854e-02	0.000000e+00	1	1.260989e-02
3.276712e-01	8.505058e-01	1.777036e-01	1.128674e-01	2.287855e-01	1.442291e-01	1.768910e-01	0.000000e+00	1	1.253841e-02
9.440173e-01	9.606932e-02	-2.785124e-01	-3.804604e-01	-3.124488e-01	-3.202485e-01	-2.633527e-01	0.000000e+00	1	1.241638e-02
9.459634e-01	8.844351e-02	-2.785124e-01	-3.804604e-01	-3.124488e-01	-3.202485e-01	-2.878274e-01	0.000000e+00	1	1.236483e-02
9.032638e-01	2.088746e-01	-1.985016e-01	-3.068601e-01	-2.566940e-01	-1.919603e-01	-2.207406e-01	0.000000e+00	1	1.231406e-02
9.420567e-01	1.084140e-01	-4.019587e-01	-2.568353e-01	-2.636166e-01	-3.259391e-01	-2.797438e-01	0.000000e+00	1	1.227824e-02
9.281827e-01	1.352117e-01	-2.705352e-01	-2.453991e-01	-3.130071e-01	-2.742660e-01	-2.878274e-01	0.000000e+00	1	1.221754e-02
6.764538e-01	5.888122e-01	-2.455333e-02	2.379938e-02	-7.282022e-02	-1.877631e-02	-4.165041e-02	0.000000e+00	1	1.213240e-02
4.790115e-02	9.654845e-01	3.281962e-01	3.878231e-01	3.006715e-01	3.543928e-01	4.833212e-01	0.000000e+00	1	1.213023e-02
6.723410e-01	5.983262e-01	6.773656e-02	-7.295234e-02	-4.362172e-02	-3.580496e-02	-2.921080e-02	0.000000e+00	1	1.212222e-02
5.368186e-01	7.266420e-01	-4.433119e-02	7.236616e-02	5.342229e-02	9.096253e-02	1.223703e-01	0.000000e+00	1	1.203174e-02
3.659987e-01	8.322957e-01	1.794944e-01	1.951942e-01	1.218529e-01	7.348323e-02	1.733833e-01	0.000000e+00	1	1.202419e-02
7.194691e-01	5.338189e-01	-7.387746e-02	-6.658596e-02	-4.638612e-02	-3.490101e-02	-6.216873e-02	0.000000e+00	1	1.184020e-02
8.812772e-01	2.635670e-01	-2.020575e-01	-2.542996e-01	-1.579168e-01	-2.559866e-01	-1.499607e-01	0.000000e+00	1	1.179265e-02
5.255380e-01	7.349760e-01	4.959030e-02	1.058110e-01	1.330695e-01	-2.995978e-02	6.703877e-02	0.000000e+00	1	1.164425e-02
8.147345e-01	4.040223e-01	-1.347188e-01	-1.278213e-01	-1.619093e-01	-2.006752e-01	-2.803841e-02	0.000000e+00	1	1.158376e-02
3.747326e-01	8.271051e-01	1.794944e-01	1.663045e-01	1.350706e-01	6.436092e-02	1.733833e-01	0.000000e+00	1	1.137570e-02
9.313985e-01	1.248018e-01	-2.619965e-01	-3.028691e-01	-3.012284e-01	-2.770664e-01	-2.801732e-01	0.000000e+00	1	1.137372e-02
7.149508e-01	5.394868e-01	-6.486856e-02	-3.384241e-02	-4.615119e-02	-7.088124e-02	-5.240573e-02	0.000000e+00	1	1.135609e-02
6.976933e-02	9.544558e-01	3.273790e-01	3.370342e-01	3.059720e-01	2.874429e-01	4.285858e-01	0.000000e+00	1	1.135506e-02
1.645806e-01	9.204303e-01	3.081010e-01	2.697838e-01	1.850146e-01	3.026460e-01	2.488713e-01	0.000000e+00	1	1.131138e-02
4.517165e-01	7.833520e-01	3.914221e-02	7.236616e-02	1.530230e-01	9.089538e-02	1.636309e-01	0.000000e+00	1	1.128137e-02
8.694106e-01	2.892126e-01	-1.423748e-01	-2.571429e-01	-1.652147e-01	-1.618098e-01	-2.206091e-01	0.000000e+00	1	1.119516e-02
8.659043e-01	2.979802e-01	-2.196441e-01	-1.377850e-01	-1.620246e-01	-2.559866e-01	-1.499607e-01	0.000000e+00	1	1.114171e-02
5.669368e-01	6.991181e-01	6.040250e-02	2.600292e-02	6.808381e-02	-4.175151e-02	9.083722e-02	0.000000e+00	1	1.107238e-02
9.053687e-01	2.004597e-01	-1.932092e-01	-2.571429e-01	-2.006320e-01	-2.619624e-01	-2.800228e-01	0.000000e+00	1	1.103978e-02
5.781192e-01	6.849736e-01	5.875448e-02	2.600292e-02	-7.079320e-03	6.753817e-02	1.805391e-02	0.000000e+00	1	1.098238e-02
1.776549e-01	9.133971e-01	3.006080e-01	2.695231e-01	2.380067e-01	2.199118e-01	2.302012e-01	0.000000e+00	1	1.093878e-02
1.565343e-01	9.232288e-01	2.456551e-01	2.697708e-01	3.513534e-01	2.448456e-01	2.281651e-01	0.000000e+00	1	1.092378e-02
6.386307e-01	6.268583e-01	-5.206443e-03	-4.137006e-03	4.643730e-03	-3.553088e-02	2.230975e-02	0.000000e+00	1	1.090003e-02
3.799844e-01	8.244403e-01	1.792980e-01	1.663045e-01	1.220017e-01	6.436092e-02	1.733833e-01	0.000000e+00	1	1.085171e-02
9.169436e-01	1.674044e-01	-2.682183e-01	-2.571429e-01	-2.060844e-01	-2.770664e-01	-2.800380e-01	0.000000e+00	1	1.084273e-02
8.335041e-01	3.750155e-01	-1.707399e-01	-2.202185e-01	-1.064456e-01	-2.020630e-01	-3.997630e-02	0.000000e+00	1	1.082462e-02
7.466638e-01	5.033377e-01	-1.365361e-01	-3.190049e-02	-3.846843e-02	-1.065063e-01	-6.291492e-02	0.000000e+00	1	1.082182e-02
6.356563e-01	6.348946e-01	5.983994e-02	2.535664e-02	5.015261e-03	-3.595767e-02	-5.542153e-02	0.000000e+00	1	1.080995e-02
8.195272e-01	3.982386e-01	-6.741121e-02	-2.202185e-01	-1.740114e-01	-1.523315e-01	-5.924102e-02	0.000000e+00	1	1.078939e-02
6.599028e-01	6.108616e-01	4.233150e-02	2.379938e-02	-8.229933e-02	-1.748278e-02	-4.165041e-02	0.000000e+00	1	1.074904e-02
9.246419e-01	1.479329e-01	-2.284991e-01	-2.643434e-01	-2.573221e-01	-3.259391e-01	-2.797438e-01	0.000000e+00	1	1.066786e-02
2.900276e-01	8.696599e-01	1.811934e-01	1.131031e-01	2.510577e-01	2.172881e-01	1.849355e-01	0.000000e+00	1	1.064897e-02
8.219127e-01	3.904646e-01	-1.302110e-01	-3.359526e-02	-1.811677e-01	-1.886059e-01	-1.542474e-01	0.000000e+00	1	1.062805e-02
5.458842e-01	7.110170e-01	4.949454e-02	8.112909e-02	6.568066e-02	4.336888e-02	1.299376e-02	0.000000e+00	1	1.061002e-02
9.146731e-01	1.789576e-01	-1.947408e-01	-2.112817e-01	-3.012284e-01	-2.770664e-01	-2.813448e-01	0.000000e+00	1	1.058794e-02
7.885307e-01	4.409211e-01	-6.741121e-02	-1.580531e-01	-1.064456e-01	-1.523315e-01	-5.924102e-02	0.000000e+00	1	1.058427e-02
9.498862e-01	7.816684e-02	-3.964627e-01	-3.089736e-01	-3.207399e-01	-3.217238e-01	-2.799958e-01	0.000000e+00	1	1.055987e-02
5.597153e-01	7.020082e-01	4.325401e-02	3.692741e-02	-9.125039e-03	9.971219e-02	4.744687e-02	0.000000e+00	1	1.053465e-02
9.212100e-01	1.586129e-01	-2.003444e-01	-3.064367e-01	-2.600155e-01	-2.770664e-01	-2.800380e-01	0.000000e+00	1	1.048000e-02
1.726968e-01	9.176812e-01	3.047923e-01	2.697838e-01	1.850146e-01	3.026460e-01	2.277353e-01	0.000000e+00	1	1.047306e-02
6.003891e-01	6.785311e-01	1.451696e-01	3.764733e-02	1.890628e-02	-4.132608e-02	-3.876038e-02	0.000000e+00	1	1.041408e-02
8.908125e-01	2.358178e-01	-2.089377e-01	-2.176748e-01	-1.972078e-01	-2.782963e-01	-1.855848e-01	0.000000e+00	1	1.040966e-02
3.385215e-01	8.466694e-01	1.770092e-01	1.909214e-01	2.024193e-01	7.348323e-02	1.733833e-01	0.000000e+00	1	1.034578e-02
2.466557e-01	8.878283e-01	2.439580e-01	1.302652e-01	2.380067e-01	2.282165e-01	2.241966e-01	0.000000e+00	1	1.027862e-02
6.037073e-01	6.647151e-01	-3.767910e-03	1.768751e-02	6.821694e-02	-3.986069e-02	5.117639e-02	0.000000e+00	1	1.023048e-02
5.276014e-01	7.278441e-01	6.525393e-02	7.236616e-02	2.086893e-02	2.740961e-02	1.223703e-01	0.000000e+00	1	1.021382e-02
8.544541e-01	3.216531e-01	-1.902688e-01	-1.986372e-01	-2.126729e-01	-8.885048e-02	-1.699914e-01	0.000000e+00	1	1.015407e-02
3.490032e-01	8.421908e-01	1.764603e-01	1.663045e-01	2.116842e-01	6.436092e-02	1.733833e-01	0.000000e+00	1	1.014524e-02
8.535978e-01	3.334856e-01	-1.158869e-01	-2.406443e-01	-7.626121e-02	-1.917609e-01	-2.227509e-01	0.000000e+00	1	1.008045e-02
4.752419e-01	7.669201e-01	3.804511e-02	1.506591e-01	4.559008e-02	9.727744e-02	1.221018e-01	0.000000e+00	1	1.006663e-02
3.215012e-01	8.537173e-01	2.301303e-01	1.206798e-01	1.431935e-01	1.610095e-01	2.027098e-01	0.000000e+00	1	1.006082e-02
7.310753e-01	5.202386e-01	-7.332324e-02	-3.381880e-02	-4.615119e-02	-1.044428e-01	-6.585526e-02	0.000000e+00	1	1.001958e-02
1.133507e-01	9.384403e-01	3.017126e-01	3.768622e-01	2.568919e-01	2.949886e-01	2.606899e-01	0.000000e+00	1	9.992623e-03
9.313112e-02	9.424867e-01	3.078092e-01	2.873751e-01	3.025199e-01	3.062797e-01	3.377748e-01	0.000000e+00	1	9.985476e-03
4.379499e-01	7.931639e-01	1.823360e-01	1.388163e-01	3.367709e-02	7.426904e-02	1.297311e-01	0.000000e+00	1	9.978132e-03
4.309310e-01	7.968931e-01	1.926151e-01	1.480550e-01	4.770471e-02	9.289918e-02	9.466386e-02	0.000000e+00	1	9.970416e-03
8.583455e-01	3.108338e-01	-1.066258e-01	-2.069983e-01	-1.720340e-01	-1.985044e-01	-2.002535e-01	0.000000e+00	1	9.959890e-03
9.513374e-01	7.351736e-02	-3.958581e-01	-3.288024e-01	-3.207399e-01	-3.217385e-01	-2.799958e-01	0.000000e+00	1	9.847704e-03
5.078341e-01	7.436786e-01	4.949454e-02	7.236616e-02	1.529811e-01	4.336888e-02	4.648302e-02	0.000000e+00	1	9.838464e-03
6.116526e-01	6.599039e-01	6.040250e-02	2.600292e-02	6.808381e-02	-4.175151e-02	-3.857190e-02	0.000000e+00	1	9.800377e-03
9.380611e-01	1.137177e-01	-3.645528e-01	-2.581419e-01	-2.591039e-01	-3.259391e-01	-2.797438e-01	0.000000e+00	1	9.788539e-03
7.334567e-01	5.159944e-01	-7.332324e-02	-5.041131e-02	-4.615119e-02	-9.774607e-02	-6.585526e-02	0.000000e+00	1	9.776302e-03
1.937221e-01	9.060750e-01	2.439580e-01	2.697708e-01	2.380067e-01	2.199118e-01	2.302012e-01	0.000000e+00	1	9.762883e-03
4.953548e-01	7.550923e-01	3.898894e-02	7.178115e-02	1.530230e-01	1.799147e-02	1.223703e-01	0.000000e+00	1	9.749135e-03
4.653093e-01	7.725389e-01	3.914221e-02	7.236616e-02	1.530230e-01	9.089538e-02	1.223703e-01	0.000000e+00	1	9.725680e-03
8.441093e-01	3.459639e-01	-1.929999e-01	-1.986372e-01	-2.126729e-01	-8.885048e-02	-1.084741e-01	0.000000e+00	1	9.698553e-03
2.545231e-01	8.874810e-01	1.774170e-01	2.387316e-01	2.563578e-01	1.179136e-01	2.666263e-01	0.000000e+00	1	9.624032e-03
3.919070e-01	8.234572e-01	1.770092e-01	1.909214e-01	2.005412e-01	7.279702e-02	5.010375e-02	0.000000e+00	1	9.513904e-03
7.042611e-01	5.526878e-01	-6.486856e-02	-3.384241e-02	-4.615119e-02	-3.404217e-02	-5.240573e-02	0.000000e+00	1	9.485654e-03
3.056849e-01	8.634659e-01	2.468518e-01	1.124006e-01	2.287855e-01	1.442291e-01	1.768910e-01	0.000000e+00	1	9.469648e-03
3.982955e-01	8.145961e-01	1.722218e-01	1.909214e-01	1.190546e-01	6.734181e-02	1.085518e-01	0.000000e+00	1	9.451527e-03
8.065719e-01	4.075281e-01	-1.394365e-01	-1.532199e-01	-1.071774e-01	-1.531064e-01	-7.282199e-02	0.000000e+00	1	9.446539e-03
1.458851e-01	9.295266e-01	2.052800e-01	3.768622e-01	2.568919e-01	2.949886e-01	2.606298e-01	0.000000e+00	1	9.329839e-03
2.599446e-01	8.798202e-01	2.241747e-01	1.858566e-01	1.609986e-01	2.149142e-01	2.302012e-01	0.000000e+00	1	9.318844e-03
7.909198e-01	4.358454e-01	-1.648007e-01	-9.058174e-02	-9.765792e-02	-5.932967e-02	-1.425161e-01	0.000000e+00	1	9.305711e-03
4.208971e-01	8.039423e-01	1.733668e-01	1.898734e-01	1.164801e-01	7.360112e-02	5.213382e-02	0.000000e+00	1	9.298701e-03
9.345505e-01	1.197168e-01	-3.345029e-01	-2.568353e-01	-2.636166e-01	-3.201125e-01	-2.777986e-01	0.000000e+00	1	9.235006e-03
3.538071e-01	8.373027e-01	1.794944e-01	2.050409e-01	1.239895e-01	1.642562e-01	9.821877e-02	0.000000e+00	1	9.233252e-03
9.560771e-01	6.543055e-02	-3.964627e-01	-3.089736e-01	-4.035927e-01	-3.202537e-01	-2.799958e-01	0.000000e+00	1	9.232842e-03
6.186932e-01	6.524767e-01	-9.977588e-03	-4.137006e-03	5.996201e-03	-3.553088e-02	9.551075e-02	0.000000e+00	1	9.203291e-03
8.382687e-01	3.689138e-01	-1.423748e-01	-2.571429e-01	-1.652147e-01	-1.618098e-01	-3.456297e-02	0.000000e+00	1	9.182129e-03
8.954306e-01	2.280516e-01	-2.089377e-01	-2.231417e-01	-1.972078e-01	-3.026404e-01	-1.855848e-01	0.000000e+00	1	9.127487e-03
4.880867e-01	7.572751e-01	3.987632e-02	3.553723e-02	1.336475e-01	9.086601e-02	1.172263e-01	0.000000e+00	1	9.039442e-03
2.113646e-01	8.988357e-01	2.439721e-01	2.394964e-01	2.134518e-01	2.199118e-01	2.311421e-01	0.000000e+00	1	9.019656e-03
1.177113e-01	9.370670e-01	3.273790e-01	3.404123e-01	3.059720e-01	2.874429e-01	2.148492e-01	0.000000e+00	1	8.977785e-03
3.601838e-01	8.356432e-01	1.745306e-01	1.131031e-01	2.313306e-01	1.066069e-01	1.342119e-01	0.000000e+00	1	8.959716e-03
9.589669e-01	6.340759e-02	-4.270974e-01	-2.571874e-01	-3.558573e-01	-3.133196e-01	-3.950705e-01	0.000000e+00	1	8.950671e-03
9.105222e-01	1.949158e-01	-1.985016e-01	-3.068601e-01	-3.100736e-01	-1.919603e-01	-2.207406e-01	0.000000e+00	1	8.923361e-03
6.004056e-01	6.683036e-01	4.135935e-02	8.119401e-02	2.002902e-02	-4.132608e-02	2.849339e-03	0.000000e+00	1	8.910854e-03
8.263350e-01	3.846198e-01	-1.329748e-01	-1.855661e-01	-1.720340e-01	-1.886059e-01	-2.803841e-02	0.000000e+00	1	8.905017e-03
8.048379e-01	4.122685e-01	-1.394365e-01	-1.580531e-01	-1.064456e-01	-1.531064e-01	-5.924102e-02	0.000000e+00	1	8.899974e-03
4.255338e-01	7.998903e-01	1.926404e-01	1.480550e-01	4.770471e-02	1.064615e-01	9.466386e-02	0.000000e+00	1	8.896010e-03
4.031121e-01	8.111542e-01	4.949454e-02	1.502216e-01	1.383584e-01	1.710575e-01	1.341840e-01	0.000000e+00	1	8.831250e-03
1.501656e-01	9.269854e-01	3.273790e-01	3.296816e-01	2.106019e-01	2.874429e-01	2.169357e-01	0.000000e+00	1	8.826351e-03
8.695298e-02	9.446454e-01	3.078092e-01	2.873751e-01	3.227790e-01	3.107216e-01	3.382552e-01	0.000000e+00	1	8.769903e-03
8.275811e-01	3.790179e-01	-1.821752e-01	-2.188701e-01	-7.326811e-02	-9.454871e-02	-1.474483e-01	0.000000e+00	1	8.730059e-03
3.137028e-01	8.558487e-01	1.794944e-01	1.944029e-01	1.239895e-01	1.628717e-01	2.115579e-01	0.000000e+00	1	8.721407e-03
7.867623e-01	4.520391e-01	-1.652191e-01	-9.058174e-02	-9.203586e-02	-8.273534e-03	-1.714880e-01	0.000000e+00	1	8.685253e-03
6.924038e-01	5.682376e-01	-7.965981e-03	-7.295234e-02	-4.362172e-02	-3.580496e-02	-2.921080e-02	0.000000e+00	1	8.554250e-03
9.736522e-01	1.824223e-02	-4.153621e-01	-4.295747e-01	-3.558573e-01	-3.556494e-01	-4.660566e-01	0.000000e+00	1	8.526112e-03
4.129298e-01	8.051357e-01	4.949454e-02	1.418933e-01	1.217923e-01	1.691426e-01	1.341840e-01	0.000000e+00	1	8.491714e-03
5.140921e-01	7.366943e-01	4.957210e-02	3.764733e-02	1.173779e-01	9.046735e-02	4.744687e-02	0.000000e+00	1	8.487474e-03
4.505897e-02	9.697748e-01	3.273790e-01	3.296814e-01	3.203041e-01	4.688512e-01	4.840553e-01	0.000000e+00	1	8.464381e-03
9.251000e-01	1.419899e-01	-2.660636e-01	-2.571429e-01	-2.937375e-01	-2.753744e-01	-2.708231e-01	0.000000e+00	1	8.457892e-03
4.113788e-01	8.107310e-01	1.811934e-01	1.407377e-01	2.960989e-02	9.779180e-02	1.849355e-01	0.000000e+00	1	8.247595e-03
7.099387e-01	5.461068e-01	-7.387746e-02	-3.381880e-02	-4.638612e-02	-3.405975e-02	-6.216873e-02	0.000000e+00	1	8.208432e-03
3.090557e-01	8.580109e-01	1.794944e-01	1.956686e-01	1.239895e-01	1.738270e-01	2.115579e-01	0.000000e+00	1	8.139934e-03
4.685510e-01	7.706488e-01	3.914221e-02	6.434047e-02	1.530230e-01	9.089538e-02	1.223703e-01	0.000000e+00	1	8.099793e-03
5.845955e-01	6.845363e-01	-3.554321e-02	2.600292e-02	-2.714227e-03	6.953385e-02	9.656727e-02	0.000000e+00	1	8.054433e-03
8.046170e-01	4.226910e-01	-6.741121e-02	-2.202185e-01	-1.064456e-01	-1.523315e-01	-5.924102e-02	0.000000e+00	1	8.053646e-03
2.637450e-02	9.736676e-01	5.087364e-01	4.197776e-01	3.370607e-01	3.760398e-01	3.765638e-01	0.000000e+00	1	8.010690e-03
6.632270e-01	6.043421e-01	4.143563e-02	-4.380874e-02	-4.923075e-02	-4.132608e-02	2.849339e-03	0.000000e+00	1	7.968163e-03
3.919883e-01	8.181787e-01	1.794944e-01	1.909214e-01	1.239895e-01	6.987431e-02	1.105489e-01	0.000000e+00	1	7.936793e-03
7.007165e-01	5.592499e-01	-7.338789e-02	-4.904988e-02	2.260608e-03	-3.404217e-02	-6.216873e-02	0.000000e+00	1	7.911563e-03
4.441634e-01	7.865991e-01	1.589835e-01	8.416210e-02	4.002890e-02	1.365979e-01	1.153755e-01	0.000000e+00	1	7.898421e-03
6.685849e-01	6.042413e-01	4.233150e-02	2.379938e-02	-1.061304e-01	-1.748278e-02	-4.170580e-02	0.000000e+00	1	7.879210e-03
4.978534e-01	7.483163e-01	4.957210e-02	3.677817e-02	1.173779e-01	9.046735e-02	9.192814e-02	0.000000e+00	1	7.868506e-03
9.687348e-01	2.939194e-02	-4.270974e-01	-4.295747e-01	-3.558573e-01	-3.128563e-01	-3.950705e-01	0.000000e+00	1	7.839475e-03
3.429574e-01	8.459370e-01	1.658810e-01	1.659413e-01	2.125366e-01	6.436092e-02	2.020712e-01	0.000000e+00	1	7.793486e-03
8.566810e-01	3.170417e-01	-1.929999e-01	-1.928530e-01	-2.134668e-01	-8.885048e-02	-1.846570e-01	0.000000e+00	1	7.652275e-03
2.709050e-01	8.757108e-01	2.241747e-01	1.587203e-01	1.609986e-01	2.149142e-01	2.302012e-01	0.000000e+00	1	7.651147e-03
5.025326e-01	7.471544e-01	6.087537e-02	7.236616e-02	1.529811e-01	4.336888e-02	4.872377e-02	0.000000e+00	1	7.614868e-03
2.145949e-02	9.741950e-01	5.087364e-01	3.860923e-01	3.685037e-01	3.918126e-01	3.771586e-01	0.000000e+00	1	7.611213e-03
4.793597e-01	7.621246e-01	4.828985e-02	6.398332e-02	1.330695e-01	1.252753e-01	6.726681e-02	0.000000e+00	1	7.595933e-03
5.527361e-01	7.051395e-01	5.875448e-02	2.600292e-02	6.256300e-02	6.753817e-02	1.805391e-02	0.000000e+00	1	7.532123e-03
6.123613e-01	6.545412e-01	4.135935e-02	3.764733e-02	2.002902e-02	-4.132608e-02	6.689374e-03	0.000000e+00	1	7.531484e-03
2.966628e-01	8.637970e-01	1.603052e-01	1.731624e-01	2.035618e-01	1.505020e-01	2.302012e-01	0.000000e+00	1	7.454364e-03
8.892544e-01	2.455762e-01	-1.996396e-01	-3.001690e-01	-1.600870e-01	-1.919603e-01	-2.207406e-01	0.000000e+00	1	7.393588e-03
7.807034e-01	4.591825e-01	-7.034834e-02	-2.082222e-01	-7.326811e-02	-9.454871e-02	-5.821313e-02	0.000000e+00	1	7.305234e-03
7.437742e-01	5.113204e-01	-1.051559e-02	-9.018494e-02	-4.159198e-02	-5.932967e-02	-1.593059e-01	0.000000e+00	1	7.136350e-03
9.128346e-01	1.836538e-01	-2.858799e-01	-2.459696e-01	-3.059878e-01	-1.919603e-01	-2.207406e-01	0.000000e+00	1	7.103753e-03
4.815556e-01	7.586396e-01	4.883799e-02	7.360710e-02	1.173779e-01	9.049672e-02	9.707211e-02	0.000000e+00	1	7.071191e-03
9.109013e-01	1.888414e-01	-2.500427e-01	-2.202185e-01	-1.923255e-01	-3.175348e-01	-2.545895e-01	0.000000e+00	1	7.058973e-03
8.024079e-01	4.253263e-01	-1.066258e-01	-9.841058e-02	-1.669702e-01	-3.008365e-02	-1.947149e-01	0.000000e+00	1	7.054331e-03
3.346362e-02	9.708260e-01	5.087364e-01	3.800530e-01	3.370607e-01	3.543928e-01	3.765638e-01	0.000000e+00	1	7.013997e-03
6.976933e-02	9.544558e-01	3.273790e-01	3.370342e-01	3.059720e-01	2.874429e-01	4.285858e-01	0.000000e+00	1	6.995083e-03
7.938526e-01	4.283557e-01	-1.394365e-01	-9.769582e-02	-1.070949e-01	-1.531064e-01	-7.282199e-02	0.000000e+00	1	6.924938e-03
5.910932e-01	6.789976e-01	-1.411491e-03	-5.053787e-02	5.478161e-02	8.809717e-02	4.437435e-02	0.000000e+00	1	6.906910e-03
5.122375e-01	7.379617e-01	4.957210e-02	3.792690e-02	1.173779e-01	9.090936e-02	5.155213e-02	0.000000e+00	1	6.893310e-03
7.857506e-01	4.548428e-01	-1.126380e-01	-3.572854e-02	-1.911476e-01	-3.436191e-02	-1.482085e-01	0.000000e+00	1	6.872119e-03
6.979261e-01	5.615541e-01	-1.671109e-02	-3.736152e-02	-3.525605e-02	-7.958949e-02	-3.935187e-02	0.000000e+00	1	6.852304e-03
2.597716e-01	8.824705e-01	2.462152e-01	1.302652e-01	2.380067e-01	2.282165e-01	1.860382e-01	0.000000e+00	1	6.808658e-03
9.190082e-01	1.624448e-01	-2.829166e-01	-2.571429e-01	-2.060844e-01	-2.770664e-01	-2.827314e-01	0.000000e+00	1	6.793975e-03
8.850608e-01	2.568413e-01	-1.599354e-01	-2.231417e-01	-1.861729e-01	-2.989405e-01	-1.752181e-01	0.000000e+00	1	6.771960e-03
8.872774e-01	2.464968e-01	-1.802429e-01	-2.525455e-01	-2.198816e-01	-2.522384e-01	-1.571138e-01	0.000000e+00	1	6.738142e-03
1.876830e-01	9.116704e-01	2.439580e-01	3.330988e-01	2.131857e-01	2.199118e-01	2.302012e-01	0.000000e+00	1	6.671549e-03
4.416273e-01	7.884264e-01	1.589835e-01	8.416210e-02	4.021686e-02	1.437621e-01	1.153755e-01	0.000000e+00	1	6.652062e-03
5.515291e-01	7.082871e-01	5.875448e-02	2.600292e-02	-2.714227e-03	6.753817e-02	9.083722e-02	0.000000e+00	1	6.627695e-03
2.709050e-01	8.757108e-01	2.241747e-01	1.587203e-01	1.609986e-01	2.149142e-01	2.302012e-01	0.000000e+00	1	6.597252e-03
3.683743e-02	9.706700e-01	4.959127e-01	3.193194e-01	3.844618e-01	4.248171e-01	3.273589e-01	0.000000e+00	1	6.592935e-03
8.870542e-01	2.563334e-01	-2.163622e-01	-2.154104e-01	-1.620246e-01	-3.115649e-01	-1.482085e-01	0.000000e+00	1	6.532166e-03
2.934220e-01	8.655049e-01	1.603052e-01	1.731624e-01	2.131857e-01	1.505020e-01	2.302012e-01	0.000000e+00	1	6.507126e-03
1.736019e-02	9.792678e-01	5.042059e-01	3.860923e-01	4.977283e-01	3.918126e-01	3.771586e-01	0.000000e+00	1	6.464447e-03
8.929838e-01	2.292889e-01	-2.500427e-01	-2.202185e-01	-1.923255e-01	-1.865097e-01	-2.545895e-01	0.000000e+00	1	6.444493e-03
7.079323e-01	5.482386e-01	-6.154554e-02	-3.381880e-02	-5.225043e-02	-3.404217e-02	-6.216873e-02	0.000000e+00	1	6.380946e-03
2.117885e-01	8.986690e-01	2.439580e-01	2.394964e-01	2.131857e-01	2.199118e-01	2.302012e-01	0.000000e+00	1	6.366082e-03
6.943879e-01	5.660846e-01	-1.250783e-02	-3.736152e-02	-2.714317e-02	-7.958949e-02	-3.935187e-02	0.000000e+00	1	6.353242e-03
5.890233e-01	6.804168e-01	-1.435805e-03	-4.632047e-02	5.478161e-02	8.809717e-02	4.548080e-02	0.000000e+00	1	6.266919e-03
8.617921e-01	3.030062e-01	-1.190008e-01	-2.281703e-01	-1.740074e-01	-1.886059e-01	-1.947149e-01	0.000000e+00	1	6.212547e-03
8.449888e-01	3.393282e-01	-2.166832e-01	-1.409144e-01	-1.615950e-01	-1.006578e-01	-1.905901e-01	0.000000e+00	1	6.063041e-03
1.882864e-01	9.112276e-01	2.439580e-01	3.298880e-01	2.131857e-01	2.199118e-01	2.302012e-01	0.000000e+00	1	6.057269e-03
7.949808e-01	4.265958e-01	-1.423398e-01	-9.941599e-02	-1.070949e-01	-1.532692e-01	-7.282199e-02	0.000000e+00	1	6.035743e-03
