9.736848e-01 1.795351e-02
1.484844e-02 9.800000e-01
9.648137e-01 5.697451e-02
7.673008e-01 4.713523e-01
2.204408e-01 8.956934e-01
2.365224e-01 8.891971e-01
6.259981e-02 9.640347e-01
9.687348e-01 2.939194e-02
8.385686e-01 3.515474e-01
8.800756e-01 2.745296e-01
7.619118e-01 4.818209e-01
6.530299e-01 6.147929e-01
8.199769e-02 9.481901e-01
8.999091e-01 2.186752e-01
7.594370e-01 4.911391e-01
6.867469e-01 5.748772e-01
6.467714e-01 6.250743e-01
7.770490e-01 4.601681e-01
8.753877e-01 2.859548e-01
5.721298e-01 6.931600e-01
6.286807e-01 6.376743e-01
2.814817e-01 8.740141e-01
7.256936e-01 5.274840e-01
7.538007e-01 5.005584e-01
1.998356e-01 9.040307e-01
6.207941e-01 6.452943e-01
5.409897e-01 7.181271e-01
1.257742e-01 9.336313e-01
4.569560e-01 7.777281e-01
1.031520e-01 9.416857e-01
1.376655e-01 9.323949e-01
6.802655e-01 5.829334e-01
3.276712e-01 8.505058e-01
9.440173e-01 9.606932e-02
9.459634e-01 8.844351e-02
9.032638e-01 2.088746e-01
9.420567e-01 1.084140e-01
9.281827e-01 1.352117e-01
6.764538e-01 5.888122e-01
4.790115e-02 9.654845e-01
6.723410e-01 5.983262e-01
5.368186e-01 7.266420e-01
3.659987e-01 8.322957e-01
7.194691e-01 5.338189e-01
8.812772e-01 2.635670e-01
5.255380e-01 7.349760e-01
8.147345e-01 4.040223e-01
3.747326e-01 8.271051e-01
9.313985e-01 1.248018e-01
7.149508e-01 5.394868e-01
6.976933e-02 9.544558e-01
1.645806e-01 9.204303e-01
4.517165e-01 7.833520e-01
8.694106e-01 2.892126e-01
8.659043e-01 2.979802e-01
5.669368e-01 6.991181e-01
9.053687e-01 2.004597e-01
5.781192e-01 6.849736e-01
1.776549e-01 9.133971e-01
1.565343e-01 9.232288e-01
6.386307e-01 6.268583e-01
3.799844e-01 8.244403e-01
9.169436e-01 1.674044e-01
8.335041e-01 3.750155e-01
7.466638e-01 5.033377e-01
6.356563e-01 6.348946e-01
8.195272e-01 3.982386e-01
6.599028e-01 6.108616e-01
9.246419e-01 1.479329e-01
2.900276e-01 8.696599e-01
8.219127e-01 3.904646e-01
5.458842e-01 7.110170e-01
9.146731e-01 1.789576e-01
7.885307e-01 4.409211e-01
9.498862e-01 7.816684e-02
5.597153e-01 7.020082e-01
9.212100e-01 1.586129e-01
1.726968e-01 9.176812e-01
6.003891e-01 6.785311e-01
8.908125e-01 2.358178e-01
3.385215e-01 8.466694e-01
2.466557e-01 8.878283e-01
6.037073e-01 6.647151e-01
5.276014e-01 7.278441e-01
8.544541e-01 3.216531e-01
3.490032e-01 8.421908e-01
8.535978e-01 3.334856e-01
4.752419e-01 7.669201e-01
3.215012e-01 8.537173e-01
7.310753e-01 5.202386e-01
1.133507e-01 9.384403e-01
9.313112e-02 9.424867e-01
4.379499e-01 7.931639e-01
4.309310e-01 7.968931e-01
8.583455e-01 3.108338e-01
9.513374e-01 7.351736e-02
5.078341e-01 7.436786e-01
6.116526e-01 6.599039e-01
9.380611e-01 1.137177e-01
7.334567e-01 5.159944e-01
1.937221e-01 9.060750e-01
4.953548e-01 7.550923e-01
4.653093e-01 7.725389e-01
8.441093e-01 3.459639e-01
2.545231e-01 8.874810e-01
3.919070e-01 8.234572e-01
7.042611e-01 5.526878e-01
3.056849e-01 8.634659e-01
3.982955e-01 8.145961e-01
8.065719e-01 4.075281e-01
1.458851e-01 9.295266e-01
2.599446e-01 8.798202e-01
7.909198e-01 4.358454e-01
4.208971e-01 8.039423e-01
9.345505e-01 1.197168e-01
3.538071e-01 8.373027e-01
9.560771e-01 6.543055e-02
6.186932e-01 6.524767e-01
8.382687e-01 3.689138e-01
8.954306e-01 2.280516e-01
4.880867e-01 7.572751e-01
2.113646e-01 8.988357e-01
1.177113e-01 9.370670e-01
3.601838e-01 8.356432e-01
9.589669e-01 6.340759e-02
9.105222e-01 1.949158e-01
6.004056e-01 6.683036e-01
8.263350e-01 3.846198e-01
8.048379e-01 4.122685e-01
4.255338e-01 7.998903e-01
4.031121e-01 8.111542e-01
1.501656e-01 9.269854e-01
8.695298e-02 9.446454e-01
8.275811e-01 3.790179e-01
3.137028e-01 8.558487e-01
7.867623e-01 4.520391e-01
6.924038e-01 5.682376e-01
9.736522e-01 1.824223e-02
4.129298e-01 8.051357e-01
5.140921e-01 7.366943e-01
4.505897e-02 9.697748e-01
9.251000e-01 1.419899e-01
4.113788e-01 8.107310e-01
7.099387e-01 5.461068e-01
3.090557e-01 8.580109e-01
4.685510e-01 7.706488e-01
5.845955e-01 6.845363e-01
8.046170e-01 4.226910e-01
2.637450e-02 9.736676e-01
6.632270e-01 6.043421e-01
3.919883e-01 8.181787e-01
7.007165e-01 5.592499e-01
4.441634e-01 7.865991e-01
6.685849e-01 6.042413e-01
4.978534e-01 7.483163e-01
9.687348e-01 2.939194e-02
3.429574e-01 8.459370e-01
8.566810e-01 3.170417e-01
2.709050e-01 8.757108e-01
5.025326e-01 7.471544e-01
2.145949e-02 9.741950e-01
4.793597e-01 7.621246e-01
5.527361e-01 7.051395e-01
6.123613e-01 6.545412e-01
2.966628e-01 8.637970e-01
8.892544e-01 2.455762e-01
7.807034e-01 4.591825e-01
7.437742e-01 5.113204e-01
9.128346e-01 1.836538e-01
4.815556e-01 7.586396e-01
9.109013e-01 1.888414e-01
8.024079e-01 4.253263e-01
3.346362e-02 9.708260e-01
6.976933e-02 9.544558e-01
7.938526e-01 4.283557e-01
5.910932e-01 6.789976e-01
5.122375e-01 7.379617e-01
7.857506e-01 4.548428e-01
6.979261e-01 5.615541e-01
2.597716e-01 8.824705e-01
9.190082e-01 1.624448e-01
8.850608e-01 2.568413e-01
8.872774e-01 2.464968e-01
1.876830e-01 9.116704e-01
4.416273e-01 7.884264e-01
5.515291e-01 7.082871e-01
2.709050e-01 8.757108e-01
3.683743e-02 9.706700e-01
8.870542e-01 2.563334e-01
2.934220e-01 8.655049e-01
1.736019e-02 9.792678e-01
8.929838e-01 2.292889e-01
7.079323e-01 5.482386e-01
2.117885e-01 8.986690e-01
6.943879e-01 5.660846e-01
5.890233e-01 6.804168e-01
8.617921e-01 3.030062e-01
8.449888e-01 3.393282e-01
1.882864e-01 9.112276e-01
7.949808e-01 4.265958e-01
