# This file contains stats about hypervolume
1 99980390.850043 
2 99983390.343576 
3 99985204.879820 
4 99985204.881658 
5 99989024.475746 
6 99992008.732073 
7 99993177.883732 
8 99994471.460985 
9 99995092.625673 
10 99996192.105897 
11 99998352.575900 
12 99998352.581832 
13 99998352.593231 
14 99998352.606787 
15 99998405.259148 
16 99998405.271966 
17 99998469.720457 
18 99998469.722211 
19 99998469.725515 
20 99998469.734294 
21 99998533.063152 
22 99998597.337180 
23 99998597.337472 
24 99998598.047328 
25 99999314.018527 
26 99999314.019727 
27 99999314.022145 
28 99999314.025206 
29 99999314.026431 
30 99999314.027561 
31 99999402.255932 
32 99999402.257107 
33 99999402.258676 
34 99999402.259705 
35 99999402.260753 
36 99999402.261551 
37 99999402.262014 
38 99999402.262336 
39 99999402.262525 
40 99999402.263059 
41 99999402.263458 
42 99999402.263998 
43 99999402.264147 
44 99999402.264840 
45 99999462.119020 
46 99999462.119163 
47 99999462.119242 
48 99999462.119835 
49 99999462.120047 
50 99999462.120252 
51 99999462.120407 
52 99999462.120752 
53 99999462.121080 
54 99999462.121304 
55 99999462.121822 
56 99999462.122212 
57 99999462.122780 
58 99999462.122966 
59 99999466.749926 
60 99999466.750173 
61 99999466.750630 
62 99999466.750873 
63 99999466.750971 
64 99999586.780718 
65 99999622.495802 
66 99999622.496042 
67 99999622.496131 
68 99999622.496312 
69 99999622.496401 
70 99999622.496538 
71 99999622.496768 
72 99999622.496848 
73 99999622.496983 
74 99999622.497021 
75 99999622.497080 
76 99999622.497251 
77 99999622.497329 
78 99999638.069106 
79 99999643.343290 
80 99999643.343369 
81 99999643.343526 
82 99999643.343647 
83 99999643.343732 
84 99999643.343763 
85 99999643.343790 
86 99999643.343785 
87 99999643.343807 
88 99999643.343876 
89 99999643.343921 
90 99999643.343977 
91 99999646.230981 
92 99999646.231042 
93 99999646.231206 
94 99999646.231225 
95 99999646.231319 
96 99999671.346438 
97 99999671.346516 
98 99999671.346526 
99 99999671.346566 
100 99999671.346603 
