# This file contains the data of final population
# of objectives = 2, # of constraints = 0, # of real_var = 5, # of bits of bin_var = 0, constr_violation, rank, crowding_distance
1.474584e-02	9.731557e-01	3.489977e-01	4.461532e-01	4.132461e-01	4.103808e-01	3.952741e-01	0.000000e+00	1	1.000000e+14
9.841891e-01	5.829171e-03	-4.225247e-01	-4.519061e-01	-5.159537e-01	-4.664118e-01	-4.582089e-01	0.000000e+00	1	1.000000e+14
4.782788e-01	7.641276e-01	1.067645e-01	9.982342e-02	9.135223e-02	1.329203e-01	1.291084e-02	0.000000e+00	1	2.927419e-02
3.856843e-01	8.180165e-01	1.068929e-01	1.290941e-01	1.197777e-01	1.462083e-01	1.781230e-01	0.000000e+00	1	2.919154e-02
9.181551e-01	1.636566e-01	-2.825262e-01	-2.532854e-01	-2.929186e-01	-2.222202e-01	-2.483245e-01	0.000000e+00	1	2.914060e-02
4.566843e-01	7.780255e-01	1.117685e-01	1.180924e-01	9.135223e-02	1.478690e-01	3.130964e-02	0.000000e+00	1	2.903177e-02
6.769930e-02	9.558822e-01	2.434088e-01	3.487250e-01	4.017680e-01	3.618841e-01	3.496581e-01	0.000000e+00	1	2.860371e-02
1.782915e-01	9.135007e-01	2.942444e-01	2.674547e-01	2.684586e-01	2.078585e-01	2.204704e-01	0.000000e+00	1	2.706338e-02
5.056670e-01	7.503085e-01	3.979315e-02	-1.834978e-02	1.023088e-01	1.423674e-01	1.156795e-01	0.000000e+00	1	2.634942e-02
3.587136e-01	8.408726e-01	1.117685e-01	8.285558e-02	1.258789e-01	2.094806e-01	2.491583e-01	0.000000e+00	1	2.629678e-02
4.606023e-02	9.653491e-01	2.570076e-01	4.288196e-01	3.704898e-01	3.971594e-01	3.998203e-01	0.000000e+00	1	2.596311e-02
2.507861e-01	8.830379e-01	2.323408e-01	1.743015e-01	2.117938e-01	2.093355e-01	2.104203e-01	0.000000e+00	1	2.581224e-02
1.568196e-01	9.233427e-01	3.186110e-01	2.983152e-01	2.954648e-01	2.077378e-01	2.203024e-01	0.000000e+00	1	2.482039e-02
8.729756e-01	2.775071e-01	-1.989449e-01	-2.090047e-01	-1.552281e-01	-2.454369e-01	-1.631405e-01	0.000000e+00	1	2.461132e-02
9.460645e-01	1.015122e-01	-3.165551e-01	-2.205386e-01	-2.845149e-01	-4.055398e-01	-3.453244e-01	0.000000e+00	1	2.431382e-02
2.277238e-01	8.921786e-01	2.323408e-01	2.306329e-01	2.130835e-01	2.040137e-01	2.205589e-01	0.000000e+00	1	2.429088e-02
3.053991e-01	8.616604e-01	2.316909e-01	1.858733e-01	2.091025e-01	1.116014e-01	1.637763e-01	0.000000e+00	1	2.383136e-02
8.645994e-01	3.015459e-01	-2.063907e-01	-2.048631e-01	-1.159592e-01	-2.457938e-01	-1.441344e-01	0.000000e+00	1	2.319672e-02
1.945492e-01	9.086316e-01	2.257790e-01	3.237004e-01	2.393252e-01	2.172458e-01	2.106516e-01	0.000000e+00	1	2.314550e-02
9.065750e-01	1.958619e-01	-2.549128e-01	-1.882461e-01	-2.800099e-01	-2.496316e-01	-2.305461e-01	0.000000e+00	1	2.281954e-02
4.152843e-01	8.003435e-01	1.117685e-01	1.173783e-01	9.252478e-02	1.478690e-01	1.311387e-01	0.000000e+00	1	2.263490e-02
9.127461e-01	1.810991e-01	-2.075662e-01	-2.852470e-01	-2.928314e-01	-2.496316e-01	-2.164418e-01	0.000000e+00	1	2.261915e-02
8.407020e-01	3.445387e-01	-2.063907e-01	-1.809367e-01	-1.337764e-01	-1.274973e-01	-1.421634e-01	0.000000e+00	1	2.260771e-02
8.840036e-01	2.527145e-01	-2.088461e-01	-2.334082e-01	-2.351202e-01	-1.424952e-01	-2.215163e-01	0.000000e+00	1	2.246906e-02
8.171370e-01	3.897747e-01	-1.595609e-01	-1.882781e-01	-1.156149e-01	-9.793924e-02	-1.122731e-01	0.000000e+00	1	2.243405e-02
9.686963e-01	2.532949e-02	-3.825728e-01	-3.395432e-01	-4.420708e-01	-3.953975e-01	-3.625194e-01	0.000000e+00	1	2.230759e-02
4.312131e-01	7.906966e-01	9.293473e-02	1.308224e-01	1.046005e-01	9.461911e-02	1.358843e-01	0.000000e+00	1	2.217790e-02
7.005933e-01	5.590481e-01	-7.888129e-02	-6.733230e-03	-3.903924e-02	-5.974345e-02	-3.201663e-02	0.000000e+00	1	2.188106e-02
8.468428e-01	3.338589e-01	-2.063907e-01	-2.081739e-01	-1.337764e-01	-1.312712e-01	-1.421634e-01	0.000000e+00	1	2.170972e-02
8.360519e-01	3.668295e-01	-5.299633e-02	-1.894976e-01	-1.228987e-01	-1.578263e-01	-2.321190e-01	0.000000e+00	1	2.169079e-02
6.214631e-01	6.443531e-01	2.245199e-02	-3.324548e-02	1.549011e-03	1.733809e-02	2.677521e-02	0.000000e+00	1	2.142024e-02
4.928750e-01	7.575017e-01	1.209933e-01	-1.973783e-02	9.205840e-02	9.592870e-02	1.231795e-01	0.000000e+00	1	2.126869e-02
7.775634e-01	4.627020e-01	-1.015336e-01	-1.136616e-02	-8.106367e-02	-1.642833e-01	-1.347564e-01	0.000000e+00	1	2.064356e-02
6.884569e-01	5.859565e-01	2.435293e-02	1.343691e-02	-1.064779e-01	1.733809e-02	-1.076532e-01	0.000000e+00	1	2.047222e-02
3.022813e-02	9.687224e-01	3.489977e-01	4.461532e-01	4.132461e-01	3.160822e-01	3.952741e-01	0.000000e+00	1	2.018583e-02
9.503313e-01	7.516097e-02	-3.376318e-01	-2.932457e-01	-2.823422e-01	-3.726548e-01	-3.488280e-01	0.000000e+00	1	1.991075e-02
6.590772e-01	6.073365e-01	-5.618156e-02	-4.571567e-03	-4.376553e-02	1.677537e-02	8.755957e-03	0.000000e+00	1	1.983760e-02
8.616669e-02	9.500298e-01	2.942444e-01	2.674547e-01	2.794299e-01	3.984656e-01	3.850321e-01	0.000000e+00	1	1.977904e-02
4.418184e-01	7.839132e-01	9.204604e-02	1.294271e-01	9.292591e-02	9.460123e-02	1.215091e-01	0.000000e+00	1	1.968660e-02
2.876451e-01	8.743078e-01	2.954083e-01	1.849950e-01	2.139684e-01	1.116014e-01	1.637763e-01	0.000000e+00	1	1.963562e-02
5.190415e-01	7.326341e-01	3.560280e-02	6.339411e-02	9.511543e-02	1.004380e-01	3.368371e-02	0.000000e+00	1	1.956099e-02
7.277582e-01	5.254010e-01	-6.007761e-02	-3.344933e-02	-8.127499e-02	-1.040565e-01	-3.183170e-02	0.000000e+00	1	1.941884e-02
3.263939e-01	8.519524e-01	2.157701e-01	1.402828e-01	1.197410e-01	1.455601e-01	2.256194e-01	0.000000e+00	1	1.896601e-02
3.524335e-01	8.427087e-01	2.316909e-01	1.086678e-01	2.091025e-01	7.783979e-02	1.637763e-01	0.000000e+00	1	1.870416e-02
9.331931e-01	1.245247e-01	-2.690239e-01	-3.409720e-01	-3.119973e-01	-2.679005e-01	-2.484350e-01	0.000000e+00	1	1.860843e-02
1.339685e-01	9.345827e-01	2.455627e-01	3.298966e-01	3.886045e-01	2.337382e-01	2.462139e-01	0.000000e+00	1	1.859914e-02
8.790955e-01	2.683960e-01	-1.920583e-01	-2.390450e-01	-2.387045e-01	-1.183217e-01	-2.182344e-01	0.000000e+00	1	1.850280e-02
8.003296e-01	4.303137e-01	-2.074121e-01	-2.318464e-02	-1.159592e-01	-9.539318e-02	-1.441344e-01	0.000000e+00	1	1.834303e-02
1.438365e-01	9.271398e-01	3.215276e-01	2.983152e-01	2.962829e-01	2.116014e-01	2.496456e-01	0.000000e+00	1	1.759550e-02
9.284519e-01	1.403936e-01	-2.690214e-01	-3.355963e-01	-3.122542e-01	-2.337866e-01	-2.391159e-01	0.000000e+00	1	1.733501e-02
8.930263e-01	2.388265e-01	-2.088461e-01	-2.334082e-01	-3.004744e-01	-1.389199e-01	-2.152982e-01	0.000000e+00	1	1.653798e-02
6.096736e-01	6.545407e-01	2.247485e-02	-4.654810e-03	1.535948e-03	1.733809e-02	3.156659e-02	0.000000e+00	1	1.649225e-02
6.520069e-01	6.150913e-01	-4.862006e-02	-4.777799e-03	-4.376553e-02	1.677537e-02	2.402603e-02	0.000000e+00	1	1.631343e-02
8.062008e-01	4.075890e-01	-1.196716e-01	-1.805223e-01	-1.156944e-01	-9.537993e-02	-1.133652e-01	0.000000e+00	1	1.600134e-02
5.509971e-01	7.174767e-01	3.472252e-02	-2.787966e-02	9.135223e-02	1.478690e-01	1.291084e-02	0.000000e+00	1	1.592658e-02
5.837942e-01	6.858451e-01	2.355906e-02	-1.856376e-02	1.535948e-03	1.251704e-01	2.554617e-02	0.000000e+00	1	1.558863e-02
9.561942e-01	7.309937e-02	-2.498610e-01	-2.951941e-01	-4.216264e-01	-3.941585e-01	-3.453244e-01	0.000000e+00	1	1.511623e-02
3.312596e-01	8.507718e-01	2.228697e-01	1.292413e-01	1.114326e-01	1.472266e-01	2.277101e-01	0.000000e+00	1	1.508838e-02
7.852777e-01	4.485786e-01	-8.101544e-02	-2.469395e-02	-1.552456e-01	-1.259036e-01	-1.403803e-01	0.000000e+00	1	1.466797e-02
6.722286e-01	5.968900e-01	3.310602e-02	-3.346414e-02	-3.754649e-02	-9.056753e-02	1.281543e-02	0.000000e+00	1	1.462036e-02
9.576905e-01	5.325939e-02	-3.401394e-01	-3.425052e-01	-3.214266e-01	-4.085600e-01	-3.248006e-01	0.000000e+00	1	1.448821e-02
9.638931e-01	4.712541e-02	-3.382412e-01	-2.951941e-01	-4.567433e-01	-3.941585e-01	-3.453244e-01	0.000000e+00	1	1.440105e-02
5.537161e-01	7.065748e-01	3.992303e-02	-5.294132e-03	6.307114e-02	9.593542e-02	4.077860e-02	0.000000e+00	1	1.439489e-02
2.668527e-01	8.766348e-01	2.331405e-01	1.763904e-01	2.091025e-01	2.112667e-01	1.663786e-01	0.000000e+00	1	1.432999e-02
1.042961e-01	9.429976e-01	2.942444e-01	3.366392e-01	2.715511e-01	3.915870e-01	2.458000e-01	0.000000e+00	1	1.432588e-02
8.258786e-01	3.717118e-01	-1.586105e-01	-1.809367e-01	-1.337764e-01	-1.018694e-01	-1.421634e-01	0.000000e+00	1	1.403004e-02
5.950071e-01	6.746837e-01	2.247526e-02	-3.324548e-02	1.136428e-03	1.053234e-01	2.677521e-02	0.000000e+00	1	1.388324e-02
8.217584e-01	3.797105e-01	-1.553563e-01	-1.868180e-01	-1.229607e-01	-1.197120e-01	-1.122731e-01	0.000000e+00	1	1.384510e-02
9.772837e-01	1.732940e-02	-4.222158e-01	-4.404143e-01	-3.194006e-01	-4.664118e-01	-4.574825e-01	0.000000e+00	1	1.372616e-02
6.735007e-01	5.934432e-01	-5.901078e-02	-2.880687e-02	-6.911812e-02	1.677537e-02	1.757034e-02	0.000000e+00	1	1.371719e-02
5.707004e-01	7.043791e-01	9.666159e-02	-4.777799e-03	-4.376553e-02	1.702526e-02	1.434128e-01	0.000000e+00	1	1.368505e-02
8.056420e-01	4.092619e-01	-1.201362e-01	-1.813800e-01	-1.228987e-01	-8.486549e-02	-1.121626e-01	0.000000e+00	1	1.362133e-02
4.044981e-01	8.078306e-01	1.099663e-01	1.290941e-01	1.186944e-01	9.638555e-02	1.781230e-01	0.000000e+00	1	1.357879e-02
7.406675e-01	5.122343e-01	-7.889912e-02	-2.469395e-02	-2.927247e-02	-7.989859e-02	-1.403803e-01	0.000000e+00	1	1.346383e-02
7.127708e-01	5.438472e-01	-7.888129e-02	-2.210398e-02	-3.903924e-02	-8.094698e-02	-3.760035e-02	0.000000e+00	1	1.318922e-02
9.910844e-02	9.489571e-01	2.934731e-01	3.023569e-01	4.288941e-01	2.193149e-01	3.607417e-01	0.000000e+00	1	1.298524e-02
8.589652e-01	3.084050e-01	-2.170187e-01	-2.156975e-01	-1.595417e-01	-1.296182e-01	-1.669575e-01	0.000000e+00	1	1.283809e-02
7.703320e-01	4.741924e-01	-7.156458e-02	-1.136616e-02	-8.106367e-02	-1.642833e-01	-1.347564e-01	0.000000e+00	1	1.269436e-02
5.229212e-01	7.296812e-01	3.101910e-02	6.339411e-02	9.444912e-02	9.541230e-02	3.329166e-02	0.000000e+00	1	1.266101e-02
5.739441e-01	6.956270e-01	2.347054e-02	-3.324548e-02	1.149491e-03	1.116123e-01	8.501988e-02	0.000000e+00	1	1.254302e-02
7.103636e-01	5.470262e-01	-7.682403e-02	-1.822503e-02	-3.654533e-02	-8.094698e-02	-3.745552e-02	0.000000e+00	1	1.242487e-02
9.007324e-01	2.132595e-01	-2.075834e-01	-1.882461e-01	-2.953064e-01	-2.496316e-01	-2.164418e-01	0.000000e+00	1	1.232203e-02
8.990244e-01	2.231477e-01	-2.489331e-01	-2.941492e-01	-2.351202e-01	-1.408833e-01	-2.215163e-01	0.000000e+00	1	1.216788e-02
5.355796e-01	7.246414e-01	4.618811e-02	-1.186299e-02	1.217637e-01	9.935224e-02	3.676610e-02	0.000000e+00	1	1.189966e-02
7.594408e-01	4.872955e-01	-6.280486e-02	-1.320829e-02	-1.246467e-01	-7.922203e-02	-1.431450e-01	0.000000e+00	1	1.181300e-02
5.390203e-01	7.227235e-01	3.684967e-02	-5.294132e-03	6.415437e-02	1.457582e-01	4.270192e-02	0.000000e+00	1	1.165508e-02
2.635340e-01	8.779729e-01	2.316909e-01	1.827078e-01	2.091025e-01	2.150205e-01	1.663786e-01	0.000000e+00	1	1.159617e-02
6.881331e-01	5.862217e-01	2.435293e-02	1.343691e-02	-1.055388e-01	1.733809e-02	-1.076532e-01	0.000000e+00	1	1.158364e-02
7.467221e-01	5.048127e-01	-5.202456e-02	1.671820e-03	-1.156944e-01	-9.537993e-02	-1.133652e-01	0.000000e+00	1	1.157695e-02
7.594408e-01	4.872955e-01	-6.280486e-02	-1.320829e-02	-1.246467e-01	-7.922203e-02	-1.431450e-01	0.000000e+00	1	1.157327e-02
5.882762e-01	6.797692e-01	2.355909e-02	-1.802118e-02	1.149491e-03	1.070601e-01	2.673953e-02	0.000000e+00	1	1.155231e-02
6.406875e-01	6.255099e-01	2.245208e-02	-3.358987e-02	1.535948e-03	1.721721e-02	-3.074344e-02	0.000000e+00	1	1.152765e-02
4.020368e-01	8.133953e-01	9.293473e-02	1.371127e-01	1.046005e-01	9.461911e-02	2.217287e-01	0.000000e+00	1	1.150133e-02
2.149934e-01	9.053440e-01	2.943634e-01	2.980263e-01	1.254857e-01	2.150473e-01	2.496456e-01	0.000000e+00	1	1.137380e-02
7.878112e-01	4.445499e-01	-3.663643e-02	-1.813800e-01	-1.228987e-01	-8.486549e-02	-1.121626e-01	0.000000e+00	1	1.135763e-02
7.224582e-01	5.335778e-01	-6.007761e-02	-1.295593e-02	-8.127499e-02	-1.040565e-01	-3.183170e-02	0.000000e+00	1	1.130947e-02
7.021450e-01	5.572824e-01	-7.723533e-02	-6.733230e-03	-3.903924e-02	-6.652813e-02	-3.201663e-02	0.000000e+00	1	1.125315e-02
6.428775e-01	6.227331e-01	2.244692e-02	-3.359229e-02	1.149491e-03	3.659096e-03	-2.433882e-02	0.000000e+00	1	1.122335e-02
8.956442e-01	2.323345e-01	-2.075289e-01	-2.334082e-01	-3.068946e-01	-1.461971e-01	-2.215163e-01	0.000000e+00	1	1.119776e-02
1.217361e-01	9.410706e-01	2.559534e-01	3.539257e-01	4.139571e-01	2.337382e-01	2.526695e-01	0.000000e+00	1	1.108355e-02
