1.474584e-02 9.731557e-01
9.841891e-01 5.829171e-03
4.782788e-01 7.641276e-01
3.856843e-01 8.180165e-01
9.181551e-01 1.636566e-01
4.566843e-01 7.780255e-01
6.769930e-02 9.558822e-01
1.782915e-01 9.135007e-01
5.056670e-01 7.503085e-01
3.587136e-01 8.408726e-01
4.606023e-02 9.653491e-01
2.507861e-01 8.830379e-01
1.568196e-01 9.233427e-01
8.729756e-01 2.775071e-01
9.460645e-01 1.015122e-01
2.277238e-01 8.921786e-01
3.053991e-01 8.616604e-01
8.645994e-01 3.015459e-01
1.945492e-01 9.086316e-01
9.065750e-01 1.958619e-01
4.152843e-01 8.003435e-01
9.127461e-01 1.810991e-01
8.407020e-01 3.445387e-01
8.840036e-01 2.527145e-01
8.171370e-01 3.897747e-01
9.686963e-01 2.532949e-02
4.312131e-01 7.906966e-01
7.005933e-01 5.590481e-01
8.468428e-01 3.338589e-01
8.360519e-01 3.668295e-01
6.214631e-01 6.443531e-01
4.928750e-01 7.575017e-01
7.775634e-01 4.627020e-01
6.884569e-01 5.859565e-01
3.022813e-02 9.687224e-01
9.503313e-01 7.516097e-02
6.590772e-01 6.073365e-01
8.616669e-02 9.500298e-01
4.418184e-01 7.839132e-01
2.876451e-01 8.743078e-01
5.190415e-01 7.326341e-01
7.277582e-01 5.254010e-01
3.263939e-01 8.519524e-01
3.524335e-01 8.427087e-01
9.331931e-01 1.245247e-01
1.339685e-01 9.345827e-01
8.790955e-01 2.683960e-01
8.003296e-01 4.303137e-01
1.438365e-01 9.271398e-01
9.284519e-01 1.403936e-01
8.930263e-01 2.388265e-01
6.096736e-01 6.545407e-01
6.520069e-01 6.150913e-01
8.062008e-01 4.075890e-01
5.509971e-01 7.174767e-01
5.837942e-01 6.858451e-01
9.561942e-01 7.309937e-02
3.312596e-01 8.507718e-01
7.852777e-01 4.485786e-01
6.722286e-01 5.968900e-01
9.576905e-01 5.325939e-02
9.638931e-01 4.712541e-02
5.537161e-01 7.065748e-01
2.668527e-01 8.766348e-01
1.042961e-01 9.429976e-01
8.258786e-01 3.717118e-01
5.950071e-01 6.746837e-01
8.217584e-01 3.797105e-01
9.772837e-01 1.732940e-02
6.735007e-01 5.934432e-01
5.707004e-01 7.043791e-01
8.056420e-01 4.092619e-01
4.044981e-01 8.078306e-01
7.406675e-01 5.122343e-01
7.127708e-01 5.438472e-01
9.910844e-02 9.489571e-01
8.589652e-01 3.084050e-01
7.703320e-01 4.741924e-01
5.229212e-01 7.296812e-01
5.739441e-01 6.956270e-01
7.103636e-01 5.470262e-01
9.007324e-01 2.132595e-01
8.990244e-01 2.231477e-01
5.355796e-01 7.246414e-01
7.594408e-01 4.872955e-01
5.390203e-01 7.227235e-01
2.635340e-01 8.779729e-01
6.881331e-01 5.862217e-01
7.467221e-01 5.048127e-01
7.594408e-01 4.872955e-01
5.882762e-01 6.797692e-01
6.406875e-01 6.255099e-01
4.020368e-01 8.133953e-01
2.149934e-01 9.053440e-01
7.878112e-01 4.445499e-01
7.224582e-01 5.335778e-01
7.021450e-01 5.572824e-01
6.428775e-01 6.227331e-01
8.956442e-01 2.323345e-01
1.217361e-01 9.410706e-01
