# This file contains stats about hypervolume
1 99980390.850043 
2 99980623.616773 
3 99984367.499258 
4 99986435.394995 
5 99989136.922902 
6 99989136.950884 
7 99991302.691089 
8 99994272.877033 
9 99994502.959562 
10 99996492.418567 
11 99997115.806199 
12 99997611.203878 
13 99998351.682331 
14 99998464.076061 
15 99998464.083378 
16 99998757.188183 
17 99998968.714253 
18 99998986.658834 
19 99998986.663270 
20 99999056.555793 
21 99999056.560540 
22 99999071.829358 
23 99999184.418269 
24 99999184.421910 
25 99999184.424004 
26 99999184.426371 
27 99999184.427514 
28 99999184.429828 
29 99999217.212809 
30 99999217.213797 
31 99999217.214627 
32 99999217.215463 
33 99999217.215854 
34 99999217.216277 
35 99999217.217231 
36 99999217.217318 
37 99999217.217836 
38 99999217.217889 
39 99999217.217874 
40 99999217.217917 
41 99999217.218556 
42 99999217.218809 
43 99999217.218829 
44 99999217.218710 
45 99999217.218895 
46 99999217.219079 
47 99999278.085810 
48 99999337.202652 
49 99999337.202823 
50 99999351.153018 
51 99999351.153021 
52 99999351.153073 
53 99999353.845760 
54 99999353.845909 
55 99999353.846448 
56 99999353.846593 
57 99999353.846496 
58 99999353.846496 
59 99999353.846853 
60 99999353.846962 
61 99999353.847368 
62 99999357.602460 
63 99999491.505995 
64 99999491.505989 
65 99999491.505918 
66 99999505.312706 
67 99999505.312710 
68 99999533.781943 
69 99999541.621659 
70 99999541.621669 
71 99999541.621637 
72 99999541.621473 
73 99999541.621563 
74 99999541.621446 
75 99999554.361937 
76 99999554.361928 
77 99999554.362215 
78 99999567.576124 
79 99999567.575864 
80 99999567.576044 
81 99999567.575783 
82 99999567.575440 
83 99999772.874613 
84 99999772.874358 
85 99999772.874333 
86 99999772.874544 
87 99999772.874530 
88 99999772.874385 
89 99999772.874214 
90 99999772.874245 
91 99999772.874249 
92 99999773.114726 
93 99999773.114706 
94 99999793.588021 
95 99999793.587720 
96 99999793.587556 
97 99999793.601468 
98 99999793.601351 
99 99999793.601339 
100 99999793.601314 
101 99999793.601330 
102 99999793.601246 
103 99999793.601498 
104 99999793.601333 
105 99999793.601147 
106 99999849.376157 
107 99999856.114109 
108 99999856.113679 
109 99999856.113735 
110 99999856.113927 
111 99999856.113791 
112 99999856.113664 
113 99999856.113733 
114 99999856.113538 
115 99999856.113658 
116 99999856.113934 
117 99999856.114026 
118 99999856.114051 
119 99999856.113882 
120 99999856.113935 
121 99999856.113801 
122 99999856.113616 
123 99999856.113627 
124 99999856.113362 
125 99999860.376734 
126 99999860.376735 
127 99999860.376933 
128 99999860.376919 
129 99999860.377204 
130 99999860.377227 
131 99999904.107020 
132 99999904.106671 
133 99999904.106560 
134 99999904.106403 
135 99999904.106696 
136 99999904.106891 
137 99999904.106914 
138 99999904.106954 
139 99999904.106797 
140 99999904.106975 
141 99999904.106651 
142 99999904.106757 
143 99999904.106829 
144 99999904.106599 
145 99999904.106408 
146 99999904.106394 
147 99999904.106366 
148 99999904.106425 
149 99999904.106446 
150 99999904.106149 
151 99999904.106082 
152 99999904.105262 
153 99999904.104848 
154 99999904.105236 
155 99999904.105289 
156 99999913.624197 
157 99999913.676563 
158 99999916.036955 
159 99999916.036792 
160 99999916.036918 
161 99999916.036859 
162 99999916.036777 
163 99999916.036860 
164 99999916.037265 
165 99999918.945199 
166 99999918.945168 
167 99999918.945195 
168 99999918.945236 
169 99999918.945276 
170 99999918.945184 
171 99999918.945402 
172 99999918.945577 
173 99999918.945433 
174 99999918.945295 
175 99999918.945297 
176 99999918.945503 
177 99999918.945266 
178 99999918.945359 
179 99999920.425896 
180 99999920.426078 
181 99999920.425865 
182 99999925.598254 
183 99999925.598324 
184 99999925.793418 
185 99999925.793601 
186 99999925.793430 
187 99999925.793626 
188 99999925.793485 
189 99999925.793632 
190 99999926.308510 
191 99999926.308333 
192 99999926.308614 
193 99999934.759961 
194 99999934.759698 
195 99999934.760047 
196 99999934.760052 
197 99999934.759995 
198 99999934.759852 
199 99999934.760111 
200 99999934.759918 
201 99999934.759998 
202 99999934.759860 
203 99999938.033473 
204 99999938.033478 
205 99999938.033803 
206 99999938.033764 
207 99999938.033638 
208 99999938.033231 
209 99999938.033059 
210 99999938.033164 
211 99999938.033189 
212 99999938.033086 
213 99999938.033225 
214 99999938.033512 
215 99999938.033683 
216 99999938.033922 
217 99999938.033824 
218 99999939.589845 
219 99999943.647742 
220 99999957.239497 
221 99999977.733746 
222 99999977.734009 
223 99999977.733838 
224 99999977.733892 
225 99999977.733969 
226 99999977.733937 
227 99999977.733630 
228 99999977.733553 
229 99999977.733929 
230 99999977.734028 
231 99999977.734107 
232 99999977.733905 
233 99999977.733891 
234 99999977.733706 
235 99999977.734071 
236 99999977.734408 
237 99999977.734310 
238 99999977.734239 
239 99999977.734150 
240 99999977.734225 
241 99999977.734202 
242 99999977.734286 
243 99999977.739840 
244 99999977.739808 
245 99999977.739933 
246 99999977.739831 
247 99999977.739738 
248 99999977.739448 
249 99999977.739079 
250 99999977.739030 
