# This file contains the data of final population
# of objectives = 2, # of constraints = 0, # of real_var = 5, # of bits of bin_var = 0, constr_violation, rank, crowding_distance
9.819607e-01	4.465216e-05	-4.456135e-01	-4.478140e-01	-4.496244e-01	-4.484018e-01	-4.530880e-01	0.000000e+00	1	1.000000e+14
2.453057e-05	9.815696e-01	4.454536e-01	4.471984e-01	4.445144e-01	4.503133e-01	4.450830e-01	0.000000e+00	1	1.000000e+14
8.594174e-01	3.025417e-01	-1.675242e-01	-1.697600e-01	-1.714533e-01	-1.854539e-01	-2.011567e-01	0.000000e+00	1	8.890134e-03
7.645102e-01	4.710133e-01	-9.487034e-02	-9.177016e-02	-1.019822e-01	-9.200049e-02	-7.178692e-02	0.000000e+00	1	8.757486e-03
7.881440e-01	4.345964e-01	-9.681531e-02	-1.078000e-01	-9.600571e-02	-1.197627e-01	-1.283659e-01	0.000000e+00	1	8.410997e-03
6.933512e-01	5.671997e-01	-2.213529e-02	-4.746660e-02	-1.067125e-02	-3.889166e-02	-7.345741e-02	0.000000e+00	1	7.960549e-03
7.677945e-01	4.659507e-01	-8.401824e-02	-8.454269e-02	-1.021867e-01	-9.149719e-02	-1.033410e-01	0.000000e+00	1	7.065185e-03
7.840014e-01	4.416405e-01	-1.016384e-01	-8.514310e-02	-9.600571e-02	-1.197627e-01	-1.283659e-01	0.000000e+00	1	7.060040e-03
6.977638e-01	5.611853e-01	-1.436506e-02	-3.111738e-02	-5.444773e-02	-6.080588e-02	-4.770372e-02	0.000000e+00	1	7.045498e-03
3.673507e-01	8.266118e-01	1.419301e-01	1.333880e-01	1.418276e-01	1.495198e-01	1.569165e-01	0.000000e+00	1	6.925134e-03
7.608832e-01	4.762338e-01	-9.862350e-02	-9.089026e-02	-8.167729e-02	-9.167062e-02	-7.545989e-02	0.000000e+00	1	6.684081e-03
9.661206e-01	2.758013e-02	-3.400559e-01	-3.690966e-01	-4.006356e-01	-3.774345e-01	-3.893868e-01	0.000000e+00	1	6.672737e-03
5.527587e-01	7.038891e-01	4.946507e-02	3.451647e-02	5.419735e-02	4.583632e-02	4.650330e-02	0.000000e+00	1	6.623833e-03
1.797655e-01	9.109861e-01	2.543854e-01	2.355079e-01	2.582895e-01	2.442389e-01	2.490422e-01	0.000000e+00	1	6.583381e-03
8.813237e-01	2.534484e-01	-1.941484e-01	-1.967149e-01	-2.053594e-01	-2.186335e-01	-2.132122e-01	0.000000e+00	1	6.524569e-03
6.596579e-01	6.038684e-01	-2.902965e-02	-2.653092e-02	-1.636357e-02	-4.409982e-03	-8.522062e-03	0.000000e+00	1	6.440935e-03
9.411046e-01	9.584764e-02	-2.949584e-01	-3.100083e-01	-3.088391e-01	-3.076404e-01	-3.053606e-01	0.000000e+00	1	6.339962e-03
7.171141e-01	5.412362e-01	-8.690262e-02	-9.109418e-02	-1.908529e-02	-4.409982e-03	-6.878818e-02	0.000000e+00	1	6.314535e-03
8.524103e-01	3.168207e-01	-1.675242e-01	-1.697600e-01	-1.699170e-01	-1.882339e-01	-1.611586e-01	0.000000e+00	1	6.289966e-03
1.767768e-03	9.801749e-01	4.454536e-01	4.054428e-01	4.445144e-01	4.503133e-01	4.450830e-01	0.000000e+00	1	6.102113e-03
9.012349e-01	2.053671e-01	-2.267755e-01	-2.289223e-01	-2.456528e-01	-2.164996e-01	-2.477763e-01	0.000000e+00	1	6.089822e-03
9.396652e-01	1.020953e-01	-3.053385e-01	-3.113510e-01	-2.632083e-01	-3.237699e-01	-3.057644e-01	0.000000e+00	1	6.080202e-03
3.849652e-01	8.173548e-01	1.620315e-01	1.216039e-01	1.252033e-01	1.330413e-01	1.368412e-01	0.000000e+00	1	6.061061e-03
2.638877e-01	8.775276e-01	1.852495e-01	2.220589e-01	1.742771e-01	2.262600e-01	1.947498e-01	0.000000e+00	1	6.049763e-03
5.581970e-01	7.008767e-01	2.954419e-02	7.632130e-02	1.159057e-02	5.208409e-02	4.848097e-02	0.000000e+00	1	6.030945e-03
3.797499e-01	8.201158e-01	1.620315e-01	1.348391e-01	1.252033e-01	1.330413e-01	1.368412e-01	0.000000e+00	1	6.025798e-03
7.689597e-02	9.481816e-01	2.893044e-01	3.342724e-01	3.249728e-01	3.199208e-01	3.414968e-01	0.000000e+00	1	5.957805e-03
1.022919e-01	9.392275e-01	3.202035e-01	2.882985e-01	3.177262e-01	2.929646e-01	2.860769e-01	0.000000e+00	1	5.908911e-03
8.084784e-01	4.012542e-01	-1.358640e-01	-1.261789e-01	-1.544382e-01	-9.918897e-02	-1.215180e-01	0.000000e+00	1	5.885006e-03
2.754659e-01	8.717673e-01	1.848082e-01	2.155843e-01	1.899278e-01	1.850944e-01	1.926253e-01	0.000000e+00	1	5.877798e-03
9.642003e-01	3.211890e-02	-3.400142e-01	-3.570194e-01	-3.710215e-01	-3.945203e-01	-3.805990e-01	0.000000e+00	1	5.870946e-03
1.991245e-01	9.043380e-01	2.193627e-01	2.675271e-01	2.312220e-01	2.573638e-01	2.123709e-01	0.000000e+00	1	5.647753e-03
9.622819e-01	3.931608e-02	-3.695477e-01	-3.104946e-01	-3.931071e-01	-3.710528e-01	-3.656184e-01	0.000000e+00	1	5.629827e-03
5.335186e-01	7.193338e-01	4.901706e-02	4.580239e-02	5.394608e-02	6.576597e-02	6.947824e-02	0.000000e+00	1	5.609644e-03
6.381677e-01	6.264519e-01	-3.356209e-03	-2.361851e-02	7.574151e-03	-1.829178e-03	3.416251e-03	0.000000e+00	1	5.580720e-03
4.581150e-01	7.734208e-01	9.832111e-02	1.046283e-01	8.167632e-02	1.217670e-01	8.104725e-02	0.000000e+00	1	5.577362e-03
7.187709e-01	5.351668e-01	-9.019558e-02	-5.233542e-02	-3.938000e-02	-5.117566e-02	-4.782432e-02	0.000000e+00	1	5.553207e-03
8.263376e-01	3.690489e-01	-1.467765e-01	-1.745603e-01	-1.370189e-01	-1.201700e-01	-1.426708e-01	0.000000e+00	1	5.535237e-03
7.024088e-01	5.547888e-01	-5.844605e-02	-4.331234e-02	-4.737882e-02	-2.822609e-02	-4.782432e-02	0.000000e+00	1	5.478191e-03
4.679531e-01	7.667561e-01	7.309183e-02	1.118203e-01	9.221801e-02	9.879549e-02	8.506602e-02	0.000000e+00	1	5.424095e-03
8.552195e-01	3.128695e-01	-1.672916e-01	-1.745762e-01	-1.381105e-01	-1.894252e-01	-2.011567e-01	0.000000e+00	1	5.376970e-03
7.382802e-01	5.084171e-01	-7.392150e-02	-5.530528e-02	-6.972618e-02	-8.531802e-02	-6.810890e-02	0.000000e+00	1	5.353225e-03
8.180781e-01	3.862032e-01	-1.222892e-01	-1.551110e-01	-1.589107e-01	-1.550772e-01	-8.842478e-02	0.000000e+00	1	5.347205e-03
9.855648e-02	9.410507e-01	3.237787e-01	2.666894e-01	3.139359e-01	2.931772e-01	3.270365e-01	0.000000e+00	1	5.332358e-03
7.819786e-01	4.441672e-01	-9.928576e-02	-1.078000e-01	-9.002639e-02	-1.197627e-01	-1.062947e-01	0.000000e+00	1	5.300949e-03
1.068522e-01	9.377434e-01	3.172164e-01	2.892613e-01	3.178630e-01	2.785174e-01	2.860769e-01	0.000000e+00	1	5.253092e-03
7.301374e-01	5.195496e-01	-5.496144e-02	-5.342135e-02	-7.829883e-02	-7.825982e-02	-5.750588e-02	0.000000e+00	1	5.215495e-03
8.626455e-01	2.955400e-01	-1.876244e-01	-1.683161e-01	-1.713671e-01	-1.854539e-01	-2.011567e-01	0.000000e+00	1	5.210488e-03
9.475518e-01	7.721248e-02	-3.326965e-01	-3.155457e-01	-3.150628e-01	-3.211091e-01	-3.186076e-01	0.000000e+00	1	5.203178e-03
7.785424e-01	4.492641e-01	-9.392479e-02	-1.060756e-01	-1.013431e-01	-9.900355e-02	-1.089310e-01	0.000000e+00	1	5.181572e-03
6.652465e-02	9.512994e-01	3.298743e-01	3.399110e-01	3.217739e-01	3.199025e-01	3.394401e-01	0.000000e+00	1	5.141272e-03
9.040406e-01	1.983452e-01	-2.348117e-01	-2.536148e-01	-2.442457e-01	-2.149394e-01	-2.390433e-01	0.000000e+00	1	5.131075e-03
6.749803e-01	5.881629e-01	-1.436506e-02	-3.111815e-02	-5.412471e-02	-3.708654e-02	4.351602e-03	0.000000e+00	1	5.104995e-03
9.259645e-01	1.391127e-01	-2.863598e-01	-2.790072e-01	-2.644237e-01	-2.688282e-01	-2.728838e-01	0.000000e+00	1	5.103839e-03
8.855789e-01	2.431873e-01	-2.093352e-01	-2.135898e-01	-2.036618e-01	-2.214273e-01	-2.080979e-01	0.000000e+00	1	5.096552e-03
4.948783e-01	7.481275e-01	8.382729e-02	8.560569e-02	8.957841e-02	5.929452e-02	7.070089e-02	0.000000e+00	1	5.094902e-03
1.865920e-01	9.084695e-01	2.550407e-01	2.497299e-01	2.274520e-01	2.372493e-01	2.517346e-01	0.000000e+00	1	5.056208e-03
2.672052e-01	8.755728e-01	1.763826e-01	2.173851e-01	1.974759e-01	2.073492e-01	1.926253e-01	0.000000e+00	1	5.056192e-03
7.715798e-01	4.642106e-01	-1.002619e-01	-9.024980e-02	-1.517533e-01	-6.254033e-02	-7.178692e-02	0.000000e+00	1	5.040395e-03
9.078758e-01	1.890914e-01	-2.681989e-01	-2.524572e-01	-2.393836e-01	-2.167890e-01	-2.390433e-01	0.000000e+00	1	5.024413e-03
9.027797e-01	2.024354e-01	-2.317573e-01	-2.135898e-01	-2.446410e-01	-2.213801e-01	-2.651298e-01	0.000000e+00	1	5.005682e-03
3.629332e-01	8.290327e-01	1.406618e-01	1.329069e-01	1.546469e-01	1.588427e-01	1.482738e-01	0.000000e+00	1	4.950337e-03
6.019535e-01	6.611762e-01	1.747911e-02	1.920787e-02	1.697466e-02	1.091378e-02	2.547591e-02	0.000000e+00	1	4.902653e-03
9.569849e-01	5.227876e-02	-3.139841e-01	-3.327076e-01	-3.757027e-01	-3.489041e-01	-3.574662e-01	0.000000e+00	1	4.897222e-03
4.872504e-01	7.534572e-01	6.259605e-02	7.835947e-02	9.221801e-02	9.069285e-02	8.547498e-02	0.000000e+00	1	4.875411e-03
8.061840e-01	4.048167e-01	-1.525425e-01	-1.204903e-01	-1.057081e-01	-1.197627e-01	-1.286912e-01	0.000000e+00	1	4.816895e-03
2.087913e-01	8.998666e-01	2.423638e-01	2.436044e-01	2.285954e-01	2.294737e-01	2.114834e-01	0.000000e+00	1	4.808544e-03
8.027491e-01	4.104962e-01	-1.218514e-01	-1.144249e-01	-1.010809e-01	-1.374958e-01	-1.371615e-01	0.000000e+00	1	4.792405e-03
7.301201e-02	9.490285e-01	3.119833e-01	3.339976e-01	3.273550e-01	3.204098e-01	3.277804e-01	0.000000e+00	1	4.787660e-03
9.437423e-01	8.841609e-02	-3.183378e-01	-3.061056e-01	-3.000285e-01	-3.230234e-01	-3.095018e-01	0.000000e+00	1	4.773063e-03
5.381623e-01	7.165422e-01	3.146642e-02	3.903368e-02	8.135638e-02	5.155935e-02	6.946841e-02	0.000000e+00	1	4.739882e-03
9.177434e-01	1.623329e-01	-2.693901e-01	-2.330668e-01	-2.627735e-01	-2.675133e-01	-2.646099e-01	0.000000e+00	1	4.736568e-03
3.204334e-01	8.507328e-01	1.835257e-01	1.560093e-01	1.642682e-01	1.805569e-01	1.629514e-01	0.000000e+00	1	4.723655e-03
8.400287e-01	3.419813e-01	-1.401677e-01	-1.619422e-01	-1.752960e-01	-1.561585e-01	-1.570193e-01	0.000000e+00	1	4.718216e-03
4.919978e-01	7.504469e-01	9.113366e-02	6.968320e-02	9.556091e-02	8.542309e-02	5.555637e-02	0.000000e+00	1	4.717553e-03
5.596586e-01	6.989470e-01	4.186225e-02	4.372504e-02	1.348596e-02	6.173163e-02	5.176919e-02	0.000000e+00	1	4.707277e-03
6.904737e-01	5.695253e-01	-3.682038e-02	-4.746660e-02	-1.067125e-02	-3.889166e-02	-5.053949e-02	0.000000e+00	1	4.698301e-03
4.163997e-01	7.991739e-01	9.608199e-02	1.198819e-01	1.292128e-01	1.320976e-01	1.190720e-01	0.000000e+00	1	4.698025e-03
8.729445e-01	2.737093e-01	-2.146189e-01	-1.860886e-01	-1.707780e-01	-2.153617e-01	-1.877018e-01	0.000000e+00	1	4.679647e-03
9.627703e-01	3.575614e-02	-3.400142e-01	-3.570194e-01	-3.710215e-01	-3.944058e-01	-3.567125e-01	0.000000e+00	1	4.643188e-03
8.045293e-01	4.067625e-01	-1.257580e-01	-1.205036e-01	-1.364338e-01	-1.191181e-01	-1.187983e-01	0.000000e+00	1	4.642240e-03
1.183643e-01	9.335981e-01	2.949141e-01	2.793347e-01	3.118523e-01	2.898443e-01	2.697026e-01	0.000000e+00	1	4.631044e-03
7.231738e-01	5.287316e-01	-5.496144e-02	-4.958445e-02	-7.279687e-02	-7.342976e-02	-4.664570e-02	0.000000e+00	1	4.630547e-03
9.094442e-02	9.431467e-01	3.172631e-01	2.899213e-01	3.124684e-01	2.979427e-01	3.319619e-01	0.000000e+00	1	4.605628e-03
8.121229e-01	3.940111e-01	-1.538172e-01	-1.205036e-01	-1.307625e-01	-1.226754e-01	-1.268914e-01	0.000000e+00	1	4.596426e-03
4.134843e-01	8.017829e-01	8.438093e-02	1.215461e-01	1.536263e-01	1.223251e-01	1.245637e-01	0.000000e+00	1	4.581905e-03
2.314419e-01	8.908555e-01	1.985056e-01	2.213804e-01	2.427932e-01	2.110056e-01	2.174291e-01	0.000000e+00	1	4.572484e-03
3.252693e-01	8.483576e-01	1.647716e-01	1.689953e-01	1.495941e-01	1.826776e-01	1.684555e-01	0.000000e+00	1	4.572064e-03
6.455282e-01	6.190138e-01	-9.161516e-03	1.170541e-02	-7.260188e-03	-9.093532e-03	-2.651450e-02	0.000000e+00	1	4.536424e-03
6.414118e-01	6.230930e-01	-5.477201e-03	-2.361851e-02	7.574151e-03	-1.829178e-03	-4.501586e-03	0.000000e+00	1	4.528982e-03
6.699026e-01	5.955632e-01	-1.982941e-03	-4.253986e-02	-7.060492e-02	-1.829178e-03	3.416251e-03	0.000000e+00	1	4.504225e-03
6.030359e-03	9.755942e-01	4.027909e-01	3.985796e-01	4.285217e-01	4.199414e-01	4.223778e-01	0.000000e+00	1	4.503959e-03
3.262090e-02	9.637952e-01	3.658137e-01	3.442865e-01	3.704368e-01	3.625839e-01	3.934732e-01	0.000000e+00	1	4.498411e-03
6.556719e-01	6.078675e-01	-1.259454e-02	-1.769154e-02	-1.636357e-02	-1.933204e-02	-6.693202e-03	0.000000e+00	1	4.480705e-03
7.453075e-01	5.005749e-01	-1.059023e-01	-1.005034e-01	-5.620112e-02	-6.160460e-02	-5.223100e-02	0.000000e+00	1	4.470952e-03
5.630305e-01	6.964675e-01	2.954419e-02	3.903368e-02	1.408599e-02	5.155935e-02	6.946841e-02	0.000000e+00	1	4.468516e-03
7.900615e-01	4.311869e-01	-9.928576e-02	-1.078000e-01	-1.046580e-01	-1.197627e-01	-1.256867e-01	0.000000e+00	1	4.458904e-03
3.873435e-01	8.158080e-01	1.350371e-01	1.208842e-01	1.252033e-01	1.517550e-01	1.389615e-01	0.000000e+00	1	4.448947e-03
7.593913e-01	4.790178e-01	-1.002619e-01	-9.024980e-02	-1.018726e-01	-6.769410e-02	-7.178692e-02	0.000000e+00	1	4.446796e-03
2.029394e-01	9.024417e-01	2.580664e-01	2.454766e-01	2.274520e-01	2.102881e-01	2.329212e-01	0.000000e+00	1	4.446167e-03
9.467658e-01	8.025638e-02	-3.416784e-01	-3.152319e-01	-3.150628e-01	-3.211091e-01	-2.997778e-01	0.000000e+00	1	4.441677e-03
2.217094e-01	8.955051e-01	2.051453e-01	2.147921e-01	2.425471e-01	2.598882e-01	2.001119e-01	0.000000e+00	1	4.436230e-03
6.133697e-01	6.510812e-01	1.367950e-02	1.920787e-02	1.697466e-02	-1.533415e-02	2.284395e-02	0.000000e+00	1	4.411975e-03
4.047882e-01	8.057783e-01	1.125013e-01	1.199052e-01	1.375779e-01	1.330160e-01	1.230524e-01	0.000000e+00	1	4.411904e-03
4.761227e-01	7.625220e-01	7.628048e-02	8.560569e-02	8.957841e-02	1.322313e-01	5.858873e-02	0.000000e+00	1	4.406703e-03
7.367272e-01	5.110233e-01	-8.881095e-02	-6.088331e-02	-5.620112e-02	-5.559384e-02	-8.461169e-02	0.000000e+00	1	4.395517e-03
2.322737e-02	9.673538e-01	3.643171e-01	3.691270e-01	3.747968e-01	3.954219e-01	3.961698e-01	0.000000e+00	1	4.384685e-03
4.837738e-01	7.558592e-01	7.309183e-02	1.035065e-01	7.883631e-02	7.777942e-02	8.537776e-02	0.000000e+00	1	4.344240e-03
8.413016e-01	3.391397e-01	-1.525310e-01	-1.573258e-01	-1.744239e-01	-1.561585e-01	-1.570193e-01	0.000000e+00	1	4.312700e-03
3.975934e-01	8.103693e-01	1.125013e-01	1.196174e-01	1.579552e-01	1.330160e-01	1.230524e-01	0.000000e+00	1	4.271235e-03
6.648067e-01	5.983436e-01	-1.436506e-02	-3.111815e-02	-3.221823e-02	-1.933204e-02	-4.086900e-03	0.000000e+00	1	4.269722e-03
1.589285e-01	9.191727e-01	2.490433e-01	2.379480e-01	2.842890e-01	2.694201e-01	2.687198e-01	0.000000e+00	1	4.268533e-03
2.549632e-01	8.817582e-01	1.922519e-01	2.382009e-01	1.742771e-01	2.295038e-01	1.947498e-01	0.000000e+00	1	4.261046e-03
8.510249e-01	3.210241e-01	-1.793646e-01	-1.904448e-01	-1.349312e-01	-1.671591e-01	-1.760206e-01	0.000000e+00	1	4.254317e-03
6.893109e-01	5.723842e-01	1.124113e-02	-4.728100e-02	-5.554199e-02	-4.063924e-02	-4.634711e-02	0.000000e+00	1	4.253605e-03
9.234444e-01	1.461225e-01	-2.717202e-01	-2.790072e-01	-2.552802e-01	-2.688282e-01	-2.733848e-01	0.000000e+00	1	4.248277e-03
9.303528e-01	1.287590e-01	-3.131411e-01	-3.013611e-01	-2.627735e-01	-2.670599e-01	-2.680076e-01	0.000000e+00	1	4.241326e-03
7.105786e-01	5.448131e-01	-5.844605e-02	-4.331234e-02	-6.788331e-02	-3.567713e-02	-4.781777e-02	0.000000e+00	1	4.228265e-03
7.930334e-01	4.265838e-01	-9.681531e-02	-1.183134e-01	-1.020386e-01	-1.241356e-01	-1.283659e-01	0.000000e+00	1	4.220652e-03
4.716578e-01	7.640899e-01	7.309183e-02	1.015603e-01	9.221801e-02	9.879549e-02	8.506602e-02	0.000000e+00	1	4.211060e-03
2.851715e-01	8.676286e-01	1.750094e-01	2.133553e-01	1.758259e-01	1.789453e-01	1.996078e-01	0.000000e+00	1	4.210352e-03
9.364914e-01	1.105141e-01	-2.949473e-01	-3.113510e-01	-2.632083e-01	-3.002367e-01	-3.057644e-01	0.000000e+00	1	4.202872e-03
1.793569e-02	9.696375e-01	4.036147e-01	3.882912e-01	3.714027e-01	3.751875e-01	4.048969e-01	0.000000e+00	1	4.188421e-03
1.241840e-01	9.321454e-01	2.895653e-01	2.793347e-01	3.118523e-01	3.029478e-01	2.461473e-01	0.000000e+00	1	4.185023e-03
7.279965e-01	5.224473e-01	-5.496144e-02	-4.867102e-02	-7.279687e-02	-8.071282e-02	-5.750588e-02	0.000000e+00	1	4.183366e-03
5.507791e-01	7.064647e-01	1.410154e-02	4.580239e-02	5.394608e-02	5.488966e-02	6.913156e-02	0.000000e+00	1	4.176006e-03
2.590496e-01	8.792966e-01	1.776488e-01	2.169140e-01	2.214674e-01	2.068008e-01	1.915598e-01	0.000000e+00	1	4.169794e-03
7.945014e-01	4.239127e-01	-1.211870e-01	-1.058972e-01	-1.010809e-01	-1.211966e-01	-1.268842e-01	0.000000e+00	1	4.167614e-03
6.483278e-01	6.161930e-01	-1.436506e-02	-2.642645e-02	9.951892e-03	1.742211e-04	-1.821530e-02	0.000000e+00	1	4.145597e-03
6.055718e-01	6.583565e-01	1.096216e-02	2.602743e-02	1.673822e-02	-5.702525e-03	3.228822e-02	0.000000e+00	1	4.116169e-03
2.441573e-01	8.854189e-01	2.289506e-01	2.041056e-01	2.217759e-01	1.965306e-01	2.032514e-01	0.000000e+00	1	4.114669e-03
4.326955e-01	7.891140e-01	9.988237e-02	1.212718e-01	9.878018e-02	1.153854e-01	1.178715e-01	0.000000e+00	1	4.102393e-03
5.483614e-01	7.076913e-01	4.946507e-02	3.451647e-02	5.419735e-02	6.511196e-02	3.992170e-02	0.000000e+00	1	4.098962e-03
4.543813e-01	7.766693e-01	6.795843e-02	1.015603e-01	9.221801e-02	9.879549e-02	1.388191e-01	0.000000e+00	1	4.086618e-03
8.204730e-01	3.817219e-01	-1.394425e-01	-1.766999e-01	-1.544382e-01	-9.918897e-02	-1.215180e-01	0.000000e+00	1	4.077815e-03
5.953256e-01	6.679583e-01	1.754552e-02	1.211410e-02	1.835466e-02	1.086051e-02	5.171118e-02	0.000000e+00	1	4.061982e-03
3.166206e-01	8.530147e-01	1.787128e-01	1.470049e-01	1.672064e-01	1.667430e-01	1.993842e-01	0.000000e+00	1	4.056522e-03
8.673402e-01	2.863147e-01	-1.684402e-01	-1.819800e-01	-1.713876e-01	-2.153617e-01	-2.034629e-01	0.000000e+00	1	4.036878e-03
8.450517e-01	3.316472e-01	-1.568593e-01	-1.738889e-01	-1.647578e-01	-1.539805e-01	-1.676423e-01	0.000000e+00	1	4.035821e-03
8.720903e-01	2.773213e-01	-2.093352e-01	-1.526875e-01	-1.764684e-01	-2.214273e-01	-2.080979e-01	0.000000e+00	1	4.032713e-03
6.671509e-01	5.955709e-01	-1.323681e-02	-1.793211e-02	-3.629559e-02	-2.104564e-02	-2.037916e-02	0.000000e+00	1	4.011180e-03
6.801290e-01	5.818187e-01	-2.393386e-02	-2.557949e-02	-5.412471e-02	-4.063924e-02	-5.537612e-03	0.000000e+00	1	4.010363e-03
2.269428e-01	8.928706e-01	2.265415e-01	2.356682e-01	2.321169e-01	2.222556e-01	1.882119e-01	0.000000e+00	1	4.006884e-03
9.801981e-01	1.739550e-03	-4.456135e-01	-4.491854e-01	-4.360791e-01	-4.075131e-01	-4.530880e-01	0.000000e+00	1	3.995354e-03
7.513884e-01	4.901082e-01	-7.688302e-02	-9.205056e-02	-7.260979e-02	-9.125079e-02	-6.875144e-02	0.000000e+00	1	3.995251e-03
8.931678e-01	2.267921e-01	-2.165238e-01	-2.115832e-01	-2.303255e-01	-1.941005e-01	-2.539232e-01	0.000000e+00	1	3.987141e-03
9.139149e-01	1.737030e-01	-2.548364e-01	-2.409821e-01	-2.809704e-01	-2.234196e-01	-2.640741e-01	0.000000e+00	1	3.980647e-03
8.010475e-01	4.126899e-01	-1.194713e-01	-1.197482e-01	-1.112768e-01	-1.233495e-01	-1.312826e-01	0.000000e+00	1	3.976153e-03
8.351704e-01	3.510028e-01	-1.538305e-01	-1.476318e-01	-1.647578e-01	-1.514500e-01	-1.484719e-01	0.000000e+00	1	3.964250e-03
4.452171e-01	7.816538e-01	9.720084e-02	1.010056e-01	8.218906e-02	1.224218e-01	1.184631e-01	0.000000e+00	1	3.962004e-03
8.839144e-01	2.473466e-01	-2.093352e-01	-2.135898e-01	-1.933404e-01	-2.205968e-01	-2.080957e-01	0.000000e+00	1	3.955894e-03
9.722715e-01	1.167773e-02	-3.929339e-01	-4.029886e-01	-3.902222e-01	-3.968139e-01	-4.147149e-01	0.000000e+00	1	3.950853e-03
4.895855e-01	7.520978e-01	8.559319e-02	6.993989e-02	1.049178e-01	7.995695e-02	6.330797e-02	0.000000e+00	1	3.950819e-03
5.649812e-01	6.954955e-01	1.994947e-02	6.592854e-02	1.153612e-02	6.887092e-02	3.311812e-02	0.000000e+00	1	3.925637e-03
9.156450e-01	1.678881e-01	-2.602132e-01	-2.671819e-01	-2.684698e-01	-2.345977e-01	-2.490900e-01	0.000000e+00	1	3.915788e-03
7.573354e-01	4.814167e-01	-8.600964e-02	-9.205056e-02	-6.985036e-02	-9.128978e-02	-8.532858e-02	0.000000e+00	1	3.912233e-03
7.223473e-01	5.332672e-01	-1.041963e-01	-6.016893e-02	-2.444612e-02	-2.373032e-02	-7.780396e-02	0.000000e+00	1	3.902325e-03
9.167200e-01	1.649838e-01	-2.600683e-01	-2.330668e-01	-2.627735e-01	-2.675133e-01	-2.652475e-01	0.000000e+00	1	3.898369e-03
1.452856e-01	9.240462e-01	2.924459e-01	2.547239e-01	2.552713e-01	2.816865e-01	2.690522e-01	0.000000e+00	1	3.895632e-03
7.011343e-01	5.580967e-01	-5.844605e-02	-9.074695e-04	-6.785734e-02	-4.320818e-02	-4.821076e-02	0.000000e+00	1	3.888871e-03
5.923493e-01	6.707715e-01	2.954419e-02	4.128771e-02	7.441224e-03	3.920774e-02	1.958004e-03	0.000000e+00	1	3.887597e-03
9.494392e-01	7.271451e-02	-3.501896e-01	-3.060114e-01	-3.150628e-01	-3.293426e-01	-3.256214e-01	0.000000e+00	1	3.870486e-03
1.990943e-02	9.686436e-01	3.908667e-01	3.767663e-01	3.765452e-01	3.751875e-01	4.048969e-01	0.000000e+00	1	3.857855e-03
4.656632e-01	7.687456e-01	9.240211e-02	1.126548e-01	1.149523e-01	7.965865e-02	6.851317e-02	0.000000e+00	1	3.852312e-03
9.320493e-01	1.235314e-01	-2.908358e-01	-2.661215e-01	-2.622383e-01	-3.020092e-01	-3.082681e-01	0.000000e+00	1	3.822613e-03
9.061130e-01	1.934418e-01	-2.415257e-01	-2.324620e-01	-2.635016e-01	-2.164996e-01	-2.482803e-01	0.000000e+00	1	3.820290e-03
8.759791e-01	2.668046e-01	-1.843854e-01	-1.871139e-01	-2.222945e-01	-2.167538e-01	-1.828045e-01	0.000000e+00	1	3.803796e-03
8.766537e-01	2.652293e-01	-1.843854e-01	-1.904864e-01	-2.222945e-01	-2.176301e-01	-1.828045e-01	0.000000e+00	1	3.800754e-03
9.384313e-01	1.051112e-01	-3.287296e-01	-2.831248e-01	-2.934324e-01	-2.814457e-01	-3.095018e-01	0.000000e+00	1	3.800272e-03
4.782513e-01	7.601329e-01	9.240211e-02	8.660964e-02	1.149523e-01	7.152636e-02	6.892214e-02	0.000000e+00	1	3.792448e-03
7.763426e-01	4.533230e-01	-8.903163e-02	-1.186062e-01	-1.125367e-01	-9.195594e-02	-8.748676e-02	0.000000e+00	1	3.791631e-03
6.003479e-01	6.627589e-01	1.219674e-02	1.211452e-02	1.737629e-02	2.188927e-02	3.134217e-02	0.000000e+00	1	3.788864e-03
3.724197e-01	8.249209e-01	1.812816e-01	1.200196e-01	1.265397e-01	1.490056e-01	1.368134e-01	0.000000e+00	1	3.775631e-03
6.219362e-01	6.427068e-01	1.270239e-02	2.706478e-02	-2.353430e-03	9.033159e-04	-6.729108e-03	0.000000e+00	1	3.775141e-03
6.618673e-01	6.014165e-01	-2.902965e-02	-2.653092e-02	-1.636357e-02	-4.409982e-03	-1.561232e-02	0.000000e+00	1	3.772496e-03
3.029425e-02	9.646969e-01	3.649996e-01	3.450001e-01	3.704368e-01	3.781256e-01	3.934732e-01	0.000000e+00	1	3.769768e-03
4.282842e-01	7.918020e-01	9.829159e-02	1.198254e-01	1.068230e-01	1.229141e-01	1.168384e-01	0.000000e+00	1	3.767287e-03
9.698420e-01	1.829619e-02	-3.858442e-01	-4.029886e-01	-3.547309e-01	-3.968139e-01	-4.065884e-01	0.000000e+00	1	3.764512e-03
5.251300e-01	7.273921e-01	4.996755e-02	8.447538e-02	2.644473e-02	5.558530e-02	9.378524e-02	0.000000e+00	1	3.758207e-03
8.382105e-01	3.453119e-01	-1.546240e-01	-1.677221e-01	-1.613317e-01	-1.407319e-01	-1.570193e-01	0.000000e+00	1	3.752822e-03
1.611040e-01	9.183443e-01	2.460272e-01	2.615190e-01	2.397565e-01	2.827720e-01	2.721975e-01	0.000000e+00	1	3.749887e-03
9.375874e-01	1.074786e-01	-2.973983e-01	-3.112642e-01	-2.637047e-01	-3.076404e-01	-3.071361e-01	0.000000e+00	1	3.740114e-03
5.095279e-01	7.373807e-01	6.272883e-02	8.056851e-02	7.071027e-02	7.637323e-02	5.881642e-02	0.000000e+00	1	3.731896e-03
9.747083e-01	8.407123e-03	-4.188593e-01	-4.044008e-01	-3.928184e-01	-3.942693e-01	-4.405939e-01	0.000000e+00	1	3.731316e-03
2.783649e-01	8.705348e-01	1.813351e-01	2.155843e-01	1.899278e-01	1.809787e-01	1.926253e-01	0.000000e+00	1	3.716366e-03
6.717809e-01	5.913570e-01	-1.259454e-02	-5.576933e-02	-2.401343e-02	-2.492034e-02	-5.216880e-03	0.000000e+00	1	3.711445e-03
3.137139e-01	8.540429e-01	1.808425e-01	1.615326e-01	1.847232e-01	1.818873e-01	1.563627e-01	0.000000e+00	1	3.707677e-03
8.570074e-01	3.073560e-01	-1.928220e-01	-1.745336e-01	-1.799081e-01	-1.735212e-01	-1.611892e-01	0.000000e+00	1	3.703504e-03
1.053511e-02	9.740574e-01	4.020519e-01	3.668162e-01	4.303868e-01	4.256916e-01	4.105894e-01	0.000000e+00	1	3.699499e-03
5.678263e-01	6.935551e-01	4.068111e-02	8.247550e-02	3.091312e-02	5.719539e-04	3.754250e-02	0.000000e+00	1	3.699323e-03
8.559878e-01	3.098414e-01	-1.890731e-01	-1.734785e-01	-1.603939e-01	-1.916040e-01	-1.614433e-01	0.000000e+00	1	3.695164e-03
4.479368e-01	7.806832e-01	8.323808e-02	7.114483e-02	1.274552e-01	1.180433e-01	1.161725e-01	0.000000e+00	1	3.677240e-03
8.212770e-01	3.776670e-01	-1.366345e-01	-1.205844e-01	-1.545310e-01	-1.527772e-01	-1.329237e-01	0.000000e+00	1	3.667847e-03
2.365339e-01	8.887941e-01	2.003988e-01	2.263089e-01	2.366488e-01	1.961525e-01	2.174291e-01	0.000000e+00	1	3.664795e-03
5.467771e-01	7.105109e-01	6.202855e-02	6.592854e-02	1.153612e-02	7.797721e-02	3.311812e-02	0.000000e+00	1	3.655191e-03
9.193741e-01	1.583387e-01	-2.716469e-01	-2.318332e-01	-2.656166e-01	-2.789309e-01	-2.631790e-01	0.000000e+00	1	3.639359e-03
8.284185e-01	3.646169e-01	-1.523174e-01	-1.214616e-01	-1.432567e-01	-1.509772e-01	-1.638353e-01	0.000000e+00	1	3.636142e-03
8.497845e-01	3.225474e-01	-1.467439e-01	-1.771401e-01	-1.801930e-01	-1.745500e-01	-1.634028e-01	0.000000e+00	1	3.635823e-03
6.068785e-01	6.580189e-01	1.374591e-02	1.211410e-02	1.835466e-02	-1.538742e-02	4.907922e-02	0.000000e+00	1	3.635146e-03
6.103390e-01	6.534854e-01	1.219674e-02	1.211410e-02	1.835466e-02	9.248647e-05	2.284395e-02	0.000000e+00	1	3.634968e-03
5.704396e-01	6.897721e-01	2.954419e-02	3.903368e-02	1.159057e-02	5.328563e-02	4.848097e-02	0.000000e+00	1	3.632447e-03
4.307460e-01	7.910539e-01	8.933257e-02	1.201497e-01	1.248608e-01	1.356012e-01	9.033093e-02	0.000000e+00	1	3.615495e-03
3.610531e-01	8.300345e-01	1.416113e-01	1.329069e-01	1.546469e-01	1.588427e-01	1.522570e-01	0.000000e+00	1	3.614113e-03
7.081022e-01	5.481041e-01	-5.845099e-02	-4.433427e-02	-6.645723e-02	-2.727398e-02	-4.780085e-02	0.000000e+00	1	3.613245e-03
6.243506e-01	6.402850e-01	1.270239e-02	2.255433e-02	-2.153419e-03	9.033159e-04	-9.776409e-03	0.000000e+00	1	3.612582e-03
2.142153e-01	8.979221e-01	2.423638e-01	2.478175e-01	2.106742e-01	2.294737e-01	2.105946e-01	0.000000e+00	1	3.588887e-03
8.156971e-01	3.874448e-01	-1.457410e-01	-1.170902e-01	-1.358907e-01	-1.314153e-01	-1.412748e-01	0.000000e+00	1	3.580147e-03
8.246898e-01	3.717558e-01	-1.467765e-01	-1.677067e-01	-1.361897e-01	-1.201700e-01	-1.426708e-01	0.000000e+00	1	3.575191e-03
8.993345e-01	2.109462e-01	-2.233521e-01	-2.309922e-01	-2.625189e-01	-2.205968e-01	-2.135734e-01	0.000000e+00	1	3.572501e-03
9.597833e-01	4.382202e-02	-3.525363e-01	-3.292786e-01	-3.828523e-01	-3.441250e-01	-3.625430e-01	0.000000e+00	1	3.567682e-03
8.216541e-02	9.458397e-01	3.196540e-01	3.086013e-01	3.249728e-01	3.188392e-01	3.099895e-01	0.000000e+00	1	3.555950e-03
1.417373e-01	9.254876e-01	2.924459e-01	2.547239e-01	2.552713e-01	2.947132e-01	2.690522e-01	0.000000e+00	1	3.543404e-03
9.333085e-01	1.193355e-01	-2.826097e-01	-2.955762e-01	-2.669687e-01	-3.129100e-01	-2.845346e-01	0.000000e+00	1	3.542849e-03
8.688626e-01	2.823104e-01	-1.920756e-01	-1.867432e-01	-1.713876e-01	-2.153617e-01	-1.846443e-01	0.000000e+00	1	3.536555e-03
5.261007e-01	7.254740e-01	8.315191e-02	4.456310e-02	6.208091e-02	4.500657e-02	7.039213e-02	0.000000e+00	1	3.533748e-03
9.453477e-01	8.372862e-02	-3.252189e-01	-3.066286e-01	-3.102041e-01	-3.244955e-01	-3.095018e-01	0.000000e+00	1	3.530435e-03
8.432330e-01	3.352192e-01	-1.568593e-01	-1.697266e-01	-1.587504e-01	-1.539805e-01	-1.682932e-01	0.000000e+00	1	3.509294e-03
5.797863e-01	6.819631e-01	4.957720e-02	1.269531e-02	1.721315e-02	5.341027e-02	2.284395e-02	0.000000e+00	1	3.482626e-03
6.349673e-01	6.296297e-01	-9.161516e-03	1.170541e-02	-7.260188e-03	9.041819e-03	-1.244047e-02	0.000000e+00	1	3.479064e-03
3.591356e-01	8.323314e-01	1.552408e-01	1.090889e-01	1.392131e-01	1.804877e-01	1.655154e-01	0.000000e+00	1	3.475441e-03
3.011287e-01	8.601442e-01	1.808887e-01	1.850700e-01	1.534056e-01	1.917762e-01	1.882367e-01	0.000000e+00	1	3.468976e-03
9.779351e-01	3.863820e-03	-4.419668e-01	-4.001555e-01	-4.300975e-01	-4.469182e-01	-4.106586e-01	0.000000e+00	1	3.468237e-03
4.392102e-01	7.850460e-01	9.725757e-02	1.198819e-01	1.098951e-01	1.121949e-01	9.682427e-02	0.000000e+00	1	3.466522e-03
8.480812e-01	3.295320e-01	-1.928220e-01	-1.745336e-01	-1.803447e-01	-1.735212e-01	-1.087120e-01	0.000000e+00	1	3.464722e-03
8.704353e-01	2.791175e-01	-1.920756e-01	-1.771504e-01	-1.713876e-01	-2.153617e-01	-2.034629e-01	0.000000e+00	1	3.463499e-03
8.979000e-01	2.155439e-01	-2.476236e-01	-1.970585e-01	-2.082641e-01	-2.329873e-01	-2.539232e-01	0.000000e+00	1	3.456794e-03
9.523295e-01	6.369282e-02	-3.180715e-01	-3.453981e-01	-3.403499e-01	-3.259078e-01	-3.348185e-01	0.000000e+00	1	3.452598e-03
6.159695e-01	6.485078e-01	1.270239e-02	2.255433e-02	2.310865e-02	9.033159e-04	-9.776409e-03	0.000000e+00	1	3.446203e-03
8.319608e-01	3.581777e-01	-1.503760e-01	-1.677067e-01	-1.559158e-01	-1.202620e-01	-1.548859e-01	0.000000e+00	1	3.445432e-03
8.839144e-01	2.473466e-01	-2.093352e-01	-2.135898e-01	-1.933404e-01	-2.205968e-01	-2.080957e-01	0.000000e+00	1	3.438000e-03
5.911248e-01	6.713908e-01	1.460768e-02	1.211410e-02	4.274067e-02	2.188927e-02	3.081630e-02	0.000000e+00	1	3.434772e-03
8.147115e-01	3.927137e-01	-1.238986e-01	-1.745603e-01	-1.370189e-01	-8.506574e-02	-1.430580e-01	0.000000e+00	1	3.429644e-03
5.217114e-01	7.284640e-01	5.952459e-02	4.686263e-02	7.864724e-02	6.133766e-02	7.009841e-02	0.000000e+00	1	3.424105e-03
6.504826e-01	6.158281e-01	-2.247260e-02	2.836663e-02	-7.361398e-04	-5.069298e-02	-7.312538e-03	0.000000e+00	1	3.422806e-03
2.398109e-01	8.878388e-01	2.423638e-01	2.139739e-01	1.843908e-01	2.294737e-01	1.995498e-01	0.000000e+00	1	3.419980e-03
9.544663e-01	5.936214e-02	-3.172860e-01	-3.519839e-01	-3.104270e-01	-3.498017e-01	-3.632639e-01	0.000000e+00	1	3.419540e-03
6.188327e-01	6.465496e-01	2.318837e-02	1.096398e-02	-2.429791e-02	4.742729e-04	3.187440e-02	0.000000e+00	1	3.415506e-03
9.283513e-01	1.324215e-01	-2.863172e-01	-2.794149e-01	-2.644237e-01	-2.818754e-01	-2.821188e-01	0.000000e+00	1	3.413175e-03
5.063239e-01	7.403472e-01	8.306565e-02	4.408923e-02	6.881000e-02	9.264296e-02	7.057979e-02	0.000000e+00	1	3.412587e-03
1.741571e-01	9.135033e-01	2.710175e-01	2.692487e-01	2.274772e-01	2.451917e-01	2.483740e-01	0.000000e+00	1	3.410767e-03
4.355650e-01	7.878178e-01	9.367809e-02	1.391102e-01	9.686218e-02	1.070394e-01	1.102411e-01	0.000000e+00	1	3.410082e-03
4.110354e-01	8.028063e-01	8.933257e-02	1.201497e-01	1.248608e-01	1.356012e-01	1.417207e-01	0.000000e+00	1	3.406901e-03
7.129183e-01	5.417125e-01	-5.844605e-02	-4.331234e-02	-6.788331e-02	-4.400299e-02	-4.782432e-02	0.000000e+00	1	3.406125e-03
3.736287e-01	8.232035e-01	1.416113e-01	1.329069e-01	1.546469e-01	1.358691e-01	1.420910e-01	0.000000e+00	1	3.406106e-03
9.221013e-01	1.496812e-01	-2.610005e-01	-2.661215e-01	-2.659210e-01	-2.785993e-01	-2.645213e-01	0.000000e+00	1	3.396607e-03
6.774315e-01	5.844273e-01	-9.403695e-03	-2.766656e-02	-4.632964e-02	-2.304877e-02	-3.517384e-02	0.000000e+00	1	3.392389e-03
8.227451e-01	3.756632e-01	-1.467765e-01	-1.633297e-01	-1.416641e-01	-1.094178e-01	-1.426708e-01	0.000000e+00	1	3.391890e-03
1.100289e-01	9.366492e-01	3.086741e-01	2.844294e-01	3.138878e-01	2.686613e-01	3.015506e-01	0.000000e+00	1	3.385653e-03
9.270131e-01	1.362322e-01	-2.863598e-01	-2.790072e-01	-2.644237e-01	-2.690463e-01	-2.825070e-01	0.000000e+00	1	3.381226e-03
2.468174e-01	8.842824e-01	2.275956e-01	2.041056e-01	2.185584e-01	1.935693e-01	2.032968e-01	0.000000e+00	1	3.380744e-03
5.388298e-01	7.153382e-01	5.664743e-02	7.060117e-02	3.453093e-02	5.163466e-02	5.629208e-02	0.000000e+00	1	3.378824e-03
1.647137e-01	9.175943e-01	2.870956e-01	2.598767e-01	2.341634e-01	2.827720e-01	2.308426e-01	0.000000e+00	1	3.376845e-03
7.716685e-01	4.599286e-01	-8.903163e-02	-1.052061e-01	-1.013470e-01	-9.195594e-02	-9.371858e-02	0.000000e+00	1	3.365809e-03
7.725147e-01	4.585379e-01	-9.230341e-02	-9.387254e-02	-1.025001e-01	-9.573654e-02	-1.003599e-01	0.000000e+00	1	3.356748e-03
1.379597e-01	9.264354e-01	2.706327e-01	2.800480e-01	2.752170e-01	2.891544e-01	2.607662e-01	0.000000e+00	1	3.353546e-03
3.077250e-01	8.569432e-01	1.787128e-01	1.693790e-01	1.672064e-01	1.667430e-01	1.993842e-01	0.000000e+00	1	3.344834e-03
1.426769e-02	9.712263e-01	4.036147e-01	3.843171e-01	3.968614e-01	4.127086e-01	3.780205e-01	0.000000e+00	1	3.342825e-03
8.329764e-01	3.563137e-01	-1.619943e-01	-1.627717e-01	-1.555237e-01	-1.188211e-01	-1.550458e-01	0.000000e+00	1	3.341714e-03
2.582336e-01	8.800614e-01	1.829309e-01	2.394512e-01	1.923287e-01	2.162485e-01	1.876000e-01	0.000000e+00	1	3.334733e-03
2.820699e-01	8.687382e-01	1.794686e-01	1.850700e-01	1.876551e-01	2.094391e-01	1.882367e-01	0.000000e+00	1	3.334028e-03
2.703918e-01	8.741034e-01	1.794166e-01	2.144709e-01	1.884342e-01	2.075836e-01	1.923136e-01	0.000000e+00	1	3.332209e-03
2.269428e-01	8.928706e-01	2.265415e-01	2.356682e-01	2.321169e-01	2.222556e-01	1.882119e-01	0.000000e+00	1	3.317430e-03
8.366390e-01	3.485121e-01	-1.467765e-01	-1.672537e-01	-1.672205e-01	-1.493647e-01	-1.426708e-01	0.000000e+00	1	3.316668e-03
8.713525e-02	9.443911e-01	3.231615e-01	3.059907e-01	3.038541e-01	3.337154e-01	2.975442e-01	0.000000e+00	1	3.313255e-03
8.993345e-01	2.109462e-01	-2.233521e-01	-2.309922e-01	-2.625189e-01	-2.205968e-01	-2.135734e-01	0.000000e+00	1	3.309841e-03
1.361501e-01	9.284535e-01	2.874950e-01	3.023555e-01	2.232666e-01	2.827720e-01	2.966513e-01	0.000000e+00	1	3.305986e-03
3.534970e-01	8.339117e-01	1.514046e-01	1.558757e-01	1.636472e-01	1.440868e-01	1.447225e-01	0.000000e+00	1	3.291506e-03
7.000239e-01	5.600390e-01	-2.393386e-02	-8.543802e-02	-5.412471e-02	-4.077180e-02	-9.825765e-03	0.000000e+00	1	3.289636e-03
7.996468e-01	4.152006e-01	-1.194713e-01	-1.197482e-01	-1.049601e-01	-1.233495e-01	-1.312826e-01	0.000000e+00	1	3.288837e-03
1.905009e-01	9.069660e-01	2.543854e-01	2.355079e-01	2.253346e-01	2.451357e-01	2.490422e-01	0.000000e+00	1	3.288018e-03
1.710180e-01	9.143455e-01	2.546199e-01	2.692487e-01	2.568544e-01	2.398030e-01	2.483740e-01	0.000000e+00	1	3.282965e-03
6.259019e-01	6.391134e-01	-2.145089e-03	2.602743e-02	1.673822e-02	-5.702525e-03	-1.481903e-02	0.000000e+00	1	3.271771e-03
7.265854e-01	5.242111e-01	-4.957344e-02	-5.342135e-02	-7.092641e-02	-7.825982e-02	-5.750588e-02	0.000000e+00	1	3.270542e-03
8.680595e-02	9.455141e-01	3.593421e-01	2.902032e-01	2.879159e-01	3.072616e-01	3.311495e-01	0.000000e+00	1	3.268583e-03
4.375351e-01	7.872574e-01	1.011767e-01	1.198537e-01	1.205605e-01	1.328063e-01	6.910481e-02	0.000000e+00	1	3.268102e-03
9.680033e-01	2.282137e-02	-3.930115e-01	-3.832572e-01	-3.683334e-01	-4.123148e-01	-3.543830e-01	0.000000e+00	1	3.266753e-03
1.171158e-01	9.341712e-01	2.949141e-01	2.793347e-01	3.183010e-01	2.898443e-01	2.688901e-01	0.000000e+00	1	3.259141e-03
5.681186e-01	6.913696e-01	2.954419e-02	4.128771e-02	2.388645e-02	3.867643e-02	5.443857e-02	0.000000e+00	1	3.257753e-03
6.723340e-01	5.907078e-01	-1.442465e-02	-5.576933e-02	-2.401343e-02	-2.492034e-02	-5.216880e-03	0.000000e+00	1	3.256226e-03
3.037403e-01	8.588627e-01	1.629771e-01	1.880381e-01	1.637860e-01	1.826776e-01	1.947066e-01	0.000000e+00	1	3.254774e-03
3.899349e-02	9.617593e-01	3.514011e-01	3.863841e-01	3.374805e-01	3.429705e-01	3.840802e-01	0.000000e+00	1	3.250985e-03
6.364853e-01	6.291238e-01	-9.008489e-03	-3.363283e-02	2.614750e-02	1.870103e-03	3.416251e-03	0.000000e+00	1	3.248397e-03
9.696581e-01	2.048263e-02	-3.765851e-01	-4.185296e-01	-3.438037e-01	-3.968139e-01	-4.065884e-01	0.000000e+00	1	3.241420e-03
2.887183e-01	8.671187e-01	1.763826e-01	2.173851e-01	1.974759e-01	2.054844e-01	1.410857e-01	0.000000e+00	1	3.237788e-03
3.317100e-01	8.456436e-01	1.758936e-01	1.617934e-01	1.883765e-01	1.367897e-01	1.563627e-01	0.000000e+00	1	3.235640e-03
7.051695e-01	5.513762e-01	-4.999813e-02	-2.965118e-02	-5.867713e-02	-4.808981e-02	-4.825016e-02	0.000000e+00	1	3.231719e-03
9.448205e-01	8.524227e-02	-3.237258e-01	-3.061056e-01	-3.074009e-01	-3.230234e-01	-3.095018e-01	0.000000e+00	1	3.205333e-03
7.781208e-01	4.504828e-01	-8.938168e-02	-1.077958e-01	-9.476464e-02	-1.226754e-01	-9.235901e-02	0.000000e+00	1	3.187841e-03
8.154111e-01	3.905654e-01	-1.222892e-01	-1.549894e-01	-1.470859e-01	-1.549009e-01	-8.842478e-02	0.000000e+00	1	3.185869e-03
4.091866e-01	8.041750e-01	1.154125e-01	1.212718e-01	1.530476e-01	1.366793e-01	9.089936e-02	0.000000e+00	1	3.176953e-03
8.663697e-01	2.877431e-01	-2.086679e-01	-1.745914e-01	-1.800635e-01	-1.986143e-01	-1.735004e-01	0.000000e+00	1	3.173910e-03
7.743650e-01	4.560345e-01	-8.903163e-02	-1.155705e-01	-1.016399e-01	-9.195594e-02	-9.371858e-02	0.000000e+00	1	3.166361e-03
1.946534e-01	9.052460e-01	2.314562e-01	2.340411e-01	2.350180e-01	2.477454e-01	2.480295e-01	0.000000e+00	1	3.152821e-03
6.772957e-01	5.856461e-01	-7.366192e-03	-1.497615e-02	-3.221823e-02	-1.933204e-02	-6.585270e-02	0.000000e+00	1	3.151098e-03
8.976860e-01	2.160843e-01	-2.476236e-01	-1.970585e-01	-2.078367e-01	-2.318591e-01	-2.539232e-01	0.000000e+00	1	3.124235e-03
5.122126e-01	7.354192e-01	5.952459e-02	5.761169e-02	7.864724e-02	7.525714e-02	7.092859e-02	0.000000e+00	1	3.122699e-03
4.248956e-01	7.939060e-01	9.720084e-02	1.200042e-01	1.103607e-01	1.228140e-01	1.232942e-01	0.000000e+00	1	3.118287e-03
7.987375e-01	4.198232e-01	-6.617298e-02	-1.170902e-01	-1.358907e-01	-1.314153e-01	-1.412748e-01	0.000000e+00	1	3.117545e-03
8.911271e-01	2.312820e-01	-2.267441e-01	-1.925449e-01	-2.446410e-01	-2.205968e-01	-2.080957e-01	0.000000e+00	1	3.115108e-03
8.311257e-01	3.612273e-01	-1.546442e-01	-1.516822e-01	-1.763291e-01	-1.561585e-01	-1.048986e-01	0.000000e+00	1	3.105193e-03
3.196708e-01	8.520343e-01	1.473933e-01	1.590064e-01	1.810978e-01	2.094720e-01	1.558645e-01	0.000000e+00	1	3.103932e-03
9.243214e-01	1.435608e-01	-2.733327e-01	-2.662123e-01	-2.626657e-01	-2.798230e-01	-2.743023e-01	0.000000e+00	1	3.102542e-03
5.151105e-01	7.332995e-01	6.272883e-02	5.761169e-02	7.864724e-02	7.637323e-02	5.881642e-02	0.000000e+00	1	3.089858e-03
4.976698e-01	7.461150e-01	7.628048e-02	8.560569e-02	8.957841e-02	5.929452e-02	7.070089e-02	0.000000e+00	1	3.074881e-03
3.909222e-01	8.145758e-01	1.419301e-01	1.411978e-01	1.391775e-01	1.495198e-01	9.301347e-02	0.000000e+00	1	3.074140e-03
7.051695e-01	5.513762e-01	-4.999813e-02	-2.965118e-02	-5.867713e-02	-4.808981e-02	-4.825016e-02	0.000000e+00	1	3.072654e-03
4.727703e-01	7.633048e-01	7.309183e-02	9.852458e-02	9.221801e-02	9.879549e-02	8.506602e-02	0.000000e+00	1	3.072174e-03
9.097928e-01	1.872568e-01	-2.830443e-01	-2.553507e-01	-2.092966e-01	-2.688282e-01	-2.123703e-01	0.000000e+00	1	3.071447e-03
3.329852e-01	8.448979e-01	1.812816e-01	1.575765e-01	1.833109e-01	1.478846e-01	1.454008e-01	0.000000e+00	1	3.068576e-03
2.962231e-01	8.625852e-01	1.833792e-01	1.952604e-01	1.518214e-01	1.917762e-01	1.908932e-01	0.000000e+00	1	3.064454e-03
6.631451e-01	5.999485e-01	-2.902965e-02	-2.653092e-02	-1.636357e-02	-1.567178e-02	-8.522062e-03	0.000000e+00	1	3.062075e-03
6.090947e-01	6.547419e-01	1.219674e-02	1.211410e-02	1.667232e-02	9.248647e-05	2.833921e-02	0.000000e+00	1	3.059959e-03
7.537633e-01	4.870698e-01	-7.647805e-02	-9.024980e-02	-1.018726e-01	-6.254033e-02	-7.909192e-02	0.000000e+00	1	3.059171e-03
4.069040e-01	8.049131e-01	1.160851e-01	1.221852e-01	1.532579e-01	1.145884e-01	1.154608e-01	0.000000e+00	1	3.056420e-03
9.519407e-01	6.473181e-02	-3.180715e-01	-3.453981e-01	-3.339873e-01	-3.271094e-01	-3.348185e-01	0.000000e+00	1	3.050164e-03
5.172712e-01	7.317685e-01	5.424249e-02	5.761169e-02	7.864724e-02	7.725786e-02	6.072167e-02	0.000000e+00	1	3.040817e-03
6.276491e-01	6.371595e-01	1.157042e-02	1.253318e-03	1.819252e-02	2.943663e-03	-1.949627e-02	0.000000e+00	1	3.037174e-03
3.500446e-01	8.357867e-01	1.513304e-01	1.712840e-01	1.538543e-01	1.478694e-01	1.447225e-01	0.000000e+00	1	3.024277e-03
7.485327e-01	4.946316e-01	-5.844605e-02	-9.587146e-02	-6.762105e-02	-9.195012e-02	-7.629114e-02	0.000000e+00	1	3.022877e-03
1.310437e-01	9.291356e-01	2.518577e-01	2.887800e-01	2.843747e-01	2.925205e-01	2.836568e-01	0.000000e+00	1	3.009211e-03
8.628999e-01	2.950600e-01	-1.941206e-01	-1.745914e-01	-1.854813e-01	-1.973516e-01	-1.637902e-01	0.000000e+00	1	3.006446e-03
6.872958e-01	5.746987e-01	-1.524888e-02	3.501175e-04	-6.560252e-02	-4.320818e-02	-4.821076e-02	0.000000e+00	1	2.998757e-03
4.504959e-01	7.781412e-01	9.725757e-02	1.198819e-01	9.223400e-02	1.121949e-01	8.544611e-02	0.000000e+00	1	2.997712e-03
1.472376e-01	9.233383e-01	2.736336e-01	2.414855e-01	2.837746e-01	2.694201e-01	2.784020e-01	0.000000e+00	1	2.996469e-03
8.898415e-01	2.346365e-01	-2.235000e-01	-1.881176e-01	-2.463821e-01	-2.133874e-01	-2.122287e-01	0.000000e+00	1	2.995712e-03
9.553702e-01	5.620919e-02	-3.180715e-01	-3.523580e-01	-3.215142e-01	-3.506322e-01	-3.632662e-01	0.000000e+00	1	2.991756e-03
3.463558e-01	8.376903e-01	1.556591e-01	1.716457e-01	1.578823e-01	1.494662e-01	1.440892e-01	0.000000e+00	1	2.981526e-03
8.236867e-01	3.734173e-01	-1.467765e-01	-1.633297e-01	-1.358968e-01	-1.201700e-01	-1.426708e-01	0.000000e+00	1	2.980725e-03
8.427592e-01	3.362446e-01	-1.546442e-01	-1.619422e-01	-1.752960e-01	-1.561585e-01	-1.570193e-01	0.000000e+00	1	2.980584e-03
2.936362e-01	8.642042e-01	1.546310e-01	1.709980e-01	1.923287e-01	2.165114e-01	1.873378e-01	0.000000e+00	1	2.979723e-03
9.584346e-01	4.796850e-02	-3.323471e-01	-3.292786e-01	-3.828523e-01	-3.441250e-01	-3.618640e-01	0.000000e+00	1	2.969189e-03
8.801009e-01	2.563427e-01	-1.941484e-01	-1.967149e-01	-1.974579e-01	-2.186335e-01	-2.132122e-01	0.000000e+00	1	2.961841e-03
5.987255e-01	6.653873e-01	1.219674e-02	1.211410e-02	5.366326e-02	-3.896217e-03	2.747987e-02	0.000000e+00	1	2.961196e-03
3.686935e-02	9.624386e-01	3.275325e-01	3.582098e-01	3.692949e-01	3.764370e-01	3.820958e-01	0.000000e+00	1	2.960989e-03
8.961438e-01	2.199215e-01	-2.476236e-01	-1.970585e-01	-2.078367e-01	-2.207527e-01	-2.539232e-01	0.000000e+00	1	2.957982e-03
3.400918e-01	8.410964e-01	1.512731e-01	1.577206e-01	1.577364e-01	1.837008e-01	1.454993e-01	0.000000e+00	1	2.944369e-03
2.894395e-01	8.655389e-01	1.621268e-01	1.874155e-01	2.024717e-01	1.912503e-01	1.873755e-01	0.000000e+00	1	2.941717e-03
7.085065e-01	5.476189e-01	-5.844605e-02	-4.331234e-02	-6.788331e-02	-2.822609e-02	-4.782432e-02	0.000000e+00	1	2.937464e-03
2.518146e-01	8.820097e-01	1.981048e-01	2.041056e-01	2.185584e-01	1.963444e-01	2.154181e-01	0.000000e+00	1	2.937257e-03
9.577665e-01	4.899099e-02	-3.323471e-01	-3.292786e-01	-3.679719e-01	-3.489041e-01	-3.624505e-01	0.000000e+00	1	2.933912e-03
8.105765e-01	3.976548e-01	-1.358640e-01	-1.357588e-01	-1.547231e-01	-9.918897e-02	-1.211614e-01	0.000000e+00	1	2.928089e-03
1.272604e-01	9.302138e-01	2.951902e-01	2.800480e-01	2.752170e-01	2.891544e-01	2.725793e-01	0.000000e+00	1	2.917152e-03
2.697319e-02	9.655501e-01	3.643171e-01	3.691270e-01	3.747968e-01	3.772866e-01	3.820958e-01	0.000000e+00	1	2.913726e-03
9.461255e-02	9.420191e-01	3.143264e-01	3.201470e-01	2.816309e-01	2.931772e-01	3.270365e-01	0.000000e+00	1	2.911686e-03
9.744938e-01	1.017073e-02	-4.309248e-01	-4.044008e-01	-3.734030e-01	-3.959035e-01	-4.405939e-01	0.000000e+00	1	2.906912e-03
7.410482e-01	5.048338e-01	-7.392150e-02	-5.118260e-02	-6.972618e-02	-8.531802e-02	-8.223526e-02	0.000000e+00	1	2.906581e-03
4.014231e-01	8.080953e-01	1.009491e-01	1.427102e-01	1.375779e-01	1.329850e-01	1.216911e-01	0.000000e+00	1	2.893844e-03
7.323322e-01	5.165430e-01	-8.281959e-02	-6.088331e-02	-5.620112e-02	-5.667413e-02	-7.392160e-02	0.000000e+00	1	2.893805e-03
9.298814e-01	1.296903e-01	-2.938087e-01	-3.114507e-01	-2.626657e-01	-2.767982e-01	-2.632512e-01	0.000000e+00	1	2.884845e-03
6.860892e-01	5.750505e-01	-2.393386e-02	-4.506928e-02	-5.412471e-02	-4.063924e-02	-5.537612e-03	0.000000e+00	1	2.863514e-03
8.652307e-01	2.904366e-01	-2.086679e-01	-1.677290e-01	-1.800635e-01	-1.986143e-01	-1.735004e-01	0.000000e+00	1	2.861748e-03
9.496198e-01	7.168168e-02	-3.449798e-01	-3.138673e-01	-3.150628e-01	-3.293192e-01	-3.256214e-01	0.000000e+00	1	2.858888e-03
6.325470e-01	6.320167e-01	1.084726e-02	8.479115e-03	-1.466586e-02	3.610988e-04	-5.827722e-03	0.000000e+00	1	2.853341e-03
8.216541e-02	9.458397e-01	3.196540e-01	3.086013e-01	3.249728e-01	3.188392e-01	3.099895e-01	0.000000e+00	1	2.849070e-03
5.448598e-01	7.113665e-01	1.781892e-02	6.489673e-02	3.916368e-02	6.757765e-02	6.514603e-02	0.000000e+00	1	2.848267e-03
9.052506e-01	1.948327e-01	-2.267755e-01	-2.289223e-01	-2.456528e-01	-2.470659e-01	-2.477763e-01	0.000000e+00	1	2.846555e-03
6.514969e-01	6.126416e-01	-1.436506e-02	-3.111815e-02	-7.899852e-03	-1.619947e-03	-4.086900e-03	0.000000e+00	1	2.839293e-03
2.583707e-02	9.659614e-01	3.716828e-01	3.691270e-01	3.747968e-01	3.772866e-01	3.820958e-01	0.000000e+00	1	2.826158e-03
7.995024e-01	4.176016e-01	-1.318685e-01	-8.944405e-02	-1.544382e-01	-9.884035e-02	-1.215180e-01	0.000000e+00	1	2.817850e-03
2.703918e-01	8.741034e-01	1.794166e-01	2.144709e-01	1.884342e-01	2.075836e-01	1.923136e-01	0.000000e+00	1	2.812648e-03
5.752212e-01	6.854861e-01	3.880103e-02	2.192861e-02	2.460054e-02	5.629923e-02	2.637772e-02	0.000000e+00	1	2.808676e-03
5.217114e-01	7.284640e-01	5.952459e-02	4.686263e-02	7.864724e-02	6.133766e-02	7.009841e-02	0.000000e+00	1	2.806937e-03
2.805969e-01	8.696008e-01	1.829309e-01	1.755931e-01	1.923287e-01	2.162485e-01	1.876000e-01	0.000000e+00	1	2.801753e-03
8.941735e-01	2.230795e-01	-2.267441e-01	-2.141163e-01	-2.448684e-01	-2.205968e-01	-2.080957e-01	0.000000e+00	1	2.800165e-03
4.257179e-01	7.934233e-01	9.720084e-02	1.202790e-01	1.079785e-01	1.228140e-01	1.232942e-01	0.000000e+00	1	2.797273e-03
5.012942e-01	7.438169e-01	6.259605e-02	7.835947e-02	9.221801e-02	5.302028e-02	8.618074e-02	0.000000e+00	1	2.790412e-03
8.284185e-01	3.646169e-01	-1.523174e-01	-1.214616e-01	-1.432567e-01	-1.509772e-01	-1.638353e-01	0.000000e+00	1	2.786290e-03
5.172712e-01	7.317685e-01	5.424249e-02	5.761169e-02	7.864724e-02	7.725786e-02	6.072167e-02	0.000000e+00	1	2.783587e-03
6.814974e-01	5.806190e-01	-1.436506e-02	-4.895812e-02	-4.931704e-02	-3.884934e-02	-2.323567e-03	0.000000e+00	1	2.783300e-03
9.322053e-01	1.231068e-01	-2.908358e-01	-2.661215e-01	-2.626657e-01	-3.031374e-01	-3.082681e-01	0.000000e+00	1	2.778621e-03
9.351467e-01	1.142159e-01	-2.949473e-01	-3.113510e-01	-2.632083e-01	-3.002367e-01	-2.917202e-01	0.000000e+00	1	2.776029e-03
7.325418e-01	5.162722e-01	-8.281959e-02	-6.088331e-02	-5.620112e-02	-5.667413e-02	-7.467236e-02	0.000000e+00	1	2.772613e-03
7.120221e-01	5.428326e-01	-5.601975e-02	-4.444520e-02	-6.788331e-02	-4.218589e-02	-4.782432e-02	0.000000e+00	1	2.770854e-03
9.213799e-01	1.534390e-01	-2.828278e-01	-2.327851e-01	-2.630235e-01	-2.628120e-01	-2.870860e-01	0.000000e+00	1	2.770659e-03
3.437371e-01	8.393061e-01	1.512731e-01	1.577206e-01	1.426341e-01	1.837008e-01	1.512420e-01	0.000000e+00	1	2.768155e-03
7.432032e-01	5.018845e-01	-8.984051e-02	-5.530528e-02	-6.972618e-02	-8.531802e-02	-7.018499e-02	0.000000e+00	1	2.763940e-03
7.468926e-01	4.967957e-01	-6.924773e-02	-9.209850e-02	-7.260979e-02	-9.125079e-02	-5.893986e-02	0.000000e+00	1	2.760345e-03
1.771528e-01	9.119578e-01	2.578390e-01	2.454766e-01	2.586214e-01	2.393515e-01	2.480891e-01	0.000000e+00	1	2.754739e-03
2.049741e-01	9.014571e-01	2.437189e-01	2.454766e-01	2.274520e-01	2.102881e-01	2.402262e-01	0.000000e+00	1	2.753941e-03
9.196561e-01	1.571006e-01	-2.491135e-01	-2.648690e-01	-2.660437e-01	-2.846433e-01	-2.493178e-01	0.000000e+00	1	2.742982e-03
4.537139e-01	7.770438e-01	6.886350e-02	1.015603e-01	9.221801e-02	1.000013e-01	1.383296e-01	0.000000e+00	1	2.728228e-03
3.766702e-01	8.218292e-01	1.406618e-01	1.232008e-01	1.290964e-01	1.588427e-01	1.482738e-01	0.000000e+00	1	2.726123e-03
6.919403e-03	9.749956e-01	4.027909e-01	3.985796e-01	4.285217e-01	4.199414e-01	4.083336e-01	0.000000e+00	1	2.719994e-03
1.496778e-01	9.225543e-01	2.899554e-01	2.445335e-01	2.568554e-01	2.816865e-01	2.663957e-01	0.000000e+00	1	2.714194e-03
3.531272e-01	8.353958e-01	1.552408e-01	1.090889e-01	1.535419e-01	1.790162e-01	1.681862e-01	0.000000e+00	1	2.713061e-03
9.425173e-01	9.230981e-02	-3.186415e-01	-3.052825e-01	-3.109682e-01	-3.196351e-01	-2.880348e-01	0.000000e+00	1	2.704472e-03
5.955833e-02	9.545782e-01	3.298743e-01	3.399110e-01	3.217739e-01	3.199025e-01	3.825602e-01	0.000000e+00	1	2.685519e-03
2.198111e-01	8.961988e-01	2.102305e-01	2.147921e-01	2.425471e-01	2.598882e-01	2.001119e-01	0.000000e+00	1	2.681981e-03
1.426769e-02	9.712263e-01	4.036147e-01	3.843171e-01	3.968614e-01	4.127086e-01	3.780205e-01	0.000000e+00	1	2.677096e-03
5.820439e-01	6.794470e-01	3.910657e-02	1.211410e-02	4.323286e-02	2.208171e-02	3.178813e-02	0.000000e+00	1	2.676994e-03
7.503989e-01	4.915497e-01	-7.307998e-02	-9.205056e-02	-7.260979e-02	-9.125079e-02	-6.875144e-02	0.000000e+00	1	2.673036e-03
4.196458e-01	7.971758e-01	9.608199e-02	1.198819e-01	1.205605e-01	1.320976e-01	1.190720e-01	0.000000e+00	1	2.671471e-03
4.184966e-01	7.975707e-01	1.129623e-01	1.201848e-01	1.099692e-01	1.249541e-01	1.218187e-01	0.000000e+00	1	2.670746e-03
8.742143e-01	2.702580e-01	-2.015319e-01	-1.910623e-01	-2.000703e-01	-2.158531e-01	-1.742966e-01	0.000000e+00	1	2.656757e-03
2.991577e-01	8.610918e-01	1.841204e-01	1.850700e-01	1.534056e-01	1.917762e-01	1.903798e-01	0.000000e+00	1	2.656067e-03
6.838362e-01	5.768618e-01	-3.682038e-02	-2.962664e-02	-1.547892e-02	-3.712887e-02	-4.386432e-02	0.000000e+00	1	2.655455e-03
8.783039e-01	2.616673e-01	-1.919453e-01	-1.866060e-01	-2.305090e-01	-2.149612e-01	-1.838119e-01	0.000000e+00	1	2.654795e-03
7.961271e-01	4.214949e-01	-9.625986e-02	-1.078134e-01	-1.297124e-01	-1.226754e-01	-1.265660e-01	0.000000e+00	1	2.643902e-03
8.105883e-01	3.976152e-01	-1.358640e-01	-1.357588e-01	-1.544382e-01	-9.918897e-02	-1.215180e-01	0.000000e+00	1	2.643553e-03
6.153723e-01	6.498557e-01	1.722684e-02	-2.518243e-02	7.232924e-03	2.188927e-02	3.134217e-02	0.000000e+00	1	2.634754e-03
8.644645e-01	2.914565e-01	-1.876244e-01	-1.683161e-01	-1.820508e-01	-1.854539e-01	-2.011567e-01	0.000000e+00	1	2.632372e-03
9.280580e-01	1.345679e-01	-2.733327e-01	-2.681799e-01	-2.626657e-01	-3.120009e-01	-2.743023e-01	0.000000e+00	1	2.622685e-03
1.533031e-01	9.214534e-01	2.965946e-01	2.800099e-01	2.582895e-01	2.452109e-01	2.490422e-01	0.000000e+00	1	2.622005e-03
8.460970e-01	3.301595e-01	-1.783970e-01	-1.671264e-01	-1.593108e-01	-1.758516e-01	-1.414701e-01	0.000000e+00	1	2.620139e-03
1.664692e-01	9.170784e-01	2.870956e-01	2.598767e-01	2.232666e-01	2.827720e-01	2.370744e-01	0.000000e+00	1	2.609781e-03
6.229093e-02	9.534001e-01	3.541239e-01	3.068232e-01	3.183713e-01	3.593222e-01	3.394401e-01	0.000000e+00	1	2.600452e-03
7.431716e-01	5.038657e-01	-1.059023e-01	-1.005034e-01	-4.783705e-02	-6.160460e-02	-5.223100e-02	0.000000e+00	1	2.599749e-03
4.504836e-01	7.796995e-01	9.608199e-02	1.198819e-01	1.231949e-01	5.273640e-02	1.190720e-01	0.000000e+00	1	2.598007e-03
4.821605e-01	7.568974e-01	7.309183e-02	7.835947e-02	9.390036e-02	9.738709e-02	7.997972e-02	0.000000e+00	1	2.588655e-03
6.188327e-01	6.465496e-01	2.318837e-02	1.096398e-02	-2.429791e-02	4.742729e-04	3.187440e-02	0.000000e+00	1	2.577825e-03
1.946534e-01	9.052460e-01	2.314562e-01	2.340411e-01	2.350180e-01	2.477454e-01	2.480295e-01	0.000000e+00	1	2.577023e-03
4.001728e-01	8.086874e-01	1.160851e-01	1.212718e-01	1.532579e-01	1.218715e-01	1.263210e-01	0.000000e+00	1	2.575549e-03
9.109451e-01	1.807816e-01	-2.672063e-01	-2.378423e-01	-2.621953e-01	-2.255248e-01	-2.477445e-01	0.000000e+00	1	2.570098e-03
9.712334e-01	1.466737e-02	-3.929339e-01	-4.029886e-01	-3.679825e-01	-3.968139e-01	-4.147149e-01	0.000000e+00	1	2.557062e-03
5.140347e-01	7.345989e-01	7.543190e-02	4.685161e-02	9.076612e-02	5.488966e-02	7.020724e-02	0.000000e+00	1	2.555442e-03
4.134197e-02	9.603182e-01	3.427686e-01	3.542779e-01	3.465789e-01	3.612542e-01	3.753896e-01	0.000000e+00	1	2.544966e-03
6.519249e-02	9.524113e-01	3.110662e-01	3.345012e-01	3.708532e-01	3.204098e-01	3.277804e-01	0.000000e+00	1	2.544835e-03
7.919705e-01	4.296683e-01	-9.681694e-02	-9.113992e-02	-9.893429e-02	-1.374958e-01	-1.394033e-01	0.000000e+00	1	2.543357e-03
8.888623e-01	2.379627e-01	-2.235000e-01	-1.772934e-01	-2.498244e-01	-2.133874e-01	-2.122287e-01	0.000000e+00	1	2.534486e-03
4.611159e-02	9.585624e-01	3.491781e-01	3.545152e-01	3.374805e-01	3.429705e-01	3.691326e-01	0.000000e+00	1	2.533597e-03
4.632327e-01	7.702860e-01	9.812347e-02	1.042133e-01	8.250750e-02	1.201348e-01	6.947507e-02	0.000000e+00	1	2.530992e-03
3.117951e-01	8.554696e-01	1.787128e-01	1.509169e-01	1.672064e-01	1.681510e-01	2.074131e-01	0.000000e+00	1	2.521641e-03
9.424677e-01	9.245103e-02	-3.186415e-01	-3.052634e-01	-3.104183e-01	-3.196351e-01	-2.880348e-01	0.000000e+00	1	2.521551e-03
7.495329e-01	4.935008e-01	-1.044801e-01	-5.530528e-02	-7.886968e-02	-8.531802e-02	-6.968400e-02	0.000000e+00	1	2.520193e-03
6.825171e-01	5.787422e-01	-9.403695e-03	-3.724130e-02	-4.632964e-02	-2.312280e-02	-4.200444e-02	0.000000e+00	1	2.519310e-03
5.031438e-01	7.435947e-01	8.341313e-02	4.379727e-02	6.302152e-02	1.148202e-01	6.476063e-02	0.000000e+00	1	2.509761e-03
8.869828e-01	2.404088e-01	-2.267441e-01	-2.135898e-01	-1.930422e-01	-2.235899e-01	-2.080957e-01	0.000000e+00	1	2.508568e-03
3.928392e-01	8.128267e-01	1.230082e-01	1.212718e-01	1.556627e-01	1.320821e-01	1.258032e-01	0.000000e+00	1	2.500893e-03
2.487320e-01	8.833552e-01	1.981660e-01	2.070027e-01	2.217759e-01	1.976081e-01	2.166885e-01	0.000000e+00	1	2.496449e-03
9.336656e-01	1.176117e-01	-2.929941e-01	-2.811282e-01	-2.743216e-01	-2.979626e-01	-3.002867e-01	0.000000e+00	1	2.484029e-03
5.727636e-01	6.874908e-01	2.954419e-02	4.128771e-02	2.388645e-02	2.564975e-02	5.443857e-02	0.000000e+00	1	2.481879e-03
8.208268e-01	3.809458e-01	-1.539890e-01	-1.677067e-01	-9.785419e-02	-1.186557e-01	-1.548859e-01	0.000000e+00	1	2.474973e-03
4.417486e-01	7.846642e-01	7.472907e-02	1.195166e-01	1.205605e-01	1.328063e-01	8.491325e-02	0.000000e+00	1	2.472018e-03
3.574342e-01	8.332396e-01	1.664669e-01	1.221617e-01	1.208695e-01	1.804877e-01	1.640785e-01	0.000000e+00	1	2.467519e-03
9.507631e-01	6.842575e-02	-3.501896e-01	-3.234472e-01	-3.150628e-01	-3.293192e-01	-3.256214e-01	0.000000e+00	1	2.463914e-03
6.221575e-01	6.424623e-01	1.270239e-02	2.615491e-02	-2.153419e-03	9.033159e-04	-6.729108e-03	0.000000e+00	1	2.463082e-03
1.137564e-01	9.353900e-01	3.086741e-01	2.805175e-01	3.138878e-01	2.672533e-01	2.935217e-01	0.000000e+00	1	2.460534e-03
1.870066e-01	9.082987e-01	2.527099e-01	2.497299e-01	2.274520e-01	2.372493e-01	2.527382e-01	0.000000e+00	1	2.458926e-03
4.220291e-01	7.958575e-01	9.000517e-02	1.201497e-01	1.250711e-01	1.207934e-01	1.257525e-01	0.000000e+00	1	2.453715e-03
1.682590e-01	9.160150e-01	2.728654e-01	2.598767e-01	2.291717e-01	2.827720e-01	2.370744e-01	0.000000e+00	1	2.452880e-03
4.949574e-02	9.584235e-01	3.509601e-01	3.768123e-01	3.768660e-01	3.370789e-01	3.077033e-01	0.000000e+00	1	2.452065e-03
9.126545e-01	1.764211e-01	-2.672063e-01	-2.558124e-01	-2.625344e-01	-2.210177e-01	-2.477445e-01	0.000000e+00	1	2.448554e-03
9.421702e-02	9.424288e-01	3.202035e-01	2.980046e-01	3.432767e-01	2.929646e-01	2.860769e-01	0.000000e+00	1	2.442234e-03
4.609290e-01	7.722657e-01	8.559319e-02	7.114483e-02	1.274552e-01	8.132111e-02	1.161725e-01	0.000000e+00	1	2.441381e-03
3.775225e-01	8.217442e-01	1.460425e-01	1.214496e-01	1.243266e-01	1.703839e-01	1.368412e-01	0.000000e+00	1	2.441032e-03
7.562067e-01	4.835144e-01	-8.591438e-02	-9.024980e-02	-1.018726e-01	-6.254033e-02	-7.909192e-02	0.000000e+00	1	2.431886e-03
5.813250e-01	6.801458e-01	3.685578e-02	1.211410e-02	4.766422e-02	2.208171e-02	3.178813e-02	0.000000e+00	1	2.431268e-03
8.374957e-01	3.468163e-01	-1.534549e-01	-1.672537e-01	-1.672205e-01	-1.472717e-01	-1.424779e-01	0.000000e+00	1	2.430383e-03
8.693258e-01	2.813570e-01	-1.973056e-01	-1.842333e-01	-1.713876e-01	-2.153617e-01	-1.846443e-01	0.000000e+00	1	2.427272e-03
1.549975e-01	9.206197e-01	2.490433e-01	2.414855e-01	2.837746e-01	2.694201e-01	2.784020e-01	0.000000e+00	1	2.426295e-03
7.347758e-01	5.135427e-01	-8.881095e-02	-6.006946e-02	-5.620112e-02	-5.559384e-02	-7.840959e-02	0.000000e+00	1	2.421001e-03
5.884649e-01	6.736314e-01	4.012932e-02	1.211410e-02	2.466854e-02	2.188927e-02	3.081630e-02	0.000000e+00	1	2.419938e-03
3.949730e-01	8.118745e-01	1.197883e-01	1.112783e-01	1.532579e-01	1.454047e-01	1.232942e-01	0.000000e+00	1	2.414733e-03
1.336101e-01	9.285774e-01	2.657868e-01	2.727839e-01	3.118523e-01	2.898443e-01	2.548830e-01	0.000000e+00	1	2.414056e-03
1.116646e-01	9.359076e-01	3.202035e-01	2.885804e-01	2.816309e-01	2.931772e-01	2.860769e-01	0.000000e+00	1	2.410461e-03
7.348891e-02	9.488623e-01	3.119833e-01	3.342724e-01	3.249728e-01	3.204098e-01	3.277804e-01	0.000000e+00	1	2.409122e-03
1.509245e-01	9.216955e-01	2.613461e-01	2.692485e-01	2.777601e-01	2.550343e-01	2.690522e-01	0.000000e+00	1	2.406827e-03
8.742143e-01	2.702580e-01	-2.015319e-01	-1.910623e-01	-2.000703e-01	-2.158531e-01	-1.742966e-01	0.000000e+00	1	2.405781e-03
8.940665e-01	2.233419e-01	-2.267441e-01	-2.135898e-01	-2.446410e-01	-2.205968e-01	-2.080957e-01	0.000000e+00	1	2.403332e-03
4.798192e-01	7.587723e-01	9.953947e-02	1.038437e-01	7.883631e-02	7.777942e-02	6.956932e-02	0.000000e+00	1	2.400452e-03
8.961438e-01	2.199215e-01	-2.476236e-01	-1.970585e-01	-2.078367e-01	-2.207527e-01	-2.539232e-01	0.000000e+00	1	2.394021e-03
7.751367e-01	4.549431e-01	-8.903163e-02	-1.186062e-01	-1.016399e-01	-9.195594e-02	-9.371858e-02	0.000000e+00	1	2.388233e-03
4.992059e-01	7.451362e-01	7.543190e-02	8.547046e-02	9.076612e-02	5.488966e-02	7.103860e-02	0.000000e+00	1	2.387993e-03
2.345308e-01	8.897551e-01	2.003988e-01	2.263089e-01	2.429655e-01	1.961525e-01	2.174291e-01	0.000000e+00	1	2.387897e-03
7.255471e-01	5.273756e-01	-3.713752e-02	-5.958026e-02	-4.643510e-02	-5.564465e-02	-1.050401e-01	0.000000e+00	1	2.386463e-03
7.347758e-01	5.135427e-01	-8.881095e-02	-6.006946e-02	-5.620112e-02	-5.559384e-02	-7.840959e-02	0.000000e+00	1	2.384061e-03
5.105834e-01	7.372790e-01	4.887822e-02	8.252454e-02	5.394608e-02	6.894431e-02	9.348340e-02	0.000000e+00	1	2.366238e-03
8.903676e-01	2.335866e-01	-2.235000e-01	-1.881176e-01	-2.498244e-01	-2.133874e-01	-2.122287e-01	0.000000e+00	1	2.363395e-03
9.120373e-01	1.799679e-01	-2.471298e-01	-2.330668e-01	-2.138112e-01	-2.705223e-01	-2.834367e-01	0.000000e+00	1	2.362909e-03
5.298474e-01	7.227107e-01	8.362972e-02	4.372726e-02	6.302152e-02	3.956845e-02	6.521174e-02	0.000000e+00	1	2.347968e-03
5.758017e-01	6.850141e-01	3.880103e-02	2.064396e-02	2.460054e-02	5.638712e-02	2.597172e-02	0.000000e+00	1	2.345833e-03
3.285105e-01	8.467769e-01	1.588951e-01	1.686238e-01	1.495941e-01	1.826776e-01	1.662147e-01	0.000000e+00	1	2.342726e-03
3.264574e-01	8.477790e-01	1.621268e-01	1.686238e-01	1.495941e-01	1.826776e-01	1.683578e-01	0.000000e+00	1	2.319432e-03
1.023525e-02	9.744578e-01	4.020519e-01	3.668162e-01	4.303868e-01	4.345569e-01	4.105894e-01	0.000000e+00	1	2.319070e-03
7.830443e-01	4.433580e-01	-1.339378e-01	-1.135957e-01	-8.624476e-02	-9.134984e-02	-1.015940e-01	0.000000e+00	1	2.317166e-03
4.429971e-01	7.835232e-01	9.648133e-02	8.776098e-02	1.135133e-01	1.403083e-01	9.025574e-02	0.000000e+00	1	2.314723e-03
4.223769e-02	9.600063e-01	3.427686e-01	3.493778e-01	3.465789e-01	3.612542e-01	3.753896e-01	0.000000e+00	1	2.312924e-03
1.758215e-01	9.124515e-01	2.578390e-01	2.495240e-01	2.586214e-01	2.393515e-01	2.480891e-01	0.000000e+00	1	2.312699e-03
5.315620e-01	7.209567e-01	4.901706e-02	4.580239e-02	5.394608e-02	6.576597e-02	7.505977e-02	0.000000e+00	1	2.293938e-03
8.483543e-01	3.254920e-01	-1.546442e-01	-1.722158e-01	-1.754477e-01	-1.822196e-01	-1.497702e-01	0.000000e+00	1	2.290624e-03
9.101670e-01	1.831436e-01	-2.319161e-01	-2.671819e-01	-2.684698e-01	-2.345977e-01	-2.318705e-01	0.000000e+00	1	2.285902e-03
3.398689e-01	8.412195e-01	1.460425e-01	1.590064e-01	1.810978e-01	1.649767e-01	1.454286e-01	0.000000e+00	1	2.283337e-03
9.355293e-01	1.136717e-01	-2.877363e-01	-3.155457e-01	-2.594901e-01	-3.020546e-01	-3.002877e-01	0.000000e+00	1	2.278426e-03
7.538552e-01	4.865687e-01	-8.600964e-02	-9.205056e-02	-6.985036e-02	-9.128978e-02	-7.178692e-02	0.000000e+00	1	2.266779e-03
5.287074e-01	7.240311e-01	2.414085e-02	5.761169e-02	7.978876e-02	7.691791e-02	6.072167e-02	0.000000e+00	1	2.263137e-03
9.507631e-01	6.842575e-02	-3.501896e-01	-3.234472e-01	-3.150628e-01	-3.293192e-01	-3.256214e-01	0.000000e+00	1	2.258234e-03
1.691870e-01	9.149799e-01	2.546199e-01	2.692487e-01	2.568544e-01	2.451917e-01	2.483740e-01	0.000000e+00	1	2.255308e-03
2.501875e-01	8.827505e-01	1.981660e-01	2.041056e-01	2.217759e-01	1.965306e-01	2.166885e-01	0.000000e+00	1	2.255065e-03
9.220643e-01	1.514108e-01	-2.491561e-01	-2.998898e-01	-2.660437e-01	-2.699646e-01	-2.497060e-01	0.000000e+00	1	2.253935e-03
5.845610e-01	6.771388e-01	3.767903e-02	1.211410e-02	3.885334e-02	2.208171e-02	3.020738e-02	0.000000e+00	1	2.229188e-03
6.290359e-01	6.362839e-01	-2.079395e-02	2.704856e-02	1.673822e-02	-5.702525e-03	-6.259917e-03	0.000000e+00	1	2.204167e-03
8.872125e-01	2.398957e-01	-2.267441e-01	-2.135898e-01	-1.930422e-01	-2.251048e-01	-2.080957e-01	0.000000e+00	1	2.203140e-03
8.483117e-01	3.255718e-01	-1.546442e-01	-1.722158e-01	-1.754477e-01	-1.819964e-01	-1.497702e-01	0.000000e+00	1	2.197069e-03
6.441083e-01	6.208805e-01	1.084726e-02	8.479115e-03	-3.149157e-02	-1.735100e-02	-5.827722e-03	0.000000e+00	1	2.184746e-03
2.412245e-01	8.867691e-01	2.270052e-01	2.041056e-01	2.325125e-01	1.965306e-01	2.032514e-01	0.000000e+00	1	2.181175e-03
7.965329e-01	4.207533e-01	-9.808996e-02	-1.078134e-01	-1.297124e-01	-1.226754e-01	-1.265660e-01	0.000000e+00	1	2.180805e-03
3.437371e-01	8.393061e-01	1.512731e-01	1.577206e-01	1.426341e-01	1.837008e-01	1.512420e-01	0.000000e+00	1	2.156531e-03
9.680033e-01	2.282137e-02	-3.930115e-01	-3.832572e-01	-3.683334e-01	-4.123148e-01	-3.543830e-01	0.000000e+00	1	2.150051e-03
4.807011e-01	7.578695e-01	7.309183e-02	7.835947e-02	9.221801e-02	9.738709e-02	8.547498e-02	0.000000e+00	1	2.147262e-03
2.938552e-01	8.641034e-01	1.546310e-01	1.704105e-01	1.923287e-01	2.162485e-01	1.876000e-01	0.000000e+00	1	2.142004e-03
