6.782409e-04 9.819591e-01
9.772207e-01 5.764313e-03
3.103448e-01 8.560288e-01
2.210693e-01 8.947556e-01
9.729828e-01 1.690031e-02
9.452822e-01 8.965364e-02
4.912810e-01 7.509918e-01
3.002375e-01 8.605474e-01
9.471382e-01 8.092495e-02
7.897838e-01 4.347462e-01
1.021260e-02 9.754123e-01
2.132744e-01 8.980359e-01
4.979848e-01 7.490843e-01
8.622379e-01 2.981937e-01
6.705464e-01 5.946728e-01
7.270011e-01 5.247906e-01
8.145886e-01 3.934733e-01
4.049090e-02 9.655492e-01
3.774444e-01 8.210517e-01
6.851473e-02 9.513620e-01
2.430725e-01 8.872076e-01
3.336593e-01 8.449720e-01
1.862817e-01 9.098481e-01
8.263676e-01 3.679149e-01
8.433683e-01 3.355745e-01
7.856359e-01 4.408766e-01
5.001044e-01 7.456819e-01
7.225879e-01 5.303595e-01
4.874648e-01 7.536376e-01
1.064853e-01 9.380419e-01
8.411191e-01 3.400687e-01
7.294293e-01 5.233005e-01
3.007616e-02 9.660141e-01
1.126813e-01 9.354654e-01
2.493658e-01 8.854794e-01
3.646975e-01 8.287986e-01
9.748214e-01 9.505455e-03
9.106884e-01 1.834006e-01
4.310665e-01 7.906310e-01
9.187765e-01 1.587008e-01
1.016621e-01 9.408741e-01
7.323870e-01 5.185900e-01
8.580744e-01 3.056370e-01
9.130874e-01 1.777101e-01
5.700107e-01 6.899192e-01
3.715214e-01 8.252622e-01
9.282745e-01 1.388813e-01
5.817143e-01 6.812205e-01
7.721268e-01 4.601889e-01
4.930449e-02 9.612881e-01
5.965061e-01 6.675794e-01
8.883801e-01 2.405223e-01
7.330341e-01 5.158943e-01
4.842442e-01 7.556663e-01
8.109096e-01 3.974572e-01
7.514091e-01 4.912322e-01
9.259638e-01 1.439141e-01
8.595460e-01 3.025935e-01
7.975965e-01 4.214290e-01
8.923909e-01 2.300579e-01
8.182022e-01 3.832384e-01
8.292398e-01 3.648311e-01
6.728828e-01 5.896190e-01
5.678148e-02 9.552048e-01
9.324458e-01 1.254295e-01
1.431725e-01 9.245949e-01
6.232044e-02 9.540544e-01
3.295349e-01 8.468721e-01
8.987173e-01 2.180568e-01
7.145960e-01 5.415573e-01
8.206934e-01 3.794711e-01
3.694228e-01 8.265458e-01
9.186230e-01 1.656007e-01
8.246653e-01 3.723745e-01
6.953490e-01 5.637013e-01
6.982885e-01 5.603474e-01
3.270042e-01 8.482743e-01
7.382419e-01 5.098657e-01
9.157693e-01 1.720950e-01
9.360075e-01 1.169221e-01
3.403182e-01 8.410246e-01
9.655305e-01 2.910246e-02
8.996523e-01 2.130784e-01
9.571277e-01 5.130383e-02
2.081040e-01 9.009701e-01
5.433385e-01 7.123323e-01
5.534806e-01 7.039430e-01
2.654845e-02 9.696909e-01
6.127854e-01 6.514534e-01
5.236104e-01 7.277431e-01
2.526152e-01 8.824482e-01
9.673395e-01 2.544148e-02
1.374755e-01 9.267447e-01
5.181161e-01 7.327864e-01
4.387899e-01 7.875635e-01
1.568700e-01 9.200826e-01
9.395005e-01 1.043460e-01
5.902880e-01 6.740383e-01
2.290455e-01 8.937337e-01
2.576356e-01 8.804559e-01
3.175790e-01 8.533348e-01
8.869849e-01 2.440405e-01
4.673759e-01 7.689275e-01
7.480403e-01 5.006937e-01
8.922096e-01 2.333852e-01
7.915398e-01 4.324061e-01
7.122370e-01 5.453573e-01
6.792148e-01 5.828264e-01
9.371327e-01 1.117677e-01
7.606646e-01 4.793471e-01
6.099937e-01 6.544217e-01
9.333197e-01 1.217903e-01
7.922685e-01 4.283152e-01
4.235187e-01 7.961172e-01
5.669412e-01 6.932016e-01
1.101700e-01 9.377510e-01
7.947725e-01 4.268302e-01
9.491880e-01 7.537919e-02
4.418266e-01 7.838255e-01
2.809942e-01 8.695222e-01
8.153342e-01 3.890429e-01
6.671380e-01 5.978014e-01
9.216479e-01 1.540153e-01
9.523380e-01 6.802065e-02
4.130293e-01 8.012631e-01
4.341779e-01 7.890344e-01
3.202358e-01 8.510121e-01
7.682388e-01 4.693133e-01
9.582728e-01 4.819107e-02
5.557469e-01 7.022932e-01
2.754749e-01 8.722845e-01
9.141336e-01 1.760346e-01
9.440158e-01 9.331710e-02
2.781536e-01 8.711583e-01
6.855513e-01 5.768691e-01
2.921779e-01 8.656099e-01
7.957369e-01 4.230347e-01
3.505384e-01 8.357140e-01
9.299041e-01 1.333286e-01
8.464841e-01 3.288231e-01
2.111044e-01 8.990142e-01
8.839181e-01 2.488703e-01
5.467626e-01 7.096484e-01
2.405253e-01 8.890134e-01
1.911257e-01 9.066680e-01
2.048448e-01 9.021305e-01
7.037582e-01 5.554309e-01
8.039320e-01 4.090734e-01
7.420730e-02 9.491706e-01
6.384435e-01 6.275266e-01
6.415039e-01 6.238026e-01
8.850495e-01 2.461616e-01
7.095360e-02 9.502618e-01
3.588343e-01 8.314752e-01
9.029870e-01 2.048418e-01
3.473737e-01 8.374805e-01
6.182785e-01 6.476649e-01
8.786010e-01 2.619431e-01
9.229384e-01 1.502179e-01
8.090775e-01 4.010799e-01
5.031909e-01 7.424012e-01
4.167018e-02 9.649807e-01
8.347711e-01 3.525425e-01
7.460893e-01 5.026777e-01
2.387287e-01 8.909110e-01
2.838722e-01 8.681879e-01
7.161240e-01 5.393473e-01
5.928635e-01 6.705540e-01
1.585522e-02 9.733474e-01
1.601995e-01 9.185348e-01
7.088037e-01 5.490608e-01
3.448155e-01 8.391978e-01
7.998284e-01 4.170175e-01
6.872192e-01 5.739991e-01
1.292871e-01 9.299762e-01
3.906216e-01 8.145543e-01
7.178402e-01 5.370684e-01
2.319589e-01 8.923735e-01
5.061184e-03 9.769016e-01
9.214343e-01 1.573164e-01
8.068774e-01 4.039611e-01
3.961133e-01 8.106027e-01
9.095910e-01 1.866245e-01
1.816015e-01 9.116651e-01
5.379160e-01 7.170505e-01
6.017338e-01 6.620024e-01
2.691887e-01 8.762831e-01
3.375730e-01 8.425391e-01
6.639862e-01 6.009709e-01
6.771684e-01 5.849659e-01
5.873984e-01 6.752206e-01
2.084760e-02 9.699382e-01
5.663277e-01 6.950212e-01
2.899760e-01 8.678361e-01
2.968885e-01 8.620589e-01
8.717993e-01 2.774220e-01
4.099088e-01 8.031164e-01
4.563178e-02 9.629070e-01
1.669794e-01 9.164913e-01
9.389080e-01 1.086418e-01
2.951377e-02 9.661518e-01
9.289608e-01 1.363403e-01
9.594940e-01 4.529615e-02
2.618664e-01 8.787464e-01
7.698444e-01 4.644561e-01
7.103028e-01 5.461457e-01
8.668641e-01 2.880333e-01
8.549283e-01 3.118628e-01
9.511779e-01 7.240663e-02
7.417635e-01 5.048319e-01
4.814822e-01 7.588027e-01
7.806430e-01 4.481428e-01
7.021755e-01 5.581060e-01
7.549528e-01 4.885511e-01
1.696650e-02 9.722128e-01
5.412166e-01 7.158859e-01
8.027118e-01 4.122093e-01
6.898988e-01 5.724510e-01
6.063347e-01 6.575307e-01
6.556426e-01 6.083818e-01
7.797534e-01 4.499788e-01
5.993625e-01 6.637362e-01
9.434661e-01 9.613219e-02
8.498376e-01 3.262696e-01
1.346750e-03 9.814345e-01
8.654516e-01 2.945042e-01
9.090751e-01 1.924276e-01
5.077192e-01 7.396221e-01
6.271473e-01 6.381748e-01
5.761195e-01 6.859563e-01
1.485404e-01 9.230892e-01
3.978873e-01 8.095573e-01
4.459855e-01 7.816719e-01
6.919885e-01 5.687044e-01
8.690226e-01 2.863328e-01
5.723432e-01 6.877946e-01
8.712679e-01 2.819937e-01
6.401652e-01 6.257785e-01
6.080838e-01 6.555778e-01
1.184346e-01 9.344526e-01
6.312489e-01 6.333480e-01
4.770549e-01 7.606957e-01
5.293226e-01 7.236086e-01
6.515246e-01 6.137770e-01
8.815071e-01 2.550279e-01
9.629101e-01 3.644338e-02
5.775361e-01 6.837466e-01
5.978615e-01 6.650663e-01
4.726183e-01 7.647447e-01
6.162658e-02 9.544341e-01
5.310538e-01 7.217990e-01
8.549283e-01 3.118628e-01
3.886246e-01 8.156205e-01
8.513755e-01 3.227832e-01
6.187704e-01 6.461235e-01
5.626779e-01 6.962953e-01
9.166482e-01 1.689361e-01
5.333774e-01 7.210030e-01
8.954484e-01 2.265159e-01
8.755534e-01 2.686503e-01
4.268082e-01 7.928439e-01
7.371488e-01 5.129343e-01
5.147276e-01 7.343179e-01
6.355700e-01 6.292427e-01
8.741336e-01 2.715712e-01
1.826073e-01 9.103631e-01
7.438260e-01 5.042475e-01
4.268082e-01 7.928439e-01
2.871468e-01 8.679182e-01
4.031190e-01 8.067000e-01
5.838567e-01 6.795169e-01
2.639362e-01 8.776393e-01
2.723829e-01 8.737421e-01
4.700356e-01 7.666833e-01
4.431327e-01 7.831722e-01
8.962603e-01 2.249972e-01
8.485782e-02 9.472298e-01
4.641143e-01 7.715615e-01
9.307959e-01 1.292346e-01
7.527615e-01 4.893688e-01
8.525299e-01 3.184882e-01
8.764172e-01 2.672895e-01
8.019996e-01 4.141065e-01
9.408714e-01 1.015542e-01
5.207836e-01 7.312402e-01
7.570692e-01 4.846977e-01
2.074210e-02 9.712493e-01
1.339871e-01 9.281903e-01
9.755072e-01 8.220298e-03
7.003215e-01 5.590212e-01
8.051886e-02 9.483739e-01
4.366559e-01 7.877607e-01
3.226981e-01 8.496836e-01
6.232899e-01 6.413291e-01
9.554841e-01 5.728968e-02
4.155634e-01 8.002401e-01
4.045537e-01 8.057491e-01
9.420179e-01 9.825314e-02
1.699557e-01 9.150693e-01
7.203820e-01 5.359802e-01
6.436590e-01 6.210176e-01
2.590630e-01 8.799088e-01
7.051546e-01 5.530709e-01
7.209988e-01 5.342422e-01
3.147015e-01 8.544611e-01
5.613970e-01 6.984365e-01
1.945127e-01 9.054660e-01
9.000048e-01 2.098405e-01
8.479683e-01 3.263087e-01
4.817926e-01 7.583455e-01
4.644893e-01 7.700729e-01
4.230791e-01 7.979038e-01
7.698444e-01 4.644561e-01
5.047139e-01 7.413807e-01
4.494263e-01 7.794127e-01
8.544975e-01 3.158453e-01
2.950695e-01 8.646663e-01
1.984911e-01 9.053072e-01
6.147457e-01 6.499370e-01
8.380737e-01 3.456491e-01
9.048421e-01 1.992336e-01
7.491411e-01 4.968038e-01
9.355671e-02 9.430456e-01
7.831978e-01 4.458635e-01
8.230331e-01 3.743307e-01
8.451379e-01 3.320506e-01
3.968758e-03 9.783258e-01
4.481538e-01 7.813340e-01
4.072346e-01 8.048233e-01
5.413109e-01 7.134685e-01
9.013192e-01 2.088374e-01
8.965345e-02 9.438218e-01
7.771532e-01 4.559807e-01
6.465345e-01 6.182753e-01
5.736189e-01 6.867031e-01
3.524549e-01 8.344046e-01
8.053405e-01 4.068413e-01
8.805653e-01 2.566697e-01
8.899088e-01 2.365000e-01
9.518128e-01 7.089115e-02
6.034385e-01 6.603819e-01
8.373567e-01 3.474479e-01
8.217008e-02 9.473881e-01
5.360072e-01 7.201156e-01
7.076959e-01 5.512200e-01
7.214260e-01 5.310871e-01
9.064929e-01 1.941412e-01
9.849047e-02 9.411065e-01
3.820290e-01 8.190368e-01
8.899088e-01 2.365000e-01
1.521213e-01 9.216619e-01
9.646603e-01 3.228625e-02
6.209309e-01 6.436697e-01
8.969616e-01 2.211715e-01
4.749023e-01 7.634333e-01
6.570296e-01 6.073960e-01
7.852067e-01 4.426238e-01
6.534933e-01 6.108082e-01
8.397172e-01 3.435526e-01
5.512049e-01 7.070102e-01
8.631098e-02 9.452471e-01
8.216346e-01 3.768244e-01
9.176530e-01 1.673417e-01
4.633717e-02 9.623993e-01
5.585198e-01 7.006272e-01
3.563465e-01 8.329405e-01
1.339871e-01 9.281903e-01
5.271980e-01 7.246839e-01
9.041809e-01 2.038379e-01
5.858530e-01 6.769678e-01
3.860572e-01 8.166480e-01
7.742987e-01 4.573404e-01
2.017137e-01 9.026000e-01
6.498296e-01 6.146639e-01
6.813657e-01 5.802825e-01
8.172167e-01 3.860913e-01
6.610951e-01 6.026181e-01
5.478713e-01 7.087919e-01
9.705575e-01 2.080473e-02
1.640059e-01 9.174265e-01
1.773267e-01 9.125859e-01
9.488590e-01 7.883559e-02
9.688810e-01 2.328673e-02
9.542302e-01 6.022349e-02
1.741887e-01 9.144031e-01
4.528645e-01 7.779823e-01
6.593846e-01 6.052937e-01
9.536348e-01 6.417856e-02
9.601861e-01 4.293287e-02
5.495522e-01 7.072237e-01
8.738860e-01 2.734801e-01
7.650044e-01 4.733829e-01
5.279327e-02 9.583365e-01
5.589649e-01 7.002257e-01
4.586566e-01 7.737127e-01
8.318342e-01 3.582811e-01
7.494077e-01 4.962700e-01
5.115212e-01 7.376335e-01
7.738430e-01 4.579157e-01
9.060290e-01 1.957254e-01
1.485404e-01 9.230892e-01
9.615925e-01 3.944284e-02
6.924554e-01 5.681725e-01
5.362306e-01 7.183772e-01
5.920816e-01 6.708747e-01
1.743923e-01 9.143476e-01
2.348546e-01 8.911049e-01
6.532479e-01 6.113485e-01
5.137358e-01 7.363867e-01
9.384226e-01 1.104767e-01
4.762853e-01 7.630097e-01
8.712679e-01 2.819937e-01
8.972299e-01 2.205624e-01
3.931906e-01 8.123895e-01
9.736025e-02 9.419982e-01
4.510516e-01 7.783637e-01
3.002375e-01 8.605474e-01
6.254651e-01 6.392239e-01
8.167193e-01 3.869773e-01
6.302216e-01 6.370395e-01
1.220740e-01 9.325269e-01
9.561045e-01 5.543747e-02
1.405409e-01 9.256042e-01
3.930916e-01 8.124502e-01
8.364191e-01 3.494908e-01
6.214828e-01 6.434304e-01
1.773267e-01 9.125859e-01
7.789042e-01 4.533418e-01
9.031212e-02 9.435876e-01
3.618175e-01 8.301688e-01
6.751714e-01 5.892195e-01
8.542109e-01 3.170040e-01
8.337992e-01 3.546411e-01
6.356320e-01 6.291790e-01
1.911257e-01 9.066680e-01
5.251418e-01 7.263663e-01
8.452792e-01 3.317525e-01
9.643523e-01 3.332983e-02
9.536348e-01 6.417856e-02
5.853401e-01 6.784225e-01
1.202728e-01 9.326911e-01
4.714446e-01 7.666746e-01
7.596210e-01 4.810246e-01
8.585422e-01 3.046447e-01
7.631362e-01 4.756918e-01
5.491620e-02 9.577984e-01
6.588338e-01 6.061899e-01
9.415067e-01 1.001592e-01
8.827198e-01 2.519158e-01
2.963345e-01 8.639270e-01
7.588249e-01 4.822776e-01
8.067570e-01 4.063131e-01
7.782796e-02 9.491558e-01
1.691641e-01 9.153639e-01
4.601316e-01 7.719744e-01
7.068225e-01 5.525559e-01
6.607744e-01 6.029800e-01
4.085066e-01 8.040188e-01
5.207836e-01 7.312402e-01
8.299430e-01 3.613976e-01
8.658539e-01 2.912668e-01
6.322422e-01 6.323184e-01
6.768823e-01 5.878785e-01
8.826663e-01 2.520514e-01
9.106565e-01 1.864823e-01
9.622253e-01 3.791480e-02
9.345388e-01 1.186995e-01
9.088968e-01 1.928257e-01
2.006215e-01 9.044061e-01
3.615685e-01 8.302987e-01
6.243450e-01 6.402240e-01
3.457246e-01 8.387509e-01
2.290455e-01 8.937337e-01
9.243788e-01 1.452354e-01
3.383672e-01 8.422758e-01
7.669767e-01 4.699724e-01
6.479790e-01 6.169255e-01
8.660566e-01 2.907464e-01
6.653912e-01 5.995138e-01
6.898556e-01 5.735271e-01
1.536841e-01 9.211102e-01
9.306460e-01 1.298768e-01
9.544096e-01 5.979570e-02
3.795693e-01 8.201429e-01
7.639673e-01 4.743971e-01
9.048421e-01 1.992336e-01
2.340999e-01 8.912219e-01
7.377809e-01 5.104900e-01
9.692509e-01 2.217749e-02
1.957384e-01 9.053577e-01
6.486457e-01 6.161295e-01
7.417635e-01 5.048319e-01
2.511065e-01 8.838579e-01
4.540705e-01 7.762309e-01
4.568328e-01 7.748962e-01
8.332108e-01 3.558584e-01
8.004052e-01 4.161002e-01
8.313639e-01 3.590590e-01
6.322422e-01 6.323184e-01
4.010910e-01 8.087107e-01
