# This file contains stats about hypervolume
1 99982585.564613 
2 99982585.564758 
3 99989610.616893 
4 99992751.122349 
5 99994050.492952 
6 99996603.255746 
7 99996603.267651 
8 99997904.146402 
9 99997904.174611 
10 99998674.748458 
11 99998674.763622 
12 99998772.089477 
13 99999098.851707 
14 99999125.772182 
15 99999143.695124 
16 99999143.700801 
17 99999240.593846 
18 99999256.093018 
19 99999303.343254 
20 99999411.453520 
21 99999470.871949 
22 99999655.537718 
23 99999655.538351 
24 99999660.097598 
25 99999660.098355 
26 99999689.922809 
27 99999760.041380 
28 99999777.635382 
29 99999777.635846 
30 99999777.636287 
31 99999777.636637 
32 99999777.636940 
33 99999778.569507 
34 99999778.569795 
35 99999778.569968 
36 99999778.570083 
37 99999778.570247 
38 99999778.570366 
39 99999778.570535 
40 99999778.795109 
41 99999778.795192 
42 99999778.795323 
43 99999778.795390 
44 99999778.795444 
45 99999778.795514 
46 99999784.530390 
47 99999910.362455 
48 99999934.919967 
49 99999934.919974 
50 99999934.920105 
51 99999934.920183 
52 99999934.920231 
53 99999934.920276 
54 99999934.920324 
55 99999934.920354 
56 99999934.953090 
57 99999934.953109 
58 99999934.953139 
59 99999934.953173 
60 99999937.127336 
61 99999937.127366 
62 99999937.127384 
63 99999960.633160 
64 99999960.633193 
65 99999960.633190 
66 99999960.633198 
67 99999960.633236 
68 99999960.633237 
69 99999960.633289 
70 99999960.633305 
71 99999961.108746 
72 99999961.108779 
73 99999961.108788 
74 99999961.108812 
75 99999971.699683 
76 99999971.699692 
77 99999971.699723 
78 99999971.699733 
79 99999971.699734 
80 99999972.217590 
81 99999972.254117 
82 99999972.254111 
83 99999972.254122 
84 99999972.254117 
85 99999972.254141 
86 99999972.254162 
87 99999972.254167 
88 99999980.568359 
89 99999980.568379 
90 99999980.568405 
91 99999980.568406 
92 99999980.568413 
93 99999983.788934 
94 99999983.788939 
95 99999983.788928 
96 99999991.824343 
97 99999991.898695 
98 99999991.898646 
99 99999991.898677 
100 99999991.898722 
101 99999991.898720 
102 99999991.898742 
103 99999991.898748 
104 99999991.898749 
105 99999991.898764 
106 99999991.898741 
107 99999991.898741 
108 99999992.582667 
109 99999992.582651 
110 99999992.582637 
111 99999992.582656 
112 99999995.189035 
113 99999995.189060 
114 99999995.197011 
115 99999995.197035 
116 99999995.197052 
117 99999995.197059 
118 99999995.197090 
119 99999995.197047 
120 99999995.197064 
121 99999995.197072 
122 99999995.197068 
123 99999995.197080 
124 99999995.197055 
125 99999995.197055 
126 99999995.197067 
127 99999995.197070 
128 99999995.197079 
129 99999995.197085 
130 99999995.197099 
131 99999995.197104 
132 99999995.197113 
133 99999995.197111 
134 99999995.197093 
135 99999995.434733 
136 99999995.434748 
137 99999995.434728 
138 99999995.434731 
139 99999995.434738 
140 99999995.434727 
141 99999995.434728 
142 99999995.434728 
143 99999995.820114 
144 99999995.820108 
145 99999996.126293 
146 99999996.126338 
147 99999996.126322 
148 99999996.126301 
149 99999996.126269 
150 99999996.201416 
151 99999996.201426 
152 99999996.201447 
153 99999996.201424 
154 99999996.201417 
155 99999996.201400 
156 99999996.201385 
157 99999996.201405 
158 99999996.201396 
159 99999996.201375 
160 99999996.201400 
161 99999996.201434 
162 99999996.201464 
163 99999996.201449 
164 99999996.201464 
165 99999996.201463 
166 99999996.201436 
167 99999996.201460 
168 99999996.201442 
169 99999996.299698 
170 99999996.299727 
171 99999996.299710 
172 99999996.299712 
173 99999996.299712 
174 99999996.299724 
175 99999996.299729 
176 99999996.299696 
177 99999996.299671 
178 99999996.299671 
179 99999996.299688 
180 99999996.299669 
181 99999996.299691 
182 99999996.299683 
183 99999996.299700 
184 99999996.299691 
185 99999996.299679 
186 99999996.299663 
187 99999996.299668 
188 99999996.299672 
189 99999996.299683 
190 99999996.299688 
191 99999996.299716 
192 99999996.299676 
193 99999996.299674 
194 99999996.299673 
195 99999996.299657 
196 99999996.299655 
197 99999996.299667 
198 99999996.299681 
199 99999997.648868 
200 99999997.648885 
201 99999997.648884 
202 99999997.648915 
203 99999997.648902 
204 99999997.648897 
205 99999997.648872 
206 99999997.648888 
207 99999997.648883 
208 99999997.648867 
209 99999997.648867 
210 99999997.648870 
211 99999997.648832 
212 99999997.648833 
213 99999997.648880 
214 99999997.864078 
215 99999997.864079 
216 99999997.864098 
217 99999997.864124 
218 99999997.864122 
219 99999997.864120 
220 99999998.154067 
221 99999998.224690 
222 99999998.224687 
223 99999998.224713 
224 99999998.224716 
225 99999998.224730 
226 99999998.224737 
227 99999998.224740 
228 99999998.224698 
229 99999998.224759 
230 99999998.224752 
231 99999998.224727 
232 99999998.224741 
233 99999998.229914 
234 99999998.229905 
235 99999998.350363 
236 99999998.350351 
237 99999998.350351 
238 99999998.350340 
239 99999998.350339 
240 99999998.350357 
241 99999998.648544 
242 99999998.648564 
243 99999998.648539 
244 99999998.648520 
245 99999998.648524 
246 99999998.648536 
247 99999998.648518 
248 99999998.648514 
249 99999998.648499 
250 99999998.648485 
