# This file contains stats about hypervolume
1 99980390.850043 
2 99981676.770727 
3 99985557.186333 
4 99986326.657459 
5 99991610.170009 
6 99992454.973287 
7 99992936.799583 
8 99994190.430351 
9 99995076.105869 
10 99995076.130237 
11 99996154.312141 
12 99997020.004889 
13 99997020.017080 
14 99997068.472834 
15 99997729.611251 
16 99997881.517560 
17 99998021.141253 
18 99998660.966969 
19 99998968.016845 
20 99999411.855741 
21 99999411.862867 
22 99999411.865471 
23 99999411.867283 
24 99999411.871862 
25 99999411.873356 
26 99999411.874696 
27 99999411.875024 
28 99999411.875932 
29 99999411.877101 
30 99999411.878549 
31 99999411.879067 
32 99999411.879814 
33 99999411.880296 
34 99999411.881006 
35 99999411.881446 
36 99999411.882303 
37 99999413.493537 
38 99999415.294072 
39 99999415.294956 
40 99999415.295624 
41 99999415.296060 
42 99999415.296455 
43 99999415.296736 
44 99999415.297089 
45 99999415.297594 
46 99999415.297824 
47 99999415.297762 
48 99999415.297782 
49 99999506.747791 
50 99999506.747709 
51 99999506.747970 
52 99999506.748623 
53 99999545.787412 
54 99999545.787589 
55 99999545.787686 
56 99999545.787973 
57 99999547.782597 
58 99999547.782610 
59 99999547.782719 
60 99999547.782717 
61 99999575.788896 
62 99999575.789284 
63 99999575.789401 
64 99999575.789419 
65 99999575.789258 
66 99999575.789519 
67 99999575.789429 
68 99999575.789374 
69 99999575.789653 
70 99999575.789785 
71 99999583.253187 
72 99999583.253433 
73 99999583.468885 
74 99999583.468837 
75 99999583.469067 
76 99999583.468862 
77 99999583.469010 
78 99999583.469156 
79 99999583.469251 
80 99999583.469560 
81 99999583.469291 
82 99999583.469264 
83 99999583.469372 
84 99999606.281578 
85 99999606.281850 
86 99999606.281845 
87 99999606.281882 
88 99999613.126918 
89 99999613.127101 
90 99999613.127271 
91 99999613.127595 
92 99999613.127807 
93 99999618.681949 
94 99999618.681859 
95 99999618.681778 
96 99999618.681847 
97 99999618.681511 
98 99999618.681519 
99 99999757.957966 
100 99999757.957879 
