9.807598e-01 1.656969e-02
7.569964e-03 9.771278e-01
2.920150e-01 8.646470e-01
9.259368e-01 1.414043e-01
9.330438e-01 1.292625e-01
2.386394e-01 8.891834e-01
5.752783e-01 6.908559e-01
9.124344e-01 1.776342e-01
3.212046e-01 8.545619e-01
5.673065e-01 7.018921e-01
6.528148e-01 6.373144e-01
7.703834e-01 4.636768e-01
9.458209e-01 9.873304e-02
8.189587e-01 4.043484e-01
3.476807e-01 8.389376e-01
6.571032e-01 6.092761e-01
1.434798e-01 9.325381e-01
1.151053e-01 9.365045e-01
1.750189e-01 9.205285e-01
2.443283e-02 9.718558e-01
8.518696e-01 3.252602e-01
8.799835e-01 2.674458e-01
9.758413e-01 3.049870e-02
6.070570e-01 6.576815e-01
7.625962e-01 4.861244e-01
5.228841e-01 7.304309e-01
2.693378e-01 8.781471e-01
4.074388e-01 8.074794e-01
9.670605e-01 4.726017e-02
1.893608e-01 9.099806e-01
7.119790e-01 5.683217e-01
5.940430e-01 6.711997e-01
5.438537e-01 7.152880e-01
3.717374e-01 8.274521e-01
8.040865e-01 4.120531e-01
3.953039e-01 8.164463e-01
7.326629e-01 5.263598e-01
7.436787e-01 5.173470e-01
4.301053e-01 8.023898e-01
7.134392e-01 5.491263e-01
8.727868e-01 2.833507e-01
8.640094e-02 9.518527e-01
7.978803e-01 4.229488e-01
7.493933e-01 5.044122e-01
4.408905e-02 9.682943e-01
2.706795e-01 8.776117e-01
6.824092e-02 9.547918e-01
4.705421e-01 7.667502e-01
6.295515e-01 6.374850e-01
4.468978e-01 7.865017e-01
7.796722e-01 4.506539e-01
8.662923e-01 2.905599e-01
2.275509e-01 8.958136e-01
8.832321e-01 2.493937e-01
8.256213e-01 3.839111e-01
7.900950e-01 4.345269e-01
8.979028e-01 2.229322e-01
9.619685e-01 5.939851e-02
4.570536e-01 7.764133e-01
5.353085e-01 7.225042e-01
4.799922e-01 7.634217e-01
9.027484e-01 2.055142e-01
6.692309e-01 5.948757e-01
7.536581e-01 4.909377e-01
8.391692e-01 3.472987e-01
9.052061e-01 1.982648e-01
9.539058e-01 7.958010e-02
9.698063e-02 9.465687e-01
2.024167e-01 9.055203e-01
8.869746e-01 2.411730e-01
6.175798e-01 6.477114e-01
3.811767e-01 8.206155e-01
8.257984e-01 3.779730e-01
4.994378e-01 7.542593e-01
8.931792e-01 2.289581e-01
4.909964e-01 7.550009e-01
8.594568e-01 3.119125e-01
9.598192e-01 7.298104e-02
8.642087e-01 3.092890e-01
1.082862e-01 9.430255e-01
9.100963e-01 1.821609e-01
3.311697e-01 8.474075e-01
4.263595e-01 8.041965e-01
9.484883e-01 9.225235e-02
6.826284e-01 5.814283e-01
6.801712e-01 5.840108e-01
5.098114e-01 7.407349e-01
7.842088e-01 4.425613e-01
6.690116e-01 6.046897e-01
3.381326e-01 8.436111e-01
7.242770e-01 5.371895e-01
5.649924e-02 9.581626e-01
8.454158e-01 3.426714e-01
5.949468e-01 6.695015e-01
5.082002e-01 7.425980e-01
8.326361e-01 3.611377e-01
7.206232e-01 5.390948e-01
4.886580e-02 9.600332e-01
6.234779e-01 6.436429e-01
7.569964e-03 9.771278e-01
