# This file contains the data of final feasible population (if found)
# of objectives = 2, # of constraints = 0, # of real_var = 5, # of bits of bin_var = 0, constr_violation, rank, crowding_distance
9.642654e-01	4.513247e-02	-4.112885e-01	-3.750725e-01	-4.346838e-01	-3.258558e-01	-2.897239e-01	0.000000e+00	1	5.251721e-03
6.629088e-01	6.038425e-01	-4.808777e-02	3.182169e-02	-4.724621e-02	6.090790e-03	-3.283655e-02	0.000000e+00	1	5.512020e-04
2.496629e-01	8.855841e-01	2.344079e-01	2.451672e-01	2.387443e-01	1.725006e-01	1.605134e-01	0.000000e+00	1	8.031158e-03
2.629518e-01	8.779009e-01	1.848836e-01	2.039368e-01	2.290426e-01	2.140342e-01	1.731148e-01	0.000000e+00	1	1.194216e-02
8.025161e-01	4.153525e-01	-1.568081e-01	-8.803641e-02	-8.284478e-02	-1.648969e-01	-1.141441e-01	0.000000e+00	1	1.061593e-02
3.121175e-02	9.722638e-01	3.772243e-01	3.054937e-01	4.984907e-01	4.100474e-01	3.951031e-01	0.000000e+00	1	8.783376e-03
5.173046e-01	7.356758e-01	1.682093e-02	3.524574e-02	1.005415e-01	1.132965e-01	7.074050e-02	0.000000e+00	1	3.453795e-03
4.485509e-01	7.808394e-01	1.040938e-01	1.439816e-01	7.182810e-02	1.161150e-01	7.981147e-02	0.000000e+00	1	2.979817e-03
7.852919e-01	4.536243e-01	-1.248210e-01	-7.877208e-02	-1.236138e-02	-1.894933e-01	-1.166895e-01	0.000000e+00	1	4.712394e-03
4.019408e-01	8.144499e-01	8.157742e-02	7.657578e-02	1.105998e-01	2.025323e-01	1.829684e-01	0.000000e+00	1	1.384397e-03
4.182287e-01	8.011331e-01	1.229696e-01	1.661541e-01	1.453747e-01	1.031454e-01	6.242832e-02	0.000000e+00	1	1.166643e-03
7.899347e-01	4.408439e-01	-1.248210e-01	-6.482855e-02	-1.853207e-01	-5.566914e-02	-1.166439e-01	0.000000e+00	1	4.145683e-03
8.791289e-01	2.612875e-01	-1.687854e-01	-2.219355e-01	-2.026400e-01	-2.369793e-01	-1.815837e-01	0.000000e+00	1	9.140338e-03
4.931155e-01	7.510210e-01	5.790341e-02	5.003437e-02	7.542136e-02	9.161309e-02	1.224412e-01	0.000000e+00	1	6.372054e-03
9.683358e-01	4.109857e-02	-4.692100e-01	-3.688832e-01	-4.346838e-01	-3.416944e-01	-2.921130e-01	0.000000e+00	1	5.278655e-03
2.750559e-01	8.776375e-01	1.685841e-01	1.484828e-01	2.910602e-01	2.193720e-01	1.670519e-01	0.000000e+00	1	1.068953e-02
9.167331e-01	1.721597e-01	-3.021758e-01	-2.349623e-01	-2.378137e-01	-2.059323e-01	-3.030490e-01	0.000000e+00	1	1.031474e-02
7.626274e-02	9.518839e-01	3.828982e-01	3.059616e-01	3.765027e-01	2.557511e-01	3.306757e-01	0.000000e+00	1	3.360881e-03
4.651169e-01	7.742984e-01	1.575840e-01	6.829841e-02	1.053770e-01	2.499265e-02	1.260870e-01	0.000000e+00	1	5.830718e-03
9.106226e-01	1.982517e-01	-1.511462e-01	-2.719617e-01	-2.047622e-01	-2.946120e-01	-3.039603e-01	0.000000e+00	1	2.068864e-03
8.305995e-01	3.611515e-01	-1.458773e-01	-1.298502e-01	-1.569811e-01	-1.305675e-01	-1.787639e-01	0.000000e+00	1	8.653300e-03
2.882371e-01	8.705064e-01	1.926957e-01	1.874123e-01	2.686371e-01	1.790874e-01	1.247959e-01	0.000000e+00	1	1.012616e-03
4.700492e-01	7.656484e-01	1.040938e-01	8.428796e-02	7.182810e-02	1.161150e-01	7.981147e-02	0.000000e+00	1	7.021170e-03
7.945592e-01	4.355513e-01	-2.953153e-02	-1.152780e-01	-1.267177e-01	-1.912964e-01	-1.021702e-01	0.000000e+00	1	1.728272e-03
2.008696e-01	9.076128e-01	2.502059e-01	2.395373e-01	1.699131e-01	3.224537e-01	2.239894e-01	0.000000e+00	1	8.826720e-03
7.320295e-01	5.203928e-01	-8.213827e-02	-2.371505e-02	-3.782190e-02	-7.380687e-02	-1.079164e-01	0.000000e+00	1	9.916616e-03
8.260140e-01	3.715218e-01	-1.683499e-01	-1.236862e-01	-1.083804e-01	-1.385988e-01	-1.789452e-01	0.000000e+00	1	1.371763e-02
7.228026e-01	5.384330e-01	-1.109293e-01	-6.771506e-02	-2.161175e-02	1.729327e-02	-1.020784e-01	0.000000e+00	1	1.089880e-02
4.792594e-01	7.634647e-01	1.296191e-01	1.402846e-01	3.604062e-02	5.864882e-02	7.655752e-02	0.000000e+00	1	4.879486e-03
3.595400e-01	8.343179e-01	1.040749e-01	1.628391e-01	1.575359e-01	2.133781e-01	1.180277e-01	0.000000e+00	1	5.113553e-03
3.106144e-01	8.582769e-01	1.848836e-01	2.039368e-01	1.113895e-01	2.140342e-01	1.700794e-01	0.000000e+00	1	9.339648e-03
6.618374e-01	6.160342e-01	-2.683426e-02	7.644510e-02	-1.171062e-01	1.292497e-02	-1.643955e-02	0.000000e+00	1	6.905795e-03
7.838377e-01	4.549340e-01	-1.283001e-01	-7.883592e-02	-1.862657e-02	-1.894933e-01	-1.017662e-01	0.000000e+00	1	2.232346e-03
1.237042e-01	9.379377e-01	1.798420e-01	3.059616e-01	3.465779e-01	3.196263e-01	3.280257e-01	0.000000e+00	1	1.039354e-02
8.007013e-01	4.272692e-01	-1.403254e-01	-5.733831e-02	-7.711430e-02	-2.146898e-01	-1.006367e-01	0.000000e+00	1	7.953307e-03
3.693424e-01	8.293996e-01	1.856403e-01	1.348802e-01	1.907452e-01	8.190032e-02	1.377146e-01	0.000000e+00	1	6.098213e-03
9.752174e-01	3.699949e-02	-5.204680e-01	-3.750758e-01	-4.453360e-01	-2.847122e-01	-4.203611e-01	0.000000e+00	1	2.557470e-03
8.965661e-01	2.243301e-01	-2.195138e-01	-2.304823e-01	-1.760024e-01	-2.055029e-01	-2.948028e-01	0.000000e+00	1	6.508709e-03
7.151688e-01	5.453168e-01	-1.278232e-02	-1.781023e-02	-1.223569e-01	-7.252955e-02	-3.597561e-02	0.000000e+00	1	7.704305e-03
4.250476e-01	7.986752e-01	1.126683e-01	4.099780e-02	1.153219e-01	1.629714e-01	1.546551e-01	0.000000e+00	1	7.769798e-03
3.607498e-01	8.318273e-01	1.834487e-01	1.582236e-01	1.050246e-01	1.651275e-01	1.346336e-01	0.000000e+00	1	3.648378e-03
9.836470e-02	9.442642e-01	3.433430e-01	2.258474e-01	3.618910e-01	3.218605e-01	3.031313e-01	0.000000e+00	1	2.417321e-02
9.437931e-01	9.356811e-02	-3.290646e-01	-2.498560e-01	-3.296177e-01	-3.056854e-01	-3.401101e-01	0.000000e+00	1	1.271926e-02
4.157049e-01	8.028061e-01	1.229696e-01	1.628675e-01	1.558039e-01	1.031454e-01	6.242832e-02	0.000000e+00	1	8.213378e-03
5.140099e-01	7.409913e-01	3.034098e-02	1.639123e-01	4.924505e-02	4.542627e-02	6.287965e-02	0.000000e+00	1	6.293296e-03
3.639239e-01	8.316451e-01	2.072742e-01	1.062844e-01	1.643831e-01	1.503368e-01	1.147915e-01	0.000000e+00	1	5.685768e-03
2.107847e-01	9.055109e-01	1.682894e-01	2.150919e-01	2.493980e-01	2.141112e-01	3.396534e-01	0.000000e+00	1	3.027856e-03
8.381693e-01	3.543565e-01	-1.470176e-01	-2.215501e-01	-1.082864e-01	-1.100580e-01	-1.865978e-01	0.000000e+00	1	2.346397e-03
6.656474e-01	6.019987e-01	-3.137267e-02	3.965583e-02	-7.217400e-02	-2.389745e-02	-9.625594e-03	0.000000e+00	1	3.417811e-03
6.595642e-01	6.171675e-01	-2.485807e-02	-5.060993e-02	1.610858e-02	8.458008e-02	-9.083310e-02	0.000000e+00	1	3.037876e-03
4.269457e-01	7.948297e-01	7.202918e-02	1.474321e-01	1.459274e-01	9.161309e-02	1.171871e-01	0.000000e+00	1	6.005559e-03
4.002171e-01	8.154047e-01	8.157742e-02	7.898931e-02	1.105998e-01	2.025323e-01	1.850479e-01	0.000000e+00	1	3.590994e-03
5.437791e-01	7.173468e-01	4.345719e-02	5.355115e-02	-1.932225e-02	7.275968e-02	1.171871e-01	0.000000e+00	1	1.023239e-02
8.989357e-01	2.193299e-01	-2.195138e-01	-2.349623e-01	-1.798239e-01	-2.055029e-01	-3.030490e-01	0.000000e+00	1	3.920955e-03
4.485509e-01	7.808394e-01	1.040938e-01	1.439816e-01	7.182810e-02	1.161150e-01	7.981147e-02	0.000000e+00	1	9.692892e-03
9.825127e-01	2.122917e-02	-4.425745e-01	-4.379714e-01	-3.651763e-01	-5.676596e-01	-4.365617e-01	0.000000e+00	1	1.000000e+14
6.941845e-01	5.740978e-01	-3.800614e-02	4.880889e-02	-7.256549e-02	-2.667623e-02	-9.672295e-02	0.000000e+00	1	2.668819e-03
1.526495e-01	9.277928e-01	3.287934e-01	1.845632e-01	3.476328e-01	2.357591e-01	2.798727e-01	0.000000e+00	1	9.476264e-03
2.107847e-01	9.055109e-01	1.682894e-01	2.150919e-01	2.493980e-01	2.141112e-01	3.396534e-01	0.000000e+00	1	6.927265e-03
9.584725e-01	7.257166e-02	-3.290646e-01	-2.548753e-01	-3.296177e-01	-4.746019e-01	-3.481801e-01	0.000000e+00	1	1.393144e-02
7.116808e-01	5.514826e-01	4.456022e-03	-1.692802e-02	-1.260410e-01	-7.252955e-02	-3.597561e-02	0.000000e+00	1	5.527166e-03
5.995914e-01	6.676908e-01	8.923924e-04	7.580512e-02	-2.943478e-02	1.742030e-02	3.952872e-02	0.000000e+00	1	3.644790e-03
8.711133e-01	2.836465e-01	-2.165413e-01	-1.260514e-01	-2.026400e-01	-2.369793e-01	-1.766366e-01	0.000000e+00	1	9.148944e-03
9.286538e-01	1.413051e-01	-3.185202e-01	-2.756156e-01	-1.959964e-01	-2.946120e-01	-3.060174e-01	0.000000e+00	1	8.839672e-03
3.492509e-01	8.414446e-01	1.736867e-01	1.527731e-01	8.390991e-02	1.489709e-01	2.300026e-01	0.000000e+00	1	2.619697e-03
3.186224e-01	8.542978e-01	1.582511e-01	2.036134e-01	1.152594e-01	2.143067e-01	1.708822e-01	0.000000e+00	1	4.175628e-03
9.583794e-01	8.707486e-02	-2.052009e-01	-2.924833e-01	-4.250122e-01	-4.463461e-01	-3.572352e-01	0.000000e+00	1	1.003610e-02
8.069134e-01	4.130330e-01	-1.446810e-01	-5.961575e-02	-1.049966e-01	-2.032584e-01	-1.089799e-01	0.000000e+00	1	7.798699e-03
8.853550e-01	2.559267e-01	-1.377409e-01	-2.191226e-01	-1.751740e-01	-2.316925e-01	-2.817989e-01	0.000000e+00	1	8.301293e-03
8.416773e-01	3.506819e-01	-1.224227e-01	-1.811075e-01	-8.243124e-02	-2.306470e-01	-1.723250e-01	0.000000e+00	1	5.257070e-03
4.157049e-01	8.028061e-01	1.229696e-01	1.628675e-01	1.558039e-01	1.031454e-01	6.242832e-02	0.000000e+00	1	1.003719e-03
6.757220e-01	5.927218e-01	-2.974868e-02	5.080394e-02	-7.759985e-02	-4.563889e-02	-2.521391e-02	0.000000e+00	1	5.835003e-03
8.479607e-01	3.317318e-01	-1.493562e-01	-2.193282e-01	-1.108493e-01	-1.691741e-01	-1.789452e-01	0.000000e+00	1	1.216566e-03
2.415006e-01	8.912818e-01	2.241557e-01	1.789665e-01	2.910602e-01	2.404768e-01	1.512778e-01	0.000000e+00	1	2.527980e-03
7.243608e-01	5.334790e-01	-1.278232e-02	-1.692802e-02	-1.227016e-01	-7.252955e-02	-6.921893e-02	0.000000e+00	1	6.767386e-03
8.419789e-01	3.423540e-01	-1.687083e-01	-1.298502e-01	-2.025685e-01	-1.172330e-01	-1.787639e-01	0.000000e+00	1	1.228783e-03
4.757708e-01	7.654383e-01	4.480529e-02	5.003437e-02	1.459274e-01	9.161309e-02	1.171871e-01	0.000000e+00	1	2.823355e-03
6.469951e-01	6.229492e-01	-5.674701e-03	4.361671e-02	-6.666082e-02	2.686814e-02	-3.498742e-02	0.000000e+00	1	3.729506e-03
4.379860e-01	7.890085e-01	1.011443e-01	1.422570e-01	7.182810e-02	1.577027e-01	7.474198e-02	0.000000e+00	1	1.340317e-02
7.087474e-01	5.521868e-01	-8.213827e-02	-7.331162e-02	-2.610716e-02	-7.380687e-02	1.488300e-02	0.000000e+00	1	8.235344e-03
8.499451e-01	3.261466e-01	-1.683499e-01	-2.193282e-01	-1.344277e-01	-1.385988e-01	-1.789452e-01	0.000000e+00	1	8.507675e-03
9.689922e-01	3.967026e-02	-4.571467e-01	-3.733507e-01	-3.719607e-01	-4.403776e-01	-2.762913e-01	0.000000e+00	1	2.747317e-03
9.225470e-01	1.556076e-01	-2.443803e-01	-3.164156e-01	-2.086487e-01	-2.879385e-01	-2.780785e-01	0.000000e+00	1	1.838297e-03
4.954266e-02	9.593357e-01	3.828786e-01	3.059616e-01	3.465779e-01	3.983507e-01	3.280257e-01	0.000000e+00	1	7.839470e-03
7.585571e-01	4.825465e-01	-8.213827e-02	-9.492529e-02	-6.186913e-02	-5.570504e-02	-1.314935e-01	0.000000e+00	1	7.974627e-03
7.794585e-01	4.590894e-01	-3.575082e-02	-9.935402e-02	-7.476396e-02	-1.894933e-01	-1.021702e-01	0.000000e+00	1	2.829739e-03
9.113674e-01	1.967523e-01	-1.511462e-01	-2.758277e-01	-2.047622e-01	-2.946120e-01	-3.058165e-01	0.000000e+00	1	3.486543e-04
5.747824e-01	6.922679e-01	-3.355812e-02	5.330798e-02	1.023478e-01	4.771835e-02	1.095425e-02	0.000000e+00	1	4.042824e-03
2.228628e-01	8.962448e-01	2.674323e-01	2.171725e-01	2.505511e-01	2.200950e-01	1.703757e-01	0.000000e+00	1	4.117688e-03
2.009925e-01	9.075659e-01	2.502059e-01	2.391674e-01	1.699131e-01	3.224537e-01	2.239894e-01	0.000000e+00	1	6.196277e-03
5.548345e-01	7.060574e-01	4.662323e-02	5.101960e-02	3.637383e-02	-5.480136e-03	1.034899e-01	0.000000e+00	1	1.957658e-02
9.332266e-01	1.407884e-01	-3.226902e-01	-2.552667e-01	-3.652717e-01	-3.088528e-01	-1.760454e-01	0.000000e+00	1	6.577929e-03
2.876439e-01	8.706039e-01	1.988016e-01	1.158419e-01	2.535539e-01	2.094119e-01	1.759059e-01	0.000000e+00	1	1.987464e-03
5.865954e-01	6.830013e-01	-3.355812e-02	4.940426e-02	1.051389e-01	3.712510e-02	-9.674999e-03	0.000000e+00	1	3.651275e-03
5.082622e-01	7.416605e-01	1.682093e-02	5.842353e-02	1.005415e-01	1.132965e-01	7.074050e-02	0.000000e+00	1	5.279235e-03
7.547545e-01	4.898431e-01	-1.109293e-01	-6.771506e-02	-2.153379e-02	-1.072003e-01	-1.020784e-01	0.000000e+00	1	5.650825e-03
6.880965e-01	5.825481e-01	-1.142683e-01	5.213938e-02	-3.233364e-02	-4.312674e-02	-2.535049e-02	0.000000e+00	1	3.878031e-03
7.730595e-01	4.653166e-01	-3.575082e-02	-9.935402e-02	-1.642192e-01	-7.757612e-02	-1.021702e-01	0.000000e+00	1	1.408293e-02
3.000833e-01	8.628354e-01	1.730615e-01	1.532361e-01	1.416250e-01	2.204235e-01	2.227283e-01	0.000000e+00	1	2.549127e-03
3.136922e-01	8.544927e-01	1.582511e-01	2.036134e-01	1.799717e-01	1.724235e-01	1.528314e-01	0.000000e+00	1	6.193585e-03
2.436917e-01	8.896908e-01	2.605213e-01	2.194458e-01	2.551054e-01	2.065991e-01	1.345265e-01	0.000000e+00	1	4.400441e-03
4.853920e-01	7.589739e-01	1.078386e-01	7.057772e-02	1.219329e-01	1.452843e-02	1.091369e-01	0.000000e+00	1	7.378467e-03
6.224321e-01	6.478136e-01	-2.535411e-03	-5.887537e-02	5.584049e-02	-2.462467e-03	4.693469e-02	0.000000e+00	1	7.157151e-03
6.042031e-01	6.659231e-01	-2.236237e-02	3.406352e-02	-4.145752e-02	7.786122e-02	4.666529e-02	0.000000e+00	1	0.000000e+00
5.225190e-01	7.328603e-01	6.400277e-02	5.100087e-02	-4.214971e-03	1.103720e-01	1.034899e-01	0.000000e+00	1	7.094053e-03
5.026680e-01	7.464487e-01	1.312421e-01	3.842706e-02	1.087080e-01	4.870653e-02	4.952138e-02	0.000000e+00	1	5.951674e-03
7.849921e-02	9.501022e-01	3.828982e-01	3.059616e-01	3.488493e-01	2.617239e-01	3.306757e-01	0.000000e+00	1	1.326242e-02
4.587010e-01	7.764012e-01	9.829295e-02	1.296949e-01	1.453747e-01	8.190032e-02	3.897456e-02	0.000000e+00	1	4.833654e-03
2.145883e-01	9.018852e-01	2.502059e-01	1.701159e-01	2.070112e-01	3.114717e-01	2.239894e-01	0.000000e+00	1	4.567556e-03
2.893330e-01	8.703283e-01	2.204000e-01	1.947669e-01	2.473994e-01	1.065534e-01	1.818788e-01	0.000000e+00	1	2.147127e-03
5.454987e-01	7.137944e-01	-3.158947e-03	7.587814e-02	7.967599e-02	2.105250e-02	8.509234e-02	0.000000e+00	1	5.721547e-03
9.238853e-01	1.514512e-01	-2.568690e-01	-3.164156e-01	-2.086487e-01	-2.879385e-01	-2.780785e-01	0.000000e+00	1	3.690343e-04
3.873780e-01	8.165107e-01	1.302393e-01	1.141955e-01	1.643831e-01	1.503368e-01	1.147915e-01	0.000000e+00	1	9.885311e-03
9.560063e-01	9.194072e-02	-1.956706e-01	-2.924833e-01	-4.250122e-01	-4.218902e-01	-3.572352e-01	0.000000e+00	1	8.459267e-03
6.284151e-01	6.423895e-01	1.569360e-03	-5.932236e-02	5.584049e-02	4.507888e-02	-2.173755e-02	0.000000e+00	1	5.804423e-03
8.822323e-01	2.565210e-01	-2.261124e-01	-1.525498e-01	-1.846613e-01	-2.457902e-01	-2.209458e-01	0.000000e+00	1	5.887795e-03
2.850806e-01	8.740067e-01	2.383142e-01	1.110270e-01	2.570322e-01	2.144632e-01	1.495841e-01	0.000000e+00	1	4.184916e-03
7.131049e-01	5.458833e-01	-3.091866e-02	-7.133307e-02	-4.892785e-02	-2.710811e-03	-1.028313e-01	0.000000e+00	1	2.984287e-03
5.188927e-01	7.334521e-01	1.682093e-02	5.760982e-02	1.172132e-01	6.773544e-02	7.074050e-02	0.000000e+00	1	4.149958e-03
2.245480e-01	8.950520e-01	2.383142e-01	2.451672e-01	2.500549e-01	2.141112e-01	1.703757e-01	0.000000e+00	1	2.961059e-03
8.900982e-01	2.448911e-01	-1.716488e-01	-2.600645e-01	-1.928303e-01	-2.885472e-01	-1.642884e-01	0.000000e+00	1	0.000000e+00
6.261258e-01	6.465946e-01	-4.524072e-02	7.568973e-02	-5.163838e-02	1.742030e-02	3.524368e-02	0.000000e+00	1	1.813042e-03
6.728559e-01	5.974052e-01	-1.018018e-01	2.676991e-02	-4.023363e-02	2.072506e-02	-2.147214e-02	0.000000e+00	1	1.995856e-03
6.343538e-01	6.388800e-01	-4.524072e-02	7.907020e-02	-5.163838e-02	-1.047176e-02	3.524368e-02	0.000000e+00	1	2.424685e-03
4.182287e-01	8.011331e-01	1.229696e-01	1.661541e-01	1.453747e-01	1.031454e-01	6.242832e-02	0.000000e+00	1	4.788958e-03
6.787211e-01	5.876897e-01	3.751507e-02	-1.948706e-02	-3.160866e-02	-6.431533e-02	-6.156020e-02	0.000000e+00	1	7.026758e-03
7.628560e-01	4.775850e-01	-3.575082e-02	-9.935402e-02	-7.256549e-02	-1.316682e-01	-1.021702e-01	0.000000e+00	1	1.219176e-02
6.120220e-01	6.610357e-01	-4.016113e-02	1.921442e-02	8.886324e-02	5.083277e-02	-4.325190e-02	0.000000e+00	1	7.531186e-04
8.974111e-01	2.218022e-01	-2.505650e-01	-1.623195e-01	-2.053733e-01	-2.457902e-01	-2.686607e-01	0.000000e+00	1	2.072941e-03
2.625688e-02	9.762931e-01	4.403139e-01	5.265509e-01	3.956959e-01	3.306779e-01	3.837228e-01	0.000000e+00	1	8.092767e-03
9.805227e-01	2.966043e-02	-4.571467e-01	-4.411305e-01	-3.651763e-01	-5.676596e-01	-3.537460e-01	0.000000e+00	1	7.568849e-03
9.106896e-01	1.981948e-01	-1.511462e-01	-2.712992e-01	-2.047622e-01	-2.938773e-01	-3.058165e-01	0.000000e+00	1	8.160433e-04
5.332917e-01	7.213779e-01	4.354415e-02	3.782851e-02	1.087080e-01	4.876583e-02	4.952138e-02	0.000000e+00	1	9.425862e-03
8.381693e-01	3.543565e-01	-1.470176e-01	-2.215501e-01	-1.082864e-01	-1.100580e-01	-1.865978e-01	0.000000e+00	1	3.621417e-03
3.715089e-01	8.274315e-01	1.856403e-01	1.348802e-01	1.531752e-01	8.190032e-02	1.669489e-01	0.000000e+00	1	5.266954e-03
8.305518e-01	3.692133e-01	-1.156738e-01	-2.146084e-01	-1.082864e-01	-1.096169e-01	-1.865978e-01	0.000000e+00	1	3.537582e-03
6.733426e-01	5.935760e-01	-8.048550e-02	2.374715e-02	3.876102e-03	-4.313779e-02	-2.613679e-02	0.000000e+00	1	3.915552e-03
7.372672e-01	5.130430e-01	-3.800614e-02	-9.935402e-02	-7.256549e-02	-3.283900e-02	-1.021702e-01	0.000000e+00	1	7.266653e-03
6.134533e-01	6.562533e-01	-2.270763e-02	3.406352e-02	-4.782930e-02	4.972873e-02	5.234388e-02	0.000000e+00	1	1.417816e-03
2.265040e-01	8.941575e-01	2.383142e-01	2.390111e-01	2.500549e-01	2.141112e-01	1.703757e-01	0.000000e+00	1	2.075626e-03
7.775735e-01	4.594661e-01	-8.213827e-02	-9.685491e-02	-5.879935e-02	-7.380687e-02	-1.847856e-01	0.000000e+00	1	4.098266e-03
8.911828e-01	2.365465e-01	-2.213734e-01	-1.838350e-01	-1.751740e-01	-2.306062e-01	-2.780785e-01	0.000000e+00	1	6.856132e-03
1.397724e-02	9.793491e-01	4.403139e-01	5.265509e-01	3.956959e-01	4.148305e-01	3.837228e-01	0.000000e+00	1	0.000000e+00
7.571079e-01	4.882633e-01	-1.450875e-01	-8.030857e-02	-2.327470e-02	-9.816327e-02	-6.974145e-02	0.000000e+00	1	3.725252e-03
9.117034e-01	1.784362e-01	-2.317751e-01	-2.463259e-01	-2.490497e-01	-2.473729e-01	-2.723684e-01	0.000000e+00	1	1.557849e-02
9.093083e-01	2.008007e-01	-1.513053e-01	-2.712992e-01	-2.047622e-01	-2.833186e-01	-3.058165e-01	0.000000e+00	1	7.808645e-03
7.488128e-01	4.981857e-01	-8.213827e-02	-7.331162e-02	-2.610716e-02	-7.380687e-02	-1.314935e-01	0.000000e+00	1	5.682773e-03
4.019408e-01	8.144499e-01	8.157742e-02	7.657578e-02	1.105998e-01	2.025323e-01	1.829684e-01	0.000000e+00	1	4.936363e-03
7.857469e-01	4.455627e-01	-1.137376e-01	-8.803641e-02	-4.265133e-02	-1.707880e-01	-1.162977e-01	0.000000e+00	1	6.799398e-03
7.449597e-01	5.086496e-01	-8.723617e-02	-2.839279e-02	-1.448328e-01	-1.155767e-02	-9.454825e-02	0.000000e+00	1	4.031152e-03
4.918976e-01	7.541243e-01	1.299331e-01	2.598831e-02	1.146386e-01	5.864882e-02	7.655752e-02	0.000000e+00	1	3.154231e-03
9.361484e-01	1.360819e-01	-4.123261e-01	-2.497098e-01	-2.080100e-01	-3.187223e-01	-2.674246e-01	0.000000e+00	1	1.142597e-02
8.935509e-01	2.304797e-01	-2.280243e-01	-1.838350e-01	-1.809751e-01	-2.348788e-01	-2.780785e-01	0.000000e+00	1	7.188016e-03
9.767957e-01	3.567280e-02	-4.183796e-01	-3.130361e-01	-4.771812e-01	-3.468983e-01	-5.280121e-01	0.000000e+00	1	6.554489e-03
8.740442e-01	2.813362e-01	-1.873346e-01	-2.201698e-01	-1.866935e-01	-1.164025e-01	-2.629069e-01	0.000000e+00	1	1.071800e-02
8.462205e-01	3.354446e-01	-1.683499e-01	-2.193282e-01	-1.129541e-01	-1.385988e-01	-1.789452e-01	0.000000e+00	1	4.416617e-03
6.728559e-01	5.974052e-01	-1.018018e-01	2.676991e-02	-4.023363e-02	2.072506e-02	-2.147214e-02	0.000000e+00	1	2.503983e-04
2.915322e-01	8.696392e-01	2.111010e-01	1.190167e-01	1.436374e-01	2.406741e-01	2.318739e-01	0.000000e+00	1	3.856668e-03
9.038741e-01	2.127798e-01	-3.226902e-01	-2.551147e-01	-1.651482e-01	-2.339599e-01	-1.986154e-01	0.000000e+00	1	7.341868e-03
3.495213e-01	8.402155e-01	1.167558e-01	1.422794e-01	1.724599e-01	2.312390e-01	1.220599e-01	0.000000e+00	1	2.611795e-03
5.936930e-01	6.766876e-01	-5.259821e-02	6.549604e-02	7.675227e-02	-5.648227e-03	4.372786e-02	0.000000e+00	1	6.942088e-03
6.042031e-01	6.659231e-01	-2.236237e-02	3.406352e-02	-4.145752e-02	7.786122e-02	4.666529e-02	0.000000e+00	1	3.555242e-03
7.927106e-01	4.399475e-01	-1.450856e-01	-9.275889e-02	-2.610716e-02	-1.894933e-01	-1.021702e-01	0.000000e+00	1	1.415023e-03
4.757708e-01	7.654383e-01	4.480529e-02	5.003437e-02	1.459274e-01	9.161309e-02	1.171871e-01	0.000000e+00	1	0.000000e+00
8.994677e-01	2.163094e-01	-2.039125e-01	-2.214604e-01	-2.978864e-01	-1.904238e-01	-2.342781e-01	0.000000e+00	1	2.737099e-04
3.521499e-01	8.392949e-01	1.167558e-01	1.289818e-01	1.802827e-01	2.312390e-01	1.220599e-01	0.000000e+00	1	1.802930e-03
6.112335e-01	6.610427e-01	-1.720633e-02	5.624613e-02	-2.402584e-02	9.161309e-02	-2.998313e-02	0.000000e+00	1	1.911388e-03
6.677810e-01	5.998819e-01	-7.459776e-03	3.455948e-02	-7.217400e-02	-4.925791e-02	-9.625594e-03	0.000000e+00	1	5.054537e-03
6.334654e-01	6.405391e-01	-3.355812e-02	6.828314e-02	-4.466901e-02	6.240422e-02	-4.156638e-02	0.000000e+00	1	1.127583e-03
1.397724e-02	9.793491e-01	4.403139e-01	5.265509e-01	3.956959e-01	4.148305e-01	3.837228e-01	0.000000e+00	1	0.000000e+00
8.369191e-01	3.588957e-01	-1.593167e-01	-9.275889e-02	-1.970459e-01	-2.139721e-01	-1.021702e-01	0.000000e+00	1	7.435903e-03
6.895282e-01	5.776666e-01	7.788811e-03	8.172088e-03	-1.049411e-01	-6.625506e-02	-1.677553e-02	0.000000e+00	1	1.024679e-03
9.572322e-01	9.060254e-02	-1.975527e-01	-2.924833e-01	-4.250122e-01	-4.366295e-01	-3.572352e-01	0.000000e+00	1	1.328128e-03
7.927106e-01	4.399475e-01	-1.450856e-01	-9.275889e-02	-2.610716e-02	-1.894933e-01	-1.021702e-01	0.000000e+00	1	3.620029e-03
6.093231e-01	6.641666e-01	-3.355812e-02	6.828314e-02	5.806254e-02	5.207056e-02	-6.029802e-02	0.000000e+00	1	4.658346e-03
9.721610e-01	3.960308e-02	-5.051067e-01	-4.411305e-01	-3.421050e-01	-2.940726e-01	-3.970139e-01	0.000000e+00	1	3.540469e-03
7.095188e-02	9.563519e-01	2.944748e-01	3.653151e-01	2.550846e-01	3.684732e-01	4.261263e-01	0.000000e+00	1	5.347692e-03
9.736647e-01	3.748930e-02	-5.051067e-01	-4.411305e-01	-3.421050e-01	-2.940726e-01	-4.292837e-01	0.000000e+00	1	2.929359e-03
4.998984e-01	7.497957e-01	1.098036e-01	4.355998e-02	1.436374e-01	6.183784e-02	2.829931e-02	0.000000e+00	1	7.297358e-03
5.865954e-01	6.830013e-01	-3.355812e-02	4.940426e-02	1.051389e-01	3.712510e-02	-9.674999e-03	0.000000e+00	1	5.498882e-03
5.823032e-01	6.869585e-01	-3.355812e-02	4.849309e-02	1.051389e-01	5.083277e-02	-9.674999e-03	0.000000e+00	1	6.483513e-03
3.521499e-01	8.392949e-01	1.167558e-01	1.289818e-01	1.802827e-01	2.312390e-01	1.220599e-01	0.000000e+00	1	3.231929e-03
6.261258e-01	6.465946e-01	-4.524072e-02	7.568973e-02	-5.163838e-02	1.742030e-02	3.524368e-02	0.000000e+00	1	4.091986e-03
6.939716e-02	9.578267e-01	2.880533e-01	3.972187e-01	2.550846e-01	3.659251e-01	4.233417e-01	0.000000e+00	1	1.133965e-02
6.356323e-01	6.380258e-01	-3.355812e-02	6.828314e-02	-4.628878e-02	5.681448e-02	-4.156638e-02	0.000000e+00	1	3.132221e-03
4.757708e-01	7.654383e-01	4.480529e-02	5.003437e-02	1.459274e-01	9.161309e-02	1.171871e-01	0.000000e+00	1	3.052911e-03
9.205832e-01	1.674107e-01	-2.619989e-01	-3.032718e-01	-1.690391e-01	-2.656343e-01	-3.136507e-01	0.000000e+00	1	9.779876e-03
7.536815e-01	4.957230e-01	-3.368215e-02	-1.209845e-01	-1.241135e-01	-1.072003e-01	-1.455533e-02	0.000000e+00	1	7.405000e-03
7.756851e-01	4.632279e-01	-1.076174e-01	-8.107218e-02	-2.610716e-02	-1.707880e-01	-1.021702e-01	0.000000e+00	1	5.371563e-03
8.305518e-01	3.692133e-01	-1.156738e-01	-2.146084e-01	-1.082864e-01	-1.096169e-01	-1.865978e-01	0.000000e+00	1	4.226527e-03
7.992578e-01	4.278805e-01	-1.076174e-01	-1.646630e-01	-2.610716e-02	-1.707880e-01	-1.162977e-01	0.000000e+00	1	2.527031e-04
2.982402e-01	8.636600e-01	2.235990e-01	1.874123e-01	1.250867e-01	1.743093e-01	2.055082e-01	0.000000e+00	1	8.384955e-04
6.042031e-01	6.659231e-01	-2.236237e-02	3.406352e-02	-4.145752e-02	7.786122e-02	4.666529e-02	0.000000e+00	1	3.287980e-03
8.443675e-01	3.366589e-01	-1.687083e-01	-1.298502e-01	-2.025685e-01	-1.305675e-01	-1.787639e-01	0.000000e+00	1	5.783299e-03
1.397724e-02	9.793491e-01	4.403139e-01	5.265509e-01	3.956959e-01	4.148305e-01	3.837228e-01	0.000000e+00	1	3.341778e-03
6.934157e-01	5.752715e-01	-4.393591e-02	-1.033413e-01	-4.633990e-02	5.293202e-02	-4.153064e-02	0.000000e+00	1	2.496457e-03
5.280471e-01	7.288769e-01	5.790341e-02	5.003437e-02	-6.871342e-03	9.161309e-02	1.171871e-01	0.000000e+00	1	9.597113e-03
3.367806e-01	8.440767e-01	1.582511e-01	2.036134e-01	1.221928e-01	1.724235e-01	1.528314e-01	0.000000e+00	1	8.546907e-03
6.134533e-01	6.562533e-01	-2.270763e-02	3.406352e-02	-4.782930e-02	4.972873e-02	5.234388e-02	0.000000e+00	1	2.885208e-03
1.608634e-01	9.229542e-01	3.316402e-01	2.972106e-01	1.857985e-01	2.357591e-01	2.845090e-01	0.000000e+00	1	5.306347e-03
1.397724e-02	9.793491e-01	4.403139e-01	5.265509e-01	3.956959e-01	4.148305e-01	3.837228e-01	0.000000e+00	1	6.088125e-04
6.098258e-01	6.625352e-01	-7.459776e-03	3.455948e-02	9.749510e-02	1.011373e-02	-5.357716e-02	0.000000e+00	1	2.611024e-03
5.942197e-01	6.761259e-01	-5.259821e-02	6.380063e-02	7.675227e-02	-5.648227e-03	4.372786e-02	0.000000e+00	1	6.896396e-04
6.629088e-01	6.038425e-01	-4.808777e-02	3.182169e-02	-4.724621e-02	6.090790e-03	-3.283655e-02	0.000000e+00	1	9.610059e-04
5.055047e-01	7.427254e-01	6.400277e-02	5.101960e-02	3.637383e-02	1.103720e-01	1.034899e-01	0.000000e+00	1	2.591251e-03
7.992578e-01	4.278805e-01	-1.076174e-01	-1.646630e-01	-2.610716e-02	-1.707880e-01	-1.162977e-01	0.000000e+00	1	4.789622e-03
1.370259e-01	9.298791e-01	2.685914e-01	2.701290e-01	2.639983e-01	3.608449e-01	2.396601e-01	0.000000e+00	1	8.917562e-03
6.728559e-01	5.974052e-01	-1.018018e-01	2.676991e-02	-4.023363e-02	2.072506e-02	-2.147214e-02	0.000000e+00	1	3.901590e-03
5.313776e-01	7.231909e-01	4.354415e-02	6.600409e-02	1.087080e-01	4.876583e-02	2.728309e-02	0.000000e+00	1	4.677028e-03
7.878239e-01	4.430782e-01	-7.331499e-02	-9.935402e-02	-7.256549e-02	-1.920513e-01	-1.021702e-01	0.000000e+00	1	4.613875e-03
9.406214e-01	1.079112e-01	-2.179518e-01	-3.001189e-01	-3.301499e-01	-3.457983e-01	-3.207116e-01	0.000000e+00	1	1.303388e-02
8.900982e-01	2.448911e-01	-1.716488e-01	-2.600645e-01	-1.928303e-01	-2.885472e-01	-1.642884e-01	0.000000e+00	1	4.907346e-03
4.954266e-02	9.593357e-01	3.828786e-01	3.059616e-01	3.465779e-01	3.983507e-01	3.280257e-01	0.000000e+00	1	1.229306e-03
6.950212e-01	5.703924e-01	1.364380e-02	-1.887205e-02	-2.770513e-02	-1.132924e-01	-4.531011e-02	0.000000e+00	1	3.864413e-03
4.543433e-01	7.804276e-01	1.040938e-01	1.465979e-01	1.453747e-01	3.299970e-02	7.981147e-02	0.000000e+00	1	7.097831e-03
7.829729e-01	4.561488e-01	-1.248210e-01	-7.883592e-02	-1.862657e-02	-1.894933e-01	-1.017662e-01	0.000000e+00	1	2.754992e-03
7.076758e-01	5.633298e-01	-2.456995e-02	8.153045e-04	-1.367242e-01	-9.476978e-02	3.090682e-02	0.000000e+00	1	6.375414e-03
8.419789e-01	3.423540e-01	-1.687083e-01	-1.298502e-01	-2.025685e-01	-1.172330e-01	-1.787639e-01	0.000000e+00	1	3.123560e-03
6.179395e-01	6.529196e-01	-4.524072e-02	7.568973e-02	-2.943478e-02	1.742030e-02	3.524368e-02	0.000000e+00	1	4.909522e-04
2.922226e-01	8.657810e-01	2.235990e-01	1.874123e-01	1.386244e-01	1.743093e-01	2.055082e-01	0.000000e+00	1	6.567316e-03
6.618374e-01	6.160342e-01	-2.683426e-02	7.644510e-02	-1.171062e-01	1.292497e-02	-1.643955e-02	0.000000e+00	1	1.805050e-04
1.057750e-02	9.805171e-01	4.403139e-01	5.265509e-01	4.066918e-01	4.148305e-01	4.071994e-01	0.000000e+00	1	1.000000e+14
6.666559e-01	6.009835e-01	-9.894445e-05	3.062975e-02	-7.217400e-02	-4.925791e-02	-9.625594e-03	0.000000e+00	1	2.200905e-03
8.900982e-01	2.448911e-01	-1.716488e-01	-2.600645e-01	-1.928303e-01	-2.885472e-01	-1.642884e-01	0.000000e+00	1	8.192057e-03
8.927835e-01	2.343876e-01	-2.323247e-01	-1.838350e-01	-1.635727e-01	-2.411194e-01	-2.780785e-01	0.000000e+00	1	4.380396e-03
8.994677e-01	2.163094e-01	-2.039125e-01	-2.214604e-01	-2.978864e-01	-1.904238e-01	-2.342781e-01	0.000000e+00	1	4.106528e-03
9.238853e-01	1.514512e-01	-2.568690e-01	-3.164156e-01	-2.086487e-01	-2.879385e-01	-2.780785e-01	0.000000e+00	1	1.316084e-03
6.895282e-01	5.776666e-01	7.788811e-03	8.172088e-03	-1.049411e-01	-6.625506e-02	-1.677553e-02	0.000000e+00	1	3.708133e-03
8.486899e-01	3.301174e-01	-1.683499e-01	-2.193282e-01	-1.108493e-01	-1.542167e-01	-1.789452e-01	0.000000e+00	1	3.931935e-03
3.945426e-02	9.644192e-01	3.964834e-01	3.059616e-01	4.135289e-01	3.983507e-01	3.280257e-01	0.000000e+00	1	4.011915e-03
9.421834e-01	1.027005e-01	-2.249362e-01	-3.001189e-01	-3.269367e-01	-3.457983e-01	-3.350979e-01	0.000000e+00	1	9.107523e-03
6.629088e-01	6.038425e-01	-4.808777e-02	3.182169e-02	-4.724621e-02	6.090790e-03	-3.283655e-02	0.000000e+00	1	7.763440e-03
7.849921e-02	9.501022e-01	3.828982e-01	3.059616e-01	3.488493e-01	2.617239e-01	3.306757e-01	0.000000e+00	1	2.079164e-03
9.059389e-01	2.086105e-01	-2.550577e-01	-1.482218e-01	-2.052729e-01	-3.037925e-01	-2.782752e-01	0.000000e+00	1	9.039279e-03
7.076599e-01	5.633452e-01	-2.456995e-02	8.153045e-04	-1.367242e-01	-9.471976e-02	3.090682e-02	0.000000e+00	1	5.096037e-03
4.918976e-01	7.541243e-01	1.299331e-01	2.598831e-02	1.146386e-01	5.864882e-02	7.655752e-02	0.000000e+00	1	4.964245e-03
8.479607e-01	3.317318e-01	-1.493562e-01	-2.193282e-01	-1.108493e-01	-1.691741e-01	-1.789452e-01	0.000000e+00	1	2.830475e-03
9.637646e-01	4.666267e-02	-4.112885e-01	-3.688832e-01	-4.346838e-01	-3.242737e-01	-2.888185e-01	0.000000e+00	1	1.095774e-02
4.670671e-01	7.734718e-01	1.575840e-01	7.018578e-02	1.053770e-01	1.901983e-02	1.260870e-01	0.000000e+00	1	7.045926e-03
2.982402e-01	8.636600e-01	2.235990e-01	1.874123e-01	1.250867e-01	1.743093e-01	2.055082e-01	0.000000e+00	1	4.201162e-03
9.572322e-01	9.060254e-02	-1.975527e-01	-2.924833e-01	-4.250122e-01	-4.366295e-01	-3.572352e-01	0.000000e+00	1	2.428887e-03
6.334654e-01	6.405391e-01	-3.355812e-02	6.828314e-02	-4.466901e-02	6.240422e-02	-4.156638e-02	0.000000e+00	1	1.321794e-03
2.812110e-01	8.754139e-01	1.685841e-01	1.494227e-01	2.910602e-01	2.193720e-01	1.512778e-01	0.000000e+00	1	3.899887e-03
6.314042e-01	6.406680e-01	-6.613883e-03	5.278695e-02	-5.932741e-02	5.872912e-02	-3.134549e-02	0.000000e+00	1	3.562539e-03
7.131049e-01	5.458833e-01	-3.091866e-02	-7.133307e-02	-4.892785e-02	-2.710811e-03	-1.028313e-01	0.000000e+00	1	8.090840e-04
3.405073e-01	8.425615e-01	1.582511e-01	2.036134e-01	1.136367e-01	1.724235e-01	1.528314e-01	0.000000e+00	1	2.008557e-03
7.132329e-01	5.457366e-01	-3.091866e-02	-7.176307e-02	-4.892785e-02	-2.710811e-03	-1.028313e-01	0.000000e+00	1	1.167788e-03
7.571079e-01	4.882633e-01	-1.450875e-01	-8.030857e-02	-2.327470e-02	-9.816327e-02	-6.974145e-02	0.000000e+00	1	2.034064e-03
6.595642e-01	6.171675e-01	-2.485807e-02	-5.060993e-02	1.610858e-02	8.458008e-02	-9.083310e-02	0.000000e+00	1	6.708650e-03
9.113674e-01	1.967523e-01	-1.511462e-01	-2.758277e-01	-2.047622e-01	-2.946120e-01	-3.058165e-01	0.000000e+00	1	9.719595e-03
2.145883e-01	9.018852e-01	2.502059e-01	1.701159e-01	2.070112e-01	3.114717e-01	2.239894e-01	0.000000e+00	1	3.846528e-03
3.207692e-01	8.534663e-01	1.582511e-01	2.036134e-01	1.113895e-01	2.140342e-01	1.700794e-01	0.000000e+00	1	8.828748e-03
4.808958e-01	7.611349e-01	9.684755e-02	3.182169e-02	1.304909e-01	1.104459e-01	6.430613e-02	0.000000e+00	1	3.991456e-03
3.405073e-01	8.425615e-01	1.582511e-01	2.036134e-01	1.136367e-01	1.724235e-01	1.528314e-01	0.000000e+00	1	3.938612e-03
8.852660e-01	2.560485e-01	-2.445161e-01	-1.345705e-01	-2.074254e-01	-1.821864e-01	-2.763053e-01	0.000000e+00	1	1.916172e-03
7.450787e-01	5.067340e-01	-2.642596e-02	-1.855894e-02	-1.197035e-01	-1.181177e-01	-8.619747e-02	0.000000e+00	1	1.183233e-03
7.994535e-01	4.275888e-01	-1.871884e-01	-1.413856e-01	-2.742784e-02	-1.140751e-01	-1.162265e-01	0.000000e+00	1	1.061186e-03
6.976916e-01	5.653996e-01	-5.227808e-02	-2.839279e-02	-2.884421e-02	8.462363e-03	-1.018589e-01	0.000000e+00	1	3.592496e-03
6.976752e-01	5.701289e-01	-8.685058e-02	5.080394e-02	-7.843605e-02	-5.846328e-02	-2.381870e-02	0.000000e+00	1	3.976151e-03
3.574996e-01	8.384302e-01	2.130957e-01	1.399950e-01	1.224884e-01	8.190032e-02	2.142045e-01	0.000000e+00	1	6.395892e-03
6.385371e-01	6.310416e-01	-1.224849e-02	4.425127e-02	-4.959739e-02	4.012001e-02	-3.399890e-02	0.000000e+00	1	6.717835e-03
1.832002e-01	9.137772e-01	2.383142e-01	2.150919e-01	2.500549e-01	2.141112e-01	3.393546e-01	0.000000e+00	1	1.038369e-02
3.466283e-01	8.423862e-01	1.736867e-01	1.527731e-01	8.948797e-02	1.489709e-01	2.300026e-01	0.000000e+00	1	5.080168e-03
4.836127e-01	7.601034e-01	1.078386e-01	7.057772e-02	1.241674e-01	1.684915e-02	1.091369e-01	0.000000e+00	1	3.439340e-03
5.313776e-01	7.231909e-01	4.354415e-02	6.600409e-02	1.087080e-01	4.876583e-02	2.728309e-02	0.000000e+00	1	1.929626e-03
2.187028e-01	8.971829e-01	2.403005e-01	2.440799e-01	2.522138e-01	2.212233e-01	1.758710e-01	0.000000e+00	1	2.140092e-03
8.245774e-01	3.896350e-01	-1.004771e-01	-1.187827e-01	-6.647885e-02	-2.499611e-01	-1.613158e-01	0.000000e+00	1	1.618567e-02
9.811916e-01	2.549014e-02	-3.503080e-01	-4.520503e-01	-4.074916e-01	-5.676596e-01	-4.292837e-01	0.000000e+00	1	3.087086e-03
5.486230e-01	7.111503e-01	4.354415e-02	-2.020579e-03	1.087080e-01	4.876583e-02	5.054593e-02	0.000000e+00	1	8.835409e-03
7.810996e-01	4.575172e-01	-1.009953e-01	-8.106881e-02	-2.622305e-02	-1.894933e-01	-1.095495e-01	0.000000e+00	1	3.340654e-03
9.111195e-01	1.971766e-01	-1.511462e-01	-2.758277e-01	-2.047622e-01	-2.946120e-01	-3.039603e-01	0.000000e+00	1	1.100538e-03
9.263075e-01	1.509189e-01	-2.372309e-01	-3.616074e-01	-2.166725e-01	-2.727901e-01	-2.780785e-01	0.000000e+00	1	7.741439e-03
8.147691e-01	3.914766e-01	-1.068458e-01	-1.301968e-01	-1.245545e-01	-1.237758e-01	-1.795401e-01	0.000000e+00	1	1.695495e-02
6.365487e-01	6.329327e-01	-5.674701e-03	4.361671e-02	-4.959739e-02	4.012001e-02	-3.399890e-02	0.000000e+00	1	3.105332e-03
3.585035e-02	9.685594e-01	4.626487e-01	3.110427e-01	4.135289e-01	3.983507e-01	3.280257e-01	0.000000e+00	1	8.329001e-03
1.555838e-01	9.245748e-01	3.316402e-01	2.972106e-01	1.857985e-01	2.511499e-01	2.845090e-01	0.000000e+00	1	4.995141e-03
4.485509e-01	7.808394e-01	1.040938e-01	1.439816e-01	7.182810e-02	1.161150e-01	7.981147e-02	0.000000e+00	1	2.146552e-04
1.168183e-01	9.415445e-01	3.452285e-01	1.788612e-01	3.618910e-01	3.218605e-01	3.100385e-01	0.000000e+00	1	1.633311e-02
6.426743e-01	6.260899e-01	-3.355812e-02	3.303689e-02	-5.229023e-02	3.712510e-02	-9.674999e-03	0.000000e+00	1	6.152149e-03
8.974111e-01	2.218022e-01	-2.505650e-01	-1.623195e-01	-2.053733e-01	-2.457902e-01	-2.686607e-01	0.000000e+00	1	1.752303e-03
5.054899e-01	7.438958e-01	1.244852e-01	3.842706e-02	1.066835e-01	4.870653e-02	4.952138e-02	0.000000e+00	1	3.399986e-03
6.147225e-01	6.547857e-01	-3.336334e-02	7.198344e-02	-2.943478e-02	1.695023e-02	3.524368e-02	0.000000e+00	1	3.905380e-03
3.744695e-01	8.243549e-01	1.229696e-01	1.657740e-01	1.453747e-01	1.031454e-01	1.727630e-01	0.000000e+00	1	3.579678e-03
2.812110e-01	8.754139e-01	1.685841e-01	1.494227e-01	2.910602e-01	2.193720e-01	1.512778e-01	0.000000e+00	1	3.149658e-03
7.851385e-01	4.540033e-01	-1.248210e-01	-7.883592e-02	-1.151040e-02	-1.894933e-01	-1.166895e-01	0.000000e+00	1	1.430767e-03
1.860546e-01	9.114556e-01	2.413957e-01	2.150919e-01	2.493980e-01	2.141112e-01	3.201202e-01	0.000000e+00	1	3.563727e-03
1.283777e-01	9.330128e-01	2.184140e-01	3.141044e-01	2.735415e-01	3.437872e-01	2.845090e-01	0.000000e+00	1	1.105354e-02
7.396657e-01	5.091255e-01	-8.654816e-02	-6.637305e-02	-7.467668e-02	-2.379856e-02	-1.031443e-01	0.000000e+00	1	6.247276e-03
2.276310e-01	8.941126e-01	2.605213e-01	2.195048e-01	2.037718e-01	2.527990e-01	1.742179e-01	0.000000e+00	1	7.440013e-03
3.934197e-01	8.160139e-01	1.582511e-01	6.467283e-02	1.187157e-01	1.724235e-01	1.528314e-01	0.000000e+00	1	4.974796e-03
8.630096e-01	3.008092e-01	-1.688975e-01	-1.260514e-01	-2.026400e-01	-2.369793e-01	-1.766366e-01	0.000000e+00	1	1.017486e-02
2.452937e-01	8.865830e-01	2.235990e-01	1.874123e-01	2.638742e-01	1.790874e-01	2.055082e-01	0.000000e+00	1	5.212302e-03
6.616637e-01	6.162092e-01	-2.629255e-02	7.644510e-02	-1.171062e-01	1.292497e-02	-1.643955e-02	0.000000e+00	1	1.760061e-03
4.581725e-01	7.767180e-01	9.829295e-02	1.296949e-01	1.453747e-01	8.323846e-02	3.897456e-02	0.000000e+00	1	4.340368e-03
2.656227e-02	9.762437e-01	4.403139e-01	5.265509e-01	3.956959e-01	3.293397e-01	3.837228e-01	0.000000e+00	1	2.231530e-03
7.150472e-01	5.455598e-01	-1.278232e-02	-1.692802e-02	-1.227016e-01	-7.252955e-02	-3.597561e-02	0.000000e+00	1	1.214692e-03
8.707923e-01	2.956795e-01	-1.353747e-01	-2.719934e-01	-1.916316e-01	-1.092935e-01	-2.396948e-01	0.000000e+00	1	7.434733e-03
9.237073e-01	1.515855e-01	-2.620907e-01	-3.145224e-01	-2.086487e-01	-2.879385e-01	-2.733551e-01	0.000000e+00	1	2.854881e-03
6.440888e-01	6.247178e-01	-6.362091e-02	1.076535e-02	-2.943478e-02	1.742030e-02	3.524368e-02	0.000000e+00	1	3.859764e-03
6.940478e-01	5.745520e-01	-4.192113e-02	-1.033413e-01	-4.633990e-02	5.293202e-02	-4.564523e-02	0.000000e+00	1	1.007232e-03
5.751201e-01	6.919871e-01	-3.348128e-02	5.571921e-02	1.023478e-01	4.427612e-02	1.095425e-02	0.000000e+00	1	4.423540e-03
3.945426e-02	9.644192e-01	3.964834e-01	3.059616e-01	4.135289e-01	3.983507e-01	3.280257e-01	0.000000e+00	1	7.839470e-03
5.676932e-01	6.924132e-01	3.286707e-02	6.151009e-03	4.924505e-02	4.542627e-02	5.658793e-02	0.000000e+00	1	1.744926e-02
7.957981e-01	4.336550e-01	-2.953153e-02	-1.197793e-01	-1.267177e-01	-1.920513e-01	-1.021702e-01	0.000000e+00	1	6.415296e-03
2.993378e-01	8.631346e-01	1.730615e-01	1.550522e-01	1.416250e-01	2.204235e-01	2.227283e-01	0.000000e+00	1	1.377956e-03
8.076764e-01	4.054833e-01	-1.013979e-01	-1.301968e-01	-1.245545e-01	-9.376160e-02	-1.809787e-01	0.000000e+00	1	1.527692e-02
2.381986e-01	8.914257e-01	2.367512e-01	2.282323e-01	2.341959e-01	2.548998e-01	1.350262e-01	0.000000e+00	1	8.610493e-03
5.148658e-01	7.361040e-01	1.682093e-02	5.842353e-02	1.076327e-01	8.515023e-02	7.234145e-02	0.000000e+00	1	4.465477e-03
7.350862e-01	5.185473e-01	-2.923969e-02	-7.331162e-02	-2.610716e-02	-7.380687e-02	-1.314935e-01	0.000000e+00	1	6.525330e-03
5.145713e-02	9.588668e-01	3.828786e-01	3.002572e-01	3.447452e-01	3.983507e-01	3.280257e-01	0.000000e+00	1	1.100046e-02
5.865954e-01	6.830013e-01	-3.355812e-02	4.940426e-02	1.051389e-01	3.712510e-02	-9.674999e-03	0.000000e+00	1	2.062593e-03
6.985571e-01	5.641069e-01	-5.227808e-02	-2.828886e-02	-2.884421e-02	5.095413e-03	-1.018589e-01	0.000000e+00	1	6.198878e-03
6.365233e-01	6.350119e-01	-4.844732e-02	3.193875e-02	1.350152e-02	5.698094e-02	-5.629365e-02	0.000000e+00	1	3.126107e-03
4.337604e-01	7.919564e-01	1.569986e-01	5.003437e-02	1.382117e-01	9.959410e-02	1.148878e-01	0.000000e+00	1	5.688934e-03
4.309205e-01	7.929496e-01	9.724057e-02	1.394147e-01	1.507197e-01	5.853936e-02	1.192843e-01	0.000000e+00	1	5.003380e-03
8.419789e-01	3.423540e-01	-1.687083e-01	-1.298502e-01	-2.025685e-01	-1.172330e-01	-1.787639e-01	0.000000e+00	1	4.340690e-03
7.945530e-01	4.357420e-01	-2.953153e-02	-1.137736e-01	-1.267177e-01	-1.925951e-01	-1.021702e-01	0.000000e+00	1	3.242401e-03
3.029155e-01	8.617751e-01	1.730615e-01	1.532361e-01	1.350811e-01	2.203961e-01	2.227283e-01	0.000000e+00	1	7.793544e-03
5.992223e-01	6.679999e-01	1.906773e-03	7.580512e-02	-2.943478e-02	1.742030e-02	3.954964e-02	0.000000e+00	1	3.865507e-03
6.183280e-01	6.526298e-01	-4.625510e-02	7.568973e-02	-2.943478e-02	1.742030e-02	3.522277e-02	0.000000e+00	1	4.972499e-03
7.418063e-02	9.522879e-01	3.828982e-01	3.059616e-01	3.765027e-01	2.617239e-01	3.306757e-01	0.000000e+00	1	5.060910e-03
8.406097e-01	3.510887e-01	-2.223235e-01	-1.949924e-01	-1.576080e-01	-1.123604e-01	-9.754222e-02	0.000000e+00	1	3.719879e-03
1.414400e-01	9.287960e-01	2.685914e-01	2.832720e-01	2.394205e-01	3.608449e-01	2.396601e-01	0.000000e+00	1	9.124750e-03
6.178210e-01	6.530713e-01	-4.524072e-02	7.610751e-02	-2.943478e-02	1.742030e-02	3.524368e-02	0.000000e+00	1	2.627607e-03
8.590869e-01	3.072130e-01	-1.344783e-01	-1.826135e-01	-1.751740e-01	-2.306062e-01	-1.674068e-01	0.000000e+00	1	1.413491e-02
3.961618e-01	8.156357e-01	1.583109e-01	7.317003e-02	1.064976e-01	2.013370e-01	1.238981e-01	0.000000e+00	1	3.814401e-03
8.763899e-01	2.682911e-01	-2.261124e-01	-1.525498e-01	-1.845942e-01	-2.048386e-01	-2.259775e-01	0.000000e+00	1	1.306554e-02
9.363743e-01	1.219735e-01	-2.717720e-01	-2.787312e-01	-3.457763e-01	-3.499111e-01	-2.210385e-01	0.000000e+00	1	1.698423e-02
5.936930e-01	6.766876e-01	-5.259821e-02	6.549604e-02	7.675227e-02	-5.648227e-03	4.372786e-02	0.000000e+00	1	2.927357e-04
6.474944e-01	6.209237e-01	-9.894445e-05	3.062975e-02	-7.217400e-02	1.064442e-02	-9.625594e-03	0.000000e+00	1	9.479579e-03
7.293290e-01	5.318908e-01	-5.386017e-02	-1.429352e-03	-1.448328e-01	-1.155767e-02	-9.454825e-02	0.000000e+00	1	1.076587e-02
8.707923e-01	2.956795e-01	-1.353747e-01	-2.719934e-01	-1.916316e-01	-1.092935e-01	-2.396948e-01	0.000000e+00	1	8.606086e-04
7.451909e-01	5.066076e-01	-2.642596e-02	-1.855894e-02	-1.197035e-01	-1.185071e-01	-8.619747e-02	0.000000e+00	1	1.866906e-03
5.949913e-01	6.705668e-01	6.983444e-02	1.076535e-02	-2.014294e-02	1.742030e-02	3.757942e-02	0.000000e+00	1	6.808957e-03
1.877012e-01	9.113823e-01	3.312645e-01	2.258606e-01	2.298401e-01	2.337651e-01	2.177922e-01	0.000000e+00	1	9.624326e-03
6.871049e-01	5.827150e-01	-1.142683e-01	4.513125e-02	-3.245948e-02	-2.593551e-02	-3.340973e-02	0.000000e+00	1	4.641870e-03
4.040370e-01	8.070481e-01	1.569986e-01	1.207322e-01	1.382117e-01	9.959410e-02	1.148878e-01	0.000000e+00	1	1.314974e-02
1.654720e-01	9.206842e-01	2.922649e-01	2.150919e-01	2.547842e-01	2.141112e-01	3.393546e-01	0.000000e+00	1	3.553962e-03
5.942197e-01	6.761259e-01	-5.259821e-02	6.380063e-02	7.675227e-02	-5.648227e-03	4.372786e-02	0.000000e+00	1	3.168506e-03
2.187028e-01	8.971829e-01	2.403005e-01	2.440799e-01	2.522138e-01	2.212233e-01	1.758710e-01	0.000000e+00	1	2.450921e-03
9.815711e-01	2.477242e-02	-4.581658e-01	-4.411305e-01	-3.651763e-01	-5.676596e-01	-3.864672e-01	0.000000e+00	1	7.727604e-04
8.685318e-01	2.970138e-01	-2.367034e-01	-1.721520e-01	-2.086487e-01	-2.319479e-01	-8.778062e-02	0.000000e+00	1	6.677426e-03
2.415006e-01	8.912818e-01	2.241557e-01	1.789665e-01	2.910602e-01	2.404768e-01	1.512778e-01	0.000000e+00	1	1.202159e-03
1.724256e-01	9.179259e-01	2.505784e-01	2.689546e-01	2.070112e-01	3.415729e-01	2.237019e-01	0.000000e+00	1	1.272018e-02
6.123479e-01	6.606977e-01	-3.355812e-02	-2.456045e-02	1.051389e-01	3.712510e-02	-9.674999e-03	0.000000e+00	1	3.229044e-03
3.807970e-01	8.225212e-01	1.547230e-01	9.291567e-02	1.382117e-01	1.984836e-01	1.142036e-01	0.000000e+00	1	1.027611e-02
7.454219e-01	5.034910e-01	-1.076963e-01	-3.543286e-02	-1.258112e-01	-5.450586e-02	-4.997382e-02	0.000000e+00	1	4.358366e-03
9.602690e-01	6.221128e-02	-3.290646e-01	-2.862509e-01	-3.296177e-01	-4.741585e-01	-3.481801e-01	0.000000e+00	1	1.622675e-02
9.225470e-01	1.556076e-01	-2.443803e-01	-3.164156e-01	-2.086487e-01	-2.879385e-01	-2.780785e-01	0.000000e+00	1	2.693241e-03
8.545396e-01	3.195683e-01	-1.366181e-01	-1.307421e-01	-2.049887e-01	-2.308771e-01	-1.592384e-01	0.000000e+00	1	1.457145e-02
4.173823e-01	8.025360e-01	1.856403e-01	1.348802e-01	1.273034e-01	8.190032e-02	7.511814e-02	0.000000e+00	1	2.170362e-03
3.750563e-01	8.240649e-01	1.215596e-01	1.657740e-01	1.453378e-01	1.031454e-01	1.727630e-01	0.000000e+00	1	4.210841e-03
7.486646e-01	5.016743e-01	-1.450856e-01	-7.128706e-02	-3.417350e-02	-2.921728e-02	-1.028645e-01	0.000000e+00	1	4.509608e-03
2.862399e-01	8.723483e-01	2.381472e-01	1.502218e-01	2.431248e-01	2.141112e-01	1.165982e-01	0.000000e+00	1	3.092278e-03
6.917904e-01	5.771137e-01	-4.393591e-02	-1.033413e-01	-4.095429e-02	5.293202e-02	-4.153064e-02	0.000000e+00	1	3.248217e-03
9.815935e-01	2.440420e-02	-4.470950e-01	-4.396291e-01	-3.651763e-01	-5.710958e-01	-3.964941e-01	0.000000e+00	1	2.331194e-03
1.578085e-01	9.233011e-01	3.209166e-01	2.972106e-01	1.857985e-01	2.510368e-01	2.845090e-01	0.000000e+00	1	3.560772e-03
2.187028e-01	8.971829e-01	2.403005e-01	2.440799e-01	2.522138e-01	2.212233e-01	1.758710e-01	0.000000e+00	1	2.605603e-03
4.700492e-01	7.656484e-01	1.040938e-01	8.428796e-02	7.182810e-02	1.161150e-01	7.981147e-02	0.000000e+00	1	1.643594e-03
3.303615e-01	8.489456e-01	1.040749e-01	1.628391e-01	1.575359e-01	2.133781e-01	1.946032e-01	0.000000e+00	1	1.313092e-02
1.654720e-01	9.206842e-01	2.922649e-01	2.150919e-01	2.547842e-01	2.141112e-01	3.393546e-01	0.000000e+00	1	5.014920e-03
8.994677e-01	2.163094e-01	-2.039125e-01	-2.214604e-01	-2.978864e-01	-1.904238e-01	-2.342781e-01	0.000000e+00	1	1.574304e-03
5.798294e-01	6.887624e-01	-4.064429e-02	2.704241e-02	1.087080e-01	4.870653e-02	2.395073e-02	0.000000e+00	1	6.316261e-03
5.936930e-01	6.766876e-01	-5.259821e-02	6.549604e-02	7.675227e-02	-5.648227e-03	4.372786e-02	0.000000e+00	1	2.709651e-04
2.564514e-01	8.821871e-01	1.926957e-01	1.874123e-01	2.698611e-01	1.790874e-01	2.008409e-01	0.000000e+00	1	1.084091e-02
9.217581e-01	1.583558e-01	-2.443803e-01	-3.147931e-01	-2.027833e-01	-2.879385e-01	-2.780785e-01	0.000000e+00	1	7.162327e-03
7.624893e-01	4.782747e-01	-3.414840e-02	-9.935402e-02	-7.256549e-02	-1.316682e-01	-1.021702e-01	0.000000e+00	1	4.797562e-03
6.822986e-01	5.857315e-01	-1.464235e-02	3.513364e-02	-9.978686e-02	-4.321533e-02	-2.585364e-02	0.000000e+00	1	6.905795e-03
2.656227e-02	9.762437e-01	4.403139e-01	5.265509e-01	3.956959e-01	3.293397e-01	3.837228e-01	0.000000e+00	1	2.417594e-03
1.397724e-02	9.793491e-01	4.403139e-01	5.265509e-01	3.956959e-01	4.148305e-01	3.837228e-01	0.000000e+00	1	6.317111e-03
