# This file contains the data of final population
# of objectives = 2, # of constraints = 0, # of real_var = 5, # of bits of bin_var = 0, constr_violation, rank, crowding_distance
9.846478e-01	2.193857e-03	-4.571467e-01	-4.683668e-01	-4.640636e-01	-4.635647e-01	-4.803626e-01	0.000000e+00	1	1.000000e+14
3.926074e-03	9.773623e-01	4.403139e-01	4.402526e-01	4.066918e-01	4.148305e-01	4.133454e-01	0.000000e+00	1	1.000000e+14
9.509266e-01	8.096823e-02	-3.347068e-01	-2.554422e-01	-4.072008e-01	-3.445596e-01	-2.960128e-01	0.000000e+00	1	1.301279e-02
1.087855e-01	9.369068e-01	3.161407e-01	2.938663e-01	2.750472e-01	3.033932e-01	2.918139e-01	0.000000e+00	1	1.116931e-02
9.787852e-01	6.322566e-03	-4.571467e-01	-4.223570e-01	-3.723054e-01	-4.475090e-01	-4.510597e-01	0.000000e+00	1	9.731441e-03
9.456682e-01	8.550094e-02	-2.848796e-01	-2.896066e-01	-3.269367e-01	-3.432067e-01	-3.336241e-01	0.000000e+00	1	8.981763e-03
9.547309e-01	6.913305e-02	-3.347068e-01	-2.565456e-01	-4.109586e-01	-3.445596e-01	-3.434129e-01	0.000000e+00	1	8.356186e-03
9.631575e-01	3.537816e-02	-3.575515e-01	-3.521517e-01	-4.072008e-01	-3.505193e-01	-3.578142e-01	0.000000e+00	1	8.289109e-03
1.646011e-01	9.179397e-01	2.245470e-01	2.933282e-01	2.392455e-01	2.535422e-01	2.865107e-01	0.000000e+00	1	7.824363e-03
2.789371e-01	8.704160e-01	1.786047e-01	2.036194e-01	1.740770e-01	2.134588e-01	1.897352e-01	0.000000e+00	1	7.822527e-03
2.889875e-01	8.697955e-01	2.367512e-01	2.279173e-01	1.725753e-01	1.976307e-01	1.141038e-01	0.000000e+00	1	7.572670e-03
6.457891e-02	9.531186e-01	3.828763e-01	3.059717e-01	3.230192e-01	3.382797e-01	3.232011e-01	0.000000e+00	1	7.516026e-03
3.477112e-01	8.370067e-01	1.731369e-01	1.522141e-01	1.455403e-01	1.491861e-01	1.551553e-01	0.000000e+00	1	7.460294e-03
9.895830e-02	9.401857e-01	2.985170e-01	3.232478e-01	2.992536e-01	3.033932e-01	2.918139e-01	0.000000e+00	1	7.347493e-03
9.662485e-01	3.392559e-02	-3.575515e-01	-3.521517e-01	-4.570277e-01	-3.505193e-01	-3.578142e-01	0.000000e+00	1	7.187277e-03
2.454236e-02	9.692816e-01	3.964834e-01	3.268057e-01	3.745235e-01	3.983507e-01	4.369424e-01	0.000000e+00	1	7.172142e-03
1.381503e-01	9.280929e-01	2.683665e-01	2.321397e-01	2.629360e-01	3.218605e-01	3.031313e-01	0.000000e+00	1	7.160322e-03
5.569628e-01	7.024919e-01	1.894945e-02	5.941177e-02	8.458385e-03	7.164532e-02	6.414243e-02	0.000000e+00	1	6.890636e-03
1.517937e-01	9.253566e-01	3.214617e-01	2.390138e-01	3.332739e-01	2.433049e-01	2.215819e-01	0.000000e+00	1	6.805784e-03
9.190979e-01	1.609566e-01	-2.600944e-01	-2.914204e-01	-2.856668e-01	-2.451563e-01	-2.252154e-01	0.000000e+00	1	6.759140e-03
4.671166e-01	7.697499e-01	1.293228e-01	1.174786e-01	1.101918e-01	5.013335e-02	6.196501e-02	0.000000e+00	1	6.644701e-03
9.595107e-01	5.349346e-02	-3.547956e-01	-3.001189e-01	-3.269367e-01	-3.464866e-01	-4.335387e-01	0.000000e+00	1	6.640415e-03
5.862485e-01	6.791302e-01	2.964248e-02	1.695838e-02	-2.763819e-02	5.483535e-02	6.832107e-02	0.000000e+00	1	6.472157e-03
9.038448e-01	1.994093e-01	-2.606883e-01	-2.214604e-01	-2.449680e-01	-2.153841e-01	-2.422720e-01	0.000000e+00	1	6.374349e-03
6.090599e-01	6.555094e-01	2.921096e-02	3.795553e-02	-7.371982e-03	9.749776e-03	1.164338e-03	0.000000e+00	1	6.358477e-03
1.001045e-02	9.737100e-01	3.964834e-01	3.837242e-01	4.310333e-01	3.983507e-01	4.188050e-01	0.000000e+00	1	6.358073e-03
9.768234e-01	1.489437e-02	-4.571467e-01	-4.090933e-01	-3.312839e-01	-4.475090e-01	-4.510597e-01	0.000000e+00	1	6.306847e-03
8.995978e-01	2.126154e-01	-2.606883e-01	-2.214604e-01	-2.449680e-01	-1.819252e-01	-2.422720e-01	0.000000e+00	1	6.264980e-03
2.286312e-01	8.919073e-01	2.349579e-01	2.330335e-01	2.134284e-01	2.159778e-01	2.011696e-01	0.000000e+00	1	6.210716e-03
2.095337e-01	8.996906e-01	2.485973e-01	2.390111e-01	2.161488e-01	2.128620e-01	2.373948e-01	0.000000e+00	1	6.147906e-03
8.672830e-01	2.857853e-01	-1.711940e-01	-2.116387e-01	-1.967210e-01	-1.822070e-01	-1.790453e-01	0.000000e+00	1	6.141190e-03
1.759539e-01	9.129414e-01	2.324862e-01	2.491042e-01	2.392455e-01	2.511268e-01	2.845090e-01	0.000000e+00	1	6.118908e-03
9.570011e-01	5.808086e-02	-4.175914e-01	-3.001189e-01	-3.269367e-01	-3.457983e-01	-3.350979e-01	0.000000e+00	1	6.117904e-03
9.032684e-01	2.058328e-01	-1.977500e-01	-2.469027e-01	-2.830138e-01	-2.567026e-01	-1.925594e-01	0.000000e+00	1	6.080294e-03
9.208485e-01	1.554694e-01	-2.659669e-01	-2.483031e-01	-2.946423e-01	-2.336591e-01	-2.808553e-01	0.000000e+00	1	6.076653e-03
8.922292e-01	2.299738e-01	-2.063522e-01	-2.214604e-01	-2.443250e-01	-1.819252e-01	-2.451981e-01	0.000000e+00	1	6.075217e-03
9.631308e-01	4.699202e-02	-4.112885e-01	-3.688832e-01	-4.247967e-01	-3.242737e-01	-2.888185e-01	0.000000e+00	1	6.061979e-03
8.612313e-01	3.040695e-01	-1.683499e-01	-2.048075e-01	-2.285464e-01	-1.243324e-01	-1.753457e-01	0.000000e+00	1	6.059919e-03
9.435655e-01	9.587163e-02	-2.427006e-01	-3.001189e-01	-3.269367e-01	-3.457983e-01	-3.350979e-01	0.000000e+00	1	5.924154e-03
4.822070e-01	7.585429e-01	1.200991e-01	8.894960e-02	7.330059e-02	4.441645e-02	9.969911e-02	0.000000e+00	1	5.897037e-03
8.960004e-01	2.229867e-01	-1.977500e-01	-2.469027e-01	-2.465223e-01	-2.567026e-01	-1.763448e-01	0.000000e+00	1	5.851890e-03
1.588382e-01	9.193630e-01	2.629228e-01	2.390345e-01	2.810266e-01	2.433049e-01	2.845090e-01	0.000000e+00	1	5.826315e-03
4.793081e-02	9.634961e-01	3.828763e-01	3.059717e-01	3.335017e-01	3.382797e-01	4.624465e-01	0.000000e+00	1	5.812260e-03
9.100144e-01	1.898426e-01	-2.827612e-01	-2.214604e-01	-2.978864e-01	-1.947078e-01	-2.316683e-01	0.000000e+00	1	5.806384e-03
7.617536e-01	4.755325e-01	-8.361587e-02	-9.345855e-02	-6.588169e-02	-1.093757e-01	-8.877610e-02	0.000000e+00	1	5.695501e-03
4.753105e-01	7.641933e-01	1.040938e-01	1.413481e-01	7.182810e-02	5.001703e-02	7.981147e-02	0.000000e+00	1	5.661696e-03
3.117551e-02	9.669655e-01	3.964834e-01	3.339729e-01	4.135289e-01	4.166460e-01	3.280257e-01	0.000000e+00	1	5.580871e-03
4.907198e-01	7.537848e-01	1.259758e-01	3.842706e-02	1.066835e-01	5.565543e-02	7.954751e-02	0.000000e+00	1	5.563161e-03
5.521432e-01	7.043764e-01	4.354415e-02	3.782851e-02	4.805936e-02	4.605620e-02	5.671990e-02	0.000000e+00	1	5.562991e-03
2.182689e-01	8.960779e-01	2.275341e-01	2.390111e-01	2.112210e-01	2.128620e-01	2.373948e-01	0.000000e+00	1	5.552354e-03
9.144208e-01	1.771151e-01	-2.850252e-01	-2.349623e-01	-2.378137e-01	-2.044143e-01	-3.030490e-01	0.000000e+00	1	5.528941e-03
1.792542e-01	9.111807e-01	2.597133e-01	2.494669e-01	2.398786e-01	2.545210e-01	2.394554e-01	0.000000e+00	1	5.523319e-03
8.951381e-01	2.269883e-01	-2.195138e-01	-2.391338e-01	-1.760024e-01	-1.977797e-01	-2.842904e-01	0.000000e+00	1	5.505131e-03
8.281909e-02	9.466335e-01	3.612311e-01	3.028930e-01	3.019129e-01	2.958496e-01	3.280257e-01	0.000000e+00	1	5.477413e-03
2.681720e-01	8.756479e-01	1.848836e-01	1.897424e-01	2.290426e-01	2.140342e-01	1.731148e-01	0.000000e+00	1	5.437909e-03
8.495293e-01	3.273891e-01	-1.211542e-01	-1.596483e-01	-2.204183e-01	-1.762803e-01	-1.595700e-01	0.000000e+00	1	5.366880e-03
2.345235e-01	8.897045e-01	2.185763e-01	2.390111e-01	1.891864e-01	2.116721e-01	2.245576e-01	0.000000e+00	1	5.361844e-03
4.415155e-01	7.837190e-01	1.071348e-01	8.757373e-02	1.219329e-01	1.045322e-01	1.091369e-01	0.000000e+00	1	5.354484e-03
2.229427e-01	8.940443e-01	2.147926e-01	2.271996e-01	2.161488e-01	2.183018e-01	2.373948e-01	0.000000e+00	1	5.344183e-03
6.277876e-01	6.395879e-01	-4.450809e-02	3.182169e-02	-1.105811e-02	3.521819e-02	6.535915e-03	0.000000e+00	1	5.334038e-03
4.620487e-01	7.722823e-01	1.289057e-01	5.456553e-02	1.187241e-01	7.868541e-02	9.968445e-02	0.000000e+00	1	5.266956e-03
8.505737e-01	3.221197e-01	-1.339550e-01	-1.867296e-01	-1.680699e-01	-1.891659e-01	-1.674068e-01	0.000000e+00	1	5.264773e-03
4.135448e-01	8.010852e-01	1.039857e-01	1.396310e-01	1.274826e-01	1.322798e-01	1.010411e-01	0.000000e+00	1	5.253560e-03
1.155258e-01	9.348754e-01	3.058530e-01	2.938663e-01	2.565998e-01	3.101698e-01	2.918139e-01	0.000000e+00	1	5.243873e-03
7.599760e-01	4.822740e-01	-3.414840e-02	-9.887569e-02	-6.293716e-02	-1.316682e-01	-1.020910e-01	0.000000e+00	1	5.225937e-03
8.229994e-01	3.756714e-01	-1.626708e-01	-1.649199e-01	-1.341040e-01	-1.310020e-01	-1.119574e-01	0.000000e+00	1	5.210131e-03
2.545022e-01	8.813288e-01	1.848836e-01	2.039627e-01	2.311884e-01	2.175332e-01	1.897352e-01	0.000000e+00	1	5.193877e-03
8.284127e-01	3.658288e-01	-1.634917e-01	-1.239790e-01	-1.339624e-01	-1.305675e-01	-1.787614e-01	0.000000e+00	1	5.186282e-03
9.629205e-01	5.101570e-02	-3.606830e-01	-3.753912e-01	-4.608630e-01	-3.258558e-01	-2.897239e-01	0.000000e+00	1	5.179097e-03
5.596438e-01	6.983955e-01	3.172548e-02	3.303689e-02	4.613608e-02	4.287764e-02	5.779354e-02	0.000000e+00	1	5.175599e-03
6.492362e-01	6.173558e-01	-4.450809e-02	3.182169e-02	-1.105811e-02	-3.142165e-02	6.535915e-03	0.000000e+00	1	5.172850e-03
7.052886e-01	5.533468e-01	-4.450809e-02	-1.299100e-02	-7.019716e-02	-7.789791e-02	-2.683716e-02	0.000000e+00	1	5.170103e-03
5.815989e-01	6.811646e-01	3.172548e-02	4.506881e-02	4.613608e-02	4.287764e-02	-1.388650e-02	0.000000e+00	1	5.156088e-03
6.627625e-01	6.027867e-01	-4.450809e-02	3.182169e-02	-2.047125e-02	-3.142165e-02	-2.692395e-02	0.000000e+00	1	5.135827e-03
8.969950e-02	9.435267e-01	3.161407e-01	2.938663e-01	3.292714e-01	3.191647e-01	2.956281e-01	0.000000e+00	1	5.119414e-03
7.242035e-01	5.305511e-01	-8.367855e-02	-1.781023e-02	-2.878031e-02	-7.905666e-02	-8.801331e-02	0.000000e+00	1	5.118111e-03
5.092519e-01	7.385806e-01	7.094556e-02	5.473056e-02	9.461349e-02	4.283526e-02	8.894688e-02	0.000000e+00	1	5.109074e-03
9.831429e-01	2.198577e-03	-4.571467e-01	-4.223570e-01	-4.640636e-01	-4.572983e-01	-4.803626e-01	0.000000e+00	1	5.105847e-03
8.611358e-02	9.449663e-01	3.161407e-01	2.938663e-01	3.385637e-01	3.265052e-01	2.956281e-01	0.000000e+00	1	5.100775e-03
9.150426e-01	1.709731e-01	-2.317751e-01	-2.463259e-01	-2.603107e-01	-2.426682e-01	-2.924183e-01	0.000000e+00	1	5.091701e-03
5.375369e-01	7.167888e-01	5.854688e-02	8.463660e-02	3.809162e-02	4.306695e-02	4.978533e-02	0.000000e+00	1	5.088268e-03
2.939563e-01	8.640449e-01	1.543287e-01	2.036134e-01	1.795987e-01	1.724235e-01	2.109338e-01	0.000000e+00	1	5.069946e-03
7.234684e-02	9.512381e-01	3.829110e-01	3.159297e-01	3.092640e-01	2.878945e-01	3.507025e-01	0.000000e+00	1	5.069812e-03
8.652382e-01	2.919670e-01	-2.261124e-01	-1.528972e-01	-1.846613e-01	-1.829158e-01	-1.808124e-01	0.000000e+00	1	5.063999e-03
8.262162e-01	3.694725e-01	-1.453065e-01	-1.236799e-01	-1.338998e-01	-1.385988e-01	-1.789452e-01	0.000000e+00	1	5.053727e-03
6.528899e-01	6.140897e-01	-2.270763e-02	3.406352e-02	-5.382740e-02	6.073202e-03	-2.283686e-02	0.000000e+00	1	5.037642e-03
1.860597e-02	9.724320e-01	3.964834e-01	3.339729e-01	4.160318e-01	3.983507e-01	4.521473e-01	0.000000e+00	1	5.037536e-03
9.291611e-01	1.312493e-01	-2.855567e-01	-2.811102e-01	-2.554191e-01	-3.053665e-01	-2.738064e-01	0.000000e+00	1	5.000771e-03
3.844388e-01	8.181952e-01	1.572369e-01	1.062844e-01	1.179926e-01	1.503368e-01	1.499269e-01	0.000000e+00	1	4.997382e-03
5.960567e-01	6.681127e-01	2.202172e-02	4.179532e-02	-1.650340e-03	-2.142337e-03	4.981072e-02	0.000000e+00	1	4.994688e-03
7.208111e-01	5.341164e-01	-3.414840e-02	-3.476611e-02	-6.874696e-02	-4.510227e-02	-1.034793e-01	0.000000e+00	1	4.989969e-03
4.329589e-01	7.924106e-01	1.570618e-01	5.070430e-02	1.387721e-01	1.003330e-01	1.148680e-01	0.000000e+00	1	4.981020e-03
7.719279e-01	4.617047e-01	-8.361587e-02	-9.345855e-02	-6.296037e-02	-1.093757e-01	-1.306427e-01	0.000000e+00	1	4.961538e-03
9.691846e-01	2.735351e-02	-4.276189e-01	-4.152842e-01	-3.330712e-01	-4.181600e-01	-3.355957e-01	0.000000e+00	1	4.950408e-03
1.432593e-01	9.260798e-01	3.214617e-01	2.401192e-01	2.802800e-01	2.433049e-01	2.845090e-01	0.000000e+00	1	4.946352e-03
6.118642e-01	6.539250e-01	3.209967e-03	5.622559e-03	-2.385807e-02	4.141889e-02	3.772574e-02	0.000000e+00	1	4.942611e-03
9.252816e-01	1.413508e-01	-2.855567e-01	-2.811102e-01	-2.534722e-01	-2.704005e-01	-2.743756e-01	0.000000e+00	1	4.940393e-03
6.616285e-01	6.063645e-01	-1.161302e-02	-6.501854e-02	-2.833170e-02	4.623500e-02	-2.584035e-02	0.000000e+00	1	4.931249e-03
8.518817e-01	3.194601e-01	-1.339550e-01	-1.867296e-01	-1.751740e-01	-1.891659e-01	-1.674068e-01	0.000000e+00	1	4.924312e-03
9.722850e-01	2.084470e-02	-4.571467e-01	-4.166592e-01	-3.651763e-01	-4.181600e-01	-3.355957e-01	0.000000e+00	1	4.917973e-03
5.450028e-01	7.101807e-01	4.665430e-02	3.782851e-02	5.423513e-02	5.669769e-02	5.671990e-02	0.000000e+00	1	4.847576e-03
6.346475e-01	6.307978e-01	2.632564e-02	8.697691e-03	-2.301689e-02	-1.877569e-02	9.097061e-04	0.000000e+00	1	4.842906e-03
5.066352e-01	7.407661e-01	4.770450e-02	8.526330e-02	1.053446e-01	7.190388e-02	4.952138e-02	0.000000e+00	1	4.838908e-03
9.691846e-01	2.735351e-02	-4.276189e-01	-4.152842e-01	-3.330712e-01	-4.181600e-01	-3.355957e-01	0.000000e+00	1	4.834164e-03
1.710642e-01	9.162596e-01	2.403005e-01	3.138695e-01	2.522138e-01	2.608414e-01	2.142773e-01	0.000000e+00	1	4.817230e-03
9.300521e-01	1.283439e-01	-2.855567e-01	-2.811102e-01	-2.637922e-01	-3.053665e-01	-2.743756e-01	0.000000e+00	1	4.783738e-03
8.182865e-01	3.848332e-01	-1.365601e-01	-1.298502e-01	-1.270463e-01	-1.094795e-01	-1.787639e-01	0.000000e+00	1	4.745954e-03
7.344954e-01	5.152415e-01	-5.129902e-02	-5.072997e-02	-7.256549e-02	-5.331421e-02	-1.086300e-01	0.000000e+00	1	4.745720e-03
5.943977e-01	6.710746e-01	6.983444e-02	1.244645e-02	-2.014294e-02	1.742030e-02	3.757942e-02	0.000000e+00	1	4.727357e-03
8.159538e-01	3.893789e-01	-1.626708e-01	-1.614842e-01	-1.127895e-01	-1.310020e-01	-1.024768e-01	0.000000e+00	1	4.716441e-03
5.438934e-01	7.147963e-01	7.723270e-04	7.587814e-02	7.967599e-02	2.105250e-02	8.509234e-02	0.000000e+00	1	4.707142e-03
5.498504e-01	7.062694e-01	4.665430e-02	3.782851e-02	5.423513e-02	4.321603e-02	5.671990e-02	0.000000e+00	1	4.701030e-03
2.629518e-01	8.779009e-01	1.848836e-01	2.039368e-01	2.290426e-01	2.140342e-01	1.731148e-01	0.000000e+00	1	4.697844e-03
3.000833e-01	8.628354e-01	1.730615e-01	1.532361e-01	1.416250e-01	2.204235e-01	2.227283e-01	0.000000e+00	1	4.691880e-03
3.430128e-01	8.393939e-01	1.731369e-01	1.568956e-01	1.604811e-01	1.489709e-01	1.480082e-01	0.000000e+00	1	4.691875e-03
7.687181e-01	4.663611e-01	-8.560983e-02	-9.935402e-02	-7.246245e-02	-7.683059e-02	-1.331272e-01	0.000000e+00	1	4.687929e-03
6.073241e-02	9.543483e-01	3.828763e-01	3.059717e-01	3.335017e-01	3.382797e-01	3.298708e-01	0.000000e+00	1	4.680032e-03
7.894724e-01	4.345201e-01	-1.568081e-01	-1.085554e-01	-8.665043e-02	-9.114615e-02	-1.091812e-01	0.000000e+00	1	4.669300e-03
7.138494e-01	5.430780e-01	-6.534170e-02	-3.543286e-02	-9.247494e-02	-5.450586e-02	-1.386145e-02	0.000000e+00	1	4.643032e-03
2.029232e-02	9.701321e-01	3.964834e-01	3.339729e-01	4.135289e-01	3.944282e-01	4.128178e-01	0.000000e+00	1	4.641839e-03
5.719164e-01	6.900608e-01	3.286707e-02	-1.155576e-02	5.129155e-02	4.302986e-02	6.489754e-02	0.000000e+00	1	4.635518e-03
8.239676e-03	9.745248e-01	3.964834e-01	4.016887e-01	4.135289e-01	3.983507e-01	4.369424e-01	0.000000e+00	1	4.621093e-03
7.172216e-01	5.414433e-01	-2.984053e-02	-8.763058e-02	-4.722704e-02	-2.710811e-03	-1.028313e-01	0.000000e+00	1	4.595925e-03
6.030355e-01	6.625764e-01	2.202172e-02	4.179532e-02	-1.650340e-03	-2.113288e-02	4.981072e-02	0.000000e+00	1	4.593324e-03
6.940360e-01	5.691895e-01	2.091980e-03	-1.012763e-01	-2.385469e-02	-3.041873e-02	-3.783829e-02	0.000000e+00	1	4.591550e-03
7.365430e-01	5.123053e-01	-5.129902e-02	-5.072997e-02	-7.112097e-02	-6.246240e-02	-1.086300e-01	0.000000e+00	1	4.590764e-03
6.996940e-01	5.606616e-01	-3.414840e-02	-6.174298e-02	-7.087740e-02	-5.179613e-02	5.876845e-03	0.000000e+00	1	4.588564e-03
6.644272e-01	5.991308e-01	2.091980e-03	-9.371458e-03	-2.385469e-02	-3.041873e-02	-3.783829e-02	0.000000e+00	1	4.587848e-03
9.566413e-01	6.257228e-02	-3.347068e-01	-2.699045e-01	-4.170844e-01	-3.445596e-01	-3.519575e-01	0.000000e+00	1	4.584400e-03
9.423223e-01	1.014842e-01	-2.855567e-01	-3.858723e-01	-2.637922e-01	-3.053665e-01	-2.944024e-01	0.000000e+00	1	4.583613e-03
8.822323e-01	2.565210e-01	-2.261124e-01	-1.525498e-01	-1.846613e-01	-2.457902e-01	-2.209458e-01	0.000000e+00	1	4.578661e-03
3.332485e-01	8.464341e-01	1.461368e-01	2.036134e-01	1.799717e-01	1.764815e-01	1.145945e-01	0.000000e+00	1	4.567928e-03
8.379733e-01	3.475576e-01	-1.683499e-01	-1.237604e-01	-1.700915e-01	-1.377292e-01	-1.787581e-01	0.000000e+00	1	4.539085e-03
9.341835e-01	1.189579e-01	-2.953586e-01	-3.075943e-01	-3.223970e-01	-2.516803e-01	-2.731909e-01	0.000000e+00	1	4.522641e-03
5.347057e-01	7.190463e-01	5.854688e-02	8.585862e-02	3.721889e-02	4.306695e-02	5.732166e-02	0.000000e+00	1	4.517279e-03
4.931155e-01	7.510210e-01	5.790341e-02	5.003437e-02	7.542136e-02	9.161309e-02	1.224412e-01	0.000000e+00	1	4.511660e-03
3.255345e-01	8.497886e-01	1.730901e-01	1.542510e-01	1.467121e-01	1.460719e-01	2.194495e-01	0.000000e+00	1	4.499178e-03
6.152576e-01	6.520322e-01	-1.781878e-02	-1.288643e-02	5.144009e-02	4.648857e-02	-1.106231e-02	0.000000e+00	1	4.488788e-03
7.296963e-01	5.215349e-01	-8.213827e-02	-9.492529e-02	-4.727543e-02	-5.736663e-02	-3.751388e-02	0.000000e+00	1	4.479258e-03
5.676810e-01	6.937021e-01	4.878482e-02	-1.155576e-02	5.129155e-02	3.922221e-02	6.489754e-02	0.000000e+00	1	4.477424e-03
5.477133e-01	7.091402e-01	3.097105e-02	3.303689e-02	8.456882e-02	4.042163e-02	5.779354e-02	0.000000e+00	1	4.476904e-03
7.460542e-01	5.003151e-01	-8.213827e-02	-9.492529e-02	-1.104158e-01	-5.338125e-02	-3.751388e-02	0.000000e+00	1	4.465645e-03
8.915888e-01	2.353078e-01	-2.213734e-01	-1.838350e-01	-1.781701e-01	-2.306062e-01	-2.780785e-01	0.000000e+00	1	4.462558e-03
9.746644e-01	1.838966e-02	-4.571467e-01	-4.166592e-01	-3.651763e-01	-4.611039e-01	-3.442303e-01	0.000000e+00	1	4.453073e-03
8.299965e-01	3.631165e-01	-1.683499e-01	-1.236862e-01	-1.249276e-01	-1.424228e-01	-1.789452e-01	0.000000e+00	1	4.452283e-03
4.098196e-01	8.035809e-01	1.176564e-01	1.368848e-01	1.092778e-01	1.515145e-01	9.968445e-02	0.000000e+00	1	4.452245e-03
7.962310e-01	4.292109e-01	-1.765711e-01	-6.644786e-02	-7.468488e-02	-1.542795e-01	-1.038224e-01	0.000000e+00	1	4.430076e-03
4.384929e-01	7.856737e-01	1.071348e-01	8.757373e-02	1.219329e-01	1.041953e-01	1.175664e-01	0.000000e+00	1	4.429523e-03
9.072921e-01	1.918197e-01	-1.977500e-01	-2.469027e-01	-2.609291e-01	-2.567026e-01	-2.481727e-01	0.000000e+00	1	4.412264e-03
6.565820e-01	6.115537e-01	1.569360e-03	-6.464805e-02	-2.486562e-02	4.286310e-02	-2.379335e-02	0.000000e+00	1	4.397261e-03
3.136922e-01	8.544927e-01	1.582511e-01	2.036134e-01	1.799717e-01	1.724235e-01	1.528314e-01	0.000000e+00	1	4.390610e-03
8.044340e-01	4.090017e-01	-1.135445e-01	-1.242267e-01	-1.583462e-01	-9.061439e-02	-1.314935e-01	0.000000e+00	1	4.384839e-03
7.425400e-01	5.053432e-01	-6.996489e-02	-9.588186e-02	-7.256549e-02	-2.445555e-02	-1.021702e-01	0.000000e+00	1	4.383804e-03
5.992281e-01	6.661363e-01	2.385218e-02	-1.242674e-02	5.235946e-02	4.648857e-02	-8.163553e-03	0.000000e+00	1	4.381794e-03
5.208935e-01	7.309855e-01	1.894945e-02	5.846604e-02	9.821570e-02	8.303267e-02	6.397695e-02	0.000000e+00	1	4.372239e-03
5.920925e-01	6.733908e-01	6.983444e-02	1.076535e-02	-2.014294e-02	1.742030e-02	4.637904e-02	0.000000e+00	1	4.372119e-03
7.442466e-01	5.024320e-01	-6.996489e-02	-9.588186e-02	-7.256549e-02	-3.145372e-02	-1.021702e-01	0.000000e+00	1	4.369696e-03
7.483843e-01	4.978367e-01	-8.479304e-02	-6.465835e-02	-7.053107e-02	-1.287969e-01	-3.751388e-02	0.000000e+00	1	4.368312e-03
7.832531e-01	4.449525e-01	-1.158322e-01	-1.146716e-01	-5.268878e-02	-1.132924e-01	-1.291718e-01	0.000000e+00	1	4.355016e-03
2.048971e-01	9.013464e-01	2.396520e-01	2.390111e-01	2.376685e-01	2.128620e-01	2.373948e-01	0.000000e+00	1	4.348108e-03
4.949660e-01	7.492077e-01	5.784975e-02	8.428796e-02	8.663430e-02	1.126049e-01	4.993544e-02	0.000000e+00	1	4.347182e-03
3.224998e-01	8.518242e-01	1.731369e-01	1.522141e-01	1.455403e-01	1.489709e-01	2.298493e-01	0.000000e+00	1	4.333708e-03
9.249379e-01	1.474604e-01	-2.659669e-01	-2.483031e-01	-3.295731e-01	-2.336591e-01	-2.808553e-01	0.000000e+00	1	4.322445e-03
3.970104e-02	9.641973e-01	3.964834e-01	3.059616e-01	4.099093e-01	3.983507e-01	3.280257e-01	0.000000e+00	1	4.309441e-03
2.700975e-01	8.744004e-01	2.185228e-01	2.036320e-01	1.747609e-01	1.843542e-01	2.024949e-01	0.000000e+00	1	4.304629e-03
4.700492e-01	7.656484e-01	1.040938e-01	8.428796e-02	7.182810e-02	1.161150e-01	7.981147e-02	0.000000e+00	1	4.264037e-03
8.534887e-01	3.154142e-01	-1.461850e-01	-1.867296e-01	-1.751740e-01	-1.891659e-01	-1.645884e-01	0.000000e+00	1	4.263011e-03
7.887191e-01	4.391021e-01	-1.626708e-01	-8.270122e-02	-1.127895e-01	-1.310020e-01	-5.663293e-02	0.000000e+00	1	4.262367e-03
5.416918e-01	7.160690e-01	6.498719e-02	5.698685e-02	-6.820939e-03	9.161309e-02	6.089711e-02	0.000000e+00	1	4.262367e-03
5.041113e-01	7.429067e-01	4.771031e-02	8.428796e-02	7.240608e-02	1.128854e-01	4.993544e-02	0.000000e+00	1	4.259600e-03
5.177337e-01	7.316622e-01	5.854688e-02	8.463660e-02	7.117436e-02	4.441645e-02	6.894919e-02	0.000000e+00	1	4.258946e-03
8.450084e-01	3.356932e-01	-1.683499e-01	-1.298052e-01	-2.061638e-01	-1.303140e-01	-1.789452e-01	0.000000e+00	1	4.255128e-03
8.027257e-01	4.119609e-01	-1.135445e-01	-1.164682e-01	-1.584367e-01	-9.061439e-02	-1.314935e-01	0.000000e+00	1	4.234060e-03
6.343638e-01	6.335857e-01	-3.320787e-02	3.497859e-02	-8.961554e-03	3.925675e-02	-3.325424e-02	0.000000e+00	1	4.214444e-03
3.727812e-01	8.250851e-01	1.587713e-01	1.324883e-01	1.710756e-01	1.003030e-01	1.512242e-01	0.000000e+00	1	4.200520e-03
8.316709e-01	3.603851e-01	-1.683499e-01	-1.338960e-01	-1.108493e-01	-1.542167e-01	-1.789451e-01	0.000000e+00	1	4.197152e-03
7.533042e-01	4.913924e-01	-8.213827e-02	-1.210113e-01	-1.104158e-01	-5.338125e-02	-3.751388e-02	0.000000e+00	1	4.197001e-03
1.712342e-01	9.151400e-01	2.245470e-01	2.933282e-01	2.398156e-01	2.535422e-01	2.627304e-01	0.000000e+00	1	4.194277e-03
5.746571e-01	6.874332e-01	3.286707e-02	-1.155576e-02	5.129155e-02	4.302986e-02	5.658793e-02	0.000000e+00	1	4.184792e-03
4.782447e-01	7.598191e-01	7.094556e-02	7.261985e-02	9.896885e-02	1.022078e-01	8.894688e-02	0.000000e+00	1	4.179936e-03
2.751259e-01	8.741670e-01	2.344079e-01	1.721574e-01	2.387443e-01	1.725006e-01	1.610521e-01	0.000000e+00	1	4.169196e-03
3.566777e-01	8.342130e-01	1.444871e-01	1.874123e-01	1.710756e-01	1.020514e-01	1.529683e-01	0.000000e+00	1	4.158188e-03
2.904332e-01	8.670777e-01	1.791682e-01	1.604027e-01	1.478717e-01	2.167937e-01	2.320559e-01	0.000000e+00	1	4.155710e-03
7.178022e-01	5.380448e-01	-4.450809e-02	-9.886481e-02	-2.371841e-02	-7.035955e-02	-3.806606e-02	0.000000e+00	1	4.154410e-03
5.228661e-01	7.282381e-01	5.854688e-02	8.463660e-02	7.117436e-02	3.134737e-02	6.894919e-02	0.000000e+00	1	4.153355e-03
4.003703e-01	8.091786e-01	1.176955e-01	1.565824e-01	1.449135e-01	1.012567e-01	1.196119e-01	0.000000e+00	1	4.141361e-03
5.133323e-01	7.374609e-01	4.354415e-02	3.843232e-02	1.086474e-01	4.831035e-02	1.060807e-01	0.000000e+00	1	4.131993e-03
6.058798e-01	6.603757e-01	2.633157e-02	4.085335e-02	-8.668119e-03	-2.484765e-02	4.952138e-02	0.000000e+00	1	4.116402e-03
7.027444e-01	5.556987e-01	-3.354632e-02	-5.602488e-02	-7.237531e-02	-5.057251e-02	-1.215587e-02	0.000000e+00	1	4.104173e-03
7.013204e-01	5.574056e-01	-3.354632e-02	-5.602488e-02	-7.236624e-02	-4.575817e-02	-1.215587e-02	0.000000e+00	1	4.099840e-03
8.828695e-01	2.510074e-01	-2.279588e-01	-2.123928e-01	-1.970459e-01	-1.785448e-01	-2.212803e-01	0.000000e+00	1	4.095209e-03
8.980970e-01	2.185173e-01	-2.260573e-01	-2.887935e-01	-1.941748e-01	-2.319479e-01	-1.978399e-01	0.000000e+00	1	4.094978e-03
1.571286e-01	9.218728e-01	2.245470e-01	3.259114e-01	2.390976e-01	2.535422e-01	2.865107e-01	0.000000e+00	1	4.083050e-03
8.351892e-01	3.524717e-01	-1.495382e-01	-1.298502e-01	-1.697755e-01	-1.370112e-01	-1.787639e-01	0.000000e+00	1	4.081298e-03
9.324331e-01	1.220839e-01	-3.091412e-01	-2.829985e-01	-2.681271e-01	-3.030578e-01	-2.702366e-01	0.000000e+00	1	4.079006e-03
7.743168e-01	4.574659e-01	-8.456645e-02	-9.935402e-02	-7.256549e-02	-1.316682e-01	-1.021702e-01	0.000000e+00	1	4.075733e-03
7.485655e-01	4.942925e-01	-8.512143e-02	-6.771506e-02	-7.073787e-02	-6.944695e-02	-9.760626e-02	0.000000e+00	1	4.058786e-03
4.380759e-01	7.889380e-01	1.012201e-01	1.415138e-01	7.182810e-02	1.580034e-01	7.483231e-02	0.000000e+00	1	4.052633e-03
9.374101e-01	1.095115e-01	-2.953586e-01	-3.053208e-01	-3.223970e-01	-2.514953e-01	-3.097115e-01	0.000000e+00	1	4.036011e-03
5.693524e-01	6.911994e-01	3.286707e-02	1.935994e-03	4.924505e-02	4.528992e-02	5.658793e-02	0.000000e+00	1	4.026324e-03
9.268893e-01	1.397653e-01	-3.112599e-01	-2.811102e-01	-2.681271e-01	-2.322703e-01	-2.853380e-01	0.000000e+00	1	4.026042e-03
9.221531e-01	1.521429e-01	-2.834177e-01	-2.811102e-01	-2.702035e-01	-2.220115e-01	-2.781714e-01	0.000000e+00	1	4.013985e-03
7.567456e-01	4.843255e-01	-7.285434e-02	-6.717390e-02	-5.954357e-02	-1.224268e-01	-9.802890e-02	0.000000e+00	1	3.995008e-03
9.565859e-01	6.660908e-02	-3.575515e-01	-2.427113e-01	-4.072008e-01	-3.505193e-01	-3.571032e-01	0.000000e+00	1	3.989515e-03
1.985934e-01	9.040938e-01	2.503367e-01	2.448667e-01	2.329147e-01	2.495541e-01	2.091195e-01	0.000000e+00	1	3.982684e-03
7.867694e-02	9.482546e-01	3.744521e-01	3.059717e-01	3.101789e-01	3.120333e-01	3.070395e-01	0.000000e+00	1	3.980924e-03
9.440551e-01	9.165304e-02	-2.848796e-01	-2.694779e-01	-3.269367e-01	-3.432067e-01	-3.336241e-01	0.000000e+00	1	3.976780e-03
7.810285e-01	4.495125e-01	-1.158322e-01	-1.146716e-01	-4.236879e-02	-1.132924e-01	-1.291718e-01	0.000000e+00	1	3.966582e-03
3.546280e-01	8.363932e-01	1.259419e-01	2.036134e-01	1.803412e-01	1.044453e-01	1.528314e-01	0.000000e+00	1	3.944750e-03
8.376442e-01	3.517268e-01	-1.688975e-01	-1.260514e-01	-1.979351e-01	-1.044507e-01	-1.766366e-01	0.000000e+00	1	3.938994e-03
3.365869e-01	8.441985e-01	1.582511e-01	2.042135e-01	1.221928e-01	1.724235e-01	1.528314e-01	0.000000e+00	1	3.934889e-03
3.278530e-01	8.483721e-01	1.628040e-01	1.758789e-01	1.224944e-01	1.705404e-01	2.006853e-01	0.000000e+00	1	3.933113e-03
3.112978e-01	8.559305e-01	1.582511e-01	2.120757e-01	1.799717e-01	1.724235e-01	1.518673e-01	0.000000e+00	1	3.926390e-03
5.890374e-01	6.759381e-01	4.457737e-02	2.876979e-02	-3.210142e-02	4.554150e-02	4.601705e-02	0.000000e+00	1	3.912967e-03
8.345237e-01	3.565839e-01	-1.687083e-01	-1.298502e-01	-2.028062e-01	-1.172330e-01	-1.405270e-01	0.000000e+00	1	3.908147e-03
5.723354e-02	9.549425e-01	3.737455e-01	3.301526e-01	3.311189e-01	3.350150e-01	3.298708e-01	0.000000e+00	1	3.905152e-03
7.515679e-01	4.930863e-01	-8.361587e-02	-9.492529e-02	-6.036345e-02	-1.222563e-01	-3.751388e-02	0.000000e+00	1	3.902901e-03
8.134412e-01	3.933964e-01	-1.354511e-01	-1.431902e-01	-1.584367e-01	-9.062887e-02	-1.314463e-01	0.000000e+00	1	3.899254e-03
9.459708e-02	9.434172e-01	2.628935e-01	3.141044e-01	3.446621e-01	3.438034e-01	2.845090e-01	0.000000e+00	1	3.892891e-03
2.456520e-01	8.865415e-01	2.485973e-01	2.407018e-01	1.911118e-01	1.650191e-01	2.135813e-01	0.000000e+00	1	3.891325e-03
8.802532e-01	2.573358e-01	-2.261124e-01	-2.233195e-01	-2.060431e-01	-1.838427e-01	-1.808124e-01	0.000000e+00	1	3.890998e-03
5.764752e-01	6.864321e-01	2.964248e-02	-1.744060e-02	5.170159e-02	4.302986e-02	6.110492e-02	0.000000e+00	1	3.877806e-03
2.772740e-01	8.734050e-01	2.257448e-01	1.989187e-01	1.593768e-01	2.387457e-01	1.510422e-01	0.000000e+00	1	3.866304e-03
4.853556e-01	7.553885e-01	7.094556e-02	5.473056e-02	9.896885e-02	1.022078e-01	8.894688e-02	0.000000e+00	1	3.854951e-03
6.200314e-01	6.460760e-01	2.921096e-02	3.795553e-02	-1.240750e-02	9.911470e-03	-2.497659e-02	0.000000e+00	1	3.853526e-03
8.571765e-01	3.114938e-01	-1.825999e-01	-2.234506e-01	-1.247953e-01	-1.659651e-01	-1.824753e-01	0.000000e+00	1	3.845003e-03
8.000195e-01	4.202892e-01	-1.669035e-01	-7.998211e-02	-8.414511e-02	-1.566182e-01	-1.073183e-01	0.000000e+00	1	3.834804e-03
7.972534e-01	4.250417e-01	-1.709067e-01	-1.224030e-01	-1.247955e-01	-5.660876e-02	-1.079719e-01	0.000000e+00	1	3.832973e-03
8.015353e-01	4.173619e-01	-1.568081e-01	-8.803641e-02	-7.815071e-02	-1.648969e-01	-1.141441e-01	0.000000e+00	1	3.804033e-03
4.459178e-01	7.826136e-01	1.289057e-01	5.456553e-02	1.187241e-01	1.007881e-01	1.200532e-01	0.000000e+00	1	3.795069e-03
6.260105e-01	6.416215e-01	1.569360e-03	3.352876e-02	-3.659657e-02	4.475838e-02	-1.942444e-02	0.000000e+00	1	3.791484e-03
6.917178e-01	5.723963e-01	1.337538e-02	-3.543286e-02	-9.247494e-02	-5.450586e-02	-1.386145e-02	0.000000e+00	1	3.790235e-03
6.301369e-01	6.353214e-01	2.677105e-02	1.197938e-02	-1.240750e-02	6.525074e-03	-2.497659e-02	0.000000e+00	1	3.789898e-03
2.514500e-01	8.828074e-01	1.853674e-01	2.036194e-01	2.370358e-01	2.208378e-01	1.897352e-01	0.000000e+00	1	3.781959e-03
8.695876e-01	2.820519e-01	-1.653435e-01	-2.123928e-01	-1.970459e-01	-2.139721e-01	-1.647583e-01	0.000000e+00	1	3.767129e-03
6.018232e-01	6.653006e-01	7.723270e-04	7.146907e-02	-1.665001e-02	4.761912e-02	-6.129867e-03	0.000000e+00	1	3.766443e-03
8.620203e-01	2.980253e-01	-1.540717e-01	-1.639219e-01	-2.018699e-01	-1.914080e-01	-1.981322e-01	0.000000e+00	1	3.749154e-03
3.602054e-01	8.336268e-01	2.163403e-01	1.207322e-01	1.406035e-01	1.603174e-01	1.149540e-01	0.000000e+00	1	3.747235e-03
5.246163e-01	7.265867e-01	5.854688e-02	8.463660e-02	7.182810e-02	4.441645e-02	4.978533e-02	0.000000e+00	1	3.746925e-03
3.308584e-01	8.474115e-01	1.706745e-01	1.758789e-01	1.104280e-01	1.704720e-01	1.989138e-01	0.000000e+00	1	3.744446e-03
5.166275e-01	7.350500e-01	1.235229e-02	5.842353e-02	1.076327e-01	8.056288e-02	7.713549e-02	0.000000e+00	1	3.739618e-03
3.086274e-01	8.571143e-01	1.650269e-01	2.120757e-01	1.799717e-01	1.724235e-01	1.518673e-01	0.000000e+00	1	3.739260e-03
4.773845e-01	7.618999e-01	1.200494e-01	8.428796e-02	7.240608e-02	1.128854e-01	4.984512e-02	0.000000e+00	1	3.738722e-03
8.876501e-01	2.410818e-01	-2.327702e-01	-2.123928e-01	-1.970459e-01	-2.466198e-01	-1.790482e-01	0.000000e+00	1	3.725984e-03
7.791730e-01	4.539759e-01	-1.129515e-01	-1.176443e-01	-4.161672e-02	-8.483974e-02	-1.490165e-01	0.000000e+00	1	3.714991e-03
9.391010e-01	1.065678e-01	-2.855567e-01	-3.607051e-01	-2.877229e-01	-2.930775e-01	-2.743756e-01	0.000000e+00	1	3.710428e-03
6.972727e-01	5.623300e-01	-5.227808e-02	-2.839279e-02	-2.622499e-02	-7.662172e-02	-2.255431e-02	0.000000e+00	1	3.666445e-03
4.378268e-03	9.771224e-01	4.403139e-01	4.402526e-01	4.066918e-01	4.148305e-01	4.071994e-01	0.000000e+00	1	3.654084e-03
9.180111e-01	1.707546e-01	-2.011367e-01	-2.483031e-01	-3.295731e-01	-2.336591e-01	-2.808553e-01	0.000000e+00	1	3.651562e-03
4.985364e-01	7.479328e-01	4.353024e-02	6.304131e-02	1.336233e-01	7.357632e-02	7.074050e-02	0.000000e+00	1	3.646237e-03
9.064946e-01	1.966087e-01	-2.280243e-01	-2.480893e-01	-2.830138e-01	-2.567026e-01	-1.865166e-01	0.000000e+00	1	3.638356e-03
1.430130e-01	9.262728e-01	3.234217e-01	2.390345e-01	2.810266e-01	2.433049e-01	2.845090e-01	0.000000e+00	1	3.636916e-03
6.436596e-01	6.236200e-01	9.485068e-03	3.182169e-02	-4.722870e-02	8.587653e-03	-3.325108e-02	0.000000e+00	1	3.634608e-03
6.426743e-01	6.260899e-01	-3.355812e-02	3.303689e-02	-5.229023e-02	3.712510e-02	-9.674999e-03	0.000000e+00	1	3.632803e-03
5.297079e-01	7.227534e-01	5.854688e-02	8.525959e-02	3.938612e-02	6.243277e-02	4.978533e-02	0.000000e+00	1	3.623898e-03
3.017739e-01	8.600301e-01	1.788967e-01	2.036134e-01	1.769067e-01	1.861568e-01	1.528314e-01	0.000000e+00	1	3.602019e-03
3.863001e-01	8.169345e-01	1.426574e-01	1.592047e-01	1.453242e-01	1.103171e-01	1.187183e-01	0.000000e+00	1	3.601112e-03
4.690948e-01	7.663291e-01	1.067259e-01	8.428796e-02	7.182810e-02	1.161150e-01	7.981147e-02	0.000000e+00	1	3.598112e-03
6.759316e-01	5.868816e-01	-5.227808e-02	-2.632403e-02	-2.765230e-02	5.095413e-03	-3.455886e-02	0.000000e+00	1	3.596355e-03
1.960108e-01	9.051285e-01	2.507286e-01	2.303884e-01	2.330719e-01	2.627158e-01	2.177493e-01	0.000000e+00	1	3.590993e-03
6.953565e-01	5.670594e-01	-5.227808e-02	-2.828886e-02	-2.884421e-02	5.095413e-03	-9.215539e-02	0.000000e+00	1	3.590715e-03
7.075454e-01	5.503890e-01	-5.318730e-02	-3.543286e-02	-8.484711e-02	-5.450586e-02	-1.244511e-02	0.000000e+00	1	3.583035e-03
8.455608e-01	3.319256e-01	-1.339550e-01	-1.866448e-01	-1.624764e-01	-1.762803e-01	-1.593793e-01	0.000000e+00	1	3.582493e-03
4.024844e-01	8.078933e-01	1.176955e-01	1.565824e-01	1.400801e-01	1.012567e-01	1.187183e-01	0.000000e+00	1	3.581079e-03
3.402984e-01	8.426575e-01	1.577664e-01	2.039308e-01	1.141996e-01	1.725461e-01	1.528314e-01	0.000000e+00	1	3.580488e-03
9.350030e-01	1.158186e-01	-2.848796e-01	-2.896066e-01	-2.699620e-01	-2.811412e-01	-3.336241e-01	0.000000e+00	1	3.579877e-03
7.451828e-02	9.506112e-01	3.815002e-01	3.059616e-01	3.092640e-01	2.878945e-01	3.536303e-01	0.000000e+00	1	3.573756e-03
1.836544e-01	9.098260e-01	2.597133e-01	2.494669e-01	2.210929e-01	2.618400e-01	2.394554e-01	0.000000e+00	1	3.571062e-03
1.937746e-01	9.063059e-01	2.688343e-01	2.448667e-01	2.296830e-01	2.506416e-01	2.091624e-01	0.000000e+00	1	3.571040e-03
5.797729e-01	6.849570e-01	2.034625e-02	5.017690e-02	-2.028400e-02	8.297978e-02	2.782624e-02	0.000000e+00	1	3.570460e-03
5.617682e-01	6.971759e-01	3.853056e-02	1.695838e-02	4.101569e-02	4.302986e-02	6.707584e-02	0.000000e+00	1	3.563187e-03
4.861537e-01	7.549487e-01	8.050439e-02	4.787486e-02	9.573048e-02	1.022078e-01	8.761032e-02	0.000000e+00	1	3.557106e-03
4.096251e-01	8.058710e-01	1.569986e-01	1.406996e-01	6.776827e-02	1.529932e-01	1.032985e-01	0.000000e+00	1	3.554786e-03
9.186452e-01	1.664612e-01	-2.854943e-01	-2.811102e-01	-2.702964e-01	-1.853697e-01	-2.784840e-01	0.000000e+00	1	3.551743e-03
7.200724e-01	5.361755e-01	-8.367855e-02	-1.781023e-02	-2.025812e-02	-7.252955e-02	-8.801331e-02	0.000000e+00	1	3.548226e-03
3.799577e-01	8.203747e-01	1.569986e-01	1.208105e-01	1.468841e-01	1.529932e-01	1.148878e-01	0.000000e+00	1	3.541143e-03
6.704664e-01	5.946592e-01	-4.450809e-02	3.182169e-02	-3.420153e-02	-3.142165e-02	-3.743484e-02	0.000000e+00	1	3.535326e-03
7.672642e-01	4.696295e-01	-8.512143e-02	-6.771506e-02	-6.889975e-02	-1.411042e-01	-9.760626e-02	0.000000e+00	1	3.526220e-03
1.302758e-01	9.301712e-01	3.214617e-01	2.785450e-01	2.820927e-01	2.433049e-01	2.845090e-01	0.000000e+00	1	3.522943e-03
6.671287e-01	5.981803e-01	-4.450809e-02	3.182169e-02	-3.420153e-02	-3.142165e-02	-2.692395e-02	0.000000e+00	1	3.517157e-03
8.087994e-01	4.027116e-01	-1.634917e-01	-1.239790e-01	-1.339624e-01	-1.365092e-01	-7.882120e-02	0.000000e+00	1	3.510440e-03
6.698174e-01	5.976308e-01	-3.757562e-02	-6.501854e-02	-2.833170e-02	4.623500e-02	-2.584035e-02	0.000000e+00	1	3.507057e-03
7.642218e-01	4.753876e-01	-3.575082e-02	-9.807523e-02	-7.941953e-02	-1.316682e-01	-1.021702e-01	0.000000e+00	1	3.504400e-03
1.196158e-01	9.342560e-01	2.985170e-01	3.232478e-01	2.987178e-01	2.381237e-01	2.918139e-01	0.000000e+00	1	3.498377e-03
3.613896e-01	8.315899e-01	1.834487e-01	1.589185e-01	1.029812e-01	1.651275e-01	1.346336e-01	0.000000e+00	1	3.498094e-03
6.846903e-01	5.787509e-01	-1.353037e-02	2.440187e-03	-8.165763e-02	-2.699413e-02	-4.218794e-02	0.000000e+00	1	3.497326e-03
6.458957e-01	6.222043e-01	-3.968463e-03	-1.288643e-02	4.803050e-02	-5.631635e-02	-1.106231e-02	0.000000e+00	1	3.494557e-03
7.847926e-01	4.447616e-01	-1.582927e-01	-9.935402e-02	-6.345448e-02	-7.683059e-02	-1.319020e-01	0.000000e+00	1	3.494463e-03
3.686805e-01	8.267911e-01	1.468411e-01	1.658699e-01	1.520578e-01	1.060253e-01	1.521901e-01	0.000000e+00	1	3.491259e-03
6.244679e-01	6.447360e-01	3.960156e-02	-5.637819e-02	4.812820e-02	6.525074e-03	-6.860827e-03	0.000000e+00	1	3.489538e-03
2.017309e-01	9.030486e-01	2.479176e-01	2.448667e-01	2.329147e-01	2.511499e-01	2.016908e-01	0.000000e+00	1	3.487229e-03
7.322276e-01	5.186953e-01	-5.271342e-02	-9.588186e-02	-7.256549e-02	-8.082666e-02	-2.579952e-02	0.000000e+00	1	3.477234e-03
6.875299e-01	5.761602e-01	-1.353037e-02	2.440187e-03	-9.014228e-02	-2.699413e-02	-4.218794e-02	0.000000e+00	1	3.476846e-03
4.208150e-01	7.968212e-01	9.962944e-02	1.396310e-01	1.130087e-01	1.322798e-01	1.010411e-01	0.000000e+00	1	3.474620e-03
2.585402e-01	8.797276e-01	1.848836e-01	2.039368e-01	2.290426e-01	2.190436e-01	1.798680e-01	0.000000e+00	1	3.469837e-03
7.277600e-01	5.246616e-01	-6.084882e-02	-4.527858e-02	-7.256549e-02	-3.070096e-02	-1.021702e-01	0.000000e+00	1	3.457294e-03
8.068107e-01	4.052436e-01	-8.514474e-02	-1.301968e-01	-1.245545e-01	-1.293010e-01	-1.594071e-01	0.000000e+00	1	3.454149e-03
6.839912e-01	5.835744e-01	1.364380e-02	-1.887205e-02	-1.735881e-02	-1.132924e-01	-1.837441e-02	0.000000e+00	1	3.438526e-03
3.202170e-01	8.529534e-01	1.731369e-01	1.568956e-01	1.454497e-01	1.489709e-01	2.314154e-01	0.000000e+00	1	3.425934e-03
8.425247e-01	3.417373e-01	-1.617771e-01	-1.290018e-01	-2.028062e-01	-1.172330e-01	-1.887640e-01	0.000000e+00	1	3.413695e-03
2.367752e-01	8.895477e-01	2.485973e-01	2.407018e-01	1.911118e-01	1.865703e-01	2.135813e-01	0.000000e+00	1	3.409877e-03
7.409277e-01	5.076817e-01	-7.285434e-02	-6.465835e-02	-6.161615e-02	-1.222563e-01	-3.751388e-02	0.000000e+00	1	3.404732e-03
9.109925e-01	1.841748e-01	-2.540440e-01	-2.698213e-01	-2.107280e-01	-2.879385e-01	-2.159591e-01	0.000000e+00	1	3.404715e-03
8.326447e-01	3.575638e-01	-1.365601e-01	-1.298502e-01	-1.697755e-01	-1.370112e-01	-1.787639e-01	0.000000e+00	1	3.403456e-03
2.496629e-01	8.855841e-01	2.344079e-01	2.451672e-01	2.387443e-01	1.725006e-01	1.605134e-01	0.000000e+00	1	3.402861e-03
6.972194e-01	5.653518e-01	-5.227808e-02	-2.828886e-02	-2.884421e-02	5.238115e-03	-9.792750e-02	0.000000e+00	1	3.401814e-03
8.400376e-01	3.452540e-01	-1.453065e-01	-1.236799e-01	-2.012973e-01	-1.385988e-01	-1.789452e-01	0.000000e+00	1	3.400451e-03
7.736452e-01	4.615836e-01	-1.182637e-01	-1.176443e-01	-4.161672e-02	-7.670578e-02	-1.301737e-01	0.000000e+00	1	3.391360e-03
6.748674e-01	5.900192e-01	7.120163e-04	-7.247319e-02	-2.877321e-02	8.690451e-03	-3.777951e-02	0.000000e+00	1	3.390041e-03
2.393089e-01	8.878124e-01	2.185763e-01	2.390111e-01	1.911118e-01	1.967324e-01	2.245576e-01	0.000000e+00	1	3.386293e-03
6.730888e-01	5.939886e-01	-8.327691e-02	2.374715e-02	3.876102e-03	-3.832783e-02	-2.715339e-02	0.000000e+00	1	3.384060e-03
6.785122e-01	5.866292e-01	-8.048550e-02	5.737784e-03	3.876102e-03	-4.352036e-02	-2.613679e-02	0.000000e+00	1	3.379004e-03
8.025161e-01	4.153525e-01	-1.568081e-01	-8.803641e-02	-8.284478e-02	-1.648969e-01	-1.141441e-01	0.000000e+00	1	3.376148e-03
7.859566e-01	4.408253e-01	-1.403772e-01	-9.345855e-02	-6.296037e-02	-1.093757e-01	-1.306427e-01	0.000000e+00	1	3.374694e-03
2.152707e-01	8.972448e-01	2.349579e-01	2.311919e-01	2.131408e-01	2.159778e-01	2.412073e-01	0.000000e+00	1	3.370744e-03
6.907638e-01	5.733281e-01	3.496618e-03	-1.022034e-01	-2.283449e-02	-3.142165e-02	-2.699015e-02	0.000000e+00	1	3.364147e-03
7.099222e-01	5.477540e-01	-5.637456e-02	-3.543286e-02	-8.948830e-02	-5.450586e-02	-1.244511e-02	0.000000e+00	1	3.363694e-03
8.747255e-01	2.717240e-01	-2.261124e-01	-1.528972e-01	-1.846613e-01	-1.993497e-01	-2.209458e-01	0.000000e+00	1	3.361052e-03
8.793054e-01	2.611995e-01	-1.959249e-01	-2.441637e-01	-1.945609e-01	-2.140948e-01	-1.640630e-01	0.000000e+00	1	3.352292e-03
2.921820e-01	8.648669e-01	1.814266e-01	2.036194e-01	1.693023e-01	2.134588e-01	1.578843e-01	0.000000e+00	1	3.351193e-03
4.276380e-01	7.931297e-01	1.240308e-01	8.442497e-02	1.455596e-01	1.031454e-01	1.117395e-01	0.000000e+00	1	3.349260e-03
6.382275e-01	6.279822e-01	-2.270763e-02	3.795553e-02	-1.240750e-02	6.525074e-03	-2.497659e-02	0.000000e+00	1	3.343333e-03
8.147017e-01	3.904674e-01	-1.683499e-01	-1.319815e-01	-1.120501e-01	-1.311379e-01	-1.221165e-01	0.000000e+00	1	3.340902e-03
8.849444e-01	2.477692e-01	-1.778757e-01	-2.214461e-01	-1.846613e-01	-2.457902e-01	-2.198525e-01	0.000000e+00	1	3.332866e-03
7.849921e-02	9.501022e-01	3.828982e-01	3.059616e-01	3.488493e-01	2.617239e-01	3.306757e-01	0.000000e+00	1	3.328538e-03
8.587960e-01	3.079452e-01	-1.801989e-01	-2.234506e-01	-1.247953e-01	-1.776147e-01	-1.824753e-01	0.000000e+00	1	3.315301e-03
7.936065e-01	4.300557e-01	-1.158322e-01	-1.159641e-01	-5.268878e-02	-1.541670e-01	-1.291718e-01	0.000000e+00	1	3.314705e-03
9.113393e-01	1.792661e-01	-2.317751e-01	-2.463259e-01	-2.559587e-01	-2.426682e-01	-2.672983e-01	0.000000e+00	1	3.304813e-03
3.786373e-01	8.221439e-01	1.587713e-01	1.179227e-01	1.710756e-01	1.003030e-01	1.512242e-01	0.000000e+00	1	3.297109e-03
7.769182e-01	4.568890e-01	-1.122712e-01	-1.176443e-01	-7.178455e-02	-4.998531e-02	-1.457141e-01	0.000000e+00	1	3.290395e-03
1.912111e-01	9.073207e-01	2.692263e-01	2.303884e-01	2.298401e-01	2.638033e-01	2.177922e-01	0.000000e+00	1	3.286768e-03
4.188598e-01	7.977119e-01	1.150912e-01	1.364876e-01	1.270109e-01	9.959410e-02	1.117463e-01	0.000000e+00	1	3.284454e-03
7.258762e-01	5.278588e-01	-8.607520e-02	-2.814638e-02	-2.873658e-02	-6.740620e-02	-9.357214e-02	0.000000e+00	1	3.272406e-03
3.904561e-01	8.148863e-01	1.001063e-01	1.565824e-01	1.453242e-01	1.454720e-01	1.187183e-01	0.000000e+00	1	3.269410e-03
3.762011e-01	8.233410e-01	1.215596e-01	1.657740e-01	1.453378e-01	1.031454e-01	1.694428e-01	0.000000e+00	1	3.258476e-03
8.868617e-01	2.447690e-01	-2.443815e-01	-2.441637e-01	-1.945422e-01	-2.140948e-01	-1.640630e-01	0.000000e+00	1	3.250286e-03
1.236690e-01	9.334323e-01	2.690221e-01	3.141044e-01	2.392455e-01	3.339990e-01	2.845090e-01	0.000000e+00	1	3.243015e-03
7.807524e-01	4.502021e-01	-1.523139e-01	-9.935402e-02	-6.345448e-02	-7.683059e-02	-1.219787e-01	0.000000e+00	1	3.234505e-03
8.592216e-01	3.070613e-01	-1.825999e-01	-2.234506e-01	-1.247953e-01	-1.776147e-01	-1.824753e-01	0.000000e+00	1	3.228811e-03
9.636872e-02	9.425657e-01	2.567855e-01	3.112451e-01	3.503707e-01	3.191647e-01	3.029619e-01	0.000000e+00	1	3.224264e-03
7.381637e-01	5.099355e-01	-7.353091e-02	-9.935402e-02	-6.345448e-02	-7.724898e-02	-3.681331e-02	0.000000e+00	1	3.222408e-03
7.539502e-01	4.872695e-01	-7.342320e-02	-9.860486e-02	-8.852625e-02	-5.338425e-02	-9.650079e-02	0.000000e+00	1	3.218660e-03
3.059044e-01	8.597495e-01	1.484637e-01	1.732080e-01	2.387443e-01	1.725006e-01	1.610521e-01	0.000000e+00	1	3.218294e-03
4.485509e-01	7.808394e-01	1.040938e-01	1.439816e-01	7.182810e-02	1.161150e-01	7.981147e-02	0.000000e+00	1	3.192993e-03
5.145713e-02	9.588668e-01	3.828786e-01	3.002572e-01	3.447452e-01	3.983507e-01	3.280257e-01	0.000000e+00	1	3.191602e-03
6.537405e-01	6.120095e-01	-4.450809e-02	1.933943e-02	-1.105811e-02	-3.392098e-02	6.535915e-03	0.000000e+00	1	3.182599e-03
9.400580e-01	1.049079e-01	-2.826752e-01	-2.549556e-01	-2.913249e-01	-3.432067e-01	-3.391678e-01	0.000000e+00	1	3.176816e-03
3.890586e-01	8.157655e-01	1.569986e-01	1.207322e-01	1.382117e-01	9.959410e-02	1.546081e-01	0.000000e+00	1	3.169074e-03
6.395949e-01	6.266635e-01	-2.270763e-02	3.795553e-02	-1.663092e-02	6.653451e-03	-2.497659e-02	0.000000e+00	1	3.162851e-03
3.973166e-01	8.108318e-01	1.240795e-01	1.565824e-01	1.452384e-01	1.031454e-01	1.187183e-01	0.000000e+00	1	3.151560e-03
5.354376e-02	9.570895e-01	3.828786e-01	3.059616e-01	3.465779e-01	3.659355e-01	3.280257e-01	0.000000e+00	1	3.140440e-03
8.065984e-01	4.072598e-01	-1.568081e-01	-1.085554e-01	-8.665043e-02	-1.648969e-01	-1.091812e-01	0.000000e+00	1	3.138620e-03
9.277715e-01	1.358293e-01	-3.091412e-01	-2.829985e-01	-2.681271e-01	-2.486512e-01	-2.785262e-01	0.000000e+00	1	3.131198e-03
8.725668e-01	2.745732e-01	-1.815296e-01	-2.233195e-01	-2.060431e-01	-1.838427e-01	-1.774895e-01	0.000000e+00	1	3.129851e-03
6.171969e-01	6.504728e-01	1.569360e-03	-1.696253e-02	5.232657e-02	4.286310e-02	-2.895980e-02	0.000000e+00	1	3.129031e-03
8.783262e-01	2.619578e-01	-2.279588e-01	-1.828861e-01	-1.970459e-01	-1.785448e-01	-2.212803e-01	0.000000e+00	1	3.125371e-03
8.200085e-01	3.807697e-01	-1.634917e-01	-1.239790e-01	-1.502527e-01	-1.125916e-01	-1.403883e-01	0.000000e+00	1	3.105945e-03
6.886621e-01	5.759192e-01	-3.721186e-02	-2.839279e-02	-3.022309e-02	1.761448e-02	-9.454825e-02	0.000000e+00	1	3.100834e-03
3.964006e-01	8.113779e-01	1.278647e-01	1.565824e-01	1.449135e-01	1.012567e-01	1.196119e-01	0.000000e+00	1	3.095797e-03
5.024490e-01	7.449113e-01	1.029694e-01	8.526330e-02	1.036778e-01	3.203992e-02	4.952138e-02	0.000000e+00	1	3.082464e-03
4.242637e-01	7.952476e-01	1.167558e-01	1.428947e-01	1.184540e-01	7.777423e-02	1.220599e-01	0.000000e+00	1	3.082381e-03
8.402899e-01	3.432291e-01	-1.634917e-01	-1.836529e-01	-1.339624e-01	-1.305675e-01	-1.787614e-01	0.000000e+00	1	3.071109e-03
3.428348e-01	8.413087e-01	1.577673e-01	2.039308e-01	1.141996e-01	1.656198e-01	1.528314e-01	0.000000e+00	1	3.057260e-03
8.980970e-01	2.185173e-01	-2.260573e-01	-2.887935e-01	-1.941748e-01	-2.319479e-01	-1.978399e-01	0.000000e+00	1	3.056825e-03
6.305317e-01	6.349249e-01	3.082254e-02	8.697691e-03	-2.301689e-02	-1.072620e-02	9.097061e-04	0.000000e+00	1	3.044944e-03
1.885862e-01	9.091887e-01	2.478801e-01	2.958986e-01	2.166219e-01	2.473047e-01	2.165385e-01	0.000000e+00	1	3.044530e-03
6.815334e-01	5.858616e-01	3.751507e-02	-1.756652e-02	-2.228510e-02	-8.326741e-02	-6.124019e-02	0.000000e+00	1	3.029408e-03
8.104950e-01	3.995088e-01	-1.039292e-01	-1.109905e-01	-1.245545e-01	-1.257183e-01	-1.795401e-01	0.000000e+00	1	3.014146e-03
5.514061e-02	9.564045e-01	3.828786e-01	3.059616e-01	3.465779e-01	3.561382e-01	3.280257e-01	0.000000e+00	1	2.981994e-03
8.472104e-01	3.292427e-01	-1.812231e-01	-1.725202e-01	-1.247955e-01	-1.659651e-01	-1.824753e-01	0.000000e+00	1	2.980204e-03
4.845118e-02	9.615620e-01	3.923007e-01	3.002572e-01	3.447452e-01	4.285820e-01	3.280257e-01	0.000000e+00	1	2.954896e-03
6.738701e-01	5.914436e-01	-3.115411e-02	3.182169e-02	-5.745121e-02	-2.699413e-02	-4.218794e-02	0.000000e+00	1	2.942066e-03
5.644285e-01	6.950359e-01	2.964248e-02	1.695838e-02	4.256334e-02	4.302986e-02	6.707584e-02	0.000000e+00	1	2.940853e-03
7.544544e-01	4.862586e-01	-7.285434e-02	-9.607842e-02	-8.871377e-02	-5.846418e-02	-9.657654e-02	0.000000e+00	1	2.934711e-03
8.116356e-01	3.950235e-01	-1.250557e-01	-1.239790e-01	-1.502527e-01	-1.125916e-01	-1.403883e-01	0.000000e+00	1	2.930250e-03
7.324728e-01	5.175139e-01	-5.129902e-02	-5.072997e-02	-7.256549e-02	-5.331421e-02	-1.017609e-01	0.000000e+00	1	2.927079e-03
5.267806e-01	7.248227e-01	5.854688e-02	8.463660e-02	4.675851e-02	6.334013e-02	4.978533e-02	0.000000e+00	1	2.919504e-03
5.148658e-01	7.361040e-01	1.682093e-02	5.842353e-02	1.076327e-01	8.515023e-02	7.234145e-02	0.000000e+00	1	2.916154e-03
4.954266e-02	9.593357e-01	3.828786e-01	3.059616e-01	3.465779e-01	3.983507e-01	3.280257e-01	0.000000e+00	1	2.914461e-03
9.412817e-01	1.025403e-01	-2.826752e-01	-2.549556e-01	-2.913249e-01	-3.432067e-01	-3.521748e-01	0.000000e+00	1	2.909822e-03
9.373415e-01	1.126899e-01	-2.738068e-01	-2.567247e-01	-2.780035e-01	-3.432067e-01	-3.299305e-01	0.000000e+00	1	2.908613e-03
9.756703e-01	1.552576e-02	-4.241606e-01	-4.152842e-01	-4.753907e-01	-4.181600e-01	-3.355957e-01	0.000000e+00	1	2.892842e-03
8.110504e-01	3.967342e-01	-1.068458e-01	-1.301968e-01	-1.245545e-01	-1.253837e-01	-1.619696e-01	0.000000e+00	1	2.881270e-03
5.803660e-01	6.833372e-01	6.400277e-02	5.101960e-02	-2.097002e-02	3.125406e-02	3.208229e-02	0.000000e+00	1	2.875492e-03
9.015860e-01	2.090219e-01	-2.253557e-01	-2.880394e-01	-2.086487e-01	-2.451563e-01	-1.978399e-01	0.000000e+00	1	2.875268e-03
5.901211e-01	6.753493e-01	2.964248e-02	1.695838e-02	-2.763819e-02	4.302986e-02	6.832107e-02	0.000000e+00	1	2.863608e-03
9.071937e-01	1.956432e-01	-2.641476e-01	-2.914204e-01	-2.086487e-01	-2.451563e-01	-1.978399e-01	0.000000e+00	1	2.862029e-03
1.327160e-01	9.299991e-01	2.868992e-01	2.321397e-01	2.629360e-01	3.218605e-01	3.031313e-01	0.000000e+00	1	2.858792e-03
9.013176e-01	2.095009e-01	-2.367034e-01	-2.880394e-01	-2.086487e-01	-2.319479e-01	-1.978399e-01	0.000000e+00	1	2.856114e-03
8.431729e-01	3.378502e-01	-1.812231e-01	-1.767902e-01	-1.297830e-01	-1.349073e-01	-1.824753e-01	0.000000e+00	1	2.855807e-03
7.916552e-01	4.329149e-01	-8.635207e-02	-1.164682e-01	-1.584367e-01	-6.700171e-02	-1.314935e-01	0.000000e+00	1	2.853179e-03
1.283777e-01	9.330128e-01	2.184140e-01	3.141044e-01	2.735415e-01	3.437872e-01	2.845090e-01	0.000000e+00	1	2.849827e-03
1.847887e-01	9.097191e-01	2.692263e-01	2.494669e-01	2.298401e-01	2.638033e-01	2.177922e-01	0.000000e+00	1	2.841157e-03
4.051984e-01	8.059190e-01	1.294945e-01	1.174786e-01	1.101918e-01	1.522808e-01	1.166266e-01	0.000000e+00	1	2.833143e-03
8.711602e-01	2.785310e-01	-1.582145e-01	-2.123928e-01	-1.970459e-01	-2.163284e-01	-1.790482e-01	0.000000e+00	1	2.831101e-03
6.840806e-01	5.795513e-01	-1.353037e-02	4.099528e-03	-8.165763e-02	-2.651027e-02	-4.218794e-02	0.000000e+00	1	2.829592e-03
4.272955e-01	7.933114e-01	1.240308e-01	8.525051e-02	1.455596e-01	1.031454e-01	1.117395e-01	0.000000e+00	1	2.806186e-03
9.241006e-01	1.508745e-01	-2.617158e-01	-3.182553e-01	-2.086487e-01	-2.879385e-01	-2.733551e-01	0.000000e+00	1	2.806055e-03
9.363911e-01	1.141711e-01	-2.855567e-01	-2.844576e-01	-2.702035e-01	-3.539336e-01	-2.781714e-01	0.000000e+00	1	2.796466e-03
6.172857e-01	6.479461e-01	3.209967e-03	8.835346e-03	-2.036452e-02	1.742030e-02	3.757942e-02	0.000000e+00	1	2.794895e-03
8.237701e-01	3.743485e-01	-1.453065e-01	-1.236862e-01	-1.217402e-01	-1.385988e-01	-1.789452e-01	0.000000e+00	1	2.752759e-03
3.059180e-01	8.578740e-01	1.927234e-01	1.779133e-01	1.769067e-01	1.861568e-01	1.528314e-01	0.000000e+00	1	2.739389e-03
3.676824e-01	8.268243e-01	1.468411e-01	1.567774e-01	1.520578e-01	1.161080e-01	1.521901e-01	0.000000e+00	1	2.738321e-03
7.666524e-01	4.735688e-01	-1.440856e-01	-5.961575e-02	-1.037651e-01	-3.836484e-02	-1.089801e-01	0.000000e+00	1	2.730271e-03
3.936288e-01	8.132027e-01	1.569986e-01	1.207322e-01	1.262918e-01	9.959410e-02	1.546081e-01	0.000000e+00	1	2.723371e-03
8.837137e-01	2.500070e-01	-2.443496e-01	-2.123928e-01	-1.944216e-01	-2.140948e-01	-1.767537e-01	0.000000e+00	1	2.718189e-03
6.572496e-01	6.069226e-01	3.496618e-03	1.162095e-03	-2.283449e-02	-3.142165e-02	-2.699015e-02	0.000000e+00	1	2.714868e-03
7.585571e-01	4.825465e-01	-8.213827e-02	-9.492529e-02	-6.186913e-02	-5.570504e-02	-1.314935e-01	0.000000e+00	1	2.698810e-03
9.109925e-01	1.841748e-01	-2.540440e-01	-2.698213e-01	-2.107280e-01	-2.879385e-01	-2.159591e-01	0.000000e+00	1	2.693606e-03
8.547955e-01	3.140431e-01	-1.714307e-01	-1.328399e-01	-2.024469e-01	-1.822070e-01	-1.790453e-01	0.000000e+00	1	2.690363e-03
7.117192e-01	5.450275e-01	-5.049719e-02	-2.839279e-02	-7.570510e-02	-7.793110e-02	-2.255431e-02	0.000000e+00	1	2.682963e-03
3.373681e-01	8.428561e-01	1.578925e-01	1.522141e-01	1.472230e-01	1.507415e-01	1.963864e-01	0.000000e+00	1	2.682349e-03
2.437960e-01	8.873398e-01	2.303517e-01	1.855105e-01	2.638742e-01	1.790874e-01	2.055082e-01	0.000000e+00	1	2.680714e-03
4.597831e-01	7.727303e-01	1.036825e-01	7.057772e-02	1.219329e-01	7.868541e-02	1.091369e-01	0.000000e+00	1	2.674286e-03
9.117034e-01	1.784362e-01	-2.317751e-01	-2.463259e-01	-2.490497e-01	-2.473729e-01	-2.723684e-01	0.000000e+00	1	2.673928e-03
7.991151e-01	4.224345e-01	-1.634917e-01	-1.239790e-01	-4.992139e-02	-1.125916e-01	-1.403883e-01	0.000000e+00	1	2.672964e-03
8.634099e-01	2.951459e-01	-1.550485e-01	-1.640737e-01	-2.025684e-01	-1.975276e-01	-1.981322e-01	0.000000e+00	1	2.671012e-03
8.749375e-01	2.703753e-01	-1.687854e-01	-1.959593e-01	-2.026400e-01	-2.369793e-01	-1.815837e-01	0.000000e+00	1	2.663400e-03
4.545039e-01	7.797238e-01	2.953748e-02	9.828756e-02	1.101918e-01	1.522808e-01	1.166266e-01	0.000000e+00	1	2.661052e-03
8.890519e-01	2.396798e-01	-2.443815e-01	-2.534227e-01	-1.945422e-01	-2.140948e-01	-1.694860e-01	0.000000e+00	1	2.659170e-03
7.783392e-01	4.550481e-01	-1.129515e-01	-1.176443e-01	-4.161672e-02	-8.448461e-02	-1.461662e-01	0.000000e+00	1	2.643194e-03
3.744695e-01	8.243549e-01	1.229696e-01	1.657740e-01	1.453747e-01	1.031454e-01	1.727630e-01	0.000000e+00	1	2.637831e-03
3.657929e-01	8.292605e-01	1.554195e-01	1.292475e-01	1.382117e-01	1.957959e-01	1.148878e-01	0.000000e+00	1	2.624471e-03
8.200085e-01	3.807697e-01	-1.634917e-01	-1.239790e-01	-1.502527e-01	-1.125916e-01	-1.403883e-01	0.000000e+00	1	2.622814e-03
4.576187e-01	7.750835e-01	1.167558e-01	5.602652e-02	1.184540e-01	7.877289e-02	1.220599e-01	0.000000e+00	1	2.617041e-03
4.159794e-01	7.994596e-01	1.216896e-01	1.207322e-01	1.405750e-01	9.959410e-02	1.149540e-01	0.000000e+00	1	2.608402e-03
2.617204e-01	8.783953e-01	1.880848e-01	2.039368e-01	2.290426e-01	2.140342e-01	1.731148e-01	0.000000e+00	1	2.595597e-03
7.280176e-01	5.232453e-01	-5.130708e-02	-9.492529e-02	-7.082747e-02	-5.338125e-02	-4.331555e-02	0.000000e+00	1	2.590375e-03
1.535530e-01	9.230416e-01	2.991992e-01	3.138695e-01	2.522138e-01	2.608414e-01	2.142773e-01	0.000000e+00	1	2.581555e-03
6.058798e-01	6.603757e-01	2.633157e-02	4.085335e-02	-8.668119e-03	-2.484765e-02	4.952138e-02	0.000000e+00	1	2.578490e-03
4.235935e-01	7.956421e-01	1.240308e-01	8.556737e-02	1.483582e-01	1.031454e-01	1.185654e-01	0.000000e+00	1	2.565076e-03
7.396657e-01	5.091255e-01	-8.654816e-02	-6.637305e-02	-7.467668e-02	-2.379856e-02	-1.031443e-01	0.000000e+00	1	2.564723e-03
7.083500e-01	5.494027e-01	-8.607520e-02	-2.618155e-02	-2.754466e-02	-6.740620e-02	-3.597561e-02	0.000000e+00	1	2.562845e-03
6.485227e-01	6.198359e-01	3.702712e-02	-1.748807e-02	-2.228510e-02	2.044707e-02	-6.156020e-02	0.000000e+00	1	2.560404e-03
6.475281e-01	6.206510e-01	-2.270763e-02	4.382178e-02	-5.382740e-02	1.416203e-02	-2.252848e-02	0.000000e+00	1	2.553651e-03
5.279250e-01	7.241827e-01	4.879874e-02	8.558661e-02	7.182810e-02	4.441645e-02	4.978533e-02	0.000000e+00	1	2.553401e-03
4.522315e-01	7.807452e-01	1.475408e-01	5.101960e-02	6.516616e-02	1.365522e-01	1.115675e-01	0.000000e+00	1	2.550705e-03
8.254594e-01	3.727488e-01	-1.683499e-01	-1.236862e-01	-1.055088e-01	-1.385988e-01	-1.789452e-01	0.000000e+00	1	2.541081e-03
9.799844e-02	9.405109e-01	2.985170e-01	3.232478e-01	3.028964e-01	3.033932e-01	2.918139e-01	0.000000e+00	1	2.540565e-03
5.326746e-01	7.218376e-01	4.354415e-02	3.782851e-02	1.087080e-01	5.042746e-02	4.952138e-02	0.000000e+00	1	2.532400e-03
2.415633e-01	8.877043e-01	2.485973e-01	2.407018e-01	1.857159e-01	1.865703e-01	2.062064e-01	0.000000e+00	1	2.529977e-03
9.183497e-01	1.671398e-01	-2.834177e-01	-2.811102e-01	-2.702035e-01	-1.853697e-01	-2.781714e-01	0.000000e+00	1	2.524656e-03
8.711602e-01	2.785310e-01	-1.582145e-01	-2.123928e-01	-1.970459e-01	-2.163284e-01	-1.790482e-01	0.000000e+00	1	2.522413e-03
8.550643e-01	3.117337e-01	-1.552266e-01	-1.867296e-01	-1.751740e-01	-1.891659e-01	-1.645884e-01	0.000000e+00	1	2.521034e-03
6.572496e-01	6.069226e-01	3.496618e-03	1.162095e-03	-2.283449e-02	-3.142165e-02	-2.699015e-02	0.000000e+00	1	2.518645e-03
8.852109e-01	2.449956e-01	-2.279588e-01	-2.172718e-01	-1.970459e-01	-1.894230e-01	-2.212803e-01	0.000000e+00	1	2.515784e-03
8.096490e-01	4.012193e-01	-1.634917e-01	-1.278079e-01	-1.340179e-01	-1.365092e-01	-7.882120e-02	0.000000e+00	1	2.506620e-03
4.341105e-01	7.892202e-01	1.142831e-01	7.596197e-02	1.301547e-01	1.322798e-01	9.939695e-02	0.000000e+00	1	2.489774e-03
1.228162e-01	9.338077e-01	2.690221e-01	3.178095e-01	2.392455e-01	3.339990e-01	2.845090e-01	0.000000e+00	1	2.488760e-03
2.038135e-01	9.024831e-01	2.403005e-01	2.061950e-01	2.522138e-01	2.608414e-01	2.142773e-01	0.000000e+00	1	2.486989e-03
3.932382e-01	8.135449e-01	1.572538e-01	1.579656e-01	1.261021e-01	9.956997e-02	1.187183e-01	0.000000e+00	1	2.480738e-03
8.763588e-01	2.681536e-01	-2.261124e-01	-1.528972e-01	-1.846613e-01	-2.094199e-01	-2.209458e-01	0.000000e+00	1	2.473097e-03
9.722850e-01	2.084470e-02	-4.571467e-01	-4.166592e-01	-3.651763e-01	-4.181600e-01	-3.355957e-01	0.000000e+00	1	2.471851e-03
3.970104e-02	9.641973e-01	3.964834e-01	3.059616e-01	4.099093e-01	3.983507e-01	3.280257e-01	0.000000e+00	1	2.468777e-03
9.277672e-01	1.359702e-01	-3.112599e-01	-2.811102e-01	-2.681271e-01	-2.486512e-01	-2.781714e-01	0.000000e+00	1	2.467885e-03
5.332917e-01	7.213779e-01	4.354415e-02	3.782851e-02	1.087080e-01	4.876583e-02	4.952138e-02	0.000000e+00	1	2.466670e-03
7.919256e-01	4.313947e-01	-1.366416e-01	-8.089154e-02	-8.414511e-02	-1.529782e-01	-1.073183e-01	0.000000e+00	1	2.460836e-03
5.636379e-01	6.954175e-01	3.286707e-02	1.698349e-02	4.924505e-02	4.530010e-02	5.658793e-02	0.000000e+00	1	2.453532e-03
6.816709e-01	5.838616e-01	3.496618e-03	-9.694924e-02	-2.283449e-02	-6.501343e-03	-2.699015e-02	0.000000e+00	1	2.425730e-03
1.286670e-01	9.328440e-01	2.184140e-01	3.141044e-01	2.735415e-01	3.421946e-01	2.845090e-01	0.000000e+00	1	2.424633e-03
1.542890e-01	9.228029e-01	2.991992e-01	3.138695e-01	2.499961e-01	2.608414e-01	2.142773e-01	0.000000e+00	1	2.422216e-03
7.682270e-01	4.671679e-01	-8.520261e-02	-9.935402e-02	-7.085161e-02	-7.683059e-02	-1.331138e-01	0.000000e+00	1	2.417061e-03
9.440551e-01	9.165304e-02	-2.848796e-01	-2.694779e-01	-3.269367e-01	-3.432067e-01	-3.336241e-01	0.000000e+00	1	2.412584e-03
1.166349e-01	9.344845e-01	2.722022e-01	2.766909e-01	2.803704e-01	3.218605e-01	3.031313e-01	0.000000e+00	1	2.402803e-03
4.049971e-01	8.067948e-01	1.240795e-01	1.565824e-01	1.452384e-01	1.031454e-01	9.974424e-02	0.000000e+00	1	2.395997e-03
2.135279e-01	8.979378e-01	2.349579e-01	2.309129e-01	2.161488e-01	2.159778e-01	2.435014e-01	0.000000e+00	1	2.391717e-03
3.556392e-02	9.644190e-01	3.964834e-01	3.402782e-01	3.631728e-01	4.166460e-01	3.280257e-01	0.000000e+00	1	2.391431e-03
9.316893e-01	1.244333e-01	-3.112599e-01	-2.631327e-01	-2.681271e-01	-2.980858e-01	-2.853380e-01	0.000000e+00	1	2.384242e-03
6.252401e-01	6.444495e-01	2.521006e-02	3.182169e-02	-4.722870e-02	5.286252e-02	-3.325108e-02	0.000000e+00	1	2.383330e-03
5.004394e-01	7.452674e-01	5.784975e-02	8.428796e-02	7.182810e-02	1.126049e-01	4.993544e-02	0.000000e+00	1	2.371710e-03
4.546132e-01	7.767027e-01	1.167558e-01	6.315459e-02	1.184540e-01	7.877289e-02	1.220599e-01	0.000000e+00	1	2.370730e-03
4.168824e-01	7.993165e-01	1.063457e-01	1.247615e-01	1.506258e-01	9.959410e-02	1.149540e-01	0.000000e+00	1	2.364657e-03
3.258239e-02	9.659161e-01	3.964834e-01	3.339729e-01	4.135289e-01	3.983507e-01	3.280257e-01	0.000000e+00	1	2.362905e-03
4.560091e-01	7.765968e-01	5.784975e-02	8.443069e-02	1.473494e-01	1.019363e-01	1.059334e-01	0.000000e+00	1	2.362493e-03
6.194452e-01	6.472574e-01	3.153344e-02	4.506881e-02	-1.787996e-02	9.067310e-03	-2.536489e-02	0.000000e+00	1	2.358700e-03
4.990363e-01	7.461436e-01	5.854688e-02	8.463660e-02	5.977568e-02	6.334013e-02	1.137008e-01	0.000000e+00	1	2.336841e-03
2.504440e-01	8.846697e-01	2.383142e-01	1.623314e-01	2.500549e-01	2.075963e-01	1.880045e-01	0.000000e+00	1	2.334843e-03
7.667821e-01	4.726084e-01	-3.696099e-02	-1.146716e-01	-6.271191e-02	-1.132924e-01	-1.285042e-01	0.000000e+00	1	2.331743e-03
8.427872e-01	3.390544e-01	-1.812231e-01	-1.796295e-01	-1.245528e-01	-1.349073e-01	-1.824753e-01	0.000000e+00	1	2.323485e-03
3.170702e-01	8.531071e-01	1.461368e-01	2.036134e-01	1.799717e-01	1.764815e-01	1.528314e-01	0.000000e+00	1	2.314731e-03
7.112010e-01	5.456773e-01	-5.318730e-02	-4.829225e-02	-8.484711e-02	-5.450586e-02	-1.244511e-02	0.000000e+00	1	2.314087e-03
4.588988e-01	7.743659e-01	1.218132e-01	5.456553e-02	1.250807e-01	7.868541e-02	1.088228e-01	0.000000e+00	1	2.310066e-03
8.901914e-01	2.366510e-01	-2.443815e-01	-2.534227e-01	-2.025360e-01	-2.140948e-01	-1.694860e-01	0.000000e+00	1	2.309364e-03
2.593370e-01	8.793689e-01	1.943804e-01	2.039368e-01	2.290426e-01	2.140342e-01	1.731148e-01	0.000000e+00	1	2.304480e-03
3.011664e-01	8.620635e-01	2.235990e-01	1.874123e-01	1.386244e-01	1.519278e-01	2.055082e-01	0.000000e+00	1	2.300282e-03
1.890198e-01	9.079884e-01	2.596876e-01	2.494669e-01	2.210929e-01	2.638033e-01	2.225539e-01	0.000000e+00	1	2.296025e-03
7.871062e-01	4.404803e-01	-1.582927e-01	-9.935402e-02	-7.256549e-02	-7.683059e-02	-1.331272e-01	0.000000e+00	1	2.291943e-03
3.551781e-02	9.647019e-01	3.369034e-01	3.203945e-01	3.952918e-01	4.127820e-01	3.837228e-01	0.000000e+00	1	2.287664e-03
7.977393e-01	4.232351e-01	-1.568081e-01	-8.089154e-02	-8.414511e-02	-1.566182e-01	-1.073183e-01	0.000000e+00	1	2.285945e-03
4.466208e-01	7.813938e-01	9.962944e-02	1.167888e-01	6.945984e-02	1.322798e-01	1.010411e-01	0.000000e+00	1	2.252081e-03
9.547805e-01	6.850291e-02	-3.347068e-01	-2.565456e-01	-4.072008e-01	-3.445596e-01	-3.481617e-01	0.000000e+00	1	2.239825e-03
8.774607e-01	2.654607e-01	-1.608197e-01	-2.119809e-01	-2.097305e-01	-2.369793e-01	-1.815837e-01	0.000000e+00	1	2.237283e-03
7.253223e-01	5.286201e-01	-3.414840e-02	-3.476611e-02	-7.256549e-02	-5.179613e-02	-1.086300e-01	0.000000e+00	1	2.233178e-03
4.336955e-01	7.894383e-01	1.176564e-01	7.596197e-02	1.274826e-01	1.322798e-01	9.968445e-02	0.000000e+00	1	2.222954e-03
1.327160e-01	9.299991e-01	2.868992e-01	2.321397e-01	2.629360e-01	3.218605e-01	3.031313e-01	0.000000e+00	1	2.221494e-03
8.465945e-01	3.302833e-01	-1.362673e-01	-1.866448e-01	-1.449569e-01	-1.769299e-01	-1.790636e-01	0.000000e+00	1	2.216634e-03
8.621799e-01	2.977006e-01	-1.540717e-01	-1.639219e-01	-2.018699e-01	-1.923134e-01	-1.981322e-01	0.000000e+00	1	2.184790e-03
8.725668e-01	2.745732e-01	-1.815296e-01	-2.233195e-01	-2.060431e-01	-1.838427e-01	-1.774895e-01	0.000000e+00	1	2.177940e-03
9.241562e-01	1.486620e-01	-2.659669e-01	-2.483031e-01	-3.219676e-01	-2.346845e-01	-2.808553e-01	0.000000e+00	1	2.177368e-03
3.547554e-01	8.363174e-01	1.259419e-01	2.036134e-01	1.799717e-01	1.044453e-01	1.528314e-01	0.000000e+00	1	2.162855e-03
