# This file contains stats about hypervolume
1 99982585.564613 
2 99983065.538271 
3 99984905.468498 
4 99985821.613429 
5 99993181.530634 
6 99993426.747573 
7 99995697.876036 
8 99996655.433925 
9 99996723.692705 
10 99997436.322992 
11 99997927.214032 
12 99997927.222234 
13 99998007.734280 
14 99998449.209858 
15 99998784.283754 
16 99999086.830765 
17 99999410.799595 
18 99999410.803597 
19 99999410.806513 
20 99999477.739941 
21 99999477.743193 
22 99999477.744632 
23 99999477.745755 
24 99999477.747666 
25 99999477.748629 
26 99999479.403793 
27 99999479.405369 
28 99999479.406081 
29 99999551.639971 
30 99999551.640650 
31 99999551.641395 
32 99999563.916640 
33 99999647.552388 
34 99999647.552983 
35 99999647.553849 
36 99999647.554441 
37 99999678.794984 
38 99999678.795230 
39 99999678.795820 
40 99999678.796267 
41 99999678.796663 
42 99999678.796920 
43 99999678.797351 
44 99999678.797587 
45 99999678.798162 
46 99999681.297446 
47 99999681.297812 
48 99999681.298101 
49 99999681.298259 
50 99999681.298507 
51 99999681.298689 
52 99999727.324938 
53 99999727.325005 
54 99999727.325198 
55 99999727.325412 
56 99999727.325539 
57 99999727.325692 
58 99999727.325869 
59 99999766.626345 
60 99999766.626520 
61 99999766.626701 
62 99999828.613193 
63 99999828.613281 
64 99999828.613401 
65 99999828.613473 
66 99999828.613561 
67 99999828.613657 
68 99999828.613811 
69 99999828.613908 
70 99999828.613990 
71 99999892.456828 
72 99999928.773549 
73 99999928.773622 
74 99999928.773725 
75 99999928.773785 
76 99999928.773823 
77 99999928.773884 
78 99999933.622750 
79 99999933.622837 
80 99999933.622876 
81 99999933.622927 
82 99999933.623007 
83 99999933.623144 
84 99999933.623191 
85 99999933.623256 
86 99999933.623355 
87 99999933.623418 
88 99999933.623446 
89 99999933.623477 
90 99999933.623532 
91 99999933.623589 
92 99999933.623689 
93 99999933.623691 
94 99999933.623705 
95 99999933.623722 
96 99999933.623772 
97 99999933.623774 
98 99999933.623840 
99 99999938.145385 
100 99999938.145398 
