9.642654e-01 4.513247e-02
6.629088e-01 6.038425e-01
2.496629e-01 8.855841e-01
2.629518e-01 8.779009e-01
8.025161e-01 4.153525e-01
3.121175e-02 9.722638e-01
5.173046e-01 7.356758e-01
4.485509e-01 7.808394e-01
7.852919e-01 4.536243e-01
4.019408e-01 8.144499e-01
4.182287e-01 8.011331e-01
7.899347e-01 4.408439e-01
8.791289e-01 2.612875e-01
4.931155e-01 7.510210e-01
9.683358e-01 4.109857e-02
2.750559e-01 8.776375e-01
9.167331e-01 1.721597e-01
7.626274e-02 9.518839e-01
4.651169e-01 7.742984e-01
9.106226e-01 1.982517e-01
8.305995e-01 3.611515e-01
2.882371e-01 8.705064e-01
4.700492e-01 7.656484e-01
7.945592e-01 4.355513e-01
2.008696e-01 9.076128e-01
7.320295e-01 5.203928e-01
8.260140e-01 3.715218e-01
7.228026e-01 5.384330e-01
4.792594e-01 7.634647e-01
3.595400e-01 8.343179e-01
3.106144e-01 8.582769e-01
6.618374e-01 6.160342e-01
7.838377e-01 4.549340e-01
1.237042e-01 9.379377e-01
8.007013e-01 4.272692e-01
3.693424e-01 8.293996e-01
9.752174e-01 3.699949e-02
8.965661e-01 2.243301e-01
7.151688e-01 5.453168e-01
4.250476e-01 7.986752e-01
3.607498e-01 8.318273e-01
9.836470e-02 9.442642e-01
9.437931e-01 9.356811e-02
4.157049e-01 8.028061e-01
5.140099e-01 7.409913e-01
3.639239e-01 8.316451e-01
2.107847e-01 9.055109e-01
8.381693e-01 3.543565e-01
6.656474e-01 6.019987e-01
6.595642e-01 6.171675e-01
4.269457e-01 7.948297e-01
4.002171e-01 8.154047e-01
5.437791e-01 7.173468e-01
8.989357e-01 2.193299e-01
4.485509e-01 7.808394e-01
9.825127e-01 2.122917e-02
6.941845e-01 5.740978e-01
1.526495e-01 9.277928e-01
2.107847e-01 9.055109e-01
9.584725e-01 7.257166e-02
7.116808e-01 5.514826e-01
5.995914e-01 6.676908e-01
8.711133e-01 2.836465e-01
9.286538e-01 1.413051e-01
3.492509e-01 8.414446e-01
3.186224e-01 8.542978e-01
9.583794e-01 8.707486e-02
8.069134e-01 4.130330e-01
8.853550e-01 2.559267e-01
8.416773e-01 3.506819e-01
4.157049e-01 8.028061e-01
6.757220e-01 5.927218e-01
8.479607e-01 3.317318e-01
2.415006e-01 8.912818e-01
7.243608e-01 5.334790e-01
8.419789e-01 3.423540e-01
4.757708e-01 7.654383e-01
6.469951e-01 6.229492e-01
4.379860e-01 7.890085e-01
7.087474e-01 5.521868e-01
8.499451e-01 3.261466e-01
9.689922e-01 3.967026e-02
9.225470e-01 1.556076e-01
4.954266e-02 9.593357e-01
7.585571e-01 4.825465e-01
7.794585e-01 4.590894e-01
9.113674e-01 1.967523e-01
5.747824e-01 6.922679e-01
2.228628e-01 8.962448e-01
2.009925e-01 9.075659e-01
5.548345e-01 7.060574e-01
9.332266e-01 1.407884e-01
2.876439e-01 8.706039e-01
5.865954e-01 6.830013e-01
5.082622e-01 7.416605e-01
7.547545e-01 4.898431e-01
6.880965e-01 5.825481e-01
7.730595e-01 4.653166e-01
3.000833e-01 8.628354e-01
3.136922e-01 8.544927e-01
2.436917e-01 8.896908e-01
4.853920e-01 7.589739e-01
6.224321e-01 6.478136e-01
6.042031e-01 6.659231e-01
5.225190e-01 7.328603e-01
5.026680e-01 7.464487e-01
7.849921e-02 9.501022e-01
4.587010e-01 7.764012e-01
2.145883e-01 9.018852e-01
2.893330e-01 8.703283e-01
5.454987e-01 7.137944e-01
9.238853e-01 1.514512e-01
3.873780e-01 8.165107e-01
9.560063e-01 9.194072e-02
6.284151e-01 6.423895e-01
8.822323e-01 2.565210e-01
2.850806e-01 8.740067e-01
7.131049e-01 5.458833e-01
5.188927e-01 7.334521e-01
2.245480e-01 8.950520e-01
8.900982e-01 2.448911e-01
6.261258e-01 6.465946e-01
6.728559e-01 5.974052e-01
6.343538e-01 6.388800e-01
4.182287e-01 8.011331e-01
6.787211e-01 5.876897e-01
7.628560e-01 4.775850e-01
6.120220e-01 6.610357e-01
8.974111e-01 2.218022e-01
2.625688e-02 9.762931e-01
9.805227e-01 2.966043e-02
9.106896e-01 1.981948e-01
5.332917e-01 7.213779e-01
8.381693e-01 3.543565e-01
3.715089e-01 8.274315e-01
8.305518e-01 3.692133e-01
6.733426e-01 5.935760e-01
7.372672e-01 5.130430e-01
6.134533e-01 6.562533e-01
2.265040e-01 8.941575e-01
7.775735e-01 4.594661e-01
8.911828e-01 2.365465e-01
1.397724e-02 9.793491e-01
7.571079e-01 4.882633e-01
9.117034e-01 1.784362e-01
9.093083e-01 2.008007e-01
7.488128e-01 4.981857e-01
4.019408e-01 8.144499e-01
7.857469e-01 4.455627e-01
7.449597e-01 5.086496e-01
4.918976e-01 7.541243e-01
9.361484e-01 1.360819e-01
8.935509e-01 2.304797e-01
9.767957e-01 3.567280e-02
8.740442e-01 2.813362e-01
8.462205e-01 3.354446e-01
6.728559e-01 5.974052e-01
2.915322e-01 8.696392e-01
9.038741e-01 2.127798e-01
3.495213e-01 8.402155e-01
5.936930e-01 6.766876e-01
6.042031e-01 6.659231e-01
7.927106e-01 4.399475e-01
4.757708e-01 7.654383e-01
8.994677e-01 2.163094e-01
3.521499e-01 8.392949e-01
6.112335e-01 6.610427e-01
6.677810e-01 5.998819e-01
6.334654e-01 6.405391e-01
1.397724e-02 9.793491e-01
8.369191e-01 3.588957e-01
6.895282e-01 5.776666e-01
9.572322e-01 9.060254e-02
7.927106e-01 4.399475e-01
6.093231e-01 6.641666e-01
9.721610e-01 3.960308e-02
7.095188e-02 9.563519e-01
9.736647e-01 3.748930e-02
4.998984e-01 7.497957e-01
5.865954e-01 6.830013e-01
5.823032e-01 6.869585e-01
3.521499e-01 8.392949e-01
6.261258e-01 6.465946e-01
6.939716e-02 9.578267e-01
6.356323e-01 6.380258e-01
4.757708e-01 7.654383e-01
9.205832e-01 1.674107e-01
7.536815e-01 4.957230e-01
7.756851e-01 4.632279e-01
8.305518e-01 3.692133e-01
7.992578e-01 4.278805e-01
2.982402e-01 8.636600e-01
6.042031e-01 6.659231e-01
8.443675e-01 3.366589e-01
1.397724e-02 9.793491e-01
6.934157e-01 5.752715e-01
5.280471e-01 7.288769e-01
3.367806e-01 8.440767e-01
6.134533e-01 6.562533e-01
1.608634e-01 9.229542e-01
1.397724e-02 9.793491e-01
6.098258e-01 6.625352e-01
5.942197e-01 6.761259e-01
6.629088e-01 6.038425e-01
5.055047e-01 7.427254e-01
7.992578e-01 4.278805e-01
1.370259e-01 9.298791e-01
6.728559e-01 5.974052e-01
5.313776e-01 7.231909e-01
7.878239e-01 4.430782e-01
9.406214e-01 1.079112e-01
8.900982e-01 2.448911e-01
4.954266e-02 9.593357e-01
6.950212e-01 5.703924e-01
4.543433e-01 7.804276e-01
7.829729e-01 4.561488e-01
7.076758e-01 5.633298e-01
8.419789e-01 3.423540e-01
6.179395e-01 6.529196e-01
2.922226e-01 8.657810e-01
6.618374e-01 6.160342e-01
1.057750e-02 9.805171e-01
6.666559e-01 6.009835e-01
8.900982e-01 2.448911e-01
8.927835e-01 2.343876e-01
8.994677e-01 2.163094e-01
9.238853e-01 1.514512e-01
6.895282e-01 5.776666e-01
8.486899e-01 3.301174e-01
3.945426e-02 9.644192e-01
9.421834e-01 1.027005e-01
6.629088e-01 6.038425e-01
7.849921e-02 9.501022e-01
9.059389e-01 2.086105e-01
7.076599e-01 5.633452e-01
4.918976e-01 7.541243e-01
8.479607e-01 3.317318e-01
9.637646e-01 4.666267e-02
4.670671e-01 7.734718e-01
2.982402e-01 8.636600e-01
9.572322e-01 9.060254e-02
6.334654e-01 6.405391e-01
2.812110e-01 8.754139e-01
6.314042e-01 6.406680e-01
7.131049e-01 5.458833e-01
3.405073e-01 8.425615e-01
7.132329e-01 5.457366e-01
7.571079e-01 4.882633e-01
6.595642e-01 6.171675e-01
9.113674e-01 1.967523e-01
2.145883e-01 9.018852e-01
3.207692e-01 8.534663e-01
4.808958e-01 7.611349e-01
3.405073e-01 8.425615e-01
8.852660e-01 2.560485e-01
7.450787e-01 5.067340e-01
7.994535e-01 4.275888e-01
6.976916e-01 5.653996e-01
6.976752e-01 5.701289e-01
3.574996e-01 8.384302e-01
6.385371e-01 6.310416e-01
1.832002e-01 9.137772e-01
3.466283e-01 8.423862e-01
4.836127e-01 7.601034e-01
5.313776e-01 7.231909e-01
2.187028e-01 8.971829e-01
8.245774e-01 3.896350e-01
9.811916e-01 2.549014e-02
5.486230e-01 7.111503e-01
7.810996e-01 4.575172e-01
9.111195e-01 1.971766e-01
9.263075e-01 1.509189e-01
8.147691e-01 3.914766e-01
6.365487e-01 6.329327e-01
3.585035e-02 9.685594e-01
1.555838e-01 9.245748e-01
4.485509e-01 7.808394e-01
1.168183e-01 9.415445e-01
6.426743e-01 6.260899e-01
8.974111e-01 2.218022e-01
5.054899e-01 7.438958e-01
6.147225e-01 6.547857e-01
3.744695e-01 8.243549e-01
2.812110e-01 8.754139e-01
7.851385e-01 4.540033e-01
1.860546e-01 9.114556e-01
1.283777e-01 9.330128e-01
7.396657e-01 5.091255e-01
2.276310e-01 8.941126e-01
3.934197e-01 8.160139e-01
8.630096e-01 3.008092e-01
2.452937e-01 8.865830e-01
6.616637e-01 6.162092e-01
4.581725e-01 7.767180e-01
2.656227e-02 9.762437e-01
7.150472e-01 5.455598e-01
8.707923e-01 2.956795e-01
9.237073e-01 1.515855e-01
6.440888e-01 6.247178e-01
6.940478e-01 5.745520e-01
5.751201e-01 6.919871e-01
3.945426e-02 9.644192e-01
5.676932e-01 6.924132e-01
7.957981e-01 4.336550e-01
2.993378e-01 8.631346e-01
8.076764e-01 4.054833e-01
2.381986e-01 8.914257e-01
5.148658e-01 7.361040e-01
7.350862e-01 5.185473e-01
5.145713e-02 9.588668e-01
5.865954e-01 6.830013e-01
6.985571e-01 5.641069e-01
6.365233e-01 6.350119e-01
4.337604e-01 7.919564e-01
4.309205e-01 7.929496e-01
8.419789e-01 3.423540e-01
7.945530e-01 4.357420e-01
3.029155e-01 8.617751e-01
5.992223e-01 6.679999e-01
6.183280e-01 6.526298e-01
7.418063e-02 9.522879e-01
8.406097e-01 3.510887e-01
1.414400e-01 9.287960e-01
6.178210e-01 6.530713e-01
8.590869e-01 3.072130e-01
3.961618e-01 8.156357e-01
8.763899e-01 2.682911e-01
9.363743e-01 1.219735e-01
5.936930e-01 6.766876e-01
6.474944e-01 6.209237e-01
7.293290e-01 5.318908e-01
8.707923e-01 2.956795e-01
7.451909e-01 5.066076e-01
5.949913e-01 6.705668e-01
1.877012e-01 9.113823e-01
6.871049e-01 5.827150e-01
4.040370e-01 8.070481e-01
1.654720e-01 9.206842e-01
5.942197e-01 6.761259e-01
2.187028e-01 8.971829e-01
9.815711e-01 2.477242e-02
8.685318e-01 2.970138e-01
2.415006e-01 8.912818e-01
1.724256e-01 9.179259e-01
6.123479e-01 6.606977e-01
3.807970e-01 8.225212e-01
7.454219e-01 5.034910e-01
9.602690e-01 6.221128e-02
9.225470e-01 1.556076e-01
8.545396e-01 3.195683e-01
4.173823e-01 8.025360e-01
3.750563e-01 8.240649e-01
7.486646e-01 5.016743e-01
2.862399e-01 8.723483e-01
6.917904e-01 5.771137e-01
9.815935e-01 2.440420e-02
1.578085e-01 9.233011e-01
2.187028e-01 8.971829e-01
4.700492e-01 7.656484e-01
3.303615e-01 8.489456e-01
1.654720e-01 9.206842e-01
8.994677e-01 2.163094e-01
5.798294e-01 6.887624e-01
5.936930e-01 6.766876e-01
2.564514e-01 8.821871e-01
9.217581e-01 1.583558e-01
7.624893e-01 4.782747e-01
6.822986e-01 5.857315e-01
2.656227e-02 9.762437e-01
1.397724e-02 9.793491e-01
