# This file contains the data of final population
# of objectives = 2, # of constraints = 0, # of real_var = 5, # of bits of bin_var = 0, constr_violation, rank, crowding_distance
4.654976e-04	9.808795e-01	4.496263e-01	4.492248e-01	4.476876e-01	4.287935e-01	4.364333e-01	0.000000e+00	1	1.000000e+14
9.820182e-01	7.329378e-05	-4.483249e-01	-4.535273e-01	-4.488907e-01	-4.515747e-01	-4.439939e-01	0.000000e+00	1	1.000000e+14
8.995950e-02	9.458492e-01	3.303458e-01	2.767319e-01	2.887476e-01	3.842377e-01	2.973248e-01	0.000000e+00	1	3.746460e-02
2.323353e-01	8.928047e-01	2.291945e-01	2.747148e-01	1.827117e-01	1.777407e-01	2.361754e-01	0.000000e+00	1	3.678553e-02
7.205603e-01	5.393251e-01	-8.900910e-02	-1.174270e-01	-5.621071e-02	-7.159403e-03	-9.649790e-03	0.000000e+00	1	3.661974e-02
1.988477e-01	9.059548e-01	1.988016e-01	2.249902e-01	2.218444e-01	2.517821e-01	3.001498e-01	0.000000e+00	1	3.485251e-02
2.533019e-01	8.882086e-01	2.243543e-01	2.247369e-01	2.293087e-01	1.056671e-01	2.775208e-01	0.000000e+00	1	3.127638e-02
6.197363e-01	6.506257e-01	-1.636579e-02	1.516475e-02	-2.807716e-02	8.845910e-02	-1.182037e-02	0.000000e+00	1	3.031501e-02
3.559979e-02	9.637333e-01	3.833898e-01	3.214470e-01	3.510351e-01	4.019689e-01	3.760742e-01	0.000000e+00	1	2.896968e-02
9.570491e-01	7.263628e-02	-3.876685e-01	-2.171229e-01	-3.560854e-01	-3.546545e-01	-4.019304e-01	0.000000e+00	1	2.683799e-02
1.156180e-01	9.351008e-01	3.294561e-01	2.767319e-01	2.925514e-01	2.637566e-01	2.976862e-01	0.000000e+00	1	2.591322e-02
7.048853e-01	5.566292e-01	-3.441999e-02	-1.060391e-01	-5.528357e-02	5.063832e-03	-3.686482e-02	0.000000e+00	1	2.582063e-02
1.638620e-02	9.741419e-01	4.494662e-01	4.490604e-01	3.454996e-01	4.139433e-01	3.760742e-01	0.000000e+00	1	2.523558e-02
6.002240e-01	6.685643e-01	-4.156374e-02	6.385740e-02	1.513206e-02	-9.376852e-05	6.746725e-02	0.000000e+00	1	2.521532e-02
4.893481e-01	7.530900e-01	1.142811e-01	6.545879e-02	5.304173e-02	9.673739e-02	7.669872e-02	0.000000e+00	1	2.521072e-02
5.031223e-01	7.424983e-01	7.631657e-02	6.445644e-02	8.465724e-02	5.052467e-02	9.149671e-02	0.000000e+00	1	2.516386e-02
8.974279e-01	2.168824e-01	-2.330593e-01	-2.150622e-01	-1.907044e-01	-2.403094e-01	-2.571881e-01	0.000000e+00	1	2.499282e-02
2.784295e-01	8.775116e-01	1.088623e-01	2.241771e-01	1.928324e-01	1.807974e-01	2.846994e-01	0.000000e+00	1	2.452457e-02
4.447710e-01	7.862511e-01	7.540163e-02	1.190366e-01	4.420781e-02	1.606803e-01	1.342993e-01	0.000000e+00	1	2.447949e-02
3.008838e-01	8.641457e-01	2.331931e-01	2.104489e-01	1.903233e-01	1.759100e-01	1.059254e-01	0.000000e+00	1	2.422532e-02
1.263920e-01	9.314223e-01	3.294561e-01	2.837237e-01	2.761083e-01	2.637566e-01	2.694659e-01	0.000000e+00	1	2.422219e-02
9.751777e-01	1.255221e-02	-4.420350e-01	-4.340200e-01	-3.724421e-01	-3.645175e-01	-4.460575e-01	0.000000e+00	1	2.341526e-02
7.857818e-01	4.390122e-01	-8.102538e-02	-1.111538e-01	-1.319952e-01	-9.781839e-02	-1.161751e-01	0.000000e+00	1	2.309554e-02
6.256895e-02	9.555831e-01	3.335434e-01	3.285792e-01	3.818965e-01	3.853145e-01	2.754020e-01	0.000000e+00	1	2.293148e-02
8.522123e-01	3.197701e-01	-1.632872e-01	-1.944734e-01	-1.301623e-01	-1.680784e-01	-1.974243e-01	0.000000e+00	1	2.285606e-02
4.741418e-01	7.629935e-01	5.627796e-02	8.983127e-02	1.063879e-01	9.918563e-02	9.382249e-02	0.000000e+00	1	2.234113e-02
8.161651e-01	3.895337e-01	-1.740466e-01	-1.093279e-01	-1.322879e-01	-1.531307e-01	-1.021306e-01	0.000000e+00	1	2.133480e-02
5.193154e-01	7.336728e-01	7.631657e-02	6.721740e-02	9.525034e-02	-1.894740e-04	9.149671e-02	0.000000e+00	1	2.097808e-02
9.128070e-01	1.989559e-01	-2.209345e-01	-2.154576e-01	-1.870620e-01	-2.354387e-01	-3.808906e-01	0.000000e+00	1	2.073777e-02
1.785294e-01	9.140322e-01	1.988016e-01	2.770049e-01	2.220574e-01	2.637566e-01	3.001498e-01	0.000000e+00	1	2.066868e-02
3.302882e-01	8.512944e-01	2.070458e-01	1.350017e-01	2.265558e-01	1.796686e-01	9.298093e-02	0.000000e+00	1	2.049059e-02
4.212856e-01	7.990904e-01	9.709893e-02	1.317760e-01	9.493766e-02	1.802314e-01	8.737031e-02	0.000000e+00	1	2.040908e-02
8.927581e-01	2.279485e-01	-2.330593e-01	-2.150622e-01	-1.870620e-01	-2.187365e-01	-2.495597e-01	0.000000e+00	1	1.974761e-02
6.302436e-01	6.390948e-01	-4.589420e-02	6.527982e-02	1.508691e-02	-1.894740e-04	-2.073866e-02	0.000000e+00	1	1.969241e-02
8.390654e-01	3.540017e-01	-1.690508e-01	-6.456218e-02	-1.698444e-01	-1.705048e-01	-2.029590e-01	0.000000e+00	1	1.930251e-02
8.498194e-01	3.359810e-01	-1.683604e-01	-7.252652e-02	-1.670855e-01	-1.823662e-01	-2.406245e-01	0.000000e+00	1	1.899880e-02
7.473988e-01	5.015599e-01	-8.068588e-02	-1.053181e-01	-7.067013e-02	-1.160106e-01	-7.263116e-03	0.000000e+00	1	1.867668e-02
1.538463e-01	9.232864e-01	1.979083e-01	2.794928e-01	3.031445e-01	2.637566e-01	2.976862e-01	0.000000e+00	1	1.856514e-02
4.312335e-01	7.940980e-01	7.045896e-02	1.350017e-01	9.493766e-02	1.802314e-01	8.737031e-02	0.000000e+00	1	1.850867e-02
9.227263e-01	1.578184e-01	-2.634889e-01	-2.291285e-01	-3.506152e-01	-2.370207e-01	-2.550381e-01	0.000000e+00	1	1.836179e-02
2.871769e-01	8.739501e-01	1.014636e-01	2.088916e-01	1.928288e-01	1.806445e-01	2.846994e-01	0.000000e+00	1	1.825191e-02
1.530258e-01	9.249656e-01	1.878280e-01	2.794928e-01	3.261393e-01	2.637566e-01	2.976862e-01	0.000000e+00	1	1.813271e-02
6.621769e-01	6.033518e-01	-4.448803e-02	-5.187676e-02	-9.513748e-03	1.820448e-03	1.432060e-02	0.000000e+00	1	1.803242e-02
5.615829e-02	9.570564e-01	3.418658e-01	3.285792e-01	3.804121e-01	3.853145e-01	2.912309e-01	0.000000e+00	1	1.789285e-02
5.478980e-01	7.138542e-01	7.611890e-02	8.350425e-02	4.872947e-03	9.852045e-02	-7.318507e-03	0.000000e+00	1	1.770578e-02
8.295156e-01	3.722229e-01	-1.679444e-01	-1.697493e-01	-7.022936e-02	-1.160106e-01	-2.047680e-01	0.000000e+00	1	1.757768e-02
7.375732e-01	5.174585e-01	-3.777905e-02	-1.344511e-01	-5.598083e-02	-1.024766e-01	-9.806734e-03	0.000000e+00	1	1.677120e-02
7.730253e-01	4.587862e-01	-9.143268e-02	-6.960337e-02	-1.036044e-01	-1.060536e-01	-1.150782e-01	0.000000e+00	1	1.661197e-02
7.997905e-01	4.168068e-01	-8.918820e-02	-1.076263e-01	-1.322879e-01	-1.531307e-01	-1.154423e-01	0.000000e+00	1	1.655680e-02
3.641678e-01	8.304361e-01	1.590674e-01	1.430764e-01	9.493766e-02	1.864071e-01	1.553668e-01	0.000000e+00	1	1.651426e-02
3.463933e-01	8.408234e-01	1.506793e-01	2.022157e-01	9.493766e-02	1.864071e-01	1.553668e-01	0.000000e+00	1	1.619489e-02
7.375732e-01	5.174585e-01	-3.777905e-02	-1.344511e-01	-5.598083e-02	-1.024766e-01	-9.806734e-03	0.000000e+00	1	1.615234e-02
6.733357e-01	5.897162e-01	-4.448803e-02	-4.488489e-02	-2.595685e-02	1.820448e-03	-1.389965e-02	0.000000e+00	1	1.584838e-02
7.508996e-01	4.941384e-01	-4.641123e-02	-7.542062e-02	-4.836097e-02	-1.099473e-01	-1.158715e-01	0.000000e+00	1	1.578196e-02
6.900770e-01	5.764060e-01	-5.178338e-02	-1.103586e-01	-1.410760e-02	9.301042e-03	-7.717137e-03	0.000000e+00	1	1.569651e-02
8.268770e-01	3.763031e-01	-1.679444e-01	-1.693539e-01	-7.022936e-02	-1.133582e-01	-1.955850e-01	0.000000e+00	1	1.562547e-02
5.290317e-01	7.272371e-01	1.142811e-01	6.545879e-02	5.304173e-02	-4.152054e-03	7.669872e-02	0.000000e+00	1	1.514684e-02
7.586468e-01	4.818414e-01	-8.666281e-02	-6.960337e-02	-4.836097e-02	-1.066016e-01	-1.158715e-01	0.000000e+00	1	1.501583e-02
8.736168e-01	2.754961e-01	-1.816877e-01	-2.477217e-01	-1.969320e-01	-1.523721e-01	-1.974243e-01	0.000000e+00	1	1.490245e-02
4.060316e-01	8.089499e-01	7.045896e-02	1.357829e-01	9.493766e-02	1.775414e-01	1.553668e-01	0.000000e+00	1	1.487683e-02
8.406102e-01	3.454451e-01	-1.362512e-01	-1.088693e-01	-1.713668e-01	-1.680784e-01	-2.051032e-01	0.000000e+00	1	1.466472e-02
5.703659e-01	6.912376e-01	7.784128e-02	9.213739e-03	1.513206e-02	3.059826e-02	5.189258e-02	0.000000e+00	1	1.465774e-02
1.833744e-01	9.122481e-01	1.964218e-01	2.768952e-01	2.216237e-01	2.518905e-01	3.001498e-01	0.000000e+00	1	1.446786e-02
4.607391e-01	7.755619e-01	7.540163e-02	1.190366e-01	4.420781e-02	1.606803e-01	9.070752e-02	0.000000e+00	1	1.444931e-02
9.631699e-01	3.332940e-02	-3.752364e-01	-3.705459e-01	-3.510589e-01	-3.605779e-01	-3.691921e-01	0.000000e+00	1	1.438593e-02
3.973137e-01	8.174685e-01	7.045896e-02	2.123305e-01	9.493766e-02	1.802328e-01	1.097715e-01	0.000000e+00	1	1.409279e-02
3.792001e-01	8.254682e-01	1.070555e-01	1.169682e-01	2.122309e-01	1.797026e-01	9.338040e-02	0.000000e+00	1	1.394085e-02
8.861282e-01	2.548050e-01	-2.634889e-01	-2.291285e-01	-1.158614e-01	-2.367595e-01	-2.049157e-01	0.000000e+00	1	1.383362e-02
9.482338e-01	9.679964e-02	-3.400409e-01	-4.043685e-01	-3.510589e-01	-2.154694e-01	-2.874072e-01	0.000000e+00	1	1.382324e-02
8.614771e-01	3.027951e-01	-1.656352e-01	-1.926208e-01	-1.328484e-01	-1.785860e-01	-2.337052e-01	0.000000e+00	1	1.380379e-02
5.827431e-01	6.840729e-01	-4.156374e-02	6.385740e-02	1.513206e-02	5.062038e-02	6.746725e-02	0.000000e+00	1	1.371126e-02
8.095867e-01	4.008766e-01	-1.764505e-01	-1.095470e-01	-1.319926e-01	-1.065569e-01	-1.162376e-01	0.000000e+00	1	1.366148e-02
9.653239e-01	2.932327e-02	-3.751282e-01	-4.075248e-01	-3.510589e-01	-3.597081e-01	-3.691921e-01	0.000000e+00	1	1.357957e-02
3.442041e-01	8.422556e-01	1.506793e-01	2.091377e-01	9.493766e-02	1.864071e-01	1.553668e-01	0.000000e+00	1	1.354185e-02
9.207274e-01	1.778322e-01	-2.634889e-01	-2.258284e-01	-3.914832e-01	-2.305132e-01	-1.962561e-01	0.000000e+00	1	1.352353e-02
3.877025e-01	8.223601e-01	6.207090e-02	2.018442e-01	9.493766e-02	1.775414e-01	1.553668e-01	0.000000e+00	1	1.330509e-02
7.621184e-01	4.758934e-01	-8.501724e-02	-6.960337e-02	-6.448610e-02	-1.066016e-01	-1.158715e-01	0.000000e+00	1	1.324387e-02
8.676263e-01	2.950850e-01	-1.620766e-01	-2.445940e-01	-1.310731e-01	-1.552928e-01	-2.418903e-01	0.000000e+00	1	1.319580e-02
9.586602e-01	5.090477e-02	-3.752364e-01	-3.705459e-01	-3.495358e-01	-3.690572e-01	-2.874072e-01	0.000000e+00	1	1.312657e-02
8.065756e-01	4.067501e-01	-1.777471e-01	-1.095470e-01	-1.319926e-01	-1.065569e-01	-1.006630e-01	0.000000e+00	1	1.311112e-02
8.683129e-01	2.828957e-01	-1.816476e-01	-1.957485e-01	-1.969320e-01	-1.756654e-01	-1.974243e-01	0.000000e+00	1	1.303768e-02
5.556137e-01	7.054994e-01	7.611890e-02	7.678920e-02	5.878210e-03	1.916255e-04	7.100901e-02	0.000000e+00	1	1.303538e-02
9.328390e-01	1.425778e-01	-2.304404e-01	-3.372832e-01	-3.875166e-01	-2.188707e-01	-2.496149e-01	0.000000e+00	1	1.293295e-02
9.305583e-01	1.516369e-01	-2.255898e-01	-3.372832e-01	-3.875166e-01	-2.109856e-01	-2.377443e-01	0.000000e+00	1	1.292085e-02
3.195093e-01	8.587372e-01	2.100510e-01	2.689991e-01	1.288666e-01	1.106086e-01	1.603567e-01	0.000000e+00	1	1.273587e-02
4.631707e-01	7.707572e-01	5.627796e-02	1.199927e-01	1.063879e-01	9.918563e-02	9.382249e-02	0.000000e+00	1	1.236849e-02
9.134467e-01	1.922095e-01	-2.330593e-01	-2.150622e-01	-1.870620e-01	-3.638450e-01	-2.495597e-01	0.000000e+00	1	1.210673e-02
9.392878e-01	1.130523e-01	-3.320396e-01	-3.265226e-01	-3.528168e-01	-2.278017e-01	-2.599021e-01	0.000000e+00	1	1.210504e-02
6.807530e-01	5.809886e-01	-4.933856e-02	-4.488489e-02	-2.595685e-02	-6.064667e-03	-2.577016e-02	0.000000e+00	1	1.210040e-02
7.969847e-01	4.296445e-01	-8.068588e-02	-1.053181e-01	-7.067013e-02	-1.160106e-01	-2.047680e-01	0.000000e+00	1	1.193903e-02
6.544870e-01	6.173565e-01	-4.156374e-02	-7.286133e-02	-1.000916e-02	-9.376852e-05	6.746725e-02	0.000000e+00	1	1.190598e-02
9.581806e-01	5.409320e-02	-3.400409e-01	-4.043685e-01	-3.510589e-01	-3.605779e-01	-2.874072e-01	0.000000e+00	1	1.189907e-02
8.878897e-01	2.460886e-01	-2.698809e-01	-2.477217e-01	-1.969320e-01	-1.548081e-01	-1.960272e-01	0.000000e+00	1	1.172748e-02
2.015530e-03	9.796770e-01	4.496263e-01	4.082943e-01	4.536567e-01	4.287935e-01	4.364333e-01	0.000000e+00	1	1.154468e-02
9.387607e-01	1.314535e-01	-3.525263e-01	-3.265226e-01	-3.740439e-01	-1.703293e-01	-2.591088e-01	0.000000e+00	1	1.118365e-02
6.589524e-01	6.107164e-01	-4.589420e-02	-7.004117e-02	5.014497e-02	-1.894740e-04	-7.970225e-03	0.000000e+00	1	1.105660e-02
7.909322e-01	4.313750e-01	-8.102538e-02	-1.103749e-01	-1.319952e-01	-9.781839e-02	-1.381176e-01	0.000000e+00	1	1.048223e-02
6.494150e-01	6.245412e-01	-3.555890e-02	-7.043052e-02	-8.173018e-03	8.645757e-02	-1.061326e-02	0.000000e+00	1	1.043374e-02
9.452791e-01	1.040887e-01	-3.400409e-01	-4.043685e-01	-3.154990e-01	-2.154694e-01	-2.874072e-01	0.000000e+00	1	1.038652e-02
3.668617e-01	8.288817e-01	1.373070e-01	1.635378e-01	9.493766e-02	1.802314e-01	1.553668e-01	0.000000e+00	1	1.018995e-02
