4.654976e-04 9.808795e-01
9.820182e-01 7.329378e-05
8.995950e-02 9.458492e-01
2.323353e-01 8.928047e-01
7.205603e-01 5.393251e-01
1.988477e-01 9.059548e-01
2.533019e-01 8.882086e-01
6.197363e-01 6.506257e-01
3.559979e-02 9.637333e-01
9.570491e-01 7.263628e-02
1.156180e-01 9.351008e-01
7.048853e-01 5.566292e-01
1.638620e-02 9.741419e-01
6.002240e-01 6.685643e-01
4.893481e-01 7.530900e-01
5.031223e-01 7.424983e-01
8.974279e-01 2.168824e-01
2.784295e-01 8.775116e-01
4.447710e-01 7.862511e-01
3.008838e-01 8.641457e-01
1.263920e-01 9.314223e-01
9.751777e-01 1.255221e-02
7.857818e-01 4.390122e-01
6.256895e-02 9.555831e-01
8.522123e-01 3.197701e-01
4.741418e-01 7.629935e-01
8.161651e-01 3.895337e-01
5.193154e-01 7.336728e-01
9.128070e-01 1.989559e-01
1.785294e-01 9.140322e-01
3.302882e-01 8.512944e-01
4.212856e-01 7.990904e-01
8.927581e-01 2.279485e-01
6.302436e-01 6.390948e-01
8.390654e-01 3.540017e-01
8.498194e-01 3.359810e-01
7.473988e-01 5.015599e-01
1.538463e-01 9.232864e-01
4.312335e-01 7.940980e-01
9.227263e-01 1.578184e-01
2.871769e-01 8.739501e-01
1.530258e-01 9.249656e-01
6.621769e-01 6.033518e-01
5.615829e-02 9.570564e-01
5.478980e-01 7.138542e-01
8.295156e-01 3.722229e-01
7.375732e-01 5.174585e-01
7.730253e-01 4.587862e-01
7.997905e-01 4.168068e-01
3.641678e-01 8.304361e-01
3.463933e-01 8.408234e-01
7.375732e-01 5.174585e-01
6.733357e-01 5.897162e-01
7.508996e-01 4.941384e-01
6.900770e-01 5.764060e-01
8.268770e-01 3.763031e-01
5.290317e-01 7.272371e-01
7.586468e-01 4.818414e-01
8.736168e-01 2.754961e-01
4.060316e-01 8.089499e-01
8.406102e-01 3.454451e-01
5.703659e-01 6.912376e-01
1.833744e-01 9.122481e-01
4.607391e-01 7.755619e-01
9.631699e-01 3.332940e-02
3.973137e-01 8.174685e-01
3.792001e-01 8.254682e-01
8.861282e-01 2.548050e-01
9.482338e-01 9.679964e-02
8.614771e-01 3.027951e-01
5.827431e-01 6.840729e-01
8.095867e-01 4.008766e-01
9.653239e-01 2.932327e-02
3.442041e-01 8.422556e-01
9.207274e-01 1.778322e-01
3.877025e-01 8.223601e-01
7.621184e-01 4.758934e-01
8.676263e-01 2.950850e-01
9.586602e-01 5.090477e-02
8.065756e-01 4.067501e-01
8.683129e-01 2.828957e-01
5.556137e-01 7.054994e-01
9.328390e-01 1.425778e-01
9.305583e-01 1.516369e-01
3.195093e-01 8.587372e-01
4.631707e-01 7.707572e-01
9.134467e-01 1.922095e-01
9.392878e-01 1.130523e-01
6.807530e-01 5.809886e-01
7.969847e-01 4.296445e-01
6.544870e-01 6.173565e-01
9.581806e-01 5.409320e-02
8.878897e-01 2.460886e-01
2.015530e-03 9.796770e-01
9.387607e-01 1.314535e-01
6.589524e-01 6.107164e-01
7.909322e-01 4.313750e-01
6.494150e-01 6.245412e-01
9.452791e-01 1.040887e-01
3.668617e-01 8.288817e-01
