# This file contains stats about hypervolume
1 99980390.850043 
2 99980505.849550 
3 99983100.650042 
4 99984221.693988 
5 99986240.318712 
6 99990805.657969 
7 99992602.404368 
8 99993748.876540 
9 99996026.492102 
10 99996300.227454 
11 99996594.306777 
12 99996603.758752 
13 99996789.355139 
14 99996789.378834 
15 99996829.721592 
16 99997018.821209 
17 99997229.805406 
18 99997437.465191 
19 99997460.927977 
20 99997460.931729 
21 99997460.933166 
22 99997460.935013 
23 99997467.955745 
24 99997844.681262 
25 99997844.683426 
26 99997913.431908 
27 99997952.936563 
28 99997957.700818 
29 99998134.817485 
30 99998134.819073 
31 99998134.819916 
32 99998134.820895 
33 99998134.821471 
34 99998134.822817 
35 99998134.823263 
36 99998154.285261 
37 99998229.355239 
38 99998251.344661 
39 99998251.344727 
40 99998251.344565 
41 99998323.979611 
42 99998357.869652 
43 99998357.869852 
44 99998357.870486 
45 99998397.557250 
46 99998647.823802 
47 99998672.802821 
48 99998965.147960 
49 99998965.148669 
50 99998965.149221 
51 99998965.149180 
52 99998981.153879 
53 99999005.776397 
54 99999041.438482 
55 99999045.251663 
56 99999045.251744 
57 99999045.252085 
58 99999073.037945 
59 99999073.038258 
60 99999073.605907 
61 99999083.646169 
62 99999091.389293 
63 99999091.389561 
64 99999289.868271 
65 99999289.868338 
66 99999289.868473 
67 99999289.963793 
68 99999289.963621 
69 99999289.963833 
70 99999316.797928 
71 99999316.798012 
72 99999316.798187 
73 99999316.798345 
74 99999316.799207 
75 99999316.799331 
76 99999316.799422 
77 99999316.799821 
78 99999316.800481 
79 99999319.255659 
80 99999319.256118 
81 99999398.717044 
82 99999398.717216 
83 99999398.717592 
84 99999398.717844 
85 99999398.718287 
86 99999398.718241 
87 99999398.718326 
88 99999398.718504 
89 99999398.718360 
90 99999402.654012 
91 99999402.654029 
92 99999402.654388 
93 99999402.654471 
94 99999402.654223 
95 99999405.409598 
96 99999429.073308 
97 99999429.073425 
98 99999429.073737 
99 99999429.073748 
100 99999639.228799 
101 99999639.228955 
102 99999639.228210 
103 99999649.191869 
104 99999649.192098 
105 99999649.192028 
106 99999717.694295 
107 99999717.694159 
108 99999718.068005 
109 99999722.428162 
110 99999722.428353 
111 99999722.428200 
112 99999730.445233 
113 99999730.445291 
114 99999730.445645 
115 99999730.445433 
116 99999730.445167 
117 99999730.445700 
118 99999730.445694 
119 99999730.445567 
120 99999737.896867 
121 99999738.802559 
122 99999738.802629 
123 99999738.802443 
124 99999738.802285 
125 99999738.802578 
126 99999744.575971 
127 99999744.575951 
128 99999744.575709 
129 99999744.575744 
130 99999744.576012 
131 99999744.575987 
132 99999784.133573 
133 99999784.133388 
134 99999784.133192 
135 99999806.507459 
136 99999806.507005 
137 99999806.507147 
138 99999806.507066 
139 99999806.506959 
140 99999806.506773 
141 99999806.507084 
142 99999808.819122 
143 99999808.819345 
144 99999808.819742 
145 99999808.819749 
146 99999808.819633 
147 99999808.819363 
148 99999808.819300 
149 99999808.819579 
150 99999808.819740 
151 99999808.819466 
152 99999808.819264 
153 99999808.819729 
154 99999808.819683 
155 99999808.819719 
156 99999809.461159 
157 99999826.084536 
158 99999826.084585 
159 99999826.084643 
160 99999826.084623 
161 99999826.084833 
162 99999826.084815 
163 99999826.084656 
164 99999826.084476 
165 99999826.084653 
166 99999826.084662 
167 99999826.626870 
168 99999826.626899 
169 99999826.626939 
170 99999826.626668 
171 99999826.626461 
172 99999826.626087 
173 99999826.626366 
174 99999826.626420 
175 99999826.626503 
176 99999826.626345 
177 99999826.626021 
178 99999826.626042 
179 99999826.626210 
180 99999826.626227 
181 99999826.626244 
182 99999826.626172 
183 99999826.625914 
184 99999943.034728 
185 99999943.034976 
186 99999943.035245 
187 99999943.035449 
188 99999943.035549 
189 99999943.035689 
190 99999943.035696 
191 99999943.896491 
192 99999943.896416 
193 99999964.607809 
194 99999965.735318 
195 99999965.735262 
196 99999965.735178 
197 99999965.734810 
198 99999965.734977 
199 99999965.735255 
200 99999965.735302 
201 99999965.734967 
202 99999965.734895 
203 99999965.734802 
204 99999965.734647 
205 99999965.734525 
206 99999965.734800 
207 99999965.734803 
208 99999965.734940 
209 99999970.139059 
210 99999970.139061 
211 99999970.139205 
212 99999970.139108 
213 99999981.621252 
214 99999981.621111 
215 99999981.621206 
216 99999981.621445 
217 99999981.621585 
218 99999981.620798 
219 99999981.620684 
220 99999981.620675 
221 99999981.620710 
222 99999981.620541 
223 99999981.620763 
224 99999981.620932 
225 99999981.620633 
226 99999981.620464 
227 99999981.620815 
228 99999981.620834 
229 99999981.620958 
230 99999981.620817 
231 99999981.620896 
232 99999985.464788 
233 99999986.612478 
234 99999986.612933 
235 99999986.612810 
236 99999986.612831 
237 99999986.612321 
238 99999992.966429 
239 99999992.966748 
240 99999992.966923 
241 99999992.966951 
242 99999992.966878 
243 99999992.966889 
244 99999992.966706 
245 99999992.966884 
246 99999992.966796 
247 99999992.966879 
248 99999993.944173 
249 99999993.944365 
250 99999993.944319 
