# This file contains stats about hypervolume
1 99984727.787007 
2 99984727.790982 
3 99985207.015998 
4 99989850.844709 
5 99993807.569693 
6 99994850.288326 
7 99997041.593948 
8 99997041.626757 
9 99997339.738022 
10 99998314.598871 
11 99998720.772440 
12 99998753.960957 
13 99999416.410239 
14 99999539.671642 
15 99999539.675005 
16 99999539.676941 
17 99999539.679103 
18 99999539.680652 
19 99999660.089977 
20 99999667.591005 
21 99999667.591863 
22 99999667.592581 
23 99999667.593316 
24 99999667.593985 
25 99999667.594543 
26 99999667.594944 
27 99999667.595316 
28 99999703.926484 
29 99999736.170725 
30 99999736.171061 
31 99999736.171306 
32 99999736.171500 
33 99999760.549853 
34 99999780.092509 
35 99999795.961816 
36 99999795.961933 
37 99999795.962045 
38 99999887.819921 
39 99999887.820004 
40 99999887.820069 
41 99999898.792948 
42 99999898.792999 
43 99999898.793048 
44 99999899.764315 
45 99999899.764345 
46 99999899.764368 
47 99999903.166642 
48 99999903.166685 
49 99999926.921181 
50 99999926.921189 
51 99999926.921221 
52 99999926.921257 
53 99999926.921274 
54 99999936.542434 
55 99999936.542460 
56 99999936.542483 
57 99999936.542509 
58 99999936.542534 
59 99999936.542552 
60 99999936.542566 
61 99999936.542582 
62 99999936.542603 
63 99999936.542610 
64 99999936.542633 
65 99999936.542649 
66 99999936.542661 
67 99999936.542666 
68 99999936.542664 
69 99999936.542690 
70 99999936.542698 
71 99999936.542716 
72 99999936.542725 
73 99999948.308679 
74 99999948.308701 
75 99999948.308718 
76 99999948.308718 
77 99999948.308730 
78 99999949.359631 
79 99999949.359632 
80 99999949.359623 
81 99999954.939529 
82 99999954.939535 
83 99999954.939547 
84 99999954.939543 
85 99999954.939542 
86 99999954.939552 
87 99999954.939553 
88 99999954.939563 
89 99999968.415789 
90 99999968.415795 
91 99999968.415800 
92 99999968.415800 
93 99999968.415802 
94 99999968.415802 
95 99999968.415809 
96 99999969.028982 
97 99999969.028991 
98 99999969.028997 
99 99999969.029006 
100 99999969.029010 
101 99999969.028999 
102 99999969.029006 
103 99999969.029021 
104 99999969.029020 
105 99999969.029024 
106 99999969.029026 
107 99999969.029020 
108 99999969.029018 
109 99999971.293411 
110 99999972.638335 
111 99999972.638340 
112 99999973.261483 
113 99999973.261491 
114 99999973.261504 
115 99999973.261513 
116 99999973.261506 
117 99999973.261508 
118 99999973.261511 
119 99999973.261521 
120 99999973.261514 
121 99999973.261507 
122 99999973.261491 
123 99999973.261502 
124 99999973.261501 
125 99999973.261502 
126 99999973.261493 
127 99999973.587536 
128 99999975.140749 
129 99999975.140756 
130 99999975.140752 
131 99999975.140748 
132 99999975.140752 
133 99999975.140754 
134 99999975.140766 
135 99999975.140770 
136 99999975.147157 
137 99999975.809293 
138 99999975.809302 
139 99999975.809300 
140 99999975.809297 
141 99999975.809294 
142 99999975.809296 
143 99999975.809301 
144 99999975.809288 
145 99999975.809292 
146 99999975.809296 
147 99999975.809298 
148 99999975.809300 
149 99999975.809297 
150 99999975.809292 
151 99999977.090678 
152 99999977.090669 
153 99999977.090666 
154 99999977.090674 
155 99999977.090681 
156 99999977.090678 
157 99999977.090679 
158 99999977.090687 
159 99999977.090680 
160 99999977.090684 
161 99999977.090681 
162 99999977.901954 
163 99999977.901955 
164 99999977.901951 
165 99999977.901958 
166 99999977.901961 
167 99999977.901955 
168 99999977.901947 
169 99999977.901949 
170 99999977.901957 
171 99999977.901959 
172 99999977.901946 
173 99999977.901950 
174 99999977.901960 
175 99999977.901967 
176 99999977.901971 
177 99999977.901962 
178 99999977.901965 
179 99999977.974101 
180 99999978.275777 
181 99999979.093207 
182 99999979.093207 
183 99999979.093204 
184 99999979.093200 
185 99999979.093198 
186 99999979.093195 
187 99999979.093196 
188 99999979.093203 
189 99999979.093201 
190 99999979.093206 
191 99999979.093195 
192 99999979.130449 
193 99999979.130463 
194 99999979.130474 
195 99999979.130461 
196 99999982.629348 
197 99999982.629358 
198 99999982.629358 
199 99999982.629358 
200 99999982.629360 
201 99999982.629366 
202 99999982.629375 
203 99999982.629365 
204 99999982.629371 
205 99999982.629351 
206 99999984.080205 
207 99999984.080212 
208 99999984.080206 
209 99999984.080207 
210 99999984.080211 
211 99999984.080207 
212 99999984.080211 
213 99999990.388803 
214 99999990.388806 
215 99999990.398147 
216 99999990.398159 
217 99999990.398145 
218 99999990.398141 
219 99999990.456433 
220 99999990.843415 
221 99999990.843419 
222 99999990.843419 
223 99999990.843423 
224 99999990.843430 
225 99999990.843436 
226 99999990.843432 
227 99999990.843438 
228 99999990.843436 
229 99999990.843429 
230 99999990.843425 
231 99999992.723937 
232 99999992.723948 
233 99999992.723945 
234 99999992.723939 
235 99999992.723943 
236 99999992.723937 
237 99999992.723938 
238 99999992.723940 
239 99999992.723946 
240 99999992.723946 
241 99999993.139783 
242 99999993.139790 
243 99999993.246186 
244 99999993.246186 
245 99999993.246188 
246 99999993.246193 
247 99999993.246188 
248 99999993.246196 
249 99999993.246187 
250 99999993.246185 
