9.805448e-01 3.851173e-04
2.244488e-04 9.812619e-01
5.525149e-01 7.042650e-01
3.076949e-01 8.571401e-01
5.564078e-01 7.012222e-01
9.203726e-01 1.547232e-01
2.736863e-01 8.723768e-01
3.874968e-01 8.155964e-01
2.842567e-01 8.675670e-01
6.057571e-01 6.579005e-01
8.565434e-01 3.080018e-01
2.015370e-01 9.027608e-01
4.485250e-01 7.792385e-01
8.548973e-01 3.114044e-01
5.324992e-01 7.201262e-01
9.500654e-01 6.996464e-02
9.901548e-02 9.401979e-01
7.174799e-01 5.356672e-01
1.930707e-01 9.059954e-01
1.988191e-01 9.039545e-01
7.152589e-01 5.384238e-01
2.757649e-01 8.714846e-01
6.938913e-01 5.660832e-01
3.343012e-01 8.437388e-01
9.213521e-01 1.527232e-01
7.555178e-01 4.842971e-01
3.038302e-01 8.585393e-01
8.586105e-01 3.036708e-01
5.154473e-01 7.330693e-01
7.843619e-01 4.402635e-01
7.125456e-01 5.424390e-01
2.871851e-01 8.664060e-01
2.424019e-01 8.865218e-01
8.204020e-01 3.790769e-01
2.221798e-02 9.674366e-01
4.510182e-01 7.780019e-01
7.387473e-01 5.078175e-01
8.501953e-01 3.213794e-01
4.238466e-01 7.944268e-01
9.190911e-01 1.580321e-01
1.935355e-02 9.689496e-01
8.700781e-02 9.441422e-01
6.896067e-02 9.504990e-01
1.628727e-01 9.174729e-01
6.307688e-01 6.335286e-01
1.777184e-01 9.119131e-01
9.339665e-01 1.164694e-01
6.901975e-01 5.692994e-01
9.138126e-01 1.728377e-01
4.748314e-01 7.619654e-01
4.106056e-01 8.022878e-01
8.603392e-01 3.001267e-01
2.793410e-01 8.698275e-01
2.448190e-01 8.850894e-01
4.984998e-01 7.463866e-01
6.343495e-01 6.299907e-01
2.109352e-01 8.988692e-01
5.658967e-01 6.936751e-01
8.491697e-01 3.236906e-01
3.135154e-01 8.539620e-01
2.458762e-01 8.845096e-01
4.674061e-01 7.673360e-01
6.986896e-01 5.592513e-01
4.544961e-01 7.751570e-01
9.583114e-03 9.734646e-01
3.949607e-01 8.112761e-01
4.466290e-01 7.804580e-01
6.602386e-01 6.034409e-01
8.185397e-01 3.825291e-01
5.728837e-01 6.871310e-01
8.423732e-02 9.450758e-01
1.471825e-01 9.231256e-01
9.727874e-01 1.081778e-02
8.115175e-01 3.947358e-01
7.295285e-01 5.204331e-01
9.542903e-01 5.803858e-02
7.367164e-01 5.105767e-01
9.675231e-01 2.293554e-02
1.128994e-01 9.355262e-01
8.426663e-01 3.365620e-01
4.651543e-01 7.685081e-01
6.148611e-01 6.493885e-01
2.607252e-01 8.781161e-01
9.681427e-01 2.127589e-02
8.700778e-01 2.789729e-01
5.449301e-01 7.103749e-01
3.435382e-01 8.392854e-01
5.389734e-01 7.149185e-01
2.277375e-01 8.925429e-01
6.129914e-01 6.511108e-01
5.430898e-01 7.117931e-01
9.534984e-01 6.062051e-02
8.476197e-01 3.263358e-01
2.121455e-01 8.983752e-01
8.627820e-01 2.948911e-01
9.587568e-01 4.522832e-02
1.040411e-01 9.383875e-01
2.185451e-01 8.958974e-01
9.128965e-02 9.427850e-01
9.282769e-01 1.326673e-01
4.261810e-01 7.934261e-01
7.858378e-01 4.383957e-01
1.487923e-01 9.226991e-01
8.637931e-01 2.925585e-01
4.578519e-01 7.730271e-01
8.249135e-01 3.705929e-01
8.314522e-01 3.580104e-01
7.165186e-01 5.372752e-01
7.195013e-01 5.339979e-01
6.817090e-01 5.792684e-01
9.646422e-01 2.986010e-02
7.675776e-01 4.660758e-01
8.948383e-01 2.219912e-01
2.511539e-01 8.822247e-01
3.291519e-01 8.464927e-01
9.181243e-01 1.609918e-01
7.446127e-01 4.999637e-01
7.772092e-03 9.744710e-01
2.251687e-01 8.930146e-01
1.053624e-01 9.379662e-01
8.088761e-02 9.464250e-01
2.052011e-01 9.012736e-01
6.659242e-01 5.972857e-01
3.363592e-01 8.426731e-01
1.210828e-01 9.322880e-01
7.531725e-01 4.877516e-01
7.987489e-01 4.164853e-01
7.666364e-01 4.677530e-01
5.129075e-01 7.348364e-01
9.738781e-01 9.202298e-03
5.307441e-01 7.214960e-01
6.451502e-01 6.190664e-01
8.099405e-01 3.974372e-01
9.597494e-01 4.257808e-02
5.682421e-01 6.912322e-01
3.530869e-01 8.340791e-01
3.543808e-01 8.334839e-01
4.855872e-01 7.543695e-01
7.432087e-01 5.014198e-01
9.089156e-01 1.848899e-01
3.511700e-01 8.350587e-01
7.640955e-01 4.712283e-01
7.657068e-01 4.690095e-01
1.101029e-01 9.362773e-01
4.880564e-01 7.528400e-01
7.081854e-02 9.497232e-01
2.084474e-01 9.001288e-01
7.310537e-01 5.179071e-01
7.780577e-01 4.501490e-01
9.491360e-01 7.270244e-02
9.441086e-02 9.417121e-01
1.675667e-01 9.154695e-01
7.720505e-01 4.596736e-01
9.381055e-01 1.054893e-01
9.165436e-01 1.651521e-01
5.837790e-01 6.781643e-01
4.934338e-01 7.490511e-01
1.353949e-01 9.273369e-01
4.269228e-01 7.924731e-01
9.388935e-01 1.034387e-01
2.486417e-01 8.834831e-01
6.469877e-01 6.181353e-01
9.315155e-01 1.239513e-01
8.815886e-01 2.530591e-01
1.409406e-01 9.252970e-01
8.023719e-01 4.105779e-01
8.256748e-01 3.694775e-01
8.035160e-01 4.090225e-01
8.164077e-01 3.862699e-01
7.956332e-01 4.225533e-01
5.965022e-01 6.667903e-01
5.371916e-01 7.162872e-01
8.452840e-01 3.313753e-01
3.209116e-01 8.502680e-01
7.899794e-01 4.314577e-01
1.949382e-01 9.053902e-01
9.355569e-01 1.122362e-01
6.697539e-01 5.924941e-01
4.904247e-01 7.510098e-01
9.481212e-01 7.619402e-02
8.648385e-01 2.904178e-01
3.809770e-01 8.193852e-01
8.040438e-01 4.076933e-01
6.955849e-01 5.632610e-01
5.121764e-01 7.355802e-01
6.505361e-01 6.134100e-01
2.243504e-01 8.940677e-01
1.112224e-02 9.724673e-01
9.690140e-01 1.927062e-02
7.757393e-01 4.537475e-01
1.760593e-01 9.123085e-01
8.537018e-01 3.138143e-01
1.305859e-01 9.289819e-01
9.289701e-01 1.305870e-01
5.046764e-01 7.417353e-01
1.671305e-02 9.700172e-01
7.607467e-01 4.764069e-01
9.126976e-01 1.750351e-01
1.646166e-01 9.166395e-01
9.398285e-01 1.002055e-01
4.596956e-01 7.718983e-01
5.306426e-01 7.230626e-01
5.343596e-01 7.184660e-01
2.914386e-01 8.643574e-01
2.075164e-01 9.001492e-01
3.934917e-01 8.121285e-01
6.890724e-01 5.713170e-01
4.568797e-01 7.740825e-01
4.640907e-01 7.691980e-01
6.611416e-01 6.020992e-01
1.384605e-01 9.262571e-01
9.458999e-01 8.190648e-02
8.838188e-01 2.476947e-01
8.573348e-01 3.064196e-01
8.458035e-01 3.301800e-01
8.985015e-01 2.118385e-01
5.160990e-02 9.565550e-01
4.198818e-02 9.602036e-01
8.366124e-01 3.487707e-01
2.538747e-01 8.810068e-01
4.123471e-01 8.015768e-01
9.006754e-01 2.075922e-01
5.787694e-01 6.822695e-01
8.785738e-01 2.593949e-01
9.321893e-01 1.215107e-01
1.693210e-01 9.148540e-01
7.478254e-01 4.953297e-01
7.915825e-01 4.283225e-01
6.076387e-01 6.558861e-01
7.925958e-01 4.270451e-01
9.523870e-01 6.324228e-02
9.774564e-01 3.137106e-03
7.060538e-01 5.500693e-01
2.392624e-01 8.876405e-01
3.599166e-01 8.304740e-01
9.412113e-01 9.583701e-02
9.012434e-01 2.047347e-01
8.108786e-01 3.959175e-01
9.451778e-01 8.422609e-02
4.829282e-01 7.566603e-01
4.451547e-01 7.812163e-01
4.710014e-01 7.646729e-01
9.158750e-01 1.670387e-01
4.392564e-01 7.853066e-01
8.008799e-01 4.133289e-01
7.040484e-01 5.524899e-01
2.592606e-01 8.788525e-01
7.980596e-01 4.179389e-01
8.864755e-01 2.419562e-01
3.114093e-01 8.548709e-01
4.177521e-01 7.981256e-01
7.685182e-01 4.646832e-01
5.975179e-01 6.653411e-01
9.633438e-01 3.278885e-02
8.214595e-01 3.770513e-01
4.424432e-01 7.830199e-01
8.319596e-01 3.570330e-01
8.792969e-01 2.577599e-01
5.691685e-01 6.903347e-01
5.997426e-01 6.632583e-01
4.884413e-01 7.524946e-01
5.181501e-01 7.312763e-01
8.483810e-01 3.250084e-01
9.054276e-01 1.941917e-01
8.174497e-01 3.841002e-01
7.342421e-01 5.154898e-01
3.194021e-01 8.512485e-01
4.851416e-01 7.546953e-01
7.113567e-01 5.443149e-01
9.390210e-01 1.017896e-01
5.386236e-03 9.762292e-01
6.167267e-01 6.475064e-01
2.674839e-01 8.751090e-01
2.628244e-01 8.772597e-01
2.991931e-01 8.608462e-01
7.042290e-03 9.758440e-01
3.909141e-01 8.136437e-01
6.994316e-01 5.584527e-01
4.948044e-01 7.478873e-01
9.015476e-01 2.041758e-01
7.932111e-01 4.256396e-01
6.226797e-01 6.417216e-01
8.829566e-01 2.494023e-01
8.616463e-01 2.973113e-01
1.661263e-01 9.163020e-01
3.008934e-01 8.598891e-01
5.630007e-01 6.956815e-01
2.221470e-01 8.944982e-01
9.560402e-01 5.602113e-02
1.341863e-01 9.278375e-01
3.922141e-01 8.129185e-01
9.253690e-01 1.409129e-01
5.496559e-01 7.069419e-01
5.264976e-01 7.248095e-01
5.054400e-01 7.402111e-01
8.955260e-01 2.191197e-01
9.103896e-01 1.810279e-01
4.086674e-01 8.034287e-01
8.290316e-01 3.637205e-01
1.588427e-01 9.189295e-01
1.558508e-01 9.199924e-01
3.656148e-01 8.277391e-01
8.668728e-01 2.858287e-01
7.301620e-01 5.190298e-01
9.468189e-01 7.934606e-02
6.881977e-01 5.716843e-01
5.901245e-01 6.719326e-01
4.696472e-01 7.659354e-01
2.657068e-01 8.758232e-01
7.974404e-01 4.194164e-01
6.114671e-01 6.525238e-01
9.143110e-01 1.710927e-01
8.963159e-01 2.175817e-01
1.409410e-02 9.714124e-01
4.073830e-03 9.770405e-01
9.444338e-01 8.661115e-02
9.518934e-01 6.505604e-02
6.846740e-01 5.757280e-01
4.732845e-01 7.629805e-01
1.720097e-01 9.138023e-01
8.738215e-01 2.703715e-01
9.623032e-01 3.622326e-02
8.127862e-01 3.925405e-01
9.299909e-01 1.277217e-01
1.140022e-01 9.349846e-01
2.525199e-01 8.816104e-01
9.237434e-01 1.458089e-01
7.136836e-01 5.406299e-01
6.213443e-01 6.430383e-01
3.397603e-01 8.411708e-01
5.066291e-01 7.396138e-01
7.254322e-01 5.257096e-01
4.920908e-01 7.498016e-01
5.088157e-01 7.378789e-01
3.449329e-01 8.384940e-01
7.789980e-01 4.486628e-01
5.458786e-01 7.094376e-01
3.854119e-02 9.611186e-01
9.294786e-01 1.294212e-01
9.329883e-01 1.192598e-01
3.491090e-01 8.363582e-01
1.426803e-01 9.246840e-01
6.862218e-01 5.739246e-01
6.586493e-01 6.049470e-01
5.703577e-01 6.891455e-01
9.665785e-01 2.541447e-02
5.753269e-01 6.849021e-01
9.025564e-01 2.019095e-01
4.189362e-01 7.974218e-01
7.646675e-01 4.705252e-01
6.969459e-01 5.613363e-01
7.009227e-01 5.573425e-01
3.712957e-01 8.247888e-01
9.047968e-01 1.957728e-01
7.866963e-01 4.375852e-01
8.828968e-01 2.509027e-01
7.424624e-01 5.025811e-01
6.419037e-01 6.222613e-01
7.964414e-01 4.203480e-01
1.902652e-01 9.069739e-01
4.999293e-01 7.449568e-01
9.035881e-01 1.987123e-01
7.833841e-01 4.418313e-01
2.490999e-01 8.831281e-01
9.336288e-01 1.178401e-01
9.547912e-01 5.667850e-02
4.625291e-01 7.702660e-01
8.804765e-01 2.553124e-01
3.053043e-02 9.645077e-01
5.780329e-01 6.832569e-01
7.410056e-01 5.048202e-01
7.580305e-01 4.803674e-01
5.282811e-01 7.234415e-01
6.157425e-01 6.486955e-01
9.531182e-01 6.197311e-02
9.404352e-01 9.793834e-02
7.773020e-01 4.516335e-01
7.886575e-01 4.336804e-01
2.038127e-01 9.020862e-01
9.261036e-01 1.387314e-01
2.820460e-01 8.685923e-01
1.824267e-02 9.692079e-01
8.468527e-02 9.449153e-01
4.519360e-01 7.768593e-01
6.868648e-01 5.731524e-01
8.970853e-01 2.151691e-01
3.223972e-01 8.497009e-01
8.338748e-01 3.536960e-01
1.230282e-01 9.316050e-01
7.417643e-01 5.037800e-01
6.206685e-01 6.436332e-01
4.831588e-01 7.561194e-01
8.994623e-01 2.091788e-01
8.517504e-01 3.178090e-01
9.566188e-01 5.173174e-02
2.407229e-01 8.868223e-01
8.879238e-01 2.380185e-01
3.289467e-02 9.632175e-01
5.474773e-01 7.090266e-01
4.006203e-01 8.081362e-01
6.325982e-01 6.318075e-01
3.637026e-01 8.288649e-01
4.682238e-01 7.662016e-01
3.762454e-01 8.219146e-01
6.405100e-01 6.236628e-01
9.508334e-01 6.792751e-02
5.915816e-01 6.715117e-01
6.282547e-01 6.361138e-01
8.993764e-01 2.108927e-01
8.543991e-01 3.125674e-01
7.321871e-01 5.163594e-01
4.026072e-01 8.071659e-01
9.600107e-01 4.169319e-02
5.505834e-01 7.055621e-01
4.964716e-01 7.469797e-01
4.068482e-01 8.048047e-01
8.373965e-01 3.467091e-01
3.460266e-01 8.378754e-01
8.508879e-01 3.196296e-01
1.833726e-01 9.096463e-01
2.705597e-01 8.737600e-01
8.715399e-01 2.760060e-01
9.310229e-01 1.249356e-01
8.950237e-01 2.203617e-01
8.616463e-01 2.973113e-01
6.683632e-01 5.940220e-01
8.694966e-01 2.810561e-01
7.886575e-01 4.336804e-01
5.104095e-01 7.373446e-01
8.921105e-01 2.274012e-01
2.363247e-01 8.884078e-01
7.079031e-01 5.496577e-01
8.710129e-01 2.774208e-01
3.615456e-01 8.298875e-01
9.485052e-01 7.460531e-02
8.071633e-01 4.021024e-01
6.641343e-01 5.988615e-01
8.406092e-01 3.411405e-01
5.224418e-01 7.277653e-01
1.015374e-01 9.392114e-01
9.464059e-01 8.107862e-02
7.464928e-01 4.970245e-01
7.629611e-01 4.735679e-01
7.230089e-01 5.284902e-01
6.325982e-01 6.318075e-01
6.040673e-01 6.594564e-01
7.808563e-01 4.462456e-01
8.936715e-01 2.239522e-01
7.110163e-01 5.450793e-01
8.819603e-01 2.522152e-01
2.818977e-01 8.689221e-01
4.347050e-01 7.878672e-01
4.551986e-01 7.747575e-01
6.671576e-01 5.956594e-01
7.594220e-01 4.783140e-01
8.230092e-01 3.742760e-01
8.913237e-01 2.310593e-01
8.528505e-01 3.159797e-01
5.819632e-01 6.792637e-01
9.756148e-01 5.847551e-03
6.226686e-02 9.528122e-01
7.489234e-01 4.944036e-01
9.666638e-01 2.502200e-02
7.539432e-01 4.863365e-01
7.999130e-01 4.149429e-01
5.890945e-01 6.730595e-01
1.447767e-01 9.239779e-01
5.579070e-01 7.002302e-01
9.367678e-01 1.084218e-01
1.247147e-01 9.312698e-01
7.941036e-01 4.244183e-01
8.135151e-01 3.917140e-01
3.151355e-01 8.531639e-01
2.967698e-01 8.617857e-01
4.358696e-01 7.871133e-01
9.789022e-01 1.875738e-03
9.578360e-01 4.834770e-02
1.882185e-01 9.080052e-01
3.585442e-01 8.311835e-01
7.454722e-02 9.486594e-01
5.630749e-02 9.549253e-01
2.456945e-03 9.782295e-01
9.653805e-01 2.758463e-02
6.645218e-01 5.985013e-01
2.981753e-01 8.613225e-01
3.501923e-01 8.359393e-01
7.820461e-01 4.446943e-01
5.205726e-01 7.292505e-01
1.522947e-01 9.212398e-01
9.118680e-01 1.779716e-01
5.800021e-01 6.808786e-01
8.238183e-01 3.726048e-01
1.015374e-01 9.392114e-01
6.577339e-01 6.061811e-01
8.631937e-01 2.937804e-01
3.707141e-01 8.248921e-01
6.778132e-01 5.845204e-01
2.951013e-01 8.626422e-01
4.605184e-01 7.712837e-01
9.717805e-01 1.239095e-02
9.694091e-02 9.409156e-01
8.416344e-01 3.384191e-01
7.909251e-01 4.297052e-01
2.165724e-01 8.966246e-01
6.365623e-01 6.277483e-01
9.707775e-01 1.467269e-02
9.424090e-01 9.308207e-02
9.692635e-01 1.792427e-02
7.870987e-01 4.358425e-01
1.536962e-01 9.207247e-01
8.592601e-01 3.023977e-01
6.518038e-01 6.120221e-01
9.350482e-01 1.136859e-01
6.246859e-01 6.401280e-01
6.969459e-01 5.613363e-01
6.955849e-01 5.632610e-01
5.364030e-01 7.168934e-01
8.855660e-01 2.435556e-01
1.092387e-01 9.366020e-01
4.223450e-01 7.953625e-01
9.059875e-01 1.927703e-01
2.934538e-01 8.633255e-01
6.114345e-02 9.534470e-01
4.340270e-01 7.887317e-01
6.440628e-01 6.200012e-01
4.306817e-01 7.905316e-01
3.843677e-01 8.174027e-01
3.909141e-01 8.136437e-01
1.969189e-01 9.043422e-01
4.789695e-01 7.590115e-01
7.219201e-01 5.299473e-01
2.313171e-01 8.906629e-01
7.357646e-01 5.119445e-01
3.309330e-01 8.453425e-01
2.898297e-01 8.650299e-01
3.053043e-02 9.645077e-01
5.512913e-01 7.049841e-01
5.511396e-02 9.553437e-01
9.437720e-01 8.856233e-02
6.782295e-01 5.833264e-01
3.968829e-01 8.101708e-01
7.710743e-01 4.607352e-01
6.400933e-01 6.240851e-01
4.367324e-01 7.865113e-01
1.375724e-01 9.265999e-01
8.351706e-01 3.517626e-01
5.920178e-01 6.702007e-01
4.082205e-01 8.039633e-01
9.271887e-01 1.361464e-01
9.430559e-01 9.054168e-02
9.229640e-01 1.472843e-01
8.966739e-01 2.162600e-01
5.028882e-01 7.421045e-01
2.347730e-01 8.894025e-01
3.623046e-01 8.293470e-01
6.424123e-01 6.217688e-01
7.196292e-01 5.328483e-01
3.181079e-01 8.516486e-01
7.403535e-01 5.061220e-01
5.277835e-01 7.239507e-01
6.102128e-01 6.538854e-01
2.561961e-01 8.809296e-01
1.742333e-01 9.132851e-01
9.247884e-01 1.430498e-01
3.732772e-01 8.236366e-01
9.791855e-01 1.483050e-03
7.086313e-01 5.475541e-01
9.447953e-01 8.507067e-02
6.808872e-01 5.801723e-01
1.509242e-01 9.218592e-01
2.652026e-01 8.768563e-01
2.641315e-02 9.659152e-01
5.017413e-01 7.429759e-01
9.514073e-01 6.624613e-02
9.170557e-01 1.635876e-01
3.377671e-01 8.423340e-01
5.622726e-01 6.962508e-01
1.289452e-01 9.295863e-01
8.848227e-01 2.457001e-01
5.259579e-02 9.562162e-01
2.146018e-01 8.974500e-01
6.195525e-01 6.449333e-01
7.569680e-01 4.820903e-01
1.606239e-01 9.183102e-01
9.219802e-01 1.502674e-01
8.205784e-01 3.787584e-01
3.415205e-01 8.402161e-01
2.883473e-01 8.658080e-01
5.713146e-01 6.886314e-01
5.819632e-01 6.792637e-01
6.287369e-01 6.355850e-01
9.699594e-01 1.639569e-02
9.327459e-01 1.208358e-01
2.932950e-01 8.641028e-01
5.950704e-02 9.539692e-01
7.638843e-02 9.480428e-01
6.788865e-01 5.823708e-01
4.946863e-02 9.574539e-01
9.219802e-01 1.502674e-01
3.651427e-01 8.285423e-01
5.740997e-01 6.861065e-01
8.780794e-01 2.608890e-01
2.330061e-01 8.898362e-01
3.773644e-01 8.213889e-01
1.963938e-01 9.047795e-01
4.619719e-01 7.708409e-01
7.467529e-01 4.965643e-01
8.907388e-01 2.318594e-01
8.868832e-01 2.406347e-01
7.243994e-01 5.268710e-01
8.663709e-01 2.883030e-01
8.529211e-01 3.155431e-01
3.667115e-02 9.620130e-01
9.648266e-01 2.931751e-02
4.681753e-02 9.580892e-01
2.806340e-02 9.653731e-01
8.466644e-01 3.283793e-01
9.563564e-01 5.413999e-02
3.252412e-01 8.481314e-01
3.105891e-01 8.552716e-01
1.801187e-01 9.107921e-01
8.900879e-02 9.434955e-01
3.096334e-01 8.564154e-01
9.277522e-01 1.344022e-01
4.766930e-01 7.608444e-01
8.664385e-01 2.867908e-01
7.826406e-01 4.431997e-01
8.331376e-01 3.554866e-01
7.888304e-02 9.474533e-01
6.016521e-01 6.614472e-01
3.171568e-01 8.521683e-01
7.015513e-01 5.567453e-01
3.858290e-01 8.165632e-01
8.686464e-01 2.824277e-01
7.136193e-01 5.407111e-01
6.122166e-01 6.518659e-01
4.439995e-01 7.820771e-01
4.318343e-01 7.894631e-01
8.762576e-01 2.647724e-01
6.630687e-01 6.005525e-01
9.084840e-01 1.860502e-01
6.687231e-01 5.936751e-01
2.202300e-01 8.952165e-01
8.722336e-01 2.740444e-01
6.831328e-01 5.774632e-01
3.327012e-01 8.450790e-01
6.378274e-01 6.266601e-01
5.846609e-01 6.769186e-01
1.801187e-01 9.107921e-01
6.179582e-01 6.467505e-01
8.899710e-01 2.327303e-01
8.422346e-01 3.374614e-01
5.249023e-01 7.258694e-01
8.853424e-01 2.441007e-01
1.558508e-01 9.199924e-01
6.765118e-01 5.849502e-01
5.005135e-01 7.438610e-01
5.163657e-01 7.323687e-01
1.191308e-01 9.331412e-01
4.913417e-01 7.508673e-01
9.281342e-02 9.422518e-01
1.076946e-01 9.371412e-01
6.239441e-01 6.415069e-01
9.267939e-01 1.373602e-01
6.552051e-01 6.085105e-01
3.565636e-01 8.327820e-01
8.303046e-01 3.603605e-01
6.668777e-01 5.959857e-01
6.929532e-01 5.671477e-01
9.571024e-01 5.042397e-02
5.800021e-01 6.808786e-01
6.521203e-01 6.117025e-01
3.021723e-01 8.597090e-01
8.368543e-01 3.479371e-01
7.917430e-02 9.472740e-01
1.547846e-03 9.797522e-01
4.407878e-01 7.839991e-01
5.599296e-01 6.982595e-01
3.987606e-01 8.090984e-01
7.270261e-01 5.232577e-01
1.156048e-01 9.342897e-01
8.893436e-01 2.345196e-01
1.185128e-03 9.797988e-01
2.688371e-01 8.747938e-01
7.079642e-01 5.484576e-01
7.569680e-01 4.820903e-01
8.444357e-01 3.333581e-01
8.297922e-01 3.613226e-01
9.063485e-01 1.918444e-01
4.001898e-01 8.083970e-01
5.420896e-01 7.126425e-01
5.644982e-01 6.943615e-01
9.572010e-01 4.946334e-02
2.779289e-01 8.704716e-01
2.933875e-03 9.777688e-01
1.194367e-01 9.328739e-01
7.798443e-01 4.472307e-01
2.586205e-02 9.662819e-01
6.796577e-01 5.817108e-01
1.446506e-01 9.240019e-01
1.743222e-01 9.129703e-01
9.073235e-01 1.890651e-01
9.004222e-01 2.082635e-01
6.029821e-01 6.602564e-01
2.161390e-01 8.968101e-01
9.694091e-02 9.409156e-01
8.221282e-01 3.760838e-01
9.099659e-01 1.827645e-01
7.578510e-01 4.807095e-01
2.636910e-01 8.769258e-01
6.268874e-01 6.373562e-01
3.674681e-01 8.268151e-01
7.517576e-01 4.893677e-01
3.242309e-01 8.488628e-01
6.353008e-01 6.290464e-01
6.801839e-01 5.808649e-01
3.721821e-02 9.616249e-01
7.612329e-01 4.756872e-01
9.184800e-01 1.600889e-01
3.983087e-01 8.093517e-01
4.164048e-01 7.991260e-01
2.694038e-01 8.741975e-01
5.951279e-01 6.674990e-01
9.744180e-01 7.646761e-03
7.501058e-01 4.917535e-01
4.535720e-02 9.587425e-01
6.621688e-01 6.009928e-01
8.066561e-01 4.029736e-01
7.811730e-01 4.450915e-01
6.567445e-01 6.071447e-01
3.261234e-01 8.477623e-01
6.743914e-01 5.874562e-01
6.185277e-01 6.464148e-01
3.474580e-01 8.370771e-01
8.914159e-01 2.290925e-01
8.754341e-01 2.666394e-01
9.252200e-01 1.419342e-01
7.391965e-02 9.489513e-01
3.414362e-01 8.402598e-01
2.578776e-01 8.795090e-01
7.027276e-01 5.540637e-01
7.490889e-01 4.931660e-01
9.364047e-01 1.105085e-01
3.732772e-01 8.236366e-01
9.430559e-01 9.054168e-02
1.263937e-01 9.305071e-01
8.266490e-01 3.677713e-01
8.728622e-01 2.726485e-01
3.234478e-01 8.491061e-01
9.564877e-01 5.347272e-02
6.392862e-01 6.256517e-01
5.932229e-01 6.699559e-01
9.188071e-01 1.589154e-01
6.532024e-01 6.105735e-01
8.466626e-01 3.283831e-01
8.049369e-01 4.059249e-01
8.177982e-01 3.834690e-01
8.678215e-01 2.841215e-01
5.253069e-01 7.255523e-01
9.120410e-01 1.769040e-01
6.842370e-01 5.765894e-01
2.432951e-02 9.666347e-01
9.149452e-01 1.699621e-01
3.862481e-01 8.163193e-01
4.407878e-01 7.839991e-01
9.170557e-01 1.635876e-01
4.287314e-01 7.913541e-01
8.159535e-01 3.871586e-01
9.113345e-01 1.795503e-01
8.388306e-01 3.454896e-01
4.519360e-01 7.768593e-01
6.494286e-01 6.145338e-01
4.708387e-01 7.647828e-01
1.283181e-01 9.298184e-01
9.441128e-01 8.837351e-02
9.583633e-01 4.724285e-02
7.729529e-01 4.579776e-01
4.204220e-01 7.969614e-01
7.211338e-01 5.313221e-01
5.950940e-01 6.681366e-01
5.081213e-01 7.389737e-01
7.999991e-01 4.143185e-01
8.439360e-01 3.339821e-01
8.087014e-01 3.998472e-01
4.959061e-01 7.473840e-01
1.844667e-01 9.092110e-01
5.986977e-01 6.647529e-01
7.870987e-01 4.358425e-01
8.074463e-02 9.464711e-01
4.344946e-02 9.596073e-01
4.732845e-01 7.629805e-01
6.257242e-01 6.386063e-01
6.359704e-01 6.288438e-01
5.871846e-01 6.746707e-01
8.935185e-01 2.257080e-01
4.803648e-01 7.580403e-01
7.346147e-01 5.146014e-01
6.542259e-01 6.096910e-01
7.453081e-01 4.985970e-01
8.273832e-01 3.664718e-01
9.099659e-01 1.827645e-01
8.978190e-01 2.137041e-01
5.609653e-01 6.972066e-01
1.861304e-01 9.085191e-01
9.042502e-01 1.974160e-01
5.751798e-02 9.543744e-01
1.329042e-01 9.289421e-01
8.879238e-01 2.380185e-01
2.705597e-01 8.737600e-01
9.416446e-01 9.451951e-02
9.710281e-01 1.415735e-02
9.488877e-01 7.344637e-02
9.350482e-01 1.136859e-01
8.776650e-01 2.615204e-01
2.957836e-01 8.623146e-01
9.124098e-01 1.758605e-01
3.750284e-01 8.226880e-01
4.804784e-01 7.579667e-01
9.766556e-01 4.561456e-03
6.736279e-01 5.882223e-01
9.716293e-01 1.299021e-02
8.679635e-01 2.833593e-01
7.735464e-01 4.575948e-01
2.325337e-01 8.901950e-01
2.806340e-02 9.653731e-01
6.349748e-02 9.523739e-01
9.227349e-01 1.479825e-01
3.690323e-01 8.258678e-01
3.674681e-01 8.268151e-01
1.707737e-01 9.143440e-01
9.474489e-01 7.807480e-02
7.702287e-01 4.620882e-01
6.193906e-01 6.454485e-01
7.090305e-01 5.463942e-01
5.566584e-01 7.007386e-01
6.912628e-01 5.678766e-01
6.099523e-01 6.541573e-01
8.237337e-01 3.727640e-01
4.057747e-01 8.061315e-01
9.376167e-01 1.067941e-01
5.353365e-01 7.177116e-01
6.390915e-01 6.257524e-01
5.400832e-01 7.140452e-01
2.146018e-01 8.974500e-01
3.788530e-01 8.206929e-01
9.805448e-01 3.851173e-04
8.392985e-01 3.435542e-01
9.364432e-01 1.104187e-01
8.743125e-01 2.692260e-01
9.606254e-01 3.986050e-02
8.015943e-01 4.116702e-01
5.748536e-01 6.860647e-01
7.496726e-01 4.924445e-01
2.562030e-01 8.801880e-01
4.043709e-01 8.061829e-01
2.779289e-01 8.704716e-01
9.109544e-01 1.796845e-01
8.895870e-01 2.335974e-01
6.268588e-01 6.374999e-01
7.508111e-01 4.908312e-01
9.585762e-01 4.647855e-02
7.692893e-01 4.635349e-01
8.392087e-01 3.440819e-01
1.590414e-01 9.189273e-01
4.058201e-01 8.051534e-01
4.808742e-02 9.577433e-01
7.048866e-01 5.519810e-01
6.662441e-02 9.512306e-01
8.888377e-01 2.356824e-01
7.544338e-01 4.855909e-01
8.773232e-01 2.626594e-01
4.205447e-01 7.964400e-01
8.571798e-01 3.066133e-01
5.478603e-01 7.077696e-01
1.159972e-01 9.341461e-01
1.263937e-01 9.305071e-01
8.868832e-01 2.406347e-01
8.153718e-01 3.878643e-01
1.327844e-01 9.289747e-01
1.852672e-01 9.089732e-01
2.574110e-01 8.797168e-01
1.417819e-01 9.250016e-01
5.859907e-01 6.757653e-01
5.593404e-01 6.984176e-01
9.744180e-01 7.646761e-03
8.352990e-01 3.507404e-01
9.616157e-01 3.726683e-02
9.081442e-01 1.870427e-01
4.789555e-01 7.598803e-01
1.818909e-01 9.102007e-01
9.757565e-01 5.557326e-03
7.263123e-01 5.245261e-01
4.377445e-01 7.857769e-01
5.765388e-01 6.839067e-01
7.365208e-01 5.108208e-01
6.708547e-01 5.912766e-01
8.151643e-01 3.887314e-01
7.396840e-01 5.066580e-01
8.657740e-01 2.891473e-01
1.888585e-01 9.075611e-01
6.717963e-01 5.902634e-01
7.027276e-01 5.540637e-01
6.831328e-01 5.774632e-01
7.620721e-01 4.746972e-01
9.653805e-01 2.758463e-02
1.175551e-01 9.338684e-01
6.298746e-01 6.346754e-01
8.331376e-01 3.554866e-01
3.572729e-01 8.321009e-01
8.146237e-01 3.894327e-01
2.398083e-01 8.875882e-01
7.797604e-01 4.479543e-01
5.885039e-01 6.737223e-01
4.148242e-01 7.999119e-01
4.483333e-02 9.588539e-01
7.453081e-01 4.985970e-01
5.613496e-01 6.971353e-01
3.502015e-02 9.624415e-01
2.894853e-01 8.656341e-01
9.511342e-01 6.740467e-02
7.280383e-01 5.221734e-01
9.626962e-01 3.438984e-02
9.633438e-01 3.278885e-02
7.209381e-01 5.322591e-01
5.196419e-01 7.297948e-01
3.970053e-01 8.101004e-01
4.146231e-01 8.000246e-01
7.680822e-02 9.478755e-01
6.257242e-01 6.386063e-01
6.495800e-01 6.143047e-01
3.473110e-01 8.372943e-01
9.626962e-01 3.438984e-02
9.767518e-01 4.030747e-03
7.280383e-01 5.221734e-01
8.690414e-01 2.814825e-01
4.309081e-01 7.902705e-01
7.352089e-01 5.127500e-01
9.240083e-01 1.443889e-01
8.651593e-01 2.893998e-01
4.021571e-02 9.607323e-01
5.188824e-01 7.306893e-01
2.041370e-01 9.016408e-01
1.606239e-01 9.183102e-01
8.978190e-01 2.137041e-01
7.763625e-01 4.526194e-01
5.225306e-01 7.277174e-01
9.044117e-01 1.969948e-01
3.576895e-01 8.316259e-01
3.783867e-01 8.210263e-01
7.237109e-01 5.282657e-01
8.885615e-01 2.361166e-01
6.435586e-01 6.207387e-01
6.728978e-01 5.892169e-01
3.276812e-01 8.470173e-01
3.750284e-01 8.226880e-01
7.216723e-01 5.304027e-01
9.151136e-01 1.692552e-01
6.548893e-01 6.092529e-01
4.021571e-02 9.607323e-01
5.998166e-02 9.537914e-01
8.049369e-01 4.059249e-01
2.334090e-02 9.671417e-01
6.583100e-01 6.053664e-01
6.725909e-01 5.893616e-01
8.274848e-01 3.660571e-01
5.765950e-01 6.838493e-01
9.351613e-02 9.421396e-01
4.366352e-02 9.593166e-01
3.834058e-01 8.182902e-01
8.079462e-01 4.007534e-01
7.099091e-01 5.463320e-01
8.406092e-01 3.411405e-01
5.104030e-01 7.373492e-01
5.844225e-01 6.770924e-01
3.271663e-01 8.473163e-01
3.029190e-01 8.590690e-01
6.243257e-01 6.404984e-01
9.241476e-01 1.439997e-01
6.561136e-01 6.076109e-01
5.236854e-01 7.268183e-01
8.927250e-01 2.262022e-01
6.483181e-01 6.156616e-01
7.941036e-01 4.244183e-01
7.828122e-01 4.424862e-01
4.036222e-01 8.064057e-01
8.303046e-01 3.603605e-01
6.483181e-01 6.156616e-01
5.236854e-01 7.268183e-01
1.528329e-02 9.706867e-01
3.098433e-01 8.562977e-01
6.087003e-01 6.548535e-01
8.352990e-01 3.507404e-01
7.275270e-01 5.229058e-01
7.390600e-01 5.071388e-01
6.078792e-01 6.557008e-01
5.414927e-01 7.130147e-01
8.398262e-01 3.422448e-01
7.747343e-01 4.554593e-01
7.741697e-01 4.566764e-01
6.633138e-02 9.512747e-01
