# This file contains the data of final feasible population (if found)
# of objectives = 2, # of constraints = 0, # of real_var = 5, # of bits of bin_var = 0, constr_violation, rank, crowding_distance
3.753054e-02	9.730632e-01	4.012475e-01	3.803811e-01	5.377728e-01	3.255478e-01	3.541011e-01	0.000000e+00	1	1.000000e+14
9.851138e-01	3.689159e-03	-4.612393e-01	-4.840934e-01	-4.821212e-01	-4.449729e-01	-4.774721e-01	0.000000e+00	1	1.000000e+14
4.893366e-01	7.595473e-01	3.492283e-02	8.028660e-02	1.668067e-01	2.777778e-02	1.112506e-01	0.000000e+00	1	3.422443e-02
1.389017e-01	9.289492e-01	2.900424e-01	3.493113e-01	2.441762e-01	2.386742e-01	2.724392e-01	0.000000e+00	1	3.278719e-02
7.579474e-01	4.853532e-01	-5.177615e-02	-1.098935e-01	-4.091682e-02	-1.319600e-01	-8.713447e-02	0.000000e+00	1	3.210318e-02
3.065881e-01	8.626834e-01	1.325245e-01	1.372529e-01	1.917537e-01	1.760752e-01	2.676297e-01	0.000000e+00	1	3.208951e-02
4.354639e-01	7.921451e-01	7.892660e-02	1.070892e-01	7.145604e-02	1.905736e-01	1.105041e-01	0.000000e+00	1	3.124512e-02
7.870542e-01	4.433413e-01	-1.791509e-01	-6.765139e-02	-6.736964e-02	-1.018460e-01	-1.211496e-01	0.000000e+00	1	3.061196e-02
2.054258e-01	9.040579e-01	2.902178e-01	1.954224e-01	1.901496e-01	2.391237e-01	2.668831e-01	0.000000e+00	1	3.046281e-02
7.696883e-01	4.650522e-01	-1.130869e-01	-6.765139e-02	-6.736964e-02	-1.018460e-01	-1.211496e-01	0.000000e+00	1	2.907986e-02
9.305857e-01	1.315337e-01	-2.751436e-01	-2.874485e-01	-2.261495e-01	-2.981513e-01	-3.255391e-01	0.000000e+00	1	2.888778e-02
8.658473e-01	2.986911e-01	-1.379253e-01	-1.233834e-01	-2.335855e-01	-2.330221e-01	-1.966809e-01	0.000000e+00	1	2.807067e-02
3.636775e-01	8.314105e-01	1.251050e-01	1.517887e-01	1.699896e-01	1.972328e-01	9.839207e-02	0.000000e+00	1	2.740275e-02
3.448085e-01	8.424334e-01	1.347735e-01	1.906442e-01	8.958772e-02	1.928821e-01	1.887562e-01	0.000000e+00	1	2.705983e-02
1.174832e-01	9.408653e-01	2.885408e-01	4.221175e-01	2.934381e-01	2.386742e-01	2.682302e-01	0.000000e+00	1	2.601872e-02
9.036407e-01	2.045372e-01	-2.995240e-01	-2.154022e-01	-2.319420e-01	-2.330221e-01	-2.001052e-01	0.000000e+00	1	2.579074e-02
5.328231e-01	7.265204e-01	7.954956e-02	1.314442e-01	-5.021978e-03	2.671309e-02	6.665811e-02	0.000000e+00	1	2.553580e-02
8.909704e-01	2.359805e-01	-1.715591e-01	-2.154022e-01	-2.717275e-01	-2.330221e-01	-1.966809e-01	0.000000e+00	1	2.535296e-02
6.821228e-01	5.838015e-01	-3.633294e-03	-4.851492e-02	-5.364204e-02	2.802027e-02	-7.288353e-02	0.000000e+00	1	2.504883e-02
4.607174e-01	7.756816e-01	1.114895e-01	8.028660e-02	1.668067e-01	4.691413e-02	8.485762e-02	0.000000e+00	1	2.495431e-02
8.111434e-01	4.006027e-01	-1.015308e-01	-1.730442e-01	-1.619991e-01	-1.263279e-01	-8.272731e-02	0.000000e+00	1	2.439862e-02
8.607036e-01	3.234237e-01	-2.689824e-01	-2.154022e-01	-6.459011e-02	-1.351836e-01	-1.993353e-01	0.000000e+00	1	2.433071e-02
2.819470e-01	8.755557e-01	1.046011e-01	1.790231e-01	1.901496e-01	2.391237e-01	2.668831e-01	0.000000e+00	1	2.372007e-02
4.642842e-01	7.732480e-01	1.017480e-01	8.028660e-02	1.668067e-01	4.691413e-02	8.485762e-02	0.000000e+00	1	2.342312e-02
5.537282e-01	7.162920e-01	1.053136e-01	7.687981e-02	-6.344641e-02	2.693116e-02	1.075469e-01	0.000000e+00	1	2.328890e-02
2.217575e-01	8.981771e-01	2.900339e-01	1.955032e-01	1.901496e-01	1.935557e-01	2.676883e-01	0.000000e+00	1	2.323859e-02
7.470950e-01	5.041793e-01	-8.825323e-03	-6.856971e-02	-6.729400e-02	-8.416627e-02	-1.474751e-01	0.000000e+00	1	2.322490e-02
6.930675e-01	5.725219e-01	-3.633294e-03	-6.403838e-02	-7.265357e-02	2.802027e-02	-7.288353e-02	0.000000e+00	1	2.315628e-02
8.976304e-01	2.163306e-01	-2.214298e-01	-2.632856e-01	-2.127895e-01	-2.413423e-01	-1.989747e-01	0.000000e+00	1	2.290391e-02
9.196205e-01	1.621788e-01	-2.647470e-01	-2.815682e-01	-2.126390e-01	-2.413423e-01	-3.100646e-01	0.000000e+00	1	2.266386e-02
8.031216e-01	4.158389e-01	-1.063265e-01	-1.730442e-01	-1.619991e-01	-8.388459e-02	-8.272731e-02	0.000000e+00	1	2.266381e-02
9.550847e-01	6.828948e-02	-2.777013e-01	-4.127225e-01	-3.039738e-01	-3.779250e-01	-3.227526e-01	0.000000e+00	1	2.261220e-02
4.007395e-01	8.151559e-01	1.053136e-01	7.162931e-02	1.668067e-01	2.155422e-01	9.821489e-02	0.000000e+00	1	2.256051e-02
8.369420e-01	3.578946e-01	-2.221163e-01	-1.730442e-01	-1.619991e-01	-1.263279e-01	-8.272731e-02	0.000000e+00	1	2.170325e-02
9.253334e-01	1.493081e-01	-3.050331e-01	-2.135690e-01	-2.716973e-01	-2.436542e-01	-3.261443e-01	0.000000e+00	1	2.159249e-02
8.757415e-01	2.843854e-01	-1.379253e-01	-1.233834e-01	-2.877029e-01	-2.330221e-01	-1.966809e-01	0.000000e+00	1	2.136864e-02
9.508537e-01	8.361866e-02	-2.823209e-01	-4.303338e-01	-2.772901e-01	-3.227803e-01	-3.227526e-01	0.000000e+00	1	2.088050e-02
6.724203e-01	5.999633e-01	8.621524e-03	5.072846e-02	-7.849481e-02	-7.430896e-03	-8.512989e-02	0.000000e+00	1	2.037931e-02
7.797140e-01	4.512419e-01	-8.149574e-02	-1.546075e-01	-6.736964e-02	-1.018460e-01	-1.049134e-01	0.000000e+00	1	2.036163e-02
5.052500e-01	7.488033e-01	1.918204e-02	8.028660e-02	1.668067e-01	2.777778e-02	8.485762e-02	0.000000e+00	1	2.034316e-02
6.234606e-01	6.555452e-01	-6.418545e-02	5.631903e-02	-4.019413e-02	-1.259216e-02	1.104386e-01	0.000000e+00	1	2.027325e-02
9.738254e-01	1.060029e-02	-4.361931e-01	-4.013843e-01	-4.222538e-01	-3.764895e-01	-3.942022e-01	0.000000e+00	1	1.994333e-02
5.260625e-01	7.374976e-01	-4.412615e-03	3.244544e-02	1.713141e-01	2.612185e-02	1.048070e-01	0.000000e+00	1	1.963803e-02
7.023331e-01	5.595824e-01	-7.867960e-03	-6.937475e-02	-6.736964e-02	5.973497e-03	-8.035517e-02	0.000000e+00	1	1.962916e-02
3.233360e-01	8.556830e-01	1.411849e-01	1.189050e-01	1.560812e-01	1.760752e-01	2.715257e-01	0.000000e+00	1	1.919436e-02
5.640725e-01	6.976568e-01	7.346834e-02	1.283302e-02	-5.021978e-03	5.661420e-02	6.665811e-02	0.000000e+00	1	1.911489e-02
8.859856e-01	2.535710e-01	-1.335257e-01	-2.135690e-01	-2.716973e-01	-2.436201e-01	-1.879674e-01	0.000000e+00	1	1.910900e-02
1.789020e-01	9.133958e-01	2.803653e-01	2.493493e-01	2.521275e-01	1.912082e-01	2.843431e-01	0.000000e+00	1	1.909705e-02
6.577666e-01	6.167617e-01	3.421175e-02	3.267070e-02	-7.849481e-02	2.870705e-02	-8.035517e-02	0.000000e+00	1	1.873575e-02
6.058751e-01	6.655189e-01	3.484609e-03	3.322970e-02	-6.140138e-02	3.110948e-02	8.530528e-02	0.000000e+00	1	1.855661e-02
9.436450e-01	9.706879e-02	-2.682443e-01	-3.784661e-01	-2.727557e-01	-3.037497e-01	-3.274838e-01	0.000000e+00	1	1.846060e-02
7.382394e-01	5.205404e-01	-7.851038e-02	3.267070e-02	-7.849481e-02	-1.336437e-01	-8.035517e-02	0.000000e+00	1	1.831644e-02
6.366409e-01	6.383375e-01	-6.676239e-02	3.322970e-02	-6.140138e-02	3.125276e-02	6.629755e-02	0.000000e+00	1	1.826473e-02
3.285398e-01	8.479270e-01	1.251050e-01	1.548134e-01	1.786707e-01	1.972328e-01	1.743710e-01	0.000000e+00	1	1.816421e-02
5.754887e-01	6.879569e-01	-7.867960e-03	4.471559e-02	4.981952e-02	7.162493e-03	7.823427e-02	0.000000e+00	1	1.816382e-02
8.429867e-01	3.465837e-01	-1.379253e-01	-1.233834e-01	-1.060817e-01	-2.330221e-01	-1.966809e-01	0.000000e+00	1	1.804234e-02
4.680724e-02	9.602818e-01	4.034432e-01	3.831460e-01	3.088194e-01	3.438615e-01	3.372908e-01	0.000000e+00	1	1.769836e-02
9.641607e-01	5.339226e-02	-2.728411e-01	-3.324677e-01	-4.645211e-01	-4.118028e-01	-3.484988e-01	0.000000e+00	1	1.766382e-02
9.127565e-01	1.818027e-01	-2.214298e-01	-2.599811e-01	-2.127895e-01	-2.413423e-01	-3.157609e-01	0.000000e+00	1	1.726948e-02
1.063895e-01	9.461331e-01	2.900424e-01	3.493113e-01	4.304476e-01	2.386742e-01	2.616660e-01	0.000000e+00	1	1.710062e-02
9.382181e-01	1.064829e-01	-2.747585e-01	-2.836282e-01	-3.234397e-01	-2.860793e-01	-3.255391e-01	0.000000e+00	1	1.694844e-02
4.232017e-01	7.978795e-01	8.405595e-02	1.148418e-01	9.152353e-02	1.810829e-01	1.146971e-01	0.000000e+00	1	1.694353e-02
6.820546e-02	9.525396e-01	3.676871e-01	3.650713e-01	3.126049e-01	2.820145e-01	3.369372e-01	0.000000e+00	1	1.694294e-02
5.094076e-01	7.406397e-01	1.053136e-01	7.653567e-02	3.998744e-02	2.693116e-02	1.075469e-01	0.000000e+00	1	1.681332e-02
7.236381e-01	5.307931e-01	-4.590958e-02	-7.395755e-02	-8.502833e-02	-1.065519e-02	-8.035517e-02	0.000000e+00	1	1.669496e-02
6.661679e-01	6.069901e-01	8.594467e-03	3.265544e-02	-7.849481e-02	3.114498e-02	-8.512989e-02	0.000000e+00	1	1.639678e-02
5.889917e-01	6.741676e-01	-4.412615e-03	3.244544e-02	3.751311e-02	1.326892e-02	5.100588e-02	0.000000e+00	1	1.633722e-02
2.393592e-01	8.937180e-01	1.251050e-01	2.505059e-01	2.521275e-01	1.912082e-01	2.812351e-01	0.000000e+00	1	1.607308e-02
6.311834e-01	6.521045e-01	-6.657023e-02	-7.156695e-02	8.364472e-02	-1.259216e-02	9.972966e-02	0.000000e+00	1	1.583037e-02
1.583679e-01	9.191241e-01	2.717738e-01	2.457395e-01	2.499311e-01	2.743824e-01	2.676297e-01	0.000000e+00	1	1.533927e-02
5.559910e-01	7.050697e-01	5.482404e-02	6.526638e-02	-1.886202e-03	1.593952e-02	9.455348e-02	0.000000e+00	1	1.507023e-02
2.630738e-01	8.924866e-01	1.474698e-01	3.122487e-01	2.684205e-01	8.481048e-02	2.630870e-01	0.000000e+00	1	1.493349e-02
2.725698e-01	8.900440e-01	1.251050e-01	3.122487e-01	2.664337e-01	8.481048e-02	2.676297e-01	0.000000e+00	1	1.461298e-02
3.806440e-01	8.259660e-01	1.251050e-01	1.548134e-01	5.315731e-02	2.032460e-01	1.733110e-01	0.000000e+00	1	1.452827e-02
9.725198e-01	2.947055e-02	-2.929067e-01	-4.136100e-01	-4.488088e-01	-3.777760e-01	-4.594445e-01	0.000000e+00	1	1.440745e-02
4.147542e-01	8.038083e-01	9.121497e-02	1.302435e-01	7.943328e-02	1.905736e-01	1.195065e-01	0.000000e+00	1	1.438232e-02
7.153529e-01	5.467154e-01	-7.867960e-03	-6.765139e-02	-6.736964e-02	3.944643e-03	-1.211496e-01	0.000000e+00	1	1.432304e-02
5.838652e-01	6.826896e-01	-1.438818e-02	6.319974e-02	-1.886202e-03	1.605176e-02	8.858845e-02	0.000000e+00	1	1.423742e-02
6.507529e-01	6.275444e-01	-8.521027e-03	-8.515585e-02	-6.140138e-02	3.110948e-02	8.800272e-02	0.000000e+00	1	1.399174e-02
8.838914e-01	2.757218e-01	-2.683102e-01	-2.958803e-01	-2.153450e-01	-1.556002e-01	-8.822883e-02	0.000000e+00	1	1.389377e-02
9.131642e-01	1.807986e-01	-2.214298e-01	-2.632856e-01	-2.127895e-01	-2.413423e-01	-3.157609e-01	0.000000e+00	1	1.374381e-02
7.115975e-01	5.534220e-01	-3.633294e-03	-6.403838e-02	-7.265357e-02	1.850696e-02	-1.226158e-01	0.000000e+00	1	1.350676e-02
1.756261e-01	9.146424e-01	2.803653e-01	2.596807e-01	2.521275e-01	1.912082e-01	2.843431e-01	0.000000e+00	1	1.350449e-02
3.806440e-01	8.259660e-01	1.251050e-01	1.548134e-01	5.315731e-02	2.032460e-01	1.733110e-01	0.000000e+00	1	1.341185e-02
5.987535e-01	6.662465e-01	-4.412615e-03	3.244544e-02	3.751311e-02	-1.359582e-02	5.100588e-02	0.000000e+00	1	1.336966e-02
9.186788e-02	9.478147e-01	2.910550e-01	4.221175e-01	2.934381e-01	3.220412e-01	2.682302e-01	0.000000e+00	1	1.335302e-02
4.063989e-01	8.085740e-01	8.405595e-02	1.612835e-01	9.152353e-02	1.810829e-01	1.146971e-01	0.000000e+00	1	1.324803e-02
2.476327e-01	8.934857e-01	1.152671e-01	1.702635e-01	3.042177e-01	2.338834e-01	2.692157e-01	0.000000e+00	1	1.314827e-02
7.398768e-01	5.118943e-01	-8.093209e-03	-6.937475e-02	-6.736964e-02	-1.266394e-01	-8.035517e-02	0.000000e+00	1	1.311176e-02
8.269779e-01	3.722839e-01	-1.353401e-01	-1.232808e-01	-2.138848e-01	-1.268530e-01	-1.210290e-01	0.000000e+00	1	1.305916e-02
6.473052e-01	6.331862e-01	-8.521027e-03	-8.515585e-02	-6.140138e-02	3.072369e-02	1.024125e-01	0.000000e+00	1	1.301332e-02
9.656579e-01	4.486015e-02	-2.929067e-01	-4.013843e-01	-4.627897e-01	-3.756071e-01	-3.263150e-01	0.000000e+00	1	1.276419e-02
7.201938e-01	5.344472e-01	-5.177615e-02	-7.251820e-02	-6.736964e-02	-1.259216e-02	-8.035517e-02	0.000000e+00	1	1.258437e-02
8.854115e-01	2.673412e-01	-1.379253e-01	-1.233834e-01	-2.335855e-01	-2.330221e-01	-3.092461e-01	0.000000e+00	1	1.253032e-02
2.769383e-01	8.783391e-01	1.251050e-01	1.515385e-01	2.472251e-01	1.912082e-01	2.812351e-01	0.000000e+00	1	1.242096e-02
8.209228e-01	3.867467e-01	-1.015308e-01	-1.481116e-01	-2.174478e-01	-1.263279e-01	-9.471027e-02	0.000000e+00	1	1.230710e-02
8.031216e-01	4.158389e-01	-1.063265e-01	-1.730442e-01	-1.619991e-01	-8.388459e-02	-8.272731e-02	0.000000e+00	1	1.209152e-02
8.492679e-01	3.355245e-01	-2.401513e-01	-1.398380e-01	-2.122003e-01	-1.268530e-01	-1.102559e-01	0.000000e+00	1	1.204214e-02
9.685852e-01	3.317201e-02	-2.929067e-01	-4.013843e-01	-4.506244e-01	-3.764895e-01	-3.942022e-01	0.000000e+00	1	1.155862e-02
1.583679e-01	9.191241e-01	2.717738e-01	2.457395e-01	2.499311e-01	2.743824e-01	2.676297e-01	0.000000e+00	1	1.141804e-02
