# This file contains the data of final population
# of objectives = 2, # of constraints = 0, # of real_var = 5, # of bits of bin_var = 0, constr_violation, rank, crowding_distance
9.836736e-01	2.266131e-03	-4.612393e-01	-4.470169e-01	-4.536201e-01	-4.449729e-01	-4.922234e-01	0.000000e+00	1	1.000000e+14
1.668511e-02	9.770319e-01	4.208860e-01	3.829498e-01	5.023527e-01	3.527337e-01	4.412050e-01	0.000000e+00	1	1.000000e+14
8.395352e-01	3.524124e-01	-1.519048e-01	-1.065817e-01	-1.773929e-01	-2.311981e-01	-1.128515e-01	0.000000e+00	1	3.145962e-02
9.227576e-01	1.520540e-01	-2.713544e-01	-2.854533e-01	-2.343640e-01	-2.380947e-01	-3.100646e-01	0.000000e+00	1	3.117620e-02
6.244467e-01	6.450003e-01	7.326374e-03	5.079432e-02	3.759500e-02	-5.807552e-03	-5.844481e-02	0.000000e+00	1	3.098746e-02
3.105440e-01	8.575427e-01	1.537429e-01	1.435072e-01	1.621953e-01	1.925503e-01	2.294960e-01	0.000000e+00	1	3.006724e-02
9.164414e-01	1.715605e-01	-2.144057e-01	-2.854533e-01	-2.343640e-01	-2.380947e-01	-3.100646e-01	0.000000e+00	1	2.870080e-02
2.146579e-01	9.013610e-01	2.476177e-01	2.343079e-01	1.472944e-01	2.777673e-01	2.527788e-01	0.000000e+00	1	2.791894e-02
8.515660e-01	3.223913e-01	-1.499227e-01	-1.256177e-01	-1.875806e-01	-1.759422e-01	-2.097645e-01	0.000000e+00	1	2.780163e-02
5.157691e-01	7.350742e-01	4.967752e-02	7.671287e-02	7.799739e-02	2.454630e-02	1.082157e-01	0.000000e+00	1	2.755955e-02
7.821786e-01	4.506063e-01	-1.656051e-01	-1.331360e-01	-7.157793e-02	-5.836266e-02	-8.848716e-02	0.000000e+00	1	2.734361e-02
6.407341e-01	6.294786e-01	7.326374e-03	5.079432e-02	-3.974349e-02	2.354457e-02	-5.916667e-02	0.000000e+00	1	2.697478e-02
7.992704e-01	4.193679e-01	-1.259614e-01	-6.980017e-02	-1.122135e-01	-1.263227e-01	-1.594669e-01	0.000000e+00	1	2.681318e-02
5.443916e-01	7.131475e-01	4.967752e-02	1.688937e-02	7.799739e-02	2.454630e-02	8.952715e-02	0.000000e+00	1	2.640468e-02
9.314413e-01	1.259021e-01	-3.062538e-01	-2.854533e-01	-2.546705e-01	-2.665368e-01	-3.100646e-01	0.000000e+00	1	2.586087e-02
2.920876e-01	8.668416e-01	1.508189e-01	1.849461e-01	1.550983e-01	1.929680e-01	2.501638e-01	0.000000e+00	1	2.529826e-02
1.307035e-01	9.322038e-01	3.524216e-01	2.338735e-01	3.097354e-01	2.775468e-01	2.525743e-01	0.000000e+00	1	2.512437e-02
7.931256e-01	4.304630e-01	-1.259614e-01	-8.488645e-02	-6.948546e-02	-1.263227e-01	-1.594669e-01	0.000000e+00	1	2.486123e-02
2.599498e-01	8.810599e-01	2.387616e-01	1.849461e-01	1.550983e-01	1.929680e-01	2.501638e-01	0.000000e+00	1	2.459233e-02
3.145661e-02	9.676635e-01	3.888646e-01	3.865058e-01	3.054254e-01	3.784237e-01	4.412130e-01	0.000000e+00	1	2.441765e-02
4.950001e-01	7.516100e-01	9.805579e-02	1.265933e-01	9.588873e-02	4.909761e-02	2.701966e-02	0.000000e+00	1	2.420184e-02
6.750076e-01	5.928306e-01	-1.875373e-02	-6.644467e-02	2.089126e-03	3.121539e-02	-7.412391e-02	0.000000e+00	1	2.419825e-02
6.091850e-01	6.580867e-01	5.239828e-02	-2.825917e-02	1.016917e-02	-1.057283e-02	5.099236e-02	0.000000e+00	1	2.381370e-02
6.482652e-01	6.164222e-01	-2.168717e-02	4.762472e-03	1.016917e-02	-2.716137e-02	-1.453041e-02	0.000000e+00	1	2.376540e-02
7.191321e-02	9.515822e-01	3.689639e-01	3.650713e-01	3.126049e-01	2.743224e-01	3.299584e-01	0.000000e+00	1	2.375962e-02
5.951685e-01	6.789005e-01	-3.231139e-02	3.249824e-02	9.993511e-03	1.332351e-01	-1.388000e-02	0.000000e+00	1	2.370781e-02
1.054742e-01	9.427057e-01	3.082093e-01	2.378951e-01	2.632042e-01	3.486861e-01	3.782356e-01	0.000000e+00	1	2.322541e-02
8.919826e-01	2.432135e-01	-2.647470e-01	-2.816424e-01	-2.217440e-01	-1.266467e-01	-1.935078e-01	0.000000e+00	1	2.302859e-02
9.412945e-01	9.704422e-02	-3.097858e-01	-3.001919e-01	-3.121049e-01	-2.740016e-01	-3.317875e-01	0.000000e+00	1	2.279214e-02
6.845750e-01	5.801654e-01	-2.096450e-02	-3.979011e-02	1.016917e-02	-1.741923e-02	-9.184058e-02	0.000000e+00	1	2.263537e-02
1.941481e-01	9.091589e-01	2.235054e-01	1.851323e-01	2.242354e-01	3.049340e-01	2.824088e-01	0.000000e+00	1	2.234195e-02
8.693715e-01	2.864830e-01	-1.379209e-01	-2.129336e-01	-1.629469e-01	-2.377256e-01	-1.975994e-01	0.000000e+00	1	2.195647e-02
6.944156e-01	5.682664e-01	-2.650427e-03	4.038303e-03	-6.338513e-02	-5.882793e-02	-7.236151e-02	0.000000e+00	1	2.120849e-02
9.472657e-01	8.190869e-02	-2.876872e-01	-3.687339e-01	-3.231770e-01	-3.007099e-01	-3.168208e-01	0.000000e+00	1	2.076983e-02
7.038262e-01	5.582248e-01	-2.971409e-03	1.355306e-03	-7.404587e-02	-5.882793e-02	-8.903568e-02	0.000000e+00	1	2.059219e-02
7.686478e-01	4.875297e-01	-1.626849e-01	-6.631890e-02	-7.543421e-02	2.939291e-02	-1.695421e-01	0.000000e+00	1	2.054481e-02
3.316186e-01	8.480735e-01	1.537429e-01	1.438118e-01	1.255549e-01	1.750429e-01	2.300102e-01	0.000000e+00	1	2.052647e-02
2.328235e-01	8.936399e-01	1.574006e-01	2.456235e-01	2.707128e-01	2.453131e-01	1.855042e-01	0.000000e+00	1	2.051832e-02
9.588251e-01	5.401924e-02	-2.821839e-01	-3.620388e-01	-3.263790e-01	-3.846666e-01	-3.969106e-01	0.000000e+00	1	2.034201e-02
9.554559e-01	7.082808e-02	-2.876872e-01	-4.422356e-01	-3.536486e-01	-3.007099e-01	-3.139083e-01	0.000000e+00	1	2.028272e-02
5.677158e-01	6.991980e-01	4.967752e-02	1.688937e-02	-4.045571e-02	8.707845e-02	8.952715e-02	0.000000e+00	1	2.013192e-02
8.615155e-01	3.069816e-01	-1.494316e-01	-1.139264e-01	-1.875806e-01	-2.394810e-01	-2.097645e-01	0.000000e+00	1	2.009187e-02
4.037226e-01	8.089556e-01	1.034439e-01	1.605448e-01	9.601539e-02	1.719932e-01	1.042759e-01	0.000000e+00	1	1.993798e-02
9.366459e-01	1.156374e-01	-2.765045e-01	-2.909643e-01	-3.400313e-01	-2.385821e-01	-3.275574e-01	0.000000e+00	1	1.989723e-02
2.785624e-01	8.746237e-01	1.482360e-01	2.505880e-01	1.484299e-01	2.454831e-01	1.855013e-01	0.000000e+00	1	1.979733e-02
3.930403e-01	8.176102e-01	1.523447e-01	7.647027e-02	1.633291e-01	1.925503e-01	8.742089e-02	0.000000e+00	1	1.973073e-02
1.831041e-01	9.131098e-01	2.501977e-01	3.143443e-01	2.350066e-01	1.855040e-01	2.676297e-01	0.000000e+00	1	1.941727e-02
9.648752e-01	4.066574e-02	-2.821839e-01	-3.620388e-01	-4.230546e-01	-3.846666e-01	-3.969106e-01	0.000000e+00	1	1.936864e-02
5.607493e-01	7.126830e-01	4.967752e-02	-6.356365e-02	7.782404e-02	2.611359e-02	1.472424e-01	0.000000e+00	1	1.921552e-02
8.123449e-01	3.975638e-01	-1.395808e-01	-1.385590e-01	-7.540925e-02	-1.263256e-01	-1.721494e-01	0.000000e+00	1	1.912721e-02
9.771978e-01	2.355827e-02	-4.610669e-01	-4.470169e-01	-4.536201e-01	-4.449729e-01	-2.935836e-01	0.000000e+00	1	1.898353e-02
8.308542e-01	3.628445e-01	-1.496035e-01	-1.146611e-01	-1.882786e-01	-1.202183e-01	-1.686363e-01	0.000000e+00	1	1.893287e-02
9.072387e-01	2.196092e-01	-2.532425e-01	-1.267513e-01	-1.972690e-01	-2.534843e-01	-3.598278e-01	0.000000e+00	1	1.878468e-02
7.134956e-01	5.473546e-01	-5.492535e-02	-6.631890e-02	-7.333262e-02	2.718170e-02	-8.827401e-02	0.000000e+00	1	1.877876e-02
1.491128e-01	9.231639e-01	2.501977e-01	2.457395e-01	3.072392e-01	2.746550e-01	2.663840e-01	0.000000e+00	1	1.851653e-02
6.007884e-01	6.675772e-01	-1.898348e-02	1.718420e-02	3.458765e-02	-1.782540e-02	8.738413e-02	0.000000e+00	1	1.792384e-02
8.832897e-01	2.599135e-01	-2.532425e-01	-1.267513e-01	-2.144544e-01	-2.534843e-01	-1.846123e-01	0.000000e+00	1	1.756698e-02
4.700468e-01	7.675199e-01	9.357957e-02	1.265933e-01	9.588873e-02	3.669668e-02	1.078629e-01	0.000000e+00	1	1.747309e-02
7.288011e-01	5.218412e-01	-5.492535e-02	-4.590256e-02	-7.537447e-02	-5.253667e-02	-8.827401e-02	0.000000e+00	1	1.734601e-02
5.451733e-02	9.590486e-01	3.676871e-01	3.928735e-01	2.674449e-01	3.486861e-01	3.782356e-01	0.000000e+00	1	1.719336e-02
8.871539e-02	9.472016e-01	3.726642e-01	3.667220e-01	3.126049e-01	2.746441e-01	2.656543e-01	0.000000e+00	1	1.711330e-02
8.204777e-01	3.791834e-01	-1.282038e-01	-1.257072e-01	-1.628838e-01	-1.405801e-01	-1.362177e-01	0.000000e+00	1	1.710397e-02
4.432329e-01	7.839547e-01	1.052391e-01	1.333094e-01	1.184378e-01	6.125558e-02	1.109566e-01	0.000000e+00	1	1.694347e-02
4.317292e-01	7.912809e-01	1.055497e-01	1.333094e-01	1.415661e-01	6.853443e-02	1.109566e-01	0.000000e+00	1	1.685459e-02
4.184580e-01	8.043626e-01	5.807829e-02	1.915724e-01	1.100463e-01	1.666175e-01	8.269014e-02	0.000000e+00	1	1.639901e-02
4.738983e-02	9.603806e-01	3.685202e-01	3.928735e-01	2.892946e-01	3.486861e-01	3.782356e-01	0.000000e+00	1	1.634296e-02
8.735523e-01	2.763104e-01	-1.379209e-01	-2.129336e-01	-1.890446e-01	-2.377256e-01	-1.975994e-01	0.000000e+00	1	1.631930e-02
9.075675e-01	1.926949e-01	-2.503029e-01	-2.005111e-01	-2.343640e-01	-2.370202e-01	-2.893166e-01	0.000000e+00	1	1.630203e-02
7.424360e-01	5.076895e-01	-1.584689e-02	-1.141845e-01	-7.580344e-02	-5.253667e-02	-1.037827e-01	0.000000e+00	1	1.612925e-02
4.818587e-01	7.654519e-01	1.250798e-01	1.503197e-01	-6.502378e-03	7.386556e-02	1.003070e-01	0.000000e+00	1	1.608260e-02
3.465069e-01	8.388322e-01	1.792952e-01	1.644734e-01	1.508734e-01	1.752390e-01	1.126791e-01	0.000000e+00	1	1.583101e-02
3.648977e-01	8.309560e-01	1.502873e-01	1.435072e-01	1.621953e-01	1.966681e-01	8.727204e-02	0.000000e+00	1	1.536015e-02
9.732441e-01	3.079450e-02	-4.457478e-01	-4.569417e-01	-2.772894e-01	-4.162524e-01	-4.104849e-01	0.000000e+00	1	1.514684e-02
4.572129e-01	7.746723e-01	1.034439e-01	1.265933e-01	9.601539e-02	6.042992e-02	1.049836e-01	0.000000e+00	1	1.505743e-02
5.791113e-01	6.919449e-01	-3.209334e-02	3.249824e-02	9.100091e-04	1.332351e-01	3.991348e-02	0.000000e+00	1	1.499370e-02
7.703312e-01	4.669994e-01	-6.075204e-02	-1.293585e-01	-6.004125e-02	-1.405751e-01	-7.990064e-02	0.000000e+00	1	1.458507e-02
7.730690e-01	4.635524e-01	-6.075204e-02	-1.396661e-01	-6.004125e-02	-1.405751e-01	-7.990064e-02	0.000000e+00	1	1.453466e-02
8.964116e-01	2.282459e-01	-1.900926e-01	-1.869631e-01	-1.938847e-01	-2.416354e-01	-3.100646e-01	0.000000e+00	1	1.431417e-02
7.389178e-01	5.125536e-01	-1.584689e-02	-1.141845e-01	-6.266871e-02	-5.253667e-02	-1.037827e-01	0.000000e+00	1	1.430921e-02
9.830700e-01	3.690395e-03	-4.757445e-01	-4.470169e-01	-4.180200e-01	-4.449729e-01	-4.922234e-01	0.000000e+00	1	1.427011e-02
1.405337e-01	9.290664e-01	2.501977e-01	2.457395e-01	2.521920e-01	3.634285e-01	2.829479e-01	0.000000e+00	1	1.415578e-02
5.244562e-01	7.275748e-01	4.967752e-02	7.671287e-02	7.799739e-02	2.454630e-02	8.249140e-02	0.000000e+00	1	1.415479e-02
6.607426e-01	6.033166e-01	-2.096450e-02	-3.979011e-02	1.016917e-02	-1.741923e-02	-1.941412e-02	0.000000e+00	1	1.409839e-02
9.072973e-01	1.941242e-01	-2.647470e-01	-2.816424e-01	-2.217440e-01	-2.465865e-01	-1.941722e-01	0.000000e+00	1	1.397556e-02
4.900504e-01	7.563309e-01	1.053136e-01	1.331523e-01	3.996156e-02	2.693116e-02	1.074757e-01	0.000000e+00	1	1.389514e-02
8.237849e-01	3.734457e-01	-1.282038e-01	-1.258585e-01	-1.671826e-01	-1.516673e-01	-1.362177e-01	0.000000e+00	1	1.374634e-02
7.185227e-01	5.364297e-01	-2.204951e-02	-4.846567e-02	-7.219765e-02	-4.653288e-02	-8.965130e-02	0.000000e+00	1	1.365002e-02
8.132961e-01	3.962172e-01	-1.395808e-01	-1.385590e-01	-7.540925e-02	-1.263256e-01	-1.762382e-01	0.000000e+00	1	1.363329e-02
4.229132e-01	7.963301e-01	9.357957e-02	1.293262e-01	9.588873e-02	1.555545e-01	1.078629e-01	0.000000e+00	1	1.357234e-02
3.572259e-01	8.337200e-01	1.792952e-01	1.644734e-01	1.241716e-01	1.752390e-01	1.126791e-01	0.000000e+00	1	1.354937e-02
8.806403e-01	2.660274e-01	-2.532425e-01	-1.267513e-01	-1.972690e-01	-2.534843e-01	-1.846123e-01	0.000000e+00	1	1.344561e-02
1.642847e-01	9.169099e-01	2.501977e-01	2.457395e-01	2.521920e-01	2.746550e-01	2.676297e-01	0.000000e+00	1	1.293887e-02
2.648258e-01	8.779561e-01	2.175976e-01	1.849461e-01	1.632132e-01	1.929680e-01	2.451171e-01	0.000000e+00	1	1.292542e-02
7.223506e-01	5.296697e-01	-6.257457e-02	-4.321956e-02	-6.471372e-02	-5.253667e-02	-7.159984e-02	0.000000e+00	1	1.279770e-02
3.365777e-01	8.437688e-01	1.557900e-01	1.635817e-01	1.221208e-01	1.752390e-01	1.916489e-01	0.000000e+00	1	1.243859e-02
7.561311e-01	4.927379e-01	-2.205898e-02	-7.229542e-02	-7.219765e-02	-1.689076e-01	-7.396276e-02	0.000000e+00	1	1.207911e-02
4.517614e-01	7.784424e-01	1.033665e-01	1.333094e-01	9.710020e-02	6.125558e-02	1.114532e-01	0.000000e+00	1	1.199002e-02
5.244562e-01	7.275748e-01	4.967752e-02	7.671287e-02	7.799739e-02	2.454630e-02	8.249140e-02	0.000000e+00	1	1.189220e-02
6.607426e-01	6.033166e-01	-2.096450e-02	-3.979011e-02	1.016917e-02	-1.741923e-02	-1.941412e-02	0.000000e+00	1	1.183040e-02
3.816805e-01	8.284262e-01	1.052391e-01	2.661356e-01	1.184378e-01	1.068636e-01	1.199790e-01	0.000000e+00	1	1.162937e-02
