9.836736e-01 2.266131e-03
1.668511e-02 9.770319e-01
8.395352e-01 3.524124e-01
9.227576e-01 1.520540e-01
6.244467e-01 6.450003e-01
3.105440e-01 8.575427e-01
9.164414e-01 1.715605e-01
2.146579e-01 9.013610e-01
8.515660e-01 3.223913e-01
5.157691e-01 7.350742e-01
7.821786e-01 4.506063e-01
6.407341e-01 6.294786e-01
7.992704e-01 4.193679e-01
5.443916e-01 7.131475e-01
9.314413e-01 1.259021e-01
2.920876e-01 8.668416e-01
1.307035e-01 9.322038e-01
7.931256e-01 4.304630e-01
2.599498e-01 8.810599e-01
3.145661e-02 9.676635e-01
4.950001e-01 7.516100e-01
6.750076e-01 5.928306e-01
6.091850e-01 6.580867e-01
6.482652e-01 6.164222e-01
7.191321e-02 9.515822e-01
5.951685e-01 6.789005e-01
1.054742e-01 9.427057e-01
8.919826e-01 2.432135e-01
9.412945e-01 9.704422e-02
6.845750e-01 5.801654e-01
1.941481e-01 9.091589e-01
8.693715e-01 2.864830e-01
6.944156e-01 5.682664e-01
9.472657e-01 8.190869e-02
7.038262e-01 5.582248e-01
7.686478e-01 4.875297e-01
3.316186e-01 8.480735e-01
2.328235e-01 8.936399e-01
9.588251e-01 5.401924e-02
9.554559e-01 7.082808e-02
5.677158e-01 6.991980e-01
8.615155e-01 3.069816e-01
4.037226e-01 8.089556e-01
9.366459e-01 1.156374e-01
2.785624e-01 8.746237e-01
3.930403e-01 8.176102e-01
1.831041e-01 9.131098e-01
9.648752e-01 4.066574e-02
5.607493e-01 7.126830e-01
8.123449e-01 3.975638e-01
9.771978e-01 2.355827e-02
8.308542e-01 3.628445e-01
9.072387e-01 2.196092e-01
7.134956e-01 5.473546e-01
1.491128e-01 9.231639e-01
6.007884e-01 6.675772e-01
8.832897e-01 2.599135e-01
4.700468e-01 7.675199e-01
7.288011e-01 5.218412e-01
5.451733e-02 9.590486e-01
8.871539e-02 9.472016e-01
8.204777e-01 3.791834e-01
4.432329e-01 7.839547e-01
4.317292e-01 7.912809e-01
4.184580e-01 8.043626e-01
4.738983e-02 9.603806e-01
8.735523e-01 2.763104e-01
9.075675e-01 1.926949e-01
7.424360e-01 5.076895e-01
4.818587e-01 7.654519e-01
3.465069e-01 8.388322e-01
3.648977e-01 8.309560e-01
9.732441e-01 3.079450e-02
4.572129e-01 7.746723e-01
5.791113e-01 6.919449e-01
7.703312e-01 4.669994e-01
7.730690e-01 4.635524e-01
8.964116e-01 2.282459e-01
7.389178e-01 5.125536e-01
9.830700e-01 3.690395e-03
1.405337e-01 9.290664e-01
5.244562e-01 7.275748e-01
6.607426e-01 6.033166e-01
9.072973e-01 1.941242e-01
4.900504e-01 7.563309e-01
8.237849e-01 3.734457e-01
7.185227e-01 5.364297e-01
8.132961e-01 3.962172e-01
4.229132e-01 7.963301e-01
3.572259e-01 8.337200e-01
8.806403e-01 2.660274e-01
1.642847e-01 9.169099e-01
2.648258e-01 8.779561e-01
7.223506e-01 5.296697e-01
3.365777e-01 8.437688e-01
7.561311e-01 4.927379e-01
4.517614e-01 7.784424e-01
5.244562e-01 7.275748e-01
6.607426e-01 6.033166e-01
3.816805e-01 8.284262e-01
