# This file contains stats about hypervolume
1 99980390.850043 
2 99982201.419030 
3 99982313.826799 
4 99984356.087364 
5 99984736.838184 
6 99992268.865013 
7 99992798.082830 
8 99995149.661497 
9 99995523.465263 
10 99995523.503479 
11 99996070.092902 
12 99997698.894515 
13 99998521.956144 
14 99998521.960855 
15 99998993.642517 
16 99998993.647105 
17 99998993.657409 
18 99998993.664230 
19 99998993.670834 
20 99999043.251832 
21 99999043.255236 
22 99999116.777466 
23 99999306.155461 
24 99999466.226755 
25 99999466.229477 
26 99999466.231591 
27 99999466.232914 
28 99999466.233994 
29 99999466.235812 
30 99999475.919517 
31 99999475.920059 
32 99999475.921075 
33 99999482.680656 
34 99999482.682837 
35 99999482.683299 
36 99999482.683982 
37 99999482.684879 
38 99999482.684967 
39 99999482.685750 
40 99999482.686051 
41 99999482.686225 
42 99999482.686490 
43 99999522.515609 
44 99999522.516613 
45 99999522.517449 
46 99999522.518360 
47 99999522.518447 
48 99999522.518905 
49 99999522.519090 
50 99999522.519265 
51 99999522.519881 
52 99999522.520252 
53 99999522.520423 
54 99999522.520876 
55 99999522.521150 
56 99999522.521189 
57 99999522.521433 
58 99999522.521687 
59 99999522.521907 
60 99999522.521784 
61 99999522.521849 
62 99999522.522182 
63 99999522.522312 
64 99999522.522533 
65 99999522.522630 
66 99999522.522724 
67 99999522.522921 
68 99999522.522942 
69 99999522.523016 
70 99999530.782443 
71 99999587.171985 
72 99999587.171904 
73 99999587.171981 
74 99999587.171930 
75 99999587.171792 
76 99999587.172010 
77 99999587.172093 
78 99999587.172078 
79 99999587.172081 
80 99999587.172460 
81 99999587.172420 
82 99999587.172514 
83 99999587.172634 
84 99999587.172767 
85 99999587.172874 
86 99999587.173024 
87 99999587.173193 
88 99999587.173360 
89 99999587.173585 
90 99999587.173608 
91 99999587.173555 
92 99999587.173434 
93 99999587.173478 
94 99999587.173452 
95 99999587.173520 
96 99999587.173661 
97 99999587.173614 
98 99999587.173786 
99 99999587.173608 
100 99999587.173661 
