# This file contains the data of final feasible population (if found)
# of objectives = 2, # of constraints = 0, # of real_var = 5, # of bits of bin_var = 0, constr_violation, rank, crowding_distance
5.296563e-01	7.404036e-01	2.972659e-02	1.052732e-01	9.500794e-02	1.634580e-01	-6.122210e-02	0.000000e+00	1	1.523960e-02
5.707041e-01	7.063445e-01	1.579348e-01	-6.017548e-02	4.404843e-02	7.052400e-02	-5.112716e-05	0.000000e+00	1	1.010811e-02
7.354718e-01	5.285429e-01	-1.310548e-01	5.351945e-02	-7.503098e-02	-1.034953e-01	-6.698337e-02	0.000000e+00	1	1.669114e-02
2.637385e-01	8.981050e-01	3.883304e-01	1.059491e-01	2.531929e-01	1.302764e-01	2.277870e-01	0.000000e+00	1	6.065691e-03
4.154509e-02	9.660085e-01	2.697241e-01	3.941243e-01	3.908538e-01	3.782734e-01	4.337012e-01	0.000000e+00	1	8.872705e-03
8.718749e-01	2.951216e-01	-2.048641e-01	-2.188440e-01	-2.725276e-01	-1.789831e-01	-7.791533e-02	0.000000e+00	1	1.048787e-02
6.092271e-01	6.590067e-01	-4.322117e-02	-8.880468e-03	3.346794e-02	3.742136e-02	5.738605e-02	0.000000e+00	1	3.115524e-02
7.354858e-01	5.198439e-01	-2.674296e-02	-2.866091e-02	-1.443743e-01	-5.162060e-02	-8.189627e-02	0.000000e+00	1	5.133804e-03
8.041945e-01	4.124040e-01	-1.478994e-01	-1.707746e-01	-7.503098e-02	-1.010121e-01	-1.195967e-01	0.000000e+00	1	2.945334e-02
7.183463e-01	5.460784e-01	-1.388888e-01	-5.277445e-02	2.610092e-02	-3.367333e-02	-6.755297e-02	0.000000e+00	1	1.051884e-02
6.526292e-01	6.282283e-01	-1.189622e-01	9.541455e-02	-6.576276e-03	2.763800e-03	-1.058997e-02	0.000000e+00	1	2.125151e-02
3.639076e-01	8.426293e-01	1.247954e-01	6.551511e-02	2.721444e-01	2.147623e-01	1.035839e-01	0.000000e+00	1	1.630417e-02
8.530343e-01	3.305408e-01	-2.048641e-01	-2.092703e-01	-1.952090e-01	-1.789831e-01	-5.929500e-02	0.000000e+00	1	7.847681e-03
4.873325e-01	7.587532e-01	5.177514e-02	3.935932e-02	1.615392e-01	6.896586e-02	9.975137e-02	0.000000e+00	1	1.167721e-02
1.685848e-01	9.318036e-01	2.704139e-01	3.267108e-01	2.475226e-01	4.194628e-01	1.338443e-01	0.000000e+00	1	2.557303e-03
8.525482e-01	3.369121e-01	-2.160740e-01	-2.223913e-01	-4.686048e-02	-1.534721e-01	-2.016316e-01	0.000000e+00	1	4.574366e-03
6.253539e-01	6.507324e-01	2.977089e-02	-2.660309e-02	1.405143e-02	-7.506169e-02	9.705375e-02	0.000000e+00	1	2.766131e-02
4.449496e-01	7.901813e-01	1.125615e-01	1.228691e-01	1.525288e-01	1.551499e-01	7.108054e-04	0.000000e+00	1	2.989201e-02
9.370508e-01	1.237453e-01	-2.391562e-01	-2.912276e-01	-2.935978e-01	-3.966462e-01	-2.514482e-01	0.000000e+00	1	2.304431e-02
8.654737e-01	3.089844e-01	-1.350664e-01	-2.559547e-01	-2.550291e-01	-1.723877e-01	-9.633914e-02	0.000000e+00	1	2.378442e-02
6.382930e-01	6.346793e-01	1.803315e-02	-1.823955e-02	2.110279e-02	5.922038e-02	-8.567402e-02	0.000000e+00	1	2.578945e-02
2.647773e-01	8.874128e-01	1.028029e-01	1.670489e-01	2.806238e-01	2.958023e-01	2.026869e-01	0.000000e+00	1	1.163119e-02
9.119636e-01	1.855627e-01	-2.122753e-01	-3.247294e-01	-2.492781e-01	-2.149194e-01	-2.424689e-01	0.000000e+00	1	6.667615e-03
9.297817e-01	1.417637e-01	-3.044906e-01	-2.744723e-01	-1.841134e-01	-3.261582e-01	-3.101358e-01	0.000000e+00	1	1.731534e-02
5.439562e-01	7.337508e-01	-4.322117e-02	2.157842e-01	3.346794e-02	3.742136e-02	5.738605e-02	0.000000e+00	1	2.052530e-02
9.535931e-01	8.164902e-02	-4.133422e-01	-2.554337e-01	-4.053215e-01	-3.140262e-01	-2.806153e-01	0.000000e+00	1	3.478614e-02
7.861769e-01	4.573462e-01	-2.844339e-02	-2.142906e-01	-1.443743e-01	-5.162060e-02	-8.189627e-02	0.000000e+00	1	3.850033e-02
8.865866e-01	2.725508e-01	-9.804445e-02	-2.228519e-01	-3.404923e-01	-1.666170e-01	-2.109298e-01	0.000000e+00	1	4.281959e-03
3.542589e-01	8.528608e-01	1.916802e-01	1.242991e-01	1.829307e-02	2.853139e-01	2.072110e-01	0.000000e+00	1	1.274455e-02
3.943645e-01	8.133886e-01	8.360395e-02	1.607757e-01	1.310460e-01	1.330529e-01	1.496241e-01	0.000000e+00	1	2.274705e-02
5.693596e-01	7.089957e-01	7.714393e-02	1.281910e-01	1.038932e-01	-6.966182e-02	-2.046786e-02	0.000000e+00	1	7.003036e-03
7.018897e-01	5.725089e-01	3.317667e-02	-9.382029e-02	2.941182e-02	-3.619170e-02	-1.340853e-01	0.000000e+00	1	2.875007e-02
7.777552e-01	4.763157e-01	-9.431419e-02	-1.365214e-01	-7.998617e-02	-2.010444e-01	3.272744e-02	0.000000e+00	1	1.783623e-02
1.644081e-01	9.325568e-01	2.704139e-01	3.267108e-01	2.475226e-01	4.204618e-01	1.418552e-01	0.000000e+00	1	1.234061e-02
1.382275e-01	9.356052e-01	3.477615e-01	2.990180e-01	3.759447e-01	1.766032e-01	2.507395e-01	0.000000e+00	1	5.415594e-03
6.878565e-01	5.880733e-01	-1.388888e-01	-5.277445e-02	2.610092e-02	-3.209584e-02	4.259660e-02	0.000000e+00	1	1.288413e-02
7.762090e-01	4.818441e-01	3.980557e-02	-7.669445e-02	-7.362875e-02	-1.793721e-01	-1.794407e-01	0.000000e+00	1	1.031054e-02
1.651272e-02	9.770376e-01	4.232265e-01	4.744511e-01	4.119039e-01	4.614051e-01	3.293784e-01	0.000000e+00	1	1.000000e+14
8.801498e-01	2.738124e-01	-2.220586e-01	-2.559547e-01	-2.550291e-01	-1.777245e-01	-9.633914e-02	0.000000e+00	1	1.930253e-02
2.020407e-01	9.212665e-01	4.116166e-01	2.366430e-01	1.033553e-01	2.793840e-01	2.636779e-01	0.000000e+00	1	1.296467e-02
9.461398e-01	9.938353e-02	-3.341509e-01	-3.737072e-01	-2.288299e-01	-2.646679e-01	-3.732200e-01	0.000000e+00	1	3.034484e-02
2.798907e-01	8.833874e-01	2.032581e-01	1.787559e-01	9.097734e-02	2.063387e-01	3.383861e-01	0.000000e+00	1	2.879336e-02
4.137232e-02	9.667232e-01	2.697241e-01	3.941243e-01	3.908538e-01	3.782734e-01	4.456811e-01	0.000000e+00	1	5.371109e-03
8.013927e-01	4.255663e-01	-1.307943e-01	-9.689563e-02	-1.132238e-01	-2.104518e-01	-4.234153e-02	0.000000e+00	1	3.258161e-02
3.083034e-01	8.646492e-01	1.596522e-01	7.730338e-02	2.458636e-01	2.028647e-01	2.262281e-01	0.000000e+00	1	2.750634e-02
1.459053e-01	9.329032e-01	2.817212e-01	3.255827e-01	1.851993e-01	3.916317e-01	2.379516e-01	0.000000e+00	1	1.516523e-02
8.945583e-01	2.589932e-01	-2.266964e-01	-1.464981e-01	-3.200913e-01	-3.000149e-01	-9.669928e-02	0.000000e+00	1	2.460935e-02
1.381869e-01	9.356295e-01	3.479991e-01	2.990180e-01	3.759447e-01	1.766032e-01	2.507395e-01	0.000000e+00	1	5.339633e-03
1.828553e-02	9.769414e-01	4.076593e-01	4.866715e-01	4.119039e-01	4.614051e-01	3.293784e-01	0.000000e+00	1	1.823508e-02
5.006472e-01	7.544926e-01	1.198407e-01	3.614429e-02	1.040988e-01	1.507826e-01	-1.397233e-02	0.000000e+00	1	1.172109e-02
1.685848e-01	9.318036e-01	2.704139e-01	3.267108e-01	2.475226e-01	4.194628e-01	1.338443e-01	0.000000e+00	1	1.573894e-02
8.440183e-01	3.496106e-01	-1.307943e-01	-9.689563e-02	-1.132238e-01	-2.395262e-01	-2.177427e-01	0.000000e+00	1	5.855831e-03
2.742203e-01	8.861282e-01	1.596522e-01	7.730338e-02	2.970146e-01	2.751981e-01	2.262281e-01	0.000000e+00	1	9.925474e-03
3.834748e-01	8.260531e-01	1.442816e-01	1.923106e-01	1.249741e-01	2.025993e-01	4.318603e-02	0.000000e+00	1	2.491543e-02
9.116606e-01	1.862741e-01	-2.122753e-01	-3.247294e-01	-2.492781e-01	-2.175473e-01	-2.374322e-01	0.000000e+00	1	8.792916e-03
5.782603e-01	6.983778e-01	5.177514e-02	1.195510e-01	-5.840139e-02	-2.528625e-02	9.975137e-02	0.000000e+00	1	1.770123e-02
5.052481e-01	7.540679e-01	6.191070e-03	9.541455e-02	-6.576276e-03	1.598513e-01	1.358729e-01	0.000000e+00	1	1.298024e-02
4.079749e-01	8.066482e-01	8.360395e-02	1.586939e-01	1.310460e-01	9.024936e-02	1.619678e-01	0.000000e+00	1	1.868230e-02
8.867641e-01	2.721704e-01	-9.804445e-02	-2.240201e-01	-3.404923e-01	-1.666170e-01	-2.109298e-01	0.000000e+00	1	9.327124e-03
9.753797e-01	2.233956e-02	-4.144307e-01	-4.343320e-01	-4.575504e-01	-4.502714e-01	-3.014878e-01	0.000000e+00	1	1.535109e-02
2.637385e-01	8.981050e-01	3.883304e-01	1.059491e-01	2.531929e-01	1.302764e-01	2.277870e-01	0.000000e+00	1	4.349015e-03
9.664068e-01	5.243514e-02	-4.004484e-01	-3.290655e-01	-2.648179e-01	-4.821325e-01	-3.904122e-01	0.000000e+00	1	2.214629e-02
1.059140e-01	9.543083e-01	2.697241e-01	1.779196e-01	3.908538e-01	3.782734e-01	4.456811e-01	0.000000e+00	1	3.560050e-02
4.634018e-01	7.887420e-01	2.583880e-02	1.690330e-01	9.195062e-02	2.254270e-01	8.848984e-03	0.000000e+00	1	3.568015e-02
4.172926e-01	8.002692e-01	8.360395e-02	9.673900e-02	1.310460e-01	1.251909e-01	1.619678e-01	0.000000e+00	1	2.770372e-02
8.121860e-02	9.575614e-01	2.697241e-01	2.344391e-01	3.908538e-01	3.782734e-01	4.456811e-01	0.000000e+00	1	2.761811e-02
6.011364e-01	6.866886e-01	5.177514e-02	1.195510e-01	-1.108323e-01	-2.528625e-02	9.975137e-02	0.000000e+00	1	2.676237e-02
3.496858e-01	8.530041e-01	8.098386e-02	1.084418e-01	1.108356e-01	2.988939e-01	2.321317e-01	0.000000e+00	1	1.096670e-02
9.351701e-01	1.329516e-01	-3.723689e-01	-2.744723e-01	-1.841134e-01	-3.086238e-01	-3.101358e-01	0.000000e+00	1	7.351696e-03
5.251239e-02	9.607445e-01	4.116014e-01	3.925653e-01	3.649658e-01	3.417075e-01	2.689146e-01	0.000000e+00	1	1.184141e-02
4.137232e-02	9.667232e-01	2.697241e-01	3.941243e-01	3.908538e-01	3.782734e-01	4.456811e-01	0.000000e+00	1	1.235309e-02
5.599363e-01	7.090798e-01	5.177514e-02	1.195510e-01	-1.443059e-02	-2.528625e-02	9.975137e-02	0.000000e+00	1	1.440138e-02
9.147994e-01	1.765262e-01	-2.391562e-01	-3.247294e-01	-2.492781e-01	-2.175473e-01	-2.374322e-01	0.000000e+00	1	2.192349e-02
1.958967e-01	9.287812e-01	3.633819e-01	2.990180e-01	3.759447e-01	6.595714e-02	2.507395e-01	0.000000e+00	1	2.281229e-02
8.718749e-01	2.951216e-01	-2.048641e-01	-2.188440e-01	-2.725276e-01	-1.789831e-01	-7.791533e-02	0.000000e+00	1	1.530937e-02
2.604930e-01	9.067720e-01	3.641981e-01	1.051568e-01	2.788876e-01	3.310956e-01	7.835050e-02	0.000000e+00	1	1.059686e-02
5.469509e-01	7.143542e-01	-1.454431e-02	2.476007e-02	5.534158e-02	9.470278e-02	9.758540e-02	0.000000e+00	1	1.138241e-02
2.608492e-01	9.036175e-01	3.857128e-01	1.487731e-01	7.175003e-02	3.047940e-01	2.277870e-01	0.000000e+00	1	6.164410e-03
7.369057e-01	5.177566e-01	-2.844339e-02	-2.650015e-02	-9.212073e-02	-5.162060e-02	-1.400439e-01	0.000000e+00	1	1.407138e-02
3.129546e-01	8.633749e-01	1.596522e-01	6.829325e-02	2.458636e-01	2.028647e-01	2.262281e-01	0.000000e+00	1	1.898051e-02
5.440602e-01	7.151579e-01	8.098386e-02	6.015985e-03	1.025201e-01	5.678550e-02	1.667063e-02	0.000000e+00	1	1.157991e-02
8.519292e-01	3.382811e-01	-2.160740e-01	-2.223913e-01	-4.686048e-02	-1.499750e-01	-2.016316e-01	0.000000e+00	1	1.099105e-02
7.251517e-01	5.417586e-01	4.744959e-02	-9.694610e-02	-5.909744e-02	-1.391375e-01	-3.802510e-02	0.000000e+00	1	1.795293e-02
8.922297e-01	2.601725e-01	-1.153740e-01	-2.269243e-01	-3.570533e-01	-1.666170e-01	-2.109298e-01	0.000000e+00	1	1.085658e-02
8.389007e-01	3.867701e-01	-5.995322e-02	-9.618616e-02	-3.276949e-01	-1.667149e-01	-9.669928e-02	0.000000e+00	1	2.186301e-02
7.359530e-01	5.190936e-01	-2.844339e-02	-2.882153e-02	-1.443743e-01	-5.162060e-02	-8.189627e-02	0.000000e+00	1	1.815893e-03
8.440183e-01	3.496106e-01	-1.307943e-01	-9.689563e-02	-1.132238e-01	-2.395262e-01	-2.177427e-01	0.000000e+00	1	2.186301e-02
2.094028e-01	9.172618e-01	2.273138e-01	1.923106e-01	1.249741e-01	3.908734e-01	3.262893e-01	0.000000e+00	1	2.224856e-02
2.447253e-01	9.079269e-01	3.800951e-01	1.855071e-01	1.359443e-01	3.441997e-01	1.307044e-01	0.000000e+00	1	1.558399e-02
6.883290e-01	5.875345e-01	-1.388888e-01	-5.277445e-02	2.610092e-02	-3.367333e-02	4.259660e-02	0.000000e+00	1	4.028503e-03
9.021439e-01	2.225166e-01	-1.304783e-01	-3.247294e-01	-2.516577e-01	-2.175473e-01	-2.341862e-01	0.000000e+00	1	3.819560e-02
6.782139e-01	6.023035e-01	-1.059409e-01	1.374838e-02	-8.136044e-02	9.243842e-02	-3.728631e-02	0.000000e+00	1	1.785919e-02
3.366910e-01	8.564357e-01	3.097477e-01	1.449257e-01	1.225181e-01	8.896440e-02	1.893960e-01	0.000000e+00	1	2.442643e-02
5.955723e-01	6.970717e-01	-1.169014e-01	5.622720e-02	5.197147e-02	1.738652e-01	-3.619726e-03	0.000000e+00	1	1.791612e-02
9.669356e-01	5.220134e-02	-4.001483e-01	-4.620850e-01	-3.602335e-01	-4.120570e-01	-2.413608e-01	0.000000e+00	1	1.368885e-02
8.244475e-01	3.917351e-01	-1.307943e-01	-9.689563e-02	-2.142622e-01	-2.104518e-01	-4.227114e-02	0.000000e+00	1	3.126431e-02
9.797724e-01	9.673357e-03	-5.166595e-01	-4.231958e-01	-4.075915e-01	-3.976630e-01	-4.300182e-01	0.000000e+00	1	1.000000e+14
5.213454e-01	7.501657e-01	-6.446546e-02	2.208271e-02	1.014217e-01	1.695340e-01	1.348895e-01	0.000000e+00	1	1.535397e-02
7.577871e-01	4.971960e-01	-1.872719e-01	-9.622546e-02	-8.784969e-02	-2.132068e-02	-1.562896e-02	0.000000e+00	1	1.942693e-02
1.685848e-01	9.318036e-01	2.704139e-01	3.267108e-01	2.475226e-01	4.194628e-01	1.338443e-01	0.000000e+00	1	0.000000e+00
2.339807e-01	9.102976e-01	1.644820e-01	1.923106e-01	1.249741e-01	3.908734e-01	3.262893e-01	0.000000e+00	1	2.315976e-02
8.389007e-01	3.867701e-01	-5.995322e-02	-9.618616e-02	-3.276949e-01	-1.667149e-01	-9.669928e-02	0.000000e+00	1	1.006844e-02
9.058688e-01	1.964539e-01	-2.122753e-01	-2.848399e-01	-2.492781e-01	-2.148296e-01	-2.375026e-01	0.000000e+00	1	2.367248e-02
7.691741e-01	4.876462e-01	-9.431419e-02	-1.031159e-01	-7.998617e-02	-2.010444e-01	3.272744e-02	0.000000e+00	1	1.749719e-02
7.519041e-01	5.078884e-01	-1.375839e-01	-5.012712e-02	-1.708084e-01	4.871865e-03	-2.921782e-02	0.000000e+00	1	2.146606e-02
9.296678e-01	1.609263e-01	-3.656215e-01	-2.688980e-01	-1.325621e-01	-3.086238e-01	-3.101358e-01	0.000000e+00	1	2.574447e-02
1.311394e-01	9.388176e-01	2.649521e-01	2.368105e-01	3.908538e-01	3.782734e-01	2.123633e-01	0.000000e+00	1	2.640635e-02
6.643531e-01	6.197345e-01	-1.562979e-01	2.839937e-02	2.743672e-02	-2.227930e-02	5.297025e-02	0.000000e+00	1	2.118115e-02
7.157480e-01	5.526660e-01	-1.315210e-02	-1.495766e-01	1.428830e-02	-9.063052e-02	-1.441225e-02	0.000000e+00	1	2.220320e-02
5.224345e-01	7.416219e-01	1.258627e-01	-3.975272e-02	7.745780e-02	1.473702e-01	3.245340e-02	0.000000e+00	1	9.359706e-03
4.837247e-01	7.600902e-01	1.113908e-01	6.082572e-02	1.447376e-01	3.298451e-02	7.847915e-02	0.000000e+00	1	2.792198e-02
8.561831e-01	3.253793e-01	-2.212646e-01	-2.092703e-01	-1.952090e-01	-1.789831e-01	-5.929500e-02	0.000000e+00	1	1.759876e-02
9.351701e-01	1.329516e-01	-3.723689e-01	-2.744723e-01	-1.841134e-01	-3.086238e-01	-3.101358e-01	0.000000e+00	1	5.734668e-03
6.757394e-01	6.104572e-01	-2.753517e-02	-1.818393e-02	4.919699e-02	5.961030e-02	-1.656266e-01	0.000000e+00	1	1.620426e-02
6.939236e-01	5.863722e-01	6.630180e-02	-9.382029e-02	2.945762e-02	-3.619170e-02	-1.340853e-01	0.000000e+00	1	1.480521e-02
3.658327e-01	8.329398e-01	1.630732e-01	8.900915e-02	1.140483e-01	2.276078e-01	1.519670e-01	0.000000e+00	1	1.872449e-02
8.440183e-01	3.496106e-01	-1.307943e-01	-9.689563e-02	-1.132238e-01	-2.395262e-01	-2.177427e-01	0.000000e+00	1	4.106323e-03
9.706447e-01	3.020696e-02	-4.119753e-01	-4.637307e-01	-3.650582e-01	-4.129716e-01	-3.014878e-01	0.000000e+00	1	1.981771e-02
5.607448e-02	9.576899e-01	2.817212e-01	3.255827e-01	3.654527e-01	3.916317e-01	3.713716e-01	0.000000e+00	1	1.654580e-02
