1.424024e-03 9.810338e-01
9.812919e-01 5.767093e-04
1.495904e-01 9.227592e-01
2.233774e-01 8.952711e-01
1.446084e-01 9.243369e-01
9.468950e-01 7.916860e-02
7.819645e-01 4.459292e-01
3.613667e-01 8.304659e-01
3.584215e-01 8.313569e-01
1.406863e-01 9.256875e-01
1.382880e-01 9.272344e-01
9.528239e-01 6.307024e-02
9.455649e-01 8.403374e-02
6.478571e-01 6.162362e-01
2.353080e-01 8.892585e-01
8.082675e-01 4.006243e-01
9.361873e-02 9.421948e-01
1.597052e-03 9.800077e-01
7.754771e-01 4.557144e-01
7.772597e-01 4.518154e-01
1.582389e-01 9.199156e-01
9.541774e-01 5.906421e-02
1.995168e-01 9.048422e-01
4.555641e-03 9.771108e-01
1.803514e-01 9.110055e-01
6.757281e-02 9.524332e-01
1.282708e-01 9.301191e-01
9.363741e-01 1.106772e-01
8.024171e-01 4.110006e-01
6.716840e-01 5.904454e-01
4.991838e-01 7.455963e-01
4.936661e-01 7.495095e-01
2.193596e-01 8.957168e-01
3.660502e-01 8.281939e-01
8.359356e-01 3.497801e-01
9.636070e-01 3.410891e-02
6.341097e-01 6.313727e-01
2.384967e-01 8.889588e-01
5.624496e-01 6.963343e-01
2.951632e-02 9.652604e-01
2.557773e-01 8.810021e-01
8.716998e-01 2.794944e-01
6.497366e-01 6.143576e-01
1.773875e-01 9.120577e-01
7.508440e-01 4.914385e-01
2.120073e-01 8.992587e-01
1.960347e-01 9.049885e-01
4.233342e-01 7.955844e-01
8.969733e-01 2.172032e-01
7.497523e-01 4.935838e-01
3.789436e-02 9.615685e-01
7.583589e-01 4.809503e-01
6.711933e-01 5.932786e-01
4.834958e-01 7.563915e-01
8.373356e-01 3.475741e-01
5.162004e-01 7.325685e-01
7.969779e-01 4.209836e-01
2.138194e-01 8.977808e-01
3.226244e-01 8.494051e-01
2.692734e-02 9.663457e-01
8.097719e-01 3.979714e-01
6.328414e-02 9.526195e-01
1.100803e-01 9.366566e-01
7.834619e-01 4.414726e-01
6.032954e-02 9.537242e-01
5.778674e-01 6.831477e-01
7.413955e-01 5.055758e-01
6.924922e-01 5.672540e-01
8.767053e-02 9.442665e-01
8.013344e-01 4.133429e-01
6.462534e-01 6.182041e-01
3.041981e-01 8.589934e-01
3.204600e-01 8.506263e-01
2.849841e-01 8.680341e-01
8.667491e-01 2.872492e-01
6.827277e-01 5.782452e-01
4.808562e-01 7.576423e-01
9.040028e-01 1.982860e-01
2.468038e-01 8.845503e-01
9.674293e-01 2.346336e-02
1.264841e-02 9.731587e-01
1.066478e-01 9.378154e-01
5.606064e-01 6.979015e-01
8.396572e-01 3.437347e-01
7.424665e-01 5.033438e-01
5.530268e-01 7.040551e-01
4.354341e-01 7.883227e-01
4.457405e-01 7.810530e-01
9.667492e-01 2.631364e-02
8.197603e-01 3.807551e-01
6.321509e-01 6.330302e-01
4.959960e-01 7.477724e-01
7.462507e-01 4.986301e-01
8.449019e-01 3.327407e-01
4.966085e-01 7.470770e-01
7.300072e-01 5.198475e-01
2.678977e-01 8.754264e-01
6.910627e-01 5.697120e-01
9.034821e-01 2.011573e-01
6.690350e-01 5.934620e-01
7.531699e-01 4.876129e-01
3.371212e-01 8.426641e-01
8.760943e-01 2.655035e-01
2.256718e-01 8.936664e-01
8.284877e-01 3.642836e-01
9.357118e-03 9.733945e-01
4.196785e-01 7.985701e-01
1.692263e-01 9.149705e-01
1.442202e-01 9.256209e-01
8.566399e-01 3.087046e-01
3.559308e-01 8.327609e-01
4.631662e-01 7.697354e-01
6.821767e-01 5.804918e-01
2.007019e-01 9.029746e-01
3.141920e-01 8.536635e-01
2.289956e-01 8.917699e-01
6.989175e-01 5.606486e-01
8.974682e-01 2.155191e-01
8.045009e-01 4.080172e-01
8.295059e-01 3.619688e-01
4.609165e-01 7.712316e-01
8.733659e-01 2.713853e-01
9.027824e-01 2.024026e-01
1.904644e-01 9.077131e-01
8.847785e-01 2.458689e-01
8.121161e-01 3.945053e-01
2.993010e-01 8.608586e-01
3.920537e-01 8.136515e-01
7.735957e-01 4.570811e-01
3.087218e-01 8.561967e-01
4.928838e-02 9.574999e-01
2.320697e-01 8.910711e-01
2.023886e-01 9.024659e-01
2.622151e-01 8.781745e-01
9.161864e-01 1.684440e-01
7.288328e-01 5.219102e-01
8.640125e-01 2.940574e-01
3.079557e-02 9.643236e-01
6.747142e-01 5.877538e-01
9.018325e-01 2.047114e-01
8.345159e-01 3.547900e-01
6.035915e-01 6.603189e-01
8.034735e-01 4.090542e-01
7.054066e-01 5.515072e-01
8.053324e-01 4.056896e-01
2.325102e-01 8.901220e-01
5.160775e-02 9.566786e-01
7.466463e-02 9.488862e-01
7.590737e-01 4.787557e-01
6.182663e-01 6.467945e-01
4.398982e-01 7.846661e-01
5.225736e-01 7.287568e-01
2.823366e-01 8.689371e-01
3.299947e-02 9.636343e-01
8.717301e-01 2.758186e-01
8.314934e-01 3.581869e-01
8.787997e-01 2.596002e-01
9.216022e-01 1.523468e-01
6.390237e-01 6.257193e-01
5.322606e-01 7.207661e-01
8.831938e-01 2.504592e-01
1.349559e-01 9.274012e-01
4.551179e-01 7.754001e-01
8.888495e-01 2.374067e-01
5.254226e-01 7.257467e-01
1.550927e-01 9.208549e-01
6.562635e-01 6.073981e-01
7.259077e-01 5.250890e-01
9.388651e-01 1.041482e-01
9.719774e-01 1.409180e-02
1.674063e-01 9.162018e-01
7.568776e-01 4.822266e-01
3.679078e-01 8.264647e-01
9.573598e-01 5.118649e-02
5.142900e-01 7.339200e-01
6.099533e-01 6.546951e-01
8.229777e-01 3.741121e-01
2.495080e-01 8.838177e-01
5.434806e-01 7.119903e-01
3.903176e-01 8.146888e-01
9.348715e-01 1.159599e-01
9.640586e-01 3.163260e-02
8.998233e-01 2.101531e-01
4.437293e-01 7.823457e-01
9.109583e-01 1.815896e-01
1.824144e-01 9.104248e-01
1.309340e-01 9.295103e-01
3.489836e-01 8.368002e-01
4.089923e-02 9.611400e-01
6.122728e-01 6.521246e-01
8.423640e-01 3.382230e-01
9.626336e-01 3.629312e-02
1.149100e-01 9.349767e-01
8.733253e-01 2.747484e-01
4.011401e-01 8.078748e-01
7.372850e-02 9.501785e-01
3.527967e-01 8.346505e-01
2.961087e-01 8.624474e-01
8.947920e-01 2.213772e-01
7.109356e-01 5.445794e-01
9.513612e-01 6.968289e-02
5.809126e-01 6.808399e-01
2.978734e-01 8.615709e-01
4.128911e-01 8.018066e-01
1.546489e-01 9.212499e-01
9.479627e-01 7.727831e-02
6.420704e-01 6.225875e-01
7.127296e-02 9.503067e-01
1.965775e-02 9.697559e-01
4.220920e-01 7.971750e-01
7.693102e-01 4.643454e-01
1.600475e-01 9.189530e-01
9.074280e-01 1.888490e-01
9.189472e-01 1.595024e-01
3.016622e-01 8.601787e-01
5.550471e-01 7.023499e-01
2.609000e-02 9.674377e-01
9.220639e-01 1.501174e-01
9.185284e-01 1.604283e-01
1.002676e-01 9.403489e-01
8.824605e-01 2.523944e-01
8.218393e-01 3.759653e-01
9.439974e-01 8.907438e-02
9.516569e-01 6.814317e-02
8.412449e-01 3.401033e-01
4.582700e-01 7.738970e-01
6.506494e-01 6.132405e-01
5.638870e-01 6.952413e-01
9.083324e-01 1.867286e-01
1.321418e-01 9.291441e-01
9.433354e-01 9.116439e-02
8.988634e-01 2.125274e-01
7.545610e-01 4.858784e-01
9.900744e-02 9.411226e-01
7.233237e-01 5.294872e-01
6.602226e-01 6.032462e-01
9.409124e-01 9.753419e-02
4.560325e-01 7.746236e-01
3.801725e-01 8.203771e-01
3.818005e-01 8.192844e-01
9.380332e-01 1.065747e-01
8.746394e-01 2.689791e-01
3.468802e-01 8.377221e-01
4.415115e-01 7.837893e-01
6.050147e-01 6.587304e-01
3.842654e-01 8.174969e-01
1.083100e-01 9.372475e-01
3.769961e-01 8.215494e-01
5.419719e-01 7.130128e-01
7.731286e-02 9.487636e-01
1.517563e-01 9.222923e-01
1.921213e-01 9.064447e-01
2.952336e-01 8.637360e-01
9.058964e-01 1.928839e-01
5.758003e-01 6.846810e-01
8.580389e-01 3.059874e-01
1.339037e-01 9.277906e-01
9.138377e-02 9.432112e-01
6.086043e-01 6.560490e-01
9.176373e-01 1.629058e-01
4.168083e-01 7.991150e-01
6.008180e-01 6.626349e-01
7.089698e-01 5.468956e-01
6.155528e-01 6.498980e-01
4.386694e-02 9.599877e-01
1.613877e-01 9.183123e-01
8.776597e-01 2.639318e-01
1.040919e-01 9.384766e-01
9.754156e-01 6.079984e-03
7.915772e-01 4.295246e-01
2.433313e-02 9.684714e-01
9.709085e-01 1.522274e-02
3.876448e-01 8.160661e-01
5.034263e-01 7.419808e-01
4.493460e-02 9.592396e-01
8.688690e-01 2.819465e-01
7.958454e-01 4.233262e-01
7.124267e-01 5.430156e-01
5.884656e-01 6.742069e-01
4.250938e-01 7.944591e-01
2.661608e-01 8.764579e-01
4.866753e-01 7.536603e-01
4.666117e-01 7.676090e-01
8.631143e-01 2.958938e-01
4.109218e-01 8.025414e-01
9.312215e-01 1.261244e-01
8.923270e-01 2.271876e-01
3.119626e-01 8.546984e-01
6.998161e-01 5.593454e-01
3.636204e-01 8.287814e-01
7.475450e-01 4.967272e-01
7.382046e-01 5.098920e-01
9.417976e-01 9.542277e-02
3.292015e-01 8.468872e-01
2.584581e-01 8.798939e-01
1.024391e-01 9.398443e-01
8.276821e-01 3.654567e-01
9.406564e-01 9.893829e-02
3.064148e-01 8.577274e-01
7.042443e-01 5.527961e-01
8.981006e-01 2.131019e-01
6.961777e-01 5.636580e-01
8.111619e-01 3.964897e-01
7.878976e-01 4.354643e-01
1.231136e-01 9.320855e-01
9.117806e-01 1.790891e-01
6.949659e-01 5.645425e-01
7.727852e-01 4.594614e-01
9.267212e-01 1.378238e-01
8.698688e-01 2.797574e-01
6.767282e-01 5.873572e-01
8.644866e-01 2.921458e-01
6.349092e-01 6.297366e-01
7.894625e-01 4.329989e-01
8.548018e-01 3.128894e-01
8.080573e-01 4.033902e-01
8.534311e-01 3.152405e-01
3.155546e-01 8.530559e-01
9.498924e-01 7.167719e-02
7.104113e-01 5.457909e-01
3.394841e-01 8.415644e-01
7.368906e-01 5.106093e-01
1.127943e-01 9.361694e-01
5.018731e-01 7.433488e-01
6.211593e-01 6.441289e-01
3.827602e-01 8.183201e-01
7.975990e-01 4.194618e-01
2.177586e-02 9.690154e-01
5.867727e-01 6.761461e-01
8.328693e-01 3.554442e-01
9.516969e-01 6.531935e-02
7.402172e-01 5.066420e-01
9.766954e-01 4.019000e-03
9.663604e-01 2.781259e-02
5.307914e-01 7.218354e-01
8.525967e-01 3.167970e-01
9.283340e-01 1.338504e-01
7.272585e-01 5.236674e-01
8.513293e-01 3.195602e-01
5.388475e-01 7.172867e-01
4.530935e-01 7.766238e-01
8.809331e-01 2.555933e-01
8.676550e-01 2.842700e-01
9.656089e-01 2.939898e-02
2.544428e-01 8.817522e-01
2.861577e-01 8.672445e-01
9.706594e-01 1.727497e-02
9.226518e-01 1.486820e-01
9.205877e-01 1.549742e-01
7.817138e-02 9.478215e-01
9.130477e-01 1.746226e-01
8.859830e-01 2.442926e-01
7.251025e-01 5.264346e-01
6.287082e-01 6.362547e-01
6.166163e-01 6.488041e-01
9.355557e-01 1.146759e-01
3.512928e-01 8.357048e-01
9.586526e-01 4.572157e-02
5.822016e-01 6.801259e-01
8.439453e-01 3.341725e-01
1.636892e-01 9.180696e-01
9.246915e-01 1.435923e-01
4.152222e-02 9.603535e-01
7.224155e-01 5.304111e-01
8.802538e-01 2.570621e-01
8.380331e-01 3.459160e-01
8.322396e-01 3.567479e-01
2.049743e-01 9.021037e-01
8.573153e-01 3.070738e-01
6.855717e-01 5.750487e-01
4.282626e-01 7.926425e-01
7.996267e-01 4.156667e-01
7.433657e-01 5.021122e-01
7.129974e-01 5.421643e-01
5.343234e-01 7.194649e-01
8.499388e-01 3.227388e-01
6.220191e-01 6.429889e-01
6.610570e-01 6.025365e-01
3.440423e-01 8.395646e-01
8.782565e-01 2.619879e-01
8.460780e-01 3.309371e-01
1.884906e-01 9.080012e-01
7.085551e-01 5.484716e-01
7.069013e-01 5.503903e-01
7.790904e-01 4.508055e-01
5.399722e-01 7.150560e-01
8.661793e-01 2.883002e-01
9.007698e-01 2.075027e-01
3.250251e-01 8.483633e-01
4.729322e-02 9.589306e-01
1.256641e-01 9.307262e-01
9.726647e-01 1.205680e-02
6.244450e-02 9.528942e-01
4.655697e-01 7.687687e-01
3.885297e-01 8.149969e-01
5.105838e-01 7.372843e-01
9.739039e-01 9.270458e-03
5.410820e-01 7.141730e-01
4.000751e-01 8.085160e-01
9.601365e-01 4.175767e-02
9.594452e-01 4.351230e-02
8.005363e-01 4.146608e-01
9.137371e-01 1.731487e-01
8.522989e-01 3.183306e-01
7.888462e-01 4.338267e-01
9.575730e-01 4.852359e-02
5.585942e-01 6.996402e-01
9.730110e-01 1.106193e-02
7.929732e-01 4.273437e-01
4.313911e-01 7.905299e-01
6.676107e-01 5.950302e-01
2.156967e-01 8.973441e-01
9.373909e-01 1.073130e-01
6.788429e-01 5.828039e-01
5.572034e-01 7.005534e-01
1.659761e-01 9.166348e-01
6.358379e-01 6.287739e-01
5.906767e-01 6.738078e-01
8.793814e-01 2.581604e-01
9.401253e-01 1.011439e-01
3.618389e-02 9.620932e-01
7.337872e-01 5.147640e-01
2.648918e-01 8.779233e-01
2.774019e-01 8.711762e-01
9.151627e-01 1.690190e-01
1.749261e-01 9.134895e-01
9.681056e-01 2.221313e-02
1.837585e-01 9.095662e-01
5.680905e-01 6.923643e-01
5.188376e-01 7.305940e-01
7.516233e-01 4.896904e-01
5.836531e-01 6.786137e-01
4.142243e-01 8.010670e-01
8.346366e-01 3.521131e-01
6.543398e-01 6.094015e-01
7.019339e-03 9.766583e-01
2.792120e-01 8.704112e-01
4.679356e-01 7.666888e-01
1.251114e-01 9.310275e-01
1.871231e-01 9.084606e-01
8.921015e-01 2.292867e-01
5.958565e-01 6.677273e-01
1.765075e-01 9.129373e-01
5.943750e-01 6.684961e-01
9.326994e-01 1.208979e-01
8.427426e-01 3.367735e-01
8.312952e-01 3.607575e-01
7.198202e-01 5.329948e-01
4.074917e-01 8.046752e-01
9.578762e-01 4.767317e-02
4.706284e-01 7.648245e-01
1.823554e-02 9.702408e-01
7.190724e-01 5.344338e-01
8.617380e-01 2.989109e-01
2.074884e-01 9.012652e-01
8.469955e-01 3.292646e-01
8.941191e-01 2.240136e-01
9.009874e-01 2.057132e-01
4.590722e-01 7.729693e-01
9.098799e-01 1.845462e-01
5.277316e-01 7.253489e-01
6.849317e-01 5.777578e-01
9.289317e-01 1.322345e-01
9.070708e-01 1.919697e-01
3.070579e-01 8.574645e-01
6.263505e-01 6.398931e-01
7.231987e-03 9.750403e-01
5.740935e-01 6.861790e-01
4.922407e-01 7.502548e-01
6.644911e-01 5.986138e-01
2.875280e-01 8.663980e-01
4.747239e-01 7.618283e-01
6.271572e-01 6.379235e-01
4.204806e-01 7.974963e-01
2.279857e-01 8.922207e-01
8.436618e-01 3.356324e-01
2.704324e-01 8.743264e-01
2.725032e-01 8.736451e-01
9.805128e-01 1.579655e-03
5.715889e-01 6.890263e-01
6.074760e-01 6.567710e-01
3.737846e-01 8.240042e-01
9.646890e-01 3.032264e-02
1.172111e-01 9.347098e-01
9.487586e-01 7.432504e-02
6.531079e-01 6.106953e-01
3.754032e-01 8.226057e-01
7.141969e-01 5.406790e-01
8.838436e-01 2.488300e-01
8.615712e-03 9.744311e-01
5.729792e-01 6.885448e-01
8.159654e-01 3.877867e-01
9.299593e-01 1.300048e-01
2.261781e-01 8.927598e-01
5.358765e-01 7.178759e-01
5.595327e-01 6.988572e-01
9.487586e-01 7.432504e-02
6.521121e-01 6.120398e-01
5.650593e-01 6.942517e-01
6.297670e-01 6.353518e-01
7.714213e-01 4.603615e-01
9.095513e-01 1.862800e-01
1.946026e-01 9.056559e-01
6.930301e-02 9.505191e-01
1.646422e-01 9.174384e-01
3.023846e-01 8.592193e-01
8.541007e-01 3.139999e-01
5.997386e-01 6.646498e-01
4.501348e-01 7.791222e-01
5.117056e-01 7.364625e-01
7.990442e-01 4.172776e-01
6.622275e-01 6.011551e-01
8.066682e-01 4.051236e-01
7.324953e-01 5.163636e-01
9.053391e-01 1.948019e-01
5.071583e-01 7.394207e-01
5.506692e-01 7.058701e-01
9.146102e-01 1.708287e-01
1.712576e-01 9.147725e-01
8.743732e-01 2.705897e-01
9.333940e-01 1.198791e-01
3.960792e-01 8.120257e-01
8.269778e-01 3.671716e-01
5.051264e-01 7.407120e-01
3.324216e-01 8.457490e-01
7.934859e-01 4.256275e-01
4.427145e-01 7.828820e-01
4.032207e-01 8.068461e-01
3.701473e-01 8.253754e-01
6.169723e-01 6.471729e-01
7.940093e-01 4.247174e-01
6.637691e-01 5.994600e-01
3.541050e-01 8.337113e-01
6.880255e-02 9.515643e-01
9.559446e-01 5.431244e-02
7.449324e-01 4.994832e-01
5.451725e-01 7.113365e-01
9.207358e-01 1.537413e-01
2.103977e-01 9.001080e-01
6.881108e-01 5.728752e-01
2.700544e-01 8.749975e-01
5.233495e-01 7.272745e-01
6.024037e-01 6.611985e-01
5.875180e-01 6.751174e-01
8.352671e-01 3.516052e-01
7.983705e-01 4.181233e-01
2.169619e-01 8.969176e-01
6.437520e-01 6.208950e-01
8.251476e-01 3.715383e-01
7.524001e-01 4.890505e-01
6.406738e-01 6.238156e-01
7.180714e-01 5.351181e-01
9.255574e-01 1.409158e-01
4.332921e-01 7.895107e-01
5.246083e-01 7.271571e-01
2.179329e-01 8.959520e-01
3.333708e-01 8.447745e-01
5.001347e-01 7.443398e-01
9.045223e-01 1.967346e-01
6.654894e-01 5.973628e-01
9.002694e-01 2.090690e-01
7.706684e-01 4.622341e-01
8.653822e-01 2.899645e-01
4.766836e-01 7.615496e-01
8.408111e-01 3.413661e-01
4.600095e-01 7.717896e-01
6.574737e-01 6.062439e-01
3.104013e-01 8.556416e-01
9.277737e-01 1.362169e-01
7.919555e-01 4.281194e-01
5.211378e-01 7.300291e-01
7.071935e-01 5.492089e-01
5.359733e-01 7.173568e-01
5.692537e-01 6.915233e-01
6.401653e-01 6.243002e-01
9.170709e-01 1.657940e-01
9.321806e-01 1.225545e-01
8.600338e-01 3.022931e-01
9.251385e-01 1.423121e-01
8.955947e-01 2.193583e-01
6.587443e-01 6.048815e-01
9.741790e-01 8.184416e-03
5.175650e-01 7.315553e-01
7.013933e-01 5.563778e-01
8.557637e-01 3.107938e-01
6.937972e-01 5.656240e-01
8.398239e-01 3.422694e-01
4.846816e-01 7.558163e-01
9.546950e-01 5.821858e-02
2.461551e-01 8.859241e-01
9.447099e-01 8.637762e-02
1.736029e-01 9.139897e-01
5.126170e-01 7.356034e-01
6.807478e-01 5.815281e-01
6.232688e-01 6.421419e-01
7.211164e-01 5.313996e-01
4.914605e-01 7.511256e-01
6.769114e-01 5.856220e-01
8.196307e-01 3.830646e-01
5.738502e-01 6.875174e-01
9.071548e-01 1.903037e-01
7.703418e-01 4.628787e-01
7.855607e-01 4.382727e-01
9.054784e-02 9.436791e-01
9.499794e-01 7.125653e-02
6.972859e-01 5.620474e-01
5.085921e-01 7.382135e-01
8.141037e-01 3.918323e-01
5.842087e-02 9.544301e-01
6.895845e-01 5.714640e-01
3.242031e-01 8.487660e-01
9.173104e-01 1.637639e-01
9.342919e-01 1.182823e-01
6.663804e-01 5.969066e-01
4.788136e-02 9.581176e-01
9.551279e-01 5.650193e-02
5.496077e-01 7.071537e-01
9.443484e-01 8.747328e-02
3.500621e-01 8.360576e-01
7.033861e-01 5.538748e-01
4.267923e-01 7.933325e-01
4.149364e-01 7.999141e-01
8.915739e-01 2.303349e-01
5.795260e-01 6.822378e-01
8.588971e-01 3.040960e-01
8.900054e-01 2.337917e-01
7.154377e-01 5.389832e-01
7.652286e-01 4.700311e-01
8.235782e-01 3.728177e-01
5.474062e-01 7.093271e-01
8.594604e-02 9.446178e-01
1.196369e-01 9.338833e-01
8.272654e-02 9.460053e-01
8.152550e-01 3.888446e-01
9.520340e-01 6.428779e-02
6.431074e-01 6.214798e-01
8.490518e-01 3.250990e-01
4.640499e-01 7.691008e-01
9.614408e-01 3.990071e-02
2.395631e-01 8.875399e-01
7.863211e-01 4.379853e-01
5.334830e-01 7.195799e-01
2.748997e-01 8.728196e-01
3.721630e-01 8.242782e-01
9.782798e-01 2.333913e-03
5.133251e-01 7.345897e-01
5.395565e-01 7.167313e-01
5.907162e-01 6.724631e-01
2.053581e-01 9.013202e-01
3.989164e-01 8.096907e-01
6.853567e-01 5.770308e-01
5.963752e-01 6.665990e-01
8.907523e-01 2.313343e-01
9.752622e-01 7.095901e-03
5.666308e-01 6.928463e-01
7.278860e-01 5.228465e-01
3.689679e-01 8.262095e-01
8.178825e-02 9.463534e-01
5.066836e-01 7.399989e-01
2.448085e-01 8.870603e-01
5.481219e-01 7.079720e-01
8.941661e-01 2.227267e-01
1.138462e-01 9.361620e-01
9.665109e-02 9.413937e-01
4.035681e-01 8.066418e-01
5.936525e-01 6.702472e-01
6.198328e-01 6.450604e-01
8.427101e-02 9.454550e-01
7.798736e-01 4.490832e-01
4.296924e-01 7.915079e-01
5.619770e-02 9.551464e-01
9.198211e-01 1.569871e-01
7.387455e-01 5.080454e-01
5.706023e-01 6.899556e-01
3.932666e-01 8.124602e-01
7.164993e-01 5.384992e-01
1.933183e-01 9.060002e-01
9.771150e-01 3.553861e-03
7.834619e-01 4.414726e-01
4.374149e-01 7.882050e-01
7.637292e-01 4.728271e-01
8.212542e-01 3.770940e-01
2.929082e-01 8.638111e-01
9.295008e-01 1.311759e-01
9.692575e-01 1.864070e-02
2.810167e-01 8.690302e-01
1.176234e-01 9.339074e-01
7.748171e-01 4.563202e-01
8.493222e-01 3.245332e-01
9.422087e-01 9.441257e-02
6.377886e-01 6.268719e-01
7.348808e-01 5.131585e-01
6.626570e-01 6.004319e-01
4.471111e-01 7.803099e-01
6.450761e-01 6.198221e-01
6.901529e-01 5.702570e-01
8.876410e-01 2.394279e-01
8.676550e-01 2.842700e-01
7.950379e-01 4.235209e-01
2.912025e-01 8.646281e-01
2.729674e-01 8.730646e-01
7.174632e-01 5.364408e-01
6.277821e-01 6.375144e-01
7.607265e-01 4.772512e-01
5.296911e-01 7.224203e-01
5.754655e-01 6.853093e-01
8.906687e-01 2.327753e-01
9.453076e-01 8.493061e-02
9.143237e-01 1.718678e-01
8.690390e-01 2.811744e-01
6.778377e-01 5.836502e-01
2.801497e-01 8.700043e-01
5.918286e-01 6.708928e-01
6.806645e-01 5.824719e-01
7.647917e-01 4.708477e-01
4.053451e-01 8.056691e-01
7.559928e-01 4.834935e-01
8.477253e-01 3.276169e-01
9.608600e-01 4.088989e-02
9.665109e-02 9.413937e-01
7.602756e-01 4.778873e-01
9.316966e-01 1.249523e-01
2.606736e-01 8.788385e-01
4.055678e-01 8.054684e-01
9.618449e-01 3.850450e-02
6.141474e-01 6.511508e-01
1.723645e-01 9.144270e-01
8.265160e-01 3.679640e-01
8.075855e-01 4.042440e-01
3.710896e-01 8.246701e-01
5.853473e-01 6.771965e-01
2.425045e-01 8.870715e-01
4.387094e-01 7.859578e-01
6.674064e-01 5.958512e-01
2.303370e-02 9.688828e-01
4.489565e-01 7.794261e-01
3.451150e-01 8.386487e-01
8.650337e-01 2.907496e-01
8.255422e-01 3.696661e-01
8.896835e-01 2.351847e-01
8.555439e-01 3.111387e-01
8.483130e-01 3.268978e-01
8.892000e-01 2.360519e-01
7.312120e-01 5.189322e-01
2.528458e-01 8.822507e-01
5.296063e-02 9.561596e-01
7.312162e-01 5.180061e-01
7.957948e-02 9.468714e-01
9.122473e-01 1.785265e-01
7.646190e-01 4.725989e-01
7.021958e-01 5.552948e-01
4.081547e-01 8.041722e-01
6.733505e-01 5.890884e-01
6.017737e-01 6.621354e-01
7.169735e-01 5.372428e-01
1.033513e-01 9.390297e-01
3.639466e-01 8.286229e-01
3.750229e-01 8.233517e-01
1.552110e-02 9.717771e-01
1.203557e-01 9.332565e-01
9.392965e-01 1.029147e-01
9.304721e-01 1.281615e-01
9.556297e-01 5.573684e-02
9.589389e-01 4.459424e-02
8.302253e-01 3.608038e-01
9.622644e-01 3.758550e-02
6.369839e-01 6.278145e-01
5.973368e-01 6.658590e-01
5.402422e-02 9.560502e-01
9.786711e-01 1.749278e-03
3.344836e-01 8.442122e-01
5.980331e-01 6.652661e-01
3.428634e-02 9.628593e-01
5.663165e-01 6.939241e-01
4.769007e-01 7.604164e-01
8.211370e-01 3.791627e-01
5.045296e-01 7.415106e-01
7.906417e-01 4.313110e-01
5.834288e-01 6.792210e-01
2.764185e-01 8.715846e-01
9.475356e-01 7.787216e-02
5.562551e-01 7.013057e-01
5.463554e-01 7.095903e-01
5.794555e-02 9.547906e-01
8.592084e-01 3.037621e-01
7.143991e-01 5.397922e-01
6.932303e-01 5.663351e-01
3.415978e-01 8.408165e-01
7.362595e-01 5.122247e-01
7.676412e-01 4.671034e-01
5.454769e-01 7.103449e-01
6.310901e-01 6.337570e-01
9.280649e-01 1.355896e-01
7.321557e-01 5.168310e-01
5.091145e-01 7.379177e-01
6.305940e-01 6.344021e-01
5.134051e-03 9.768644e-01
5.697024e-01 6.904183e-01
4.374390e-01 7.870590e-01
6.111716e-01 6.537285e-01
7.484693e-01 4.964291e-01
7.009540e-01 5.582612e-01
2.904213e-01 8.654050e-01
6.772150e-01 5.843621e-01
7.210743e-01 5.325520e-01
9.198211e-01 1.569871e-01
2.081333e-01 9.002305e-01
4.880149e-01 7.529475e-01
6.886684e-01 5.722172e-01
4.695407e-01 7.658478e-01
8.508319e-01 3.210828e-01
9.318778e-01 1.236261e-01
6.246119e-01 6.406124e-01
7.845694e-01 4.397009e-01
3.171734e-01 8.522623e-01
3.360370e-01 8.434462e-01
1.690256e-02 9.708801e-01
6.236527e-01 6.411377e-01
8.105573e-01 3.973107e-01
4.782394e-01 7.601311e-01
8.189331e-01 3.834091e-01
3.399068e-01 8.411719e-01
8.933564e-01 2.257719e-01
9.234643e-01 1.473549e-01
3.975746e-01 8.111762e-01
4.734273e-01 7.632071e-01
5.291421e-01 7.233982e-01
8.147697e-01 3.899722e-01
8.245223e-01 3.722716e-01
3.268543e-01 8.473481e-01
7.778104e-01 4.511046e-01
7.243140e-01 5.276506e-01
8.866575e-01 2.411984e-01
8.173828e-01 3.846735e-01
6.066861e-01 6.579180e-01
5.527353e-01 7.054687e-01
3.984235e-01 8.102131e-01
4.257283e-01 7.935112e-01
8.955947e-01 2.193583e-01
8.177182e-01 3.840216e-01
4.799214e-01 7.582954e-01
3.268543e-01 8.473481e-01
3.423532e-01 8.399808e-01
6.874006e-01 5.745848e-01
6.456507e-01 6.195633e-01
7.554997e-01 4.852734e-01
7.802934e-01 4.487088e-01
3.552766e-01 8.334788e-01
9.695679e-01 1.805185e-02
4.511567e-01 7.779103e-01
2.753310e-01 8.720658e-01
3.310250e-01 8.460912e-01
8.870984e-01 2.401720e-01
8.755486e-01 2.671368e-01
7.615625e-01 4.759569e-01
9.050214e-01 1.957062e-01
4.887149e-01 7.528149e-01
2.656112e-01 8.775984e-01
9.240064e-01 1.453082e-01
5.009273e-01 7.437415e-01
4.481233e-01 7.802004e-01
8.000418e-02 9.466102e-01
7.441973e-01 5.009677e-01
1.856414e-01 9.090533e-01
7.625738e-01 4.738140e-01
6.970604e-01 5.622513e-01
9.358895e-01 1.128347e-01
9.125549e-01 1.768211e-01
6.112467e-01 6.530811e-01
7.666460e-01 4.693161e-01
7.348176e-01 5.147083e-01
6.733505e-01 5.890884e-01
9.686850e-01 2.042527e-02
4.530303e-01 7.775138e-01
3.458574e-01 8.382914e-01
9.127605e-01 1.763253e-01
8.623628e-01 2.972455e-01
8.816253e-01 2.542326e-01
8.166778e-01 3.864970e-01
5.914619e-01 6.712387e-01
8.259479e-01 3.692687e-01
4.737473e-01 7.624254e-01
8.818478e-01 2.538223e-01
4.160886e-01 7.995296e-01
4.093664e-01 8.035266e-01
8.728460e-01 2.756842e-01
4.716652e-01 7.640916e-01
3.496130e-02 9.626170e-01
6.142968e-01 6.510179e-01
2.598647e-01 8.789693e-01
4.321785e-01 7.899738e-01
4.723120e-01 7.638430e-01
9.360068e-01 1.124089e-01
7.671553e-01 4.673837e-01
9.565443e-01 5.239609e-02
1.514603e-01 9.226283e-01
6.585687e-01 6.051251e-01
1.214704e-01 9.327061e-01
7.906417e-01 4.313110e-01
1.397962e-02 9.725623e-01
3.301657e-01 8.462464e-01
2.403742e-01 8.874685e-01
7.026993e-01 5.546554e-01
4.896460e-01 7.518405e-01
2.523173e-01 8.826732e-01
8.608756e-01 2.996294e-01
9.397144e-01 1.019866e-01
8.464263e-01 3.301736e-01
7.618370e-01 4.756119e-01
9.260471e-01 1.396080e-01
5.791862e-01 6.825092e-01
4.293354e-01 7.917653e-01
9.426879e-01 9.243968e-02
8.506979e-01 3.218118e-01
2.890732e-01 8.663439e-01
3.857415e-01 8.167040e-01
4.100373e-01 8.033861e-01
8.780951e-01 2.629888e-01
7.625035e-01 4.743237e-01
4.901917e-01 7.516874e-01
8.170252e-01 3.861617e-01
2.419333e-01 8.872944e-01
8.146104e-01 3.910495e-01
6.543398e-01 6.094015e-01
2.923015e-01 8.640605e-01
7.682983e-01 4.655961e-01
9.565236e-01 5.298653e-02
8.519422e-02 9.451738e-01
2.510358e-01 8.830445e-01
3.112128e-01 8.551077e-01
9.100084e-01 1.828893e-01
9.342720e-01 1.187925e-01
8.130078e-01 3.931524e-01
8.601559e-01 3.011665e-01
6.062043e-01 6.583320e-01
2.455043e-01 8.867609e-01
5.853473e-01 6.771965e-01
5.937229e-01 6.694864e-01
3.189792e-01 8.512745e-01
5.519317e-01 7.057905e-01
7.804995e-01 4.465033e-01
6.258732e-01 6.404777e-01
9.264481e-01 1.392333e-01
3.189792e-01 8.512745e-01
9.426769e-01 9.305793e-02
4.689455e-01 7.660264e-01
7.485363e-01 4.948139e-01
8.932539e-01 2.260087e-01
7.668556e-01 4.689557e-01
3.782872e-01 8.209080e-01
7.845694e-01 4.397009e-01
3.785905e-01 8.207229e-01
8.130364e-01 3.929313e-01
3.171191e-01 8.522904e-01
7.804812e-01 4.469116e-01
8.847054e-01 2.481987e-01
8.863417e-01 2.432817e-01
8.866365e-01 2.425443e-01
1.850182e-01 9.090780e-01
4.856134e-01 7.549944e-01
2.093275e-01 9.002190e-01
3.937736e-01 8.120929e-01
4.381395e-01 7.860169e-01
9.684347e-01 2.051440e-02
6.568005e-01 6.069380e-01
9.304391e-01 1.283500e-01
8.378208e-01 3.460167e-01
3.966252e-01 8.112707e-01
6.525226e-01 6.113654e-01
2.586665e-01 8.794828e-01
1.417214e-02 9.720620e-01
7.011360e-01 5.577657e-01
5.991216e-01 6.646594e-01
3.354916e-01 8.439083e-01
7.871526e-01 4.364971e-01
7.359182e-01 5.125700e-01
5.491832e-01 7.077940e-01
2.504931e-01 8.833563e-01
4.790755e-01 7.597213e-01
6.872126e-01 5.747739e-01
2.895122e-01 8.658357e-01
1.670500e-02 9.715828e-01
7.555929e-01 4.841149e-01
4.792902e-01 7.588868e-01
4.514795e-01 7.777057e-01
3.857415e-01 8.167040e-01
9.170773e-01 1.657847e-01
7.718503e-01 4.596805e-01
1.221966e-01 9.324686e-01
6.198328e-01 6.450604e-01
9.240064e-01 1.453082e-01
8.608369e-01 3.006096e-01
5.555783e-01 7.018838e-01
9.104550e-01 1.826169e-01
5.182409e-01 7.310767e-01
5.283548e-01 7.239334e-01
7.446178e-01 5.006393e-01
8.211579e-01 3.785423e-01
8.755486e-01 2.671368e-01
8.624965e-01 2.969829e-01
