# This file contains stats about hypervolume
1 99984727.787007 
2 99984866.490588 
3 99989940.893838 
4 99991609.735450 
5 99993418.463353 
6 99995520.159327 
7 99995647.685903 
8 99996678.340229 
9 99998311.128864 
10 99998567.298940 
11 99998567.308129 
12 99998971.973540 
13 99998971.981487 
14 99999016.465227 
15 99999284.914816 
16 99999414.900987 
17 99999457.748617 
18 99999457.751078 
19 99999645.754970 
20 99999645.757075 
21 99999663.484785 
22 99999737.483508 
23 99999737.485868 
24 99999737.487077 
25 99999737.487581 
26 99999737.488767 
27 99999737.489611 
28 99999737.490701 
29 99999737.491275 
30 99999737.491779 
31 99999737.492531 
32 99999737.493381 
33 99999737.493913 
34 99999737.494366 
35 99999737.494972 
36 99999737.495204 
37 99999783.596858 
38 99999783.597243 
39 99999783.597525 
40 99999783.597723 
41 99999784.714980 
42 99999784.715280 
43 99999784.715786 
44 99999784.716147 
45 99999784.716435 
46 99999784.716619 
47 99999784.716770 
48 99999784.716920 
49 99999784.717047 
50 99999784.717237 
51 99999784.717299 
52 99999784.717486 
53 99999784.717795 
54 99999784.717872 
55 99999784.718105 
56 99999784.718255 
57 99999784.718399 
58 99999784.718539 
59 99999784.718720 
60 99999784.718828 
61 99999784.718926 
62 99999784.719031 
63 99999808.122678 
64 99999808.122799 
65 99999808.122931 
66 99999808.123075 
67 99999808.123202 
68 99999808.123248 
69 99999808.123326 
70 99999808.123418 
71 99999819.928260 
72 99999819.928361 
73 99999819.928471 
74 99999819.928612 
75 99999819.928679 
76 99999819.928755 
77 99999819.928792 
78 99999819.928887 
79 99999819.928961 
80 99999819.928994 
81 99999819.929130 
82 99999819.929226 
83 99999819.929284 
84 99999819.929362 
85 99999819.929388 
86 99999819.929433 
87 99999819.929485 
88 99999827.467616 
89 99999827.467658 
90 99999827.467703 
91 99999827.467762 
92 99999827.467819 
93 99999827.467872 
94 99999835.673686 
95 99999835.673720 
96 99999835.673758 
97 99999835.673784 
98 99999835.673806 
99 99999835.673842 
100 99999835.673884 
