# This file contains the data of final feasible population (if found)
# of objectives = 2, # of constraints = 0, # of real_var = 5, # of bits of bin_var = 0, constr_violation, rank, crowding_distance
1.849144e-02	9.725545e-01	3.738830e-01	3.420458e-01	4.234681e-01	4.532614e-01	4.068840e-01	0.000000e+00	1	1.000000e+14
9.760850e-01	1.062844e-02	-3.535509e-01	-4.336657e-01	-4.382626e-01	-4.066395e-01	-4.488583e-01	0.000000e+00	1	1.000000e+14
8.558603e-01	3.116924e-01	-2.096243e-01	-1.825432e-01	-1.521029e-01	-1.804594e-01	-1.492669e-01	0.000000e+00	1	8.389308e-03
6.462318e-01	6.196942e-01	-9.360895e-03	-1.053262e-02	1.796208e-02	9.764503e-03	-4.826892e-02	0.000000e+00	1	8.191761e-03
9.708558e-01	2.775423e-02	-3.537795e-01	-4.457729e-01	-3.909471e-01	-3.197826e-01	-4.503877e-01	0.000000e+00	1	8.085246e-03
8.514307e-01	3.212150e-01	-1.338870e-01	-1.750827e-01	-1.750182e-01	-2.065666e-01	-1.587336e-01	0.000000e+00	1	7.901137e-03
1.325772e-01	9.283864e-01	2.720779e-01	2.646367e-01	2.925114e-01	2.880307e-01	2.770666e-01	0.000000e+00	1	7.641398e-03
4.971993e-01	7.476391e-01	4.546758e-02	9.439040e-02	6.974375e-02	1.095943e-01	6.615330e-02	0.000000e+00	1	7.497636e-03
9.710889e-01	1.753842e-02	-3.545130e-01	-4.029368e-01	-3.810751e-01	-3.956597e-01	-4.368167e-01	0.000000e+00	1	7.440089e-03
1.910417e-01	9.085032e-01	2.597057e-01	2.286276e-01	2.480089e-01	2.875840e-01	1.944197e-01	0.000000e+00	1	7.230706e-03
2.060565e-01	9.043916e-01	3.049581e-01	2.348277e-01	1.766978e-01	2.533391e-01	2.134776e-01	0.000000e+00	1	7.002454e-03
5.495533e-01	7.079369e-01	4.843751e-02	8.646511e-02	3.149282e-02	5.311611e-02	2.269363e-02	0.000000e+00	1	6.930749e-03
4.918210e-01	7.528540e-01	1.019308e-01	8.518308e-02	3.786614e-02	5.414801e-02	1.238418e-01	0.000000e+00	1	6.737185e-03
6.314540e-01	6.347414e-01	-1.809418e-02	2.019991e-02	2.669728e-02	9.764503e-03	-3.355874e-02	0.000000e+00	1	6.594756e-03
2.581346e-01	8.803659e-01	1.905377e-01	1.878012e-01	2.444356e-01	2.175322e-01	1.797484e-01	0.000000e+00	1	6.563227e-03
8.453910e-01	3.342942e-01	-1.403359e-01	-1.742482e-01	-1.575780e-01	-2.096388e-01	-1.343351e-01	0.000000e+00	1	6.452569e-03
6.923239e-01	5.681366e-01	-5.693404e-02	-8.050312e-03	-5.330690e-02	-1.996155e-02	-5.128850e-02	0.000000e+00	1	6.403176e-03
7.755034e-01	4.565458e-01	-1.409826e-01	-7.352737e-02	-1.043407e-01	-7.531222e-02	-1.000556e-01	0.000000e+00	1	6.239388e-03
4.657658e-01	7.680929e-01	9.863901e-02	8.657279e-02	8.650462e-02	8.170368e-02	1.130781e-01	0.000000e+00	1	6.224233e-03
2.102647e-01	8.996115e-01	2.310490e-01	2.227778e-01	2.341498e-01	2.589341e-01	2.061459e-01	0.000000e+00	1	6.191405e-03
7.766168e-01	4.532053e-01	-1.256455e-01	-8.378846e-02	-1.095810e-01	-8.920656e-02	-9.220196e-02	0.000000e+00	1	6.160103e-03
1.857285e-01	9.095671e-01	2.231037e-01	2.637469e-01	2.170782e-01	2.731090e-01	2.515062e-01	0.000000e+00	1	6.160103e-03
1.401989e-01	9.258195e-01	2.731801e-01	2.668442e-01	2.925114e-01	2.530374e-01	2.841302e-01	0.000000e+00	1	6.075162e-03
1.974847e-01	9.051781e-01	2.703676e-01	2.461594e-01	1.998395e-01	2.493023e-01	2.282520e-01	0.000000e+00	1	6.073608e-03
3.669627e-01	8.287254e-01	1.369967e-01	1.792423e-01	1.796798e-01	1.105133e-01	1.243492e-01	0.000000e+00	1	6.032090e-03
4.391697e-01	7.868594e-01	1.299745e-01	1.016164e-01	1.394730e-01	1.071063e-01	6.265989e-02	0.000000e+00	1	5.997815e-03
1.566422e-01	9.207545e-01	2.568895e-01	2.300659e-01	2.534800e-01	2.748238e-01	3.067265e-01	0.000000e+00	1	5.953950e-03
5.379747e-01	7.193083e-01	9.694047e-02	1.054483e-02	8.269065e-02	2.116776e-02	6.724944e-02	0.000000e+00	1	5.926816e-03
6.954407e-01	5.651784e-01	-4.255122e-02	-1.565796e-02	-7.886412e-02	-1.284121e-02	-4.913455e-02	0.000000e+00	1	5.924742e-03
2.162515e-01	8.980163e-01	1.920523e-01	2.281555e-01	2.596834e-01	2.533416e-01	2.067570e-01	0.000000e+00	1	5.921848e-03
6.143363e-01	6.518820e-01	-2.689169e-03	-2.933402e-02	4.645883e-02	2.682496e-02	1.599636e-02	0.000000e+00	1	5.895127e-03
9.282506e-01	1.333812e-01	-2.789328e-01	-2.575920e-01	-2.704189e-01	-2.932750e-01	-2.925273e-01	0.000000e+00	1	5.807248e-03
7.809727e-01	4.501887e-01	-1.249398e-01	-8.378846e-02	-1.569927e-01	-7.783002e-02	-7.095631e-02	0.000000e+00	1	5.790965e-03
3.186302e-01	8.531888e-01	1.891970e-01	1.934813e-01	1.427716e-01	1.331612e-01	1.994565e-01	0.000000e+00	1	5.766699e-03
6.509031e-01	6.147359e-01	-1.236640e-02	9.049877e-03	1.699781e-02	-2.375889e-02	-4.502993e-02	0.000000e+00	1	5.673827e-03
6.063390e-01	6.583331e-01	2.952363e-02	-8.785267e-03	3.789639e-02	2.602335e-02	-5.471292e-03	0.000000e+00	1	5.634637e-03
9.014933e-01	2.089955e-01	-2.552568e-01	-2.477451e-01	-1.913440e-01	-2.007621e-01	-2.694244e-01	0.000000e+00	1	5.605683e-03
9.169854e-01	1.688195e-01	-2.549299e-01	-2.657739e-01	-1.990100e-01	-2.937510e-01	-2.744155e-01	0.000000e+00	1	5.592793e-03
8.734523e-01	2.723093e-01	-1.827830e-01	-1.725085e-01	-2.059963e-01	-2.165436e-01	-2.000328e-01	0.000000e+00	1	5.581805e-03
8.198632e-01	3.832583e-01	-1.149931e-01	-1.773425e-01	-1.639844e-01	-1.274399e-01	-1.042410e-01	0.000000e+00	1	5.526304e-03
7.151090e-01	5.402203e-01	-4.233368e-02	-3.967532e-02	-5.896644e-02	-3.616763e-02	-9.042520e-02	0.000000e+00	1	5.521718e-03
3.875043e-01	8.168826e-01	1.371048e-01	1.792423e-01	1.226765e-01	1.105133e-01	1.254283e-01	0.000000e+00	1	5.514283e-03
7.277985e-01	5.242081e-01	-4.263710e-02	-8.378846e-02	-5.857372e-02	-3.497511e-02	-9.220196e-02	0.000000e+00	1	5.506549e-03
7.247284e-01	5.279355e-01	-6.184955e-02	-4.100769e-02	-6.751722e-02	-3.680628e-02	-9.432910e-02	0.000000e+00	1	5.503465e-03
8.418432e-01	3.388567e-01	-1.558576e-01	-1.515023e-01	-1.752951e-01	-1.781444e-01	-1.388092e-01	0.000000e+00	1	5.489894e-03
6.033541e-01	6.627667e-01	-2.775677e-02	1.906641e-02	4.793243e-02	2.391147e-03	4.907781e-02	0.000000e+00	1	5.480221e-03
7.908925e-01	4.308033e-01	-1.128550e-01	-8.097347e-02	-1.301786e-01	-1.274399e-01	-1.083399e-01	0.000000e+00	1	5.469967e-03
5.751607e-01	6.881039e-01	-9.430103e-03	2.284651e-02	7.196157e-02	2.180823e-02	6.557294e-02	0.000000e+00	1	5.463962e-03
4.182432e-01	7.978611e-01	1.273579e-01	1.016164e-01	1.234031e-01	1.159419e-01	1.226161e-01	0.000000e+00	1	5.442490e-03
7.199086e-01	5.339615e-01	-5.939026e-02	-3.967532e-02	-5.896644e-02	-3.616763e-02	-9.042520e-02	0.000000e+00	1	5.381541e-03
6.358172e-01	6.306338e-01	-1.305101e-02	3.296882e-03	3.305882e-02	9.617674e-03	-4.082282e-02	0.000000e+00	1	5.339289e-03
4.341995e-01	7.890798e-01	1.090074e-01	7.981080e-02	1.147890e-01	1.428644e-01	1.051450e-01	0.000000e+00	1	5.337906e-03
2.780514e-01	8.717751e-01	1.454269e-01	2.190439e-01	1.919250e-01	2.059201e-01	2.037597e-01	0.000000e+00	1	5.298678e-03
8.074512e-01	4.025497e-01	-1.128550e-01	-1.444743e-01	-1.301786e-01	-1.394643e-01	-1.060146e-01	0.000000e+00	1	5.277362e-03
8.781620e-01	2.638044e-01	-2.079770e-01	-1.880111e-01	-2.078043e-01	-2.406756e-01	-1.610937e-01	0.000000e+00	1	5.269209e-03
3.777469e-01	8.226445e-01	1.482897e-01	1.652074e-01	1.669514e-01	9.687515e-02	1.243492e-01	0.000000e+00	1	5.264291e-03
4.481877e-01	7.807185e-01	1.090074e-01	8.094966e-02	7.792340e-02	1.428644e-01	1.051450e-01	0.000000e+00	1	5.230934e-03
5.083266e-01	7.395714e-01	1.019308e-01	8.454216e-02	3.935941e-02	5.414801e-02	7.526691e-02	0.000000e+00	1	5.212556e-03
8.109764e-01	3.963187e-01	-1.337451e-01	-1.250841e-01	-1.535662e-01	-1.273455e-01	-1.093756e-01	0.000000e+00	1	5.100912e-03
1.722621e-01	9.151250e-01	2.486672e-01	2.087722e-01	2.904070e-01	2.564592e-01	2.688648e-01	0.000000e+00	1	5.099614e-03
5.446416e-01	7.126942e-01	3.986537e-02	1.010870e-01	2.970632e-02	2.785662e-02	5.893306e-02	0.000000e+00	1	5.099425e-03
2.527300e-01	8.815498e-01	2.003979e-01	2.006034e-01	2.157353e-01	2.133620e-01	1.995740e-01	0.000000e+00	1	5.096046e-03
1.003046e-01	9.401198e-01	2.954469e-01	3.145923e-01	2.985930e-01	2.762824e-01	3.298599e-01	0.000000e+00	1	5.095089e-03
8.092334e-01	4.013982e-01	-1.149931e-01	-1.762723e-01	-1.163153e-01	-1.274399e-01	-1.042410e-01	0.000000e+00	1	5.079503e-03
9.615634e-01	4.437318e-02	-4.033279e-01	-3.316085e-01	-4.035366e-01	-3.188024e-01	-3.390461e-01	0.000000e+00	1	5.073669e-03
2.522532e-01	8.842620e-01	1.804732e-01	2.182652e-01	1.774599e-01	2.715651e-01	1.952143e-01	0.000000e+00	1	5.070252e-03
3.816723e-01	8.200304e-01	1.371048e-01	1.792423e-01	1.387463e-01	1.105133e-01	1.243492e-01	0.000000e+00	1	5.047998e-03
1.077364e-01	9.385581e-01	3.031486e-01	3.326806e-01	2.513112e-01	3.254709e-01	2.831340e-01	0.000000e+00	1	5.039544e-03
9.265900e-01	1.402853e-01	-2.789748e-01	-2.669358e-01	-2.704189e-01	-2.415640e-01	-3.175904e-01	0.000000e+00	1	5.038482e-03
8.873946e-01	2.403928e-01	-2.061939e-01	-1.880111e-01	-2.180963e-01	-2.440220e-01	-2.107908e-01	0.000000e+00	1	5.033631e-03
6.669273e-01	5.972052e-01	-1.664897e-02	-9.913850e-03	-4.005354e-02	8.432465e-03	-4.806659e-02	0.000000e+00	1	5.032833e-03
8.997062e-01	2.130005e-01	-2.552568e-01	-2.310277e-01	-1.913440e-01	-2.045910e-01	-2.694244e-01	0.000000e+00	1	5.027997e-03
9.480225e-01	7.919244e-02	-2.867247e-01	-2.951479e-01	-3.301863e-01	-3.461460e-01	-3.486565e-01	0.000000e+00	1	5.015525e-03
5.778629e-01	6.849099e-01	5.057418e-02	-1.014171e-02	1.705944e-02	4.626424e-02	5.974035e-02	0.000000e+00	1	5.001317e-03
8.622639e-01	2.980704e-01	-1.658600e-01	-1.741989e-01	-2.233543e-01	-1.844809e-01	-1.624614e-01	0.000000e+00	1	4.998184e-03
8.391817e-01	3.480097e-01	-1.338874e-01	-1.742482e-01	-1.568635e-01	-2.051617e-01	-1.123258e-01	0.000000e+00	1	4.995068e-03
7.886493e-01	4.352851e-01	-1.266236e-01	-1.411279e-01	-1.043407e-01	-7.686147e-02	-1.004493e-01	0.000000e+00	1	4.976831e-03
7.592993e-01	4.795746e-01	-1.130083e-01	-8.378846e-02	-6.187098e-02	-7.678736e-02	-9.559854e-02	0.000000e+00	1	4.967619e-03
4.141428e-01	8.003342e-01	1.129456e-01	1.249307e-01	1.207820e-01	1.074541e-01	1.356311e-01	0.000000e+00	1	4.960399e-03
5.321787e-01	7.211764e-01	5.039898e-02	8.606389e-02	2.970632e-02	6.409552e-02	5.903057e-02	0.000000e+00	1	4.932874e-03
5.401645e-01	7.159734e-01	3.986537e-02	1.010870e-01	4.159283e-02	2.785662e-02	5.893306e-02	0.000000e+00	1	4.927578e-03
3.421366e-01	8.404584e-01	1.367826e-01	1.649599e-01	1.810854e-01	1.370813e-01	1.720460e-01	0.000000e+00	1	4.915309e-03
2.687274e-01	8.766930e-01	2.323513e-01	2.178447e-01	1.858006e-01	1.436652e-01	2.154493e-01	0.000000e+00	1	4.914075e-03
5.665565e-01	6.944971e-01	4.837745e-02	-7.313079e-04	5.187117e-02	7.304018e-02	2.298789e-02	0.000000e+00	1	4.890745e-03
9.311324e-01	1.244587e-01	-2.813805e-01	-2.770345e-01	-2.806653e-01	-2.897861e-01	-2.925214e-01	0.000000e+00	1	4.889379e-03
8.397075e-01	3.420076e-01	-1.563645e-01	-1.612320e-01	-1.575780e-01	-1.566143e-01	-1.576510e-01	0.000000e+00	1	4.881416e-03
5.300110e-01	7.235590e-01	4.609518e-02	1.010870e-01	2.970632e-02	6.075789e-02	5.903057e-02	0.000000e+00	1	4.879948e-03
8.796238e-01	2.598930e-01	-2.100559e-01	-1.880111e-01	-2.078043e-01	-2.406756e-01	-1.687249e-01	0.000000e+00	1	4.873590e-03
1.747474e-01	9.132737e-01	2.776610e-01	2.461594e-01	2.580528e-01	2.493023e-01	2.282520e-01	0.000000e+00	1	4.845697e-03
5.064854e-02	9.608916e-01	4.093226e-01	3.713710e-01	3.305984e-01	2.793647e-01	3.922952e-01	0.000000e+00	1	4.845477e-03
1.137950e-01	9.381363e-01	3.362932e-01	3.296030e-01	2.329005e-01	3.277814e-01	2.615333e-01	0.000000e+00	1	4.823012e-03
7.236333e-02	9.524719e-01	4.071733e-01	3.330515e-01	2.985930e-01	2.852452e-01	3.369544e-01	0.000000e+00	1	4.822113e-03
9.243101e-01	1.451407e-01	-2.789748e-01	-2.669358e-01	-2.704189e-01	-2.415640e-01	-2.973272e-01	0.000000e+00	1	4.821872e-03
8.845390e-01	2.492520e-01	-1.803217e-01	-2.610690e-01	-1.998173e-01	-2.023173e-01	-2.030312e-01	0.000000e+00	1	4.806019e-03
6.198577e-01	6.483628e-01	-1.102102e-02	3.296882e-03	3.767480e-02	5.444503e-02	-4.082282e-02	0.000000e+00	1	4.800259e-03
9.297295e-01	1.291603e-01	-2.813805e-01	-2.568696e-01	-2.834583e-01	-2.928749e-01	-2.925214e-01	0.000000e+00	1	4.790991e-03
7.321455e-01	5.173589e-01	-5.547401e-02	-4.039413e-02	-8.145872e-02	-7.942966e-02	-7.240916e-02	0.000000e+00	1	4.787249e-03
5.042019e-01	7.418676e-01	4.820421e-02	9.439040e-02	6.974375e-02	8.637657e-02	6.615330e-02	0.000000e+00	1	4.758825e-03
1.428987e-01	9.249450e-01	2.760843e-01	2.560498e-01	2.925114e-01	2.530374e-01	2.837110e-01	0.000000e+00	1	4.734281e-03
1.494860e-01	9.221335e-01	2.621566e-01	2.637469e-01	2.695148e-01	2.731090e-01	2.679957e-01	0.000000e+00	1	4.724823e-03
5.258125e-01	7.264802e-01	4.845683e-02	9.223013e-02	3.166728e-02	7.913969e-02	5.609339e-02	0.000000e+00	1	4.713710e-03
6.168600e-01	6.515866e-01	2.952363e-02	-6.665115e-03	5.338877e-02	2.602335e-02	-4.915807e-02	0.000000e+00	1	4.712262e-03
6.231912e-01	6.432757e-01	-1.809829e-02	-2.933402e-02	3.523090e-02	2.682496e-02	1.599636e-02	0.000000e+00	1	4.710755e-03
5.522059e-01	7.069590e-01	9.702045e-02	1.818962e-02	3.052955e-02	2.848702e-02	6.280830e-02	0.000000e+00	1	4.697890e-03
9.343060e-01	1.205246e-01	-2.417629e-01	-3.352287e-01	-3.078024e-01	-2.910585e-01	-2.744155e-01	0.000000e+00	1	4.694903e-03
3.839792e-01	8.191934e-01	1.319986e-01	1.652074e-01	1.668423e-01	9.687515e-02	1.243492e-01	0.000000e+00	1	4.681346e-03
9.458997e-01	8.328672e-02	-3.168354e-01	-2.842509e-01	-3.266960e-01	-3.233122e-01	-3.308987e-01	0.000000e+00	1	4.667758e-03
5.849002e-01	6.768815e-01	4.752872e-02	1.723124e-02	3.034739e-02	2.280125e-02	2.212517e-02	0.000000e+00	1	4.667668e-03
1.478239e-01	9.229063e-01	2.731801e-01	2.637469e-01	2.695148e-01	2.530374e-01	2.837110e-01	0.000000e+00	1	4.629455e-03
9.597371e-01	4.787378e-02	-3.239271e-01	-3.943440e-01	-3.909971e-01	-3.194804e-01	-3.395713e-01	0.000000e+00	1	4.619919e-03
4.522143e-01	7.785093e-01	1.129456e-01	1.103930e-01	8.855414e-02	5.866823e-02	1.356311e-01	0.000000e+00	1	4.598486e-03
3.040634e-02	9.670871e-01	4.238445e-01	3.519883e-01	4.141893e-01	3.778951e-01	3.232436e-01	0.000000e+00	1	4.585211e-03
8.821975e-01	2.545166e-01	-2.543317e-01	-1.743864e-01	-1.953092e-01	-2.007621e-01	-2.066101e-01	0.000000e+00	1	4.580363e-03
6.621365e-01	6.034193e-01	-4.255122e-02	-1.565796e-02	2.242493e-02	-4.656735e-03	-4.913455e-02	0.000000e+00	1	4.573650e-03
4.749756e-01	7.633423e-01	4.820421e-02	9.360117e-02	1.256420e-01	8.637657e-02	9.161752e-02	0.000000e+00	1	4.568944e-03
2.709607e-01	8.739291e-01	1.923273e-01	2.078054e-01	1.711781e-01	2.106797e-01	1.990191e-01	0.000000e+00	1	4.564834e-03
8.226910e-01	3.781771e-01	-1.532073e-01	-1.431480e-01	-8.551172e-02	-1.682519e-01	-1.513142e-01	0.000000e+00	1	4.559427e-03
8.858391e-01	2.440822e-01	-2.061939e-01	-1.880111e-01	-2.078043e-01	-2.440220e-01	-2.106919e-01	0.000000e+00	1	4.558817e-03
3.225094e-01	8.501847e-01	1.422079e-01	1.579945e-01	1.766692e-01	1.725912e-01	1.940896e-01	0.000000e+00	1	4.550374e-03
6.839584e-01	5.800203e-01	-2.118479e-02	-8.478230e-03	-4.672008e-02	1.164055e-03	-8.372759e-02	0.000000e+00	1	4.545246e-03
6.107284e-02	9.554647e-01	4.071733e-01	3.330515e-01	2.985930e-01	3.277464e-01	3.375747e-01	0.000000e+00	1	4.544776e-03
5.796196e-01	6.829612e-01	5.328812e-02	-1.439898e-03	4.717611e-02	8.449005e-03	5.024542e-02	0.000000e+00	1	4.536939e-03
8.463239e-01	3.309439e-01	-1.558576e-01	-1.516181e-01	-1.794494e-01	-1.965914e-01	-1.388092e-01	0.000000e+00	1	4.536542e-03
7.998506e-01	4.155643e-01	-1.128550e-01	-1.457138e-01	-1.070094e-01	-1.274399e-01	-1.060146e-01	0.000000e+00	1	4.534308e-03
3.581509e-01	8.363299e-01	1.482897e-01	1.652074e-01	2.291756e-01	9.687515e-02	1.243492e-01	0.000000e+00	1	4.531263e-03
2.344044e-01	8.904953e-01	1.743688e-01	2.116157e-01	2.410263e-01	2.426643e-01	2.174378e-01	0.000000e+00	1	4.523826e-03
1.794083e-01	9.129811e-01	2.019758e-01	2.299068e-01	2.925114e-01	2.684379e-01	2.615464e-01	0.000000e+00	1	4.522754e-03
9.203185e-01	1.554747e-01	-2.550317e-01	-2.657632e-01	-2.826217e-01	-2.418187e-01	-2.744570e-01	0.000000e+00	1	4.498167e-03
9.148323e-01	1.726134e-01	-2.681512e-01	-2.661463e-01	-2.046271e-01	-2.576690e-01	-2.744155e-01	0.000000e+00	1	4.492100e-03
8.378936e-01	3.497954e-01	-1.249268e-01	-1.634208e-01	-1.463250e-01	-2.085962e-01	-1.332251e-01	0.000000e+00	1	4.488812e-03
6.430219e-01	6.225789e-01	-4.652268e-03	-3.852229e-02	2.108366e-02	-1.561623e-02	6.577001e-03	0.000000e+00	1	4.480136e-03
8.477727e-01	3.279590e-01	-1.296048e-01	-1.742824e-01	-1.919257e-01	-1.706118e-01	-1.636844e-01	0.000000e+00	1	4.460981e-03
5.698839e-01	6.923955e-01	4.843751e-02	-1.441892e-02	3.018638e-02	5.006893e-02	7.313116e-02	0.000000e+00	1	4.428719e-03
9.098851e-01	1.870367e-01	-2.552568e-01	-2.741742e-01	-1.907490e-01	-2.406572e-01	-2.687769e-01	0.000000e+00	1	4.425092e-03
6.095298e-01	6.555646e-01	2.069370e-02	2.049115e-02	-2.680787e-02	2.952071e-02	2.622819e-02	0.000000e+00	1	4.423805e-03
8.581083e-01	3.064931e-01	-1.554748e-01	-1.610478e-01	-1.995349e-01	-1.678033e-01	-2.031302e-01	0.000000e+00	1	4.412224e-03
8.755123e-01	2.675081e-01	-1.827830e-01	-1.776549e-01	-2.059963e-01	-2.146952e-01	-2.095857e-01	0.000000e+00	1	4.407133e-03
2.189304e-01	8.969237e-01	1.890568e-01	2.277352e-01	2.553401e-01	2.533416e-01	2.066443e-01	0.000000e+00	1	4.401977e-03
3.937512e-01	8.126015e-01	1.316186e-01	1.594565e-01	1.338996e-01	1.105133e-01	1.208279e-01	0.000000e+00	1	4.394940e-03
5.182504e-01	7.321200e-01	4.861451e-02	8.744764e-02	3.415534e-02	8.718556e-02	7.067580e-02	0.000000e+00	1	4.394587e-03
6.199951e-01	6.455009e-01	-2.880179e-03	2.049115e-02	-2.680787e-02	2.180823e-02	2.622819e-02	0.000000e+00	1	4.384777e-03
9.201475e-01	1.596886e-01	-2.813805e-01	-2.661463e-01	-2.056611e-01	-2.927541e-01	-2.697554e-01	0.000000e+00	1	4.366771e-03
8.179406e-01	3.884013e-01	-1.554748e-01	-1.610478e-01	-1.145278e-01	-1.678033e-01	-7.853158e-02	0.000000e+00	1	4.365109e-03
5.123565e-01	7.364333e-01	9.538350e-02	8.320901e-02	3.935941e-02	5.073213e-02	7.526691e-02	0.000000e+00	1	4.359237e-03
7.542206e-01	4.867273e-01	-5.740015e-02	-7.674164e-02	-1.032896e-01	-7.980726e-02	-9.440642e-02	0.000000e+00	1	4.355544e-03
1.675257e-01	9.158302e-01	2.569680e-01	2.299068e-01	2.612504e-01	2.678018e-01	2.650973e-01	0.000000e+00	1	4.327899e-03
2.646400e-01	8.770337e-01	1.923273e-01	2.265698e-01	1.711781e-01	2.106797e-01	1.990191e-01	0.000000e+00	1	4.314259e-03
9.181383e-01	1.651746e-01	-2.574186e-01	-2.657739e-01	-2.046836e-01	-2.958526e-01	-2.744155e-01	0.000000e+00	1	4.310112e-03
8.985924e-01	2.157546e-01	-2.552568e-01	-2.477451e-01	-1.913440e-01	-1.945856e-01	-2.545789e-01	0.000000e+00	1	4.297835e-03
4.695753e-01	7.656838e-01	9.863901e-02	7.668261e-02	8.650462e-02	8.170368e-02	1.131907e-01	0.000000e+00	1	4.281170e-03
3.757138e-01	8.241727e-01	1.675886e-01	9.537932e-02	1.766095e-01	1.446369e-01	1.241197e-01	0.000000e+00	1	4.275583e-03
4.588375e-01	7.774557e-01	1.083376e-01	9.022173e-02	5.851256e-02	6.365724e-02	1.760098e-01	0.000000e+00	1	4.274447e-03
3.031656e-01	8.594842e-01	1.686421e-01	1.637253e-01	1.766774e-01	1.725912e-01	2.134776e-01	0.000000e+00	1	4.273442e-03
4.122661e-01	8.014000e-01	1.260062e-01	1.117548e-01	1.338996e-01	1.105133e-01	1.243492e-01	0.000000e+00	1	4.263274e-03
7.460304e-01	4.978270e-01	-8.769803e-02	-6.199667e-02	-8.129960e-02	-6.352345e-02	-8.658106e-02	0.000000e+00	1	4.245898e-03
9.080790e-01	1.913488e-01	-2.435600e-01	-2.654898e-01	-1.907490e-01	-2.434404e-01	-2.723086e-01	0.000000e+00	1	4.223932e-03
9.688546e-02	9.415741e-01	2.848911e-01	3.329771e-01	2.985930e-01	2.831158e-01	3.310621e-01	0.000000e+00	1	4.213495e-03
4.837111e-01	7.588401e-01	1.148578e-01	7.681176e-02	1.257701e-01	3.236397e-02	7.572366e-02	0.000000e+00	1	4.206233e-03
4.806177e-01	7.599532e-01	4.820421e-02	9.360117e-02	1.300921e-01	6.793780e-02	9.161752e-02	0.000000e+00	1	4.205896e-03
4.625103e-01	7.705614e-01	9.863901e-02	9.360117e-02	1.218198e-01	8.636905e-02	7.544779e-02	0.000000e+00	1	4.197220e-03
9.721679e-01	1.175166e-02	-3.988400e-01	-4.029368e-01	-3.884573e-01	-3.956597e-01	-4.096542e-01	0.000000e+00	1	4.192131e-03
9.625673e-01	4.095580e-02	-4.033279e-01	-3.498114e-01	-4.035366e-01	-3.188024e-01	-3.376332e-01	0.000000e+00	1	4.184598e-03
7.090466e-01	5.487681e-01	-4.255122e-02	-3.623733e-02	-8.340162e-02	-1.284121e-02	-7.027553e-02	0.000000e+00	1	4.156175e-03
6.997786e-01	5.597809e-01	-5.734236e-02	-1.043879e-02	-5.613530e-02	-1.996155e-02	-7.008714e-02	0.000000e+00	1	4.153005e-03
1.609507e-01	9.186071e-01	2.323513e-01	2.530969e-01	2.847865e-01	2.551121e-01	2.788295e-01	0.000000e+00	1	4.149677e-03
4.061848e-01	8.065713e-01	1.369840e-01	1.653084e-01	1.140746e-01	8.631018e-02	1.243492e-01	0.000000e+00	1	4.146774e-03
8.246697e-01	3.738691e-01	-1.111499e-01	-1.592184e-01	-1.111938e-01	-1.727390e-01	-1.572648e-01	0.000000e+00	1	4.139406e-03
8.810093e-01	2.572886e-01	-2.543317e-01	-1.787747e-01	-1.953092e-01	-1.886812e-01	-2.066101e-01	0.000000e+00	1	4.138415e-03
6.747604e-01	5.912676e-01	-1.943289e-02	1.637906e-02	-7.547569e-02	1.767845e-03	-5.097297e-02	0.000000e+00	1	4.137976e-03
8.909191e-01	2.372065e-01	-2.895173e-01	-2.018531e-01	-2.046738e-01	-1.844828e-01	-2.067036e-01	0.000000e+00	1	4.133354e-03
7.724877e-01	4.654889e-01	-3.188076e-02	-1.115921e-01	-7.569352e-02	-1.077772e-01	-1.505398e-01	0.000000e+00	1	4.130132e-03
4.882186e-01	7.562627e-01	1.170709e-01	8.711288e-02	2.807512e-02	5.927872e-02	1.231450e-01	0.000000e+00	1	4.115270e-03
9.365603e-01	1.116100e-01	-2.713532e-01	-3.352287e-01	-3.028295e-01	-2.901680e-01	-2.758460e-01	0.000000e+00	1	4.113044e-03
3.984317e-01	8.106274e-01	1.292060e-01	1.579765e-01	1.257701e-01	1.437285e-01	8.944390e-02	0.000000e+00	1	4.110954e-03
5.640229e-01	6.959171e-01	5.328812e-02	-1.439898e-03	4.717611e-02	5.213805e-02	5.024542e-02	0.000000e+00	1	4.099240e-03
7.571011e-01	4.831031e-01	-5.659864e-02	-7.674164e-02	-1.146146e-01	-7.980726e-02	-9.440642e-02	0.000000e+00	1	4.092151e-03
2.235632e-01	8.947576e-01	1.920197e-01	2.236100e-01	2.341498e-01	2.595770e-01	2.078105e-01	0.000000e+00	1	4.089672e-03
1.241697e-01	9.338824e-01	3.328620e-01	3.263117e-01	2.329005e-01	2.907460e-01	2.615333e-01	0.000000e+00	1	4.077674e-03
1.169953e-01	9.353066e-01	3.179692e-01	3.326806e-01	2.513112e-01	2.771758e-01	2.819496e-01	0.000000e+00	1	4.061968e-03
5.445738e-01	7.127454e-01	4.004815e-02	1.010870e-01	2.970632e-02	2.785662e-02	5.893306e-02	0.000000e+00	1	4.042182e-03
2.379423e-01	8.885073e-01	1.920197e-01	1.924150e-01	2.341498e-01	2.198975e-01	2.359838e-01	0.000000e+00	1	4.038036e-03
4.708023e-01	7.649158e-01	9.863901e-02	7.367120e-02	8.650462e-02	8.170368e-02	1.130781e-01	0.000000e+00	1	4.036841e-03
9.527393e-01	6.837949e-02	-3.170404e-01	-2.948079e-01	-3.977888e-01	-3.260311e-01	-3.308987e-01	0.000000e+00	1	4.035286e-03
9.156536e-02	9.430285e-01	2.954469e-01	3.145923e-01	2.860074e-01	3.221078e-01	3.298599e-01	0.000000e+00	1	4.034415e-03
8.969271e-01	2.184773e-01	-2.552568e-01	-2.546263e-01	-1.953923e-01	-2.125145e-01	-2.146709e-01	0.000000e+00	1	4.027315e-03
4.997231e-01	7.463675e-01	1.083376e-01	8.518308e-02	3.786614e-02	5.414801e-02	9.419163e-02	0.000000e+00	1	4.025001e-03
6.708177e-01	5.920943e-01	-2.471338e-02	-1.565796e-02	-2.564616e-02	-4.926392e-03	-4.892299e-02	0.000000e+00	1	4.015062e-03
9.649294e-01	3.455619e-02	-4.042075e-01	-4.156382e-01	-3.508762e-01	-3.240523e-01	-3.584936e-01	0.000000e+00	1	4.013499e-03
4.540085e-01	7.777189e-01	6.789864e-02	8.952285e-02	1.271913e-01	1.402748e-01	7.747886e-02	0.000000e+00	1	4.005917e-03
7.392073e-01	5.069940e-01	-7.130586e-02	-6.199667e-02	-7.826048e-02	-6.352345e-02	-8.089302e-02	0.000000e+00	1	3.991221e-03
3.350449e-01	8.444130e-01	1.445530e-01	1.581028e-01	1.799671e-01	1.348910e-01	1.944663e-01	0.000000e+00	1	3.988512e-03
9.657019e-01	2.905250e-02	-3.761670e-01	-4.029368e-01	-3.929929e-01	-3.466066e-01	-3.501921e-01	0.000000e+00	1	3.976511e-03
7.111401e-01	5.459741e-01	-5.693404e-02	-8.050312e-03	-5.323767e-02	-8.328399e-02	-5.128850e-02	0.000000e+00	1	3.974407e-03
2.319364e-01	8.911774e-01	1.920523e-01	2.281555e-01	2.545677e-01	2.108724e-01	2.067570e-01	0.000000e+00	1	3.965175e-03
9.025518e-01	2.050745e-01	-2.552568e-01	-2.686013e-01	-1.947973e-01	-2.406572e-01	-2.140234e-01	0.000000e+00	1	3.960269e-03
8.832788e-01	2.507564e-01	-2.453989e-01	-1.831427e-01	-1.953923e-01	-2.007621e-01	-2.146709e-01	0.000000e+00	1	3.959042e-03
3.588183e-01	8.338094e-01	1.319986e-01	1.652074e-01	1.665564e-01	9.687515e-02	1.941349e-01	0.000000e+00	1	3.954105e-03
8.611853e-01	3.004597e-01	-1.600032e-01	-1.742824e-01	-2.222863e-01	-1.838328e-01	-1.636844e-01	0.000000e+00	1	3.952836e-03
9.099663e-01	1.847314e-01	-2.548911e-01	-2.546289e-01	-2.084372e-01	-2.383421e-01	-2.754014e-01	0.000000e+00	1	3.949230e-03
6.652803e-01	6.016244e-01	-2.719754e-02	-1.782689e-02	3.085925e-02	-1.040971e-02	-7.275099e-02	0.000000e+00	1	3.938565e-03
7.354173e-01	5.138928e-01	-5.740015e-02	-7.674164e-02	-3.172623e-02	-7.980726e-02	-9.436094e-02	0.000000e+00	1	3.921385e-03
5.548914e-01	7.042611e-01	8.853471e-02	1.818962e-02	3.052955e-02	2.848702e-02	6.280830e-02	0.000000e+00	1	3.918131e-03
5.158641e-01	7.351679e-01	1.083376e-01	1.788688e-02	7.907488e-02	6.365724e-02	6.828128e-02	0.000000e+00	1	3.912097e-03
9.187681e-01	1.623183e-01	-2.708818e-01	-2.665530e-01	-2.458398e-01	-2.208823e-01	-3.002145e-01	0.000000e+00	1	3.900660e-03
5.817826e-01	6.801189e-01	4.752872e-02	4.537998e-03	4.669746e-02	2.280125e-02	2.828020e-02	0.000000e+00	1	3.896935e-03
3.311918e-01	8.465552e-01	1.362513e-01	1.761458e-01	1.946970e-01	1.361181e-01	1.797484e-01	0.000000e+00	1	3.895978e-03
8.139115e-01	3.918096e-01	-1.128550e-01	-1.444743e-01	-1.433959e-01	-1.539951e-01	-1.073043e-01	0.000000e+00	1	3.880225e-03
8.568243e-01	3.104932e-01	-2.197623e-01	-1.784795e-01	-1.521029e-01	-1.804594e-01	-1.479169e-01	0.000000e+00	1	3.876350e-03
8.120840e-01	3.944483e-01	-1.397488e-01	-1.250841e-01	-1.531760e-01	-1.273455e-01	-1.087767e-01	0.000000e+00	1	3.876334e-03
7.020831e-01	5.552363e-01	-5.547401e-02	-3.971862e-02	-3.988467e-02	-3.076190e-02	-5.817487e-02	0.000000e+00	1	3.873084e-03
8.673382e-01	2.873363e-01	-2.077505e-01	-1.777058e-01	-2.224184e-01	-1.706902e-01	-1.612580e-01	0.000000e+00	1	3.865626e-03
8.255574e-02	9.478375e-01	3.683653e-01	3.330515e-01	3.064980e-01	2.638523e-01	3.310621e-01	0.000000e+00	1	3.852229e-03
3.361309e-01	8.438433e-01	1.429938e-01	1.581028e-01	1.807879e-01	1.348910e-01	1.922480e-01	0.000000e+00	1	3.848065e-03
7.620317e-01	4.766625e-01	-1.223684e-01	-8.378846e-02	-4.931940e-02	-8.944552e-02	-9.563342e-02	0.000000e+00	1	3.833065e-03
3.003382e-01	8.609580e-01	1.830744e-01	1.853052e-01	1.768554e-01	1.486739e-01	2.093624e-01	0.000000e+00	1	3.815010e-03
9.637519e-01	3.852099e-02	-4.042075e-01	-4.156382e-01	-3.508762e-01	-3.240523e-01	-3.377311e-01	0.000000e+00	1	3.810417e-03
3.653333e-01	8.300052e-01	1.140821e-01	1.903459e-01	1.143500e-01	1.421770e-01	1.754560e-01	0.000000e+00	1	3.769374e-03
8.337194e-01	3.568453e-01	-1.139873e-01	-1.810825e-01	-1.413363e-01	-1.394643e-01	-1.803169e-01	0.000000e+00	1	3.767964e-03
5.214033e-01	7.295402e-01	4.861451e-02	8.646511e-02	3.415534e-02	7.913969e-02	7.067580e-02	0.000000e+00	1	3.766973e-03
7.726008e-01	4.611749e-01	-1.409826e-01	-7.577662e-02	-1.019715e-01	-6.911791e-02	-9.440642e-02	0.000000e+00	1	3.757962e-03
6.388851e-01	6.273354e-01	-8.298673e-03	-3.862133e-02	2.108366e-02	-1.561623e-02	2.385322e-02	0.000000e+00	1	3.753674e-03
7.384824e-01	5.094312e-01	-4.056644e-02	-7.542527e-02	-1.025191e-01	-6.911791e-02	-6.402883e-02	0.000000e+00	1	3.752280e-03
8.047435e-01	4.070409e-01	-1.128550e-01	-1.444743e-01	-1.301786e-01	-1.274399e-01	-1.060146e-01	0.000000e+00	1	3.748236e-03
6.267018e-01	6.431751e-01	-1.684809e-02	1.054483e-02	7.181520e-02	7.967395e-03	-4.824956e-02	0.000000e+00	1	3.741125e-03
8.639057e-01	2.935766e-01	-1.970817e-01	-1.529151e-01	-1.802893e-01	-2.007621e-01	-1.895782e-01	0.000000e+00	1	3.736355e-03
5.105984e-01	7.382648e-01	1.083376e-01	8.518308e-02	3.786614e-02	5.414801e-02	6.432610e-02	0.000000e+00	1	3.735284e-03
4.222090e-01	7.955539e-01	1.273579e-01	1.016164e-01	1.234031e-01	1.057739e-01	1.226161e-01	0.000000e+00	1	3.726486e-03
9.576529e-01	5.143625e-02	-3.539681e-01	-3.940808e-01	-3.262324e-01	-3.364195e-01	-3.273108e-01	0.000000e+00	1	3.719121e-03
8.019878e-01	4.125607e-01	-1.111499e-01	-1.578432e-01	-1.077903e-01	-1.229567e-01	-1.081596e-01	0.000000e+00	1	3.717571e-03
9.572366e-01	5.761198e-02	-2.845059e-01	-3.490153e-01	-4.094250e-01	-3.374421e-01	-3.485032e-01	0.000000e+00	1	3.714685e-03
9.259201e-01	1.407334e-01	-2.790012e-01	-2.820528e-01	-2.701688e-01	-2.415640e-01	-2.973272e-01	0.000000e+00	1	3.714232e-03
9.335356e-01	1.235772e-01	-3.154180e-01	-2.760259e-01	-2.694201e-01	-3.378249e-01	-2.431180e-01	0.000000e+00	1	3.702004e-03
4.866801e-01	7.579508e-01	1.083376e-01	8.815688e-02	2.661741e-02	5.927872e-02	1.378551e-01	0.000000e+00	1	3.693241e-03
7.223669e-01	5.307292e-01	-6.526966e-02	-3.936640e-02	-5.896644e-02	-3.938884e-02	-9.042520e-02	0.000000e+00	1	3.685889e-03
9.441833e-01	8.933871e-02	-2.782017e-01	-2.951479e-01	-3.237501e-01	-3.364195e-01	-3.273108e-01	0.000000e+00	1	3.676556e-03
6.590059e-01	6.070936e-01	-4.255122e-02	-9.379482e-03	2.650572e-02	-4.656735e-03	-4.913455e-02	0.000000e+00	1	3.676276e-03
5.942857e-01	6.705693e-01	2.560047e-02	1.879143e-02	-1.966304e-02	2.785662e-02	6.384838e-02	0.000000e+00	1	3.668830e-03
3.058854e-01	8.583088e-01	1.686421e-01	1.574048e-01	1.766774e-01	1.720689e-01	2.134776e-01	0.000000e+00	1	3.667656e-03
2.677285e-02	9.697816e-01	3.394095e-01	3.327216e-01	4.253176e-01	4.395809e-01	4.039709e-01	0.000000e+00	1	3.667017e-03
4.253556e-01	7.939580e-01	1.090074e-01	1.015621e-01	1.147890e-01	1.428644e-01	1.051450e-01	0.000000e+00	1	3.663805e-03
4.913269e-01	7.547015e-01	9.513168e-02	9.360117e-02	1.226075e-01	8.772767e-02	8.639746e-03	0.000000e+00	1	3.652787e-03
1.255836e-01	9.310568e-01	2.864001e-01	2.609490e-01	2.925114e-01	3.031288e-01	2.770666e-01	0.000000e+00	1	3.651517e-03
7.124044e-01	5.444949e-01	-2.173761e-02	-5.697169e-02	-4.986899e-02	-3.412255e-02	-9.436399e-02	0.000000e+00	1	3.634070e-03
6.861373e-01	5.757291e-01	-4.702353e-02	3.083555e-03	-5.330690e-02	-1.996155e-02	-5.128850e-02	0.000000e+00	1	3.626368e-03
9.541583e-01	6.374770e-02	-2.904432e-01	-3.498114e-01	-3.896910e-01	-3.188024e-01	-3.376332e-01	0.000000e+00	1	3.611789e-03
3.532978e-01	8.369814e-01	1.830744e-01	1.853052e-01	1.768554e-01	9.818845e-02	1.269143e-01	0.000000e+00	1	3.608318e-03
1.294459e-01	9.297187e-01	2.731801e-01	2.609490e-01	2.925114e-01	3.031288e-01	2.770666e-01	0.000000e+00	1	3.595175e-03
3.524055e-02	9.637148e-01	4.123127e-01	3.314804e-01	3.552247e-01	3.617051e-01	3.731152e-01	0.000000e+00	1	3.592723e-03
9.412229e-01	9.841896e-02	-2.599761e-01	-3.053035e-01	-3.291992e-01	-3.182515e-01	-3.136083e-01	0.000000e+00	1	3.580635e-03
9.714326e-01	1.402003e-02	-3.761670e-01	-4.029368e-01	-3.874969e-01	-3.956597e-01	-4.174261e-01	0.000000e+00	1	3.571332e-03
7.015519e-01	5.580183e-01	-4.255122e-02	-2.643694e-02	-8.715094e-02	-1.284121e-02	-5.053034e-02	0.000000e+00	1	3.565500e-03
9.061693e-01	1.956027e-01	-2.550317e-01	-2.657632e-01	-2.041700e-01	-2.130564e-01	-2.630833e-01	0.000000e+00	1	3.562790e-03
5.711704e-02	9.560299e-01	4.000050e-01	3.280128e-01	3.246689e-01	3.233679e-01	3.375747e-01	0.000000e+00	1	3.559859e-03
2.224613e-01	8.957855e-01	1.743688e-01	2.291678e-01	2.545797e-01	2.478925e-01	2.174378e-01	0.000000e+00	1	3.544858e-03
6.613375e-01	6.064628e-01	-4.026914e-02	3.877266e-02	-6.216433e-02	5.191644e-03	-2.547931e-02	0.000000e+00	1	3.544462e-03
6.011824e-01	6.636962e-01	2.952363e-02	-8.158012e-03	5.338877e-02	2.602335e-02	-5.471292e-03	0.000000e+00	1	3.541212e-03
9.432934e-02	9.422237e-01	3.031486e-01	3.326806e-01	2.940353e-01	3.254709e-01	2.831340e-01	0.000000e+00	1	3.533824e-03
3.722804e-01	8.253789e-01	1.371048e-01	1.652074e-01	1.773359e-01	1.105133e-01	1.250870e-01	0.000000e+00	1	3.532249e-03
2.947844e-01	8.632190e-01	1.919617e-01	2.084358e-01	1.768554e-01	1.759297e-01	1.636737e-01	0.000000e+00	1	3.531915e-03
2.855634e-01	8.685308e-01	1.998398e-01	2.116861e-01	1.862312e-01	1.391404e-01	2.093624e-01	0.000000e+00	1	3.529837e-03
7.440091e-01	5.012344e-01	-5.740015e-02	-7.648045e-02	-5.541879e-02	-8.660966e-02	-9.695208e-02	0.000000e+00	1	3.528378e-03
6.562525e-01	6.101874e-01	-2.719754e-02	-1.782689e-02	3.553218e-02	-1.040971e-02	-5.039922e-02	0.000000e+00	1	3.522738e-03
7.365536e-01	5.115472e-01	-5.925682e-02	-4.564395e-02	-8.235288e-02	-6.535191e-02	-9.252768e-02	0.000000e+00	1	3.508160e-03
3.900352e-01	8.146681e-01	1.371048e-01	1.594565e-01	1.338996e-01	1.105133e-01	1.249567e-01	0.000000e+00	1	3.476824e-03
3.457044e-01	8.382612e-01	1.477055e-01	1.595766e-01	1.724948e-01	1.349425e-01	1.665497e-01	0.000000e+00	1	3.474053e-03
3.970195e-01	8.112967e-01	1.292060e-01	1.579643e-01	1.257701e-01	1.437285e-01	9.274612e-02	0.000000e+00	1	3.470057e-03
8.640385e-02	9.463430e-01	3.445688e-01	3.609030e-01	3.116323e-01	2.666786e-01	3.009057e-01	0.000000e+00	1	3.465426e-03
9.376916e-01	1.065110e-01	-2.894394e-01	-2.784730e-01	-2.992599e-01	-3.186087e-01	-3.029028e-01	0.000000e+00	1	3.463269e-03
8.913921e-01	2.324607e-01	-2.550918e-01	-1.890225e-01	-1.943321e-01	-2.406572e-01	-2.140234e-01	0.000000e+00	1	3.420098e-03
7.863854e-01	4.384206e-01	-1.128550e-01	-8.097347e-02	-1.290657e-01	-1.274399e-01	-9.000032e-02	0.000000e+00	1	3.417986e-03
2.464461e-01	8.849919e-01	2.002462e-01	1.899588e-01	1.976879e-01	2.461491e-01	2.167972e-01	0.000000e+00	1	3.411566e-03
3.741113e-02	9.631330e-01	4.170219e-01	3.296068e-01	3.621750e-01	3.617051e-01	3.531778e-01	0.000000e+00	1	3.404195e-03
3.722804e-01	8.253789e-01	1.371048e-01	1.652074e-01	1.773359e-01	1.105133e-01	1.250870e-01	0.000000e+00	1	3.403531e-03
1.649926e-01	9.182723e-01	3.049581e-01	2.540620e-01	2.783871e-01	2.492481e-01	2.125270e-01	0.000000e+00	1	3.388243e-03
9.111277e-01	1.806871e-01	-2.548911e-01	-2.546289e-01	-2.153813e-01	-2.490848e-01	-2.677388e-01	0.000000e+00	1	3.375015e-03
8.937835e-01	2.288042e-01	-2.079770e-01	-1.777090e-01	-2.078043e-01	-2.408144e-01	-2.739257e-01	0.000000e+00	1	3.369473e-03
6.846815e-01	5.767974e-01	-5.693404e-02	-8.050312e-03	-3.058839e-02	-1.996155e-02	-4.896641e-02	0.000000e+00	1	3.368236e-03
9.660447e-01	2.802631e-02	-3.761670e-01	-4.040970e-01	-3.934128e-01	-3.512335e-01	-3.501921e-01	0.000000e+00	1	3.365915e-03
1.587179e-01	9.199526e-01	2.568895e-01	2.300659e-01	2.534800e-01	2.678185e-01	3.067265e-01	0.000000e+00	1	3.365848e-03
7.934202e-01	4.273068e-01	-1.128550e-01	-1.444743e-01	-1.301786e-01	-8.751007e-02	-9.499117e-02	0.000000e+00	1	3.364937e-03
8.377907e-01	3.552482e-01	-1.338874e-01	-1.742482e-01	-1.766852e-01	-2.077258e-01	-7.888445e-02	0.000000e+00	1	3.362014e-03
7.166981e-01	5.381850e-01	-5.547401e-02	-3.971862e-02	-7.982953e-02	-2.591019e-02	-7.223190e-02	0.000000e+00	1	3.341492e-03
7.810240e-01	4.464915e-01	-1.164204e-01	-7.885776e-02	-1.016037e-01	-1.266931e-01	-9.480994e-02	0.000000e+00	1	3.330048e-03
6.413844e-01	6.250226e-01	-2.518713e-02	3.296882e-03	2.815500e-02	9.617674e-03	-4.082282e-02	0.000000e+00	1	3.327718e-03
4.090561e-01	8.034264e-01	1.367257e-01	1.092060e-01	1.338996e-01	1.105133e-01	1.249567e-01	0.000000e+00	1	3.310750e-03
5.837931e-01	6.796565e-01	-9.430103e-03	2.284651e-02	4.567873e-02	2.167617e-02	6.557294e-02	0.000000e+00	1	3.310565e-03
8.760277e-01	2.664177e-01	-1.827830e-01	-1.776549e-01	-2.059963e-01	-2.147143e-01	-2.127176e-01	0.000000e+00	1	3.308680e-03
6.784441e-01	5.866837e-01	-5.766952e-02	-1.043879e-02	1.782031e-02	-1.996155e-02	-7.008714e-02	0.000000e+00	1	3.292977e-03
9.047524e-01	2.013699e-01	-2.595954e-01	-2.657632e-01	-2.048244e-01	-1.907053e-01	-2.678156e-01	0.000000e+00	1	3.292592e-03
5.241369e-02	9.589769e-01	4.071733e-01	3.826895e-01	2.985930e-01	3.278441e-01	3.388922e-01	0.000000e+00	1	3.284357e-03
7.974280e-01	4.218669e-01	-1.128550e-01	-1.614365e-01	-1.304131e-01	-8.751007e-02	-9.403134e-02	0.000000e+00	1	3.276797e-03
7.861708e-01	4.422106e-01	-1.126713e-01	-4.309990e-02	-1.301786e-01	-1.394643e-01	-1.105734e-01	0.000000e+00	1	3.273234e-03
7.313511e-01	5.190182e-01	-6.580980e-02	-3.855870e-02	-4.803293e-02	-8.369454e-02	-8.948905e-02	0.000000e+00	1	3.271024e-03
4.206720e-01	7.964225e-01	1.273579e-01	1.016164e-01	1.221933e-01	1.109265e-01	1.225382e-01	0.000000e+00	1	3.269918e-03
5.015365e-01	7.442525e-01	5.328812e-02	8.988927e-02	7.345895e-02	5.227012e-02	1.041478e-01	0.000000e+00	1	3.266019e-03
9.399486e-01	1.025156e-01	-3.247444e-01	-2.784730e-01	-3.250139e-01	-3.186087e-01	-2.649624e-01	0.000000e+00	1	3.255181e-03
2.810808e-01	8.695609e-01	1.830744e-01	2.116861e-01	1.768554e-01	1.731756e-01	2.093624e-01	0.000000e+00	1	3.249249e-03
6.892752e-01	5.713039e-01	-3.564886e-02	-7.866892e-03	-5.358308e-02	-2.927863e-02	-5.353700e-02	0.000000e+00	1	3.238169e-03
5.593092e-01	6.992427e-01	4.843751e-02	1.935489e-02	3.018638e-02	5.006893e-02	6.551914e-02	0.000000e+00	1	3.234966e-03
9.426439e-01	9.424901e-02	-2.782017e-01	-2.811746e-01	-3.237501e-01	-3.321616e-01	-3.273108e-01	0.000000e+00	1	3.233236e-03
4.460073e-01	7.823378e-01	1.299745e-01	1.016164e-01	1.247318e-01	1.071063e-01	5.880885e-02	0.000000e+00	1	3.228596e-03
8.288335e-01	3.661518e-01	-1.410382e-01	-1.876276e-01	-1.575780e-01	-1.079005e-01	-1.377054e-01	0.000000e+00	1	3.224042e-03
7.039018e-01	5.529275e-01	-5.547401e-02	-3.971862e-02	-5.279659e-02	-3.076190e-02	-5.158039e-02	0.000000e+00	1	3.215835e-03
5.626688e-01	6.984781e-01	8.905085e-02	1.818962e-02	1.309952e-02	2.472123e-02	6.280830e-02	0.000000e+00	1	3.209513e-03
9.074024e-01	1.926689e-01	-2.552568e-01	-2.682104e-01	-1.907490e-01	-2.406572e-01	-2.556612e-01	0.000000e+00	1	3.208246e-03
7.688723e-01	4.672150e-01	-8.897387e-02	-6.306688e-02	-1.022396e-01	-7.260846e-02	-1.399729e-01	0.000000e+00	1	3.203490e-03
8.246877e-01	3.722192e-01	-1.576561e-01	-1.514902e-01	-1.575398e-01	-1.091820e-01	-1.372264e-01	0.000000e+00	1	3.195473e-03
2.462458e-01	8.856039e-01	1.900354e-01	2.300657e-01	1.759397e-01	2.454024e-01	2.125270e-01	0.000000e+00	1	3.193921e-03
2.173171e-02	9.715373e-01	3.757760e-01	3.252170e-01	4.298904e-01	4.395809e-01	4.068840e-01	0.000000e+00	1	3.192129e-03
6.802540e-01	5.810942e-01	-3.220457e-02	-2.668838e-02	-2.036283e-02	-2.119281e-02	-5.055254e-02	0.000000e+00	1	3.189744e-03
8.157761e-01	3.906921e-01	-1.204546e-01	-1.431480e-01	-8.551172e-02	-1.682519e-01	-1.513142e-01	0.000000e+00	1	3.187372e-03
2.905347e-01	8.675617e-01	1.826848e-01	1.754120e-01	2.479901e-01	1.375137e-01	1.946506e-01	0.000000e+00	1	3.185234e-03
4.080501e-02	9.622132e-01	3.395956e-01	3.519883e-01	4.146855e-01	3.770540e-01	3.246128e-01	0.000000e+00	1	3.179864e-03
2.301107e-02	9.709534e-01	3.682666e-01	3.252170e-01	4.253176e-01	4.395809e-01	4.068840e-01	0.000000e+00	1	3.175547e-03
6.441960e-02	9.535902e-01	3.376028e-01	3.131550e-01	3.064980e-01	3.918057e-01	3.300341e-01	0.000000e+00	1	3.175041e-03
9.499615e-01	7.530332e-02	-2.867247e-01	-2.951479e-01	-3.301863e-01	-3.697543e-01	-3.486565e-01	0.000000e+00	1	3.172456e-03
6.689178e-01	5.955960e-01	-5.189798e-02	1.177605e-03	3.606581e-03	-1.558183e-02	-4.913455e-02	0.000000e+00	1	3.161233e-03
6.286001e-01	6.415117e-01	-2.246557e-02	1.054483e-02	7.181520e-02	8.134924e-03	-4.824956e-02	0.000000e+00	1	3.158413e-03
8.926323e-01	2.311225e-01	-1.811962e-01	-2.608889e-01	-2.533347e-01	-1.985131e-01	-2.065885e-01	0.000000e+00	1	3.149287e-03
9.534456e-01	6.693763e-02	-2.799118e-01	-3.498114e-01	-3.896910e-01	-3.188024e-01	-3.376332e-01	0.000000e+00	1	3.148494e-03
7.955431e-01	4.252131e-01	-1.128550e-01	-7.485103e-02	-1.586310e-01	-1.276020e-01	-1.038845e-01	0.000000e+00	1	3.148137e-03
1.149741e-01	9.365498e-01	3.400923e-01	3.257569e-01	2.912479e-01	2.544314e-01	2.616835e-01	0.000000e+00	1	3.141896e-03
4.319985e-01	7.899251e-01	1.129456e-01	1.114468e-01	8.855414e-02	1.074541e-01	1.356311e-01	0.000000e+00	1	3.138502e-03
1.825249e-01	9.117991e-01	2.019758e-01	2.274301e-01	2.925114e-01	2.684379e-01	2.543536e-01	0.000000e+00	1	3.137549e-03
7.926218e-01	4.287522e-01	-1.128550e-01	-1.444743e-01	-1.301786e-01	-8.751007e-02	-9.142209e-02	0.000000e+00	1	3.137292e-03
4.794653e-01	7.626666e-01	1.082661e-01	1.446764e-01	3.551756e-02	8.836282e-02	6.222381e-02	0.000000e+00	1	3.135587e-03
9.504826e-01	7.172451e-02	-2.904432e-01	-3.656246e-01	-3.289279e-01	-3.173846e-01	-3.361012e-01	0.000000e+00	1	3.131864e-03
2.633184e-01	8.795595e-01	1.454269e-01	2.190439e-01	1.919250e-01	2.522242e-01	2.037597e-01	0.000000e+00	1	3.125867e-03
3.610486e-01	8.316337e-01	1.371048e-01	1.792423e-01	1.387463e-01	1.105133e-01	1.799467e-01	0.000000e+00	1	3.125817e-03
2.272415e-01	8.927194e-01	2.028896e-01	2.179423e-01	2.142558e-01	2.164788e-01	2.522230e-01	0.000000e+00	1	3.123160e-03
5.249809e-01	7.275746e-01	4.609518e-02	1.025967e-01	2.970632e-02	5.927872e-02	7.313116e-02	0.000000e+00	1	3.112995e-03
2.284672e-01	8.921597e-01	1.920197e-01	2.179423e-01	2.341498e-01	2.198975e-01	2.359838e-01	0.000000e+00	1	3.109830e-03
6.087358e-01	6.573325e-01	-2.724064e-02	1.906641e-02	4.793243e-02	-1.374633e-03	3.575460e-02	0.000000e+00	1	3.105081e-03
9.344699e-01	1.153789e-01	-3.006758e-01	-2.878175e-01	-2.908908e-01	-3.025134e-01	-2.730285e-01	0.000000e+00	1	3.104858e-03
5.991128e-01	6.664696e-01	-1.760980e-02	9.135157e-03	3.786614e-02	9.111303e-03	6.432610e-02	0.000000e+00	1	3.101264e-03
2.868410e-01	8.675626e-01	2.031982e-01	2.246147e-01	1.652800e-01	1.843911e-01	1.636737e-01	0.000000e+00	1	3.099389e-03
9.142556e-01	1.747195e-01	-2.681512e-01	-2.661463e-01	-1.994295e-01	-2.576690e-01	-2.744155e-01	0.000000e+00	1	3.088297e-03
3.615384e-01	8.305283e-01	1.371048e-01	1.652074e-01	1.773359e-01	1.367314e-01	1.250870e-01	0.000000e+00	1	3.083688e-03
8.605873e-01	3.039909e-01	-1.224318e-01	-1.742824e-01	-2.068685e-01	-1.915054e-01	-2.037687e-01	0.000000e+00	1	3.080178e-03
9.026403e-01	2.025287e-01	-2.552568e-01	-2.546263e-01	-2.284105e-01	-2.226667e-01	-2.146709e-01	0.000000e+00	1	3.074659e-03
2.398201e-01	8.881670e-01	1.920523e-01	2.281555e-01	2.545677e-01	2.046959e-01	1.919115e-01	0.000000e+00	1	3.072351e-03
5.927000e-01	6.719018e-01	5.868777e-02	-7.313079e-04	5.084177e-03	5.321490e-02	4.624596e-03	0.000000e+00	1	3.058143e-03
7.774110e-02	9.478679e-01	3.376974e-01	3.300992e-01	3.191872e-01	2.880352e-01	3.310621e-01	0.000000e+00	1	3.051071e-03
6.567069e-01	6.088838e-01	-2.419119e-02	-1.085260e-02	-2.548559e-02	2.938820e-02	-4.176580e-02	0.000000e+00	1	3.045850e-03
7.995868e-01	4.188722e-01	-1.258814e-01	-1.401805e-01	-1.566758e-01	-7.678736e-02	-9.559854e-02	0.000000e+00	1	3.036243e-03
1.048041e-01	9.397264e-01	3.378525e-01	3.330690e-01	2.537469e-01	2.924434e-01	2.911987e-01	0.000000e+00	1	3.035387e-03
9.366076e-01	1.096134e-01	-2.894394e-01	-2.784730e-01	-2.992599e-01	-3.186087e-01	-2.913165e-01	0.000000e+00	1	3.033055e-03
4.022873e-01	8.086795e-01	1.466346e-01	1.652074e-01	1.100468e-01	9.687515e-02	1.180460e-01	0.000000e+00	1	3.025662e-03
3.912241e-01	8.139303e-01	1.316186e-01	1.594565e-01	1.351094e-01	1.155287e-01	1.209058e-01	0.000000e+00	1	3.014483e-03
3.155411e-01	8.542792e-01	1.830569e-01	1.660072e-01	1.733976e-01	1.332401e-01	2.090617e-01	0.000000e+00	1	2.997901e-03
9.234263e-01	1.475050e-01	-2.711872e-01	-2.669358e-01	-2.701688e-01	-2.415640e-01	-2.973272e-01	0.000000e+00	1	2.994550e-03
8.273639e-01	3.693127e-01	-1.305054e-01	-1.444743e-01	-1.892271e-01	-1.548114e-01	-1.052578e-01	0.000000e+00	1	2.990010e-03
3.220839e-02	9.648186e-01	4.123127e-01	3.314804e-01	3.742480e-01	3.617051e-01	3.731152e-01	0.000000e+00	1	2.989599e-03
3.399079e-01	8.418948e-01	1.445530e-01	1.581028e-01	1.973951e-01	1.348910e-01	1.639599e-01	0.000000e+00	1	2.984931e-03
4.565152e-02	9.615061e-01	3.404997e-01	3.507567e-01	4.223830e-01	3.770478e-01	3.040535e-01	0.000000e+00	1	2.976687e-03
9.287879e-01	1.313208e-01	-2.813805e-01	-2.661463e-01	-2.834583e-01	-2.928749e-01	-2.744155e-01	0.000000e+00	1	2.966172e-03
8.698170e-01	2.816188e-01	-2.097481e-01	-1.777090e-01	-2.222863e-01	-1.838328e-01	-1.612580e-01	0.000000e+00	1	2.962642e-03
8.372148e-01	3.555815e-01	-1.338874e-01	-1.742482e-01	-1.740445e-01	-2.051617e-01	-8.181930e-02	0.000000e+00	1	2.955913e-03
8.721735e-01	2.748929e-01	-1.827830e-01	-1.776549e-01	-2.067924e-01	-1.890601e-01	-2.139653e-01	0.000000e+00	1	2.953129e-03
7.608343e-01	4.772963e-01	-1.130083e-01	-8.510205e-02	-6.126270e-02	-8.127062e-02	-9.642843e-02	0.000000e+00	1	2.940413e-03
8.705601e-01	2.796503e-01	-2.224679e-01	-1.742104e-01	-2.090796e-01	-1.850814e-01	-1.687249e-01	0.000000e+00	1	2.934726e-03
9.554103e-01	6.005344e-02	-2.904432e-01	-3.557425e-01	-3.896910e-01	-3.274998e-01	-3.406861e-01	0.000000e+00	1	2.927798e-03
6.878441e-01	5.729977e-01	-3.086696e-02	-7.866892e-03	-5.358308e-02	-2.927863e-02	-5.353700e-02	0.000000e+00	1	2.915161e-03
8.265812e-01	3.696417e-01	-1.392228e-01	-1.784967e-01	-1.565099e-01	-1.085031e-01	-1.387231e-01	0.000000e+00	1	2.908117e-03
5.223151e-01	7.289560e-01	4.843751e-02	8.646511e-02	3.166728e-02	7.913969e-02	7.106861e-02	0.000000e+00	1	2.889696e-03
8.303648e-01	3.609702e-01	-1.504981e-01	-1.235268e-01	-1.521029e-01	-1.677668e-01	-1.475301e-01	0.000000e+00	1	2.887410e-03
7.650174e-01	4.708662e-01	-1.130083e-01	-8.390426e-02	-6.602522e-02	-9.523438e-02	-9.559854e-02	0.000000e+00	1	2.883371e-03
7.642021e-01	4.733050e-01	-4.873169e-02	-9.860000e-02	-1.132220e-01	-1.052452e-01	-8.345316e-02	0.000000e+00	1	2.878409e-03
5.397479e-01	7.173775e-01	8.804666e-02	1.023590e-02	8.269065e-02	2.438896e-02	6.724944e-02	0.000000e+00	1	2.876798e-03
2.814679e-01	8.689560e-01	1.905377e-01	1.878012e-01	1.864609e-01	2.067184e-01	1.797484e-01	0.000000e+00	1	2.876027e-03
2.740373e-01	8.726793e-01	1.900354e-01	2.116861e-01	1.886341e-01	1.703440e-01	2.124315e-01	0.000000e+00	1	2.859826e-03
5.579765e-01	7.022415e-01	8.853471e-02	5.496381e-03	3.473068e-02	2.848702e-02	6.360783e-02	0.000000e+00	1	2.852442e-03
7.499567e-01	4.921399e-01	-8.418699e-02	-6.306688e-02	-8.849837e-02	-7.377029e-02	-8.658106e-02	0.000000e+00	1	2.850705e-03
4.565152e-02	9.615061e-01	3.404997e-01	3.507567e-01	4.223830e-01	3.770478e-01	3.040535e-01	0.000000e+00	1	2.850002e-03
8.205517e-01	3.803923e-01	-1.403359e-01	-1.251456e-01	-1.065990e-01	-1.687015e-01	-1.519513e-01	0.000000e+00	1	2.830676e-03
5.177616e-01	7.343366e-01	1.089065e-01	8.329223e-02	1.308049e-02	5.264464e-02	7.536677e-02	0.000000e+00	1	2.830237e-03
6.981053e-01	5.625458e-01	-4.255122e-02	-1.565796e-02	-8.715094e-02	-1.284121e-02	-4.913455e-02	0.000000e+00	1	2.828507e-03
4.285532e-01	7.923194e-01	1.082661e-01	1.446764e-01	1.107379e-01	8.836282e-02	1.137769e-01	0.000000e+00	1	2.823641e-03
6.702002e-01	5.944110e-01	-5.340524e-02	-1.043879e-02	1.699781e-02	-2.375889e-02	-4.502993e-02	0.000000e+00	1	2.812149e-03
3.463732e-01	8.380306e-01	1.429324e-01	1.595766e-01	1.758996e-01	1.349425e-01	1.665497e-01	0.000000e+00	1	2.812116e-03
7.872497e-01	4.367188e-01	-1.112477e-01	-7.635501e-02	-1.301786e-01	-1.132164e-01	-1.132947e-01	0.000000e+00	1	2.811872e-03
5.492955e-02	9.588733e-01	2.858273e-01	3.519883e-01	4.141893e-01	3.770478e-01	3.232436e-01	0.000000e+00	1	2.787051e-03
7.480337e-01	4.947823e-01	-8.418699e-02	-6.306688e-02	-8.129960e-02	-7.377029e-02	-8.658106e-02	0.000000e+00	1	2.786512e-03
8.413501e-02	9.468796e-01	3.445688e-01	3.609030e-01	3.116323e-01	2.736839e-01	3.009057e-01	0.000000e+00	1	2.786086e-03
7.661592e-01	4.697239e-01	-1.256455e-01	-8.378846e-02	-6.685687e-02	-8.920656e-02	-9.220196e-02	0.000000e+00	1	2.782592e-03
2.416383e-01	8.863070e-01	2.003979e-01	2.049124e-01	2.224300e-01	2.133620e-01	2.197213e-01	0.000000e+00	1	2.772408e-03
9.216376e-01	1.525316e-01	-2.563182e-01	-2.669358e-01	-2.969692e-01	-2.415640e-01	-2.691813e-01	0.000000e+00	1	2.770769e-03
5.717763e-01	6.893076e-01	4.837745e-02	-7.313079e-04	5.187117e-02	5.240952e-02	2.742946e-02	0.000000e+00	1	2.765328e-03
6.903717e-02	9.531522e-01	4.071733e-01	3.330515e-01	2.985930e-01	3.011983e-01	3.310621e-01	0.000000e+00	1	2.764668e-03
9.344434e-01	1.154568e-01	-3.006758e-01	-2.875416e-01	-2.908908e-01	-3.025134e-01	-2.730285e-01	0.000000e+00	1	2.760285e-03
8.497997e-01	3.258532e-01	-1.554748e-01	-1.586770e-01	-1.968774e-01	-1.251926e-01	-2.031302e-01	0.000000e+00	1	2.754542e-03
8.406770e-01	3.401207e-01	-1.563645e-01	-1.612320e-01	-1.573209e-01	-1.566143e-01	-1.629006e-01	0.000000e+00	1	2.752972e-03
7.401847e-02	9.488790e-01	3.376974e-01	3.300992e-01	3.191872e-01	3.012359e-01	3.310621e-01	0.000000e+00	1	2.747341e-03
8.869520e-01	2.429054e-01	-1.916646e-01	-2.610690e-01	-2.004760e-01	-2.087712e-01	-2.010881e-01	0.000000e+00	1	2.729898e-03
7.955918e-01	4.234317e-01	-1.074451e-01	-8.097347e-02	-1.304565e-01	-1.274399e-01	-1.333716e-01	0.000000e+00	1	2.723500e-03
6.364863e-02	9.538476e-01	3.376028e-01	3.131550e-01	3.064980e-01	3.918057e-01	3.336032e-01	0.000000e+00	1	2.721819e-03
8.685688e-01	2.847550e-01	-1.430582e-01	-2.018531e-01	-2.068685e-01	-1.915054e-01	-2.037687e-01	0.000000e+00	1	2.714822e-03
8.912313e-01	2.362949e-01	-2.895173e-01	-2.018531e-01	-2.073146e-01	-1.870469e-01	-2.037687e-01	0.000000e+00	1	2.713804e-03
1.277019e-01	9.304056e-01	2.731801e-01	2.609490e-01	2.991206e-01	3.031288e-01	2.770666e-01	0.000000e+00	1	2.712136e-03
5.961617e-01	6.683208e-01	4.837745e-02	-7.313079e-04	5.084177e-03	5.268558e-02	4.624596e-03	0.000000e+00	1	2.709673e-03
4.593725e-01	7.748838e-01	1.340649e-01	8.917079e-02	1.365400e-01	5.927872e-02	7.070801e-02	0.000000e+00	1	2.704732e-03
8.655937e-01	2.892034e-01	-1.749974e-01	-1.787747e-01	-1.953092e-01	-1.760359e-01	-2.059363e-01	0.000000e+00	1	2.698596e-03
4.776108e-01	7.629651e-01	1.148578e-01	9.302289e-02	1.257701e-01	3.236397e-02	7.572366e-02	0.000000e+00	1	2.695507e-03
9.139448e-01	1.776633e-01	-2.711608e-01	-2.665530e-01	-2.048361e-01	-2.219144e-01	-2.973272e-01	0.000000e+00	1	2.687366e-03
7.229914e-01	5.299670e-01	-4.946249e-02	-2.716284e-02	-6.264335e-02	-7.674961e-02	-7.956423e-02	0.000000e+00	1	2.685172e-03
3.143067e-01	8.546133e-01	1.769929e-01	1.878012e-01	1.923146e-01	1.301968e-01	1.797484e-01	0.000000e+00	1	2.684132e-03
7.978587e-01	4.194048e-01	-1.128550e-01	-1.401653e-01	-1.234840e-01	-1.274399e-01	-8.586733e-02	0.000000e+00	1	2.683793e-03
9.641281e-01	3.519295e-02	-3.766623e-01	-4.029368e-01	-3.909971e-01	-3.194804e-01	-3.501921e-01	0.000000e+00	1	2.675728e-03
8.512886e-01	3.223006e-01	-2.197623e-01	-1.529522e-01	-1.515451e-01	-1.756824e-01	-1.479169e-01	0.000000e+00	1	2.660953e-03
6.756176e-01	5.876241e-01	-3.191486e-02	-1.663911e-02	-5.232390e-02	8.239729e-03	-4.153274e-02	0.000000e+00	1	2.656479e-03
9.582550e-01	4.993784e-02	-3.628554e-01	-3.940808e-01	-3.262324e-01	-3.364195e-01	-3.273108e-01	0.000000e+00	1	2.648296e-03
5.877598e-01	6.746612e-01	4.752872e-02	4.537998e-03	3.454852e-02	2.280125e-02	2.292470e-02	0.000000e+00	1	2.647237e-03
5.035358e-01	7.439141e-01	1.120866e-01	8.518308e-02	2.970632e-02	5.923145e-02	8.386088e-02	0.000000e+00	1	2.631352e-03
7.474709e-01	4.965434e-01	-4.817437e-02	-8.037414e-02	-8.257914e-02	-7.306706e-02	-1.015108e-01	0.000000e+00	1	2.628590e-03
8.503100e-01	3.252085e-01	-1.461280e-01	-1.755126e-01	-1.945661e-01	-1.224520e-01	-2.031302e-01	0.000000e+00	1	2.623989e-03
5.709414e-02	9.583167e-01	4.093226e-01	3.387151e-01	3.305984e-01	2.793647e-01	3.854979e-01	0.000000e+00	1	2.620153e-03
7.852891e-01	4.436165e-01	-1.135190e-01	-4.309990e-02	-1.301786e-01	-1.394643e-01	-1.060146e-01	0.000000e+00	1	2.619841e-03
8.654314e-01	2.906126e-01	-1.978297e-01	-1.529151e-01	-1.798948e-01	-2.088742e-01	-1.897557e-01	0.000000e+00	1	2.611305e-03
9.452466e-01	8.676815e-02	-2.782017e-01	-2.951479e-01	-3.301863e-01	-3.423117e-01	-3.273108e-01	0.000000e+00	1	2.610821e-03
8.315247e-01	3.592486e-01	-1.337451e-01	-1.251456e-01	-1.575780e-01	-1.726445e-01	-1.576510e-01	0.000000e+00	1	2.609718e-03
6.545380e-01	6.134824e-01	7.353603e-03	-1.782689e-02	3.085925e-02	-1.040971e-02	-7.275099e-02	0.000000e+00	1	2.607870e-03
8.594966e-01	3.046891e-01	-1.664970e-01	-1.534453e-01	-2.233543e-01	-1.881812e-01	-1.624614e-01	0.000000e+00	1	2.594952e-03
1.657558e-01	9.169155e-01	2.621566e-01	2.182035e-01	2.695148e-01	2.715960e-01	2.679957e-01	0.000000e+00	1	2.592025e-03
7.293253e-01	5.208189e-01	-6.205836e-02	-4.562459e-02	-5.522291e-02	-7.334773e-02	-8.303504e-02	0.000000e+00	1	2.586607e-03
1.955927e-01	9.055652e-01	2.610855e-01	2.281555e-01	2.480789e-01	2.534473e-01	2.067570e-01	0.000000e+00	1	2.577516e-03
9.545261e-01	6.107440e-02	-3.016282e-01	-3.834719e-01	-3.508723e-01	-3.188725e-01	-3.376332e-01	0.000000e+00	1	2.573970e-03
2.660655e-02	9.703249e-01	3.394095e-01	3.291264e-01	4.253176e-01	4.395331e-01	4.178507e-01	0.000000e+00	1	2.573280e-03
2.094168e-01	9.030621e-01	3.049581e-01	2.302552e-01	1.764163e-01	2.490524e-01	2.125270e-01	0.000000e+00	1	2.563975e-03
7.288123e-01	5.214442e-01	-6.205836e-02	-4.562459e-02	-5.522291e-02	-7.334773e-02	-8.124671e-02	0.000000e+00	1	2.558872e-03
7.525916e-01	4.890887e-01	-5.740015e-02	-7.164676e-02	-1.021137e-01	-7.980726e-02	-9.440642e-02	0.000000e+00	1	2.558683e-03
6.302893e-01	6.377681e-01	-1.869753e-02	1.938630e-02	3.438671e-02	2.732179e-02	-5.097297e-02	0.000000e+00	1	2.555260e-03
4.090561e-01	8.034264e-01	1.367257e-01	1.092060e-01	1.338996e-01	1.105133e-01	1.249567e-01	0.000000e+00	1	2.552531e-03
6.513592e-01	6.139291e-01	-1.223928e-02	3.336196e-03	1.699781e-02	-2.375889e-02	-4.134364e-02	0.000000e+00	1	2.549546e-03
7.058106e-01	5.527939e-01	-4.946249e-02	-2.716284e-02	-6.709347e-02	-1.083100e-02	-7.956423e-02	0.000000e+00	1	2.545102e-03
3.305200e-01	8.473629e-01	1.429324e-01	1.595766e-01	1.758996e-01	1.348910e-01	2.131726e-01	0.000000e+00	1	2.543204e-03
2.917180e-01	8.663337e-01	1.922401e-01	2.232502e-01	1.743729e-01	1.332336e-01	2.090618e-01	0.000000e+00	1	2.533212e-03
5.997285e-01	6.659374e-01	-1.760980e-02	9.135157e-03	3.786614e-02	7.360866e-03	6.432610e-02	0.000000e+00	1	2.522162e-03
4.271216e-01	7.934402e-01	1.090074e-01	7.981080e-02	1.176701e-01	1.428644e-01	1.208912e-01	0.000000e+00	1	2.521368e-03
1.955927e-01	9.055652e-01	2.610855e-01	2.281555e-01	2.480789e-01	2.534473e-01	2.067570e-01	0.000000e+00	1	2.515035e-03
9.220564e-01	1.518899e-01	-2.747268e-01	-2.578068e-01	-2.701688e-01	-2.343581e-01	-2.973272e-01	0.000000e+00	1	2.497969e-03
8.938813e-01	2.258948e-01	-2.453989e-01	-2.546263e-01	-1.953923e-01	-2.007621e-01	-2.146709e-01	0.000000e+00	1	2.490504e-03
7.518362e-01	4.900833e-01	-5.612431e-02	-7.164676e-02	-1.005508e-01	-8.484903e-02	-8.940995e-02	0.000000e+00	1	2.481151e-03
3.089115e-01	8.569943e-01	1.905377e-01	1.878012e-01	1.864609e-01	1.361181e-01	1.797484e-01	0.000000e+00	1	2.478939e-03
5.894843e-01	6.733400e-01	1.371837e-02	1.668196e-02	1.496051e-02	2.528903e-02	5.708227e-02	0.000000e+00	1	2.476235e-03
7.726008e-01	4.611749e-01	-1.409826e-01	-7.577662e-02	-1.019715e-01	-6.911791e-02	-9.440642e-02	0.000000e+00	1	2.465184e-03
9.438252e-01	9.241340e-02	-2.636007e-01	-2.934753e-01	-3.237501e-01	-3.472274e-01	-3.273108e-01	0.000000e+00	1	2.456748e-03
6.286662e-01	6.390721e-01	-1.009022e-02	-3.370366e-02	2.108366e-02	-1.561623e-02	5.421545e-02	0.000000e+00	1	2.453986e-03
7.685400e-02	9.479798e-01	3.376974e-01	3.300992e-01	3.077624e-01	3.011983e-01	3.310621e-01	0.000000e+00	1	2.453717e-03
7.424486e-01	5.035914e-01	-8.769803e-02	-4.183181e-02	-8.409263e-02	-6.661220e-02	-8.658106e-02	0.000000e+00	1	2.453273e-03
2.089441e-01	9.032177e-01	3.049581e-01	2.302552e-01	1.766978e-01	2.490524e-01	2.134776e-01	0.000000e+00	1	2.445640e-03
4.408514e-01	7.842229e-01	1.292060e-01	9.523461e-02	1.063266e-01	9.565340e-02	1.058583e-01	0.000000e+00	1	2.433016e-03
8.038173e-01	4.095107e-01	-1.132154e-01	-1.591568e-01	-1.071820e-01	-1.274399e-01	-1.089895e-01	0.000000e+00	1	2.428899e-03
5.911438e-01	6.732966e-01	3.947548e-02	1.879143e-02	-1.966304e-02	2.785662e-02	5.893306e-02	0.000000e+00	1	2.426616e-03
4.410699e-01	7.840874e-01	1.292060e-01	9.515331e-02	1.063266e-01	9.565340e-02	1.053701e-01	0.000000e+00	1	2.423519e-03
8.862923e-02	9.442594e-01	2.906737e-01	3.145923e-01	2.894122e-01	3.374904e-01	3.298599e-01	0.000000e+00	1	2.416040e-03
6.789267e-01	5.846130e-01	-2.492231e-02	-1.043879e-02	-3.455766e-02	-6.306774e-04	-7.342047e-02	0.000000e+00	1	2.408388e-03
8.953307e-01	2.228840e-01	-2.552568e-01	-2.546263e-01	-1.953923e-01	-2.007621e-01	-2.146709e-01	0.000000e+00	1	2.395606e-03
8.323297e-01	3.579232e-01	-1.576561e-01	-1.514902e-01	-1.604187e-01	-1.667189e-01	-1.143128e-01	0.000000e+00	1	2.395206e-03
6.376883e-01	6.285313e-01	-4.652268e-03	-3.862133e-02	2.108366e-02	-1.561623e-02	2.385322e-02	0.000000e+00	1	2.390386e-03
7.493167e-01	4.930367e-01	-8.896889e-02	-6.306688e-02	-8.129960e-02	-7.377029e-02	-8.658106e-02	0.000000e+00	1	2.377517e-03
9.135271e-01	1.791578e-01	-2.711608e-01	-2.665530e-01	-2.011121e-01	-2.219144e-01	-2.973272e-01	0.000000e+00	1	2.376293e-03
8.710035e-01	2.771647e-01	-1.863401e-01	-1.743864e-01	-1.953092e-01	-2.007621e-01	-2.066101e-01	0.000000e+00	1	2.372741e-03
1.211479e-01	9.349369e-01	3.031486e-01	3.339201e-01	2.511386e-01	3.254709e-01	2.415881e-01	0.000000e+00	1	2.360398e-03
9.053522e-01	1.989184e-01	-2.550317e-01	-2.657632e-01	-2.048244e-01	-1.995084e-01	-2.688208e-01	0.000000e+00	1	2.343548e-03
3.505261e-01	8.376947e-01	1.891970e-01	1.934813e-01	1.427716e-01	1.331612e-01	1.165685e-01	0.000000e+00	1	2.342983e-03
6.750591e-01	5.883940e-01	-2.118479e-02	-8.478230e-03	-4.672008e-02	7.534620e-04	-5.653498e-02	0.000000e+00	1	2.341394e-03
7.829565e-01	4.440220e-01	-1.149931e-01	-6.837804e-02	-1.140565e-01	-1.274399e-01	-1.009611e-01	0.000000e+00	1	2.339875e-03
8.642332e-01	2.928605e-01	-1.970817e-01	-1.529151e-01	-1.802893e-01	-1.985843e-01	-1.936695e-01	0.000000e+00	1	2.337269e-03
8.168252e-01	3.886044e-01	-1.130437e-01	-1.468890e-01	-9.287453e-02	-1.696635e-01	-1.513142e-01	0.000000e+00	1	2.320942e-03
3.278552e-01	8.480962e-01	1.427633e-01	1.870918e-01	1.931702e-01	1.361181e-01	1.722415e-01	0.000000e+00	1	2.319241e-03
7.071104e-01	5.499220e-01	-2.806609e-02	-3.933315e-02	-5.896644e-02	-3.616763e-02	-7.763449e-02	0.000000e+00	1	2.303252e-03
7.682850e-01	4.687953e-01	-8.053098e-02	-6.306688e-02	-1.022396e-01	-7.181224e-02	-1.461327e-01	0.000000e+00	1	2.302180e-03
7.822615e-01	4.450769e-01	-1.128550e-01	-6.837804e-02	-1.133458e-01	-1.274399e-01	-1.009611e-01	0.000000e+00	1	2.292667e-03
4.596655e-01	7.730840e-01	1.129456e-01	1.072210e-01	8.855414e-02	5.866823e-02	1.176189e-01	0.000000e+00	1	2.292448e-03
8.687721e-01	2.835539e-01	-1.502253e-01	-2.018531e-01	-2.068685e-01	-1.923016e-01	-1.976090e-01	0.000000e+00	1	2.281934e-03
7.568937e-01	4.850308e-01	-6.808212e-02	-7.966558e-02	-4.669511e-02	-1.274399e-01	-9.771999e-02	0.000000e+00	1	2.277536e-03
8.209560e-01	3.789102e-01	-1.576561e-01	-1.477980e-01	-1.457530e-01	-1.068964e-01	-1.372264e-01	0.000000e+00	1	2.268531e-03
3.081675e-01	8.574527e-01	1.992163e-01	1.869122e-01	1.810674e-01	1.361181e-01	1.797484e-01	0.000000e+00	1	2.263271e-03
2.738776e-01	8.730844e-01	1.593019e-01	2.190439e-01	1.919250e-01	2.059201e-01	1.988444e-01	0.000000e+00	1	2.256003e-03
4.032452e-02	9.622726e-01	4.170219e-01	3.265287e-01	3.621750e-01	3.617051e-01	3.416652e-01	0.000000e+00	1	2.250196e-03
6.981053e-01	5.625458e-01	-4.255122e-02	-1.565796e-02	-8.715094e-02	-1.284121e-02	-4.913455e-02	0.000000e+00	1	2.242126e-03
1.822345e-01	9.120936e-01	2.019758e-01	2.299068e-01	2.925114e-01	2.795592e-01	2.428240e-01	0.000000e+00	1	2.241727e-03
4.443725e-01	7.830974e-01	1.299745e-01	1.016164e-01	1.234031e-01	1.071063e-01	6.373897e-02	0.000000e+00	1	2.238990e-03
9.569635e-01	5.789024e-02	-2.845059e-01	-3.490153e-01	-4.057011e-01	-3.374421e-01	-3.485032e-01	0.000000e+00	1	2.222656e-03
5.707060e-01	6.901452e-01	5.057418e-02	8.622691e-03	1.705944e-02	4.626424e-02	5.974035e-02	0.000000e+00	1	2.220630e-03
3.119725e-01	8.558583e-01	1.422079e-01	1.579945e-01	2.068781e-01	1.725912e-01	1.940896e-01	0.000000e+00	1	2.202497e-03
4.047207e-01	8.070492e-01	1.333074e-01	1.652074e-01	1.100468e-01	9.687515e-02	1.243492e-01	0.000000e+00	1	2.192947e-03
2.924093e-01	8.645713e-01	2.030043e-01	2.084358e-01	1.647850e-01	1.843911e-01	1.636737e-01	0.000000e+00	1	2.190673e-03
3.114770e-01	8.560081e-01	1.905377e-01	1.878012e-01	1.864609e-01	1.301968e-01	1.797484e-01	0.000000e+00	1	2.188823e-03
9.375747e-01	1.067938e-01	-2.894394e-01	-2.784730e-01	-2.992599e-01	-3.173835e-01	-3.029028e-01	0.000000e+00	1	2.178612e-03
7.060502e-01	5.501893e-01	-5.547401e-02	-3.971862e-02	-5.494295e-02	-3.609991e-02	-5.158039e-02	0.000000e+00	1	2.171452e-03
5.609269e-01	6.989817e-01	4.843751e-02	8.646511e-02	3.271359e-02	2.071615e-02	2.269363e-02	0.000000e+00	1	2.151615e-03
9.458664e-01	8.600660e-02	-2.783874e-01	-2.951479e-01	-3.116499e-01	-3.461460e-01	-3.486565e-01	0.000000e+00	1	2.150610e-03
9.054068e-01	1.975186e-01	-2.435600e-01	-2.489744e-01	-1.907044e-01	-2.426997e-01	-2.693086e-01	0.000000e+00	1	2.150151e-03
7.418117e-01	5.050969e-01	-9.674383e-02	-6.306688e-02	-8.129960e-02	-3.616763e-02	-8.645912e-02	0.000000e+00	1	2.142417e-03
1.054516e-01	9.394506e-01	3.362932e-01	3.330690e-01	2.545677e-01	2.924434e-01	2.889804e-01	0.000000e+00	1	2.138340e-03
9.502202e-01	7.187430e-02	-2.849887e-01	-3.490153e-01	-3.282531e-01	-3.374421e-01	-3.357376e-01	0.000000e+00	1	2.132339e-03
1.212171e-01	9.345154e-01	3.378525e-01	3.195893e-01	2.537469e-01	2.492247e-01	2.911987e-01	0.000000e+00	1	2.125924e-03
6.421180e-01	6.241808e-01	-2.549806e-02	3.296882e-03	2.606780e-02	9.617674e-03	-4.082282e-02	0.000000e+00	1	2.125244e-03
9.406643e-01	9.990058e-02	-2.599761e-01	-3.041434e-01	-3.287792e-01	-3.136246e-01	-3.136083e-01	0.000000e+00	1	2.123600e-03
