# This file contains the data of final population
# of objectives = 2, # of constraints = 0, # of real_var = 5, # of bits of bin_var = 0, constr_violation, rank, crowding_distance
9.780234e-01	5.912696e-03	-3.798798e-01	-4.190852e-01	-4.420037e-01	-4.281084e-01	-4.618096e-01	0.000000e+00	1	1.000000e+14
2.083814e-03	9.815337e-01	4.492047e-01	4.819664e-01	4.253176e-01	4.464761e-01	4.273569e-01	0.000000e+00	1	1.000000e+14
8.637488e-01	2.941945e-01	-1.827830e-01	-1.725085e-01	-2.080054e-01	-1.561635e-01	-2.000328e-01	0.000000e+00	1	9.314181e-03
7.771268e-01	4.525941e-01	-7.173373e-02	-1.222508e-01	-9.608331e-02	-1.082163e-01	-1.040415e-01	0.000000e+00	1	8.289103e-03
7.811889e-01	4.463842e-01	-1.175603e-01	-8.134470e-02	-1.301786e-01	-9.752289e-02	-9.230776e-02	0.000000e+00	1	8.069215e-03
3.996925e-01	8.086957e-01	1.293983e-01	1.395393e-01	1.271051e-01	1.129883e-01	1.302478e-01	0.000000e+00	1	7.242277e-03
6.272246e-01	6.382185e-01	-2.111432e-02	-1.648120e-03	3.420057e-02	-4.926392e-03	1.022282e-02	0.000000e+00	1	7.220063e-03
3.643993e-01	8.291069e-01	1.542728e-01	1.208202e-01	1.753369e-01	1.257595e-01	1.580977e-01	0.000000e+00	1	7.046177e-03
9.167172e-01	1.661882e-01	-2.598288e-01	-2.833308e-01	-2.284604e-01	-2.438790e-01	-2.723452e-01	0.000000e+00	1	6.800599e-03
3.887814e-01	8.152903e-01	1.367826e-01	1.402219e-01	1.173071e-01	1.571617e-01	1.174851e-01	0.000000e+00	1	6.744147e-03
8.671743e-01	2.867582e-01	-2.110357e-01	-1.742565e-01	-1.953138e-01	-1.589475e-01	-2.000328e-01	0.000000e+00	1	6.647886e-03
6.691729e-01	5.944986e-01	-2.386167e-02	-6.402728e-03	-5.846168e-02	-1.769172e-02	-7.358091e-03	0.000000e+00	1	6.565284e-03
1.071010e-01	9.379724e-01	2.779126e-01	3.311993e-01	3.053003e-01	3.033475e-01	2.730792e-01	0.000000e+00	1	6.554719e-03
8.696287e-01	2.803641e-01	-1.827830e-01	-1.725085e-01	-2.088317e-01	-1.925412e-01	-1.983372e-01	0.000000e+00	1	6.504420e-03
5.185246e-01	7.321793e-01	4.582943e-02	1.100292e-01	4.957215e-02	5.933442e-02	6.311918e-02	0.000000e+00	1	6.499582e-03
8.931246e-01	2.253243e-01	-2.159980e-01	-2.231330e-01	-2.180963e-01	-2.394096e-01	-2.106534e-01	0.000000e+00	1	6.487232e-03
8.610658e-01	2.988259e-01	-1.878118e-01	-1.742824e-01	-1.953008e-01	-1.838328e-01	-1.636844e-01	0.000000e+00	1	6.445146e-03
3.688460e-01	8.263936e-01	1.464922e-01	1.400411e-01	1.748867e-01	1.368800e-01	1.232565e-01	0.000000e+00	1	6.388747e-03
8.226528e-03	9.779928e-01	4.492047e-01	3.664904e-01	4.253176e-01	4.687865e-01	4.190086e-01	0.000000e+00	1	6.272993e-03
4.999446e-01	7.445767e-01	5.114784e-02	7.954422e-02	8.033618e-02	8.374719e-02	8.077040e-02	0.000000e+00	1	6.250484e-03
6.236237e-01	6.421185e-01	-1.168330e-02	2.474584e-02	-2.624963e-02	2.644656e-02	1.490811e-02	0.000000e+00	1	6.177366e-03
7.830350e-01	4.427554e-01	-9.700219e-02	-1.250841e-01	-1.146503e-01	-9.897520e-02	-9.159130e-02	0.000000e+00	1	6.171500e-03
7.631872e-01	4.727734e-01	-9.751438e-02	-7.905780e-02	-9.760404e-02	-8.921392e-02	-8.402500e-02	0.000000e+00	1	6.096305e-03
4.167918e-01	7.989140e-01	1.278258e-01	1.158064e-01	1.218893e-01	9.722477e-02	1.325013e-01	0.000000e+00	1	6.062721e-03
4.819613e-01	7.570474e-01	8.871643e-02	7.851493e-02	8.143810e-02	1.011909e-01	7.341820e-02	0.000000e+00	1	6.062046e-03
7.473037e-01	4.972485e-01	-9.117642e-02	-6.412235e-02	-1.004131e-01	-4.434955e-02	-8.449076e-02	0.000000e+00	1	6.059335e-03
9.378332e-01	1.056813e-01	-3.028597e-01	-2.784730e-01	-2.992599e-01	-3.069791e-01	-3.029028e-01	0.000000e+00	1	5.713550e-03
5.451065e-01	7.121235e-01	5.057418e-02	1.115572e-02	9.281836e-02	4.626424e-02	5.495559e-02	0.000000e+00	1	5.684074e-03
4.865194e-01	7.537798e-01	9.234925e-02	8.988927e-02	7.499305e-02	7.603864e-02	7.759940e-02	0.000000e+00	1	5.676950e-03
1.656625e-01	9.178326e-01	2.618877e-01	2.594709e-01	2.358851e-01	3.111920e-01	2.272986e-01	0.000000e+00	1	5.618293e-03
9.710590e-01	1.413145e-02	-4.066226e-01	-3.986458e-01	-3.871249e-01	-3.956597e-01	-3.843064e-01	0.000000e+00	1	5.616038e-03
9.568776e-01	5.071365e-02	-3.375886e-01	-3.636819e-01	-3.389030e-01	-3.397440e-01	-3.483769e-01	0.000000e+00	1	5.607612e-03
9.518927e-01	6.690306e-02	-3.040758e-01	-3.676420e-01	-3.289279e-01	-3.179358e-01	-3.389460e-01	0.000000e+00	1	5.595900e-03
4.108402e-01	8.034009e-01	1.254184e-01	1.444774e-01	1.147204e-01	8.399542e-02	1.449266e-01	0.000000e+00	1	5.563597e-03
8.953335e-01	2.196431e-01	-2.347708e-01	-2.283978e-01	-2.202818e-01	-2.252437e-01	-2.143555e-01	0.000000e+00	1	5.559481e-03
4.400866e-01	7.851800e-01	1.171265e-01	1.069896e-01	1.285656e-01	1.080537e-01	7.479273e-02	0.000000e+00	1	5.532504e-03
7.568421e-01	4.832725e-01	-9.751438e-02	-7.905780e-02	-5.103305e-02	-9.793158e-02	-9.585285e-02	0.000000e+00	1	5.474506e-03
6.783848e-01	5.832541e-01	-3.269971e-02	-1.367164e-02	-4.555562e-02	-1.915173e-02	-3.377422e-02	0.000000e+00	1	5.385868e-03
4.129775e-01	8.015133e-01	1.293983e-01	1.402509e-01	9.305711e-02	1.129883e-01	1.304705e-01	0.000000e+00	1	5.348683e-03
6.008140e-01	6.627519e-01	2.249578e-02	3.246456e-03	4.070611e-02	1.990162e-02	7.905219e-03	0.000000e+00	1	5.347807e-03
9.090727e-01	1.860950e-01	-2.577962e-01	-2.544028e-01	-2.107741e-01	-2.566113e-01	-2.456600e-01	0.000000e+00	1	5.326745e-03
9.669219e-02	9.409526e-01	3.037769e-01	3.177269e-01	2.963335e-01	2.916566e-01	3.153492e-01	0.000000e+00	1	5.319030e-03
2.749980e-01	8.718398e-01	2.045551e-01	1.883638e-01	1.917689e-01	1.822862e-01	2.017428e-01	0.000000e+00	1	5.300866e-03
4.027624e-02	9.618455e-01	4.078818e-01	3.294041e-01	3.621750e-01	3.617051e-01	3.416652e-01	0.000000e+00	1	5.300123e-03
6.543145e-01	6.100912e-01	-2.470042e-02	4.620164e-03	-3.670451e-02	-4.926392e-03	-5.585269e-03	0.000000e+00	1	5.292827e-03
3.933614e-01	8.124628e-01	1.367826e-01	1.402219e-01	1.174070e-01	1.443647e-01	1.174851e-01	0.000000e+00	1	5.223494e-03
7.693947e-01	4.637580e-01	-9.984311e-02	-7.647032e-02	-1.100117e-01	-9.300038e-02	-9.241664e-02	0.000000e+00	1	5.179047e-03
3.949567e-01	8.112713e-01	1.293983e-01	1.395393e-01	1.271051e-01	1.249582e-01	1.302478e-01	0.000000e+00	1	5.174202e-03
2.467487e-01	8.844634e-01	2.000154e-01	2.319907e-01	1.887696e-01	2.104785e-01	2.167972e-01	0.000000e+00	1	5.155965e-03
7.321217e-01	5.175718e-01	-8.214620e-02	-5.047017e-02	-8.172126e-02	-7.370524e-02	-4.082636e-02	0.000000e+00	1	5.152405e-03
5.790158e-01	6.827327e-01	1.664351e-02	1.908112e-02	3.454852e-02	2.280125e-02	6.504379e-02	0.000000e+00	1	5.150051e-03
4.306633e-01	7.907899e-01	1.183545e-01	8.988564e-02	1.314878e-01	1.220172e-01	9.790535e-02	0.000000e+00	1	5.130691e-03
9.021368e-01	2.030376e-01	-2.164877e-01	-2.485973e-01	-2.413334e-01	-2.397583e-01	-2.262146e-01	0.000000e+00	1	5.125522e-03
2.832291e-01	8.684350e-01	2.097330e-01	1.877685e-01	1.941725e-01	1.655554e-01	1.904472e-01	0.000000e+00	1	5.101619e-03
9.439188e-01	8.972414e-02	-2.818488e-01	-2.951479e-01	-3.178223e-01	-3.364195e-01	-3.267119e-01	0.000000e+00	1	5.097752e-03
4.579928e-01	7.737177e-01	9.487945e-02	9.971425e-02	1.197353e-01	1.071063e-01	6.686385e-02	0.000000e+00	1	5.072904e-03
8.839568e-01	2.477752e-01	-2.026125e-01	-1.886355e-01	-2.249755e-01	-2.229608e-01	-2.056589e-01	0.000000e+00	1	5.041464e-03
8.253618e-01	3.697344e-01	-1.509936e-01	-1.419283e-01	-1.462804e-01	-1.274402e-01	-1.508138e-01	0.000000e+00	1	5.041323e-03
5.143731e-01	7.350101e-01	5.953239e-02	8.988927e-02	7.588534e-02	8.298268e-02	3.033425e-02	0.000000e+00	1	5.040439e-03
7.438436e-01	5.013425e-01	-7.784296e-02	-6.412235e-02	-1.004131e-01	-5.506308e-02	-7.493730e-02	0.000000e+00	1	5.003027e-03
7.269888e-01	5.240489e-01	-5.290647e-02	-5.064607e-02	-7.937763e-02	-7.990771e-02	-4.786506e-02	0.000000e+00	1	4.999270e-03
2.853553e-03	9.806010e-01	4.320108e-01	4.819664e-01	4.253176e-01	4.464761e-01	4.165742e-01	0.000000e+00	1	4.961734e-03
1.421629e-01	9.255599e-01	2.731801e-01	2.386692e-01	2.751540e-01	3.031288e-01	2.763402e-01	0.000000e+00	1	4.960659e-03
8.420135e-01	3.379956e-01	-1.509936e-01	-1.746789e-01	-1.467756e-01	-1.695572e-01	-1.589331e-01	0.000000e+00	1	4.953353e-03
4.655943e-01	7.682426e-01	1.076471e-01	7.820441e-02	8.639766e-02	1.071973e-01	8.759209e-02	0.000000e+00	1	4.948607e-03
9.358509e-01	1.151592e-01	-2.865379e-01	-2.559398e-01	-3.441371e-01	-2.897861e-01	-2.905705e-01	0.000000e+00	1	4.945307e-03
2.098406e-02	9.701855e-01	4.456899e-01	3.572922e-01	3.700780e-01	3.738665e-01	4.049114e-01	0.000000e+00	1	4.944958e-03
7.110064e-01	5.439049e-01	-5.547401e-02	-4.039413e-02	-5.436421e-02	-5.698024e-02	-4.786506e-02	0.000000e+00	1	4.937676e-03
4.061564e-01	8.055504e-01	1.295844e-01	1.407089e-01	9.800967e-02	1.129883e-01	1.428192e-01	0.000000e+00	1	4.928796e-03
1.295579e-01	9.296849e-01	2.731801e-01	2.609490e-01	2.928965e-01	3.031288e-01	2.763402e-01	0.000000e+00	1	4.923935e-03
8.443822e-01	3.349939e-01	-1.296248e-01	-1.568859e-01	-1.961917e-01	-1.700411e-01	-1.591690e-01	0.000000e+00	1	4.912342e-03
7.036802e-01	5.531240e-01	-4.257065e-02	-3.568790e-02	-3.996720e-02	-5.674839e-02	-5.469352e-02	0.000000e+00	1	4.887941e-03
6.847123e-01	5.772238e-01	-1.871011e-02	-1.733244e-02	-4.935183e-02	-6.590826e-02	-1.268921e-02	0.000000e+00	1	4.881980e-03
2.550125e-01	8.813304e-01	1.904203e-01	2.078054e-01	1.762923e-01	2.307159e-01	2.216940e-01	0.000000e+00	1	4.881175e-03
7.071582e-01	5.496889e-01	-5.784714e-02	-4.859628e-02	-2.856994e-02	-7.370524e-02	-3.182984e-02	0.000000e+00	1	4.869047e-03
3.849107e-01	8.171743e-01	1.358479e-01	1.444774e-01	1.147204e-01	1.382461e-01	1.449266e-01	0.000000e+00	1	4.853897e-03
9.114388e-01	1.798181e-01	-2.600852e-01	-2.546289e-01	-2.171080e-01	-2.456537e-01	-2.668021e-01	0.000000e+00	1	4.845207e-03
1.785647e-02	9.711387e-01	4.456899e-01	3.772398e-01	3.700780e-01	3.738665e-01	4.049114e-01	0.000000e+00	1	4.839426e-03
1.388589e-01	9.263003e-01	2.764647e-01	2.656674e-01	2.934952e-01	2.544518e-01	2.841302e-01	0.000000e+00	1	4.837849e-03
7.614887e-01	4.771242e-01	-5.379469e-02	-8.304041e-02	-1.220298e-01	-9.196873e-02	-8.795420e-02	0.000000e+00	1	4.834557e-03
9.735526e-01	9.738527e-03	-4.148266e-01	-4.029368e-01	-3.871249e-01	-3.956597e-01	-4.246649e-01	0.000000e+00	1	4.806377e-03
7.665812e-01	4.677058e-01	-9.751438e-02	-7.905780e-02	-9.760404e-02	-8.920656e-02	-9.744961e-02	0.000000e+00	1	4.804212e-03
3.117859e-01	8.553952e-01	1.726715e-01	1.574048e-01	1.541621e-01	1.862163e-01	2.016652e-01	0.000000e+00	1	4.797604e-03
4.280932e-01	7.925388e-01	1.431239e-01	9.971425e-02	1.197353e-01	1.112111e-01	9.307633e-02	0.000000e+00	1	4.775573e-03
5.052820e-01	7.422419e-01	6.571917e-02	1.017869e-01	8.605563e-02	8.298268e-02	2.791592e-02	0.000000e+00	1	4.775131e-03
6.753714e-01	5.869605e-01	-2.080508e-03	-3.568790e-02	-2.437519e-02	-4.468802e-02	-2.781413e-02	0.000000e+00	1	4.762692e-03
2.697115e-01	8.746344e-01	1.910506e-01	2.264263e-01	1.941725e-01	1.764239e-01	1.970293e-01	0.000000e+00	1	4.749978e-03
2.970434e-01	8.621571e-01	1.735268e-01	1.574048e-01	1.930038e-01	1.862163e-01	2.005880e-01	0.000000e+00	1	4.744882e-03
8.865158e-01	2.441618e-01	-2.159980e-01	-2.231330e-01	-2.180963e-01	-2.394096e-01	-1.633511e-01	0.000000e+00	1	4.732321e-03
9.352836e-02	9.420314e-01	3.088684e-01	2.990247e-01	3.054635e-01	3.254709e-01	2.982780e-01	0.000000e+00	1	4.721180e-03
5.058391e-01	7.411519e-01	9.717631e-02	7.983428e-02	3.513205e-02	7.595609e-02	7.337263e-02	0.000000e+00	1	4.720648e-03
8.903382e-01	2.340409e-01	-2.333815e-01	-1.865066e-01	-2.102183e-01	-2.490247e-01	-2.074458e-01	0.000000e+00	1	4.698298e-03
2.509896e-01	8.828892e-01	2.002925e-01	2.227778e-01	1.769257e-01	2.103525e-01	2.269814e-01	0.000000e+00	1	4.687988e-03
2.412161e-01	8.867465e-01	1.923273e-01	2.078054e-01	2.353320e-01	2.157975e-01	2.120376e-01	0.000000e+00	1	4.677094e-03
6.963635e-01	5.636894e-01	-1.871011e-02	-1.011634e-02	-4.935183e-02	-6.590826e-02	-5.857005e-02	0.000000e+00	1	4.659012e-03
8.551041e-01	3.134416e-01	-2.186179e-01	-1.662821e-01	-1.549684e-01	-1.706118e-01	-1.591690e-01	0.000000e+00	1	4.643294e-03
2.174776e-01	8.967592e-01	2.002925e-01	2.399512e-01	2.500762e-01	2.149647e-01	2.269814e-01	0.000000e+00	1	4.614208e-03
4.531253e-02	9.589286e-01	3.657587e-01	3.495731e-01	3.488720e-01	3.637894e-01	3.307145e-01	0.000000e+00	1	4.595538e-03
6.339855e-01	6.306846e-01	-1.867213e-02	-1.051381e-03	1.346381e-02	-4.926392e-03	6.167245e-03	0.000000e+00	1	4.587020e-03
8.530263e-01	3.170222e-01	-1.584531e-01	-1.742981e-01	-2.087917e-01	-1.580548e-01	-1.591690e-01	0.000000e+00	1	4.582477e-03
9.184560e-01	1.601396e-01	-2.598266e-01	-2.534952e-01	-2.742108e-01	-2.439133e-01	-2.722337e-01	0.000000e+00	1	4.574846e-03
5.651030e-01	6.944854e-01	5.057418e-02	8.622691e-03	3.588130e-02	4.626424e-02	5.605307e-02	0.000000e+00	1	4.568909e-03
6.455378e-01	6.189956e-01	-1.816010e-02	-2.185378e-02	1.152704e-02	-1.030501e-02	-1.574309e-03	0.000000e+00	1	4.559843e-03
9.562045e-01	5.389269e-02	-3.659657e-01	-3.379671e-01	-3.263736e-01	-3.232070e-01	-3.642478e-01	0.000000e+00	1	4.551149e-03
7.186707e-01	5.344392e-01	-6.025919e-02	-4.014286e-02	-5.417232e-02	-5.551229e-02	-7.149967e-02	0.000000e+00	1	4.534745e-03
8.675148e-01	2.849877e-01	-1.809093e-01	-1.725085e-01	-2.088317e-01	-1.925412e-01	-1.876165e-01	0.000000e+00	1	4.534350e-03
8.083225e-01	4.013304e-01	-1.566260e-01	-1.270599e-01	-1.202575e-01	-1.281162e-01	-1.046023e-01	0.000000e+00	1	4.526878e-03
9.278902e-01	1.349126e-01	-2.623280e-01	-2.575239e-01	-2.844861e-01	-2.802892e-01	-3.043294e-01	0.000000e+00	1	4.523487e-03
9.549599e-01	5.767702e-02	-3.659657e-01	-3.220692e-01	-3.262443e-01	-3.240523e-01	-3.615248e-01	0.000000e+00	1	4.521620e-03
4.926411e-02	9.576476e-01	3.657587e-01	3.306019e-01	3.489880e-01	3.631572e-01	3.307145e-01	0.000000e+00	1	4.509442e-03
6.157693e-01	6.489553e-01	-1.305101e-02	3.246456e-03	3.305882e-02	9.617674e-03	1.762383e-02	0.000000e+00	1	4.494467e-03
2.216850e-01	8.947420e-01	2.316297e-01	2.187375e-01	2.407936e-01	2.241482e-01	2.031259e-01	0.000000e+00	1	4.492719e-03
9.002600e-02	9.435007e-01	3.031486e-01	3.326806e-01	2.940353e-01	3.254709e-01	2.982780e-01	0.000000e+00	1	4.477629e-03
8.591929e-01	3.047452e-01	-1.535041e-01	-1.725085e-01	-2.113213e-01	-1.576361e-01	-1.977171e-01	0.000000e+00	1	4.477577e-03
1.536678e-01	9.206463e-01	2.590551e-01	2.637469e-01	2.695148e-01	2.731090e-01	2.577661e-01	0.000000e+00	1	4.469013e-03
2.650944e-01	8.765549e-01	1.923261e-01	2.078054e-01	1.741313e-01	2.076080e-01	2.153851e-01	0.000000e+00	1	4.440346e-03
9.043017e-01	1.979061e-01	-2.164877e-01	-2.485973e-01	-2.413334e-01	-2.558513e-01	-2.262146e-01	0.000000e+00	1	4.430923e-03
9.107881e-01	1.814330e-01	-2.548911e-01	-2.546289e-01	-2.171080e-01	-2.456537e-01	-2.668021e-01	0.000000e+00	1	4.429069e-03
5.528862e-01	7.058543e-01	4.870308e-02	4.160786e-03	3.513205e-02	7.595609e-02	7.012954e-02	0.000000e+00	1	4.422831e-03
5.409069e-01	7.149821e-01	4.553563e-02	8.988927e-02	5.324703e-02	5.935796e-02	1.845397e-02	0.000000e+00	1	4.418713e-03
2.926249e-01	8.642072e-01	1.735268e-01	1.601176e-01	1.930038e-01	1.953828e-01	2.005880e-01	0.000000e+00	1	4.394178e-03
6.818853e-01	5.791157e-01	-3.269971e-02	-1.452809e-02	-4.467652e-02	-3.028760e-02	-3.430273e-02	0.000000e+00	1	4.389721e-03
5.773207e-01	6.851040e-01	5.267604e-02	4.649586e-03	3.442275e-02	7.291086e-03	6.551914e-02	0.000000e+00	1	4.371375e-03
2.871309e-01	8.671815e-01	1.923273e-01	2.078054e-01	1.711781e-01	2.106797e-01	1.573339e-01	0.000000e+00	1	4.368271e-03
4.369613e-01	7.866276e-01	9.487945e-02	9.971425e-02	1.296291e-01	1.071063e-01	1.110904e-01	0.000000e+00	1	4.361121e-03
1.569555e-01	9.195542e-01	2.518670e-01	2.702394e-01	2.503840e-01	2.675148e-01	2.733693e-01	0.000000e+00	1	4.357902e-03
6.664119e-01	5.967027e-01	-2.830340e-02	-1.788613e-02	-4.060513e-02	-1.176872e-02	-7.519650e-03	0.000000e+00	1	4.357600e-03
7.656925e-01	4.694312e-01	-9.751438e-02	-6.928257e-02	-1.034400e-01	-8.920656e-02	-9.744961e-02	0.000000e+00	1	4.335930e-03
1.504700e-01	9.217909e-01	2.590551e-01	2.637469e-01	2.695148e-01	2.731090e-01	2.679957e-01	0.000000e+00	1	4.324151e-03
8.976770e-01	2.147188e-01	-2.184025e-01	-2.283978e-01	-2.220251e-01	-2.560441e-01	-2.143555e-01	0.000000e+00	1	4.323287e-03
4.912186e-01	7.504698e-01	7.923751e-02	7.561395e-02	7.434562e-02	7.614212e-02	9.292611e-02	0.000000e+00	1	4.302271e-03
1.773027e-01	9.121675e-01	2.637320e-01	2.608667e-01	2.466644e-01	2.539866e-01	2.253587e-01	0.000000e+00	1	4.298215e-03
9.588608e-01	4.560632e-02	-3.375886e-01	-3.731158e-01	-3.389030e-01	-3.596293e-01	-3.483769e-01	0.000000e+00	1	4.293919e-03
9.260936e-01	1.401124e-01	-2.486710e-01	-2.575239e-01	-2.844861e-01	-2.906994e-01	-2.904484e-01	0.000000e+00	1	4.286842e-03
6.806890e-02	9.513575e-01	3.373761e-01	3.300992e-01	3.131790e-01	3.070231e-01	3.629656e-01	0.000000e+00	1	4.277677e-03
7.982852e-01	4.175232e-01	-1.123988e-01	-1.270599e-01	-1.206238e-01	-1.281162e-01	-1.046023e-01	0.000000e+00	1	4.272789e-03
8.866087e-01	2.411924e-01	-1.951204e-01	-2.157711e-01	-2.179533e-01	-2.278060e-01	-2.059866e-01	0.000000e+00	1	4.256794e-03
9.701724e-01	1.731768e-02	-4.153839e-01	-3.941760e-01	-3.871249e-01	-3.956597e-01	-3.613369e-01	0.000000e+00	1	4.250217e-03
1.695253e-01	9.150823e-01	2.525000e-01	2.712101e-01	2.503840e-01	2.675148e-01	2.331257e-01	0.000000e+00	1	4.241736e-03
3.074681e-01	8.572973e-01	1.735268e-01	1.574048e-01	1.642051e-01	1.862163e-01	2.016652e-01	0.000000e+00	1	4.236468e-03
2.573959e-01	8.797690e-01	2.005289e-01	1.877685e-01	1.941725e-01	2.140950e-01	2.212645e-01	0.000000e+00	1	4.213590e-03
8.270469e-01	3.671515e-01	-1.592764e-01	-1.585479e-01	-1.296879e-01	-1.274399e-01	-1.502106e-01	0.000000e+00	1	4.213507e-03
8.205352e-01	3.786048e-01	-1.374861e-01	-1.322719e-01	-1.462804e-01	-1.274402e-01	-1.508138e-01	0.000000e+00	1	4.158905e-03
8.184697e-01	3.824255e-01	-1.409359e-01	-1.302237e-01	-1.535662e-01	-1.273455e-01	-1.323764e-01	0.000000e+00	1	4.157562e-03
3.584776e-02	9.635445e-01	4.123127e-01	3.314784e-01	3.506063e-01	3.617051e-01	3.747656e-01	0.000000e+00	1	4.157290e-03
7.709681e-01	4.619857e-01	-9.700219e-02	-1.250841e-01	-7.712376e-02	-8.874999e-02	-8.945385e-02	0.000000e+00	1	4.139188e-03
6.936885e-01	5.650286e-01	-4.118985e-02	-3.568790e-02	-4.331051e-02	-4.468802e-02	-3.115846e-02	0.000000e+00	1	4.129027e-03
8.237086e-01	3.736512e-01	-1.353492e-01	-1.178203e-01	-1.548976e-01	-1.371545e-01	-1.634828e-01	0.000000e+00	1	4.120514e-03
4.674924e-01	7.670337e-01	1.076471e-01	7.820441e-02	8.150019e-02	1.071973e-01	8.759209e-02	0.000000e+00	1	4.120509e-03
5.294617e-01	7.240560e-01	5.328812e-02	8.988927e-02	7.588106e-02	6.082353e-02	1.845397e-02	0.000000e+00	1	4.118275e-03
8.716411e-01	2.764209e-01	-1.827830e-01	-1.725085e-01	-2.205829e-01	-1.925412e-01	-1.983372e-01	0.000000e+00	1	4.111829e-03
4.887359e-01	7.527427e-01	9.201447e-02	5.804000e-02	8.143810e-02	1.011909e-01	7.341820e-02	0.000000e+00	1	4.103863e-03
8.384262e-01	3.456297e-01	-1.353492e-01	-1.610449e-01	-1.810247e-01	-1.468921e-01	-1.575925e-01	0.000000e+00	1	4.089601e-03
1.459950e-01	9.237547e-01	2.590551e-01	2.948106e-01	2.695148e-01	2.731090e-01	2.540850e-01	0.000000e+00	1	4.088289e-03
9.312931e-01	1.256066e-01	-2.538146e-01	-2.784730e-01	-2.992599e-01	-2.841207e-01	-3.062925e-01	0.000000e+00	1	4.087337e-03
9.397907e-01	1.006769e-01	-3.248545e-01	-2.784730e-01	-2.992599e-01	-3.068961e-01	-3.019951e-01	0.000000e+00	1	4.080352e-03
4.415426e-02	9.615065e-01	4.225659e-01	3.314784e-01	3.347348e-01	3.320771e-01	3.747656e-01	0.000000e+00	1	4.075131e-03
8.492160e-02	9.451406e-01	3.088684e-01	2.990247e-01	3.054635e-01	3.254709e-01	3.343782e-01	0.000000e+00	1	4.070392e-03
3.487745e-01	8.371179e-01	1.479434e-01	1.597692e-01	1.221052e-01	1.694248e-01	1.754594e-01	0.000000e+00	1	4.067658e-03
9.326833e-01	1.220786e-01	-3.246743e-01	-2.640558e-01	-2.814520e-01	-2.876207e-01	-2.778361e-01	0.000000e+00	1	4.067353e-03
5.700563e-01	6.903330e-01	4.803214e-02	1.900991e-02	3.084326e-02	2.157387e-02	6.398603e-02	0.000000e+00	1	4.062254e-03
3.791119e-01	8.204155e-01	1.358479e-01	1.444774e-01	1.174070e-01	1.506764e-01	1.450548e-01	0.000000e+00	1	4.059567e-03
5.269570e-02	9.575104e-01	3.657587e-01	3.306019e-01	3.763620e-01	3.631572e-01	2.995102e-01	0.000000e+00	1	4.056231e-03
9.248728e-01	1.427309e-01	-2.785842e-01	-2.564786e-01	-2.620673e-01	-2.933884e-01	-2.704471e-01	0.000000e+00	1	4.053212e-03
6.494746e-01	6.161641e-01	-1.197879e-02	3.329122e-03	1.700405e-02	-1.030501e-02	-4.879809e-02	0.000000e+00	1	4.052815e-03
8.158972e-01	3.874108e-01	-1.152439e-01	-1.322719e-01	-1.462804e-01	-1.274402e-01	-1.508138e-01	0.000000e+00	1	4.043333e-03
8.801054e-01	2.569638e-01	-1.952744e-01	-1.865718e-01	-2.153785e-01	-1.954993e-01	-2.269968e-01	0.000000e+00	1	4.041146e-03
9.544431e-01	6.095469e-02	-3.375886e-01	-3.567714e-01	-3.389030e-01	-2.899082e-01	-3.683597e-01	0.000000e+00	1	4.036298e-03
9.204252e-01	1.546075e-01	-2.598266e-01	-2.470572e-01	-2.742108e-01	-2.676867e-01	-2.722337e-01	0.000000e+00	1	4.035592e-03
6.727227e-01	5.902009e-01	-3.269971e-02	-1.367164e-02	-4.555562e-02	6.634014e-04	-3.443647e-02	0.000000e+00	1	4.021166e-03
6.396065e-01	6.250577e-01	-1.816010e-02	-5.230324e-03	1.700405e-02	-7.215648e-03	-8.521539e-03	0.000000e+00	1	4.017340e-03
9.648927e-01	3.051821e-02	-3.761670e-01	-4.029368e-01	-3.754056e-01	-3.466066e-01	-3.539003e-01	0.000000e+00	1	4.010164e-03
1.904830e-01	9.078834e-01	2.152877e-01	2.637469e-01	2.170782e-01	2.731090e-01	2.457361e-01	0.000000e+00	1	3.996188e-03
3.595892e-01	8.319066e-01	1.367826e-01	1.426643e-01	1.800710e-01	1.707327e-01	1.174851e-01	0.000000e+00	1	3.994326e-03
8.596929e-01	3.027159e-01	-1.827830e-01	-1.834857e-01	-2.080054e-01	-1.561635e-01	-1.658674e-01	0.000000e+00	1	3.993198e-03
9.591539e-01	4.461072e-02	-3.375886e-01	-3.731158e-01	-3.461360e-01	-3.569756e-01	-3.483769e-01	0.000000e+00	1	3.986567e-03
5.555550e-01	7.023097e-01	4.807623e-02	1.592195e-02	4.605680e-02	4.883266e-02	6.515109e-02	0.000000e+00	1	3.978204e-03
5.507962e-01	7.073363e-01	4.870308e-02	8.622691e-03	3.513205e-02	7.595609e-02	7.109827e-02	0.000000e+00	1	3.969413e-03
6.306973e-01	6.351018e-01	-2.943114e-02	-1.751517e-03	3.420826e-02	-4.926392e-03	8.607952e-03	0.000000e+00	1	3.948388e-03
5.253576e-01	7.260671e-01	6.982668e-02	8.501798e-02	5.284145e-02	5.921582e-02	4.037779e-02	0.000000e+00	1	3.948008e-03
6.928532e-01	5.682370e-01	-7.162303e-02	-2.041093e-02	-5.846168e-02	-3.398677e-02	-5.891477e-03	0.000000e+00	1	3.928444e-03
6.801986e-01	5.812770e-01	-3.435597e-02	-2.842746e-02	-4.691900e-02	-8.822456e-03	-3.213557e-02	0.000000e+00	1	3.914356e-03
7.395316e-01	5.066860e-01	-5.964204e-02	-7.674164e-02	-6.836382e-02	-6.547518e-02	-8.680141e-02	0.000000e+00	1	3.907546e-03
8.143701e-01	3.903986e-01	-1.059505e-01	-1.395525e-01	-1.301786e-01	-1.501106e-01	-1.389072e-01	0.000000e+00	1	3.906627e-03
5.344817e-01	7.190337e-01	4.758452e-02	8.434183e-02	5.283772e-02	5.711520e-02	4.037779e-02	0.000000e+00	1	3.902190e-03
3.597054e-01	8.310048e-01	1.366767e-01	1.614636e-01	1.403050e-01	1.695449e-01	1.366531e-01	0.000000e+00	1	3.899135e-03
5.564355e-02	9.561103e-01	3.376127e-01	3.185976e-01	3.349512e-01	3.907600e-01	3.336032e-01	0.000000e+00	1	3.886710e-03
6.139784e-01	6.516230e-01	-2.613794e-02	3.246456e-03	3.159098e-02	1.228061e-02	3.637948e-02	0.000000e+00	1	3.877061e-03
4.450649e-01	7.826130e-01	9.856211e-02	8.714072e-02	1.146240e-01	7.975263e-02	1.438155e-01	0.000000e+00	1	3.876832e-03
5.098772e-01	7.376245e-01	4.622889e-02	7.668261e-02	8.769891e-02	7.961702e-02	5.909074e-02	0.000000e+00	1	3.876581e-03
6.211975e-01	6.442469e-01	-2.880179e-03	2.775142e-02	-2.599821e-02	2.118960e-02	1.503137e-02	0.000000e+00	1	3.874151e-03
8.407308e-01	3.410088e-01	-1.353492e-01	-1.610449e-01	-1.811718e-01	-1.587096e-01	-1.575925e-01	0.000000e+00	1	3.868034e-03
4.442202e-01	7.830889e-01	9.856211e-02	8.714072e-02	1.146240e-01	8.182814e-02	1.438155e-01	0.000000e+00	1	3.866140e-03
9.409705e-01	9.802058e-02	-3.375666e-01	-2.784730e-01	-2.992599e-01	-3.068961e-01	-3.019951e-01	0.000000e+00	1	3.857224e-03
9.154477e-01	1.704019e-01	-2.598288e-01	-2.833308e-01	-2.171714e-01	-2.438790e-01	-2.723452e-01	0.000000e+00	1	3.856421e-03
7.486173e-01	4.942914e-01	-6.092249e-02	-8.405825e-02	-6.630085e-02	-8.746389e-02	-9.199855e-02	0.000000e+00	1	3.855352e-03
3.387711e-01	8.421519e-01	1.711341e-01	1.578974e-01	1.786745e-01	1.265176e-01	1.665497e-01	0.000000e+00	1	3.848098e-03
3.547499e-01	8.338448e-01	1.544350e-01	1.613725e-01	1.753369e-01	1.258661e-01	1.414168e-01	0.000000e+00	1	3.846914e-03
3.448825e-02	9.641713e-01	4.123127e-01	3.314784e-01	3.506063e-01	3.617051e-01	3.852487e-01	0.000000e+00	1	3.845722e-03
9.194309e-01	1.599744e-01	-2.598288e-01	-2.945579e-01	-2.284604e-01	-2.438790e-01	-2.837873e-01	0.000000e+00	1	3.844029e-03
6.364706e-01	6.281333e-01	-1.867213e-02	-1.051381e-03	1.346381e-02	-4.926392e-03	-1.489690e-03	0.000000e+00	1	3.828528e-03
2.011202e-01	9.032909e-01	2.310490e-01	2.500874e-01	2.341498e-01	2.589341e-01	2.061459e-01	0.000000e+00	1	3.827124e-03
5.875528e-01	6.746170e-01	2.250941e-02	1.130567e-02	4.338199e-02	1.896933e-02	3.637948e-02	0.000000e+00	1	3.826030e-03
9.475379e-01	7.776374e-02	-3.349192e-01	-3.325020e-01	-3.106160e-01	-3.191944e-01	-3.053079e-01	0.000000e+00	1	3.822647e-03
3.825559e-01	8.185379e-01	1.468269e-01	1.442663e-01	1.147204e-01	1.337996e-01	1.449266e-01	0.000000e+00	1	3.820271e-03
6.289856e-02	9.533922e-01	3.784244e-01	3.135867e-01	3.246689e-01	3.233679e-01	3.375747e-01	0.000000e+00	1	3.816477e-03
7.417525e-01	5.045806e-01	-4.697749e-02	-8.478986e-02	-5.604656e-02	-8.909460e-02	-8.728337e-02	0.000000e+00	1	3.815552e-03
8.451255e-01	3.315215e-01	-1.584531e-01	-1.742981e-01	-1.549684e-01	-1.706118e-01	-1.591690e-01	0.000000e+00	1	3.804158e-03
7.590280e-01	4.803694e-01	-5.879385e-02	-8.304041e-02	-1.188929e-01	-9.196873e-02	-7.687361e-02	0.000000e+00	1	3.796927e-03
6.865200e-01	5.742229e-01	-2.814497e-02	-1.322434e-02	-5.846168e-02	-3.627446e-02	-3.505458e-02	0.000000e+00	1	3.780090e-03
8.307556e-01	3.595418e-01	-1.509936e-01	-1.361315e-01	-1.462804e-01	-1.597426e-01	-1.508138e-01	0.000000e+00	1	3.775025e-03
8.287498e-01	3.636080e-01	-1.485702e-01	-1.585479e-01	-1.478161e-01	-1.264496e-01	-1.524317e-01	0.000000e+00	1	3.773492e-03
8.067830e-01	4.037933e-01	-1.097535e-01	-1.444743e-01	-1.301786e-01	-1.394643e-01	-1.060146e-01	0.000000e+00	1	3.771444e-03
2.337960e-01	8.897794e-01	2.312752e-01	2.263871e-01	2.222565e-01	1.972142e-01	2.067812e-01	0.000000e+00	1	3.753293e-03
9.614211e-01	4.038705e-02	-3.655414e-01	-3.944539e-01	-3.239243e-01	-3.512335e-01	-3.614295e-01	0.000000e+00	1	3.753236e-03
1.844268e-01	9.096593e-01	2.709830e-01	2.451003e-01	2.274692e-01	2.582021e-01	2.282520e-01	0.000000e+00	1	3.752193e-03
1.179599e-01	9.334874e-01	3.020008e-01	2.957699e-01	2.843709e-01	2.810346e-01	2.817971e-01	0.000000e+00	1	3.735799e-03
1.346185e-01	9.277005e-01	2.741431e-01	2.619199e-01	2.925114e-01	2.880307e-01	2.710722e-01	0.000000e+00	1	3.734024e-03
8.961603e-01	2.175110e-01	-2.347708e-01	-2.283978e-01	-2.202818e-01	-2.261854e-01	-2.193724e-01	0.000000e+00	1	3.724311e-03
6.422472e-01	6.223884e-01	-1.816010e-02	-8.933952e-03	1.700405e-02	-1.030501e-02	-9.805388e-03	0.000000e+00	1	3.719973e-03
4.205767e-01	7.964913e-01	1.273579e-01	1.069896e-01	1.285656e-01	1.158150e-01	1.061852e-01	0.000000e+00	1	3.718299e-03
7.360249e-01	5.128456e-01	-3.514693e-02	-7.678987e-02	-5.604656e-02	-9.125815e-02	-8.328283e-02	0.000000e+00	1	3.698748e-03
6.466605e-02	9.521383e-01	3.221227e-01	3.321135e-01	3.254838e-01	3.240243e-01	3.579828e-01	0.000000e+00	1	3.691676e-03
9.133959e-01	1.745858e-01	-2.549317e-01	-2.654898e-01	-2.241180e-01	-2.434404e-01	-2.723452e-01	0.000000e+00	1	3.684200e-03
4.626685e-01	7.718672e-01	9.487945e-02	9.971425e-02	1.296291e-01	1.071063e-01	4.757376e-02	0.000000e+00	1	3.660084e-03
7.280926e-02	9.491320e-01	3.088684e-01	3.299805e-01	3.242916e-01	3.252655e-01	3.343782e-01	0.000000e+00	1	3.658714e-03
6.184267e-01	6.473000e-01	4.848196e-02	-6.402591e-03	1.700405e-02	-7.215648e-03	-7.881452e-03	0.000000e+00	1	3.653657e-03
9.359698e-01	1.109641e-01	-3.028597e-01	-2.784730e-01	-2.899889e-01	-3.044482e-01	-2.948828e-01	0.000000e+00	1	3.648021e-03
8.003569e-01	4.149339e-01	-1.360293e-01	-1.274830e-01	-9.457659e-02	-1.358215e-01	-1.071412e-01	0.000000e+00	1	3.643477e-03
5.129752e-01	7.364668e-01	8.871643e-02	7.851493e-02	8.143810e-02	2.122469e-02	7.341820e-02	0.000000e+00	1	3.643241e-03
1.118254e-01	9.371539e-01	2.707324e-01	2.722043e-01	3.521587e-01	2.880307e-01	2.974189e-01	0.000000e+00	1	3.617522e-03
2.988910e-02	9.654817e-01	4.078818e-01	3.914087e-01	3.621750e-01	3.617051e-01	3.416652e-01	0.000000e+00	1	3.609383e-03
7.096730e-01	5.464689e-01	-5.784714e-02	-3.540560e-02	-2.856994e-02	-7.302315e-02	-5.450700e-02	0.000000e+00	1	3.609059e-03
1.482723e-02	9.734736e-01	3.861247e-01	3.462579e-01	4.253176e-01	4.359543e-01	4.270109e-01	0.000000e+00	1	3.597221e-03
3.192447e-01	8.519712e-01	1.610435e-01	1.878012e-01	1.864609e-01	1.361181e-01	1.815222e-01	0.000000e+00	1	3.596438e-03
9.271620e-01	1.366548e-01	-2.774895e-01	-2.575920e-01	-2.613290e-01	-2.932750e-01	-2.925273e-01	0.000000e+00	1	3.585361e-03
5.219122e-01	7.298645e-01	4.730386e-02	1.100292e-01	3.933978e-02	5.933442e-02	6.311918e-02	0.000000e+00	1	3.583693e-03
9.225120e-01	1.499931e-01	-2.829607e-01	-2.575920e-01	-2.634019e-01	-2.431910e-01	-2.917677e-01	0.000000e+00	1	3.582710e-03
6.982278e-01	5.604756e-01	-4.355158e-02	-1.296446e-02	-4.184116e-02	-5.702702e-02	-5.481781e-02	0.000000e+00	1	3.579098e-03
1.014749e-01	9.395966e-01	2.848911e-01	3.185755e-01	3.005443e-01	2.831158e-01	3.220565e-01	0.000000e+00	1	3.577322e-03
1.945250e-01	9.059754e-01	2.640410e-01	2.607916e-01	2.371933e-01	2.141700e-01	2.245033e-01	0.000000e+00	1	3.567864e-03
2.083077e-01	9.007348e-01	2.718420e-01	2.325090e-01	2.198703e-01	2.082575e-01	2.282520e-01	0.000000e+00	1	3.563476e-03
2.393185e-02	9.675633e-01	3.886969e-01	3.572922e-01	3.700780e-01	3.712487e-01	4.157138e-01	0.000000e+00	1	3.563456e-03
8.393698e-01	3.429003e-01	-1.584531e-01	-1.515189e-01	-1.549684e-01	-1.707862e-01	-1.517780e-01	0.000000e+00	1	3.548856e-03
4.488803e-01	7.801828e-01	1.262012e-01	7.820441e-02	7.993244e-02	9.717176e-02	1.323140e-01	0.000000e+00	1	3.536595e-03
7.300188e-01	5.214409e-01	-5.314396e-02	-4.027967e-02	-1.004131e-01	-4.434955e-02	-8.181036e-02	0.000000e+00	1	3.535260e-03
8.829080e-01	2.503922e-01	-1.952744e-01	-1.865718e-01	-2.153591e-01	-2.136633e-01	-2.269968e-01	0.000000e+00	1	3.520051e-03
7.168188e-01	5.378937e-01	-4.978282e-02	-5.064607e-02	-4.565749e-02	-9.155314e-02	-3.611555e-02	0.000000e+00	1	3.511258e-03
2.000940e-01	9.043348e-01	2.439159e-01	2.015411e-01	2.170782e-01	2.731090e-01	2.515062e-01	0.000000e+00	1	3.507474e-03
5.741043e-01	6.863523e-01	4.695181e-02	1.883393e-02	3.319683e-02	4.757581e-02	2.445844e-02	0.000000e+00	1	3.507460e-03
7.930699e-01	4.265603e-01	-1.093241e-01	-1.278153e-01	-9.608331e-02	-1.291398e-01	-1.074278e-01	0.000000e+00	1	3.504374e-03
5.618040e-01	6.973497e-01	4.968159e-02	1.163061e-02	3.486557e-02	4.571424e-02	6.499375e-02	0.000000e+00	1	3.502959e-03
2.765452e-01	8.711226e-01	2.045551e-01	1.883638e-01	1.917689e-01	1.822862e-01	1.974291e-01	0.000000e+00	1	3.501720e-03
9.421220e-01	9.448058e-02	-3.349192e-01	-2.784730e-01	-3.117139e-01	-3.069791e-01	-3.053079e-01	0.000000e+00	1	3.490277e-03
6.624515e-01	6.014800e-01	1.239937e-02	-1.859006e-02	-2.581268e-02	-2.860171e-02	-3.221887e-02	0.000000e+00	1	3.481155e-03
2.233769e-01	8.938902e-01	2.299944e-01	2.147879e-01	2.339958e-01	2.096984e-01	2.242363e-01	0.000000e+00	1	3.476335e-03
7.954542e-01	4.237948e-01	-1.179577e-01	-1.444743e-01	-1.301786e-01	-9.713974e-02	-8.920790e-02	0.000000e+00	1	3.472343e-03
7.520634e-01	4.894652e-01	-8.784907e-02	-6.133912e-02	-8.133608e-02	-7.364694e-02	-9.959868e-02	0.000000e+00	1	3.460755e-03
8.341189e-01	3.562292e-01	-1.374869e-01	-2.036905e-01	-1.357468e-01	-1.332215e-01	-1.479214e-01	0.000000e+00	1	3.453096e-03
5.945880e-02	9.543796e-01	3.772788e-01	3.287514e-01	3.246689e-01	3.233679e-01	3.375747e-01	0.000000e+00	1	3.451042e-03
8.912380e-01	2.301521e-01	-2.159980e-01	-2.023338e-01	-2.180963e-01	-2.394096e-01	-2.181758e-01	0.000000e+00	1	3.450779e-03
8.918875e-01	2.288564e-01	-1.951204e-01	-2.194223e-01	-2.314227e-01	-2.349194e-01	-2.174174e-01	0.000000e+00	1	3.440834e-03
6.104369e-01	6.546378e-01	-1.481900e-02	-1.273408e-03	3.030159e-02	1.249502e-02	4.061941e-02	0.000000e+00	1	3.436007e-03
8.777124e-01	2.662842e-01	-2.389876e-01	-1.603579e-01	-2.067924e-01	-1.684817e-01	-2.269968e-01	0.000000e+00	1	3.434197e-03
7.896827e-01	4.336450e-01	-1.084952e-01	-1.467590e-01	-1.228550e-01	-8.610012e-02	-8.955518e-02	0.000000e+00	1	3.429017e-03
8.778157e-01	2.640993e-01	-2.100559e-01	-1.855690e-01	-1.987461e-01	-2.406551e-01	-1.687249e-01	0.000000e+00	1	3.426560e-03
7.872880e-01	4.367725e-01	-1.122414e-01	-1.401806e-01	-1.096882e-01	-8.564936e-02	-9.658007e-02	0.000000e+00	1	3.412513e-03
7.337552e-01	5.151226e-01	-8.214620e-02	-5.041480e-02	-8.172126e-02	-7.327058e-02	-4.756675e-02	0.000000e+00	1	3.410613e-03
2.470970e-02	9.669568e-01	3.886969e-01	3.572922e-01	3.700780e-01	3.712487e-01	4.049114e-01	0.000000e+00	1	3.409534e-03
8.567443e-01	3.085052e-01	-1.535041e-01	-1.725085e-01	-1.860955e-01	-1.701931e-01	-1.977171e-01	0.000000e+00	1	3.403622e-03
9.501065e-01	7.259197e-02	-2.877293e-01	-3.575052e-01	-3.289279e-01	-3.173846e-01	-3.421814e-01	0.000000e+00	1	3.397920e-03
8.368053e-01	3.483164e-01	-1.583291e-01	-1.609915e-01	-1.575780e-01	-1.320550e-01	-1.650699e-01	0.000000e+00	1	3.386931e-03
1.803011e-01	9.111415e-01	2.640410e-01	2.607916e-01	2.350308e-01	2.248163e-01	2.573959e-01	0.000000e+00	1	3.381280e-03
6.306973e-01	6.351018e-01	-2.943114e-02	-1.751517e-03	3.420826e-02	-4.926392e-03	8.607952e-03	0.000000e+00	1	3.376473e-03
8.483474e-01	3.251723e-01	-1.584531e-01	-1.627369e-01	-1.835659e-01	-1.706118e-01	-1.591690e-01	0.000000e+00	1	3.373568e-03
3.294064e-01	8.462388e-01	1.511234e-01	1.595766e-01	1.772025e-01	1.642260e-01	1.711710e-01	0.000000e+00	1	3.372156e-03
4.523843e-01	7.770768e-01	1.171265e-01	1.077012e-01	9.451766e-02	1.080537e-01	7.501539e-02	0.000000e+00	1	3.368976e-03
7.859505e-01	4.391022e-01	-9.700219e-02	-1.250841e-01	-1.113726e-01	-1.289713e-01	-7.608861e-02	0.000000e+00	1	3.365963e-03
9.458638e-01	8.510696e-02	-3.006725e-01	-2.875416e-01	-3.519952e-01	-3.025134e-01	-3.377878e-01	0.000000e+00	1	3.362751e-03
6.121112e-01	6.528635e-01	-1.481900e-02	-1.273408e-03	3.130001e-02	1.249502e-02	3.434859e-02	0.000000e+00	1	3.359503e-03
7.541792e-01	4.862043e-01	-8.786149e-02	-6.133912e-02	-8.864196e-02	-8.438686e-02	-8.989068e-02	0.000000e+00	1	3.350405e-03
2.692181e-01	8.753302e-01	2.005289e-01	1.582262e-01	1.944768e-01	2.140950e-01	2.212645e-01	0.000000e+00	1	3.349724e-03
4.623103e-01	7.721014e-01	9.582965e-02	9.971425e-02	1.296254e-01	1.071063e-01	4.757376e-02	0.000000e+00	1	3.343844e-03
4.345427e-01	7.889750e-01	8.888010e-02	8.427749e-02	1.297319e-01	1.370460e-01	1.110640e-01	0.000000e+00	1	3.341695e-03
1.219191e-01	9.329580e-01	2.731801e-01	2.609490e-01	3.244284e-01	3.031288e-01	2.763402e-01	0.000000e+00	1	3.337160e-03
5.818224e-01	6.795552e-01	4.803214e-02	1.900991e-02	3.084326e-02	2.153733e-02	2.938564e-02	0.000000e+00	1	3.336061e-03
8.504731e-01	3.235832e-01	-1.478907e-01	-1.640065e-01	-2.168120e-01	-1.678110e-01	-1.472224e-01	0.000000e+00	1	3.334189e-03
8.882420e-01	2.375813e-01	-1.951204e-01	-2.194223e-01	-2.179533e-01	-2.349194e-01	-2.059866e-01	0.000000e+00	1	3.331464e-03
4.730205e-01	7.629722e-01	9.616844e-02	9.697239e-02	8.646223e-02	8.173863e-02	8.530413e-02	0.000000e+00	1	3.323164e-03
9.338882e-01	1.185326e-01	-3.246743e-01	-2.640558e-01	-2.814520e-01	-2.876207e-01	-2.901855e-01	0.000000e+00	1	3.315469e-03
4.246195e-01	7.940664e-01	1.273579e-01	1.016164e-01	1.234031e-01	1.158150e-01	1.061852e-01	0.000000e+00	1	3.314013e-03
4.941631e-01	7.483352e-01	7.563453e-02	7.561395e-02	7.434562e-02	7.614212e-02	8.852273e-02	0.000000e+00	1	3.305839e-03
5.479635e-01	7.086784e-01	5.328812e-02	7.402468e-02	4.698799e-02	5.284110e-02	1.845397e-02	0.000000e+00	1	3.300895e-03
1.475151e-01	9.229331e-01	2.590551e-01	2.766667e-01	2.749918e-01	2.731090e-01	2.597647e-01	0.000000e+00	1	3.299091e-03
9.638618e-01	3.366886e-02	-3.625721e-01	-4.089937e-01	-3.660309e-01	-3.466066e-01	-3.528136e-01	0.000000e+00	1	3.295808e-03
5.851415e-01	6.766410e-01	2.249578e-02	1.791980e-02	4.352420e-02	1.897352e-02	3.637948e-02	0.000000e+00	1	3.292426e-03
2.603676e-01	8.784621e-01	1.923273e-01	2.078054e-01	1.833464e-01	2.106797e-01	2.153851e-01	0.000000e+00	1	3.285544e-03
1.014749e-01	9.395966e-01	2.848911e-01	3.185755e-01	3.005443e-01	2.831158e-01	3.220565e-01	0.000000e+00	1	3.282695e-03
7.850369e-02	9.473072e-01	3.279444e-01	3.326806e-01	3.152650e-01	3.254709e-01	2.982780e-01	0.000000e+00	1	3.272507e-03
7.383547e-01	5.099307e-01	-3.514693e-02	-7.678987e-02	-5.604656e-02	-9.125815e-02	-9.157347e-02	0.000000e+00	1	3.262657e-03
2.891580e-01	8.658385e-01	1.894648e-01	1.649599e-01	1.987009e-01	2.068601e-01	1.721224e-01	0.000000e+00	1	3.259252e-03
9.304980e-01	1.278693e-01	-2.595387e-01	-2.795047e-01	-2.675397e-01	-3.069729e-01	-3.005242e-01	0.000000e+00	1	3.255051e-03
5.678297e-01	6.927428e-01	5.258438e-02	1.093029e-02	1.592731e-02	4.626424e-02	6.499375e-02	0.000000e+00	1	3.255021e-03
3.749548e-01	8.225971e-01	1.366767e-01	1.601604e-01	1.391845e-01	1.313517e-01	1.366531e-01	0.000000e+00	1	3.247851e-03
1.741634e-01	9.133927e-01	2.709830e-01	2.451003e-01	2.580528e-01	2.582021e-01	2.282520e-01	0.000000e+00	1	3.242132e-03
8.523218e-01	3.196017e-01	-2.099862e-01	-1.880650e-01	-1.450655e-01	-1.615269e-01	-1.493348e-01	0.000000e+00	1	3.239823e-03
1.265139e-01	9.314688e-01	2.622694e-01	3.150915e-01	2.780816e-01	3.111920e-01	2.561770e-01	0.000000e+00	1	3.239363e-03
7.909800e-01	4.299112e-01	-1.093543e-01	-1.222508e-01	-9.608331e-02	-1.291665e-01	-1.040415e-01	0.000000e+00	1	3.233561e-03
7.004865e-01	5.581886e-01	-5.828877e-02	-4.972376e-02	-2.856994e-02	-6.575512e-02	-1.496556e-02	0.000000e+00	1	3.232048e-03
9.014502e-01	2.059341e-01	-2.562502e-01	-2.177724e-01	-2.220251e-01	-2.560441e-01	-2.143555e-01	0.000000e+00	1	3.218418e-03
3.419016e-01	8.399259e-01	1.511234e-01	1.595766e-01	1.699514e-01	1.630234e-01	1.466175e-01	0.000000e+00	1	3.205619e-03
2.379387e-01	8.882949e-01	2.002925e-01	2.399512e-01	1.958271e-01	2.103525e-01	2.269814e-01	0.000000e+00	1	3.205344e-03
9.688134e-01	2.017976e-02	-4.066226e-01	-3.593434e-01	-3.937686e-01	-3.768417e-01	-3.905674e-01	0.000000e+00	1	3.202583e-03
9.148554e-01	1.718518e-01	-2.734473e-01	-2.833308e-01	-2.284604e-01	-2.578758e-01	-2.285607e-01	0.000000e+00	1	3.195417e-03
5.821026e-01	6.793089e-01	4.803214e-02	1.900991e-02	3.003905e-02	2.153733e-02	2.938564e-02	0.000000e+00	1	3.193977e-03
6.520573e-01	6.123503e-01	-1.058302e-02	8.094804e-03	-3.396990e-02	-1.776463e-02	-6.187156e-03	0.000000e+00	1	3.188376e-03
5.548845e-01	7.027932e-01	4.807623e-02	1.767332e-02	4.605680e-02	4.883266e-02	6.515109e-02	0.000000e+00	1	3.183865e-03
6.386786e-01	6.266597e-01	-1.243172e-02	-1.875833e-02	-1.544828e-02	-1.306935e-03	2.965282e-02	0.000000e+00	1	3.182894e-03
4.200722e-01	7.967759e-01	1.273579e-01	1.084739e-01	1.283500e-01	1.158150e-01	1.061852e-01	0.000000e+00	1	3.180685e-03
7.206498e-01	5.328751e-01	-5.290647e-02	-5.064607e-02	-6.009934e-02	-9.007389e-02	-3.368196e-02	0.000000e+00	1	3.178404e-03
9.673010e-01	2.396044e-02	-3.759655e-01	-4.029368e-01	-3.871249e-01	-3.505592e-01	-3.819242e-01	0.000000e+00	1	3.177342e-03
1.964725e-01	9.054886e-01	2.310490e-01	2.500874e-01	2.341498e-01	2.750271e-01	2.061459e-01	0.000000e+00	1	3.174751e-03
8.122400e-01	3.941235e-01	-1.059505e-01	-1.297478e-01	-1.301786e-01	-1.501106e-01	-1.389072e-01	0.000000e+00	1	3.171795e-03
8.812303e-01	2.536297e-01	-2.079743e-01	-1.880111e-01	-2.072827e-01	-2.122376e-01	-2.119873e-01	0.000000e+00	1	3.162201e-03
8.047085e-01	4.075532e-01	-1.110969e-01	-1.233937e-01	-1.534489e-01	-1.273754e-01	-1.050640e-01	0.000000e+00	1	3.161282e-03
8.556100e-01	3.105450e-01	-1.600224e-01	-1.742824e-01	-1.948862e-01	-1.810827e-01	-1.636844e-01	0.000000e+00	1	3.147986e-03
9.002851e-01	2.101719e-01	-2.556095e-01	-2.657632e-01	-2.043045e-01	-2.130564e-01	-2.181522e-01	0.000000e+00	1	3.145150e-03
6.899662e-01	5.711230e-01	-5.784714e-02	-5.788272e-02	-2.865211e-02	-8.028350e-04	-3.620989e-02	0.000000e+00	1	3.140129e-03
5.276023e-01	7.253402e-01	5.953239e-02	8.988927e-02	4.108430e-02	8.298268e-02	2.965951e-02	0.000000e+00	1	3.133320e-03
7.160979e-01	5.387185e-01	-5.290647e-02	-5.064607e-02	-4.543379e-02	-8.877352e-02	-3.357527e-02	0.000000e+00	1	3.118067e-03
1.233820e-01	9.323962e-01	2.618877e-01	3.150915e-01	2.780816e-01	3.111920e-01	2.661762e-01	0.000000e+00	1	3.117300e-03
7.971971e-01	4.201123e-01	-9.700219e-02	-1.086281e-01	-1.113726e-01	-1.289713e-01	-1.413290e-01	0.000000e+00	1	3.114741e-03
9.622877e-01	3.688994e-02	-3.877115e-01	-3.731158e-01	-3.389030e-01	-3.632094e-01	-3.483769e-01	0.000000e+00	1	3.113477e-03
3.035101e-01	8.589340e-01	1.735268e-01	1.574048e-01	1.926814e-01	1.862163e-01	1.828234e-01	0.000000e+00	1	3.095641e-03
8.101555e-01	3.978140e-01	-1.169005e-01	-1.442932e-01	-1.386796e-01	-1.390282e-01	-1.064059e-01	0.000000e+00	1	3.093237e-03
9.084868e-01	1.895263e-01	-2.548911e-01	-2.856926e-01	-2.171080e-01	-2.456537e-01	-2.159465e-01	0.000000e+00	1	3.091237e-03
9.660447e-01	2.802631e-02	-3.761670e-01	-4.040970e-01	-3.934128e-01	-3.512335e-01	-3.501921e-01	0.000000e+00	1	3.090171e-03
3.247330e-01	8.497419e-01	1.552414e-01	1.578033e-01	1.845137e-01	1.371840e-01	2.053224e-01	0.000000e+00	1	3.079579e-03
8.783841e-01	2.602697e-01	-1.929054e-01	-1.880111e-01	-2.068681e-01	-2.094875e-01	-2.119873e-01	0.000000e+00	1	3.073885e-03
1.879653e-01	9.089074e-01	2.640505e-01	2.607916e-01	2.466621e-01	2.537370e-01	1.977018e-01	0.000000e+00	1	3.065304e-03
4.510071e-01	7.781473e-01	9.816134e-02	8.420508e-02	1.261530e-01	8.374719e-02	1.142429e-01	0.000000e+00	1	3.050595e-03
7.502571e-01	4.926782e-01	-4.907943e-02	-7.674164e-02	-1.037532e-01	-7.980726e-02	-8.680141e-02	0.000000e+00	1	3.049775e-03
5.231631e-01	7.286060e-01	4.292031e-02	8.988927e-02	7.588106e-02	7.603864e-02	3.033425e-02	0.000000e+00	1	3.049479e-03
3.356843e-01	8.434863e-01	1.711341e-01	1.579487e-01	1.786745e-01	1.338157e-01	1.665497e-01	0.000000e+00	1	3.047835e-03
9.076972e-01	1.907517e-01	-2.548911e-01	-2.739781e-01	-2.171080e-01	-2.517195e-01	-2.159465e-01	0.000000e+00	1	3.035313e-03
8.464718e-01	3.296600e-01	-1.722371e-01	-1.765422e-01	-1.551564e-01	-1.801781e-01	-1.398217e-01	0.000000e+00	1	3.034678e-03
3.011231e-02	9.653148e-01	4.050580e-01	3.914087e-01	3.621750e-01	3.617051e-01	3.416652e-01	0.000000e+00	1	3.027820e-03
9.294301e-01	1.300956e-01	-2.668322e-01	-2.795047e-01	-2.652733e-01	-2.923107e-01	-3.002064e-01	0.000000e+00	1	3.015794e-03
2.155520e-01	8.976145e-01	2.439159e-01	2.282755e-01	2.139689e-01	2.006234e-01	2.515062e-01	0.000000e+00	1	3.015700e-03
8.741976e-01	2.710376e-01	-1.816384e-01	-1.776549e-01	-2.067924e-01	-1.890601e-01	-2.269968e-01	0.000000e+00	1	3.013030e-03
8.736247e-01	2.739405e-01	-2.197158e-01	-1.880111e-01	-2.307137e-01	-1.661342e-01	-1.727973e-01	0.000000e+00	1	3.008744e-03
5.325653e-01	7.222658e-01	5.151793e-02	7.383215e-02	4.698799e-02	1.007972e-01	1.788624e-02	0.000000e+00	1	2.998912e-03
8.058006e-01	4.061684e-01	-9.618117e-02	-1.438498e-01	-1.386796e-01	-1.397027e-01	-1.064059e-01	0.000000e+00	1	2.989736e-03
8.504912e-01	3.208096e-01	-1.584531e-01	-1.742981e-01	-1.835659e-01	-1.706118e-01	-1.591690e-01	0.000000e+00	1	2.987648e-03
6.194437e-01	6.454993e-01	-1.305101e-02	2.910834e-03	3.305882e-02	-8.948101e-04	1.762383e-02	0.000000e+00	1	2.984242e-03
9.469623e-01	8.098456e-02	-3.159464e-01	-2.841058e-01	-3.288682e-01	-3.182515e-01	-3.473124e-01	0.000000e+00	1	2.982450e-03
2.482688e-01	8.837364e-01	1.999583e-01	2.274120e-01	1.887696e-01	2.104785e-01	2.167972e-01	0.000000e+00	1	2.979456e-03
9.777589e-01	6.167644e-03	-3.792313e-01	-4.169381e-01	-4.382626e-01	-4.281249e-01	-4.614979e-01	0.000000e+00	1	2.973726e-03
6.910094e-01	5.700157e-01	-5.784714e-02	-6.120829e-02	-2.865211e-02	-8.028350e-04	-3.620989e-02	0.000000e+00	1	2.958188e-03
3.266264e-01	8.477065e-01	1.479434e-01	1.597692e-01	1.768908e-01	1.709106e-01	1.754594e-01	0.000000e+00	1	2.952199e-03
7.137031e-01	5.408631e-01	-4.313142e-02	-3.971862e-02	-5.417232e-02	-5.551229e-02	-7.149967e-02	0.000000e+00	1	2.940494e-03
7.082713e-01	5.482129e-01	-5.784714e-02	-4.925200e-02	-3.042221e-02	-7.370524e-02	-3.328012e-02	0.000000e+00	1	2.938617e-03
5.922993e-01	6.708581e-01	2.509124e-02	1.041476e-02	7.174514e-03	2.280125e-02	5.417267e-02	0.000000e+00	1	2.927376e-03
7.608085e-01	4.798289e-01	-4.389477e-02	-1.087725e-01	-7.656945e-02	-1.289713e-01	-7.608861e-02	0.000000e+00	1	2.923881e-03
1.102531e-02	9.765299e-01	4.492047e-01	3.462579e-01	4.253176e-01	4.431135e-01	4.273569e-01	0.000000e+00	1	2.917180e-03
3.448215e-01	8.388570e-01	1.470974e-01	1.579487e-01	1.786745e-01	1.338157e-01	1.665497e-01	0.000000e+00	1	2.916512e-03
2.051119e-01	9.018834e-01	2.703676e-01	2.325090e-01	2.301027e-01	2.082575e-01	2.282520e-01	0.000000e+00	1	2.900199e-03
1.347854e-01	9.276246e-01	2.707324e-01	2.646367e-01	2.925114e-01	2.880307e-01	2.710722e-01	0.000000e+00	1	2.890000e-03
6.591641e-01	6.049863e-01	1.239937e-02	-1.859006e-02	-1.544828e-02	-2.860171e-02	-3.222525e-02	0.000000e+00	1	2.888546e-03
8.889430e-01	2.370254e-01	-2.525801e-01	-1.976487e-01	-2.173922e-01	-1.989152e-01	-2.107908e-01	0.000000e+00	1	2.888410e-03
7.021572e-01	5.561910e-01	-5.828877e-02	-6.143827e-02	-2.856994e-02	-5.968936e-02	-1.496556e-02	0.000000e+00	1	2.886172e-03
2.358563e-01	8.889550e-01	1.910130e-01	2.263871e-01	2.222565e-01	2.123873e-01	2.261995e-01	0.000000e+00	1	2.883218e-03
1.821714e-01	9.104369e-01	2.709830e-01	2.451003e-01	2.338455e-01	2.582021e-01	2.282520e-01	0.000000e+00	1	2.873364e-03
3.064758e-01	8.583532e-01	1.477812e-01	2.170347e-01	1.768908e-01	1.708040e-01	1.754594e-01	0.000000e+00	1	2.866601e-03
4.043205e-01	8.065005e-01	1.359026e-01	1.402219e-01	1.163941e-01	1.370813e-01	9.897441e-02	0.000000e+00	1	2.857983e-03
9.237188e-01	1.464125e-01	-2.486710e-01	-2.568696e-01	-2.853558e-01	-2.907733e-01	-2.683683e-01	0.000000e+00	1	2.845502e-03
5.743609e-02	9.546653e-01	3.657587e-01	3.306019e-01	3.341521e-01	3.351269e-01	3.307145e-01	0.000000e+00	1	2.841626e-03
7.883568e-01	4.348490e-01	-1.122414e-01	-1.401806e-01	-1.096882e-01	-9.453464e-02	-9.241664e-02	0.000000e+00	1	2.829728e-03
5.365047e-01	7.176038e-01	4.758452e-02	8.434183e-02	5.383614e-02	5.711520e-02	3.410696e-02	0.000000e+00	1	2.827560e-03
9.484983e-01	7.506112e-02	-3.349192e-01	-3.325020e-01	-3.107631e-01	-3.310118e-01	-3.053079e-01	0.000000e+00	1	2.812664e-03
1.146472e-01	9.353168e-01	2.864001e-01	3.311993e-01	2.925114e-01	2.824172e-01	2.701312e-01	0.000000e+00	1	2.808203e-03
6.037326e-01	6.602965e-01	-1.168330e-02	2.474584e-02	3.168040e-02	2.644656e-02	1.490811e-02	0.000000e+00	1	2.806373e-03
4.770348e-01	7.605009e-01	9.885831e-02	7.851493e-02	8.459056e-02	1.011909e-01	7.341820e-02	0.000000e+00	1	2.800091e-03
5.377464e-01	7.167801e-01	4.758452e-02	8.434183e-02	5.284145e-02	5.951371e-02	2.957538e-02	0.000000e+00	1	2.796838e-03
8.132668e-01	3.924041e-01	-1.059505e-01	-1.395525e-01	-1.250237e-01	-1.501106e-01	-1.389072e-01	0.000000e+00	1	2.787816e-03
3.543008e-01	8.341262e-01	1.393831e-01	1.413406e-01	1.786745e-01	1.338157e-01	1.665497e-01	0.000000e+00	1	2.784422e-03
3.722548e-01	8.244939e-01	1.511092e-01	1.387472e-01	1.146240e-01	1.641493e-01	1.438155e-01	0.000000e+00	1	2.783684e-03
1.399228e-02	9.742949e-01	3.922118e-01	3.462579e-01	4.253176e-01	4.475759e-01	4.273569e-01	0.000000e+00	1	2.780628e-03
7.966542e-01	4.219703e-01	-9.924747e-02	-1.077185e-01	-1.475404e-01	-1.363186e-01	-9.318972e-02	0.000000e+00	1	2.780190e-03
8.330807e-01	3.583449e-01	-1.509936e-01	-1.746789e-01	-9.902934e-02	-1.691039e-01	-1.589331e-01	0.000000e+00	1	2.757325e-03
7.538221e-01	4.867908e-01	-8.786149e-02	-6.133912e-02	-8.133608e-02	-8.438686e-02	-9.574645e-02	0.000000e+00	1	2.755198e-03
6.037103e-01	6.616928e-01	5.127264e-02	2.693614e-02	-2.599821e-02	2.118960e-02	1.503137e-02	0.000000e+00	1	2.753687e-03
3.405928e-01	8.408846e-01	1.511234e-01	1.595766e-01	1.753822e-01	1.375077e-01	1.711710e-01	0.000000e+00	1	2.744643e-03
2.305329e-01	8.909569e-01	2.312752e-01	2.263871e-01	2.118378e-01	2.160128e-01	2.067812e-01	0.000000e+00	1	2.742559e-03
1.607030e-01	9.191760e-01	3.030425e-01	2.453826e-01	2.705068e-01	2.586729e-01	2.306571e-01	0.000000e+00	1	2.734692e-03
8.170927e-01	3.852308e-01	-1.461848e-01	-1.432018e-01	-1.462804e-01	-1.274402e-01	-1.145710e-01	0.000000e+00	1	2.731644e-03
7.429326e-01	5.026409e-01	-8.214620e-02	-7.846916e-02	-4.339849e-02	-7.791779e-02	-8.700500e-02	0.000000e+00	1	2.730831e-03
9.665125e-01	2.610778e-02	-3.761670e-01	-4.040970e-01	-3.648570e-01	-3.512335e-01	-3.876050e-01	0.000000e+00	1	2.727354e-03
3.804376e-01	8.201569e-01	1.367826e-01	1.426643e-01	1.252854e-01	1.692468e-01	1.174851e-01	0.000000e+00	1	2.726706e-03
3.510429e-01	8.355721e-01	1.553506e-01	1.607117e-01	1.753369e-01	1.346553e-01	1.414168e-01	0.000000e+00	1	2.724619e-03
6.591641e-01	6.049863e-01	1.239937e-02	-1.859006e-02	-1.544828e-02	-2.860171e-02	-3.222525e-02	0.000000e+00	1	2.714786e-03
8.033433e-01	4.098802e-01	-1.110969e-01	-1.233937e-01	-1.534489e-01	-1.212810e-01	-1.050640e-01	0.000000e+00	1	2.713249e-03
9.682844e-01	2.167930e-02	-4.066226e-01	-3.650528e-01	-3.937686e-01	-3.608737e-01	-3.905674e-01	0.000000e+00	1	2.712397e-03
4.974351e-01	7.465938e-01	9.538350e-02	7.851493e-02	8.459056e-02	5.086913e-02	7.341820e-02	0.000000e+00	1	2.710095e-03
5.931794e-01	6.693105e-01	2.509124e-02	1.041476e-02	3.454852e-02	2.280125e-02	2.296833e-02	0.000000e+00	1	2.709354e-03
9.755347e-01	9.227280e-03	-3.798798e-01	-3.866264e-01	-4.420037e-01	-4.150360e-01	-4.455041e-01	0.000000e+00	1	2.707546e-03
6.651535e-01	5.989833e-01	1.843599e-02	-2.931505e-02	-3.026933e-02	-2.647606e-02	-3.318366e-02	0.000000e+00	1	2.695227e-03
6.511864e-01	6.131854e-01	-1.223928e-02	3.421723e-03	-3.533328e-02	-9.107393e-03	-4.548504e-03	0.000000e+00	1	2.693024e-03
8.282939e-01	3.644439e-01	-1.485702e-01	-1.585479e-01	-1.478161e-01	-1.264496e-01	-1.502106e-01	0.000000e+00	1	2.688484e-03
6.570335e-01	6.069972e-01	-2.470042e-02	-4.212549e-03	-3.670451e-02	-4.926392e-03	-5.585269e-03	0.000000e+00	1	2.677228e-03
9.463987e-01	8.244441e-02	-3.366504e-01	-2.841058e-01	-3.251220e-01	-3.067767e-01	-3.350314e-01	0.000000e+00	1	2.675525e-03
5.946494e-01	6.679208e-01	1.664351e-02	1.847072e-02	3.454852e-02	2.280125e-02	1.899222e-02	0.000000e+00	1	2.674832e-03
5.904109e-01	6.737247e-01	1.527198e-02	-1.123424e-02	3.454852e-02	2.384512e-02	6.469632e-02	0.000000e+00	1	2.674828e-03
1.138594e-02	9.754591e-01	4.315655e-01	3.462579e-01	4.253176e-01	4.359543e-01	4.270109e-01	0.000000e+00	1	2.665520e-03
9.219043e-01	1.515894e-01	-2.794697e-01	-2.575920e-01	-2.613290e-01	-2.431910e-01	-2.919144e-01	0.000000e+00	1	2.658274e-03
7.213208e-01	5.308866e-01	-5.290647e-02	-5.064607e-02	-5.942069e-02	-5.418295e-02	-7.397055e-02	0.000000e+00	1	2.657074e-03
3.332095e-01	8.454497e-01	1.445530e-01	1.578033e-01	1.845137e-01	1.348910e-01	1.954976e-01	0.000000e+00	1	2.648734e-03
7.942394e-01	4.263316e-01	-1.124043e-01	-1.577437e-01	-1.100117e-01	-1.043754e-01	-8.864617e-02	0.000000e+00	1	2.638818e-03
1.159083e-01	9.342386e-01	3.020008e-01	2.957699e-01	2.773222e-01	2.957315e-01	2.817971e-01	0.000000e+00	1	2.634727e-03
6.084101e-01	6.558681e-01	-1.376311e-02	2.867737e-02	1.833260e-02	1.574958e-02	2.322297e-02	0.000000e+00	1	2.631148e-03
2.911877e-01	8.648775e-01	1.894648e-01	1.597605e-01	1.897826e-01	2.069553e-01	1.805563e-01	0.000000e+00	1	2.612211e-03
8.121613e-02	9.465269e-01	3.037769e-01	3.314784e-01	2.963335e-01	3.233679e-01	3.348166e-01	0.000000e+00	1	2.608911e-03
1.607030e-01	9.191760e-01	3.030425e-01	2.453826e-01	2.705068e-01	2.586729e-01	2.306571e-01	0.000000e+00	1	2.608370e-03
8.099691e-01	3.981454e-01	-1.169005e-01	-1.438498e-01	-1.386796e-01	-1.390282e-01	-1.059929e-01	0.000000e+00	1	2.607282e-03
4.932771e-01	7.488876e-01	7.902206e-02	8.044610e-02	8.034518e-02	7.632280e-02	7.632945e-02	0.000000e+00	1	2.602503e-03
9.535794e-01	6.417279e-02	-3.761670e-01	-2.933481e-01	-3.127991e-01	-3.466066e-01	-3.501921e-01	0.000000e+00	1	2.589922e-03
6.073972e-01	6.567331e-01	-1.004944e-02	2.867737e-02	1.792357e-02	1.165819e-02	2.686080e-02	0.000000e+00	1	2.586603e-03
6.350273e-01	6.304800e-01	-1.816010e-02	2.462004e-02	1.700405e-02	-9.954087e-03	-2.043188e-02	0.000000e+00	1	2.580696e-03
8.014431e-01	4.135707e-01	-1.206350e-01	-1.077185e-01	-1.475404e-01	-1.363186e-01	-9.318972e-02	0.000000e+00	1	2.580217e-03
7.906518e-01	4.304525e-01	-1.069199e-01	-1.223542e-01	-9.607562e-02	-1.291398e-01	-1.049990e-01	0.000000e+00	1	2.578160e-03
8.791140e-01	2.593993e-01	-1.952744e-01	-1.865718e-01	-2.153785e-01	-1.890601e-01	-2.269968e-01	0.000000e+00	1	2.576120e-03
7.513428e-01	4.910651e-01	-9.751438e-02	-7.905780e-02	-5.103305e-02	-9.793158e-02	-7.485613e-02	0.000000e+00	1	2.572017e-03
7.251385e-01	5.263171e-01	-5.290647e-02	-5.064607e-02	-7.937763e-02	-7.346154e-02	-4.786506e-02	0.000000e+00	1	2.568970e-03
4.246195e-01	7.940664e-01	1.273579e-01	1.016164e-01	1.234031e-01	1.158150e-01	1.061852e-01	0.000000e+00	1	2.562560e-03
4.552332e-01	7.757982e-01	9.540446e-02	8.461528e-02	1.333947e-01	1.076204e-01	7.526691e-02	0.000000e+00	1	2.562333e-03
8.761486e-01	2.691337e-01	-1.825200e-01	-1.864855e-01	-2.080054e-01	-2.494596e-01	-1.658674e-01	0.000000e+00	1	2.542283e-03
5.400991e-01	7.157398e-01	4.651249e-02	7.910920e-02	3.465084e-02	2.453800e-02	8.414418e-02	0.000000e+00	1	2.540727e-03
2.268654e-01	8.926897e-01	2.001089e-01	2.236380e-01	2.341498e-01	2.103525e-01	2.356573e-01	0.000000e+00	1	2.529236e-03
4.704653e-01	7.650718e-01	9.616844e-02	7.668261e-02	8.646223e-02	8.173863e-02	1.132718e-01	0.000000e+00	1	2.528492e-03
8.822709e-01	2.529584e-01	-2.130171e-01	-1.725085e-01	-2.080054e-01	-2.365868e-01	-2.027974e-01	0.000000e+00	1	2.518705e-03
7.743144e-01	4.578084e-01	-1.043759e-01	-8.816292e-02	-6.328771e-02	-1.291398e-01	-1.049990e-01	0.000000e+00	1	2.518175e-03
3.022548e-01	8.601740e-01	1.879798e-01	2.122673e-01	1.662515e-01	1.810738e-01	1.510222e-01	0.000000e+00	1	2.503418e-03
5.960156e-01	6.669265e-01	2.507761e-02	2.355540e-03	3.469073e-02	2.280544e-02	2.296833e-02	0.000000e+00	1	2.486159e-03
4.557582e-01	7.754498e-01	9.540446e-02	8.461528e-02	1.333947e-01	1.063200e-01	7.516021e-02	0.000000e+00	1	2.480106e-03
9.239170e-01	1.458454e-01	-2.486710e-01	-2.568696e-01	-2.848660e-01	-2.907733e-01	-2.706839e-01	0.000000e+00	1	2.478002e-03
1.282747e-01	9.309665e-01	2.622694e-01	3.150915e-01	2.780816e-01	3.111920e-01	2.509667e-01	0.000000e+00	1	2.473779e-03
2.402712e-01	8.871141e-01	1.921460e-01	2.147879e-01	2.339958e-01	2.096984e-01	2.151848e-01	0.000000e+00	1	2.472626e-03
4.795866e-01	7.586778e-01	9.201447e-02	8.153754e-02	8.143810e-02	1.011909e-01	7.341820e-02	0.000000e+00	1	2.465922e-03
2.990237e-01	8.613455e-01	1.919617e-01	2.084358e-01	1.744333e-01	1.673763e-01	1.636737e-01	0.000000e+00	1	2.461481e-03
2.797192e-01	8.697268e-01	2.005289e-01	1.877685e-01	1.941725e-01	1.764239e-01	1.970293e-01	0.000000e+00	1	2.460218e-03
9.631727e-01	3.522959e-02	-3.541654e-01	-4.029368e-01	-3.717069e-01	-3.466066e-01	-3.501379e-01	0.000000e+00	1	2.457227e-03
5.904234e-01	6.722675e-01	2.249578e-02	3.246456e-03	4.352420e-02	1.897352e-02	3.637948e-02	0.000000e+00	1	2.436594e-03
5.734120e-01	6.880405e-01	5.345468e-02	1.142093e-02	2.550053e-02	1.783359e-02	6.673202e-02	0.000000e+00	1	2.427457e-03
6.570335e-01	6.069972e-01	-2.470042e-02	-4.212549e-03	-3.670451e-02	-4.926392e-03	-5.585269e-03	0.000000e+00	1	2.423611e-03
7.300188e-01	5.214409e-01	-5.314396e-02	-4.027967e-02	-1.004131e-01	-4.434955e-02	-8.181036e-02	0.000000e+00	1	2.413896e-03
6.741291e-01	5.882930e-01	-2.494558e-02	-2.573921e-02	-2.705711e-02	-4.926392e-03	-4.803583e-02	0.000000e+00	1	2.408865e-03
6.504080e-01	6.159562e-01	-2.518713e-02	2.444371e-02	-1.237649e-02	1.055081e-02	-4.997284e-02	0.000000e+00	1	2.403548e-03
2.266069e-01	8.928792e-01	2.002925e-01	2.227778e-01	2.446773e-01	2.103525e-01	2.269814e-01	0.000000e+00	1	2.402576e-03
1.681003e-01	9.156081e-01	2.316609e-01	2.565925e-01	2.692070e-01	2.538961e-01	2.678090e-01	0.000000e+00	1	2.388995e-03
1.120280e-01	9.358391e-01	2.848911e-01	2.947492e-01	2.840307e-01	2.831158e-01	3.220565e-01	0.000000e+00	1	2.387174e-03
4.730205e-01	7.629722e-01	9.616844e-02	9.697239e-02	8.646223e-02	8.173863e-02	8.530413e-02	0.000000e+00	1	2.385134e-03
4.704653e-01	7.650718e-01	9.616844e-02	7.668261e-02	8.646223e-02	8.173863e-02	1.132718e-01	0.000000e+00	1	2.385134e-03
7.744798e-01	4.558513e-01	-1.085088e-01	-8.527160e-02	-1.100117e-01	-9.613985e-02	-9.245741e-02	0.000000e+00	1	2.359094e-03
3.723360e-01	8.244509e-01	1.511092e-01	1.385378e-01	1.146240e-01	1.641493e-01	1.438155e-01	0.000000e+00	1	2.355372e-03
3.316585e-01	8.461570e-01	1.484160e-01	1.578033e-01	1.845137e-01	1.348910e-01	1.954976e-01	0.000000e+00	1	2.352860e-03
6.639346e-01	5.994852e-01	-2.470042e-02	-1.788613e-02	-4.060513e-02	-1.176872e-02	-3.116266e-03	0.000000e+00	1	2.352649e-03
7.026038e-01	5.546736e-01	-5.784714e-02	-4.925200e-02	-3.042221e-02	-5.489737e-02	-3.328012e-02	0.000000e+00	1	2.352122e-03
4.770348e-01	7.605009e-01	9.885831e-02	7.851493e-02	8.459056e-02	1.011909e-01	7.341820e-02	0.000000e+00	1	2.351037e-03
2.797192e-01	8.697268e-01	2.005289e-01	1.877685e-01	1.941725e-01	1.764239e-01	1.970293e-01	0.000000e+00	1	2.341479e-03
5.973854e-01	6.658048e-01	2.096733e-02	3.246456e-03	3.130001e-02	1.222624e-02	3.637948e-02	0.000000e+00	1	2.331405e-03
7.359008e-01	5.146948e-01	-3.542237e-02	-7.674164e-02	-1.037532e-01	-9.021744e-02	-3.400106e-02	0.000000e+00	1	2.329707e-03
6.992739e-01	5.596152e-01	-4.355158e-02	-6.511327e-03	-5.132882e-02	-5.702702e-02	-5.481781e-02	0.000000e+00	1	2.329289e-03
7.137031e-01	5.408631e-01	-4.313142e-02	-3.971862e-02	-5.417232e-02	-5.551229e-02	-7.149967e-02	0.000000e+00	1	2.326013e-03
2.627548e-01	8.775331e-01	1.990258e-01	2.118423e-01	1.757799e-01	2.008930e-01	2.159393e-01	0.000000e+00	1	2.305826e-03
9.209592e-01	1.536278e-01	-2.595387e-01	-2.559911e-01	-2.668618e-01	-2.907942e-01	-2.522409e-01	0.000000e+00	1	2.304606e-03
2.299833e-01	8.913193e-01	2.002925e-01	2.227778e-01	2.341498e-01	2.103525e-01	2.269814e-01	0.000000e+00	1	2.299669e-03
3.749548e-01	8.225971e-01	1.366767e-01	1.601604e-01	1.391845e-01	1.313517e-01	1.366531e-01	0.000000e+00	1	2.291721e-03
5.673326e-01	6.939615e-01	2.227658e-02	8.988927e-02	3.441638e-02	2.852818e-02	1.845397e-02	0.000000e+00	1	2.290070e-03
8.721345e-01	2.748459e-01	-2.049124e-01	-1.725085e-01	-2.088317e-01	-1.962518e-01	-1.876165e-01	0.000000e+00	1	2.287437e-03
3.346895e-01	8.440187e-01	1.592587e-01	1.722112e-01	1.767685e-01	1.325784e-01	1.700474e-01	0.000000e+00	1	2.274151e-03
5.858505e-01	6.766313e-01	4.752872e-02	1.023357e-03	4.404169e-02	2.280125e-02	2.292470e-02	0.000000e+00	1	2.272686e-03
9.431306e-01	9.232159e-02	-3.460770e-01	-2.784730e-01	-3.117139e-01	-3.069791e-01	-3.053079e-01	0.000000e+00	1	2.272053e-03
5.973854e-01	6.658048e-01	2.096733e-02	3.246456e-03	3.130001e-02	1.222624e-02	3.637948e-02	0.000000e+00	1	2.266387e-03
7.389037e-01	5.093572e-01	-8.784907e-02	-4.449915e-02	-1.004131e-01	-4.434955e-02	-7.553205e-02	0.000000e+00	1	2.265829e-03
9.531040e-01	6.466954e-02	-3.460770e-01	-3.766010e-01	-3.372217e-01	-3.079478e-01	-3.052719e-01	0.000000e+00	1	2.263402e-03
3.004133e-01	8.607230e-01	1.919617e-01	2.084358e-01	1.708199e-01	1.673763e-01	1.636737e-01	0.000000e+00	1	2.255787e-03
3.218728e-01	8.504772e-01	1.511234e-01	1.595766e-01	1.699514e-01	1.630234e-01	2.014951e-01	0.000000e+00	1	2.241760e-03
4.791516e-01	7.590502e-01	9.239944e-02	8.999328e-02	7.378845e-02	1.011909e-01	7.355769e-02	0.000000e+00	1	2.241723e-03
1.741634e-01	9.133927e-01	2.709830e-01	2.451003e-01	2.580528e-01	2.582021e-01	2.282520e-01	0.000000e+00	1	2.236252e-03
9.617373e-01	3.986989e-02	-3.662286e-01	-3.986689e-01	-3.239243e-01	-3.512335e-01	-3.614295e-01	0.000000e+00	1	2.236229e-03
8.227806e-01	3.751941e-01	-1.353492e-01	-1.178203e-01	-1.548976e-01	-1.371545e-01	-1.591690e-01	0.000000e+00	1	2.234649e-03
2.052997e-01	9.018101e-01	2.703676e-01	2.319594e-01	2.301027e-01	2.082575e-01	2.282520e-01	0.000000e+00	1	2.225913e-03
9.370173e-01	1.090529e-01	-3.248545e-01	-2.784730e-01	-3.063168e-01	-2.878897e-01	-2.835398e-01	0.000000e+00	1	2.224945e-03
5.589029e-01	6.990478e-01	5.114979e-02	2.733121e-02	3.486557e-02	4.626424e-02	5.410906e-02	0.000000e+00	1	2.199125e-03
7.171751e-02	9.508407e-01	3.772788e-01	2.977840e-01	3.050139e-01	3.250971e-01	3.373685e-01	0.000000e+00	1	2.196866e-03
5.098772e-01	7.376245e-01	4.622889e-02	7.668261e-02	8.769891e-02	7.961702e-02	5.909074e-02	0.000000e+00	1	2.180489e-03
8.344462e-01	3.529722e-01	-1.583291e-01	-1.609915e-01	-1.575780e-01	-1.274428e-01	-1.576510e-01	0.000000e+00	1	2.178568e-03
4.974351e-01	7.465938e-01	9.538350e-02	7.851493e-02	8.459056e-02	5.086913e-02	7.341820e-02	0.000000e+00	1	2.178136e-03
8.361141e-01	3.499271e-01	-1.592390e-01	-1.640065e-01	-1.288888e-01	-1.678110e-01	-1.503320e-01	0.000000e+00	1	2.171972e-03
7.729100e-01	4.591956e-01	-1.113606e-01	-8.821228e-02	-1.232552e-01	-8.415823e-02	-7.807906e-02	0.000000e+00	1	2.149401e-03
