# This file contains stats about hypervolume
1 99982585.564613 
2 99982740.630255 
3 99985078.252493 
4 99987176.484907 
5 99998629.628535 
6 99998629.662063 
7 99998629.702444 
8 99998871.752289 
9 99998880.626024 
10 99998880.662886 
11 99998972.879157 
12 99999140.919310 
13 99999140.933905 
14 99999311.885733 
15 99999359.733838 
16 99999359.740710 
17 99999359.743987 
18 99999359.747975 
19 99999359.751030 
20 99999359.753211 
21 99999359.754463 
22 99999359.756089 
23 99999359.757115 
24 99999403.444557 
25 99999478.858823 
26 99999478.859762 
27 99999611.958885 
28 99999611.959609 
29 99999618.595452 
30 99999618.595857 
31 99999630.615536 
32 99999630.615940 
33 99999630.616396 
34 99999630.616824 
35 99999630.617137 
36 99999630.617374 
37 99999630.617602 
38 99999635.862895 
39 99999674.823207 
40 99999674.823381 
41 99999674.823610 
42 99999674.823782 
43 99999674.823913 
44 99999674.824030 
45 99999674.824095 
46 99999675.768864 
47 99999701.608761 
48 99999701.608844 
49 99999705.470856 
50 99999708.168820 
51 99999760.964910 
52 99999767.691170 
53 99999767.691194 
54 99999767.691223 
55 99999803.264162 
56 99999804.489079 
57 99999804.489108 
58 99999804.489161 
59 99999804.489184 
60 99999804.489225 
61 99999804.489268 
62 99999804.489300 
63 99999804.489299 
64 99999804.489318 
65 99999825.169813 
66 99999825.169870 
67 99999825.169914 
68 99999825.169940 
69 99999825.169947 
70 99999825.169957 
71 99999825.169989 
72 99999825.169998 
73 99999825.170000 
74 99999825.170004 
75 99999825.170011 
76 99999825.170037 
77 99999825.170056 
78 99999825.170059 
79 99999825.170037 
80 99999825.170052 
81 99999825.170041 
82 99999825.170051 
83 99999825.170065 
84 99999916.833390 
85 99999916.833388 
86 99999916.833419 
87 99999916.833446 
88 99999919.382694 
89 99999919.382710 
90 99999919.382716 
91 99999919.382733 
92 99999919.382725 
93 99999919.382735 
94 99999919.382716 
95 99999919.382730 
96 99999919.382758 
97 99999919.382792 
98 99999919.382806 
99 99999919.382806 
100 99999919.382801 
