1.849144e-02 9.725545e-01
9.760850e-01 1.062844e-02
8.558603e-01 3.116924e-01
6.462318e-01 6.196942e-01
9.708558e-01 2.775423e-02
8.514307e-01 3.212150e-01
1.325772e-01 9.283864e-01
4.971993e-01 7.476391e-01
9.710889e-01 1.753842e-02
1.910417e-01 9.085032e-01
2.060565e-01 9.043916e-01
5.495533e-01 7.079369e-01
4.918210e-01 7.528540e-01
6.314540e-01 6.347414e-01
2.581346e-01 8.803659e-01
8.453910e-01 3.342942e-01
6.923239e-01 5.681366e-01
7.755034e-01 4.565458e-01
4.657658e-01 7.680929e-01
2.102647e-01 8.996115e-01
7.766168e-01 4.532053e-01
1.857285e-01 9.095671e-01
1.401989e-01 9.258195e-01
1.974847e-01 9.051781e-01
3.669627e-01 8.287254e-01
4.391697e-01 7.868594e-01
1.566422e-01 9.207545e-01
5.379747e-01 7.193083e-01
6.954407e-01 5.651784e-01
2.162515e-01 8.980163e-01
6.143363e-01 6.518820e-01
9.282506e-01 1.333812e-01
7.809727e-01 4.501887e-01
3.186302e-01 8.531888e-01
6.509031e-01 6.147359e-01
6.063390e-01 6.583331e-01
9.014933e-01 2.089955e-01
9.169854e-01 1.688195e-01
8.734523e-01 2.723093e-01
8.198632e-01 3.832583e-01
7.151090e-01 5.402203e-01
3.875043e-01 8.168826e-01
7.277985e-01 5.242081e-01
7.247284e-01 5.279355e-01
8.418432e-01 3.388567e-01
6.033541e-01 6.627667e-01
7.908925e-01 4.308033e-01
5.751607e-01 6.881039e-01
4.182432e-01 7.978611e-01
7.199086e-01 5.339615e-01
6.358172e-01 6.306338e-01
4.341995e-01 7.890798e-01
2.780514e-01 8.717751e-01
8.074512e-01 4.025497e-01
8.781620e-01 2.638044e-01
3.777469e-01 8.226445e-01
4.481877e-01 7.807185e-01
5.083266e-01 7.395714e-01
8.109764e-01 3.963187e-01
1.722621e-01 9.151250e-01
5.446416e-01 7.126942e-01
2.527300e-01 8.815498e-01
1.003046e-01 9.401198e-01
8.092334e-01 4.013982e-01
9.615634e-01 4.437318e-02
2.522532e-01 8.842620e-01
3.816723e-01 8.200304e-01
1.077364e-01 9.385581e-01
9.265900e-01 1.402853e-01
8.873946e-01 2.403928e-01
6.669273e-01 5.972052e-01
8.997062e-01 2.130005e-01
9.480225e-01 7.919244e-02
5.778629e-01 6.849099e-01
8.622639e-01 2.980704e-01
8.391817e-01 3.480097e-01
7.886493e-01 4.352851e-01
7.592993e-01 4.795746e-01
4.141428e-01 8.003342e-01
5.321787e-01 7.211764e-01
5.401645e-01 7.159734e-01
3.421366e-01 8.404584e-01
2.687274e-01 8.766930e-01
5.665565e-01 6.944971e-01
9.311324e-01 1.244587e-01
8.397075e-01 3.420076e-01
5.300110e-01 7.235590e-01
8.796238e-01 2.598930e-01
1.747474e-01 9.132737e-01
5.064854e-02 9.608916e-01
1.137950e-01 9.381363e-01
7.236333e-02 9.524719e-01
9.243101e-01 1.451407e-01
8.845390e-01 2.492520e-01
6.198577e-01 6.483628e-01
9.297295e-01 1.291603e-01
7.321455e-01 5.173589e-01
5.042019e-01 7.418676e-01
1.428987e-01 9.249450e-01
1.494860e-01 9.221335e-01
5.258125e-01 7.264802e-01
6.168600e-01 6.515866e-01
6.231912e-01 6.432757e-01
5.522059e-01 7.069590e-01
9.343060e-01 1.205246e-01
3.839792e-01 8.191934e-01
9.458997e-01 8.328672e-02
5.849002e-01 6.768815e-01
1.478239e-01 9.229063e-01
9.597371e-01 4.787378e-02
4.522143e-01 7.785093e-01
3.040634e-02 9.670871e-01
8.821975e-01 2.545166e-01
6.621365e-01 6.034193e-01
4.749756e-01 7.633423e-01
2.709607e-01 8.739291e-01
8.226910e-01 3.781771e-01
8.858391e-01 2.440822e-01
3.225094e-01 8.501847e-01
6.839584e-01 5.800203e-01
6.107284e-02 9.554647e-01
5.796196e-01 6.829612e-01
8.463239e-01 3.309439e-01
7.998506e-01 4.155643e-01
3.581509e-01 8.363299e-01
2.344044e-01 8.904953e-01
1.794083e-01 9.129811e-01
9.203185e-01 1.554747e-01
9.148323e-01 1.726134e-01
8.378936e-01 3.497954e-01
6.430219e-01 6.225789e-01
8.477727e-01 3.279590e-01
5.698839e-01 6.923955e-01
9.098851e-01 1.870367e-01
6.095298e-01 6.555646e-01
8.581083e-01 3.064931e-01
8.755123e-01 2.675081e-01
2.189304e-01 8.969237e-01
3.937512e-01 8.126015e-01
5.182504e-01 7.321200e-01
6.199951e-01 6.455009e-01
9.201475e-01 1.596886e-01
8.179406e-01 3.884013e-01
5.123565e-01 7.364333e-01
7.542206e-01 4.867273e-01
1.675257e-01 9.158302e-01
2.646400e-01 8.770337e-01
9.181383e-01 1.651746e-01
8.985924e-01 2.157546e-01
4.695753e-01 7.656838e-01
3.757138e-01 8.241727e-01
4.588375e-01 7.774557e-01
3.031656e-01 8.594842e-01
4.122661e-01 8.014000e-01
7.460304e-01 4.978270e-01
9.080790e-01 1.913488e-01
9.688546e-02 9.415741e-01
4.837111e-01 7.588401e-01
4.806177e-01 7.599532e-01
4.625103e-01 7.705614e-01
9.721679e-01 1.175166e-02
9.625673e-01 4.095580e-02
7.090466e-01 5.487681e-01
6.997786e-01 5.597809e-01
1.609507e-01 9.186071e-01
4.061848e-01 8.065713e-01
8.246697e-01 3.738691e-01
8.810093e-01 2.572886e-01
6.747604e-01 5.912676e-01
8.909191e-01 2.372065e-01
7.724877e-01 4.654889e-01
4.882186e-01 7.562627e-01
9.365603e-01 1.116100e-01
3.984317e-01 8.106274e-01
5.640229e-01 6.959171e-01
7.571011e-01 4.831031e-01
2.235632e-01 8.947576e-01
1.241697e-01 9.338824e-01
1.169953e-01 9.353066e-01
5.445738e-01 7.127454e-01
2.379423e-01 8.885073e-01
4.708023e-01 7.649158e-01
9.527393e-01 6.837949e-02
9.156536e-02 9.430285e-01
8.969271e-01 2.184773e-01
4.997231e-01 7.463675e-01
6.708177e-01 5.920943e-01
9.649294e-01 3.455619e-02
4.540085e-01 7.777189e-01
7.392073e-01 5.069940e-01
3.350449e-01 8.444130e-01
9.657019e-01 2.905250e-02
7.111401e-01 5.459741e-01
2.319364e-01 8.911774e-01
9.025518e-01 2.050745e-01
8.832788e-01 2.507564e-01
3.588183e-01 8.338094e-01
8.611853e-01 3.004597e-01
9.099663e-01 1.847314e-01
6.652803e-01 6.016244e-01
7.354173e-01 5.138928e-01
5.548914e-01 7.042611e-01
5.158641e-01 7.351679e-01
9.187681e-01 1.623183e-01
5.817826e-01 6.801189e-01
3.311918e-01 8.465552e-01
8.139115e-01 3.918096e-01
8.568243e-01 3.104932e-01
8.120840e-01 3.944483e-01
7.020831e-01 5.552363e-01
8.673382e-01 2.873363e-01
8.255574e-02 9.478375e-01
3.361309e-01 8.438433e-01
7.620317e-01 4.766625e-01
3.003382e-01 8.609580e-01
9.637519e-01 3.852099e-02
3.653333e-01 8.300052e-01
8.337194e-01 3.568453e-01
5.214033e-01 7.295402e-01
7.726008e-01 4.611749e-01
6.388851e-01 6.273354e-01
7.384824e-01 5.094312e-01
8.047435e-01 4.070409e-01
6.267018e-01 6.431751e-01
8.639057e-01 2.935766e-01
5.105984e-01 7.382648e-01
4.222090e-01 7.955539e-01
9.576529e-01 5.143625e-02
8.019878e-01 4.125607e-01
9.572366e-01 5.761198e-02
9.259201e-01 1.407334e-01
9.335356e-01 1.235772e-01
4.866801e-01 7.579508e-01
7.223669e-01 5.307292e-01
9.441833e-01 8.933871e-02
6.590059e-01 6.070936e-01
5.942857e-01 6.705693e-01
3.058854e-01 8.583088e-01
2.677285e-02 9.697816e-01
4.253556e-01 7.939580e-01
4.913269e-01 7.547015e-01
1.255836e-01 9.310568e-01
7.124044e-01 5.444949e-01
6.861373e-01 5.757291e-01
9.541583e-01 6.374770e-02
3.532978e-01 8.369814e-01
1.294459e-01 9.297187e-01
3.524055e-02 9.637148e-01
9.412229e-01 9.841896e-02
9.714326e-01 1.402003e-02
7.015519e-01 5.580183e-01
9.061693e-01 1.956027e-01
5.711704e-02 9.560299e-01
2.224613e-01 8.957855e-01
6.613375e-01 6.064628e-01
6.011824e-01 6.636962e-01
9.432934e-02 9.422237e-01
3.722804e-01 8.253789e-01
2.947844e-01 8.632190e-01
2.855634e-01 8.685308e-01
7.440091e-01 5.012344e-01
6.562525e-01 6.101874e-01
7.365536e-01 5.115472e-01
3.900352e-01 8.146681e-01
3.457044e-01 8.382612e-01
3.970195e-01 8.112967e-01
8.640385e-02 9.463430e-01
9.376916e-01 1.065110e-01
8.913921e-01 2.324607e-01
7.863854e-01 4.384206e-01
2.464461e-01 8.849919e-01
3.741113e-02 9.631330e-01
3.722804e-01 8.253789e-01
1.649926e-01 9.182723e-01
9.111277e-01 1.806871e-01
8.937835e-01 2.288042e-01
6.846815e-01 5.767974e-01
9.660447e-01 2.802631e-02
1.587179e-01 9.199526e-01
7.934202e-01 4.273068e-01
8.377907e-01 3.552482e-01
7.166981e-01 5.381850e-01
7.810240e-01 4.464915e-01
6.413844e-01 6.250226e-01
4.090561e-01 8.034264e-01
5.837931e-01 6.796565e-01
8.760277e-01 2.664177e-01
6.784441e-01 5.866837e-01
9.047524e-01 2.013699e-01
5.241369e-02 9.589769e-01
7.974280e-01 4.218669e-01
7.861708e-01 4.422106e-01
7.313511e-01 5.190182e-01
4.206720e-01 7.964225e-01
5.015365e-01 7.442525e-01
9.399486e-01 1.025156e-01
2.810808e-01 8.695609e-01
6.892752e-01 5.713039e-01
5.593092e-01 6.992427e-01
9.426439e-01 9.424901e-02
4.460073e-01 7.823378e-01
8.288335e-01 3.661518e-01
7.039018e-01 5.529275e-01
5.626688e-01 6.984781e-01
9.074024e-01 1.926689e-01
7.688723e-01 4.672150e-01
8.246877e-01 3.722192e-01
2.462458e-01 8.856039e-01
2.173171e-02 9.715373e-01
6.802540e-01 5.810942e-01
8.157761e-01 3.906921e-01
2.905347e-01 8.675617e-01
4.080501e-02 9.622132e-01
2.301107e-02 9.709534e-01
6.441960e-02 9.535902e-01
9.499615e-01 7.530332e-02
6.689178e-01 5.955960e-01
6.286001e-01 6.415117e-01
8.926323e-01 2.311225e-01
9.534456e-01 6.693763e-02
7.955431e-01 4.252131e-01
1.149741e-01 9.365498e-01
4.319985e-01 7.899251e-01
1.825249e-01 9.117991e-01
7.926218e-01 4.287522e-01
4.794653e-01 7.626666e-01
9.504826e-01 7.172451e-02
2.633184e-01 8.795595e-01
3.610486e-01 8.316337e-01
2.272415e-01 8.927194e-01
5.249809e-01 7.275746e-01
2.284672e-01 8.921597e-01
6.087358e-01 6.573325e-01
9.344699e-01 1.153789e-01
5.991128e-01 6.664696e-01
2.868410e-01 8.675626e-01
9.142556e-01 1.747195e-01
3.615384e-01 8.305283e-01
8.605873e-01 3.039909e-01
9.026403e-01 2.025287e-01
2.398201e-01 8.881670e-01
5.927000e-01 6.719018e-01
7.774110e-02 9.478679e-01
6.567069e-01 6.088838e-01
7.995868e-01 4.188722e-01
1.048041e-01 9.397264e-01
9.366076e-01 1.096134e-01
4.022873e-01 8.086795e-01
3.912241e-01 8.139303e-01
3.155411e-01 8.542792e-01
9.234263e-01 1.475050e-01
8.273639e-01 3.693127e-01
3.220839e-02 9.648186e-01
3.399079e-01 8.418948e-01
4.565152e-02 9.615061e-01
9.287879e-01 1.313208e-01
8.698170e-01 2.816188e-01
8.372148e-01 3.555815e-01
8.721735e-01 2.748929e-01
7.608343e-01 4.772963e-01
8.705601e-01 2.796503e-01
9.554103e-01 6.005344e-02
6.878441e-01 5.729977e-01
8.265812e-01 3.696417e-01
5.223151e-01 7.289560e-01
8.303648e-01 3.609702e-01
7.650174e-01 4.708662e-01
7.642021e-01 4.733050e-01
5.397479e-01 7.173775e-01
2.814679e-01 8.689560e-01
2.740373e-01 8.726793e-01
5.579765e-01 7.022415e-01
7.499567e-01 4.921399e-01
4.565152e-02 9.615061e-01
8.205517e-01 3.803923e-01
5.177616e-01 7.343366e-01
6.981053e-01 5.625458e-01
4.285532e-01 7.923194e-01
6.702002e-01 5.944110e-01
3.463732e-01 8.380306e-01
7.872497e-01 4.367188e-01
5.492955e-02 9.588733e-01
7.480337e-01 4.947823e-01
8.413501e-02 9.468796e-01
7.661592e-01 4.697239e-01
2.416383e-01 8.863070e-01
9.216376e-01 1.525316e-01
5.717763e-01 6.893076e-01
6.903717e-02 9.531522e-01
9.344434e-01 1.154568e-01
8.497997e-01 3.258532e-01
8.406770e-01 3.401207e-01
7.401847e-02 9.488790e-01
8.869520e-01 2.429054e-01
7.955918e-01 4.234317e-01
6.364863e-02 9.538476e-01
8.685688e-01 2.847550e-01
8.912313e-01 2.362949e-01
1.277019e-01 9.304056e-01
5.961617e-01 6.683208e-01
4.593725e-01 7.748838e-01
8.655937e-01 2.892034e-01
4.776108e-01 7.629651e-01
9.139448e-01 1.776633e-01
7.229914e-01 5.299670e-01
3.143067e-01 8.546133e-01
7.978587e-01 4.194048e-01
9.641281e-01 3.519295e-02
8.512886e-01 3.223006e-01
6.756176e-01 5.876241e-01
9.582550e-01 4.993784e-02
5.877598e-01 6.746612e-01
5.035358e-01 7.439141e-01
7.474709e-01 4.965434e-01
8.503100e-01 3.252085e-01
5.709414e-02 9.583167e-01
7.852891e-01 4.436165e-01
8.654314e-01 2.906126e-01
9.452466e-01 8.676815e-02
8.315247e-01 3.592486e-01
6.545380e-01 6.134824e-01
8.594966e-01 3.046891e-01
1.657558e-01 9.169155e-01
7.293253e-01 5.208189e-01
1.955927e-01 9.055652e-01
9.545261e-01 6.107440e-02
2.660655e-02 9.703249e-01
2.094168e-01 9.030621e-01
7.288123e-01 5.214442e-01
7.525916e-01 4.890887e-01
6.302893e-01 6.377681e-01
4.090561e-01 8.034264e-01
6.513592e-01 6.139291e-01
7.058106e-01 5.527939e-01
3.305200e-01 8.473629e-01
2.917180e-01 8.663337e-01
5.997285e-01 6.659374e-01
4.271216e-01 7.934402e-01
1.955927e-01 9.055652e-01
9.220564e-01 1.518899e-01
8.938813e-01 2.258948e-01
7.518362e-01 4.900833e-01
3.089115e-01 8.569943e-01
5.894843e-01 6.733400e-01
7.726008e-01 4.611749e-01
9.438252e-01 9.241340e-02
6.286662e-01 6.390721e-01
7.685400e-02 9.479798e-01
7.424486e-01 5.035914e-01
2.089441e-01 9.032177e-01
4.408514e-01 7.842229e-01
8.038173e-01 4.095107e-01
5.911438e-01 6.732966e-01
4.410699e-01 7.840874e-01
8.862923e-02 9.442594e-01
6.789267e-01 5.846130e-01
8.953307e-01 2.228840e-01
8.323297e-01 3.579232e-01
6.376883e-01 6.285313e-01
7.493167e-01 4.930367e-01
9.135271e-01 1.791578e-01
8.710035e-01 2.771647e-01
1.211479e-01 9.349369e-01
9.053522e-01 1.989184e-01
3.505261e-01 8.376947e-01
6.750591e-01 5.883940e-01
7.829565e-01 4.440220e-01
8.642332e-01 2.928605e-01
8.168252e-01 3.886044e-01
3.278552e-01 8.480962e-01
7.071104e-01 5.499220e-01
7.682850e-01 4.687953e-01
7.822615e-01 4.450769e-01
4.596655e-01 7.730840e-01
8.687721e-01 2.835539e-01
7.568937e-01 4.850308e-01
8.209560e-01 3.789102e-01
3.081675e-01 8.574527e-01
2.738776e-01 8.730844e-01
4.032452e-02 9.622726e-01
6.981053e-01 5.625458e-01
1.822345e-01 9.120936e-01
4.443725e-01 7.830974e-01
9.569635e-01 5.789024e-02
5.707060e-01 6.901452e-01
3.119725e-01 8.558583e-01
4.047207e-01 8.070492e-01
2.924093e-01 8.645713e-01
3.114770e-01 8.560081e-01
9.375747e-01 1.067938e-01
7.060502e-01 5.501893e-01
5.609269e-01 6.989817e-01
9.458664e-01 8.600660e-02
9.054068e-01 1.975186e-01
7.418117e-01 5.050969e-01
1.054516e-01 9.394506e-01
9.502202e-01 7.187430e-02
1.212171e-01 9.345154e-01
6.421180e-01 6.241808e-01
9.406643e-01 9.990058e-02
