# This file contains the data of final feasible population (if found)
# of objectives = 2, # of constraints = 0, # of real_var = 5, # of bits of bin_var = 0, constr_violation, rank, crowding_distance
6.762501e-01	5.970820e-01	-1.111243e-01	-4.131033e-02	1.364018e-02	5.311634e-02	-3.661335e-02	0.000000e+00	1	1.343259e-02
2.141741e-01	9.008782e-01	2.673946e-01	2.331063e-01	1.922241e-01	1.800216e-01	2.846344e-01	0.000000e+00	1	5.854121e-03
7.347450e-01	5.156289e-01	-8.047575e-02	-7.670076e-02	-3.238804e-02	-1.032178e-01	-4.383511e-02	0.000000e+00	1	9.799686e-03
9.352143e-01	1.276128e-01	-3.458344e-01	-3.254623e-01	-3.200442e-01	-2.613655e-01	-2.008211e-01	0.000000e+00	1	6.030998e-03
5.644776e-01	6.960715e-01	6.461785e-02	5.291467e-02	4.097952e-03	6.136336e-02	1.811459e-02	0.000000e+00	1	1.568143e-02
1.632054e-01	9.188888e-01	2.942870e-01	2.682424e-01	2.908000e-01	2.328757e-01	2.184049e-01	0.000000e+00	1	7.592614e-03
3.150076e-01	8.576684e-01	1.571487e-01	1.767948e-01	1.065378e-01	1.989018e-01	2.389715e-01	0.000000e+00	1	1.557551e-02
3.718901e-01	8.271703e-01	9.542962e-02	1.577253e-01	1.996687e-01	1.472440e-01	1.212926e-01	0.000000e+00	1	1.420043e-02
4.181319e-01	8.062817e-01	8.706408e-02	1.533574e-01	1.479778e-01	3.321581e-02	1.932133e-01	0.000000e+00	1	1.050344e-02
2.280431e-01	8.932231e-01	2.269529e-01	1.747089e-01	2.529026e-01	2.328757e-01	2.184003e-01	0.000000e+00	1	1.247914e-02
8.233246e-01	3.795000e-01	-9.293024e-02	-1.590455e-01	-1.110493e-01	-1.418836e-01	-1.973348e-01	0.000000e+00	1	1.253776e-02
5.175833e-01	7.383837e-01	-4.920972e-03	6.096345e-02	1.373567e-01	4.932707e-02	9.935278e-02	0.000000e+00	1	2.008222e-03
7.344025e-01	5.187930e-01	-1.246453e-01	-8.995546e-02	-2.414162e-02	-5.086772e-02	-4.262234e-02	0.000000e+00	1	1.002837e-02
5.958101e-01	6.670909e-01	1.412117e-02	8.437421e-03	3.853725e-02	2.432279e-02	2.303920e-02	0.000000e+00	1	1.702373e-02
6.531980e-01	6.144101e-01	-5.926411e-03	4.803459e-02	-2.621786e-02	-2.930168e-02	-4.585582e-02	0.000000e+00	1	5.948284e-03
9.695675e-01	5.192383e-02	-4.928437e-01	-3.229681e-01	-4.429917e-01	-2.641828e-01	-3.994297e-01	0.000000e+00	1	9.424862e-03
5.535040e-01	7.174780e-01	7.527542e-02	3.755948e-02	-3.608491e-02	1.628448e-01	1.625284e-02	0.000000e+00	1	1.321586e-02
5.890866e-01	6.770751e-01	-3.271647e-02	4.387640e-02	5.397558e-02	7.164764e-03	6.240192e-02	0.000000e+00	1	5.647211e-03
9.012701e-02	9.557605e-01	2.422810e-01	3.538648e-01	2.905562e-01	4.886040e-01	3.149859e-01	0.000000e+00	1	9.703142e-03
9.542790e-01	7.280686e-02	-2.471472e-01	-3.309118e-01	-3.222378e-01	-3.986656e-01	-3.834574e-01	0.000000e+00	1	8.473853e-03
9.469672e-01	8.619801e-02	-3.539646e-01	-2.637577e-01	-3.665493e-01	-3.038082e-01	-3.032757e-01	0.000000e+00	1	2.541616e-02
3.234920e-01	8.522012e-01	1.571487e-01	1.767948e-01	1.065378e-01	1.989018e-01	2.109337e-01	0.000000e+00	1	1.076278e-03
3.405256e-01	8.511071e-01	2.171362e-01	2.435925e-01	1.892293e-01	6.298425e-02	1.189959e-01	0.000000e+00	1	1.062776e-02
9.680145e-01	6.380922e-02	-4.744911e-01	-2.480880e-01	-2.904294e-01	-4.567818e-01	-4.177501e-01	0.000000e+00	1	1.029690e-02
3.229184e-01	8.537092e-01	1.117756e-01	1.655799e-01	2.416973e-01	1.488615e-01	1.886090e-01	0.000000e+00	1	7.201263e-03
6.287420e-01	6.394154e-01	-5.926411e-03	4.803459e-02	-2.169770e-02	3.415417e-02	-3.825766e-02	0.000000e+00	1	1.209480e-02
3.466998e-01	8.404936e-01	1.064033e-01	2.146692e-01	1.696051e-01	1.603401e-01	1.371699e-01	0.000000e+00	1	1.123973e-02
4.477201e-01	7.840602e-01	9.006960e-02	1.322480e-01	1.454448e-01	3.321581e-02	1.239698e-01	0.000000e+00	1	9.672607e-03
4.075740e-01	8.096598e-01	9.830891e-02	7.091883e-02	1.037139e-01	1.677514e-01	1.940220e-01	0.000000e+00	1	3.155930e-03
8.911927e-01	2.369107e-01	-2.697345e-01	-2.572542e-01	-1.959382e-01	-1.828619e-01	-1.830627e-01	0.000000e+00	1	1.552788e-02
1.347710e-02	9.771186e-01	4.635093e-01	4.537513e-01	4.236354e-01	3.363622e-01	4.268057e-01	0.000000e+00	1	1.000000e+14
5.639844e-01	7.084465e-01	1.580096e-01	4.387640e-02	5.397558e-02	7.164764e-03	-3.804739e-02	0.000000e+00	1	9.007541e-03
3.964686e-01	8.156257e-01	8.115479e-02	1.110603e-01	1.109816e-01	1.486909e-01	2.110118e-01	0.000000e+00	1	7.090123e-03
6.138695e-01	6.582705e-01	-5.926411e-03	1.037759e-01	-2.280578e-02	2.221846e-02	-2.897497e-02	0.000000e+00	1	1.719477e-02
8.245739e-01	3.722598e-01	-1.548346e-01	-1.664779e-01	-1.450564e-01	-1.204422e-01	-1.258845e-01	0.000000e+00	1	8.801121e-03
7.995682e-02	9.616546e-01	1.827037e-01	3.717736e-01	4.236354e-01	3.637774e-01	4.345468e-01	0.000000e+00	1	9.869922e-03
4.714565e-01	7.742937e-01	1.257467e-01	1.413705e-01	1.552786e-01	5.619274e-02	-2.926190e-03	0.000000e+00	1	8.601441e-03
2.578019e-01	8.801246e-01	1.720233e-01	2.056780e-01	2.288875e-01	1.936388e-01	2.189515e-01	0.000000e+00	1	8.097722e-03
5.180973e-01	7.378198e-01	1.594828e-01	4.001870e-02	2.729055e-02	4.815505e-02	6.533229e-02	0.000000e+00	1	5.567718e-04
9.089238e-01	1.876346e-01	-2.751535e-01	-2.129172e-01	-2.260783e-01	-2.452131e-01	-2.639092e-01	0.000000e+00	1	1.898384e-02
7.697069e-01	4.699591e-01	-6.725697e-02	-3.328322e-02	-1.389313e-01	-1.357529e-01	-9.077295e-02	0.000000e+00	1	1.684859e-02
7.469200e-01	5.069604e-01	-7.760420e-02	-7.931385e-02	-1.606969e-01	-4.936931e-02	-5.815162e-03	0.000000e+00	1	6.386678e-03
6.573518e-01	6.082577e-01	-4.425809e-02	-4.044908e-02	1.828465e-02	4.040519e-03	-1.247026e-02	0.000000e+00	1	6.563530e-03
9.272864e-01	1.420560e-01	-3.347424e-01	-2.613549e-01	-2.786032e-01	-2.820692e-01	-2.228900e-01	0.000000e+00	1	4.161518e-03
3.424769e-01	8.505628e-01	2.294183e-01	2.348822e-01	1.756218e-01	5.114960e-02	1.371699e-01	0.000000e+00	1	2.735796e-03
9.170897e-01	1.725011e-01	-1.881238e-01	-2.557413e-01	-3.147840e-01	-2.452131e-01	-2.822390e-01	0.000000e+00	1	7.818266e-03
5.399376e-01	7.208096e-01	-4.920972e-03	5.396213e-02	1.373567e-01	4.932707e-02	4.348637e-02	0.000000e+00	1	1.980552e-02
1.797419e-01	9.141724e-01	2.269529e-01	3.307206e-01	2.529026e-01	2.328757e-01	2.184049e-01	0.000000e+00	1	1.496426e-02
9.542790e-01	7.280686e-02	-2.471472e-01	-3.309118e-01	-3.222378e-01	-3.986656e-01	-3.834574e-01	0.000000e+00	1	0.000000e+00
7.075401e-01	5.527784e-01	-9.186144e-02	-7.637401e-02	-1.367935e-02	-4.683059e-03	-5.083161e-02	0.000000e+00	1	1.142112e-02
8.115984e-01	4.110023e-01	-2.051871e-01	-8.115505e-02	-1.451452e-01	-1.674433e-01	-3.826306e-02	0.000000e+00	1	1.326254e-02
9.590625e-01	7.183398e-02	-4.832536e-01	-3.098061e-01	-3.648034e-01	-3.055743e-01	-2.813467e-01	0.000000e+00	1	6.820798e-03
5.180973e-01	7.378198e-01	1.594828e-01	4.001870e-02	2.729055e-02	4.815505e-02	6.533229e-02	0.000000e+00	1	8.202808e-03
5.283297e-01	7.306839e-01	4.236216e-02	7.628457e-02	-2.242663e-02	1.087533e-01	1.082966e-01	0.000000e+00	1	1.185516e-02
9.705864e-01	4.816585e-02	-2.994168e-01	-5.278567e-01	-3.222378e-01	-4.106967e-01	-3.834574e-01	0.000000e+00	1	9.684773e-03
1.911206e-01	9.128841e-01	3.586049e-01	2.313258e-01	2.372106e-01	2.221130e-01	1.964650e-01	0.000000e+00	1	1.331675e-02
5.942025e-01	6.715828e-01	1.882497e-02	5.491558e-02	4.715591e-03	-2.193023e-02	6.174498e-02	0.000000e+00	1	8.633099e-03
8.570628e-01	3.254151e-01	-2.505391e-01	-6.153605e-02	-1.946004e-01	-1.782547e-01	-1.824922e-01	0.000000e+00	1	1.667061e-03
8.531519e-01	3.322779e-01	-2.787799e-01	-1.577234e-01	-1.071003e-01	-1.754463e-01	-1.275666e-01	0.000000e+00	1	5.816179e-03
7.968074e-01	4.504884e-01	-4.652289e-02	-2.259970e-01	1.256938e-03	-1.766609e-01	-1.082284e-01	0.000000e+00	1	5.642410e-03
8.228240e-01	4.094307e-01	-1.846148e-01	-2.133232e-01	-1.487472e-01	3.415417e-02	-1.604938e-01	0.000000e+00	1	1.420660e-02
5.572556e-01	7.125146e-01	5.349893e-02	1.545728e-01	5.505947e-02	7.164764e-03	-2.890092e-02	0.000000e+00	1	7.729243e-03
8.686844e-01	2.963851e-01	-1.374187e-01	-1.922200e-01	-2.902795e-01	-1.551218e-01	-1.633413e-01	0.000000e+00	1	6.884935e-03
6.495859e-01	6.150860e-01	-2.272789e-02	-1.688669e-02	7.776532e-03	7.164764e-03	-2.782087e-02	0.000000e+00	1	9.193644e-03
8.570628e-01	3.254151e-01	-2.505391e-01	-6.153605e-02	-1.946004e-01	-1.782547e-01	-1.824922e-01	0.000000e+00	1	2.009511e-03
8.038299e-01	4.161485e-01	-7.576095e-02	-1.856814e-01	-1.502488e-01	-7.614549e-02	-1.218633e-01	0.000000e+00	1	5.628178e-03
7.550322e-01	5.026748e-01	-1.648497e-01	-3.091284e-02	1.199595e-02	-7.599775e-02	-1.360854e-01	0.000000e+00	1	6.042311e-03
4.159199e-01	8.075871e-01	9.006960e-02	1.587858e-01	1.454448e-01	3.321581e-02	1.932133e-01	0.000000e+00	1	1.343041e-03
3.541053e-01	8.376260e-01	9.006960e-02	2.146692e-01	1.696051e-01	1.603401e-01	1.371699e-01	0.000000e+00	1	1.285769e-02
7.528066e-01	5.058416e-01	-1.235941e-01	-6.265051e-02	-1.243418e-01	4.427609e-02	-1.209125e-01	0.000000e+00	1	6.397795e-03
6.337430e-01	6.349149e-01	-3.133245e-02	4.091870e-02	1.828465e-02	2.364812e-02	-4.972758e-02	0.000000e+00	1	8.793066e-03
3.893295e-01	8.159340e-01	9.303952e-02	1.674638e-01	1.454448e-01	1.338280e-01	1.306324e-01	0.000000e+00	1	1.145486e-02
8.808221e-01	2.727816e-01	-1.394976e-01	-2.539128e-01	-1.925826e-01	-1.367627e-01	-2.882877e-01	0.000000e+00	1	1.590298e-02
7.873362e-01	4.559401e-01	-1.747464e-01	-1.388362e-01	-4.652294e-02	-1.624394e-01	-2.565978e-03	0.000000e+00	1	6.756948e-03
7.111796e-01	5.469816e-01	-3.607825e-02	-4.073354e-02	-6.029026e-02	-1.004631e-01	-1.406393e-02	0.000000e+00	1	4.988059e-03
6.915006e-01	5.814033e-01	-3.271647e-02	-1.079325e-02	-1.126987e-01	-7.593656e-02	6.153966e-02	0.000000e+00	1	9.348319e-03
8.627785e-01	3.130359e-01	-2.054693e-01	-2.684375e-01	-1.993131e-01	-9.113565e-02	-1.360451e-01	0.000000e+00	1	1.340556e-02
4.933646e-01	7.570230e-01	1.904188e-02	2.292521e-02	9.563492e-02	1.327858e-01	1.403918e-01	0.000000e+00	1	7.632754e-03
8.038299e-01	4.161485e-01	-7.576095e-02	-1.856814e-01	-1.502488e-01	-7.614549e-02	-1.218633e-01	0.000000e+00	1	6.666340e-03
1.632054e-01	9.188888e-01	2.942870e-01	2.682424e-01	2.908000e-01	2.328757e-01	2.184049e-01	0.000000e+00	1	1.096034e-02
7.840370e-01	4.571165e-01	-1.513822e-01	-1.331025e-01	-6.701757e-03	-5.744530e-02	-1.666633e-01	0.000000e+00	1	6.403992e-03
7.000542e-01	5.755109e-01	-1.691835e-01	4.692132e-03	-2.414162e-02	2.242877e-02	-2.793376e-02	0.000000e+00	1	9.347517e-03
2.464812e-01	8.897675e-01	2.029611e-01	2.547208e-01	1.922241e-01	1.384591e-01	2.861560e-01	0.000000e+00	1	8.530261e-03
8.363534e-01	3.646240e-01	-8.923904e-02	-2.357494e-01	-1.450564e-01	-9.093124e-02	-1.973348e-01	0.000000e+00	1	1.239974e-02
4.159199e-01	8.075871e-01	9.006960e-02	1.587858e-01	1.454448e-01	3.321581e-02	1.932133e-01	0.000000e+00	1	4.408300e-03
8.860177e-02	9.560190e-01	2.422810e-01	3.398650e-01	2.905562e-01	4.886040e-01	3.331981e-01	0.000000e+00	1	8.290761e-03
7.570519e-01	4.983955e-01	-1.648285e-01	-3.091284e-02	2.557187e-03	-7.599775e-02	-1.360854e-01	0.000000e+00	1	7.518348e-03
8.609225e-01	3.198440e-01	-1.529233e-01	-2.670748e-01	-1.999501e-01	-6.796259e-02	-1.994119e-01	0.000000e+00	1	6.912142e-03
9.420401e-01	1.097169e-01	-2.967483e-01	-2.429797e-01	-2.895181e-01	-4.108990e-01	-2.869705e-01	0.000000e+00	1	2.125886e-02
1.347710e-02	9.771186e-01	4.635093e-01	4.537513e-01	4.236354e-01	3.363622e-01	4.268057e-01	0.000000e+00	1	1.588517e-03
7.547377e-02	9.620204e-01	4.900761e-01	3.436367e-01	2.933780e-01	2.445762e-01	4.128450e-01	0.000000e+00	1	4.604477e-03
6.116342e-02	9.650500e-01	4.004564e-01	4.537513e-01	4.236354e-01	3.307838e-01	2.309428e-01	0.000000e+00	1	8.177121e-03
9.187577e-01	1.698074e-01	-3.126569e-01	-1.941524e-01	-3.098975e-01	-2.293656e-01	-2.532071e-01	0.000000e+00	1	1.685519e-02
7.035150e-01	5.614140e-01	-1.253954e-01	-4.068388e-02	1.666318e-03	-3.643807e-03	-5.083161e-02	0.000000e+00	1	1.562679e-02
8.377240e-01	3.528802e-01	-1.548346e-01	-2.266757e-01	-1.450564e-01	-1.204422e-01	-1.262418e-01	0.000000e+00	1	7.925493e-03
6.379043e-01	6.315485e-01	-4.481954e-02	4.091870e-02	1.828465e-02	2.561662e-02	-4.972758e-02	0.000000e+00	1	5.318313e-03
8.771108e-01	2.817433e-01	-2.689157e-01	-1.649009e-01	-1.979121e-01	-2.548385e-01	-1.004021e-01	0.000000e+00	1	5.684327e-03
8.508782e-01	3.369894e-01	-2.787799e-01	-1.576821e-01	-1.014054e-01	-1.591783e-01	-1.370229e-01	0.000000e+00	1	5.176826e-03
8.685615e-01	3.015536e-01	-1.557853e-01	-1.660929e-01	-3.108062e-01	-1.624394e-01	-1.386131e-01	0.000000e+00	1	6.008724e-03
8.586372e-01	3.222653e-01	-2.505391e-01	-6.153605e-02	-1.946004e-01	-1.864796e-01	-1.830627e-01	0.000000e+00	1	4.559012e-03
6.394370e-01	6.303083e-01	-4.481954e-02	4.091870e-02	1.828465e-02	2.561662e-02	-5.397744e-02	0.000000e+00	1	7.558500e-03
1.355717e-01	9.377589e-01	2.536630e-01	2.323584e-01	4.263270e-01	3.301547e-01	2.282998e-01	0.000000e+00	1	9.466959e-03
5.890866e-01	6.770751e-01	-3.271647e-02	4.387640e-02	5.397558e-02	7.164764e-03	6.240192e-02	0.000000e+00	1	5.479138e-03
9.384562e-01	1.218348e-01	-3.131490e-01	-2.670748e-01	-3.679607e-01	-3.381474e-01	-1.995833e-01	0.000000e+00	1	4.601321e-03
1.534634e-01	9.238606e-01	2.942870e-01	3.307206e-01	2.701529e-01	2.328757e-01	2.184049e-01	0.000000e+00	1	1.132405e-02
1.410521e-01	9.304762e-01	3.532360e-01	3.307206e-01	2.701529e-01	2.328757e-01	2.184049e-01	0.000000e+00	1	9.807197e-03
3.696988e-02	9.685868e-01	4.037963e-01	4.537513e-01	4.236354e-01	3.363622e-01	2.958900e-01	0.000000e+00	1	2.452958e-02
1.319078e-01	9.396624e-01	2.536630e-01	2.323584e-01	4.263270e-01	3.498830e-01	2.282998e-01	0.000000e+00	1	1.149029e-02
2.377029e-01	8.909175e-01	2.245746e-01	2.331063e-01	1.922241e-01	1.621379e-01	2.748158e-01	0.000000e+00	1	1.128704e-02
6.737220e-01	6.035468e-01	-5.926411e-03	4.416099e-02	-1.294814e-01	3.415417e-02	-5.180863e-02	0.000000e+00	1	1.054557e-02
3.652094e-01	8.340757e-01	1.713128e-01	1.763956e-01	1.147548e-01	7.186113e-02	2.157441e-01	0.000000e+00	1	7.558213e-03
2.900335e-01	8.674789e-01	1.358835e-01	1.683198e-01	2.359047e-01	2.041666e-01	1.940220e-01	0.000000e+00	1	4.351386e-03
1.874858e-01	9.141435e-01	3.586049e-01	2.419724e-01	2.372106e-01	2.221130e-01	1.964650e-01	0.000000e+00	1	6.528350e-03
3.833048e-01	8.246526e-01	2.063677e-01	1.338216e-01	1.720096e-01	1.395320e-01	5.129198e-02	0.000000e+00	1	1.480133e-02
9.278688e-01	1.361932e-01	-2.615239e-01	-2.429797e-01	-2.895181e-01	-3.069701e-01	-2.869705e-01	0.000000e+00	1	7.169496e-03
4.065596e-01	8.119716e-01	1.685978e-01	1.712470e-01	1.080776e-01	3.354001e-02	1.610403e-01	0.000000e+00	1	8.809718e-03
9.072664e-01	2.101378e-01	-3.179842e-01	-1.916780e-01	-2.827759e-01	-1.428910e-01	-2.621566e-01	0.000000e+00	1	1.250577e-02
6.224783e-01	6.496690e-01	9.291393e-03	4.254395e-02	4.203736e-03	-7.599775e-02	6.174498e-02	0.000000e+00	1	4.416250e-03
9.367963e-01	1.260230e-01	-3.136820e-01	-2.576915e-01	-3.592611e-01	-3.381474e-01	-1.995833e-01	0.000000e+00	1	4.661761e-03
2.634396e-01	8.780091e-01	2.422236e-01	1.707075e-01	1.931384e-01	2.041666e-01	1.949014e-01	0.000000e+00	1	6.100149e-03
3.652094e-01	8.340757e-01	1.713128e-01	1.763956e-01	1.147548e-01	7.186113e-02	2.157441e-01	0.000000e+00	1	7.016916e-03
9.015132e-01	2.284822e-01	-2.484551e-01	-3.273979e-01	-1.232672e-01	-2.614090e-01	-1.901725e-01	0.000000e+00	1	1.815714e-02
8.685615e-01	3.015536e-01	-1.557853e-01	-1.660929e-01	-3.108062e-01	-1.624394e-01	-1.386131e-01	0.000000e+00	1	5.655160e-03
4.388054e-01	7.907479e-01	9.006960e-02	1.587858e-01	1.454448e-01	3.321581e-02	1.239698e-01	0.000000e+00	1	1.805930e-02
3.432015e-01	8.484857e-01	2.161476e-01	2.390345e-01	1.767945e-01	7.212817e-02	1.158038e-01	0.000000e+00	1	7.389069e-03
3.012148e-01	8.621985e-01	1.358835e-01	1.683198e-01	2.359047e-01	1.734505e-01	1.940220e-01	0.000000e+00	1	1.359294e-02
4.768627e-01	7.718630e-01	3.844424e-02	1.760603e-01	9.203925e-02	1.477170e-01	9.666143e-03	0.000000e+00	1	3.215969e-03
4.086742e-01	8.079803e-01	1.716846e-01	1.763956e-01	1.147548e-01	7.186113e-02	9.406878e-02	0.000000e+00	1	5.372306e-03
1.884939e-02	9.729214e-01	3.872623e-01	4.537513e-01	4.236354e-01	3.307838e-01	4.114286e-01	0.000000e+00	1	1.493066e-02
8.498654e-01	3.390063e-01	-2.787799e-01	-1.577234e-01	-1.071003e-01	-1.574116e-01	-1.275666e-01	0.000000e+00	1	1.386539e-02
9.348364e-01	1.357207e-01	-1.867556e-01	-3.284290e-01	-2.858210e-01	-2.649319e-01	-3.791186e-01	0.000000e+00	1	8.226623e-03
5.279790e-01	7.318085e-01	1.594828e-01	4.254395e-02	4.097952e-03	4.815505e-02	6.174498e-02	0.000000e+00	1	8.965790e-03
2.587074e-01	8.797001e-01	1.720233e-01	2.056780e-01	2.288875e-01	1.936388e-01	2.162932e-01	0.000000e+00	1	3.999438e-03
7.439354e-02	9.650126e-01	3.649634e-01	5.152764e-01	2.933780e-01	2.445762e-01	4.128450e-01	0.000000e+00	1	8.940156e-03
7.990369e-01	4.222498e-01	-7.576095e-02	-1.663146e-01	-1.502488e-01	-7.614549e-02	-1.218633e-01	0.000000e+00	1	1.900912e-02
4.801124e-01	7.695801e-01	1.998500e-01	3.882947e-02	8.467552e-02	2.257288e-02	1.089494e-01	0.000000e+00	1	8.731221e-03
7.606623e-01	4.937557e-01	-1.670996e-01	-3.006740e-03	-1.492168e-01	-5.880423e-02	-4.065676e-02	0.000000e+00	1	1.053407e-02
5.767215e-01	6.863129e-01	6.276365e-02	4.254395e-02	4.097952e-03	6.136336e-02	-3.268216e-03	0.000000e+00	1	7.845749e-03
6.233982e-01	6.479819e-01	-3.950976e-02	5.491328e-02	6.039010e-02	7.164764e-03	-4.522139e-02	0.000000e+00	1	8.535714e-03
4.933646e-01	7.570230e-01	1.904188e-02	2.292521e-02	9.563492e-02	1.327858e-01	1.403918e-01	0.000000e+00	1	2.273199e-03
6.168596e-01	6.500062e-01	-3.043001e-02	7.152094e-03	7.300556e-03	5.927380e-02	7.286782e-03	0.000000e+00	1	2.494448e-03
2.224953e-01	8.998893e-01	1.368809e-01	2.682424e-01	2.908000e-01	2.315520e-01	2.184049e-01	0.000000e+00	1	1.110789e-02
9.054305e-01	2.160084e-01	-1.535508e-01	-1.643812e-01	-2.598220e-01	-3.045410e-01	-3.000612e-01	0.000000e+00	1	1.246207e-02
6.168596e-01	6.500062e-01	-3.043001e-02	7.152094e-03	7.300556e-03	5.927380e-02	7.286782e-03	0.000000e+00	1	3.068864e-03
2.960509e-01	8.650615e-01	1.358835e-01	1.534560e-01	2.359047e-01	2.041666e-01	1.940220e-01	0.000000e+00	1	8.493799e-03
1.319078e-01	9.396624e-01	2.536630e-01	2.323584e-01	4.263270e-01	3.498830e-01	2.282998e-01	0.000000e+00	1	5.152225e-03
8.727306e-01	2.867002e-01	-1.508537e-01	-1.380265e-01	-2.679836e-01	-1.624394e-01	-2.442161e-01	0.000000e+00	1	6.945682e-03
9.713498e-01	3.499296e-02	-5.030459e-01	-3.128918e-01	-3.454492e-01	-4.084712e-01	-3.961908e-01	0.000000e+00	1	1.787364e-02
8.726059e-01	2.906756e-01	-1.571675e-01	-1.660929e-01	-3.108062e-01	-1.624394e-01	-1.633413e-01	0.000000e+00	1	2.953595e-03
9.747604e-01	1.779931e-02	-3.263845e-01	-4.604721e-01	-4.429917e-01	-4.174974e-01	-3.994297e-01	0.000000e+00	1	1.876113e-02
2.672608e-01	8.764283e-01	2.422236e-01	1.707075e-01	1.931384e-01	2.041666e-01	1.847962e-01	0.000000e+00	1	1.094566e-02
9.391802e-01	1.195080e-01	-2.636420e-01	-2.429797e-01	-2.895181e-01	-4.108990e-01	-2.869705e-01	0.000000e+00	1	8.120632e-03
2.500492e-01	8.867256e-01	1.641193e-01	2.829497e-01	2.380678e-01	1.767667e-01	1.947474e-01	0.000000e+00	1	1.082448e-02
7.678293e-01	4.814413e-01	-1.510678e-01	1.037400e-02	-6.029026e-02	-1.004631e-01	-1.477681e-01	0.000000e+00	1	1.070886e-02
7.779603e-01	4.589805e-01	-6.759747e-02	-3.961849e-02	-1.385491e-01	-1.613219e-01	-9.077295e-02	0.000000e+00	1	1.403146e-02
6.566651e-01	6.106408e-01	-4.481954e-02	-1.542639e-02	1.828465e-02	2.561662e-02	-5.397744e-02	0.000000e+00	1	5.325308e-03
3.964686e-01	8.156257e-01	8.115479e-02	1.110603e-01	1.109816e-01	1.486909e-01	2.110118e-01	0.000000e+00	1	3.837040e-03
8.893811e-01	2.464014e-01	-2.541672e-01	-1.391209e-01	-2.786032e-01	-2.146995e-01	-1.860334e-01	0.000000e+00	1	1.370336e-02
4.499076e-01	7.831121e-01	4.236216e-02	8.899268e-02	1.735045e-01	1.071245e-01	1.082966e-01	0.000000e+00	1	9.705575e-03
6.143866e-01	6.523635e-01	-3.043001e-02	7.152094e-03	1.467497e-02	5.927380e-02	7.286782e-03	0.000000e+00	1	5.819440e-03
8.229721e-01	3.948802e-01	-1.051608e-01	-1.998336e-01	-4.723299e-02	-2.290629e-01	-1.058082e-01	0.000000e+00	1	8.040026e-03
1.347710e-02	9.771186e-01	4.635093e-01	4.537513e-01	4.236354e-01	3.363622e-01	4.268057e-01	0.000000e+00	1	0.000000e+00
8.887111e-01	2.609070e-01	-2.360488e-01	-2.290689e-01	-1.518474e-01	-3.214671e-01	-1.199516e-01	0.000000e+00	1	1.806829e-02
5.748080e-01	6.889289e-01	-2.911932e-02	4.001870e-02	5.261901e-02	4.947722e-02	6.170809e-02	0.000000e+00	1	1.135993e-02
7.218553e-01	5.390889e-01	1.186813e-02	-8.115505e-02	-7.064681e-02	-2.009367e-02	-1.223117e-01	0.000000e+00	1	1.823286e-02
9.572687e-01	7.274769e-02	-2.945001e-01	-2.626689e-01	-3.731219e-01	-3.349591e-01	-4.550093e-01	0.000000e+00	1	2.967817e-03
8.541963e-01	3.290578e-01	-2.143885e-01	-1.649009e-01	-1.187659e-01	-2.548385e-01	-1.004021e-01	0.000000e+00	1	5.568016e-03
6.795434e-01	5.833959e-01	-3.607825e-02	-4.073354e-02	-6.029026e-02	4.485845e-03	-1.406393e-02	0.000000e+00	1	1.597410e-02
6.026142e-02	9.667459e-01	3.581748e-01	4.537513e-01	4.236354e-01	4.143715e-01	2.179793e-01	0.000000e+00	1	1.429379e-02
1.495979e-02	9.755258e-01	4.037963e-01	4.537513e-01	4.185469e-01	3.363622e-01	4.531461e-01	0.000000e+00	1	4.940629e-03
6.428989e-01	6.219198e-01	-2.272789e-02	-1.688669e-02	1.329588e-02	7.164764e-03	-1.275898e-02	0.000000e+00	1	1.310981e-02
4.690909e-01	7.814383e-01	1.557568e-01	-3.210878e-02	1.744271e-01	7.079442e-02	1.272705e-01	0.000000e+00	1	7.578439e-03
9.139447e-01	1.801185e-01	-1.881238e-01	-2.557413e-01	-3.147840e-01	-2.452131e-01	-2.562568e-01	0.000000e+00	1	1.204229e-02
9.841349e-01	1.147893e-02	-4.658222e-01	-3.983321e-01	-4.904250e-01	-4.272250e-01	-5.281016e-01	0.000000e+00	1	1.000000e+14
5.866530e-01	6.855604e-01	-6.966945e-03	-1.445528e-02	-1.652322e-02	6.824846e-02	1.225855e-01	0.000000e+00	1	1.115271e-02
9.652832e-01	6.754797e-02	-3.093188e-01	-5.191643e-01	-3.474031e-01	-2.641828e-01	-3.994297e-01	0.000000e+00	1	8.766420e-03
5.612586e-01	7.102652e-01	-3.611654e-02	7.628457e-02	-2.525706e-02	1.087533e-01	1.082966e-01	0.000000e+00	1	5.572521e-03
8.716458e-01	2.913252e-01	-2.098043e-01	-1.660929e-01	-2.913545e-01	-1.630303e-01	-1.248561e-01	0.000000e+00	1	4.976295e-03
6.952972e-01	5.810141e-01	-2.431001e-03	3.428032e-02	-4.671071e-02	-1.606198e-01	-2.565978e-03	0.000000e+00	1	7.191562e-03
7.909198e-01	4.509141e-01	-3.607825e-02	-6.080928e-02	-6.029026e-02	-2.063412e-01	-1.762326e-01	0.000000e+00	1	7.701573e-03
4.810170e-01	7.591334e-01	4.236216e-02	8.899268e-02	8.234120e-02	1.071245e-01	1.082966e-01	0.000000e+00	1	1.332836e-02
4.641078e-01	7.816190e-01	1.557568e-01	-1.021252e-02	1.732004e-01	6.373637e-02	1.193439e-01	0.000000e+00	1	1.074832e-02
5.079812e-01	7.435113e-01	9.378009e-02	1.266209e-01	2.532844e-03	7.921490e-02	6.201307e-02	0.000000e+00	1	1.822244e-02
9.072664e-01	2.101378e-01	-3.179842e-01	-1.916780e-01	-2.827759e-01	-1.428910e-01	-2.621566e-01	0.000000e+00	1	3.985420e-03
2.900335e-01	8.674789e-01	1.358835e-01	1.683198e-01	2.359047e-01	2.041666e-01	1.940220e-01	0.000000e+00	1	8.205678e-03
7.297292e-01	5.300067e-01	-6.725697e-02	-2.102479e-02	5.575234e-03	-1.358213e-01	-9.077295e-02	0.000000e+00	1	1.697230e-02
7.465216e-01	5.119235e-01	-9.316888e-02	-8.606843e-02	-1.606969e-01	-4.936931e-02	2.303920e-02	0.000000e+00	1	1.076001e-02
8.782546e-01	2.812176e-01	-2.689157e-01	-1.580424e-01	-1.979121e-01	-2.673331e-01	-1.004021e-01	0.000000e+00	1	6.552017e-03
6.629930e-01	6.042599e-01	-7.778387e-03	-3.013978e-03	2.771394e-02	-7.325630e-02	-3.347349e-02	0.000000e+00	1	1.087187e-02
7.112782e-01	5.468638e-01	-3.607825e-02	-4.073354e-02	-6.062642e-02	-1.004631e-01	-1.406393e-02	0.000000e+00	1	9.585960e-03
8.573024e-01	3.250472e-01	-2.514546e-01	-6.186069e-02	-1.946004e-01	-1.864796e-01	-1.742695e-01	0.000000e+00	1	2.441941e-03
6.999117e-01	5.758819e-01	-1.051608e-01	-1.282636e-01	-2.446922e-02	4.839588e-02	1.611418e-02	0.000000e+00	1	5.299911e-03
9.246637e-01	1.474840e-01	-3.048239e-01	-2.478536e-01	-2.903984e-01	-2.227276e-01	-2.905003e-01	0.000000e+00	1	1.876267e-02
1.115150e-01	9.459679e-01	3.488625e-01	2.315697e-01	4.263270e-01	3.301547e-01	2.282998e-01	0.000000e+00	1	2.107369e-02
1.018154e-01	9.504248e-01	3.095086e-01	1.982054e-01	4.058820e-01	4.117103e-01	2.941021e-01	0.000000e+00	1	1.608777e-02
4.764859e-01	7.721833e-01	3.844424e-02	1.767921e-01	9.249520e-02	1.477170e-01	9.666143e-03	0.000000e+00	1	4.043376e-03
7.979281e-01	4.469891e-01	-4.027619e-02	-2.259970e-01	-1.163010e-02	-1.766609e-01	-1.082284e-01	0.000000e+00	1	1.577014e-02
2.030471e-01	9.039059e-01	2.055141e-01	2.385192e-01	2.371240e-01	2.081404e-01	2.932849e-01	0.000000e+00	1	1.809173e-02
7.643973e-01	4.853588e-01	-5.630205e-02	-1.816192e-01	-6.850121e-02	-1.224434e-02	-1.181062e-01	0.000000e+00	1	1.006817e-02
1.445100e-01	9.277105e-01	2.250122e-01	2.347518e-01	2.660884e-01	3.380401e-01	3.174362e-01	0.000000e+00	1	6.087276e-03
9.272864e-01	1.420560e-01	-3.347424e-01	-2.613549e-01	-2.786032e-01	-2.820692e-01	-2.228900e-01	0.000000e+00	1	3.335734e-03
2.141741e-01	9.008782e-01	2.673946e-01	2.331063e-01	1.922241e-01	1.800216e-01	2.846344e-01	0.000000e+00	1	6.243758e-03
2.775176e-01	8.708752e-01	2.005332e-01	1.707075e-01	1.912641e-01	2.051727e-01	1.949014e-01	0.000000e+00	1	1.636445e-02
8.316350e-01	3.707700e-01	-1.271385e-01	-1.125825e-01	-1.146974e-01	-2.515577e-01	-1.310110e-01	0.000000e+00	1	1.002154e-02
1.497689e-01	9.273916e-01	2.269529e-01	3.417181e-01	2.529026e-01	3.354423e-01	2.184049e-01	0.000000e+00	1	6.605495e-03
4.247784e-01	7.961147e-01	9.113147e-02	1.577253e-01	7.545746e-02	1.342043e-01	1.212926e-01	0.000000e+00	1	1.869248e-02
5.166767e-01	7.402850e-01	3.575155e-02	-1.445539e-02	1.164123e-01	8.691186e-02	1.225855e-01	0.000000e+00	1	7.601198e-03
9.542790e-01	7.280686e-02	-2.471472e-01	-3.309118e-01	-3.222378e-01	-3.986656e-01	-3.834574e-01	0.000000e+00	1	3.797048e-03
8.229721e-01	3.948802e-01	-1.051608e-01	-1.998336e-01	-4.723299e-02	-2.290629e-01	-1.058082e-01	0.000000e+00	1	7.715678e-03
3.234920e-01	8.522012e-01	1.571487e-01	1.767948e-01	1.065378e-01	1.989018e-01	2.109337e-01	0.000000e+00	1	9.340771e-03
4.956562e-01	7.545658e-01	1.557568e-01	3.435765e-02	2.942561e-02	6.373637e-02	1.193439e-01	0.000000e+00	1	1.452545e-02
8.382890e-01	3.512433e-01	-9.185884e-02	-1.590455e-01	-1.450564e-01	-1.833172e-01	-1.973348e-01	0.000000e+00	1	1.343805e-02
