# This file contains the data of final population
# of objectives = 2, # of constraints = 0, # of real_var = 5, # of bits of bin_var = 0, constr_violation, rank, crowding_distance
6.762501e-01	5.970820e-01	-1.111243e-01	-4.131033e-02	1.364018e-02	5.311634e-02	-3.661335e-02	0.000000e+00	1	1.343259e-02
2.141741e-01	9.008782e-01	2.673946e-01	2.331063e-01	1.922241e-01	1.800216e-01	2.846344e-01	0.000000e+00	1	5.854121e-03
7.347450e-01	5.156289e-01	-8.047575e-02	-7.670076e-02	-3.238804e-02	-1.032178e-01	-4.383511e-02	0.000000e+00	1	9.799686e-03
9.352143e-01	1.276128e-01	-3.458344e-01	-3.254623e-01	-3.200442e-01	-2.613655e-01	-2.008211e-01	0.000000e+00	1	6.030998e-03
5.644776e-01	6.960715e-01	6.461785e-02	5.291467e-02	4.097952e-03	6.136336e-02	1.811459e-02	0.000000e+00	1	1.568143e-02
1.632054e-01	9.188888e-01	2.942870e-01	2.682424e-01	2.908000e-01	2.328757e-01	2.184049e-01	0.000000e+00	1	7.592614e-03
3.150076e-01	8.576684e-01	1.571487e-01	1.767948e-01	1.065378e-01	1.989018e-01	2.389715e-01	0.000000e+00	1	1.557551e-02
3.718901e-01	8.271703e-01	9.542962e-02	1.577253e-01	1.996687e-01	1.472440e-01	1.212926e-01	0.000000e+00	1	1.420043e-02
4.181319e-01	8.062817e-01	8.706408e-02	1.533574e-01	1.479778e-01	3.321581e-02	1.932133e-01	0.000000e+00	1	1.050344e-02
2.280431e-01	8.932231e-01	2.269529e-01	1.747089e-01	2.529026e-01	2.328757e-01	2.184003e-01	0.000000e+00	1	1.247914e-02
8.233246e-01	3.795000e-01	-9.293024e-02	-1.590455e-01	-1.110493e-01	-1.418836e-01	-1.973348e-01	0.000000e+00	1	1.253776e-02
5.175833e-01	7.383837e-01	-4.920972e-03	6.096345e-02	1.373567e-01	4.932707e-02	9.935278e-02	0.000000e+00	1	2.008222e-03
7.344025e-01	5.187930e-01	-1.246453e-01	-8.995546e-02	-2.414162e-02	-5.086772e-02	-4.262234e-02	0.000000e+00	1	1.002837e-02
5.958101e-01	6.670909e-01	1.412117e-02	8.437421e-03	3.853725e-02	2.432279e-02	2.303920e-02	0.000000e+00	1	1.702373e-02
6.531980e-01	6.144101e-01	-5.926411e-03	4.803459e-02	-2.621786e-02	-2.930168e-02	-4.585582e-02	0.000000e+00	1	5.948284e-03
9.695675e-01	5.192383e-02	-4.928437e-01	-3.229681e-01	-4.429917e-01	-2.641828e-01	-3.994297e-01	0.000000e+00	1	9.424862e-03
5.535040e-01	7.174780e-01	7.527542e-02	3.755948e-02	-3.608491e-02	1.628448e-01	1.625284e-02	0.000000e+00	1	1.321586e-02
5.890866e-01	6.770751e-01	-3.271647e-02	4.387640e-02	5.397558e-02	7.164764e-03	6.240192e-02	0.000000e+00	1	5.647211e-03
9.012701e-02	9.557605e-01	2.422810e-01	3.538648e-01	2.905562e-01	4.886040e-01	3.149859e-01	0.000000e+00	1	9.703142e-03
9.542790e-01	7.280686e-02	-2.471472e-01	-3.309118e-01	-3.222378e-01	-3.986656e-01	-3.834574e-01	0.000000e+00	1	8.473853e-03
9.469672e-01	8.619801e-02	-3.539646e-01	-2.637577e-01	-3.665493e-01	-3.038082e-01	-3.032757e-01	0.000000e+00	1	2.541616e-02
3.234920e-01	8.522012e-01	1.571487e-01	1.767948e-01	1.065378e-01	1.989018e-01	2.109337e-01	0.000000e+00	1	1.076278e-03
3.405256e-01	8.511071e-01	2.171362e-01	2.435925e-01	1.892293e-01	6.298425e-02	1.189959e-01	0.000000e+00	1	1.062776e-02
9.680145e-01	6.380922e-02	-4.744911e-01	-2.480880e-01	-2.904294e-01	-4.567818e-01	-4.177501e-01	0.000000e+00	1	1.029690e-02
3.229184e-01	8.537092e-01	1.117756e-01	1.655799e-01	2.416973e-01	1.488615e-01	1.886090e-01	0.000000e+00	1	7.201263e-03
6.287420e-01	6.394154e-01	-5.926411e-03	4.803459e-02	-2.169770e-02	3.415417e-02	-3.825766e-02	0.000000e+00	1	1.209480e-02
3.466998e-01	8.404936e-01	1.064033e-01	2.146692e-01	1.696051e-01	1.603401e-01	1.371699e-01	0.000000e+00	1	1.123973e-02
4.477201e-01	7.840602e-01	9.006960e-02	1.322480e-01	1.454448e-01	3.321581e-02	1.239698e-01	0.000000e+00	1	9.672607e-03
4.075740e-01	8.096598e-01	9.830891e-02	7.091883e-02	1.037139e-01	1.677514e-01	1.940220e-01	0.000000e+00	1	3.155930e-03
8.911927e-01	2.369107e-01	-2.697345e-01	-2.572542e-01	-1.959382e-01	-1.828619e-01	-1.830627e-01	0.000000e+00	1	1.552788e-02
1.347710e-02	9.771186e-01	4.635093e-01	4.537513e-01	4.236354e-01	3.363622e-01	4.268057e-01	0.000000e+00	1	1.000000e+14
5.639844e-01	7.084465e-01	1.580096e-01	4.387640e-02	5.397558e-02	7.164764e-03	-3.804739e-02	0.000000e+00	1	9.007541e-03
3.964686e-01	8.156257e-01	8.115479e-02	1.110603e-01	1.109816e-01	1.486909e-01	2.110118e-01	0.000000e+00	1	7.090123e-03
6.138695e-01	6.582705e-01	-5.926411e-03	1.037759e-01	-2.280578e-02	2.221846e-02	-2.897497e-02	0.000000e+00	1	1.719477e-02
8.245739e-01	3.722598e-01	-1.548346e-01	-1.664779e-01	-1.450564e-01	-1.204422e-01	-1.258845e-01	0.000000e+00	1	8.801121e-03
7.995682e-02	9.616546e-01	1.827037e-01	3.717736e-01	4.236354e-01	3.637774e-01	4.345468e-01	0.000000e+00	1	9.869922e-03
4.714565e-01	7.742937e-01	1.257467e-01	1.413705e-01	1.552786e-01	5.619274e-02	-2.926190e-03	0.000000e+00	1	8.601441e-03
2.578019e-01	8.801246e-01	1.720233e-01	2.056780e-01	2.288875e-01	1.936388e-01	2.189515e-01	0.000000e+00	1	8.097722e-03
5.180973e-01	7.378198e-01	1.594828e-01	4.001870e-02	2.729055e-02	4.815505e-02	6.533229e-02	0.000000e+00	1	5.567718e-04
9.089238e-01	1.876346e-01	-2.751535e-01	-2.129172e-01	-2.260783e-01	-2.452131e-01	-2.639092e-01	0.000000e+00	1	1.898384e-02
7.697069e-01	4.699591e-01	-6.725697e-02	-3.328322e-02	-1.389313e-01	-1.357529e-01	-9.077295e-02	0.000000e+00	1	1.684859e-02
7.469200e-01	5.069604e-01	-7.760420e-02	-7.931385e-02	-1.606969e-01	-4.936931e-02	-5.815162e-03	0.000000e+00	1	6.386678e-03
6.573518e-01	6.082577e-01	-4.425809e-02	-4.044908e-02	1.828465e-02	4.040519e-03	-1.247026e-02	0.000000e+00	1	6.563530e-03
9.272864e-01	1.420560e-01	-3.347424e-01	-2.613549e-01	-2.786032e-01	-2.820692e-01	-2.228900e-01	0.000000e+00	1	4.161518e-03
3.424769e-01	8.505628e-01	2.294183e-01	2.348822e-01	1.756218e-01	5.114960e-02	1.371699e-01	0.000000e+00	1	2.735796e-03
9.170897e-01	1.725011e-01	-1.881238e-01	-2.557413e-01	-3.147840e-01	-2.452131e-01	-2.822390e-01	0.000000e+00	1	7.818266e-03
5.399376e-01	7.208096e-01	-4.920972e-03	5.396213e-02	1.373567e-01	4.932707e-02	4.348637e-02	0.000000e+00	1	1.980552e-02
1.797419e-01	9.141724e-01	2.269529e-01	3.307206e-01	2.529026e-01	2.328757e-01	2.184049e-01	0.000000e+00	1	1.496426e-02
9.542790e-01	7.280686e-02	-2.471472e-01	-3.309118e-01	-3.222378e-01	-3.986656e-01	-3.834574e-01	0.000000e+00	1	0.000000e+00
7.075401e-01	5.527784e-01	-9.186144e-02	-7.637401e-02	-1.367935e-02	-4.683059e-03	-5.083161e-02	0.000000e+00	1	1.142112e-02
8.115984e-01	4.110023e-01	-2.051871e-01	-8.115505e-02	-1.451452e-01	-1.674433e-01	-3.826306e-02	0.000000e+00	1	1.326254e-02
9.590625e-01	7.183398e-02	-4.832536e-01	-3.098061e-01	-3.648034e-01	-3.055743e-01	-2.813467e-01	0.000000e+00	1	6.820798e-03
5.180973e-01	7.378198e-01	1.594828e-01	4.001870e-02	2.729055e-02	4.815505e-02	6.533229e-02	0.000000e+00	1	8.202808e-03
5.283297e-01	7.306839e-01	4.236216e-02	7.628457e-02	-2.242663e-02	1.087533e-01	1.082966e-01	0.000000e+00	1	1.185516e-02
9.705864e-01	4.816585e-02	-2.994168e-01	-5.278567e-01	-3.222378e-01	-4.106967e-01	-3.834574e-01	0.000000e+00	1	9.684773e-03
1.911206e-01	9.128841e-01	3.586049e-01	2.313258e-01	2.372106e-01	2.221130e-01	1.964650e-01	0.000000e+00	1	1.331675e-02
5.942025e-01	6.715828e-01	1.882497e-02	5.491558e-02	4.715591e-03	-2.193023e-02	6.174498e-02	0.000000e+00	1	8.633099e-03
8.570628e-01	3.254151e-01	-2.505391e-01	-6.153605e-02	-1.946004e-01	-1.782547e-01	-1.824922e-01	0.000000e+00	1	1.667061e-03
8.531519e-01	3.322779e-01	-2.787799e-01	-1.577234e-01	-1.071003e-01	-1.754463e-01	-1.275666e-01	0.000000e+00	1	5.816179e-03
7.968074e-01	4.504884e-01	-4.652289e-02	-2.259970e-01	1.256938e-03	-1.766609e-01	-1.082284e-01	0.000000e+00	1	5.642410e-03
8.228240e-01	4.094307e-01	-1.846148e-01	-2.133232e-01	-1.487472e-01	3.415417e-02	-1.604938e-01	0.000000e+00	1	1.420660e-02
5.572556e-01	7.125146e-01	5.349893e-02	1.545728e-01	5.505947e-02	7.164764e-03	-2.890092e-02	0.000000e+00	1	7.729243e-03
8.686844e-01	2.963851e-01	-1.374187e-01	-1.922200e-01	-2.902795e-01	-1.551218e-01	-1.633413e-01	0.000000e+00	1	6.884935e-03
6.495859e-01	6.150860e-01	-2.272789e-02	-1.688669e-02	7.776532e-03	7.164764e-03	-2.782087e-02	0.000000e+00	1	9.193644e-03
8.570628e-01	3.254151e-01	-2.505391e-01	-6.153605e-02	-1.946004e-01	-1.782547e-01	-1.824922e-01	0.000000e+00	1	2.009511e-03
8.038299e-01	4.161485e-01	-7.576095e-02	-1.856814e-01	-1.502488e-01	-7.614549e-02	-1.218633e-01	0.000000e+00	1	5.628178e-03
7.550322e-01	5.026748e-01	-1.648497e-01	-3.091284e-02	1.199595e-02	-7.599775e-02	-1.360854e-01	0.000000e+00	1	6.042311e-03
4.159199e-01	8.075871e-01	9.006960e-02	1.587858e-01	1.454448e-01	3.321581e-02	1.932133e-01	0.000000e+00	1	1.343041e-03
3.541053e-01	8.376260e-01	9.006960e-02	2.146692e-01	1.696051e-01	1.603401e-01	1.371699e-01	0.000000e+00	1	1.285769e-02
7.528066e-01	5.058416e-01	-1.235941e-01	-6.265051e-02	-1.243418e-01	4.427609e-02	-1.209125e-01	0.000000e+00	1	6.397795e-03
6.337430e-01	6.349149e-01	-3.133245e-02	4.091870e-02	1.828465e-02	2.364812e-02	-4.972758e-02	0.000000e+00	1	8.793066e-03
3.893295e-01	8.159340e-01	9.303952e-02	1.674638e-01	1.454448e-01	1.338280e-01	1.306324e-01	0.000000e+00	1	1.145486e-02
8.808221e-01	2.727816e-01	-1.394976e-01	-2.539128e-01	-1.925826e-01	-1.367627e-01	-2.882877e-01	0.000000e+00	1	1.590298e-02
7.873362e-01	4.559401e-01	-1.747464e-01	-1.388362e-01	-4.652294e-02	-1.624394e-01	-2.565978e-03	0.000000e+00	1	6.756948e-03
7.111796e-01	5.469816e-01	-3.607825e-02	-4.073354e-02	-6.029026e-02	-1.004631e-01	-1.406393e-02	0.000000e+00	1	4.988059e-03
6.915006e-01	5.814033e-01	-3.271647e-02	-1.079325e-02	-1.126987e-01	-7.593656e-02	6.153966e-02	0.000000e+00	1	9.348319e-03
8.627785e-01	3.130359e-01	-2.054693e-01	-2.684375e-01	-1.993131e-01	-9.113565e-02	-1.360451e-01	0.000000e+00	1	1.340556e-02
4.933646e-01	7.570230e-01	1.904188e-02	2.292521e-02	9.563492e-02	1.327858e-01	1.403918e-01	0.000000e+00	1	7.632754e-03
8.038299e-01	4.161485e-01	-7.576095e-02	-1.856814e-01	-1.502488e-01	-7.614549e-02	-1.218633e-01	0.000000e+00	1	6.666340e-03
1.632054e-01	9.188888e-01	2.942870e-01	2.682424e-01	2.908000e-01	2.328757e-01	2.184049e-01	0.000000e+00	1	1.096034e-02
7.840370e-01	4.571165e-01	-1.513822e-01	-1.331025e-01	-6.701757e-03	-5.744530e-02	-1.666633e-01	0.000000e+00	1	6.403992e-03
7.000542e-01	5.755109e-01	-1.691835e-01	4.692132e-03	-2.414162e-02	2.242877e-02	-2.793376e-02	0.000000e+00	1	9.347517e-03
2.464812e-01	8.897675e-01	2.029611e-01	2.547208e-01	1.922241e-01	1.384591e-01	2.861560e-01	0.000000e+00	1	8.530261e-03
8.363534e-01	3.646240e-01	-8.923904e-02	-2.357494e-01	-1.450564e-01	-9.093124e-02	-1.973348e-01	0.000000e+00	1	1.239974e-02
4.159199e-01	8.075871e-01	9.006960e-02	1.587858e-01	1.454448e-01	3.321581e-02	1.932133e-01	0.000000e+00	1	4.408300e-03
8.860177e-02	9.560190e-01	2.422810e-01	3.398650e-01	2.905562e-01	4.886040e-01	3.331981e-01	0.000000e+00	1	8.290761e-03
7.570519e-01	4.983955e-01	-1.648285e-01	-3.091284e-02	2.557187e-03	-7.599775e-02	-1.360854e-01	0.000000e+00	1	7.518348e-03
8.609225e-01	3.198440e-01	-1.529233e-01	-2.670748e-01	-1.999501e-01	-6.796259e-02	-1.994119e-01	0.000000e+00	1	6.912142e-03
9.420401e-01	1.097169e-01	-2.967483e-01	-2.429797e-01	-2.895181e-01	-4.108990e-01	-2.869705e-01	0.000000e+00	1	2.125886e-02
1.347710e-02	9.771186e-01	4.635093e-01	4.537513e-01	4.236354e-01	3.363622e-01	4.268057e-01	0.000000e+00	1	1.588517e-03
7.547377e-02	9.620204e-01	4.900761e-01	3.436367e-01	2.933780e-01	2.445762e-01	4.128450e-01	0.000000e+00	1	4.604477e-03
6.116342e-02	9.650500e-01	4.004564e-01	4.537513e-01	4.236354e-01	3.307838e-01	2.309428e-01	0.000000e+00	1	8.177121e-03
9.187577e-01	1.698074e-01	-3.126569e-01	-1.941524e-01	-3.098975e-01	-2.293656e-01	-2.532071e-01	0.000000e+00	1	1.685519e-02
7.035150e-01	5.614140e-01	-1.253954e-01	-4.068388e-02	1.666318e-03	-3.643807e-03	-5.083161e-02	0.000000e+00	1	1.562679e-02
8.377240e-01	3.528802e-01	-1.548346e-01	-2.266757e-01	-1.450564e-01	-1.204422e-01	-1.262418e-01	0.000000e+00	1	7.925493e-03
6.379043e-01	6.315485e-01	-4.481954e-02	4.091870e-02	1.828465e-02	2.561662e-02	-4.972758e-02	0.000000e+00	1	5.318313e-03
8.771108e-01	2.817433e-01	-2.689157e-01	-1.649009e-01	-1.979121e-01	-2.548385e-01	-1.004021e-01	0.000000e+00	1	5.684327e-03
8.508782e-01	3.369894e-01	-2.787799e-01	-1.576821e-01	-1.014054e-01	-1.591783e-01	-1.370229e-01	0.000000e+00	1	5.176826e-03
8.685615e-01	3.015536e-01	-1.557853e-01	-1.660929e-01	-3.108062e-01	-1.624394e-01	-1.386131e-01	0.000000e+00	1	6.008724e-03
8.586372e-01	3.222653e-01	-2.505391e-01	-6.153605e-02	-1.946004e-01	-1.864796e-01	-1.830627e-01	0.000000e+00	1	4.559012e-03
6.394370e-01	6.303083e-01	-4.481954e-02	4.091870e-02	1.828465e-02	2.561662e-02	-5.397744e-02	0.000000e+00	1	7.558500e-03
1.355717e-01	9.377589e-01	2.536630e-01	2.323584e-01	4.263270e-01	3.301547e-01	2.282998e-01	0.000000e+00	1	9.466959e-03
5.890866e-01	6.770751e-01	-3.271647e-02	4.387640e-02	5.397558e-02	7.164764e-03	6.240192e-02	0.000000e+00	1	5.479138e-03
9.384562e-01	1.218348e-01	-3.131490e-01	-2.670748e-01	-3.679607e-01	-3.381474e-01	-1.995833e-01	0.000000e+00	1	4.601321e-03
1.534634e-01	9.238606e-01	2.942870e-01	3.307206e-01	2.701529e-01	2.328757e-01	2.184049e-01	0.000000e+00	1	1.132405e-02
1.410521e-01	9.304762e-01	3.532360e-01	3.307206e-01	2.701529e-01	2.328757e-01	2.184049e-01	0.000000e+00	1	9.807197e-03
3.696988e-02	9.685868e-01	4.037963e-01	4.537513e-01	4.236354e-01	3.363622e-01	2.958900e-01	0.000000e+00	1	2.452958e-02
1.319078e-01	9.396624e-01	2.536630e-01	2.323584e-01	4.263270e-01	3.498830e-01	2.282998e-01	0.000000e+00	1	1.149029e-02
2.377029e-01	8.909175e-01	2.245746e-01	2.331063e-01	1.922241e-01	1.621379e-01	2.748158e-01	0.000000e+00	1	1.128704e-02
6.737220e-01	6.035468e-01	-5.926411e-03	4.416099e-02	-1.294814e-01	3.415417e-02	-5.180863e-02	0.000000e+00	1	1.054557e-02
3.652094e-01	8.340757e-01	1.713128e-01	1.763956e-01	1.147548e-01	7.186113e-02	2.157441e-01	0.000000e+00	1	7.558213e-03
2.900335e-01	8.674789e-01	1.358835e-01	1.683198e-01	2.359047e-01	2.041666e-01	1.940220e-01	0.000000e+00	1	4.351386e-03
1.874858e-01	9.141435e-01	3.586049e-01	2.419724e-01	2.372106e-01	2.221130e-01	1.964650e-01	0.000000e+00	1	6.528350e-03
3.833048e-01	8.246526e-01	2.063677e-01	1.338216e-01	1.720096e-01	1.395320e-01	5.129198e-02	0.000000e+00	1	1.480133e-02
9.278688e-01	1.361932e-01	-2.615239e-01	-2.429797e-01	-2.895181e-01	-3.069701e-01	-2.869705e-01	0.000000e+00	1	7.169496e-03
4.065596e-01	8.119716e-01	1.685978e-01	1.712470e-01	1.080776e-01	3.354001e-02	1.610403e-01	0.000000e+00	1	8.809718e-03
9.072664e-01	2.101378e-01	-3.179842e-01	-1.916780e-01	-2.827759e-01	-1.428910e-01	-2.621566e-01	0.000000e+00	1	1.250577e-02
6.224783e-01	6.496690e-01	9.291393e-03	4.254395e-02	4.203736e-03	-7.599775e-02	6.174498e-02	0.000000e+00	1	4.416250e-03
9.367963e-01	1.260230e-01	-3.136820e-01	-2.576915e-01	-3.592611e-01	-3.381474e-01	-1.995833e-01	0.000000e+00	1	4.661761e-03
2.634396e-01	8.780091e-01	2.422236e-01	1.707075e-01	1.931384e-01	2.041666e-01	1.949014e-01	0.000000e+00	1	6.100149e-03
3.652094e-01	8.340757e-01	1.713128e-01	1.763956e-01	1.147548e-01	7.186113e-02	2.157441e-01	0.000000e+00	1	7.016916e-03
9.015132e-01	2.284822e-01	-2.484551e-01	-3.273979e-01	-1.232672e-01	-2.614090e-01	-1.901725e-01	0.000000e+00	1	1.815714e-02
8.685615e-01	3.015536e-01	-1.557853e-01	-1.660929e-01	-3.108062e-01	-1.624394e-01	-1.386131e-01	0.000000e+00	1	5.655160e-03
4.388054e-01	7.907479e-01	9.006960e-02	1.587858e-01	1.454448e-01	3.321581e-02	1.239698e-01	0.000000e+00	1	1.805930e-02
3.432015e-01	8.484857e-01	2.161476e-01	2.390345e-01	1.767945e-01	7.212817e-02	1.158038e-01	0.000000e+00	1	7.389069e-03
3.012148e-01	8.621985e-01	1.358835e-01	1.683198e-01	2.359047e-01	1.734505e-01	1.940220e-01	0.000000e+00	1	1.359294e-02
4.768627e-01	7.718630e-01	3.844424e-02	1.760603e-01	9.203925e-02	1.477170e-01	9.666143e-03	0.000000e+00	1	3.215969e-03
4.086742e-01	8.079803e-01	1.716846e-01	1.763956e-01	1.147548e-01	7.186113e-02	9.406878e-02	0.000000e+00	1	5.372306e-03
1.884939e-02	9.729214e-01	3.872623e-01	4.537513e-01	4.236354e-01	3.307838e-01	4.114286e-01	0.000000e+00	1	1.493066e-02
8.498654e-01	3.390063e-01	-2.787799e-01	-1.577234e-01	-1.071003e-01	-1.574116e-01	-1.275666e-01	0.000000e+00	1	1.386539e-02
9.348364e-01	1.357207e-01	-1.867556e-01	-3.284290e-01	-2.858210e-01	-2.649319e-01	-3.791186e-01	0.000000e+00	1	8.226623e-03
5.279790e-01	7.318085e-01	1.594828e-01	4.254395e-02	4.097952e-03	4.815505e-02	6.174498e-02	0.000000e+00	1	8.965790e-03
2.587074e-01	8.797001e-01	1.720233e-01	2.056780e-01	2.288875e-01	1.936388e-01	2.162932e-01	0.000000e+00	1	3.999438e-03
7.439354e-02	9.650126e-01	3.649634e-01	5.152764e-01	2.933780e-01	2.445762e-01	4.128450e-01	0.000000e+00	1	8.940156e-03
7.990369e-01	4.222498e-01	-7.576095e-02	-1.663146e-01	-1.502488e-01	-7.614549e-02	-1.218633e-01	0.000000e+00	1	1.900912e-02
4.801124e-01	7.695801e-01	1.998500e-01	3.882947e-02	8.467552e-02	2.257288e-02	1.089494e-01	0.000000e+00	1	8.731221e-03
7.606623e-01	4.937557e-01	-1.670996e-01	-3.006740e-03	-1.492168e-01	-5.880423e-02	-4.065676e-02	0.000000e+00	1	1.053407e-02
5.767215e-01	6.863129e-01	6.276365e-02	4.254395e-02	4.097952e-03	6.136336e-02	-3.268216e-03	0.000000e+00	1	7.845749e-03
6.233982e-01	6.479819e-01	-3.950976e-02	5.491328e-02	6.039010e-02	7.164764e-03	-4.522139e-02	0.000000e+00	1	8.535714e-03
4.933646e-01	7.570230e-01	1.904188e-02	2.292521e-02	9.563492e-02	1.327858e-01	1.403918e-01	0.000000e+00	1	2.273199e-03
6.168596e-01	6.500062e-01	-3.043001e-02	7.152094e-03	7.300556e-03	5.927380e-02	7.286782e-03	0.000000e+00	1	2.494448e-03
2.224953e-01	8.998893e-01	1.368809e-01	2.682424e-01	2.908000e-01	2.315520e-01	2.184049e-01	0.000000e+00	1	1.110789e-02
9.054305e-01	2.160084e-01	-1.535508e-01	-1.643812e-01	-2.598220e-01	-3.045410e-01	-3.000612e-01	0.000000e+00	1	1.246207e-02
6.168596e-01	6.500062e-01	-3.043001e-02	7.152094e-03	7.300556e-03	5.927380e-02	7.286782e-03	0.000000e+00	1	3.068864e-03
2.960509e-01	8.650615e-01	1.358835e-01	1.534560e-01	2.359047e-01	2.041666e-01	1.940220e-01	0.000000e+00	1	8.493799e-03
1.319078e-01	9.396624e-01	2.536630e-01	2.323584e-01	4.263270e-01	3.498830e-01	2.282998e-01	0.000000e+00	1	5.152225e-03
8.727306e-01	2.867002e-01	-1.508537e-01	-1.380265e-01	-2.679836e-01	-1.624394e-01	-2.442161e-01	0.000000e+00	1	6.945682e-03
9.713498e-01	3.499296e-02	-5.030459e-01	-3.128918e-01	-3.454492e-01	-4.084712e-01	-3.961908e-01	0.000000e+00	1	1.787364e-02
8.726059e-01	2.906756e-01	-1.571675e-01	-1.660929e-01	-3.108062e-01	-1.624394e-01	-1.633413e-01	0.000000e+00	1	2.953595e-03
9.747604e-01	1.779931e-02	-3.263845e-01	-4.604721e-01	-4.429917e-01	-4.174974e-01	-3.994297e-01	0.000000e+00	1	1.876113e-02
2.672608e-01	8.764283e-01	2.422236e-01	1.707075e-01	1.931384e-01	2.041666e-01	1.847962e-01	0.000000e+00	1	1.094566e-02
9.391802e-01	1.195080e-01	-2.636420e-01	-2.429797e-01	-2.895181e-01	-4.108990e-01	-2.869705e-01	0.000000e+00	1	8.120632e-03
2.500492e-01	8.867256e-01	1.641193e-01	2.829497e-01	2.380678e-01	1.767667e-01	1.947474e-01	0.000000e+00	1	1.082448e-02
7.678293e-01	4.814413e-01	-1.510678e-01	1.037400e-02	-6.029026e-02	-1.004631e-01	-1.477681e-01	0.000000e+00	1	1.070886e-02
7.779603e-01	4.589805e-01	-6.759747e-02	-3.961849e-02	-1.385491e-01	-1.613219e-01	-9.077295e-02	0.000000e+00	1	1.403146e-02
6.566651e-01	6.106408e-01	-4.481954e-02	-1.542639e-02	1.828465e-02	2.561662e-02	-5.397744e-02	0.000000e+00	1	5.325308e-03
3.964686e-01	8.156257e-01	8.115479e-02	1.110603e-01	1.109816e-01	1.486909e-01	2.110118e-01	0.000000e+00	1	3.837040e-03
8.893811e-01	2.464014e-01	-2.541672e-01	-1.391209e-01	-2.786032e-01	-2.146995e-01	-1.860334e-01	0.000000e+00	1	1.370336e-02
4.499076e-01	7.831121e-01	4.236216e-02	8.899268e-02	1.735045e-01	1.071245e-01	1.082966e-01	0.000000e+00	1	9.705575e-03
6.143866e-01	6.523635e-01	-3.043001e-02	7.152094e-03	1.467497e-02	5.927380e-02	7.286782e-03	0.000000e+00	1	5.819440e-03
8.229721e-01	3.948802e-01	-1.051608e-01	-1.998336e-01	-4.723299e-02	-2.290629e-01	-1.058082e-01	0.000000e+00	1	8.040026e-03
1.347710e-02	9.771186e-01	4.635093e-01	4.537513e-01	4.236354e-01	3.363622e-01	4.268057e-01	0.000000e+00	1	0.000000e+00
8.887111e-01	2.609070e-01	-2.360488e-01	-2.290689e-01	-1.518474e-01	-3.214671e-01	-1.199516e-01	0.000000e+00	1	1.806829e-02
5.748080e-01	6.889289e-01	-2.911932e-02	4.001870e-02	5.261901e-02	4.947722e-02	6.170809e-02	0.000000e+00	1	1.135993e-02
7.218553e-01	5.390889e-01	1.186813e-02	-8.115505e-02	-7.064681e-02	-2.009367e-02	-1.223117e-01	0.000000e+00	1	1.823286e-02
9.572687e-01	7.274769e-02	-2.945001e-01	-2.626689e-01	-3.731219e-01	-3.349591e-01	-4.550093e-01	0.000000e+00	1	2.967817e-03
8.541963e-01	3.290578e-01	-2.143885e-01	-1.649009e-01	-1.187659e-01	-2.548385e-01	-1.004021e-01	0.000000e+00	1	5.568016e-03
6.795434e-01	5.833959e-01	-3.607825e-02	-4.073354e-02	-6.029026e-02	4.485845e-03	-1.406393e-02	0.000000e+00	1	1.597410e-02
6.026142e-02	9.667459e-01	3.581748e-01	4.537513e-01	4.236354e-01	4.143715e-01	2.179793e-01	0.000000e+00	1	1.429379e-02
1.495979e-02	9.755258e-01	4.037963e-01	4.537513e-01	4.185469e-01	3.363622e-01	4.531461e-01	0.000000e+00	1	4.940629e-03
6.428989e-01	6.219198e-01	-2.272789e-02	-1.688669e-02	1.329588e-02	7.164764e-03	-1.275898e-02	0.000000e+00	1	1.310981e-02
4.690909e-01	7.814383e-01	1.557568e-01	-3.210878e-02	1.744271e-01	7.079442e-02	1.272705e-01	0.000000e+00	1	7.578439e-03
9.139447e-01	1.801185e-01	-1.881238e-01	-2.557413e-01	-3.147840e-01	-2.452131e-01	-2.562568e-01	0.000000e+00	1	1.204229e-02
9.841349e-01	1.147893e-02	-4.658222e-01	-3.983321e-01	-4.904250e-01	-4.272250e-01	-5.281016e-01	0.000000e+00	1	1.000000e+14
5.866530e-01	6.855604e-01	-6.966945e-03	-1.445528e-02	-1.652322e-02	6.824846e-02	1.225855e-01	0.000000e+00	1	1.115271e-02
9.652832e-01	6.754797e-02	-3.093188e-01	-5.191643e-01	-3.474031e-01	-2.641828e-01	-3.994297e-01	0.000000e+00	1	8.766420e-03
5.612586e-01	7.102652e-01	-3.611654e-02	7.628457e-02	-2.525706e-02	1.087533e-01	1.082966e-01	0.000000e+00	1	5.572521e-03
8.716458e-01	2.913252e-01	-2.098043e-01	-1.660929e-01	-2.913545e-01	-1.630303e-01	-1.248561e-01	0.000000e+00	1	4.976295e-03
6.952972e-01	5.810141e-01	-2.431001e-03	3.428032e-02	-4.671071e-02	-1.606198e-01	-2.565978e-03	0.000000e+00	1	7.191562e-03
7.909198e-01	4.509141e-01	-3.607825e-02	-6.080928e-02	-6.029026e-02	-2.063412e-01	-1.762326e-01	0.000000e+00	1	7.701573e-03
4.810170e-01	7.591334e-01	4.236216e-02	8.899268e-02	8.234120e-02	1.071245e-01	1.082966e-01	0.000000e+00	1	1.332836e-02
4.641078e-01	7.816190e-01	1.557568e-01	-1.021252e-02	1.732004e-01	6.373637e-02	1.193439e-01	0.000000e+00	1	1.074832e-02
5.079812e-01	7.435113e-01	9.378009e-02	1.266209e-01	2.532844e-03	7.921490e-02	6.201307e-02	0.000000e+00	1	1.822244e-02
9.072664e-01	2.101378e-01	-3.179842e-01	-1.916780e-01	-2.827759e-01	-1.428910e-01	-2.621566e-01	0.000000e+00	1	3.985420e-03
2.900335e-01	8.674789e-01	1.358835e-01	1.683198e-01	2.359047e-01	2.041666e-01	1.940220e-01	0.000000e+00	1	8.205678e-03
7.297292e-01	5.300067e-01	-6.725697e-02	-2.102479e-02	5.575234e-03	-1.358213e-01	-9.077295e-02	0.000000e+00	1	1.697230e-02
7.465216e-01	5.119235e-01	-9.316888e-02	-8.606843e-02	-1.606969e-01	-4.936931e-02	2.303920e-02	0.000000e+00	1	1.076001e-02
8.782546e-01	2.812176e-01	-2.689157e-01	-1.580424e-01	-1.979121e-01	-2.673331e-01	-1.004021e-01	0.000000e+00	1	6.552017e-03
6.629930e-01	6.042599e-01	-7.778387e-03	-3.013978e-03	2.771394e-02	-7.325630e-02	-3.347349e-02	0.000000e+00	1	1.087187e-02
7.112782e-01	5.468638e-01	-3.607825e-02	-4.073354e-02	-6.062642e-02	-1.004631e-01	-1.406393e-02	0.000000e+00	1	9.585960e-03
8.573024e-01	3.250472e-01	-2.514546e-01	-6.186069e-02	-1.946004e-01	-1.864796e-01	-1.742695e-01	0.000000e+00	1	2.441941e-03
6.999117e-01	5.758819e-01	-1.051608e-01	-1.282636e-01	-2.446922e-02	4.839588e-02	1.611418e-02	0.000000e+00	1	5.299911e-03
9.246637e-01	1.474840e-01	-3.048239e-01	-2.478536e-01	-2.903984e-01	-2.227276e-01	-2.905003e-01	0.000000e+00	1	1.876267e-02
1.115150e-01	9.459679e-01	3.488625e-01	2.315697e-01	4.263270e-01	3.301547e-01	2.282998e-01	0.000000e+00	1	2.107369e-02
1.018154e-01	9.504248e-01	3.095086e-01	1.982054e-01	4.058820e-01	4.117103e-01	2.941021e-01	0.000000e+00	1	1.608777e-02
4.764859e-01	7.721833e-01	3.844424e-02	1.767921e-01	9.249520e-02	1.477170e-01	9.666143e-03	0.000000e+00	1	4.043376e-03
7.979281e-01	4.469891e-01	-4.027619e-02	-2.259970e-01	-1.163010e-02	-1.766609e-01	-1.082284e-01	0.000000e+00	1	1.577014e-02
2.030471e-01	9.039059e-01	2.055141e-01	2.385192e-01	2.371240e-01	2.081404e-01	2.932849e-01	0.000000e+00	1	1.809173e-02
7.643973e-01	4.853588e-01	-5.630205e-02	-1.816192e-01	-6.850121e-02	-1.224434e-02	-1.181062e-01	0.000000e+00	1	1.006817e-02
1.445100e-01	9.277105e-01	2.250122e-01	2.347518e-01	2.660884e-01	3.380401e-01	3.174362e-01	0.000000e+00	1	6.087276e-03
9.272864e-01	1.420560e-01	-3.347424e-01	-2.613549e-01	-2.786032e-01	-2.820692e-01	-2.228900e-01	0.000000e+00	1	3.335734e-03
2.141741e-01	9.008782e-01	2.673946e-01	2.331063e-01	1.922241e-01	1.800216e-01	2.846344e-01	0.000000e+00	1	6.243758e-03
2.775176e-01	8.708752e-01	2.005332e-01	1.707075e-01	1.912641e-01	2.051727e-01	1.949014e-01	0.000000e+00	1	1.636445e-02
8.316350e-01	3.707700e-01	-1.271385e-01	-1.125825e-01	-1.146974e-01	-2.515577e-01	-1.310110e-01	0.000000e+00	1	1.002154e-02
1.497689e-01	9.273916e-01	2.269529e-01	3.417181e-01	2.529026e-01	3.354423e-01	2.184049e-01	0.000000e+00	1	6.605495e-03
4.247784e-01	7.961147e-01	9.113147e-02	1.577253e-01	7.545746e-02	1.342043e-01	1.212926e-01	0.000000e+00	1	1.869248e-02
5.166767e-01	7.402850e-01	3.575155e-02	-1.445539e-02	1.164123e-01	8.691186e-02	1.225855e-01	0.000000e+00	1	7.601198e-03
9.542790e-01	7.280686e-02	-2.471472e-01	-3.309118e-01	-3.222378e-01	-3.986656e-01	-3.834574e-01	0.000000e+00	1	3.797048e-03
8.229721e-01	3.948802e-01	-1.051608e-01	-1.998336e-01	-4.723299e-02	-2.290629e-01	-1.058082e-01	0.000000e+00	1	7.715678e-03
3.234920e-01	8.522012e-01	1.571487e-01	1.767948e-01	1.065378e-01	1.989018e-01	2.109337e-01	0.000000e+00	1	9.340771e-03
4.956562e-01	7.545658e-01	1.557568e-01	3.435765e-02	2.942561e-02	6.373637e-02	1.193439e-01	0.000000e+00	1	1.452545e-02
8.382890e-01	3.512433e-01	-9.185884e-02	-1.590455e-01	-1.450564e-01	-1.833172e-01	-1.973348e-01	0.000000e+00	1	1.343805e-02
9.208644e-01	1.780488e-01	-1.580184e-01	-2.084194e-01	-3.505918e-01	-3.045410e-01	-2.868187e-01	0.000000e+00	2	2.804052e-02
8.897102e-01	2.682067e-01	-2.273330e-01	-2.507015e-01	-3.089386e-01	-2.122036e-01	-5.869973e-02	0.000000e+00	2	1.002303e-02
7.674626e-01	5.028976e-01	-7.576095e-02	-1.663146e-01	-1.502488e-01	8.947735e-02	-1.218633e-01	0.000000e+00	2	6.399494e-03
3.899384e-01	8.241665e-01	5.522081e-02	1.707075e-01	1.912641e-01	2.051727e-01	7.306466e-02	0.000000e+00	2	1.038555e-02
6.669499e-01	6.095438e-01	-1.266238e-01	3.504265e-02	1.828465e-02	2.561662e-02	-4.121646e-02	0.000000e+00	2	5.719773e-03
8.400802e-01	3.619464e-01	-1.245402e-01	-2.228381e-01	-1.760525e-01	-4.208140e-02	-2.080273e-01	0.000000e+00	2	8.423725e-03
4.186624e-01	8.065793e-01	1.998500e-01	1.362818e-01	1.475240e-01	2.257288e-02	1.089494e-01	0.000000e+00	2	1.524761e-02
8.253684e-01	3.807082e-01	-5.189468e-02	-1.980484e-01	-1.576623e-01	-1.630303e-01	-1.370229e-01	0.000000e+00	2	1.201502e-02
8.419345e-01	3.527517e-01	-6.011641e-02	-1.956343e-01	-1.650558e-01	-1.428910e-01	-2.243600e-01	0.000000e+00	2	7.130303e-03
3.702235e-01	8.388970e-01	9.378009e-02	1.266209e-01	2.859941e-01	7.921490e-02	1.765097e-01	0.000000e+00	2	6.176426e-03
9.128750e-01	1.974726e-01	-2.564397e-01	-2.894561e-01	-1.232672e-01	-2.559164e-01	-3.161743e-01	0.000000e+00	2	9.025541e-03
5.999973e-02	9.709107e-01	4.395185e-01	4.629438e-01	4.236354e-01	4.143715e-01	2.023995e-01	0.000000e+00	2	1.302407e-02
7.657034e-01	5.055210e-01	2.150794e-02	-2.274016e-01	-1.507822e-01	-8.666599e-03	-5.219662e-02	0.000000e+00	2	6.738204e-03
8.616161e-01	3.221887e-01	-1.075501e-01	-1.660929e-01	-3.142246e-01	-1.627718e-01	-1.375477e-01	0.000000e+00	2	6.616864e-03
7.389650e-01	5.188271e-01	-6.725697e-02	2.358826e-02	-1.389313e-01	-6.850623e-02	-9.077295e-02	0.000000e+00	2	8.369409e-03
9.726794e-01	4.030774e-02	-4.928437e-01	-3.900009e-01	-4.429137e-01	-2.641828e-01	-3.995854e-01	0.000000e+00	2	1.044071e-02
8.872608e-02	9.607144e-01	4.040284e-01	4.776091e-01	2.407724e-01	4.008965e-01	2.342355e-01	0.000000e+00	2	7.895699e-03
7.041704e-01	5.708390e-01	1.433675e-02	5.899213e-02	-6.029026e-02	-1.004631e-01	-1.205570e-01	0.000000e+00	2	7.520001e-03
5.468851e-01	7.232555e-01	-4.851095e-02	3.761592e-02	9.929190e-02	1.526938e-01	3.453317e-02	0.000000e+00	2	1.061825e-02
4.260969e-01	8.007371e-01	1.081837e-01	7.234112e-02	1.626485e-01	5.328649e-02	1.948882e-01	0.000000e+00	2	9.209985e-03
4.291750e-01	7.993390e-01	7.326502e-02	1.623538e-01	1.727137e-01	3.173310e-02	1.443674e-01	0.000000e+00	2	6.055428e-03
4.357280e-01	7.986871e-01	1.998500e-01	1.756419e-01	7.495394e-02	2.257288e-02	1.031467e-01	0.000000e+00	2	7.517556e-03
2.780348e-01	8.714073e-01	2.203378e-01	1.683198e-01	2.135819e-01	1.682257e-01	1.940220e-01	0.000000e+00	2	1.240226e-02
5.617504e-01	7.172256e-01	1.407300e-01	4.878594e-02	8.653582e-02	6.773952e-02	-9.886401e-02	0.000000e+00	2	9.759244e-03
7.162164e-01	5.508521e-01	-1.051312e-01	-2.102479e-02	5.575234e-03	-1.358213e-01	-2.651600e-04	0.000000e+00	2	8.943477e-03
7.704651e-01	4.756856e-01	-1.719608e-01	-4.967134e-02	-1.503528e-01	-4.291199e-02	-4.687158e-02	0.000000e+00	2	1.383460e-02
7.023574e-01	5.777940e-01	-1.870961e-01	-1.633932e-02	3.159343e-02	4.230534e-03	-2.782087e-02	0.000000e+00	2	7.263525e-03
4.394305e-01	7.950984e-01	1.398896e-01	4.878594e-02	8.752609e-02	6.773952e-02	2.186666e-01	0.000000e+00	2	4.796174e-03
2.133470e-01	9.050791e-01	2.209357e-01	3.157525e-01	1.854267e-01	1.643976e-01	2.956647e-01	0.000000e+00	2	1.376912e-02
2.119036e-01	9.057332e-01	2.209357e-01	3.157525e-01	1.922241e-01	1.602848e-01	2.978703e-01	0.000000e+00	2	7.941533e-03
1.271494e-01	9.515764e-01	4.501405e-01	2.258078e-01	4.188047e-01	1.694421e-01	3.523575e-01	0.000000e+00	2	9.003591e-03
1.276481e-01	9.494418e-01	3.669427e-01	4.537513e-01	1.391723e-01	3.363622e-01	2.958900e-01	0.000000e+00	2	4.156031e-03
1.318765e-01	9.482924e-01	3.669427e-01	4.537513e-01	1.391723e-01	3.363622e-01	2.806074e-01	0.000000e+00	2	1.011709e-02
8.053448e-01	4.214643e-01	-1.487665e-01	-2.075607e-01	-1.440233e-01	-5.880423e-02	-4.976585e-02	0.000000e+00	2	1.473324e-02
7.045154e-01	5.629684e-01	-6.725697e-02	-2.102479e-02	5.575234e-03	-1.358213e-01	-2.651600e-04	0.000000e+00	2	1.155007e-02
7.910395e-01	4.570206e-01	-1.471057e-01	-1.916780e-01	1.546563e-02	-4.453999e-02	-1.659618e-01	0.000000e+00	2	1.606381e-02
8.837673e-01	2.815661e-01	-3.158899e-01	-1.937298e-01	-2.776126e-01	-1.022156e-01	-1.287900e-01	0.000000e+00	2	1.682647e-02
5.207158e-01	7.382286e-01	3.652191e-02	4.254395e-02	1.437098e-01	1.185984e-01	-3.268216e-03	0.000000e+00	2	1.589665e-02
3.658451e-01	8.396334e-01	1.747749e-01	4.436443e-02	2.309605e-01	1.030409e-01	2.154129e-01	0.000000e+00	2	3.046435e-03
1.570458e-01	9.278583e-01	3.965046e-01	2.391664e-01	2.371240e-01	2.081404e-01	2.932849e-01	0.000000e+00	2	8.937121e-03
7.212268e-01	5.484131e-01	4.964296e-02	-8.115505e-02	-7.064681e-02	-2.009367e-02	-1.474002e-01	0.000000e+00	2	4.928849e-03
6.711950e-01	6.060059e-01	-5.926411e-03	4.416099e-02	-1.294814e-01	3.415417e-02	-4.401735e-02	0.000000e+00	2	5.319324e-03
7.322742e-01	5.305736e-01	-1.514581e-01	1.236026e-02	-6.029026e-02	-1.004631e-01	-1.406393e-02	0.000000e+00	2	1.195602e-02
5.119926e-01	7.448310e-01	-1.330793e-03	1.702027e-01	7.495394e-02	5.938116e-02	5.926224e-02	0.000000e+00	2	1.013356e-02
5.110873e-01	7.481271e-01	9.291393e-03	7.424904e-02	3.410863e-02	1.913792e-01	6.174498e-02	0.000000e+00	2	1.047974e-02
5.110873e-01	7.481271e-01	9.291393e-03	7.424904e-02	3.410863e-02	1.913792e-01	6.174498e-02	0.000000e+00	2	7.097423e-03
4.895058e-01	7.616789e-01	7.684741e-02	1.413705e-01	1.555333e-01	5.619274e-02	-4.106819e-03	0.000000e+00	2	8.661875e-03
7.960884e-01	4.513357e-01	-4.652289e-02	-2.259970e-01	1.256938e-03	-1.738238e-01	-1.082284e-01	0.000000e+00	2	5.570731e-03
7.960884e-01	4.513357e-01	-4.652289e-02	-2.259970e-01	1.256938e-03	-1.738238e-01	-1.082284e-01	0.000000e+00	2	2.918492e-03
9.695286e-01	7.107274e-02	-3.448296e-01	-4.754731e-01	-2.786032e-01	-2.820692e-01	-5.293210e-01	0.000000e+00	2	9.864907e-03
6.837816e-01	5.866940e-01	-1.247252e-01	4.692132e-03	-2.414162e-02	2.242877e-02	-2.793376e-02	0.000000e+00	2	8.227256e-03
1.890894e-01	9.212727e-01	2.427340e-01	2.258078e-01	4.207853e-01	1.694421e-01	2.449524e-01	0.000000e+00	2	6.906909e-03
2.103578e-01	9.173782e-01	3.577501e-01	2.372760e-01	9.201727e-02	3.459890e-01	2.288400e-01	0.000000e+00	2	1.191037e-02
8.309709e-02	9.633936e-01	3.709728e-01	3.897642e-01	3.370824e-01	1.978284e-01	5.048221e-01	0.000000e+00	2	1.334237e-02
7.796672e-01	4.658725e-01	-1.475825e-01	1.023701e-02	-5.954225e-02	-1.488068e-01	-1.493124e-01	0.000000e+00	2	1.810220e-02
4.104637e-01	8.144891e-01	1.407300e-01	4.878594e-02	1.494898e-01	6.773952e-02	2.396030e-01	0.000000e+00	2	8.359114e-03
9.851117e-01	1.696402e-02	-4.927951e-01	-4.360359e-01	-4.429917e-01	-5.626943e-01	-4.078015e-01	0.000000e+00	2	1.077108e-03
9.855307e-01	1.670044e-02	-4.869567e-01	-4.602629e-01	-4.429917e-01	-5.626943e-01	-4.055238e-01	0.000000e+00	2	1.000000e+14
9.140215e-01	1.953809e-01	-2.635499e-01	-3.273979e-01	-1.232672e-01	-2.614090e-01	-2.744897e-01	0.000000e+00	2	2.749703e-03
9.156810e-01	1.949794e-01	-3.369438e-01	-1.660929e-01	-3.108062e-01	-1.637409e-01	-2.837040e-01	0.000000e+00	2	2.457197e-03
9.173095e-01	1.939309e-01	-2.206772e-01	-2.605530e-01	-2.762125e-01	-3.768624e-01	-1.386131e-01	0.000000e+00	2	2.978741e-03
6.436595e-01	6.251430e-01	-4.481954e-02	4.091870e-02	1.828465e-02	7.025235e-03	-4.972758e-02	0.000000e+00	2	1.544110e-02
6.805426e-01	5.887196e-01	4.964296e-02	-8.115505e-02	-7.064681e-02	-2.009367e-02	-1.898385e-02	0.000000e+00	2	1.299004e-02
7.263108e-01	5.412436e-01	-1.518284e-01	1.236026e-02	-6.320292e-02	-1.004631e-01	1.438711e-02	0.000000e+00	2	1.747782e-03
7.284952e-01	5.400583e-01	3.896706e-02	-1.703591e-01	-3.285528e-02	-5.848514e-02	-7.193647e-02	0.000000e+00	2	8.635716e-03
7.263108e-01	5.412436e-01	-1.518284e-01	1.236026e-02	-6.320292e-02	-1.004631e-01	1.438711e-02	0.000000e+00	2	5.295410e-03
5.760240e-01	6.900315e-01	9.291393e-03	3.089055e-02	3.410863e-02	-1.041909e-02	1.112160e-01	0.000000e+00	2	1.478694e-02
1.371476e-01	9.394464e-01	3.909347e-01	2.506694e-01	2.407724e-01	1.999825e-01	4.027895e-01	0.000000e+00	2	1.390791e-02
8.633840e-01	3.133493e-01	-2.505391e-01	-6.153605e-02	-1.946004e-01	-2.128795e-01	-1.830627e-01	0.000000e+00	2	1.501140e-02
4.640991e-01	7.872543e-01	1.111345e-01	1.043070e-01	-4.550057e-02	1.591655e-01	1.873425e-01	0.000000e+00	2	1.259939e-02
9.287413e-01	1.392267e-01	-3.448296e-01	-2.644065e-01	-2.786032e-01	-2.820692e-01	-2.228900e-01	0.000000e+00	2	3.606089e-02
3.618171e-01	8.399628e-01	2.909328e-02	1.683198e-01	2.135819e-01	1.682257e-01	1.940220e-01	0.000000e+00	2	4.806775e-03
8.600678e-01	3.242142e-01	-2.550422e-01	-2.355901e-01	-1.208110e-01	-7.136472e-02	-1.974862e-01	0.000000e+00	2	5.980806e-03
5.584114e-01	7.226167e-01	-1.065219e-01	9.167454e-02	8.481793e-02	4.559282e-02	1.443674e-01	0.000000e+00	2	7.794026e-03
8.898982e-01	2.511922e-01	-2.374093e-01	-2.257923e-01	-3.027862e-01	-1.849633e-01	-1.207274e-01	0.000000e+00	2	1.790175e-02
4.695200e-01	7.855105e-01	7.570569e-02	-6.653625e-03	3.893520e-02	2.079009e-01	1.903136e-01	0.000000e+00	2	4.208623e-03
4.695200e-01	7.855105e-01	7.570569e-02	-6.653625e-03	3.893520e-02	2.079009e-01	1.903136e-01	0.000000e+00	2	3.714979e-03
8.897102e-01	2.682067e-01	-2.273330e-01	-2.507015e-01	-3.089386e-01	-2.122036e-01	-5.869973e-02	0.000000e+00	2	8.941210e-03
6.656800e-01	6.115130e-01	-1.273810e-01	4.075348e-02	1.828465e-02	2.561662e-02	-4.121646e-02	0.000000e+00	2	6.072994e-03
8.527064e-01	3.394954e-01	-1.394976e-01	-8.171683e-02	-1.925826e-01	-1.367627e-01	-2.882877e-01	0.000000e+00	2	1.950621e-03
8.045138e-01	4.320530e-01	-1.641261e-01	-1.078174e-01	-2.329575e-01	-7.724792e-02	-1.406393e-02	0.000000e+00	2	9.483989e-03
3.055425e-01	8.655757e-01	1.948021e-01	2.424236e-01	2.416973e-01	1.509979e-01	8.805750e-02	0.000000e+00	2	4.750545e-03
9.764411e-01	2.854910e-02	-5.191480e-01	-4.128749e-01	-4.429917e-01	-3.047014e-01	-3.994297e-01	0.000000e+00	2	8.585691e-03
6.026843e-01	6.773035e-01	4.236216e-02	3.609771e-02	-1.039150e-01	1.101921e-01	3.154910e-02	0.000000e+00	2	5.017153e-03
2.510140e-01	8.878549e-01	1.710611e-01	2.431353e-01	2.281064e-01	2.810724e-01	1.381571e-01	0.000000e+00	2	1.932559e-02
9.394911e-01	1.217112e-01	-3.200195e-01	-3.254623e-01	-3.878055e-01	-2.613655e-01	-2.008211e-01	0.000000e+00	2	8.752480e-03
9.848128e-01	1.805702e-02	-4.927951e-01	-4.125859e-01	-4.547083e-01	-5.626943e-01	-4.078015e-01	0.000000e+00	2	7.459225e-03
9.777678e-01	2.399458e-02	-3.263845e-01	-5.278567e-01	-4.429917e-01	-4.174974e-01	-3.994297e-01	0.000000e+00	2	9.790922e-03
9.746162e-01	3.737113e-02	-4.928328e-01	-4.329017e-01	-4.429917e-01	-2.641828e-01	-3.994297e-01	0.000000e+00	2	8.060862e-03
1.790911e-01	9.223210e-01	2.245746e-01	2.331063e-01	3.757826e-01	1.621379e-01	3.224637e-01	0.000000e+00	2	5.724999e-03
4.880770e-01	7.714738e-01	1.220338e-01	-6.304843e-02	1.712897e-01	1.226680e-01	9.791707e-02	0.000000e+00	2	6.954535e-03
8.518536e-01	3.408361e-01	-6.011641e-02	-1.956343e-01	-2.721639e-01	-1.428910e-01	-1.636787e-01	0.000000e+00	2	7.121313e-03
4.799064e-01	7.729525e-01	5.820673e-02	1.422140e-01	1.365856e-01	-3.149660e-02	1.578312e-01	0.000000e+00	2	1.001629e-02
8.803450e-01	2.912440e-01	-2.978649e-01	-3.038122e-01	-1.077794e-01	-1.574116e-01	-1.275666e-01	0.000000e+00	2	9.229299e-03
9.061882e-01	2.201253e-01	-2.532970e-01	-1.267130e-01	-2.786032e-01	-3.392637e-01	-1.860334e-01	0.000000e+00	2	1.075603e-02
4.521089e-01	7.923954e-01	1.921165e-01	-1.459824e-02	1.744271e-01	7.079442e-02	1.197536e-01	0.000000e+00	2	1.584544e-02
8.371489e-01	3.676130e-01	-2.025217e-01	-2.130034e-01	-1.111963e-01	-1.899980e-01	-4.167971e-02	0.000000e+00	2	1.259890e-02
6.185648e-01	6.541017e-01	9.291393e-03	5.491558e-02	4.715591e-03	-7.599775e-02	6.174498e-02	0.000000e+00	2	5.459895e-03
4.941669e-01	7.608795e-01	4.584084e-02	1.605899e-01	-2.254351e-02	1.266536e-01	1.082966e-01	0.000000e+00	2	1.822539e-02
8.030883e-01	4.374613e-01	-4.652289e-02	-2.356841e-01	-2.254351e-02	-1.738238e-01	-1.082284e-01	0.000000e+00	2	5.561320e-03
7.991263e-01	4.487489e-01	-7.592553e-02	-2.133232e-01	-1.487472e-01	3.415417e-02	-1.604938e-01	0.000000e+00	2	8.826656e-03
3.669990e-01	8.392669e-01	1.356841e-01	2.692050e-02	2.361826e-01	1.734505e-01	1.940220e-01	0.000000e+00	2	2.651179e-03
1.454709e-01	9.350857e-01	3.709728e-01	3.897642e-01	2.191172e-01	1.978284e-01	2.631737e-01	0.000000e+00	2	4.009965e-03
2.714847e-01	8.789474e-01	2.161476e-01	2.390345e-01	1.767945e-01	2.566583e-01	1.146796e-01	0.000000e+00	2	1.050961e-02
3.868150e-01	8.302398e-01	1.736880e-01	2.498893e-01	1.771487e-01	7.212817e-02	4.508016e-02	0.000000e+00	2	5.432333e-03
9.386572e-01	1.264070e-01	-3.200195e-01	-3.254623e-01	-3.878055e-01	-2.613655e-01	-1.901725e-01	0.000000e+00	2	1.467375e-02
2.046585e-02	9.786427e-01	4.809150e-01	3.398650e-01	3.688987e-01	4.886040e-01	4.603397e-01	0.000000e+00	2	1.000000e+14
3.037227e-01	8.659544e-01	1.258369e-01	2.486636e-01	2.343634e-01	2.033868e-01	1.087679e-01	0.000000e+00	2	8.852086e-03
3.097057e-01	8.627786e-01	1.948021e-01	2.306959e-01	2.372106e-01	1.523383e-01	8.805750e-02	0.000000e+00	2	1.064476e-02
3.443418e-01	8.501808e-01	2.063677e-01	2.577099e-01	1.719925e-01	1.378647e-01	5.129198e-02	0.000000e+00	2	8.481064e-03
2.023199e-01	9.190946e-01	2.245746e-01	4.255175e-01	1.922241e-01	1.621379e-01	2.748158e-01	0.000000e+00	2	6.804931e-03
4.104637e-01	8.144891e-01	1.407300e-01	4.878594e-02	1.494898e-01	6.773952e-02	2.396030e-01	0.000000e+00	2	7.892781e-03
8.773461e-01	2.929219e-01	-2.648715e-01	-6.153605e-02	-2.833221e-01	-1.864796e-01	-1.830627e-01	0.000000e+00	2	2.602530e-03
2.023199e-01	9.190946e-01	2.245746e-01	4.255175e-01	1.922241e-01	1.621379e-01	2.748158e-01	0.000000e+00	2	5.056610e-03
3.833249e-02	9.758779e-01	4.809150e-01	3.398650e-01	2.905562e-01	4.886040e-01	4.603397e-01	0.000000e+00	2	8.734621e-03
1.454709e-01	9.350857e-01	3.709728e-01	3.897642e-01	2.191172e-01	1.978284e-01	2.631737e-01	0.000000e+00	2	6.182490e-03
8.516203e-01	3.521134e-01	-5.132781e-02	-1.660929e-01	-3.108062e-01	-1.630303e-01	-1.327010e-01	0.000000e+00	2	1.133263e-02
5.946380e-01	6.844718e-01	-4.484594e-02	1.497183e-01	5.505947e-02	7.164764e-03	-2.704482e-02	0.000000e+00	2	7.573140e-03
1.908296e-01	9.207334e-01	2.343572e-01	2.258078e-01	4.207853e-01	1.694421e-01	2.483118e-01	0.000000e+00	2	7.986840e-03
9.495305e-01	1.106855e-01	-3.448296e-01	-4.754731e-01	-2.786032e-01	-2.820692e-01	-2.228900e-01	0.000000e+00	2	4.486722e-03
7.595114e-01	5.079357e-01	-1.256535e-01	-2.207190e-01	1.666318e-03	-4.683059e-03	-5.083161e-02	0.000000e+00	2	9.757003e-03
9.419973e-02	9.567425e-01	3.069324e-01	4.725630e-01	2.150252e-01	4.117103e-01	2.941021e-01	0.000000e+00	2	3.509875e-03
8.530264e-01	3.382523e-01	-6.011641e-02	-1.908585e-01	-2.721639e-01	-1.428910e-01	-1.750846e-01	0.000000e+00	2	6.524643e-03
7.033848e-01	5.763090e-01	3.092078e-02	-8.621017e-02	5.575062e-02	-4.706947e-02	-1.527196e-01	0.000000e+00	2	4.427151e-03
7.026020e-01	5.777930e-01	-1.253954e-01	9.666331e-02	-9.724125e-02	-1.908828e-02	-5.083161e-02	0.000000e+00	2	1.304125e-03
9.461313e-01	1.170182e-01	-3.027594e-01	-1.941524e-01	-3.097520e-01	-4.531288e-01	-3.036411e-01	0.000000e+00	2	1.018310e-02
1.790911e-01	9.223210e-01	2.245746e-01	2.331063e-01	3.757826e-01	1.621379e-01	3.224637e-01	0.000000e+00	2	6.163034e-03
1.682607e-01	9.233826e-01	3.232776e-01	2.242272e-01	3.498904e-01	2.650753e-01	1.706145e-01	0.000000e+00	2	1.150285e-02
8.179058e-01	4.170567e-01	-2.087559e-01	-4.967134e-02	-1.502990e-01	-1.224434e-02	-2.294825e-01	0.000000e+00	2	5.451638e-03
6.925722e-01	5.848820e-01	-1.051252e-01	8.132569e-02	-1.034283e-01	-2.940231e-02	-1.125538e-02	0.000000e+00	2	7.113896e-03
6.939417e-01	5.831350e-01	-1.051252e-01	8.132569e-02	-1.034283e-01	-2.940231e-02	-1.609888e-02	0.000000e+00	2	8.753904e-03
3.963724e-01	8.180940e-01	9.830891e-02	7.091883e-02	1.037139e-01	2.035589e-01	1.940220e-01	0.000000e+00	2	7.771516e-03
1.488358e-01	9.314877e-01	3.062707e-01	2.639468e-01	2.321006e-01	2.033868e-01	4.027895e-01	0.000000e+00	2	9.753617e-03
2.656463e-01	8.872850e-01	1.358835e-01	1.683198e-01	3.465112e-01	1.890925e-01	2.078627e-01	0.000000e+00	2	8.067580e-03
3.570005e-01	8.400650e-01	1.736880e-01	2.390345e-01	1.771487e-01	7.212817e-02	1.158038e-01	0.000000e+00	2	6.051257e-03
8.609244e-01	3.236278e-01	-1.456831e-01	-6.588683e-02	-2.831688e-01	-2.065902e-01	-1.828828e-01	0.000000e+00	2	1.855022e-03
9.494684e-01	1.120651e-01	-3.517627e-01	-4.754731e-01	-2.816171e-01	-2.705669e-01	-2.228900e-01	0.000000e+00	2	5.052745e-03
6.553352e-01	6.166909e-01	1.420105e-02	-8.621017e-02	3.853725e-02	-4.897371e-02	2.303920e-02	0.000000e+00	2	1.410192e-02
6.610805e-01	6.153773e-01	-1.146629e-01	-4.131033e-02	3.808823e-02	4.932639e-02	-2.157337e-03	0.000000e+00	2	8.051041e-03
8.692424e-01	3.009101e-01	-1.557853e-01	-1.660929e-01	-3.142246e-01	-1.624394e-01	-1.386131e-01	0.000000e+00	2	1.558395e-02
5.597752e-01	7.211090e-01	-3.271647e-02	2.087954e-01	9.525842e-03	7.164764e-03	6.240192e-02	0.000000e+00	2	4.532124e-03
7.688353e-01	4.963310e-01	-2.761025e-03	-2.266757e-01	-1.450564e-01	-8.666599e-03	-5.219662e-02	0.000000e+00	2	1.569990e-02
8.403403e-01	3.545877e-01	-9.185884e-02	-2.357494e-01	-1.450564e-01	-1.108603e-01	-1.973348e-01	0.000000e+00	2	5.739901e-03
6.250038e-01	6.500518e-01	9.291393e-03	5.491558e-02	4.715591e-03	-9.202225e-02	6.174498e-02	0.000000e+00	2	1.506130e-02
6.779125e-01	6.058352e-01	-2.674599e-02	-2.879593e-02	1.109816e-01	-1.284938e-01	-3.983702e-02	0.000000e+00	2	1.382813e-02
3.018252e-02	9.759858e-01	3.580399e-01	4.532975e-01	4.236354e-01	5.167318e-01	3.157993e-01	0.000000e+00	2	1.069380e-02
8.740063e-01	2.939555e-01	-2.360488e-01	-2.290689e-01	-2.776126e-01	-1.007537e-01	-1.199516e-01	0.000000e+00	2	8.350664e-03
9.712091e-01	5.406172e-02	-3.263845e-01	-5.191643e-01	-4.429917e-01	-2.641828e-01	-3.994297e-01	0.000000e+00	2	1.264374e-02
5.289457e-01	7.311460e-01	1.594828e-01	4.001870e-02	4.097952e-03	4.815505e-02	6.174498e-02	0.000000e+00	2	2.489298e-03
5.289457e-01	7.311460e-01	1.594828e-01	4.001870e-02	4.097952e-03	4.815505e-02	6.174498e-02	0.000000e+00	2	1.027341e-02
9.393459e-02	9.568108e-01	3.079795e-01	4.725630e-01	2.150252e-01	4.117103e-01	2.941021e-01	0.000000e+00	2	4.900439e-03
9.625349e-01	7.451379e-02	-2.921951e-01	-2.506702e-01	-4.333121e-01	-3.322781e-01	-4.842620e-01	0.000000e+00	2	8.874551e-03
4.371131e-02	9.726664e-01	4.124895e-01	2.428565e-01	4.775974e-01	4.278071e-01	4.265238e-01	0.000000e+00	2	1.380767e-02
3.492987e-01	8.493724e-01	1.220338e-01	3.040675e-01	1.712897e-01	1.226680e-01	9.791707e-02	0.000000e+00	2	4.919786e-03
5.975160e-01	6.818043e-01	9.291393e-03	1.351654e-01	4.715591e-03	-7.620086e-02	5.839116e-02	0.000000e+00	2	7.894733e-03
1.600653e-01	9.254869e-01	3.586049e-01	2.344821e-01	2.372841e-01	3.272982e-01	1.964650e-01	0.000000e+00	2	8.136822e-03
2.909075e-01	8.680184e-01	1.358835e-01	1.774898e-01	2.560717e-01	1.734505e-01	1.969929e-01	0.000000e+00	2	1.614322e-02
3.558092e-01	8.456163e-01	9.056685e-02	8.800635e-02	2.075645e-01	1.356906e-01	2.767575e-01	0.000000e+00	2	6.896665e-03
8.002755e-01	4.385278e-01	-1.670996e-01	-3.006740e-03	-1.448789e-01	-5.880423e-02	-2.040236e-01	0.000000e+00	2	7.919843e-03
7.090146e-01	5.534465e-01	-1.253954e-01	-4.068388e-02	-3.420006e-03	-1.908828e-02	-5.083161e-02	0.000000e+00	2	1.236011e-02
9.548378e-01	7.929560e-02	-4.197956e-01	-3.511006e-01	-3.667953e-01	-3.288013e-01	-2.188756e-01	0.000000e+00	2	1.395352e-02
9.559960e-01	7.465754e-02	-2.945001e-01	-2.626689e-01	-3.600294e-01	-3.349591e-01	-4.505430e-01	0.000000e+00	2	6.473379e-03
7.478847e-01	5.112416e-01	-1.271385e-01	-4.113609e-02	-1.146974e-01	3.415417e-02	-1.212413e-01	0.000000e+00	2	7.146989e-03
7.505029e-01	5.091411e-01	-1.513822e-01	-1.331025e-01	2.267769e-02	-2.644884e-02	-9.003623e-02	0.000000e+00	2	7.742134e-03
7.746691e-01	4.755297e-01	-3.538292e-02	-1.994642e-01	-1.518658e-01	-4.005338e-02	-4.550172e-02	0.000000e+00	2	9.868252e-03
9.111190e-01	2.098519e-01	-1.931601e-01	-3.273979e-01	-1.232672e-01	-2.614090e-01	-3.161743e-01	0.000000e+00	2	1.239504e-02
9.019290e-01	2.311020e-01	-2.172667e-01	-1.267130e-01	-2.818883e-01	-3.392637e-01	-1.860334e-01	0.000000e+00	2	1.562734e-02
8.548287e-01	3.290582e-01	-1.658760e-01	-2.682113e-01	-1.059319e-01	-1.134237e-01	-2.022824e-01	0.000000e+00	2	1.094493e-02
2.754771e-01	8.764984e-01	2.161476e-01	2.393203e-01	2.409787e-01	1.779200e-01	1.146796e-01	0.000000e+00	2	7.312786e-03
5.873899e-01	6.862808e-01	1.340729e-01	4.091870e-02	1.828465e-02	7.025235e-03	-4.712812e-02	0.000000e+00	2	1.253374e-02
9.091976e-01	2.176538e-01	-1.351076e-01	-1.643812e-01	-3.535759e-01	-2.640224e-01	-2.868187e-01	0.000000e+00	2	7.894555e-03
4.870236e-01	7.725845e-01	-4.920972e-03	5.396213e-02	1.373567e-01	2.248488e-01	4.348637e-02	0.000000e+00	2	5.001834e-03
3.977464e-01	8.169978e-01	9.830891e-02	7.091883e-02	1.037139e-01	1.989265e-01	1.940220e-01	0.000000e+00	2	9.174408e-03
6.320911e-02	9.670443e-01	4.635093e-01	2.185750e-01	4.236354e-01	3.386705e-01	4.268057e-01	0.000000e+00	2	1.587398e-02
4.399805e-01	7.936986e-01	1.998500e-01	1.362818e-01	9.059890e-02	2.257288e-02	1.089494e-01	0.000000e+00	2	7.973591e-03
6.338221e-01	6.351996e-01	-5.926411e-03	4.803459e-02	-2.563031e-02	3.415417e-02	-4.852518e-02	0.000000e+00	2	7.993817e-03
4.716683e-01	7.795549e-01	1.557568e-01	-3.210878e-02	1.744271e-01	7.079442e-02	1.197536e-01	0.000000e+00	2	5.771013e-03
4.727732e-01	7.776504e-01	9.006960e-02	1.587858e-01	7.359448e-03	3.321581e-02	1.932133e-01	0.000000e+00	2	7.699970e-03
8.364064e-02	9.617406e-01	4.037963e-01	4.537513e-01	4.236354e-01	1.981518e-01	2.961138e-01	0.000000e+00	2	4.308962e-03
8.342496e-01	3.803735e-01	-1.906525e-01	-2.332927e-01	-1.497589e-01	-6.224967e-03	-1.572096e-01	0.000000e+00	2	1.291011e-02
8.982681e-01	2.422959e-01	-9.641678e-02	-3.273979e-01	-2.412310e-01	-2.614090e-01	-1.960244e-01	0.000000e+00	2	1.667569e-02
5.289457e-01	7.311460e-01	1.594828e-01	4.001870e-02	4.097952e-03	4.815505e-02	6.174498e-02	0.000000e+00	2	4.263925e-03
8.773461e-01	2.929219e-01	-2.648715e-01	-6.153605e-02	-2.833221e-01	-1.864796e-01	-1.830627e-01	0.000000e+00	2	2.090983e-03
6.185596e-01	6.541327e-01	9.291393e-03	5.853014e-02	4.715591e-03	-7.620086e-02	5.839116e-02	0.000000e+00	2	1.505231e-02
1.119128e-01	9.519406e-01	2.942870e-01	3.307206e-01	2.848706e-01	5.021640e-01	2.184049e-01	0.000000e+00	2	1.641947e-02
9.178339e-01	1.913946e-01	-2.956355e-01	-1.141857e-01	-2.743759e-01	-3.392637e-01	-2.547698e-01	0.000000e+00	2	6.316492e-03
6.411742e-01	6.322826e-01	4.463833e-02	-7.543671e-02	2.219457e-02	-4.992402e-02	4.484440e-02	0.000000e+00	2	1.032395e-02
3.498140e-01	8.461702e-01	2.171362e-01	2.435925e-01	1.630647e-01	6.298425e-02	1.189959e-01	0.000000e+00	2	5.325442e-03
6.332077e-01	6.397211e-01	5.192006e-02	-6.359639e-02	4.715591e-03	-4.157023e-02	5.854699e-02	0.000000e+00	2	1.228868e-02
3.310241e-01	8.560024e-01	2.245746e-01	2.331063e-01	1.922241e-01	1.612758e-01	4.744232e-02	0.000000e+00	2	1.196645e-02
9.514779e-01	9.699905e-02	-2.751535e-01	-4.489364e-01	-2.809552e-01	-2.452131e-01	-3.841424e-01	0.000000e+00	2	1.532816e-02
9.988390e-02	9.559883e-01	3.069324e-01	4.725630e-01	2.018435e-01	4.117103e-01	2.941021e-01	0.000000e+00	2	1.167307e-02
9.700423e-01	6.301787e-02	-2.945001e-01	-3.983321e-01	-4.904250e-01	-2.571072e-01	-4.842620e-01	0.000000e+00	2	4.979798e-03
9.705350e-01	6.249536e-02	-3.448296e-01	-4.380519e-01	-4.250547e-01	-5.033833e-01	-2.228900e-01	0.000000e+00	2	5.259780e-03
6.044114e-01	6.689531e-01	-9.532050e-03	-5.087400e-04	-1.904526e-02	2.247058e-03	1.264081e-01	0.000000e+00	2	1.542294e-02
6.038762e-01	6.691687e-01	9.291393e-03	5.589670e-02	6.176085e-03	-6.410524e-02	9.343027e-02	0.000000e+00	2	5.235195e-03
7.344631e-01	5.230050e-01	-7.576095e-02	-3.006740e-03	-1.492168e-01	-5.880423e-02	-4.065676e-02	0.000000e+00	2	9.572071e-03
1.271494e-01	9.515764e-01	4.501405e-01	2.258078e-01	4.188047e-01	1.694421e-01	3.523575e-01	0.000000e+00	2	4.477144e-04
6.026843e-01	6.773035e-01	4.236216e-02	3.609771e-02	-1.039150e-01	1.101921e-01	3.154910e-02	0.000000e+00	2	4.845796e-03
3.368724e-01	8.533028e-01	2.245746e-01	4.286581e-02	1.894011e-01	1.596656e-01	2.268243e-01	0.000000e+00	2	9.925910e-03
8.179058e-01	4.170567e-01	-2.087559e-01	-4.967134e-02	-1.502990e-01	-1.224434e-02	-2.294825e-01	0.000000e+00	2	1.886719e-02
9.503465e-01	1.043084e-01	-2.358020e-01	-4.489364e-01	-3.015126e-01	-2.465783e-01	-3.841424e-01	0.000000e+00	2	8.122931e-03
2.659049e-01	8.871766e-01	1.358835e-01	1.683198e-01	3.465112e-01	1.890925e-01	2.071281e-01	0.000000e+00	2	7.358600e-03
9.208474e-01	1.853051e-01	-1.553267e-01	-2.478536e-01	-2.836756e-01	-2.227276e-01	-3.937288e-01	0.000000e+00	2	8.506975e-03
3.874691e-01	8.292000e-01	9.006960e-02	1.587858e-01	2.386396e-01	3.321581e-02	1.932133e-01	0.000000e+00	2	4.775023e-03
5.416691e-01	7.263569e-01	-2.185044e-02	1.756419e-01	3.853360e-02	6.570670e-02	3.029049e-02	0.000000e+00	2	1.339577e-02
7.226987e-01	5.478309e-01	3.896706e-02	-1.703591e-01	-3.285528e-02	-3.714852e-02	-7.193647e-02	0.000000e+00	2	6.360571e-03
6.711950e-01	6.060059e-01	-5.926411e-03	4.416099e-02	-1.294814e-01	3.415417e-02	-4.401735e-02	0.000000e+00	2	2.288083e-03
8.240062e-01	3.932787e-01	-1.548346e-01	-2.459587e-01	-1.450564e-01	-1.071119e-01	-3.888946e-02	0.000000e+00	2	2.275966e-02
2.305016e-01	8.953005e-01	2.209357e-01	2.421891e-01	1.923475e-01	1.616972e-01	2.978703e-01	0.000000e+00	2	4.239737e-03
2.286134e-01	8.958987e-01	2.331904e-01	2.331569e-01	1.910861e-01	1.643096e-01	2.978703e-01	0.000000e+00	2	1.278001e-02
2.345832e-01	8.935025e-01	2.172102e-01	2.331063e-01	1.922241e-01	1.621379e-01	2.978703e-01	0.000000e+00	2	1.449752e-02
2.287466e-01	8.958416e-01	2.328379e-01	2.331063e-01	1.910861e-01	1.643096e-01	2.978703e-01	0.000000e+00	2	3.502641e-04
2.287466e-01	8.958416e-01	2.328379e-01	2.331063e-01	1.910861e-01	1.643096e-01	2.978703e-01	0.000000e+00	2	9.389682e-04
3.785640e-01	8.307749e-01	1.434420e-01	1.911597e-01	3.400233e-02	1.370640e-01	2.215031e-01	0.000000e+00	2	2.494430e-03
3.747328e-01	8.317551e-01	7.444740e-02	1.110603e-01	1.109816e-01	2.263533e-01	2.110118e-01	0.000000e+00	2	4.229386e-03
3.726618e-01	8.330287e-01	2.222410e-01	5.891837e-02	1.973056e-01	1.633171e-01	9.816858e-02	0.000000e+00	2	6.048481e-03
3.785640e-01	8.307749e-01	1.434420e-01	1.911597e-01	3.400233e-02	1.370640e-01	2.215031e-01	0.000000e+00	2	4.552970e-03
3.208916e-01	8.603959e-01	1.818326e-01	8.250289e-02	2.075645e-01	1.356906e-01	2.767575e-01	0.000000e+00	2	1.456715e-02
5.646792e-01	7.072215e-01	9.212913e-02	1.938932e-02	6.268371e-02	-6.590222e-02	1.134436e-01	0.000000e+00	2	1.458142e-02
5.725345e-01	6.999218e-01	6.634023e-02	1.938932e-02	6.694897e-02	-6.832483e-02	1.134436e-01	0.000000e+00	2	1.481282e-02
7.434507e-01	5.158617e-01	-8.176650e-02	-8.621017e-02	-1.606969e-01	-4.936931e-02	2.303920e-02	0.000000e+00	2	8.564140e-03
9.852702e-01	1.716374e-02	-4.927951e-01	-4.301908e-01	-4.547083e-01	-5.626943e-01	-4.078015e-01	0.000000e+00	3	1.000000e+14
2.787366e-02	9.787729e-01	4.809150e-01	4.196323e-01	2.905562e-01	4.886040e-01	4.580890e-01	0.000000e+00	3	1.000000e+14
6.075815e-01	6.719359e-01	2.632306e-02	-5.163591e-02	-5.763636e-02	6.373637e-02	1.193439e-01	0.000000e+00	3	4.333647e-02
2.914632e-01	8.683518e-01	1.891165e-01	2.107218e-01	2.343634e-01	1.978942e-01	1.087679e-01	0.000000e+00	3	4.165649e-02
8.911512e-01	2.542872e-01	-2.172667e-01	-1.267130e-01	-2.064850e-01	-3.392637e-01	-1.860334e-01	0.000000e+00	3	4.027875e-02
2.599483e-01	8.901508e-01	2.604246e-01	2.660188e-01	8.723001e-02	1.708141e-01	2.818997e-01	0.000000e+00	3	3.911405e-02
5.370428e-01	7.354607e-01	1.582846e-01	-3.740991e-02	-2.242663e-02	1.061063e-01	1.082966e-01	0.000000e+00	3	3.905446e-02
5.781564e-01	7.006588e-01	8.423745e-03	-8.619769e-02	7.736201e-02	1.327858e-01	5.939726e-02	0.000000e+00	3	3.560787e-02
5.654603e-01	7.096476e-01	6.546047e-02	6.250544e-02	7.620585e-02	1.126868e-01	-9.146745e-02	0.000000e+00	3	3.426140e-02
9.290648e-01	1.537563e-01	-1.881238e-01	-2.535628e-01	-3.147840e-01	-2.452131e-01	-3.841424e-01	0.000000e+00	3	3.396018e-02
8.006780e-01	4.388351e-01	-1.641261e-01	-1.078174e-01	-2.321447e-01	-3.201414e-02	-4.253229e-02	0.000000e+00	3	3.337980e-02
7.914295e-01	4.637257e-01	-2.761025e-03	-2.574532e-01	-1.469306e-01	-6.820554e-02	-5.256760e-02	0.000000e+00	3	3.287911e-02
8.874751e-01	2.860157e-01	-2.080271e-01	-3.711006e-01	-2.360006e-01	-1.219283e-01	-9.583126e-02	0.000000e+00	3	3.188744e-02
9.481658e-01	1.200100e-01	-3.501993e-01	-2.485992e-01	-2.435142e-01	-2.570527e-01	-4.836924e-01	0.000000e+00	3	3.164569e-02
4.406598e-01	7.946348e-01	2.042113e-01	1.954430e-02	7.545746e-02	1.396113e-01	1.212926e-01	0.000000e+00	3	3.022806e-02
9.556567e-01	8.202755e-02	-3.263845e-01	-2.595399e-01	-4.443315e-01	-2.642513e-01	-3.994297e-01	0.000000e+00	3	2.882088e-02
6.949959e-01	5.895260e-01	-1.272153e-01	1.052062e-01	-1.034283e-01	-2.932823e-02	-1.125538e-02	0.000000e+00	3	2.823558e-02
9.736859e-01	6.517844e-02	-3.844731e-01	-5.892638e-01	-3.535759e-01	-4.013402e-01	-2.671786e-01	0.000000e+00	3	2.796171e-02
9.396352e-01	1.267971e-01	-3.539646e-01	-1.659627e-01	-3.665493e-01	-3.038082e-01	-3.032757e-01	0.000000e+00	3	2.752225e-02
6.704963e-01	6.169186e-01	-2.761025e-03	1.158332e-01	-1.364304e-01	-8.666599e-03	-5.219662e-02	0.000000e+00	3	2.707835e-02
6.826690e-01	5.964482e-01	5.623618e-03	6.724140e-02	-1.450565e-01	-2.391046e-02	-3.826306e-02	0.000000e+00	3	2.703801e-02
7.297804e-01	5.418308e-01	-6.759747e-02	-3.961849e-02	6.414799e-02	-1.613219e-01	-9.077295e-02	0.000000e+00	3	2.684542e-02
8.741946e-01	2.985825e-01	-6.011641e-02	-1.892392e-01	-2.715280e-01	-2.646283e-01	-1.750846e-01	0.000000e+00	3	2.658546e-02
9.162709e-01	1.983491e-01	-1.535508e-01	-1.643812e-01	-3.535759e-01	-3.045410e-01	-2.868187e-01	0.000000e+00	3	2.655248e-02
8.140867e-01	4.222860e-01	-1.102731e-01	-1.628425e-01	2.771394e-02	-2.128906e-01	-1.755204e-01	0.000000e+00	3	2.653307e-02
4.655668e-01	7.937765e-01	1.684257e-01	1.854175e-01	1.116300e-01	-7.889050e-02	1.457391e-01	0.000000e+00	3	2.603913e-02
9.073266e-01	2.284897e-01	-1.394976e-01	-2.577945e-01	-3.623644e-01	-1.367627e-01	-2.882877e-01	0.000000e+00	3	2.601987e-02
6.225896e-01	6.619420e-01	4.735384e-02	3.677143e-02	-1.384570e-01	5.801187e-02	5.787638e-02	0.000000e+00	3	2.586475e-02
6.563632e-02	9.701087e-01	4.121827e-01	4.738287e-01	4.133203e-01	1.931081e-01	4.318626e-01	0.000000e+00	3	2.485255e-02
8.392918e-02	9.634199e-01	4.037963e-01	4.738287e-01	4.236354e-01	1.931081e-01	3.059952e-01	0.000000e+00	3	2.471956e-02
7.085056e-01	5.680953e-01	-1.870961e-01	-1.688669e-02	7.776532e-03	4.230534e-03	-2.782087e-02	0.000000e+00	3	2.453836e-02
3.539822e-01	8.503128e-01	1.172461e-01	3.032300e-01	9.002082e-02	2.133136e-01	9.362836e-02	0.000000e+00	3	2.445358e-02
2.122853e-01	9.116177e-01	2.250122e-01	2.347518e-01	1.075892e-01	3.380401e-01	3.174362e-01	0.000000e+00	3	2.434875e-02
4.589843e-02	9.730186e-01	4.014576e-01	5.390655e-01	4.236354e-01	3.331960e-01	2.958900e-01	0.000000e+00	3	2.422660e-02
8.376109e-01	3.703360e-01	-6.086946e-02	-1.577234e-01	-1.071003e-01	-1.574116e-01	-2.744699e-01	0.000000e+00	3	2.390459e-02
1.658927e-01	9.275504e-01	2.055141e-01	4.143894e-01	2.446127e-01	2.081404e-01	2.932849e-01	0.000000e+00	3	2.303873e-02
7.690380e-01	5.060611e-01	-5.668591e-02	-2.259970e-01	1.256938e-03	-1.738238e-01	3.030818e-02	0.000000e+00	3	2.262934e-02
1.004008e-01	9.574850e-01	4.004564e-01	3.717736e-01	4.236354e-01	3.637774e-01	1.465293e-01	0.000000e+00	3	2.209921e-02
6.388647e-01	6.536133e-01	-9.671494e-04	1.115607e-01	4.994087e-03	-1.524918e-01	6.021323e-02	0.000000e+00	3	2.148084e-02
1.476444e-01	9.351271e-01	3.685018e-01	2.603158e-01	2.191172e-01	3.979619e-01	1.938927e-01	0.000000e+00	3	2.142644e-02
1.148511e-01	9.519763e-01	3.468872e-01	3.307206e-01	4.951893e-01	2.328757e-01	2.233364e-01	0.000000e+00	3	2.079618e-02
9.746168e-01	3.737209e-02	-4.928437e-01	-4.329017e-01	-4.429917e-01	-2.641828e-01	-3.994297e-01	0.000000e+00	3	2.063320e-02
3.414542e-01	8.533459e-01	7.873517e-02	1.752070e-01	1.993023e-01	2.865655e-01	9.980979e-02	0.000000e+00	3	2.038284e-02
9.083670e-01	2.215369e-01	-1.272356e-01	-1.643812e-01	-3.535759e-01	-2.640224e-01	-2.868187e-01	0.000000e+00	3	2.034317e-02
4.214739e-01	8.076248e-01	1.220338e-01	6.607913e-02	5.862645e-02	1.247868e-01	2.439716e-01	0.000000e+00	3	1.995065e-02
5.058567e-01	7.616002e-01	3.658476e-02	2.473273e-01	5.397558e-02	7.164764e-03	6.240192e-02	0.000000e+00	3	1.986718e-02
3.141576e-01	8.644840e-01	2.235912e-01	7.563518e-02	1.926224e-01	1.398223e-01	2.748076e-01	0.000000e+00	3	1.972327e-02
2.426105e-01	8.945089e-01	1.962213e-01	2.228344e-01	2.003831e-01	3.381568e-01	1.443674e-01	0.000000e+00	3	1.951575e-02
7.744760e-01	4.757515e-01	-3.538292e-02	-1.994642e-01	-1.511505e-01	-4.005338e-02	-4.550172e-02	0.000000e+00	3	1.950337e-02
5.131725e-01	7.455464e-01	1.501558e-01	-1.445630e-02	1.148878e-01	8.769680e-02	2.440118e-02	0.000000e+00	3	1.908687e-02
4.741077e-01	7.781508e-01	1.557568e-01	-3.210878e-02	1.744271e-01	6.492636e-02	1.194854e-01	0.000000e+00	3	1.905973e-02
3.916514e-01	8.248529e-01	7.435516e-02	2.215726e-01	1.922241e-01	1.604502e-01	4.744232e-02	0.000000e+00	3	1.874391e-02
5.046048e-01	7.751498e-01	2.171362e-01	-1.036352e-01	1.460985e-01	6.298425e-02	1.189959e-01	0.000000e+00	3	1.871211e-02
7.710325e-01	4.807482e-01	-1.631718e-01	-6.263786e-02	-1.742274e-01	4.342047e-03	-6.203286e-02	0.000000e+00	3	1.859983e-02
1.805974e-01	9.239165e-01	2.536630e-01	2.323584e-01	4.263270e-01	1.879924e-01	2.282998e-01	0.000000e+00	3	1.847086e-02
7.132511e-01	5.546167e-01	-1.540574e-01	-3.373074e-02	-6.044982e-02	1.615085e-02	-1.406393e-02	0.000000e+00	3	1.842747e-02
6.470987e-01	6.452466e-01	3.510275e-02	-1.441652e-01	-6.839754e-03	-1.598739e-02	1.289634e-01	0.000000e+00	3	1.839903e-02
9.588470e-01	7.530942e-02	-2.534213e-01	-2.682113e-01	-3.792432e-01	-4.550462e-01	-3.838296e-01	0.000000e+00	3	1.817664e-02
3.737682e-01	8.387725e-01	2.245746e-01	-1.803006e-03	1.894011e-01	1.633171e-01	1.830428e-01	0.000000e+00	3	1.805839e-02
1.333753e-01	9.506090e-01	2.269253e-01	2.339083e-01	5.301696e-01	3.363189e-01	2.741708e-01	0.000000e+00	3	1.793052e-02
5.213938e-01	7.404974e-01	2.073121e-03	3.761592e-02	9.232789e-02	1.789219e-01	3.124192e-02	0.000000e+00	3	1.771039e-02
8.738188e-01	3.234290e-01	-1.548346e-01	-3.281778e-01	-2.848340e-01	-4.695518e-02	-1.239660e-01	0.000000e+00	3	1.752116e-02
4.840815e-01	7.757166e-01	1.434420e-01	1.911597e-01	6.694897e-02	-5.357675e-02	1.177087e-01	0.000000e+00	3	1.748752e-02
6.599631e-01	6.257200e-01	5.192006e-02	7.386498e-02	3.312986e-03	-3.720492e-02	-1.455308e-01	0.000000e+00	3	1.720037e-02
6.471012e-01	6.265006e-01	3.092078e-02	-8.621017e-02	4.264607e-02	-4.706947e-02	2.799695e-02	0.000000e+00	3	1.687152e-02
2.287283e-01	9.061180e-01	1.946247e-01	2.196007e-01	1.075892e-01	3.380401e-01	3.174362e-01	0.000000e+00	3	1.653822e-02
