1.338463e-02 9.778399e-01
9.825942e-01 5.055939e-03
8.479832e-01 3.268164e-01
1.125601e-01 9.375906e-01
8.540948e-01 3.147453e-01
1.001227e-01 9.406406e-01
7.270914e-02 9.523473e-01
5.222870e-01 7.299493e-01
6.690166e-01 5.941451e-01
4.782319e-01 7.611740e-01
9.462494e-01 9.078464e-02
9.053885e-01 1.991097e-01
1.367009e-01 9.285799e-01
3.822016e-01 8.200282e-01
6.428989e-01 6.219198e-01
9.012892e-01 2.075757e-01
7.561834e-01 4.876230e-01
9.220375e-01 1.594176e-01
9.794284e-01 1.523393e-02
8.657793e-01 2.965945e-01
1.282772e-01 9.320404e-01
9.625037e-01 4.049260e-02
8.761077e-01 2.739306e-01
8.677932e-01 2.874202e-01
9.465945e-01 8.125233e-02
1.201300e-01 9.344507e-01
8.711586e-01 2.801631e-01
4.689222e-01 7.666716e-01
5.949263e-02 9.609811e-01
7.610471e-01 4.785796e-01
9.237136e-01 1.515771e-01
1.647201e-01 9.181987e-01
8.199863e-01 3.862425e-01
4.567337e-01 7.760852e-01
5.835379e-01 6.842660e-01
8.075862e-01 4.076853e-01
7.675215e-01 4.774511e-01
4.310262e-01 7.929083e-01
7.507123e-01 4.998396e-01
8.195840e-02 9.487025e-01
5.304237e-01 7.268167e-01
5.327086e-02 9.624532e-01
8.788755e-01 2.719991e-01
9.806917e-01 5.489123e-03
2.834839e-01 8.682875e-01
6.739337e-01 5.889864e-01
7.523219e-01 4.960806e-01
5.190492e-01 7.358768e-01
2.767101e-01 8.743272e-01
8.803504e-01 2.648089e-01
9.698388e-01 3.504226e-02
9.391593e-01 1.030097e-01
9.616291e-01 4.932264e-02
7.675762e-01 4.707080e-01
3.964686e-01 8.156257e-01
5.609902e-01 6.987563e-01
2.686719e-01 8.750324e-01
7.928689e-01 4.337983e-01
5.427246e-01 7.128095e-01
3.395143e-01 8.434457e-01
7.536123e-01 4.896406e-01
7.755482e-01 4.567685e-01
5.069357e-01 7.474524e-01
1.753075e-01 9.166266e-01
8.040864e-01 4.134905e-01
7.720660e-01 4.615834e-01
2.030471e-01 9.039059e-01
8.122763e-01 3.987988e-01
3.213653e-02 9.670969e-01
9.597903e-01 5.633793e-02
7.848158e-01 4.409513e-01
5.543804e-01 7.081021e-01
7.821977e-01 4.515608e-01
6.519253e-02 9.596091e-01
8.943098e-01 2.298872e-01
7.307816e-01 5.269904e-01
8.444449e-01 3.342214e-01
8.610134e-01 3.033079e-01
7.021432e-01 5.561254e-01
7.197388e-01 5.383491e-01
8.631101e-01 3.007970e-01
9.719839e-01 3.114563e-02
3.893295e-01 8.159340e-01
2.377029e-01 8.909175e-01
6.008414e-01 6.625914e-01
8.344638e-01 3.554305e-01
9.728188e-01 2.336532e-02
5.407457e-01 7.172984e-01
4.609006e-01 7.716235e-01
8.231615e-01 3.747413e-01
3.454921e-01 8.404349e-01
9.483385e-01 7.724109e-02
8.144283e-01 3.956255e-01
9.267498e-01 1.414744e-01
1.240087e-01 9.334921e-01
2.210938e-01 8.950409e-01
7.403421e-01 5.152947e-01
5.494563e-01 7.105252e-01
8.831711e-01 2.538055e-01
8.560388e-01 3.111909e-01
8.455465e-02 9.465782e-01
7.084257e-01 5.486966e-01
1.495979e-02 9.755258e-01
4.674989e-01 7.678352e-01
5.767215e-01 6.863129e-01
9.139447e-01 1.801185e-01
6.527209e-01 6.115156e-01
6.141614e-01 6.521465e-01
8.426976e-01 3.372403e-01
6.895859e-02 9.569888e-01
5.549025e-01 7.041025e-01
6.674367e-01 6.024832e-01
9.179592e-01 1.641035e-01
6.384107e-01 6.271329e-01
9.425924e-01 9.686810e-02
1.787541e-02 9.712559e-01
3.420246e-02 9.656984e-01
8.218268e-01 3.830295e-01
7.459943e-01 5.032406e-01
8.166074e-01 3.919426e-01
7.154957e-01 5.429768e-01
9.363189e-01 1.111346e-01
9.425924e-01 9.686810e-02
3.659161e-01 8.302487e-01
4.254808e-01 7.958073e-01
7.347450e-01 5.156289e-01
7.331236e-01 5.224029e-01
7.687410e-01 4.659691e-01
4.499076e-01 7.831121e-01
8.370409e-01 3.486717e-01
7.831844e-01 4.432193e-01
7.821977e-01 4.515608e-01
7.965241e-01 4.249928e-01
9.165333e-01 1.685115e-01
5.991939e-01 6.666996e-01
1.581854e-01 9.219988e-01
7.282130e-01 5.292822e-01
8.416714e-01 3.422998e-01
5.477946e-01 7.119284e-01
5.640666e-01 6.952762e-01
9.504379e-01 7.434354e-02
3.772475e-01 8.230204e-01
9.747604e-01 1.779931e-02
8.093426e-01 4.026155e-01
7.450396e-01 5.072070e-01
8.009928e-01 4.204632e-01
3.978821e-01 8.116400e-01
2.141547e-01 9.006470e-01
4.810170e-01 7.591334e-01
1.911315e-01 9.094538e-01
8.888035e-01 2.391622e-01
2.253739e-01 8.936791e-01
4.999973e-01 7.477020e-01
4.384952e-01 7.897962e-01
2.418316e-01 8.867168e-01
1.432554e-01 9.278313e-01
1.972694e-01 9.079669e-01
1.878719e-01 9.116891e-01
5.861741e-01 6.818426e-01
5.653412e-01 6.940831e-01
3.614225e-01 8.305669e-01
7.936649e-01 4.292902e-01
9.314290e-01 1.323822e-01
2.793439e-01 8.700088e-01
2.960509e-01 8.650615e-01
4.086742e-01 8.079803e-01
3.761320e-01 8.259696e-01
6.085515e-01 6.594920e-01
2.900335e-01 8.674789e-01
9.515548e-01 7.032271e-02
8.929338e-01 2.337293e-01
6.112675e-01 6.544316e-01
6.887263e-01 5.714103e-01
7.436004e-01 5.113336e-01
6.190168e-01 6.455952e-01
7.754049e-01 4.569602e-01
9.545275e-01 5.900414e-02
8.294404e-01 3.649728e-01
4.505088e-01 7.787095e-01
9.083934e-01 1.940197e-01
3.154347e-01 8.562857e-01
9.072041e-01 1.940757e-01
9.267116e-01 1.456235e-01
6.776026e-01 5.865347e-01
3.589618e-01 8.318653e-01
2.559715e-02 9.690814e-01
2.307062e-01 8.912619e-01
8.581413e-01 3.074413e-01
3.005531e-01 8.624873e-01
7.876847e-01 4.357987e-01
4.000551e-01 8.103379e-01
6.938008e-01 5.652307e-01
4.628716e-01 7.708705e-01
4.959444e-01 7.521943e-01
9.089238e-01 1.876346e-01
4.652398e-02 9.641859e-01
3.562951e-01 8.335133e-01
9.550634e-01 5.772280e-02
9.278688e-01 1.361932e-01
4.141099e-01 8.040551e-01
7.055565e-01 5.516525e-01
2.559715e-02 9.690814e-01
9.531795e-01 6.467163e-02
1.481879e-01 9.265415e-01
6.107218e-01 6.570774e-01
4.842813e-01 7.563458e-01
2.196431e-01 8.984042e-01
4.458883e-01 7.834708e-01
3.128590e-01 8.580850e-01
6.480379e-01 6.176616e-01
7.715705e-01 4.652874e-01
5.915181e-01 6.736057e-01
4.410354e-01 7.890490e-01
4.018475e-02 9.654625e-01
3.295574e-01 8.492454e-01
7.613163e-01 4.781752e-01
6.909178e-01 5.686609e-01
6.252247e-01 6.408316e-01
9.547705e-02 9.418100e-01
9.010521e-01 2.135976e-01
9.237021e-02 9.431190e-01
3.894570e-01 8.158628e-01
3.718901e-01 8.271703e-01
3.216858e-01 8.562496e-01
1.973389e-02 9.705892e-01
9.284106e-01 1.352013e-01
8.322620e-01 3.600637e-01
5.079812e-01 7.435113e-01
5.927838e-01 6.711125e-01
9.341321e-01 1.230756e-01
7.429744e-01 5.134498e-01
8.024961e-01 4.166525e-01
7.876847e-01 4.357987e-01
8.853483e-01 2.488414e-01
5.883683e-01 6.743580e-01
7.231579e-01 5.347843e-01
3.696494e-01 8.292390e-01
5.954697e-01 6.703177e-01
1.828709e-01 9.130352e-01
3.525533e-01 8.362957e-01
3.043030e-01 8.611967e-01
5.310567e-01 7.252852e-01
9.533192e-01 6.425621e-02
5.741830e-01 6.879052e-01
9.373097e-01 1.084230e-01
9.315065e-01 1.297182e-01
4.982692e-01 7.489723e-01
6.055594e-01 6.616874e-01
3.490813e-01 8.369668e-01
4.178127e-01 8.024446e-01
2.775176e-01 8.708752e-01
1.783804e-01 9.146229e-01
8.269886e-01 3.691179e-01
2.464983e-01 8.852950e-01
2.551742e-01 8.827940e-01
5.327230e-01 7.220930e-01
5.685723e-01 6.911570e-01
8.329301e-01 3.557462e-01
6.380302e-01 6.305123e-01
8.954245e-01 2.244095e-01
4.125376e-01 8.050610e-01
8.693321e-01 2.845053e-01
4.873882e-01 7.537837e-01
8.884093e-01 2.429110e-01
7.270653e-01 5.323978e-01
5.130151e-01 7.401216e-01
6.495859e-01 6.150860e-01
2.090728e-01 9.016782e-01
6.977708e-01 5.648814e-01
5.165291e-01 7.372134e-01
4.885391e-01 7.530583e-01
2.090728e-01 9.016782e-01
1.574556e-01 9.222623e-01
3.534620e-01 8.343072e-01
3.108133e-01 8.611946e-01
4.942871e-01 7.529514e-01
6.227177e-01 6.447143e-01
5.864157e-01 6.784953e-01
6.279305e-01 6.404301e-01
8.836032e-02 9.442600e-01
6.849809e-01 5.767572e-01
2.587074e-01 8.797001e-01
8.911927e-01 2.369107e-01
6.742913e-02 9.570667e-01
6.237919e-01 6.438775e-01
4.422613e-01 7.859211e-01
8.860207e-01 2.451955e-01
9.155675e-01 1.780512e-01
6.934117e-01 5.685016e-01
7.264512e-01 5.342781e-01
6.629948e-01 6.042581e-01
6.559430e-01 6.112925e-01
1.445100e-01 9.277105e-01
4.018475e-02 9.654625e-01
6.674367e-01 6.024832e-01
3.329633e-01 8.476816e-01
8.968791e-01 2.224127e-01
5.351179e-01 7.212084e-01
8.705040e-01 2.833484e-01
5.107039e-01 7.429222e-01
9.246637e-01 1.474840e-01
6.753530e-01 5.872830e-01
2.135371e-01 9.011200e-01
3.370737e-01 8.464225e-01
2.464195e-01 8.864470e-01
5.880124e-01 6.771879e-01
2.619046e-01 8.792744e-01
4.830786e-01 7.572130e-01
6.846174e-01 5.789162e-01
9.701196e-01 3.212181e-02
5.572812e-01 7.010674e-01
6.813797e-01 5.815901e-01
9.347996e-01 1.214394e-01
2.910061e-01 8.657323e-01
9.162805e-01 1.735195e-01
8.370409e-01 3.486717e-01
8.402022e-01 3.458948e-01
8.985026e-01 2.152201e-01
9.358365e-01 1.165729e-01
6.823846e-01 5.802139e-01
9.358431e-01 1.165608e-01
8.981757e-01 2.179419e-01
8.164540e-01 3.923610e-01
4.075001e-01 8.085095e-01
8.578303e-01 3.081595e-01
9.615988e-01 5.229978e-02
9.176711e-01 1.649261e-01
7.055565e-01 5.516525e-01
6.480379e-01 6.176616e-01
7.005693e-01 5.582487e-01
9.731680e-01 2.118502e-02
2.002971e-01 9.050313e-01
8.971186e-01 2.197065e-01
9.106633e-01 1.844225e-01
6.179284e-01 6.482204e-01
6.866238e-01 5.744978e-01
2.951514e-01 8.656046e-01
9.106633e-01 1.844225e-01
1.632054e-01 9.188888e-01
4.522145e-01 7.769587e-01
9.321140e-01 1.260642e-01
4.839511e-02 9.632339e-01
6.573518e-01 6.082577e-01
5.718857e-01 6.906167e-01
8.810091e-01 2.611073e-01
2.500533e-01 8.832121e-01
7.344025e-01 5.187930e-01
1.504351e-01 9.258269e-01
8.249236e-01 3.713355e-01
2.500533e-01 8.832121e-01
6.322219e-01 6.370158e-01
9.625037e-01 4.049260e-02
4.354506e-01 7.921784e-01
3.384665e-01 8.458258e-01
5.572812e-01 7.010674e-01
7.983113e-01 4.213750e-01
1.797419e-01 9.141724e-01
8.313901e-01 3.615345e-01
3.331479e-01 8.466169e-01
1.534634e-01 9.238606e-01
6.347785e-01 6.347800e-01
2.572464e-01 8.810288e-01
9.165053e-01 1.730377e-01
3.483359e-01 8.390499e-01
6.062908e-01 6.610720e-01
6.873028e-01 5.733506e-01
4.354506e-01 7.921784e-01
8.857695e-02 9.441738e-01
3.108133e-01 8.611946e-01
9.514371e-01 7.133751e-02
4.039712e-01 8.097386e-01
6.607246e-01 6.042891e-01
1.753075e-01 9.166266e-01
6.795434e-01 5.833959e-01
8.403568e-01 3.439666e-01
8.217983e-01 3.830809e-01
8.816808e-01 2.604869e-01
6.298875e-01 6.390312e-01
1.524672e-01 9.252272e-01
9.732462e-01 1.799724e-02
8.822624e-01 2.573395e-01
6.999238e-01 5.624353e-01
9.092387e-01 1.868929e-01
8.923885e-01 2.363557e-01
7.453114e-01 5.041145e-01
5.366155e-01 7.177971e-01
6.168596e-01 6.500062e-01
7.004299e-01 5.602050e-01
5.151730e-01 7.386446e-01
2.196431e-01 8.984042e-01
2.634396e-01 8.780091e-01
7.112782e-01 5.468638e-01
6.337430e-01 6.349149e-01
8.441598e-01 3.347717e-01
4.043874e-01 8.095453e-01
8.038488e-01 4.161252e-01
3.221821e-01 8.527295e-01
8.236902e-02 9.485720e-01
7.111796e-01 5.469816e-01
5.366155e-01 7.177971e-01
2.302922e-01 8.915489e-01
1.632054e-01 9.188888e-01
8.084476e-01 4.039205e-01
6.993660e-01 5.641097e-01
7.137006e-01 5.447072e-01
3.012148e-01 8.621985e-01
2.409557e-01 8.901435e-01
6.591500e-01 6.060396e-01
2.660917e-01 8.762155e-01
6.566395e-01 6.091905e-01
8.825401e-01 2.563702e-01
9.473226e-02 9.428044e-01
3.150076e-01 8.576684e-01
6.350333e-01 6.308387e-01
2.280431e-01 8.932231e-01
1.895210e-01 9.110254e-01
8.853483e-01 2.488414e-01
3.703606e-01 8.276465e-01
7.219126e-01 5.368054e-01
2.410384e-01 8.897631e-01
3.234920e-01 8.522012e-01
4.198173e-01 7.990003e-01
1.825059e-01 9.133621e-01
3.471706e-01 8.403072e-01
9.002143e-01 2.140523e-01
6.495859e-01 6.150860e-01
7.952069e-01 4.275486e-01
3.040137e-01 8.614223e-01
3.763803e-01 8.231893e-01
9.381773e-01 1.059926e-01
4.188163e-01 8.017989e-01
4.439499e-01 7.848773e-01
4.219625e-01 7.982552e-01
3.219706e-01 8.554245e-01
8.283985e-01 3.667433e-01
9.385165e-01 1.055656e-01
3.270806e-01 8.498595e-01
7.831844e-01 4.432193e-01
8.236565e-01 3.738655e-01
1.347710e-02 9.771186e-01
5.958101e-01 6.670909e-01
5.689445e-01 6.908251e-01
2.552974e-01 8.815936e-01
4.237358e-01 7.968040e-01
4.188606e-01 7.994284e-01
8.245739e-01 3.722598e-01
8.279541e-01 3.674859e-01
5.959680e-01 6.669300e-01
2.660917e-01 8.762155e-01
6.383579e-01 6.271800e-01
7.216993e-01 5.376321e-01
9.146807e-01 1.782431e-01
1.989759e-01 9.055969e-01
6.795434e-01 5.833959e-01
5.145751e-01 7.400752e-01
7.983113e-01 4.213750e-01
9.321140e-01 1.260642e-01
7.151874e-01 5.434393e-01
4.520483e-01 7.770717e-01
8.954833e-01 2.242545e-01
6.351213e-01 6.307606e-01
6.592670e-01 6.057215e-01
5.101739e-01 7.434295e-01
5.344823e-01 7.218429e-01
4.227843e-01 7.979500e-01
9.698388e-01 3.504226e-02
1.902380e-01 9.097212e-01
3.273778e-01 8.497066e-01
7.952069e-01 4.275486e-01
1.981454e-01 9.065525e-01
3.250597e-01 8.513226e-01
9.615988e-01 5.229978e-02
4.988677e-01 7.481282e-01
3.250597e-01 8.513226e-01
6.174616e-01 6.497726e-01
4.663201e-02 9.639680e-01
9.246637e-01 1.474840e-01
2.631853e-01 8.781154e-01
7.339769e-01 5.207440e-01
5.747452e-01 6.864699e-01
7.137006e-01 5.447072e-01
4.247784e-01 7.961147e-01
4.435696e-01 7.852024e-01
4.627125e-01 7.710256e-01
2.905440e-01 8.669466e-01
2.280431e-01 8.932231e-01
6.303845e-01 6.370554e-01
8.874400e-01 2.445624e-01
1.534634e-01 9.238606e-01
4.689222e-01 7.666716e-01
4.125376e-01 8.050610e-01
1.973389e-02 9.705892e-01
5.718857e-01 6.906167e-01
4.839511e-02 9.632339e-01
6.301401e-01 6.376230e-01
7.340723e-01 5.205693e-01
8.313901e-01 3.615345e-01
6.629527e-01 6.042846e-01
9.347882e-01 1.215144e-01
1.975950e-01 9.072523e-01
