# This file contains stats about hypervolume
1 99982585.564613 
2 99983662.031449 
3 99989793.660206 
4 99994734.831044 
5 99994735.972590 
6 99996528.639946 
7 99996528.645460 
8 99997446.036158 
9 99997446.043496 
10 99997699.526547 
11 99998741.274073 
12 99998741.291322 
13 99998770.415626 
14 99998770.429196 
15 99998976.991206 
16 99998976.996930 
17 99998999.514552 
18 99998999.519176 
19 99999548.446306 
20 99999548.449028 
21 99999548.453232 
22 99999548.455125 
23 99999550.454014 
24 99999550.456558 
25 99999550.458408 
26 99999550.459503 
27 99999550.460932 
28 99999550.461412 
29 99999550.462752 
30 99999694.940061 
31 99999694.940761 
32 99999694.941585 
33 99999694.942225 
34 99999694.942888 
35 99999694.943588 
36 99999694.944640 
37 99999697.580358 
38 99999697.580568 
39 99999697.581120 
40 99999697.581363 
41 99999697.582034 
42 99999697.582367 
43 99999749.792643 
44 99999749.793234 
45 99999749.793533 
46 99999749.793861 
47 99999749.794278 
48 99999749.794750 
49 99999749.794879 
50 99999749.795171 
51 99999749.795399 
52 99999749.795720 
53 99999749.795860 
54 99999749.796103 
55 99999749.796306 
56 99999749.796609 
57 99999749.796789 
58 99999749.796908 
59 99999749.797110 
60 99999749.797185 
61 99999809.689557 
62 99999809.689673 
63 99999809.689795 
64 99999809.689868 
65 99999809.690022 
66 99999809.690339 
67 99999809.690438 
68 99999809.690568 
69 99999809.690687 
70 99999809.690946 
71 99999809.691017 
72 99999809.691168 
73 99999809.691331 
74 99999809.691461 
75 99999809.691596 
76 99999809.691677 
77 99999809.691751 
78 99999809.691939 
79 99999810.616688 
80 99999810.616735 
81 99999810.616854 
82 99999810.616943 
83 99999810.617124 
84 99999810.617208 
85 99999810.617274 
86 99999810.617302 
87 99999810.617440 
88 99999810.617484 
89 99999810.617582 
90 99999810.617617 
91 99999810.617719 
92 99999810.617765 
93 99999810.617856 
94 99999810.617930 
95 99999810.618009 
96 99999810.618094 
97 99999810.618127 
98 99999810.618166 
99 99999814.949650 
100 99999814.949720 
101 99999814.949752 
102 99999814.949795 
103 99999814.949837 
104 99999814.949890 
105 99999814.949966 
106 99999814.950028 
107 99999814.950088 
108 99999814.950120 
109 99999814.950167 
110 99999814.950186 
111 99999814.950231 
112 99999814.950252 
113 99999831.862310 
114 99999831.862355 
115 99999831.862372 
116 99999831.862451 
117 99999831.862482 
118 99999831.862528 
119 99999831.862554 
120 99999831.862560 
121 99999831.862597 
122 99999831.862633 
123 99999831.862673 
124 99999831.862687 
125 99999831.862712 
126 99999831.862758 
127 99999831.862785 
128 99999831.862815 
129 99999831.862850 
130 99999831.862857 
131 99999831.862874 
132 99999831.862890 
133 99999831.862895 
134 99999831.862909 
135 99999831.862934 
136 99999831.862933 
137 99999831.862939 
138 99999831.862983 
139 99999831.863012 
140 99999831.863031 
141 99999831.863054 
142 99999831.863073 
143 99999831.863116 
144 99999831.863160 
145 99999831.863196 
146 99999831.863250 
147 99999831.863273 
148 99999868.136517 
149 99999868.136521 
150 99999868.136543 
151 99999868.136553 
152 99999868.136580 
153 99999940.367008 
154 99999940.367018 
155 99999940.367025 
156 99999940.367054 
157 99999940.367063 
158 99999940.367073 
159 99999940.367084 
160 99999940.367104 
161 99999940.367124 
162 99999940.367157 
163 99999940.367159 
164 99999940.367168 
165 99999940.367175 
166 99999943.035989 
167 99999943.036000 
168 99999943.036026 
169 99999943.036034 
170 99999943.036058 
171 99999943.036057 
172 99999943.036064 
173 99999943.036068 
174 99999943.036114 
175 99999943.036143 
176 99999943.036149 
177 99999943.036159 
178 99999943.036159 
179 99999943.036157 
180 99999943.036158 
181 99999943.036168 
182 99999943.036186 
183 99999943.036199 
184 99999943.036234 
185 99999943.036238 
186 99999943.036247 
187 99999943.036246 
188 99999943.036257 
189 99999943.036264 
190 99999943.036269 
191 99999963.161992 
192 99999963.161995 
193 99999963.162003 
194 99999963.162014 
195 99999963.162049 
196 99999963.162054 
197 99999963.162070 
198 99999963.162079 
199 99999963.162090 
200 99999963.162083 
201 99999963.162093 
202 99999963.162104 
203 99999963.162108 
204 99999963.162115 
205 99999963.162126 
206 99999963.162133 
207 99999963.162135 
208 99999963.162134 
209 99999963.162143 
210 99999963.162144 
211 99999963.162155 
212 99999963.162146 
213 99999963.162166 
214 99999963.162176 
215 99999963.162181 
216 99999963.162182 
217 99999963.162200 
218 99999963.162211 
219 99999963.162218 
220 99999963.162216 
221 99999963.162214 
222 99999963.162209 
223 99999963.162217 
224 99999963.162225 
225 99999963.162225 
226 99999963.162216 
227 99999963.162231 
228 99999963.162238 
229 99999963.162238 
230 99999963.162233 
231 99999963.162230 
232 99999963.162238 
233 99999963.162243 
234 99999963.162243 
235 99999963.162233 
236 99999963.162254 
237 99999963.162258 
238 99999963.162278 
239 99999963.162292 
240 99999963.162291 
241 99999963.162300 
242 99999963.162318 
243 99999963.162324 
244 99999963.162331 
245 99999963.162342 
246 99999963.162349 
247 99999963.162347 
248 99999963.162350 
249 99999963.162353 
250 99999963.162362 
