# This file contains the data of initial population
# of objectives = 2, # of constraints = 0, # of real_var = 5, # of bits of bin_var = 0, constr_violation, rank, crowding_distance
9.696448e-01	9.999013e-01	6.978989e-01	1.926880e+00	1.204338e-01	-4.924930e-01	9.499062e-01	0.000000e+00	1	1.000000e+14
9.999881e-01	9.982243e-01	-1.335911e+00	-1.087110e+00	-1.894703e+00	5.059679e-01	1.012417e+00	0.000000e+00	5	4.950080e-01
9.745279e-01	9.999981e-01	1.081728e-01	9.200931e-01	1.950723e+00	1.019508e+00	1.309504e+00	0.000000e+00	2	1.000000e+14
9.999999e-01	1.000000e+00	-1.207403e+00	5.633795e-01	3.324641e+00	-6.542616e-01	-1.655999e+00	0.000000e+00	14	1.154528e-01
1.000000e+00	1.000000e+00	1.880557e+00	2.109164e+00	3.589060e+00	-1.348294e+00	-2.029943e+00	0.000000e+00	33	2.268620e-01
9.999998e-01	9.999981e-01	-1.241824e+00	1.698916e+00	-2.202124e-01	1.279691e+00	-2.660222e+00	0.000000e+00	10	7.765908e-02
1.000000e+00	1.000000e+00	-1.992797e+00	-1.471151e+00	-1.787562e+00	-3.702913e+00	-2.902974e+00	0.000000e+00	33	1.000000e+14
1.000000e+00	1.000000e+00	-2.159814e+00	-2.626082e+00	-8.524914e-01	-1.380991e+00	-3.992597e+00	0.000000e+00	30	1.000000e+14
1.000000e+00	1.000000e+00	-2.885301e+00	2.649282e+00	3.323920e+00	-3.619365e+00	-2.146989e+00	0.000000e+00	71	0.000000e+00
1.000000e+00	1.000000e+00	-4.894686e-02	-1.181657e+00	-3.583660e+00	3.361988e+00	3.226427e+00	0.000000e+00	66	5.000000e-01
1.000000e+00	1.000000e+00	5.570887e-01	9.329177e-01	-1.449072e+00	3.463759e+00	-1.830950e+00	0.000000e+00	18	7.639590e-02
1.000000e+00	9.987934e-01	-2.855576e-01	-1.766537e-01	-1.589519e+00	-8.902800e-01	-2.709830e+00	0.000000e+00	7	1.000000e+14
1.000000e+00	1.000000e+00	3.765381e+00	3.486288e+00	4.985647e-01	-1.022823e-01	1.458890e+00	0.000000e+00	29	1.000000e+14
1.000000e+00	1.000000e+00	1.596173e+00	1.570088e+00	-8.335026e-01	-2.641549e+00	3.974254e+00	0.000000e+00	35	6.356642e-02
1.000000e+00	1.000000e+00	1.470396e-01	3.962653e+00	1.193115e-01	1.786912e+00	-3.052361e+00	0.000000e+00	35	1.546366e-02
1.000000e+00	1.000000e+00	-4.417644e-01	-3.874698e+00	3.319592e+00	3.801006e+00	3.043734e+00	0.000000e+00	71	0.000000e+00
1.000000e+00	1.000000e+00	-2.124431e+00	-2.630694e+00	-1.830029e+00	-3.950393e+00	-1.758178e+00	0.000000e+00	36	1.000000e+14
9.860972e-01	9.978287e-01	-9.574397e-01	1.713873e+00	3.993698e-01	-3.618649e-01	2.440135e-01	0.000000e+00	1	3.767545e-01
1.000000e+00	1.000000e+00	-1.961693e-01	3.981011e+00	-2.739442e+00	-3.966851e+00	9.676597e-01	0.000000e+00	71	0.000000e+00
1.000000e+00	1.000000e+00	2.686629e+00	-7.953912e-01	-1.406277e+00	-3.094629e+00	-3.607182e+00	0.000000e+00	46	1.000000e+14
1.000000e+00	1.000000e+00	-1.306959e+00	-2.903252e+00	3.560981e+00	-3.817307e+00	-1.318481e+00	0.000000e+00	66	1.000000e+14
1.000000e+00	1.000000e+00	-4.363884e-01	-3.619043e+00	3.414151e+00	3.126490e+00	2.000569e+00	0.000000e+00	67	1.000000e+00
1.000000e+00	1.000000e+00	3.423977e+00	2.772346e+00	2.865707e+00	1.486340e+00	3.784370e+00	0.000000e+00	55	1.000000e+14
1.000000e+00	1.000000e+00	2.225731e+00	4.654152e-01	2.930058e+00	2.772262e+00	-1.608436e+00	0.000000e+00	22	1.000000e+14
1.000000e+00	9.999934e-01	-1.023635e+00	-1.738874e+00	-3.034366e+00	1.281213e+00	-9.497084e-01	0.000000e+00	10	1.000000e+14
1.000000e+00	9.999990e-01	-3.598328e+00	-6.338177e-02	-8.946073e-01	1.384028e+00	-8.227212e-01	0.000000e+00	12	2.604463e-01
1.000000e+00	1.000000e+00	-3.288849e+00	2.229299e+00	-3.325484e+00	-2.956836e+00	-1.548407e+00	0.000000e+00	54	1.000000e+14
9.999958e-01	9.913663e-01	-1.403040e+00	-6.957352e-01	-1.436732e+00	-1.542548e+00	8.168296e-01	0.000000e+00	4	1.000000e+14
1.000000e+00	1.000000e+00	-2.751542e+00	1.469312e+00	8.658735e-01	-2.147551e+00	-3.172534e+00	0.000000e+00	26	4.693705e-01
1.000000e+00	1.000000e+00	1.719885e+00	-3.705076e+00	-1.248063e+00	-2.082632e+00	2.284957e+00	0.000000e+00	31	3.459704e-03
1.000000e+00	1.000000e+00	3.267991e+00	3.488330e+00	-4.786564e-01	1.215539e+00	-2.018110e+00	0.000000e+00	35	4.176284e-01
1.000000e+00	1.000000e+00	-1.132551e+00	2.886465e+00	3.139529e+00	-3.770073e+00	-3.033348e+00	0.000000e+00	71	0.000000e+00
9.999892e-01	9.999284e-01	1.076692e+00	8.508833e-01	-1.690340e+00	7.521118e-01	-2.045335e+00	0.000000e+00	6	6.888541e-02
9.999996e-01	9.999991e-01	-2.093527e+00	1.013257e+00	6.588738e-01	-1.935515e+00	1.930807e+00	0.000000e+00	10	1.021665e-01
1.000000e+00	9.999997e-01	-2.286522e+00	1.012690e+00	-3.512695e+00	-8.764266e-01	-5.119657e-01	0.000000e+00	16	1.000000e+14
1.000000e+00	1.000000e+00	2.739782e+00	-2.499051e-01	-7.006777e-01	-3.817157e+00	-2.484793e+00	0.000000e+00	32	1.087343e-02
9.965585e-01	9.999122e-01	7.970891e-01	-1.124534e+00	4.173760e-01	2.100587e+00	-1.397326e-01	0.000000e+00	3	1.000000e+14
1.000000e+00	1.000000e+00	3.596458e+00	2.364856e+00	2.910523e-01	-3.503072e+00	-3.309513e+00	0.000000e+00	71	0.000000e+00
1.000000e+00	1.000000e+00	2.291008e+00	1.904394e+00	-3.607033e+00	2.886023e+00	3.534979e+00	0.000000e+00	71	0.000000e+00
1.000000e+00	1.000000e+00	-3.543378e+00	3.785685e-01	2.728876e+00	1.339432e+00	2.980103e+00	0.000000e+00	39	4.953300e-01
1.000000e+00	1.000000e+00	5.448289e-01	3.452615e+00	-2.265475e+00	7.697493e-01	-1.529098e+00	0.000000e+00	23	5.126501e-01
1.000000e+00	1.000000e+00	6.128643e-01	3.103968e+00	3.114952e+00	2.121623e+00	-7.290094e-01	0.000000e+00	21	3.068184e-01
1.000000e+00	1.000000e+00	-3.478391e+00	-1.151523e+00	3.732999e+00	-3.723835e+00	2.785684e+00	0.000000e+00	71	0.000000e+00
1.000000e+00	1.000000e+00	2.946489e+00	-5.763624e-01	1.217133e+00	-2.501957e+00	1.527904e+00	0.000000e+00	17	6.510745e-02
1.000000e+00	1.000000e+00	2.284381e+00	3.319442e+00	-9.156180e-01	-2.614022e+00	-1.739136e+00	0.000000e+00	31	1.120746e-01
1.000000e+00	1.000000e+00	-7.218350e-01	-2.824443e-01	-3.347328e+00	2.875170e+00	3.635815e+00	0.000000e+00	40	5.528129e-02
1.000000e+00	9.999996e-01	6.351428e-01	1.177699e+00	9.118523e-01	-3.006401e+00	-2.051388e+00	0.000000e+00	14	5.025116e-02
1.000000e+00	1.000000e+00	-8.575327e-01	1.412111e-01	3.314902e+00	9.137780e-01	-2.643416e+00	0.000000e+00	21	8.149321e-02
1.000000e+00	1.000000e+00	-1.058781e+00	3.073920e+00	2.998885e+00	-8.374176e-01	-3.993373e+00	0.000000e+00	46	1.000000e+00
9.995186e-01	1.000000e+00	2.584952e+00	1.308585e+00	1.500045e+00	1.274115e+00	1.178457e+00	0.000000e+00	6	1.000000e+14
1.000000e+00	1.000000e+00	-3.338987e+00	2.076204e+00	2.464262e+00	3.344288e+00	3.909686e+00	0.000000e+00	71	0.000000e+00
1.000000e+00	1.000000e+00	-1.725085e+00	8.226727e-01	-2.238494e-01	-3.477711e+00	-2.529603e+00	0.000000e+00	20	1.000000e+14
1.000000e+00	1.000000e+00	-1.037244e+00	3.800050e+00	-2.792155e+00	-2.085593e+00	1.580390e+00	0.000000e+00	36	1.727690e-02
1.000000e+00	1.000000e+00	-2.254429e-01	-3.265886e+00	1.113583e+00	2.779058e+00	-3.638462e+00	0.000000e+00	38	4.999564e-01
1.000000e+00	1.000000e+00	1.923593e+00	3.943017e+00	3.195863e-01	8.668916e-01	-3.791823e+00	0.000000e+00	56	1.000000e+14
1.000000e+00	1.000000e+00	-3.144820e+00	-2.599060e-01	-2.523708e+00	3.985949e+00	2.455492e+00	0.000000e+00	71	0.000000e+00
1.000000e+00	1.000000e+00	3.941405e+00	-3.869617e+00	1.404773e+00	6.730584e-01	8.350930e-01	0.000000e+00	41	4.994672e-01
9.999735e-01	9.998305e-01	-3.014564e-02	-1.002555e+00	-5.867915e-01	2.174055e+00	-1.591647e+00	0.000000e+00	4	1.763000e-01
1.000000e+00	1.000000e+00	3.027628e+00	-3.464155e+00	5.522404e-01	-3.574706e+00	1.017626e+00	0.000000e+00	65	1.000000e+14
1.000000e+00	1.000000e+00	3.130903e+00	-1.320701e+00	2.295691e+00	3.798450e+00	1.729771e+00	0.000000e+00	37	1.000000e+14
1.000000e+00	1.000000e+00	-2.431509e+00	2.375270e-02	1.288167e+00	2.722965e+00	-3.280392e+00	0.000000e+00	30	1.147913e-02
1.000000e+00	1.000000e+00	1.945822e+00	-2.940511e+00	-1.328770e+00	-9.254070e-01	2.305061e+00	0.000000e+00	20	5.179144e-02
1.000000e+00	1.000000e+00	-2.174772e+00	-3.637058e+00	-1.651766e+00	3.062044e+00	-6.487205e-02	0.000000e+00	33	2.470480e-03
1.000000e+00	1.000000e+00	3.264205e+00	6.556046e-01	-2.510886e+00	-3.437235e+00	6.436545e-01	0.000000e+00	34	2.224355e-04
1.000000e+00	1.000000e+00	2.054815e+00	2.817892e+00	2.980608e+00	-1.368234e+00	-2.100160e+00	0.000000e+00	34	4.213042e-01
1.000000e+00	1.000000e+00	-1.345149e+00	1.596622e+00	1.472838e-01	-1.737645e+00	3.795692e+00	0.000000e+00	25	2.056252e-01
1.000000e+00	1.000000e+00	-2.931136e+00	2.401699e+00	-2.319112e+00	6.302647e-01	3.578463e+00	0.000000e+00	40	1.937472e-03
1.000000e+00	1.000000e+00	1.782148e+00	2.342729e+00	-3.262070e+00	1.570888e+00	3.314250e+00	0.000000e+00	45	1.000000e+14
1.000000e+00	1.000000e+00	-2.491668e+00	-1.149556e+00	-2.469599e+00	3.535379e-01	-3.790263e+00	0.000000e+00	26	1.000000e+14
1.000000e+00	9.999991e-01	-2.444763e+00	-2.079526e+00	-2.937506e+00	-8.822146e-01	4.760519e-01	0.000000e+00	14	1.000000e+14
1.000000e+00	1.000000e+00	1.082677e+00	-1.851593e+00	1.536095e+00	1.934080e+00	-3.500374e+00	0.000000e+00	26	2.990447e-01
1.000000e+00	1.000000e+00	1.622054e+00	-3.927212e-01	-1.907300e+00	-2.858855e+00	-3.836327e+00	0.000000e+00	30	4.884542e-01
1.000000e+00	1.000000e+00	-1.283241e+00	-2.066701e+00	1.503705e+00	2.990811e+00	-3.683104e+00	0.000000e+00	35	1.772765e-03
1.000000e+00	9.999999e-01	1.512498e+00	-3.182167e+00	-1.291494e+00	-2.746088e-01	1.708968e+00	0.000000e+00	16	8.245232e-02
1.000000e+00	1.000000e+00	-1.264870e+00	-3.573381e+00	1.444979e+00	-3.832397e+00	-3.027861e+00	0.000000e+00	57	1.000000e+14
9.999999e-01	1.000000e+00	6.694847e-01	-2.555487e+00	6.976865e-01	2.777865e-01	3.047572e+00	0.000000e+00	12	2.622823e-01
9.999999e-01	1.000000e+00	-4.960780e-01	-9.938610e-01	-1.901318e+00	1.078933e+00	3.135565e+00	0.000000e+00	13	6.580480e-02
1.000000e+00	9.999965e-01	-3.102006e+00	-1.309923e+00	3.133689e-01	-1.934035e+00	9.643150e-01	0.000000e+00	10	3.213354e-01
1.000000e+00	1.000000e+00	-3.657763e-01	1.012539e+00	3.861920e+00	5.791195e-01	-2.918288e+00	0.000000e+00	28	2.283356e-01
1.000000e+00	1.000000e+00	1.405465e+00	-2.637202e+00	-6.186008e-01	-4.597479e-01	-3.889276e+00	0.000000e+00	25	4.610381e-01
1.000000e+00	1.000000e+00	1.222788e+00	-1.800679e+00	2.839999e+00	1.428480e+00	-2.421245e+00	0.000000e+00	24	2.437599e-01
1.000000e+00	1.000000e+00	3.142268e+00	-5.625872e-01	-3.144853e+00	-2.635939e+00	7.240598e-01	0.000000e+00	31	1.203209e-03
1.000000e+00	1.000000e+00	-3.082798e+00	1.779331e+00	3.075180e+00	-8.006419e-01	3.082536e+00	0.000000e+00	40	4.961713e-01
1.000000e+00	1.000000e+00	9.207598e-01	1.641785e+00	-1.588308e+00	3.235184e+00	-3.892966e+00	0.000000e+00	39	4.924095e-03
1.000000e+00	1.000000e+00	3.455035e+00	3.327106e+00	-3.814861e+00	1.598244e+00	1.512343e+00	0.000000e+00	71	0.000000e+00
1.000000e+00	1.000000e+00	2.227298e+00	2.604980e+00	-1.260877e+00	3.393384e+00	1.527217e+00	0.000000e+00	27	1.000000e+14
1.000000e+00	1.000000e+00	2.007100e+00	-1.574606e-01	3.553727e+00	2.130370e+00	1.724591e+00	0.000000e+00	20	1.000000e+14
9.999997e-01	1.000000e+00	-6.904117e-02	2.899324e+00	1.996397e+00	-1.785194e+00	-7.437915e-01	0.000000e+00	11	2.869305e-01
1.000000e+00	1.000000e+00	-3.721615e+00	1.078185e+00	-2.041069e+00	1.509280e+00	3.071172e-01	0.000000e+00	22	2.512915e-02
1.000000e+00	1.000000e+00	8.274002e-01	-1.736324e+00	3.066777e+00	-1.145586e+00	2.800484e+00	0.000000e+00	23	2.472840e-01
1.000000e+00	1.000000e+00	2.623675e+00	-1.198477e-02	2.013035e+00	-1.896376e+00	-2.619752e+00	0.000000e+00	24	2.376069e-01
1.000000e+00	1.000000e+00	7.002090e-01	3.286272e+00	3.298110e+00	-1.458364e-01	-7.886908e-01	0.000000e+00	19	1.417579e-02
1.000000e+00	1.000000e+00	5.380888e-01	-1.141250e+00	3.149255e+00	-2.532149e+00	-3.361183e+00	0.000000e+00	33	9.340356e-04
1.000000e+00	1.000000e+00	-3.298854e+00	1.116249e+00	1.690079e+00	-1.224582e+00	-3.906640e+00	0.000000e+00	45	1.000000e+14
1.000000e+00	9.999982e-01	-6.218902e-01	-6.550854e-01	3.807694e-01	-2.693451e+00	-3.168640e+00	0.000000e+00	12	1.000000e+14
9.999999e-01	9.983291e-01	-6.609087e-01	-1.827896e+00	-5.053798e-01	1.320942e-01	-2.472911e+00	0.000000e+00	6	1.000000e+14
1.000000e+00	1.000000e+00	3.318708e+00	-5.589876e-01	-4.607797e-01	-1.684093e+00	-2.530989e+00	0.000000e+00	20	1.681191e-01
1.000000e+00	1.000000e+00	-3.016211e+00	2.085875e+00	1.491553e+00	1.023445e+00	2.814710e+00	0.000000e+00	29	2.184281e-01
1.000000e+00	1.000000e+00	-2.790755e+00	-7.790213e-01	-1.878554e+00	3.878099e+00	9.334706e-01	0.000000e+00	32	2.806787e-03
1.000000e+00	1.000000e+00	-3.302584e+00	-3.347618e+00	6.779196e-01	-3.031974e+00	-1.344704e+00	0.000000e+00	39	1.000000e+14
1.000000e+00	1.000000e+00	2.769055e+00	-1.065317e+00	-2.672675e+00	3.481776e+00	-8.173370e-01	0.000000e+00	35	1.789548e-02
1.000000e+00	1.000000e+00	-3.551205e+00	-3.028720e-01	-3.365387e+00	-3.603541e+00	2.350352e+00	0.000000e+00	69	1.000000e+14
1.000000e+00	1.000000e+00	-2.799603e+00	-2.193443e+00	2.830718e+00	3.965994e-01	-6.711566e-01	0.000000e+00	22	1.867457e-01
1.000000e+00	1.000000e+00	3.637771e+00	1.027810e+00	-2.410247e+00	-2.946539e-01	-3.996270e+00	0.000000e+00	67	1.000000e+14
1.000000e+00	9.999997e-01	4.638671e-01	-2.987841e+00	-2.192608e+00	1.438063e+00	6.090544e-01	0.000000e+00	15	1.000000e+14
1.000000e+00	1.000000e+00	-3.589768e+00	-9.465554e-01	-2.175227e+00	1.648697e+00	-1.109704e+00	0.000000e+00	21	1.000000e+14
9.999903e-01	9.999999e-01	2.474976e+00	-1.139992e+00	-2.643647e-01	-8.232630e-01	2.118311e+00	0.000000e+00	9	3.644442e-01
1.000000e+00	1.000000e+00	-2.365545e+00	7.085022e-01	1.919308e+00	2.140168e+00	-2.653982e+00	0.000000e+00	24	7.149308e-02
1.000000e+00	1.000000e+00	4.961228e-01	-2.213793e+00	1.019716e+00	-1.649157e+00	-3.802914e+00	0.000000e+00	23	1.000000e+14
9.999944e-01	9.999870e-01	-2.586414e+00	6.833827e-01	-7.309557e-01	5.232387e-01	1.643971e+00	0.000000e+00	7	1.540519e-01
9.999998e-01	1.000000e+00	2.827609e+00	3.029223e+00	2.077730e+00	1.803207e-01	-9.095208e-02	0.000000e+00	17	2.818496e-01
1.000000e+00	1.000000e+00	3.199047e+00	2.150588e+00	-2.636535e+00	-2.451792e+00	-2.597073e-01	0.000000e+00	33	9.738134e-02
9.999971e-01	1.000000e+00	1.777820e+00	-1.505555e+00	3.050441e+00	1.028305e+00	7.042740e-01	0.000000e+00	12	4.345247e-01
1.000000e+00	1.000000e+00	-3.979650e+00	-2.188998e+00	-1.954243e+00	-8.682431e-01	2.224185e+00	0.000000e+00	32	4.927481e-01
1.000000e+00	1.000000e+00	-3.655573e+00	2.320708e+00	3.182107e+00	-1.640242e+00	1.636258e+00	0.000000e+00	44	1.000000e+00
1.000000e+00	1.000000e+00	-2.017064e+00	-2.703372e-01	-2.742258e+00	-3.299994e+00	-2.788815e+00	0.000000e+00	31	1.000000e+14
1.000000e+00	1.000000e+00	9.028567e-01	-3.538691e+00	1.004892e-01	3.150004e+00	-3.302844e+00	0.000000e+00	60	1.000000e+14
1.000000e+00	1.000000e+00	-3.634437e+00	6.851944e-01	2.148432e+00	-2.585963e+00	-2.385895e+00	0.000000e+00	33	4.972654e-01
9.999284e-01	9.996265e-01	-1.102500e+00	-1.264486e-01	-9.915890e-01	-8.781669e-01	2.175414e+00	0.000000e+00	3	1.000000e+00
9.999878e-01	9.999996e-01	-1.395900e+00	-1.340042e+00	7.145844e-01	2.214150e+00	1.683923e+00	0.000000e+00	8	1.097067e-01
1.000000e+00	1.000000e+00	-5.743597e-01	-1.430962e+00	-6.879459e-01	-3.258885e+00	2.366300e+00	0.000000e+00	19	4.904644e-01
9.999991e-01	9.999974e-01	-1.071267e+00	2.927726e+00	-5.168351e-01	-4.565148e-01	-1.486147e+00	0.000000e+00	9	4.550788e-02
1.000000e+00	1.000000e+00	-3.997844e+00	3.949427e+00	3.934102e+00	-3.157207e+00	-2.095732e+00	0.000000e+00	71	0.000000e+00
9.999997e-01	1.000000e+00	3.486034e+00	-7.139218e-02	5.068460e-02	2.528860e+00	1.416251e+00	0.000000e+00	16	3.747222e-01
1.000000e+00	1.000000e+00	3.151045e+00	1.331172e+00	9.176067e-01	-3.459738e+00	9.187865e-01	0.000000e+00	30	1.415594e-01
1.000000e+00	1.000000e+00	-2.483294e-01	-1.299467e-01	-2.381356e+00	3.269958e+00	3.054203e+00	0.000000e+00	32	4.985935e-01
9.995285e-01	1.000000e+00	8.019369e-01	1.774578e+00	1.156521e+00	2.697332e+00	9.007009e-01	0.000000e+00	6	2.255603e-01
1.000000e+00	1.000000e+00	-3.488119e+00	1.663868e-01	2.307211e+00	2.792887e+00	-3.120471e+00	0.000000e+00	43	5.040853e-01
1.000000e+00	9.999803e-01	-3.243413e+00	-1.902253e+00	-1.114822e+00	1.978547e-01	-2.535449e-01	0.000000e+00	9	4.716267e-01
1.000000e+00	1.000000e+00	2.542379e+00	2.090804e+00	-1.418428e+00	-1.576256e+00	2.734046e+00	0.000000e+00	24	1.000000e+14
1.000000e+00	1.000000e+00	-2.958686e+00	1.444626e+00	3.159947e+00	-3.118013e+00	1.651063e+00	0.000000e+00	41	6.864631e-03
9.998280e-01	1.000000e+00	1.412516e+00	6.147225e-01	-1.595862e-01	1.854419e+00	2.762347e+00	0.000000e+00	7	1.000000e+14
1.000000e+00	1.000000e+00	-3.379485e+00	6.902776e-01	-1.336044e+00	-2.242734e+00	1.904408e+00	0.000000e+00	22	6.985652e-02
9.999925e-01	9.999166e-01	1.064249e+00	-2.637522e-01	1.096338e+00	-6.381107e-01	-2.604770e+00	0.000000e+00	6	4.324781e-02
1.000000e+00	1.000000e+00	-2.652964e+00	3.991851e+00	1.051159e-01	2.682204e+00	2.109731e+00	0.000000e+00	50	1.000000e+14
1.000000e+00	1.000000e+00	3.886546e+00	1.757659e+00	3.658275e+00	3.267724e+00	2.339154e+00	0.000000e+00	66	1.000000e+14
1.000000e+00	1.000000e+00	3.255331e+00	1.778230e+00	-2.584461e+00	-3.708144e+00	1.814219e-01	0.000000e+00	41	5.005328e-01
1.000000e+00	1.000000e+00	-2.915700e+00	-1.507435e+00	9.400653e-01	2.996292e+00	-5.523678e-01	0.000000e+00	21	5.093889e-02
1.000000e+00	1.000000e+00	-3.569861e+00	-2.789127e+00	-5.690019e-01	3.484299e+00	3.409550e+00	0.000000e+00	71	0.000000e+00
1.000000e+00	1.000000e+00	-1.894103e+00	2.780062e+00	1.515650e+00	1.636724e+00	2.655833e+00	0.000000e+00	20	4.033526e-01
1.000000e+00	1.000000e+00	-3.666855e+00	-1.076703e+00	8.458963e-02	3.478715e+00	-7.369158e-01	0.000000e+00	31	6.787300e-03
9.997853e-01	9.999991e-01	2.908671e-02	2.868091e+00	7.005646e-01	5.667629e-01	-1.080049e+00	0.000000e+00	6	2.228302e-01
1.000000e+00	1.000000e+00	3.674657e+00	8.441214e-01	-1.593213e+00	2.332208e+00	3.409642e+00	0.000000e+00	39	1.000000e+14
1.000000e+00	9.999994e-01	-2.740720e+00	-8.203432e-01	-1.652284e+00	-2.014883e-01	2.284187e+00	0.000000e+00	13	1.832376e-01
1.000000e+00	1.000000e+00	2.220597e+00	3.459613e+00	7.060561e-01	-2.937915e+00	2.423740e+00	0.000000e+00	41	1.000000e+14
1.000000e+00	1.000000e+00	-7.992595e-01	-3.979474e+00	3.203489e+00	-1.153353e+00	-1.425407e-01	0.000000e+00	32	5.851701e-03
1.000000e+00	1.000000e+00	2.889568e+00	-1.042290e+00	-1.299039e+00	-5.807972e-01	3.580673e+00	0.000000e+00	28	4.596028e-01
1.000000e+00	1.000000e+00	-3.065892e+00	3.008753e+00	-2.040351e+00	7.717801e-01	3.825020e+00	0.000000e+00	69	0.000000e+00
1.000000e+00	1.000000e+00	3.312908e+00	-1.407651e+00	-8.022193e-01	1.163445e+00	-1.790458e+00	0.000000e+00	18	4.430619e-02
1.000000e+00	1.000000e+00	-2.248740e+00	2.724942e+00	2.422215e+00	-3.014189e+00	2.905156e+00	0.000000e+00	62	1.000000e+14
1.000000e+00	1.000000e+00	2.759536e+00	2.312162e+00	-1.209922e+00	-1.201626e+00	-2.556424e+00	0.000000e+00	26	8.836689e-02
1.000000e+00	1.000000e+00	3.965586e+00	-3.334613e+00	3.898042e+00	-1.671024e+00	1.020334e+00	0.000000e+00	71	0.000000e+00
9.999987e-01	1.000000e+00	9.084424e-01	3.928785e+00	7.417425e-01	-3.929570e-01	1.082308e+00	0.000000e+00	14	4.810748e-01
9.999989e-01	9.999954e-01	-2.353659e+00	1.243342e+00	1.226662e-01	1.658382e+00	-1.465662e+00	0.000000e+00	8	8.561151e-02
1.000000e+00	1.000000e+00	7.574420e-01	-2.638095e+00	8.933555e-01	3.524651e+00	3.908436e+00	0.000000e+00	53	1.000000e+14
1.000000e+00	1.000000e+00	6.695355e-01	-2.092318e+00	3.618508e+00	2.458153e+00	-2.889409e+00	0.000000e+00	39	1.367271e-01
1.000000e+00	1.000000e+00	3.355139e+00	3.305447e+00	-3.482329e+00	2.837126e+00	-2.018874e+00	0.000000e+00	71	0.000000e+00
1.000000e+00	1.000000e+00	-9.710743e-01	1.959218e+00	3.812160e+00	-1.501635e+00	3.287768e+00	0.000000e+00	40	1.000000e+14
1.000000e+00	1.000000e+00	-2.234589e+00	1.836982e+00	3.113398e+00	1.290683e+00	-1.444534e+00	0.000000e+00	24	2.618947e-01
1.000000e+00	1.000000e+00	-2.769556e+00	2.304425e+00	1.638794e+00	-1.698894e+00	1.081724e+00	0.000000e+00	22	2.751742e-01
1.000000e+00	1.000000e+00	8.172598e-01	2.803706e+00	-1.472343e+00	1.794565e+00	3.404396e+00	0.000000e+00	26	1.000000e+14
1.000000e+00	1.000000e+00	3.006715e+00	-1.727593e+00	-3.875168e-02	3.462450e+00	9.366606e-01	0.000000e+00	26	3.057220e-01
1.000000e+00	1.000000e+00	-3.146773e+00	1.399677e+00	-9.587920e-01	-7.450777e-01	3.071460e+00	0.000000e+00	26	2.065916e-02
1.000000e+00	1.000000e+00	-3.184614e+00	3.451060e+00	-2.948423e+00	-1.481359e-01	-6.580845e-01	0.000000e+00	36	4.990680e-01
1.000000e+00	1.000000e+00	3.604548e+00	-2.178439e+00	-3.423342e+00	1.717078e+00	1.953736e+00	0.000000e+00	67	1.000000e+14
1.000000e+00	1.000000e+00	2.834248e+00	3.098790e+00	-3.879745e+00	-3.098279e+00	-1.602871e+00	0.000000e+00	71	0.000000e+00
1.000000e+00	1.000000e+00	1.946434e+00	-3.843942e+00	-2.478507e+00	9.796602e-01	2.501912e+00	0.000000e+00	37	4.760768e-04
9.999998e-01	9.998198e-01	-2.094230e+00	1.476463e+00	-4.177968e-01	-1.090334e+00	-1.786461e+00	0.000000e+00	7	5.108830e-01
1.000000e+00	1.000000e+00	2.508159e+00	2.760583e+00	2.646501e+00	-5.414772e-02	-1.839137e+00	0.000000e+00	25	1.000000e+14
1.000000e+00	1.000000e+00	1.542192e-02	2.536741e+00	3.573605e+00	6.017306e-01	-1.603804e+00	0.000000e+00	20	4.490067e-02
1.000000e+00	1.000000e+00	3.205635e+00	1.518538e+00	-2.600616e+00	-1.315404e+00	2.870826e+00	0.000000e+00	37	2.878672e-01
1.000000e+00	1.000000e+00	2.647648e+00	-2.993836e+00	-3.185095e+00	-3.097516e+00	1.100944e+00	0.000000e+00	62	1.000000e+14
1.000000e+00	9.999998e-01	7.959441e-01	-3.620955e+00	5.527840e-01	-1.276879e+00	-1.907356e+00	0.000000e+00	17	1.000000e+14
1.000000e+00	1.000000e+00	2.753175e+00	3.095356e+00	-2.905941e+00	-9.439620e-01	-1.721354e+00	0.000000e+00	34	7.586249e-03
1.000000e+00	1.000000e+00	3.877455e+00	4.498461e-01	-2.544332e+00	1.362807e-01	-1.913990e+00	0.000000e+00	29	1.754291e-02
1.000000e+00	1.000000e+00	-3.577824e+00	1.892062e+00	2.846252e+00	3.306088e+00	1.828084e+00	0.000000e+00	61	1.000000e+14
9.999992e-01	1.000000e+00	2.283886e+00	3.217771e+00	-1.992233e-01	1.601184e+00	1.567389e+00	0.000000e+00	15	1.000000e+14
9.999999e-01	1.000000e+00	-3.967259e-01	2.798372e+00	3.356888e+00	4.092685e-01	-8.474050e-01	0.000000e+00	16	1.215190e-01
1.000000e+00	1.000000e+00	2.381107e+00	-1.511856e+00	3.853628e+00	3.934894e+00	2.630704e+00	0.000000e+00	68	1.000000e+14
1.000000e+00	1.000000e+00	-1.689263e+00	1.190833e+00	3.809572e+00	-3.925146e+00	-4.067542e-01	0.000000e+00	42	5.001751e-01
1.000000e+00	1.000000e+00	-3.355321e+00	-3.272647e+00	1.295643e+00	5.681124e-01	-3.078251e+00	0.000000e+00	44	1.000000e+14
1.000000e+00	1.000000e+00	2.300768e+00	1.598608e+00	1.083411e+00	-2.696563e+00	-9.556260e-01	0.000000e+00	15	4.154734e-02
1.000000e+00	1.000000e+00	-1.792207e+00	-2.541983e+00	4.932156e-01	-2.051650e+00	2.414837e+00	0.000000e+00	20	3.094754e-01
1.000000e+00	1.000000e+00	1.890901e+00	6.991559e-01	-1.211772e+00	3.781907e+00	-2.437658e+00	0.000000e+00	31	2.713196e-01
1.000000e+00	1.000000e+00	3.285784e+00	-2.980795e+00	3.462792e+00	-2.366033e+00	3.150102e+00	0.000000e+00	71	0.000000e+00
9.999945e-01	9.999998e-01	3.154203e+00	8.875558e-01	-7.854685e-01	-2.147580e-01	-1.176432e+00	0.000000e+00	9	1.071014e-01
9.999998e-01	9.999988e-01	-3.191350e+00	1.542815e+00	2.617137e-01	-3.797094e-01	8.258687e-01	0.000000e+00	11	4.215699e-01
1.000000e+00	1.000000e+00	-1.275445e+00	-2.147573e+00	3.186347e+00	3.676488e+00	2.904118e+00	0.000000e+00	60	1.000000e+14
1.000000e+00	1.000000e+00	1.014399e-02	-3.635180e+00	6.273616e-01	-2.409747e+00	3.095323e+00	0.000000e+00	33	3.053629e-03
1.000000e+00	1.000000e+00	-2.531061e+00	-3.609164e+00	2.300927e+00	3.480603e+00	-8.434661e-01	0.000000e+00	71	0.000000e+00
1.000000e+00	1.000000e+00	-3.696723e+00	5.950401e-01	2.896117e-01	-3.230323e+00	3.836028e+00	0.000000e+00	71	0.000000e+00
1.000000e+00	9.999987e-01	-8.154618e-01	-2.966071e+00	-3.052178e+00	9.588047e-02	-4.237878e-01	0.000000e+00	13	1.000000e+14
9.999989e-01	9.999999e-01	-2.538195e-01	1.897064e+00	-2.373051e+00	1.402557e-01	2.197649e+00	0.000000e+00	10	7.377723e-02
1.000000e+00	1.000000e+00	-2.906803e+00	3.865854e+00	-3.641903e+00	3.319514e+00	4.219619e-01	0.000000e+00	71	0.000000e+00
9.999983e-01	9.998157e-01	3.083199e-01	4.873009e-01	6.253729e-01	-2.740935e+00	-1.309256e+00	0.000000e+00	6	1.201263e-01
9.999997e-01	1.000000e+00	7.295935e-01	2.693115e+00	-2.202062e+00	-3.443665e-02	2.120274e+00	0.000000e+00	13	2.307162e-01
1.000000e+00	1.000000e+00	-6.026602e-02	3.118651e+00	-3.790970e+00	3.077388e+00	-1.088414e+00	0.000000e+00	45	1.000000e+00
1.000000e+00	9.999999e-01	-8.413434e-02	-3.878542e+00	1.422642e+00	-2.673283e-01	-1.141299e+00	0.000000e+00	17	3.892039e-01
1.000000e+00	1.000000e+00	-2.505669e+00	3.866833e+00	-7.454740e-01	-1.404202e+00	3.522843e+00	0.000000e+00	64	1.000000e+14
1.000000e+00	1.000000e+00	-3.146646e+00	-3.998011e+00	-3.668812e+00	4.045789e-01	7.393455e-01	0.000000e+00	58	1.000000e+14
9.998471e-01	9.992561e-01	-2.302279e+00	5.029884e-01	-4.849608e-01	1.036260e+00	3.635435e-01	0.000000e+00	2	3.241238e-01
1.000000e+00	1.000000e+00	1.476389e+00	8.058190e-02	-2.307710e+00	9.244420e-01	3.268673e+00	0.000000e+00	15	2.925295e-01
1.000000e+00	1.000000e+00	-3.087529e+00	-4.748200e-01	-3.636791e+00	-3.282489e+00	-1.748150e+00	0.000000e+00	41	1.000000e+14
1.000000e+00	1.000000e+00	2.030231e+00	2.372423e+00	-2.455543e+00	2.674806e+00	-3.760157e+00	0.000000e+00	69	5.000000e-01
1.000000e+00	1.000000e+00	3.863865e+00	-3.973092e+00	-1.085065e+00	3.682616e+00	-1.389401e+00	0.000000e+00	71	0.000000e+00
1.000000e+00	1.000000e+00	3.984313e+00	3.589113e+00	8.955212e-01	1.214355e+00	-3.350988e+00	0.000000e+00	71	0.000000e+00
1.000000e+00	1.000000e+00	1.000825e+00	8.734964e-01	6.968908e-01	1.207803e+00	-3.585446e+00	0.000000e+00	15	1.389542e-01
9.999999e-01	1.000000e+00	2.755442e+00	3.491519e+00	8.255379e-01	8.813559e-01	1.543442e+00	0.000000e+00	19	1.000000e+14
1.000000e+00	1.000000e+00	2.577001e+00	2.747836e+00	-5.071710e-01	-1.005164e+00	-2.532578e+00	0.000000e+00	26	2.042484e-01
1.000000e+00	1.000000e+00	9.518981e-01	-4.280903e-01	3.985200e+00	3.538531e+00	8.569279e-01	0.000000e+00	35	1.000000e+14
1.000000e+00	1.000000e+00	-3.587124e+00	-5.643329e-01	3.190224e+00	9.033398e-02	6.968959e-01	0.000000e+00	28	3.152870e-02
1.000000e+00	1.000000e+00	3.629492e+00	2.818148e+00	3.828457e+00	-5.101050e-02	2.720947e+00	0.000000e+00	57	1.000000e+14
1.000000e+00	1.000000e+00	5.890629e-01	8.667516e-01	-3.956914e+00	-2.274770e+00	-1.664529e+00	0.000000e+00	25	1.000000e+14
1.000000e+00	1.000000e+00	7.773441e-01	8.703797e-01	1.722675e+00	-3.215572e+00	-2.921667e+00	0.000000e+00	24	1.111625e-01
1.000000e+00	1.000000e+00	-1.199487e+00	-2.440742e+00	3.136275e+00	-6.170851e-01	3.450990e+00	0.000000e+00	37	2.958025e-01
1.000000e+00	1.000000e+00	5.912412e-01	-2.752886e-01	-4.077176e-01	1.913703e+00	-3.645179e+00	0.000000e+00	17	2.580969e-01
1.000000e+00	1.000000e+00	3.760656e+00	-3.053468e+00	2.493408e+00	5.994865e-02	-3.865926e+00	0.000000e+00	71	0.000000e+00
9.999940e-01	9.946007e-01	8.304103e-01	-1.028339e+00	-1.127668e+00	-3.627901e-01	-2.114937e+00	0.000000e+00	4	3.958236e-01
9.999830e-01	9.981369e-01	-2.231156e+00	4.111023e-02	-1.969766e-01	-1.257071e+00	1.017743e+00	0.000000e+00	4	3.078201e-01
1.000000e+00	1.000000e+00	3.611561e+00	-3.890086e+00	-4.561535e-01	8.761811e-01	-2.772813e+00	0.000000e+00	68	1.000000e+14
1.000000e+00	1.000000e+00	3.979627e+00	-1.928503e+00	3.183710e+00	3.678650e+00	-3.347780e+00	0.000000e+00	71	0.000000e+00
1.000000e+00	1.000000e+00	-1.510865e+00	-3.303184e+00	-3.969615e+00	5.628223e-01	-1.200918e+00	0.000000e+00	35	1.000000e+14
1.000000e+00	9.999996e-01	-1.535123e-01	9.561251e-01	-3.688220e+00	8.358842e-01	-1.179781e+00	0.000000e+00	14	2.948319e-01
1.000000e+00	1.000000e+00	-3.174359e+00	2.400627e-01	2.982301e+00	1.317728e+00	1.165783e+00	0.000000e+00	26	1.334633e-01
1.000000e+00	1.000000e+00	7.604656e-01	-1.821172e+00	-9.175337e-02	3.851146e+00	-1.179114e+00	0.000000e+00	22	3.781461e-01
1.000000e+00	1.000000e+00	3.487761e+00	3.952565e+00	-2.957350e-01	2.798770e+00	-1.897894e+00	0.000000e+00	58	1.000000e+14
9.999999e-01	9.999385e-01	-9.721042e-01	-4.381030e-01	-2.649120e+00	1.555739e+00	-1.195469e+00	0.000000e+00	8	3.094633e-01
1.000000e+00	1.000000e+00	-3.365248e+00	-2.342476e+00	-2.760270e+00	3.308432e+00	-3.409652e+00	0.000000e+00	71	0.000000e+00
9.999999e-01	1.000000e+00	-1.064039e-02	1.554605e+00	2.471427e+00	1.124597e+00	3.590016e+00	0.000000e+00	18	1.000000e+14
1.000000e+00	1.000000e+00	-3.867136e+00	-4.812251e-02	3.922043e+00	1.529982e+00	3.658996e+00	0.000000e+00	71	0.000000e+00
9.974213e-01	9.999727e-01	4.056491e-01	7.450769e-01	-1.225925e+00	2.199291e+00	4.177303e-01	0.000000e+00	4	1.000000e+14
1.000000e+00	1.000000e+00	-3.279384e+00	-2.372029e+00	2.346860e+00	1.847689e+00	-2.145617e+00	0.000000e+00	34	4.994354e-01
1.000000e+00	1.000000e+00	3.039291e+00	2.790655e+00	1.254390e+00	-1.791266e+00	3.857128e+00	0.000000e+00	48	1.000000e+14
1.000000e+00	1.000000e+00	3.401520e+00	-2.159647e+00	3.711287e+00	-7.697972e-01	-3.307222e+00	0.000000e+00	71	0.000000e+00
1.000000e+00	1.000000e+00	-3.711815e+00	3.060258e+00	3.787745e+00	1.506788e+00	-3.645184e+00	0.000000e+00	71	0.000000e+00
1.000000e+00	1.000000e+00	1.433751e+00	-2.865829e+00	-2.348145e+00	2.403156e+00	2.767145e+00	0.000000e+00	36	1.608955e-01
1.000000e+00	1.000000e+00	2.324594e+00	1.357405e+00	-3.048920e+00	-3.752278e+00	-1.139565e-02	0.000000e+00	35	4.989289e-01
9.996771e-01	9.999957e-01	7.712417e-01	9.649042e-02	-6.529953e-01	-5.969898e-01	2.794399e+00	0.000000e+00	5	5.049920e-01
1.000000e+00	1.000000e+00	-2.053763e+00	2.009527e+00	2.615654e+00	-3.697838e+00	9.291013e-01	0.000000e+00	34	5.729509e-04
1.000000e+00	1.000000e+00	1.766859e+00	-3.035361e+00	7.697806e-01	-1.843736e+00	2.998692e+00	0.000000e+00	29	1.596077e-02
1.000000e+00	1.000000e+00	-1.699978e+00	-2.481113e+00	2.762838e+00	-2.665598e+00	3.048244e+00	0.000000e+00	40	5.009974e-01
1.000000e+00	1.000000e+00	-2.060034e-01	-1.473647e+00	-1.789314e+00	3.646489e+00	6.241259e-01	0.000000e+00	20	7.146104e-02
9.999496e-01	9.999978e-01	2.280967e+00	8.721973e-01	-1.555321e+00	-9.400157e-01	1.093055e+00	0.000000e+00	6	2.329164e-01
1.000000e+00	1.000000e+00	-3.218872e+00	2.638736e+00	-2.093428e+00	-1.071973e+00	-2.365339e+00	0.000000e+00	29	5.935472e-02
1.000000e+00	1.000000e+00	-3.124286e+00	-1.058493e+00	-2.926062e+00	-2.305914e+00	1.988163e+00	0.000000e+00	29	4.711992e-01
1.000000e+00	1.000000e+00	1.541371e+00	-2.975092e+00	1.723857e-01	-2.693427e+00	-2.360245e+00	0.000000e+00	24	1.000000e+14
1.000000e+00	1.000000e+00	2.607818e+00	3.441169e+00	2.756667e+00	-1.856981e+00	-3.956373e+00	0.000000e+00	71	1.000000e+14
1.000000e+00	1.000000e+00	-3.514792e+00	2.506401e+00	1.187738e+00	2.895550e+00	-9.886577e-03	0.000000e+00	36	1.648664e-01
1.000000e+00	1.000000e+00	1.457755e+00	-2.559567e+00	-2.231651e+00	1.918685e+00	3.004730e+00	0.000000e+00	30	8.983284e-02
9.999989e-01	1.000000e+00	9.355888e-01	9.215689e-01	-1.686000e+00	3.387730e+00	7.419513e-01	0.000000e+00	13	4.412914e-01
1.000000e+00	1.000000e+00	7.922534e-01	-5.367922e-01	-3.483490e+00	-3.609126e+00	-1.141146e+00	0.000000e+00	27	4.072660e-01
1.000000e+00	1.000000e+00	-1.237780e+00	6.198190e-01	-2.709225e+00	2.563036e+00	1.287596e+00	0.000000e+00	17	9.023025e-02
9.999646e-01	1.000000e+00	1.338615e+00	-6.848633e-01	-3.436248e-01	3.166371e+00	8.405337e-01	0.000000e+00	8	1.105668e-01
1.000000e+00	1.000000e+00	2.325562e+00	-3.323670e+00	1.141299e+00	2.088324e+00	-1.544605e-01	0.000000e+00	25	1.671096e-01
1.000000e+00	1.000000e+00	-2.282833e+00	3.592572e+00	-4.597033e-01	8.927100e-01	8.346049e-02	0.000000e+00	19	3.609569e-02
1.000000e+00	1.000000e+00	3.478299e+00	-3.442571e+00	-2.696788e+00	-8.706912e-01	-1.220848e+00	0.000000e+00	53	1.000000e+14
9.999998e-01	9.995406e-01	4.050889e-01	-1.118389e+00	-1.256463e+00	3.521593e-01	-2.730796e+00	0.000000e+00	6	4.464581e-01
9.999808e-01	9.465186e-01	1.260318e-01	-8.997079e-01	-1.023353e+00	-7.969065e-01	-1.840354e+00	0.000000e+00	2	1.000000e+14
1.000000e+00	1.000000e+00	1.830071e+00	-3.953561e+00	-3.192774e+00	-3.855426e+00	-2.594120e-01	0.000000e+00	70	0.000000e+00
1.000000e+00	1.000000e+00	-2.152139e+00	8.756389e-01	-2.164775e+00	3.526431e+00	3.781601e-01	0.000000e+00	27	1.888929e-01
1.000000e+00	1.000000e+00	-3.816428e-01	3.184691e+00	6.085784e-01	-3.663138e+00	-2.089358e+00	0.000000e+00	32	3.546058e-03
1.000000e+00	1.000000e+00	-3.280329e+00	1.643504e-01	3.121670e+00	2.732822e+00	3.661928e+00	0.000000e+00	69	1.000000e+14
1.000000e+00	1.000000e+00	-2.356829e+00	2.087681e+00	4.033892e-01	3.457525e+00	1.292176e+00	0.000000e+00	25	2.535574e-01
9.998846e-01	7.718729e-01	-1.492089e+00	-4.881988e-01	-5.742169e-01	-1.007327e+00	-6.807769e-01	0.000000e+00	1	1.000000e+14
1.000000e+00	1.000000e+00	-1.993086e-01	-6.939256e-01	2.561893e+00	3.467379e+00	2.098810e+00	0.000000e+00	19	4.324755e-01
1.000000e+00	1.000000e+00	-3.592118e+00	2.931718e+00	5.558475e-01	-1.827182e+00	2.758628e+00	0.000000e+00	40	1.602626e-03
9.999416e-01	9.836483e-01	3.930783e-01	-1.818458e+00	3.964867e-01	-8.827759e-01	-1.238083e+00	0.000000e+00	2	4.956893e-01
9.999946e-01	9.999997e-01	7.939300e-01	2.340148e+00	8.946346e-01	-2.297212e-02	-2.381879e+00	0.000000e+00	9	9.758666e-02
1.000000e+00	1.000000e+00	3.588491e+00	3.550864e+00	-3.789580e+00	2.840423e+00	-1.970621e+00	0.000000e+00	71	0.000000e+00
1.000000e+00	1.000000e+00	7.403646e-01	-1.754667e+00	-3.322805e+00	1.641778e+00	-2.560021e+00	0.000000e+00	23	3.806881e-01
1.000000e+00	1.000000e+00	-3.680209e+00	3.662407e+00	-3.232197e+00	3.985082e+00	-2.563184e+00	0.000000e+00	71	0.000000e+00
1.000000e+00	9.999971e-01	-1.211796e+00	-2.508646e+00	1.574945e+00	1.116712e+00	-1.620477e+00	0.000000e+00	9	4.300853e-02
1.000000e+00	1.000000e+00	3.269716e+00	-8.553577e-01	1.114702e+00	-3.926563e+00	-1.907693e+00	0.000000e+00	37	4.998796e-01
1.000000e+00	1.000000e+00	1.877261e+00	1.562966e+00	1.428145e+00	-3.448189e+00	-3.737422e+00	0.000000e+00	39	5.021626e-01
1.000000e+00	1.000000e+00	-1.165393e+00	1.784005e+00	-2.447306e+00	3.244603e+00	-5.191000e-01	0.000000e+00	25	1.628548e-01
9.999979e-01	1.000000e+00	-3.563322e-01	1.794090e+00	3.482298e+00	6.619939e-01	1.619678e+00	0.000000e+00	14	1.000000e+14
9.997357e-01	1.000000e+00	1.440364e+00	2.980902e+00	1.056106e+00	3.791057e-01	1.123363e+00	0.000000e+00	6	2.671306e-01
1.000000e+00	1.000000e+00	3.036899e+00	3.281785e+00	-9.562126e-01	-3.330390e+00	2.916669e+00	0.000000e+00	69	5.000000e-01
1.000000e+00	1.000000e+00	-3.222818e+00	3.466489e+00	-5.747833e-01	-2.644458e+00	7.538842e-01	0.000000e+00	34	2.503708e-03
1.000000e+00	1.000000e+00	-2.233140e+00	2.657726e+00	3.595820e+00	2.548479e+00	-2.903303e+00	0.000000e+00	71	0.000000e+00
1.000000e+00	1.000000e+00	4.512432e-01	-2.805103e+00	-3.020215e+00	-1.796986e-01	-2.661111e+00	0.000000e+00	22	1.000000e+14
9.999830e-01	9.667405e-01	-1.393699e+00	3.886975e-01	-1.138281e+00	-1.600084e+00	-4.935811e-01	0.000000e+00	3	1.000000e+14
1.000000e+00	1.000000e+00	2.447567e+00	9.053348e-01	2.200043e+00	-2.397660e+00	3.803226e+00	0.000000e+00	38	1.000000e+14
1.000000e+00	1.000000e+00	3.719426e+00	-2.408407e-01	-6.804475e-01	-3.674553e+00	3.219535e+00	0.000000e+00	69	0.000000e+00
1.000000e+00	1.000000e+00	1.967146e+00	2.879666e+00	3.455114e+00	-1.886647e-01	-2.360290e+00	0.000000e+00	36	1.000000e+14
1.000000e+00	1.000000e+00	8.042201e-01	1.732393e+00	-3.389653e+00	-1.857989e+00	-2.962633e+00	0.000000e+00	28	3.336095e-01
1.000000e+00	1.000000e+00	-2.594608e+00	6.205785e-01	-1.737922e+00	-1.886741e+00	2.992797e+00	0.000000e+00	23	8.227570e-02
1.000000e+00	1.000000e+00	-1.924432e+00	2.856063e+00	-1.223235e+00	1.320136e+00	3.317474e+00	0.000000e+00	30	1.561767e-01
1.000000e+00	1.000000e+00	-4.773742e-01	3.724235e+00	-3.655837e+00	3.697135e+00	-1.189963e+00	0.000000e+00	71	0.000000e+00
1.000000e+00	9.999997e-01	-3.413177e+00	-2.989764e-02	1.544207e+00	-8.858255e-01	9.626397e-01	0.000000e+00	14	6.772410e-02
1.000000e+00	1.000000e+00	-3.074667e+00	2.985474e+00	4.064684e-01	-3.940670e+00	-9.541488e-01	0.000000e+00	56	1.000000e+14
1.000000e+00	1.000000e+00	5.743185e-01	2.717707e+00	-2.292957e+00	3.263322e+00	-2.497620e-01	0.000000e+00	27	3.401957e-01
1.000000e+00	1.000000e+00	-2.388068e+00	1.541583e+00	-9.175574e-01	3.983793e+00	2.723332e+00	0.000000e+00	46	1.000000e+14
1.000000e+00	1.000000e+00	5.611718e-01	2.502908e+00	2.792304e+00	3.216403e+00	-2.506768e-01	0.000000e+00	21	1.000000e+14
1.000000e+00	1.000000e+00	2.214952e+00	-3.794622e+00	-6.371924e-01	2.294201e+00	2.981672e+00	0.000000e+00	54	1.000000e+14
1.000000e+00	1.000000e+00	-1.526802e+00	3.395785e+00	-3.234516e+00	1.065391e+00	2.086513e+00	0.000000e+00	37	8.075071e-02
1.000000e+00	1.000000e+00	2.534999e-02	-3.031112e+00	-1.121311e+00	1.287129e+00	3.793460e+00	0.000000e+00	30	4.154905e-03
1.000000e+00	1.000000e+00	3.078995e+00	3.179635e+00	-1.870534e+00	-3.730534e+00	1.514396e+00	0.000000e+00	71	0.000000e+00
1.000000e+00	1.000000e+00	-3.646846e+00	-1.553871e-02	2.103733e+00	-4.318494e-01	1.307673e+00	0.000000e+00	19	3.158249e-01
1.000000e+00	1.000000e+00	3.518857e+00	9.813554e-01	-2.597066e+00	-1.716350e-01	2.113626e+00	0.000000e+00	29	3.285701e-01
9.998486e-01	1.000000e+00	5.743177e-01	7.787228e-01	2.048783e+00	2.876127e+00	8.999834e-01	0.000000e+00	8	1.000000e+14
9.999999e-01	9.999996e-01	2.016586e+00	-2.472221e+00	-1.227799e+00	-7.476086e-01	1.495323e+00	0.000000e+00	13	2.145847e-01
1.000000e+00	1.000000e+00	3.538072e+00	3.577577e+00	-2.251074e+00	-6.029164e-01	1.627471e+00	0.000000e+00	47	1.000000e+14
1.000000e+00	1.000000e+00	3.437850e+00	3.514292e+00	-1.323880e+00	3.204475e+00	3.579816e+00	0.000000e+00	71	0.000000e+00
1.000000e+00	1.000000e+00	1.099975e+00	-1.036061e+00	-2.897223e+00	3.175005e+00	-2.563770e+00	0.000000e+00	31	8.701288e-04
1.000000e+00	1.000000e+00	-1.843405e+00	4.866810e-01	-2.605782e+00	-3.034915e+00	-3.054581e+00	0.000000e+00	27	1.000000e+14
9.999998e-01	1.000000e+00	6.235840e-01	1.513093e+00	3.570068e+00	2.548441e+00	4.477729e-01	0.000000e+00	17	1.000000e+14
1.000000e+00	1.000000e+00	-2.403106e+00	-2.870236e+00	-2.109955e+00	-1.834011e+00	3.641145e+00	0.000000e+00	55	1.000000e+14
1.000000e+00	1.000000e+00	3.665343e+00	3.453346e+00	-2.935009e+00	1.934579e+00	-7.468203e-01	0.000000e+00	63	1.000000e+14
9.999982e-01	9.999966e-01	-2.979478e+00	1.000955e+00	3.931451e-01	-1.285562e-01	1.362262e+00	0.000000e+00	8	9.698563e-03
1.000000e+00	1.000000e+00	-3.505326e+00	-3.991284e+00	-1.136720e+00	1.168207e+00	3.950734e+00	0.000000e+00	71	0.000000e+00
1.000000e+00	1.000000e+00	3.265630e+00	2.478715e+00	-3.672315e+00	-3.547789e+00	4.196920e-01	0.000000e+00	71	0.000000e+00
1.000000e+00	1.000000e+00	-3.601985e+00	-3.117845e+00	-2.913597e+00	1.854178e+00	3.872729e+00	0.000000e+00	71	0.000000e+00
1.000000e+00	1.000000e+00	-3.875769e+00	-1.856535e-01	-3.856096e+00	6.069486e-01	-1.563105e+00	0.000000e+00	40	1.000000e+14
1.000000e+00	1.000000e+00	-8.788531e-01	2.804676e+00	-2.157788e+00	3.085142e+00	1.091259e+00	0.000000e+00	28	1.000000e+14
1.000000e+00	1.000000e+00	-3.899341e+00	-6.542972e-02	3.224272e+00	-1.829401e+00	-3.221206e-01	0.000000e+00	33	1.233637e-03
1.000000e+00	1.000000e+00	1.589957e-01	-3.057993e+00	5.453932e-01	-3.452597e+00	-2.585713e-01	0.000000e+00	20	3.221193e-01
9.999990e-01	9.999995e-01	4.266900e-01	-2.284110e+00	2.675712e+00	3.235419e-01	-7.101080e-01	0.000000e+00	10	8.817832e-02
9.999482e-01	9.999993e-01	1.315417e+00	-2.253859e+00	1.559040e+00	1.204250e+00	5.441961e-01	0.000000e+00	7	2.555723e-01
1.000000e+00	1.000000e+00	-3.351330e+00	3.222779e+00	2.849437e+00	2.161921e+00	-3.080137e+00	0.000000e+00	71	0.000000e+00
1.000000e+00	9.999999e-01	-2.933615e+00	1.168873e+00	-2.299156e+00	-2.315617e+00	3.356788e-01	0.000000e+00	19	1.000000e+14
9.999978e-01	1.000000e+00	3.066709e+00	2.317887e+00	6.208039e-01	2.093050e-01	-1.161060e+00	0.000000e+00	13	1.000000e+14
1.000000e+00	9.999899e-01	7.628250e-01	-2.348027e+00	1.286686e-01	-2.870200e+00	-9.174018e-01	0.000000e+00	9	4.771191e-02
1.000000e+00	1.000000e+00	3.136014e+00	-4.726375e-01	-3.350072e+00	-6.714672e-01	3.475561e+00	0.000000e+00	42	4.998249e-01
1.000000e+00	9.999997e-01	9.649091e-01	-2.018017e+00	-3.129145e-01	-2.629490e+00	1.952274e+00	0.000000e+00	14	5.995283e-02
1.000000e+00	1.000000e+00	1.103831e+00	-3.842171e+00	-1.250537e+00	2.024550e+00	-2.217227e+00	0.000000e+00	27	7.898576e-02
1.000000e+00	1.000000e+00	3.313766e+00	-9.850332e-01	3.331659e+00	2.915054e+00	-1.492977e+00	0.000000e+00	43	1.000000e+14
9.999996e-01	9.999985e-01	8.133385e-01	-5.844068e-01	1.464805e+00	6.054149e-01	-3.100673e+00	0.000000e+00	10	8.406592e-02
1.000000e+00	1.000000e+00	-2.934037e+00	-6.528205e-01	8.479812e-01	2.056681e-01	-3.649492e+00	0.000000e+00	22	3.476574e-01
1.000000e+00	1.000000e+00	3.764159e+00	-2.128045e+00	-1.662591e-01	2.591922e+00	-4.551611e-01	0.000000e+00	31	3.904087e-01
1.000000e+00	1.000000e+00	3.064949e+00	9.997421e-02	-3.862629e+00	3.137091e+00	-2.247381e+00	0.000000e+00	71	0.000000e+00
1.000000e+00	9.998218e-01	-1.846094e+00	-1.630815e+00	-1.230671e+00	-2.171344e+00	-1.746630e+00	0.000000e+00	9	1.000000e+14
1.000000e+00	1.000000e+00	-1.097707e+00	3.155999e+00	3.603890e+00	-2.060387e+00	-3.031376e-01	0.000000e+00	35	8.703831e-03
1.000000e+00	1.000000e+00	2.304793e+00	3.280687e+00	9.241319e-01	-1.267910e+00	3.371855e+00	0.000000e+00	33	1.000000e+14
1.000000e+00	9.999991e-01	-2.344592e+00	8.161866e-01	7.366104e-01	-6.927828e-02	-3.135065e+00	0.000000e+00	13	2.259531e-01
1.000000e+00	1.000000e+00	-2.155388e+00	5.499949e-01	3.617891e+00	-2.016328e-01	-1.265354e+00	0.000000e+00	21	5.957947e-02
1.000000e+00	1.000000e+00	1.388501e+00	-3.079193e+00	-2.288205e-01	2.880479e+00	-3.842232e+00	0.000000e+00	61	1.000000e+14
9.910399e-01	9.996128e-01	-5.889233e-01	1.392047e+00	-7.818080e-01	2.022293e-01	1.532651e+00	0.000000e+00	2	5.043107e-01
9.999998e-01	1.000000e+00	2.491461e+00	-1.267285e+00	1.233560e+00	3.243920e+00	2.497760e-01	0.000000e+00	16	1.864354e-01
1.000000e+00	1.000000e+00	2.610569e+00	-3.082740e+00	1.863935e-01	3.485573e+00	1.919547e+00	0.000000e+00	44	1.000000e+14
1.000000e+00	9.999997e-01	1.321960e+00	2.158501e-01	-1.206445e+00	-3.189807e+00	-2.323551e+00	0.000000e+00	16	2.111918e-01
1.000000e+00	1.000000e+00	-8.208329e-01	3.661918e-01	-3.743389e+00	-2.405149e+00	2.742830e+00	0.000000e+00	31	8.465512e-03
9.999886e-01	1.000000e+00	9.771384e-01	3.551137e+00	1.626427e+00	7.207192e-01	4.108320e-01	0.000000e+00	11	1.000000e+14
1.000000e+00	1.000000e+00	4.232839e-01	-1.629670e+00	-1.304307e+00	3.447086e+00	3.694224e+00	0.000000e+00	37	1.669695e-01
1.000000e+00	1.000000e+00	2.363428e+00	-3.262262e+00	-7.534829e-01	-2.547692e+00	3.334481e-01	0.000000e+00	24	8.223858e-02
1.000000e+00	1.000000e+00	-3.399663e+00	-2.056945e+00	-8.794709e-01	1.685768e+00	1.478420e+00	0.000000e+00	22	4.925342e-02
9.985356e-01	1.000000e+00	2.933836e-01	2.023040e+00	1.055537e+00	1.757508e+00	1.837364e+00	0.000000e+00	5	1.000000e+14
1.000000e+00	1.000000e+00	-7.056196e-01	3.050460e+00	-1.530353e+00	-2.655163e-01	-2.959254e+00	0.000000e+00	21	3.478394e-01
9.999968e-01	1.000000e+00	-1.303646e+00	-2.288944e-01	5.080050e-01	3.169223e+00	1.753723e+00	0.000000e+00	11	5.034601e-02
9.999970e-01	1.000000e+00	3.486198e+00	-2.187482e-01	-1.089529e+00	-3.505605e-01	6.675139e-01	0.000000e+00	10	1.303208e-01
1.000000e+00	1.000000e+00	1.796730e+00	1.843567e+00	-2.200195e+00	-3.558872e+00	-2.971424e+00	0.000000e+00	48	1.000000e+14
1.000000e+00	1.000000e+00	2.192811e+00	1.738018e+00	-9.473153e-01	-1.609156e-01	3.884787e+00	0.000000e+00	21	1.386342e-01
9.999799e-01	1.000000e+00	1.315732e+00	1.786964e+00	1.860368e+00	1.702083e+00	-1.719215e+00	0.000000e+00	9	1.000000e+14
1.000000e+00	1.000000e+00	-2.199690e-01	-2.881578e+00	1.551496e+00	2.657109e+00	9.370861e-01	0.000000e+00	17	2.473733e-02
1.000000e+00	1.000000e+00	2.589079e+00	3.785222e+00	-2.023531e-01	-9.732896e-01	-3.433303e+00	0.000000e+00	43	5.001600e-01
1.000000e+00	9.999970e-01	-1.105829e+00	-2.553288e+00	-2.988820e+00	-6.951281e-01	-1.592474e+00	0.000000e+00	11	1.000000e+14
1.000000e+00	1.000000e+00	2.050375e-01	-3.932156e+00	1.800981e+00	-3.837312e+00	2.506419e+00	0.000000e+00	71	0.000000e+00
1.000000e+00	1.000000e+00	-3.837328e+00	3.353454e+00	-5.232769e-01	-1.942667e+00	-1.824041e+00	0.000000e+00	52	1.000000e+14
1.000000e+00	9.999999e-01	-2.501036e+00	-1.874618e-01	2.797398e+00	-1.548332e+00	-1.088868e+00	0.000000e+00	16	1.834648e-01
1.000000e+00	1.000000e+00	3.973459e+00	-2.518705e+00	2.602526e+00	-1.140448e+00	2.039486e+00	0.000000e+00	52	1.000000e+14
1.000000e+00	1.000000e+00	-1.229929e+00	3.605600e+00	-2.758087e+00	-3.537524e+00	1.728886e+00	0.000000e+00	70	1.000000e+14
1.000000e+00	1.000000e+00	-6.601742e-01	-1.175790e-03	-3.721561e+00	-1.477843e+00	2.030138e+00	0.000000e+00	21	4.242405e-01
1.000000e+00	1.000000e+00	2.384564e+00	3.575962e+00	-2.218249e+00	1.708828e+00	-1.832328e-01	0.000000e+00	30	3.274686e-01
1.000000e+00	1.000000e+00	-2.025574e+00	3.062970e+00	-7.495845e-01	3.369653e+00	-1.934277e-01	0.000000e+00	30	7.634752e-02
1.000000e+00	1.000000e+00	3.637127e+00	2.948970e+00	-2.024430e-01	2.897600e+00	-1.809928e-01	0.000000e+00	34	1.000000e+14
1.000000e+00	1.000000e+00	-3.820378e+00	-1.444266e+00	-1.435766e+00	-1.162189e+00	3.554345e+00	0.000000e+00	51	1.000000e+14
1.000000e+00	1.000000e+00	1.447888e+00	-3.267259e+00	-3.217285e+00	3.773876e-01	1.820474e+00	0.000000e+00	30	3.552271e-02
1.000000e+00	1.000000e+00	-3.508117e+00	-3.907847e+00	3.459209e-01	5.319937e-01	-2.900298e+00	0.000000e+00	47	1.000000e+14
9.999781e-01	9.999510e-01	1.030386e-01	1.070702e-01	2.250761e+00	-1.461169e+00	-1.450006e+00	0.000000e+00	5	5.560063e-01
1.000000e+00	1.000000e+00	-3.985019e+00	3.899797e+00	2.632661e+00	-1.268490e+00	1.417725e+00	0.000000e+00	71	1.000000e+14
1.000000e+00	1.000000e+00	2.917061e+00	-2.352855e-01	-6.947931e-01	-3.408402e+00	-1.962670e+00	0.000000e+00	25	5.030226e-01
9.999978e-01	1.000000e+00	2.822884e+00	8.645258e-01	-1.357997e+00	1.237003e+00	-1.382165e+00	0.000000e+00	10	6.954674e-02
9.996147e-01	9.999402e-01	-9.332871e-02	-6.748147e-02	1.990163e+00	9.304363e-01	-1.718475e+00	0.000000e+00	4	5.039305e-01
1.000000e+00	9.996361e-01	-5.311085e-01	-4.690095e-01	-8.300033e-01	-2.733227e+00	-2.040555e+00	0.000000e+00	8	1.000000e+14
1.000000e+00	1.000000e+00	3.163173e+00	6.177548e-01	6.381430e-01	2.388847e+00	-3.279933e+00	0.000000e+00	34	1.502903e-01
1.000000e+00	1.000000e+00	-8.157445e-01	-3.507650e+00	2.306002e+00	-2.218323e+00	-2.643262e+00	0.000000e+00	31	4.931868e-01
1.000000e+00	1.000000e+00	1.691208e+00	3.922231e+00	1.600808e+00	9.365098e-01	-2.458784e+00	0.000000e+00	33	2.854887e-01
9.999978e-01	1.000000e+00	8.002225e-01	-1.207448e+00	3.446951e+00	-4.610513e-01	1.022991e+00	0.000000e+00	11	1.296101e-01
1.000000e+00	1.000000e+00	9.221562e-01	-9.208520e-01	-1.427451e+00	-2.063471e+00	3.485284e+00	0.000000e+00	21	5.017219e-02
1.000000e+00	1.000000e+00	3.468927e+00	3.861914e+00	-2.181235e+00	3.365739e+00	3.522631e+00	0.000000e+00	71	0.000000e+00
1.000000e+00	1.000000e+00	-2.406205e+00	8.509839e-01	-2.625228e+00	3.726517e+00	2.994829e+00	0.000000e+00	65	1.000000e+14
9.999993e-01	1.000000e+00	2.163907e+00	2.368697e+00	3.050382e+00	1.237108e+00	3.033215e-02	0.000000e+00	16	1.000000e+14
1.000000e+00	1.000000e+00	1.417575e+00	3.103054e+00	-3.785988e+00	1.426835e+00	2.984515e+00	0.000000e+00	59	1.000000e+14
1.000000e+00	9.997728e-01	-3.146630e+00	-5.823861e-01	-1.006093e+00	-1.203759e+00	-3.565263e-05	0.000000e+00	8	4.156953e-01
1.000000e+00	9.999975e-01	-3.309231e-01	-2.648768e+00	-2.098966e+00	-1.563187e+00	1.569377e+00	0.000000e+00	11	3.050692e-01
1.000000e+00	1.000000e+00	3.766771e+00	-7.366290e-01	2.662330e+00	-2.274762e+00	1.020349e+00	0.000000e+00	35	8.874660e-02
1.000000e+00	1.000000e+00	-1.876347e+00	3.255620e+00	5.445691e-01	1.326406e+00	-3.726367e+00	0.000000e+00	35	4.412597e-03
1.000000e+00	1.000000e+00	-3.180822e+00	1.386796e+00	3.509674e+00	-1.443299e+00	-5.314798e-02	0.000000e+00	30	5.271893e-03
1.000000e+00	1.000000e+00	3.374938e+00	4.530444e-01	-3.257293e+00	-2.976973e+00	-4.290757e-01	0.000000e+00	36	2.602655e-03
1.000000e+00	1.000000e+00	-2.821886e+00	-3.864264e+00	3.671522e-01	3.718513e+00	2.055562e-01	0.000000e+00	68	0.000000e+00
1.000000e+00	1.000000e+00	-2.800416e+00	-3.906473e+00	-1.654610e+00	1.398978e+00	-1.661825e+00	0.000000e+00	38	1.000000e+14
1.000000e+00	1.000000e+00	-3.693585e+00	4.836643e-02	3.452884e+00	2.175651e+00	-3.222889e+00	0.000000e+00	71	0.000000e+00
1.000000e+00	1.000000e+00	2.859023e+00	4.936807e-01	-2.709744e+00	6.553939e-01	-3.035470e+00	0.000000e+00	29	1.395105e-02
1.000000e+00	1.000000e+00	2.360347e+00	3.190985e+00	-9.508761e-02	-5.864092e-01	3.675256e+00	0.000000e+00	32	1.000000e+14
1.000000e+00	1.000000e+00	-7.181218e-01	2.626755e+00	-9.222715e-01	3.794408e+00	-1.530507e+00	0.000000e+00	29	2.641319e-01
1.000000e+00	1.000000e+00	-2.742295e+00	3.555644e+00	1.037835e+00	-7.687982e-01	3.460356e+00	0.000000e+00	51	1.000000e+14
1.000000e+00	1.000000e+00	3.215005e+00	3.209445e+00	-4.504138e-01	2.432379e-01	-7.353699e-01	0.000000e+00	18	4.502874e-01
1.000000e+00	1.000000e+00	-1.238061e+00	-7.456867e-01	-3.328988e+00	3.309103e+00	-1.541169e+00	0.000000e+00	28	3.564910e-02
9.999862e-01	1.000000e+00	2.195810e+00	-3.952380e-01	3.143110e+00	2.715956e-01	9.306003e-02	0.000000e+00	10	1.000000e+14
1.000000e+00	1.000000e+00	1.826290e+00	1.664979e+00	-2.771381e+00	-1.686780e+00	-2.377530e+00	0.000000e+00	23	8.787711e-02
1.000000e+00	1.000000e+00	-9.020994e-01	-2.864050e+00	-3.741843e+00	9.905516e-01	-2.009862e+00	0.000000e+00	28	4.465091e-01
1.000000e+00	1.000000e+00	5.439410e-01	2.102152e+00	-1.865652e+00	3.576236e+00	1.052102e+00	0.000000e+00	19	2.299502e-02
1.000000e+00	9.999970e-01	-6.226453e-01	-3.856219e+00	-2.831795e-01	-1.418699e+00	-7.457392e-01	0.000000e+00	11	9.004078e-02
1.000000e+00	1.000000e+00	1.350570e+00	1.018660e+00	-3.437666e+00	-8.617595e-01	-3.304632e+00	0.000000e+00	27	3.163294e-01
1.000000e+00	1.000000e+00	1.962367e+00	8.524824e-01	-2.899629e+00	2.052786e+00	-3.816022e+00	0.000000e+00	37	6.512281e-04
1.000000e+00	9.999998e-01	1.490804e+00	-1.180428e+00	-1.196143e+00	-3.520645e+00	7.137638e-01	0.000000e+00	16	3.269273e-01
9.999999e-01	9.980309e-01	-2.546508e+00	-1.096513e+00	-3.450344e-01	-1.591745e+00	-1.623502e-01	0.000000e+00	5	1.000000e+14
1.000000e+00	1.000000e+00	3.065664e+00	3.832766e+00	-2.338063e+00	-3.989631e+00	1.411369e+00	0.000000e+00	71	0.000000e+00
1.000000e+00	1.000000e+00	2.235653e+00	-3.891322e+00	1.708625e-01	-2.236537e+00	-3.766556e+00	0.000000e+00	64	1.000000e+14
1.000000e+00	1.000000e+00	2.752280e+00	2.042739e+00	2.218809e+00	-9.091757e-02	-3.664515e+00	0.000000e+00	38	1.027063e-01
1.000000e+00	1.000000e+00	-1.154593e+00	2.424762e+00	1.599456e+00	-3.831022e+00	-3.805586e+00	0.000000e+00	68	5.000000e-01
9.999999e-01	9.999999e-01	1.480985e+00	1.849902e+00	-2.847098e+00	-1.075526e+00	7.111753e-01	0.000000e+00	13	1.648142e-01
1.000000e+00	9.999998e-01	4.402147e-01	-1.876021e+00	-1.835133e+00	2.816448e+00	-7.313231e-01	0.000000e+00	14	1.430645e-01
1.000000e+00	1.000000e+00	-2.708107e-02	-2.046643e+00	-1.652143e+00	5.019812e-01	3.307831e+00	0.000000e+00	18	3.953429e-01
1.000000e+00	1.000000e+00	2.799851e+00	6.532515e-01	-1.197245e+00	1.849961e+00	3.537605e+00	0.000000e+00	23	1.000000e+14
1.000000e+00	1.000000e+00	2.279407e+00	-4.990844e-01	1.883808e+00	3.989564e+00	-3.990180e+00	0.000000e+00	71	0.000000e+00
1.000000e+00	1.000000e+00	9.696698e-01	-2.349045e+00	1.554880e+00	-3.997411e+00	1.013277e+00	0.000000e+00	28	2.048863e-02
1.000000e+00	1.000000e+00	-3.220492e+00	-2.509901e+00	-4.081938e-01	-3.431027e+00	-9.072549e-01	0.000000e+00	28	1.000000e+14
1.000000e+00	1.000000e+00	1.879408e+00	3.314080e+00	-4.916119e-01	2.103538e+00	3.435802e+00	0.000000e+00	31	1.000000e+14
1.000000e+00	1.000000e+00	-5.445736e-01	-2.631893e+00	-8.649789e-02	-3.304161e+00	-3.527127e+00	0.000000e+00	34	1.000000e+14
1.000000e+00	1.000000e+00	-1.458176e+00	-3.664999e+00	-8.048155e-02	-3.674334e+00	1.875737e+00	0.000000e+00	43	1.000000e+14
9.999945e-01	1.000000e+00	7.738073e-01	1.596867e+00	-8.442990e-01	3.414905e+00	-9.113793e-03	0.000000e+00	11	3.528110e-01
1.000000e+00	1.000000e+00	-1.741904e+00	-3.416071e+00	3.831729e+00	2.831767e+00	1.126135e+00	0.000000e+00	69	0.000000e+00
1.000000e+00	1.000000e+00	2.615591e+00	6.132897e-02	3.380646e+00	3.813251e+00	-1.395188e+00	0.000000e+00	42	1.000000e+14
9.999996e-01	1.000000e+00	2.039855e+00	-2.347982e+00	2.910867e-02	7.660073e-01	2.464850e+00	0.000000e+00	12	5.933670e-02
1.000000e+00	1.000000e+00	-3.266267e+00	-1.522911e+00	3.974224e+00	-1.236203e+00	1.261212e+00	0.000000e+00	37	3.693991e-02
1.000000e+00	9.999999e-01	1.904048e+00	-1.271893e+00	-3.425341e+00	1.893333e-02	-1.288426e+00	0.000000e+00	18	5.054064e-01
1.000000e+00	1.000000e+00	-2.932974e+00	1.723151e+00	-2.829178e+00	3.887143e+00	-1.836082e+00	0.000000e+00	70	1.000000e+14
1.000000e+00	1.000000e+00	1.428770e+00	2.111599e-01	-3.244278e+00	-3.512066e+00	3.839553e+00	0.000000e+00	71	0.000000e+00
1.000000e+00	1.000000e+00	1.662062e+00	3.479279e+00	-2.662469e+00	-3.029048e+00	-1.278307e+00	0.000000e+00	38	4.138948e-02
9.999545e-01	1.000000e+00	2.891018e+00	-6.072173e-02	1.932041e+00	-7.883392e-01	6.377752e-01	0.000000e+00	8	3.832622e-01
9.915555e-01	9.933008e-01	1.606894e+00	-6.551401e-01	3.067326e-01	-8.358368e-01	-2.932187e-01	0.000000e+00	1	7.234237e-01
9.998847e-01	1.000000e+00	4.260456e-01	-7.314417e-01	1.250988e+00	2.562117e+00	2.046936e+00	0.000000e+00	7	3.498260e-01
1.000000e+00	1.000000e+00	3.828206e+00	3.343796e+00	2.992214e+00	3.464073e+00	3.136311e+00	0.000000e+00	71	0.000000e+00
9.999983e-01	9.999984e-01	-1.276202e+00	2.409694e+00	1.091557e+00	-2.862068e-01	-1.899423e+00	0.000000e+00	9	1.189040e-01
1.000000e+00	1.000000e+00	-2.800232e-01	-3.182552e+00	-3.871768e+00	-3.142044e+00	1.388873e+00	0.000000e+00	50	1.000000e+14
1.000000e+00	1.000000e+00	2.170357e+00	8.100606e-01	3.057016e+00	-2.033833e+00	-2.521997e+00	0.000000e+00	29	1.023666e-01
1.000000e+00	1.000000e+00	3.459549e+00	-6.763293e-01	1.456817e+00	6.646379e-01	-2.761180e+00	0.000000e+00	27	2.881721e-01
1.000000e+00	1.000000e+00	2.379355e+00	-1.821393e+00	-3.576930e+00	-9.723937e-01	-1.295029e+00	0.000000e+00	24	3.681524e-01
9.999724e-01	9.999991e-01	1.801466e+00	-3.358347e-01	7.741403e-01	1.738976e+00	-2.057915e+00	0.000000e+00	7	1.392909e-01
1.000000e+00	1.000000e+00	2.661832e+00	-2.790701e+00	-3.887004e+00	1.332820e+00	-3.279338e+00	0.000000e+00	71	0.000000e+00
1.000000e+00	1.000000e+00	3.129218e+00	2.875025e+00	-2.754506e+00	-8.402277e-01	2.147345e+00	0.000000e+00	38	3.942917e-01
1.000000e+00	1.000000e+00	-3.978811e+00	2.849916e+00	2.499525e+00	-1.532038e+00	-1.752562e+00	0.000000e+00	66	1.000000e+00
1.000000e+00	9.999988e-01	-1.154512e+00	-1.776618e+00	-1.428548e-01	-3.754530e+00	1.640411e-01	0.000000e+00	13	1.661840e-01
1.000000e+00	1.000000e+00	-1.430344e+00	-2.746762e+00	1.521987e+00	-3.525520e+00	-2.485501e+00	0.000000e+00	37	1.000000e+14
1.000000e+00	1.000000e+00	2.296698e+00	3.758737e+00	-1.006868e+00	-1.028641e+00	8.449514e-01	0.000000e+00	20	3.494796e-02
1.000000e+00	1.000000e+00	3.571954e+00	9.684597e-01	-1.289389e+00	1.367684e+00	3.320441e+00	0.000000e+00	30	1.000000e+14
9.999911e-01	1.000000e+00	2.310535e+00	5.890545e-01	1.050478e+00	3.230565e+00	6.140606e-01	0.000000e+00	12	1.000000e+14
1.000000e+00	9.999977e-01	-2.899711e+00	-2.400329e+00	4.191678e-01	1.074779e+00	-1.903006e-01	0.000000e+00	10	1.271668e-01
1.000000e+00	1.000000e+00	-3.074631e+00	-1.098917e+00	-1.446873e+00	-2.809528e+00	3.504768e+00	0.000000e+00	49	1.000000e+14
1.000000e+00	1.000000e+00	-9.457167e-02	-2.218991e+00	-1.232384e+00	1.097134e+00	3.089877e+00	0.000000e+00	16	7.993743e-02
1.000000e+00	1.000000e+00	2.408390e-01	1.402385e+00	3.965136e+00	-2.599779e+00	-3.181318e+00	0.000000e+00	42	4.485770e-03
1.000000e+00	1.000000e+00	-1.714029e+00	1.950159e-01	-7.079243e-02	-2.466716e+00	2.920900e+00	0.000000e+00	17	1.301337e-01
1.000000e+00	1.000000e+00	1.250244e+00	-1.919642e+00	1.393183e+00	-2.677931e+00	3.944405e+00	0.000000e+00	38	1.057519e-01
1.000000e+00	1.000000e+00	3.670255e+00	-1.333327e+00	-3.259298e+00	-3.741387e+00	-3.211353e+00	0.000000e+00	71	0.000000e+00
1.000000e+00	1.000000e+00	2.485622e+00	-3.575147e+00	-2.615398e+00	1.273660e+00	-3.105687e+00	0.000000e+00	63	1.000000e+14
1.000000e+00	1.000000e+00	3.793601e+00	-2.407089e+00	-1.847323e+00	-1.441019e+00	-6.230616e-01	0.000000e+00	29	1.752589e-02
1.000000e+00	1.000000e+00	-2.960748e+00	-2.822673e+00	2.446784e+00	-1.929804e+00	2.301777e-01	0.000000e+00	27	6.364535e-02
1.000000e+00	1.000000e+00	3.195871e+00	-5.551253e-02	1.908496e+00	6.696552e-01	-2.569966e+00	0.000000e+00	21	5.399626e-02
9.999977e-01	9.999995e-01	2.932998e+00	-3.215342e-01	8.161657e-01	-9.789474e-01	-1.560252e+00	0.000000e+00	8	3.838564e-02
1.000000e+00	9.999999e-01	-1.523771e+00	-2.831476e+00	-8.318836e-02	2.610456e+00	1.118276e-01	0.000000e+00	16	3.363168e-02
1.000000e+00	1.000000e+00	-3.811902e+00	-3.385061e+00	-1.461847e+00	-2.870611e-01	-7.984131e-01	0.000000e+00	29	1.000000e+14
1.000000e+00	1.000000e+00	2.250586e-01	-2.481648e+00	3.330024e+00	5.885046e-01	-9.099004e-01	0.000000e+00	19	5.406508e-02
1.000000e+00	1.000000e+00	-3.749472e+00	2.020712e+00	8.636291e-01	1.490866e+00	2.317246e+00	0.000000e+00	33	2.132582e-01
1.000000e+00	1.000000e+00	2.401892e+00	-3.422983e+00	2.882321e+00	1.468176e+00	2.501731e+00	0.000000e+00	49	1.000000e+14
1.000000e+00	1.000000e+00	2.749862e+00	-1.869754e+00	1.467852e-01	-3.399451e+00	1.870682e+00	0.000000e+00	30	1.058615e-02
9.999966e-01	1.000000e+00	1.886700e+00	1.671663e+00	-1.927927e+00	6.692539e-01	2.275249e+00	0.000000e+00	11	9.961219e-02
1.000000e+00	1.000000e+00	-1.737114e+00	1.564172e+00	3.468881e+00	-8.735901e-01	-9.814595e-01	0.000000e+00	20	3.991959e-02
1.000000e+00	1.000000e+00	3.136975e-01	-3.044082e+00	-2.470497e-01	1.828286e+00	2.618854e+00	0.000000e+00	21	9.124303e-02
1.000000e+00	1.000000e+00	1.859550e+00	3.026175e+00	3.201479e+00	-1.071697e+00	-3.816863e+00	0.000000e+00	69	0.000000e+00
1.000000e+00	9.999999e-01	-2.451781e+00	-3.330619e+00	-1.579496e+00	5.690653e-01	5.895291e-01	0.000000e+00	18	1.000000e+14
1.000000e+00	9.999999e-01	-5.031392e-01	-2.155262e+00	-2.058798e+00	1.836579e+00	1.925212e+00	0.000000e+00	15	4.837762e-01
1.000000e+00	1.000000e+00	-9.492329e-01	-9.307277e-01	-3.413471e+00	-3.816954e+00	3.911361e+00	0.000000e+00	71	0.000000e+00
1.000000e+00	1.000000e+00	-3.437566e+00	-4.229258e-01	2.760219e+00	4.712457e-01	-1.609021e+00	0.000000e+00	23	2.946227e-01
9.999995e-01	1.000000e+00	2.994537e+00	1.662150e+00	-1.437437e+00	2.134109e+00	8.536722e-01	0.000000e+00	15	4.746764e-01
1.000000e+00	1.000000e+00	3.907637e+00	-1.686744e+00	-3.121353e+00	-9.951300e-01	9.051234e-01	0.000000e+00	34	5.293951e-04
1.000000e+00	1.000000e+00	-3.810955e+00	2.310206e+00	-1.324663e+00	-1.180085e+00	-1.182572e+00	0.000000e+00	24	3.481893e-02
9.999988e-01	1.000000e+00	1.085134e+00	-2.110973e+00	7.578927e-01	1.712814e+00	2.685812e+00	0.000000e+00	12	1.381390e-01
1.000000e+00	1.000000e+00	2.803954e+00	-1.002365e+00	-3.264569e+00	2.400364e-02	2.651547e+00	0.000000e+00	30	5.814822e-03
1.000000e+00	1.000000e+00	2.393356e+00	1.618841e+00	-3.025386e+00	2.711217e+00	-1.804884e+00	0.000000e+00	34	7.836421e-02
1.000000e+00	1.000000e+00	7.129188e-01	2.322832e+00	3.923433e+00	-7.219867e-01	-2.640825e+00	0.000000e+00	36	3.383279e-01
1.000000e+00	1.000000e+00	-1.640826e+00	3.745167e+00	-2.250850e+00	-2.227899e+00	2.411726e+00	0.000000e+00	40	1.923123e-03
1.000000e+00	1.000000e+00	3.955711e+00	1.183309e+00	-3.876235e+00	3.239400e+00	2.468134e-01	0.000000e+00	71	0.000000e+00
1.000000e+00	1.000000e+00	-3.928363e+00	3.851098e+00	1.590427e-01	-2.740186e+00	-1.830922e+00	0.000000e+00	71	0.000000e+00
1.000000e+00	1.000000e+00	1.958233e+00	1.785605e+00	1.760029e+00	-3.804138e+00	-1.718382e+00	0.000000e+00	32	2.711165e-01
9.999999e-01	1.000000e+00	3.339318e+00	-1.360871e+00	-1.143904e+00	-5.055027e-01	1.548462e+00	0.000000e+00	14	3.248876e-01
1.000000e+00	1.000000e+00	-3.435894e+00	3.106546e+00	5.931437e-01	9.494124e-01	-9.942644e-01	0.000000e+00	28	3.546965e-02
9.999943e-01	1.000000e+00	2.186441e+00	-5.640625e-01	2.573102e+00	-1.254209e+00	1.234037e+00	0.000000e+00	10	3.947128e-01
1.000000e+00	1.000000e+00	1.729984e+00	-5.019209e-01	-4.562640e-01	-3.272421e+00	-2.981651e+00	0.000000e+00	22	1.535207e-01
1.000000e+00	1.000000e+00	1.237606e+00	-3.460431e+00	-2.257614e+00	3.312230e+00	-2.457736e-01	0.000000e+00	34	1.106158e-04
1.000000e+00	1.000000e+00	-1.237255e+00	1.480117e+00	-2.837246e+00	2.275849e+00	1.488131e-01	0.000000e+00	16	1.008100e-01
9.999999e-01	1.000000e+00	3.216286e+00	-6.697104e-01	2.328601e+00	2.353439e+00	1.727329e-01	0.000000e+00	17	3.875262e-01
1.000000e+00	1.000000e+00	3.092292e-01	-8.239515e-01	3.026310e+00	-2.822310e+00	-1.774273e+00	0.000000e+00	21	5.594775e-02
9.999999e-01	9.999991e-01	-2.314770e+00	5.800287e-01	2.511821e+00	-7.715357e-01	-1.165969e+00	0.000000e+00	12	2.915713e-01
1.000000e+00	1.000000e+00	3.311529e+00	-1.583343e+00	-2.052416e+00	2.414852e+00	-8.045116e-01	0.000000e+00	28	2.671028e-02
1.000000e+00	1.000000e+00	-3.694512e+00	5.972743e-01	-2.079986e+00	2.132805e+00	-3.876969e+00	0.000000e+00	59	1.000000e+14
1.000000e+00	1.000000e+00	3.308840e+00	5.274952e-01	1.141058e+00	-2.624270e+00	1.388057e+00	0.000000e+00	21	4.349666e-02
1.000000e+00	1.000000e+00	-3.919765e+00	-5.845459e-01	-1.276314e+00	-2.679494e+00	-2.393587e+00	0.000000e+00	32	1.000000e+14
1.000000e+00	1.000000e+00	9.241166e-01	-6.553626e-01	3.911760e+00	1.922508e+00	-6.866727e-01	0.000000e+00	17	1.740755e-01
1.000000e+00	1.000000e+00	-2.449505e+00	1.128884e+00	1.532090e+00	-3.287139e+00	-3.359668e+00	0.000000e+00	42	1.000000e+14
