# This file contains the data of final feasible population (if found)
# of objectives = 2, # of constraints = 0, # of real_var = 5, # of bits of bin_var = 0, constr_violation, rank, crowding_distance
6.069996e-01	6.666773e-01	-8.345335e-02	6.648431e-02	6.116012e-02	2.054612e-02	2.733270e-02	0.000000e+00	1	2.263295e-02
9.337883e-01	1.381965e-01	-2.461906e-01	-2.124793e-01	-3.636510e-01	-2.494839e-01	-3.627282e-01	0.000000e+00	1	8.587609e-03
7.849174e-01	4.529957e-01	-8.078167e-02	-1.146041e-01	-1.425331e-01	-1.729780e-01	-1.090883e-02	0.000000e+00	1	1.054781e-02
9.478937e-01	8.075831e-02	-3.357362e-01	-3.595811e-01	-3.113715e-01	-3.277594e-01	-2.700775e-01	0.000000e+00	1	2.386228e-02
4.297028e-01	7.968639e-01	1.218198e-01	1.663918e-01	1.642567e-01	7.762424e-02	4.697024e-02	0.000000e+00	1	1.857553e-02
4.659077e-01	7.825374e-01	1.532858e-02	5.251591e-02	1.844904e-01	1.889618e-01	6.100349e-02	0.000000e+00	1	1.671978e-02
8.443565e-01	3.432103e-01	-2.256780e-01	-8.243010e-02	-1.789512e-01	-1.632903e-01	-1.545206e-01	0.000000e+00	1	1.692596e-02
9.192142e-01	1.793456e-01	-2.830578e-01	-3.713840e-01	-2.141223e-01	-2.417200e-01	-1.856858e-01	0.000000e+00	1	5.655055e-03
9.151808e-01	1.871427e-01	-2.240978e-01	-3.524701e-01	-2.261779e-01	-2.827909e-01	-1.778604e-01	0.000000e+00	1	9.594342e-03
9.021983e-01	2.131972e-01	-3.033146e-01	-2.085935e-01	-2.478429e-01	-1.640917e-01	-2.417277e-01	0.000000e+00	1	7.890918e-03
9.474824e-01	1.020235e-01	-3.261711e-01	-4.437197e-01	-2.988611e-01	-2.691909e-01	-2.491043e-01	0.000000e+00	1	3.606940e-03
3.457701e-01	8.501207e-01	1.519105e-01	2.313331e-01	1.211251e-01	2.567501e-01	6.266443e-02	0.000000e+00	1	2.098804e-02
3.477246e-01	8.411621e-01	1.654424e-01	1.071603e-01	1.322250e-01	1.524478e-01	2.323823e-01	0.000000e+00	1	1.198292e-02
9.223124e-01	1.707582e-01	-1.393150e-01	-2.762924e-01	-2.943951e-01	-3.219176e-01	-2.917292e-01	0.000000e+00	1	1.763034e-02
7.987153e-01	4.298931e-01	-5.954851e-02	-5.015636e-02	-1.790058e-01	-1.728210e-01	-1.204629e-01	0.000000e+00	1	1.133456e-02
7.166210e-01	5.521015e-01	-1.225492e-01	-1.187249e-01	-6.750613e-03	3.406367e-02	-4.194667e-02	0.000000e+00	1	1.284444e-02
1.652379e-01	9.235549e-01	1.970433e-01	2.506491e-01	3.423619e-01	2.107025e-01	3.356148e-01	0.000000e+00	1	1.512481e-02
3.162203e-01	8.616403e-01	1.982143e-01	5.673800e-02	2.280940e-01	1.915259e-01	2.186133e-01	0.000000e+00	1	6.585270e-03
3.841310e-01	8.280838e-01	2.126054e-01	1.015244e-01	2.121915e-01	1.420621e-01	4.493726e-02	0.000000e+00	1	4.964128e-03
9.244392e-01	1.467256e-01	-2.280768e-01	-2.705564e-01	-3.110464e-01	-2.753804e-01	-2.700775e-01	0.000000e+00	1	1.355904e-02
5.032241e-01	7.601806e-01	1.702500e-01	-5.355810e-03	9.994402e-02	1.566328e-01	-1.436513e-02	0.000000e+00	1	7.364875e-03
7.415013e-01	5.143595e-01	-1.162299e-01	-1.362607e-01	2.704460e-03	-6.176352e-02	-4.095410e-02	0.000000e+00	1	9.849498e-03
6.971443e-01	5.676928e-01	-1.008811e-01	-3.133317e-02	-1.168768e-02	1.577377e-02	-7.081482e-02	0.000000e+00	1	4.576902e-03
8.701321e-01	2.859047e-01	-2.617287e-01	-1.891111e-01	-1.679911e-01	-1.480323e-01	-1.859807e-01	0.000000e+00	1	3.589613e-03
2.376058e-02	9.788564e-01	5.407543e-01	3.695287e-01	4.177678e-01	4.580768e-01	3.562326e-01	0.000000e+00	1	1.000000e+14
9.478074e-01	1.005882e-01	-3.440242e-01	-3.943457e-01	-1.973346e-01	-3.564673e-01	-2.992380e-01	0.000000e+00	1	1.117472e-02
2.510140e-01	8.884377e-01	1.767727e-01	3.134629e-01	1.657050e-01	1.855461e-01	2.229582e-01	0.000000e+00	1	1.377816e-02
7.709285e-01	4.730628e-01	-8.334888e-02	-1.773999e-01	-2.073056e-02	-1.184070e-01	-6.580114e-02	0.000000e+00	1	1.115069e-02
7.737791e-01	4.666707e-01	-1.169068e-01	-1.165112e-01	-8.230074e-02	-1.526141e-01	-1.109514e-02	0.000000e+00	1	9.056318e-03
6.728313e-01	5.947493e-01	-9.269929e-02	-1.812277e-02	6.570663e-03	-3.199903e-02	1.660407e-02	0.000000e+00	1	1.136750e-02
7.327741e-01	5.239834e-01	-1.004690e-01	-2.584498e-02	-2.970844e-03	-6.938481e-02	-1.240835e-01	0.000000e+00	1	1.444694e-02
7.522657e-01	5.018965e-01	-7.531837e-02	-1.021311e-01	-9.935968e-03	-1.699185e-01	-3.314218e-02	0.000000e+00	1	9.428487e-03
8.884393e-01	2.697708e-01	-2.546747e-01	-2.551835e-01	-1.613061e-01	-7.568823e-02	-3.034229e-01	0.000000e+00	1	8.621692e-03
9.426109e-01	1.352572e-01	-3.260458e-01	-4.429939e-01	-1.596404e-01	-2.728278e-01	-3.148695e-01	0.000000e+00	1	2.312626e-02
8.558571e-01	3.342114e-01	-1.057697e-01	-2.859307e-01	-8.505846e-02	-1.912576e-01	-1.873731e-01	0.000000e+00	1	3.669257e-03
5.829614e-01	6.896331e-01	1.434661e-01	2.246696e-02	-1.143020e-02	-1.719042e-02	2.783440e-02	0.000000e+00	1	1.162832e-02
1.868909e-01	9.140397e-01	1.617968e-01	3.132410e-01	2.611900e-01	2.968684e-01	2.230037e-01	0.000000e+00	1	4.168110e-03
5.001273e-01	7.673370e-01	1.919846e-01	-5.649150e-02	1.052232e-01	1.534612e-01	3.333764e-02	0.000000e+00	1	9.315874e-03
2.752586e-01	8.750147e-01	1.765851e-01	2.066300e-01	2.313951e-01	2.370782e-01	1.308505e-01	0.000000e+00	1	3.012093e-03
8.585298e-01	3.163098e-01	-1.242160e-01	-1.392009e-01	-1.603232e-01	-1.894254e-01	-2.675188e-01	0.000000e+00	1	2.890817e-02
7.367457e-01	5.169547e-01	-8.500984e-02	-7.044127e-02	-1.245908e-01	-7.286597e-04	-5.854711e-02	0.000000e+00	1	9.536301e-03
7.917307e-01	4.382651e-01	-7.536894e-02	-1.014260e-01	-1.715178e-01	-1.586219e-01	-4.772081e-02	0.000000e+00	1	6.241067e-03
5.047772e-01	7.577775e-01	2.156081e-01	-9.502519e-03	7.483793e-02	8.269927e-02	3.613892e-02	0.000000e+00	1	4.462618e-03
9.208776e-01	1.773117e-01	-2.302885e-01	-2.627515e-01	-1.511327e-01	-3.382972e-01	-3.265139e-01	0.000000e+00	1	6.050207e-03
5.457539e-01	7.218180e-01	-1.608503e-02	3.308298e-02	1.234829e-01	1.330272e-01	6.134250e-04	0.000000e+00	1	1.466161e-02
6.439254e-01	6.378094e-01	3.249853e-02	3.173538e-03	-1.004390e-01	1.031863e-01	-4.793974e-02	0.000000e+00	1	7.929765e-03
2.959093e-01	8.672773e-01	1.699086e-01	1.527479e-01	2.369489e-01	2.465462e-01	1.266494e-01	0.000000e+00	1	1.362046e-02
4.034013e-01	8.159618e-01	7.100408e-02	6.953504e-02	1.322250e-01	1.523142e-01	2.323823e-01	0.000000e+00	1	1.659797e-02
1.409858e-01	9.295553e-01	3.051124e-01	2.083951e-01	2.471057e-01	2.897091e-01	3.477551e-01	0.000000e+00	1	2.120999e-02
3.165684e-01	8.562584e-01	1.354900e-01	1.777610e-01	1.217422e-01	2.109882e-01	2.255873e-01	0.000000e+00	1	2.143269e-02
5.904416e-01	6.748479e-01	1.590507e-02	-6.739811e-04	-2.407539e-04	8.265226e-02	3.137097e-02	0.000000e+00	1	1.094232e-02
4.193539e-01	8.047614e-01	1.613646e-01	1.674520e-01	1.642567e-01	7.762424e-02	3.858582e-02	0.000000e+00	1	1.319248e-02
2.357104e-01	8.922547e-01	2.886685e-01	1.773673e-01	2.317056e-01	1.771860e-01	2.202854e-01	0.000000e+00	1	1.186045e-02
9.025941e-01	2.127605e-01	-3.034399e-01	-2.053778e-01	-2.478429e-01	-1.627149e-01	-2.487718e-01	0.000000e+00	1	7.619623e-03
2.149092e-01	9.042137e-01	2.886685e-01	3.109416e-01	2.317056e-01	1.537253e-01	1.909514e-01	0.000000e+00	1	6.364833e-03
5.315707e-01	7.257249e-01	5.463726e-02	5.756091e-02	7.416653e-02	1.189952e-01	-6.144057e-03	0.000000e+00	1	1.276817e-02
2.225757e-01	8.989594e-01	1.971159e-01	1.534155e-01	2.371186e-01	2.610417e-01	2.919625e-01	0.000000e+00	1	4.927560e-03
4.929873e-01	7.678407e-01	1.490709e-01	2.072181e-01	3.487618e-02	5.711726e-02	-1.162731e-02	0.000000e+00	1	1.412726e-02
2.898314e-01	8.682593e-01	1.765851e-01	2.063780e-01	1.813974e-01	2.465462e-01	1.308505e-01	0.000000e+00	1	1.229005e-02
8.977483e-01	2.290225e-01	-2.200155e-01	-2.836785e-01	-1.393368e-01	-2.003498e-01	-2.859574e-01	0.000000e+00	1	1.414584e-02
7.927575e-01	4.360548e-01	-1.424482e-01	-5.049365e-02	-1.773173e-01	-1.183603e-01	-7.099432e-02	0.000000e+00	1	7.977301e-03
4.266771e-02	9.726983e-01	3.385999e-01	4.802175e-01	3.891807e-01	4.924088e-01	2.881284e-01	0.000000e+00	1	7.756583e-03
6.999733e-01	5.634036e-01	5.246066e-03	-9.872974e-02	-6.744700e-02	-4.374508e-03	-4.440324e-02	0.000000e+00	1	7.647418e-03
1.143274e-01	9.431884e-01	4.343363e-01	2.518799e-01	3.013841e-01	3.034402e-01	2.443595e-01	0.000000e+00	1	4.382314e-03
3.362937e-02	9.779877e-01	5.502856e-01	3.695287e-01	4.177678e-01	4.580768e-01	3.185124e-01	0.000000e+00	1	1.308861e-02
6.298128e-01	6.493086e-01	-1.608503e-02	-5.921233e-02	2.477103e-03	1.280677e-01	-2.500341e-02	0.000000e+00	1	7.216331e-03
6.329598e-01	6.436281e-01	4.439118e-02	-3.096943e-02	-8.935348e-02	1.581580e-02	7.660488e-02	0.000000e+00	1	9.923319e-03
9.634679e-01	5.319185e-02	-3.414350e-01	-4.405330e-01	-4.334855e-01	-2.787048e-01	-3.253884e-01	0.000000e+00	1	1.263211e-02
5.747019e-01	7.021104e-01	-5.781961e-03	8.257493e-02	1.564234e-01	-4.047852e-02	6.309892e-03	0.000000e+00	1	2.317783e-02
7.628894e-01	4.792729e-01	-5.655879e-02	-4.333530e-02	-7.460792e-02	-1.276458e-01	-1.376305e-01	0.000000e+00	1	8.770005e-03
9.177477e-01	1.851000e-01	-2.129335e-01	-2.627515e-01	-1.525920e-01	-3.271883e-01	-3.265139e-01	0.000000e+00	1	6.133424e-03
6.979562e-01	5.671977e-01	-8.663710e-02	-3.639118e-02	2.521628e-02	-8.720296e-02	-1.606834e-02	0.000000e+00	1	1.251781e-03
7.627300e-02	9.500512e-01	3.340682e-01	2.781604e-01	3.197716e-01	3.854859e-01	3.134001e-01	0.000000e+00	1	1.706822e-02
4.312968e-02	9.726038e-01	3.364001e-01	4.802175e-01	3.891807e-01	4.924088e-01	2.881284e-01	0.000000e+00	1	8.598933e-03
5.065564e-01	7.549122e-01	1.507511e-01	-5.355810e-03	9.994402e-02	1.531226e-01	-7.266418e-03	0.000000e+00	1	5.695281e-03
4.458411e-01	7.879605e-01	1.347796e-01	8.659316e-02	1.007784e-01	1.840433e-01	3.084141e-02	0.000000e+00	1	4.029259e-03
2.746658e-01	8.753531e-01	1.765851e-01	2.063780e-01	2.320073e-01	2.386908e-01	1.308505e-01	0.000000e+00	1	3.637614e-03
2.346521e-01	8.948027e-01	1.618601e-01	3.134629e-01	2.362923e-01	1.871062e-01	2.106437e-01	0.000000e+00	1	5.183580e-03
7.157046e-02	9.502237e-01	3.273650e-01	2.883915e-01	3.307139e-01	3.490055e-01	3.401825e-01	0.000000e+00	1	4.438648e-03
8.146735e-01	4.005138e-01	-1.788346e-01	-1.029710e-01	-6.816712e-02	-1.055950e-01	-2.006924e-01	0.000000e+00	1	2.787429e-02
7.879593e-01	4.432826e-01	-7.536894e-02	-1.014260e-01	-1.425331e-01	-1.725589e-01	-4.772081e-02	0.000000e+00	1	1.116438e-02
7.459613e-01	5.072201e-01	-9.440449e-02	-9.710393e-03	-1.247692e-01	-1.176292e-01	-2.387797e-02	0.000000e+00	1	1.206777e-02
6.533303e-01	6.274602e-01	1.039232e-02	1.678152e-02	-4.942198e-02	-1.099954e-01	9.201032e-02	0.000000e+00	1	1.002386e-02
2.548916e-01	8.850374e-01	2.886685e-01	1.773673e-01	2.317056e-01	1.736147e-01	1.734035e-01	0.000000e+00	1	1.009068e-02
9.772219e-01	8.646692e-03	-4.433864e-01	-3.628250e-01	-4.187463e-01	-4.236458e-01	-4.607183e-01	0.000000e+00	1	1.000000e+14
1.610354e-01	9.270725e-01	3.045791e-01	1.612522e-01	2.857955e-01	3.704275e-01	2.434579e-01	0.000000e+00	1	1.354710e-02
8.239499e-01	3.764120e-01	-1.423347e-01	-9.678482e-02	-1.192810e-01	-1.720082e-01	-1.765919e-01	0.000000e+00	1	3.148909e-02
8.716556e-01	2.821643e-01	-2.617287e-01	-1.891111e-01	-1.775082e-01	-1.480323e-01	-1.859807e-01	0.000000e+00	1	1.579952e-02
7.579563e-01	5.011305e-01	3.474581e-02	-1.773999e-01	-7.743347e-02	-1.184070e-01	-6.580114e-02	0.000000e+00	1	8.590320e-03
6.935827e-01	5.716286e-01	3.249853e-02	-4.083316e-02	-9.486404e-02	-3.835742e-02	-4.573849e-02	0.000000e+00	1	9.786781e-03
2.238997e-01	8.980471e-01	2.027685e-01	1.534155e-01	2.371186e-01	2.490117e-01	2.923623e-01	0.000000e+00	1	5.159686e-03
4.722409e-01	7.739785e-01	1.322691e-02	1.691583e-01	1.068482e-01	1.464245e-01	3.839402e-02	0.000000e+00	1	1.165128e-02
4.499151e-01	7.837040e-01	1.347796e-01	9.366714e-02	1.007784e-01	1.624578e-01	3.011728e-02	0.000000e+00	1	1.326146e-02
8.481637e-01	3.406468e-01	-1.017050e-01	-1.454647e-01	-1.869988e-01	-2.621881e-01	-1.245356e-01	0.000000e+00	1	1.066863e-02
8.695941e-01	2.870319e-01	-2.617287e-01	-1.891111e-01	-1.776197e-01	-1.480323e-01	-1.731576e-01	0.000000e+00	1	1.921833e-03
7.201464e-01	5.441682e-01	3.249853e-02	-1.262590e-01	-9.486404e-02	-3.835742e-02	-4.573849e-02	0.000000e+00	1	9.548353e-03
4.077132e-01	8.121436e-01	1.226500e-01	5.334219e-02	1.730204e-01	8.646931e-02	2.064446e-01	0.000000e+00	1	1.044229e-02
4.138921e-01	8.063744e-01	1.526234e-01	1.736504e-01	1.080623e-01	1.464245e-01	3.839402e-02	0.000000e+00	1	9.908848e-03
7.630052e-01	4.791383e-01	-5.655879e-02	-4.333530e-02	-7.460792e-02	-1.276458e-01	-1.380481e-01	0.000000e+00	1	7.416127e-03
5.186836e-01	7.373870e-01	1.351614e-01	8.507196e-02	2.156541e-02	6.674254e-03	9.020382e-02	0.000000e+00	1	1.695210e-02
9.021663e-01	2.276369e-01	-3.115923e-01	-1.392009e-01	-1.588019e-01	-2.508399e-01	-2.945979e-01	0.000000e+00	1	1.048926e-02
1.264598e-01	9.330458e-01	2.474759e-01	3.038148e-01	2.471057e-01	2.897091e-01	3.477551e-01	0.000000e+00	1	1.765914e-02
2.707922e-01	8.775284e-01	1.765851e-01	2.063780e-01	2.369710e-01	2.465462e-01	1.308505e-01	0.000000e+00	1	1.536045e-02
9.336450e-01	1.427973e-01	-3.414350e-01	-2.903783e-01	-1.605801e-01	-2.787048e-01	-3.592335e-01	0.000000e+00	1	9.239796e-03
8.115853e-01	4.179180e-01	-7.536894e-02	-1.014260e-01	-1.425331e-01	-2.566402e-01	-5.458394e-02	0.000000e+00	1	1.847443e-02
1.824377e-01	9.160998e-01	2.350886e-01	3.107736e-01	3.301210e-01	1.871062e-01	2.096240e-01	0.000000e+00	1	1.625867e-02
1.882998e-01	9.139770e-01	1.743203e-01	2.139150e-01	2.382398e-01	3.318629e-01	2.963846e-01	0.000000e+00	1	2.102302e-03
9.106474e-01	2.017399e-01	-2.131266e-01	-2.627515e-01	-1.393946e-01	-3.265666e-01	-2.823208e-01	0.000000e+00	1	2.064071e-03
5.104636e-01	7.525126e-01	1.338424e-01	1.045902e-01	-5.561773e-02	1.422601e-01	5.623004e-02	0.000000e+00	1	1.120723e-02
6.327581e-02	9.551105e-01	3.364001e-01	2.840889e-01	3.891807e-01	3.756128e-01	3.131143e-01	0.000000e+00	1	1.141001e-02
2.548916e-01	8.850374e-01	2.886685e-01	1.773673e-01	2.317056e-01	1.736147e-01	1.734035e-01	0.000000e+00	1	5.903245e-03
4.759246e-01	7.701219e-01	1.338424e-01	1.033019e-01	4.846101e-03	1.624578e-01	5.623004e-02	0.000000e+00	1	1.404266e-02
9.106474e-01	2.017399e-01	-2.131266e-01	-2.627515e-01	-1.393946e-01	-3.265666e-01	-2.823208e-01	0.000000e+00	1	3.356102e-03
8.565298e-01	3.318865e-01	-1.113583e-01	-2.859307e-01	-8.614640e-02	-1.891444e-01	-1.873731e-01	0.000000e+00	1	1.062718e-02
9.432575e-01	1.029573e-01	-3.450417e-01	-3.519212e-01	-2.143308e-01	-3.308239e-01	-3.010933e-01	0.000000e+00	1	1.968173e-02
1.182953e-01	9.407323e-01	4.165814e-01	3.043941e-01	2.421168e-01	3.034402e-01	2.426975e-01	0.000000e+00	1	8.539359e-03
6.101483e-02	9.616228e-01	3.364001e-01	2.840889e-01	4.781493e-01	3.756128e-01	3.131143e-01	0.000000e+00	1	1.015644e-02
2.088470e-01	9.046420e-01	2.376583e-01	2.230653e-01	3.301210e-01	1.871062e-01	2.048470e-01	0.000000e+00	1	1.124207e-02
3.828300e-01	8.286628e-01	2.126054e-01	1.045902e-01	2.121915e-01	1.420621e-01	4.493726e-02	0.000000e+00	1	1.697909e-02
5.838766e-01	6.888825e-01	1.434661e-01	1.988852e-02	-1.143020e-02	-1.719042e-02	2.783440e-02	0.000000e+00	1	1.154223e-02
8.846206e-01	2.699899e-01	-3.433722e-01	-1.891111e-01	-1.776197e-01	-1.480323e-01	-1.731576e-01	0.000000e+00	1	1.518850e-02
9.244765e-01	1.466501e-01	-2.280768e-01	-2.705564e-01	-3.113715e-01	-2.753804e-01	-2.700775e-01	0.000000e+00	1	6.851993e-03
7.819157e-01	4.576000e-01	-8.078167e-02	-1.021311e-01	-1.425331e-01	-1.729780e-01	-1.090883e-02	0.000000e+00	1	4.756487e-03
7.284011e-01	5.364967e-01	8.741879e-03	-3.601797e-02	-1.612232e-01	-9.213675e-02	-1.815143e-02	0.000000e+00	1	1.341310e-02
5.034703e-02	9.638269e-01	3.364001e-01	3.234690e-01	4.781493e-01	3.756128e-01	3.131143e-01	0.000000e+00	1	9.423539e-03
1.178754e-01	9.408805e-01	4.165814e-01	3.043941e-01	2.421168e-01	3.051058e-01	2.426975e-01	0.000000e+00	1	3.346567e-03
7.730338e-01	4.677060e-01	-1.169068e-01	-1.135863e-01	-8.230074e-02	-1.526141e-01	-1.109514e-02	0.000000e+00	1	4.789047e-03
9.614485e-01	6.816603e-02	-3.247585e-01	-2.934707e-01	-3.919264e-01	-2.821946e-01	-4.882080e-01	0.000000e+00	1	2.237361e-02
8.689884e-01	2.884700e-01	-2.617287e-01	-1.891111e-01	-1.739007e-01	-1.480323e-01	-1.731576e-01	0.000000e+00	1	2.089059e-02
1.044502e-01	9.456038e-01	3.178488e-01	2.860618e-01	4.273072e-01	3.027130e-01	2.319565e-01	0.000000e+00	1	2.216032e-02
2.313439e-01	8.978697e-01	1.784471e-01	1.992728e-01	2.506973e-01	1.694611e-01	3.304386e-01	0.000000e+00	1	7.310642e-03
9.757115e-01	2.331667e-02	-5.167452e-01	-4.017955e-01	-3.923398e-01	-4.210116e-01	-3.332062e-01	0.000000e+00	1	2.631297e-02
5.154007e-02	9.628763e-01	3.364001e-01	2.840889e-01	3.891807e-01	4.573962e-01	3.444763e-01	0.000000e+00	1	6.730148e-03
4.459373e-01	7.879490e-01	1.347796e-01	8.718989e-02	1.007784e-01	1.840433e-01	3.011728e-02	0.000000e+00	1	4.330042e-03
6.591802e-01	6.095179e-01	3.345720e-03	2.092690e-02	-8.854742e-02	-2.125084e-03	-9.642294e-03	0.000000e+00	1	1.242289e-02
7.157046e-02	9.502237e-01	3.273650e-01	2.883915e-01	3.307139e-01	3.490055e-01	3.401825e-01	0.000000e+00	1	4.984473e-03
1.964360e-01	9.093087e-01	2.886685e-01	1.777610e-01	2.317056e-01	2.109882e-01	3.104254e-01	0.000000e+00	1	6.412446e-03
7.622470e-01	4.953843e-01	-2.432883e-02	-1.092760e-01	-2.096957e-01	-1.946244e-02	-5.793361e-02	0.000000e+00	1	1.385133e-02
1.898455e-01	9.129668e-01	2.146207e-01	2.950600e-01	3.323221e-01	1.889050e-01	2.162230e-01	0.000000e+00	1	6.672462e-03
6.267776e-01	6.601178e-01	6.280412e-02	-3.236290e-02	9.630748e-02	-1.247723e-01	5.033394e-02	0.000000e+00	1	3.756665e-03
4.404569e-01	7.901908e-01	7.921304e-02	1.736504e-01	1.200687e-01	1.370261e-01	3.839402e-02	0.000000e+00	1	1.305140e-02
6.535084e-01	6.193274e-01	4.439118e-02	-3.096943e-02	-9.174374e-02	-1.141111e-02	3.714022e-02	0.000000e+00	1	1.231435e-02
5.540412e-01	7.051796e-01	5.463726e-02	4.770210e-02	7.416653e-02	6.053948e-02	-5.690489e-03	0.000000e+00	1	1.575395e-02
5.361767e-01	7.219275e-01	5.463726e-02	4.770210e-02	7.416653e-02	1.151898e-01	-5.690489e-03	0.000000e+00	1	9.451198e-03
8.935968e-01	2.463656e-01	-3.433722e-01	-1.891111e-01	-1.586576e-01	-2.294221e-01	-1.738085e-01	0.000000e+00	1	1.937519e-02
3.862162e-01	8.224759e-01	4.285774e-02	1.619324e-01	1.566918e-01	1.478628e-01	1.841363e-01	0.000000e+00	1	1.635253e-02
9.095228e-01	2.058650e-01	-1.878657e-01	-3.523100e-01	-2.134447e-01	-2.827909e-01	-1.778604e-01	0.000000e+00	1	9.902671e-03
8.034120e-01	4.249026e-01	-5.954851e-02	-5.049365e-02	-1.773173e-01	-1.145137e-01	-1.981920e-01	0.000000e+00	1	1.292049e-02
6.988801e-01	5.670301e-01	-1.858867e-02	1.529919e-02	-1.008486e-01	-8.835259e-02	-1.052176e-02	0.000000e+00	1	3.013143e-03
7.817893e-01	4.590423e-01	-8.768614e-02	-1.021311e-01	-1.425075e-01	-1.729780e-01	-2.217676e-03	0.000000e+00	1	8.941505e-03
2.168533e-01	9.004385e-01	1.873947e-01	2.436249e-01	2.006000e-01	2.102916e-01	3.110860e-01	0.000000e+00	1	6.728086e-03
7.235569e-01	5.406313e-01	3.249853e-02	-1.338713e-01	-9.486404e-02	-4.192034e-02	-4.573849e-02	0.000000e+00	1	8.282364e-03
8.558571e-01	3.342114e-01	-1.057697e-01	-2.859307e-01	-8.505846e-02	-1.912576e-01	-1.873731e-01	0.000000e+00	1	5.232589e-03
1.968583e-01	9.076599e-01	2.391043e-01	2.067618e-01	2.231315e-01	3.207944e-01	2.193915e-01	0.000000e+00	1	8.913413e-03
8.898851e-01	2.586172e-01	-2.129335e-01	-2.476027e-01	-1.525970e-01	-1.258608e-01	-3.270474e-01	0.000000e+00	1	1.476647e-02
6.298128e-01	6.493086e-01	-1.608503e-02	-5.921233e-02	2.477103e-03	1.280677e-01	-2.500341e-02	0.000000e+00	1	4.513215e-03
5.120502e-01	7.387557e-01	6.694695e-02	8.507196e-02	9.611700e-02	6.674254e-03	9.443936e-02	0.000000e+00	1	1.210562e-02
5.505361e-01	7.080894e-01	5.463726e-02	5.762342e-02	7.416653e-02	6.053948e-02	-5.690489e-03	0.000000e+00	1	1.292053e-02
5.315707e-01	7.257249e-01	5.463726e-02	5.756091e-02	7.416653e-02	1.189952e-01	-6.144057e-03	0.000000e+00	1	4.372446e-03
2.778886e-01	8.727879e-01	1.637281e-01	2.048817e-01	2.314774e-01	1.483960e-01	2.221513e-01	0.000000e+00	1	1.112349e-02
6.392803e-01	6.396870e-01	2.762399e-02	-4.401215e-02	-9.049543e-02	9.588157e-02	1.163264e-02	0.000000e+00	1	8.749084e-03
7.069903e-01	5.557046e-01	8.741879e-03	-3.601797e-02	-9.618683e-02	-9.213675e-02	-1.711008e-02	0.000000e+00	1	1.455471e-02
3.473284e-01	8.468331e-01	2.191073e-01	2.151205e-01	1.770790e-01	1.543214e-01	4.469283e-02	0.000000e+00	1	5.641778e-03
7.627300e-02	9.500512e-01	3.340682e-01	2.781604e-01	3.197716e-01	3.854859e-01	3.134001e-01	0.000000e+00	1	2.554922e-03
6.233392e-01	6.638881e-01	4.070110e-02	-7.044127e-02	1.526886e-01	-7.286597e-04	-5.854711e-02	0.000000e+00	1	1.375212e-02
9.129934e-01	1.988791e-01	-3.034399e-01	-1.832181e-01	-2.478429e-01	-1.627149e-01	-3.438171e-01	0.000000e+00	1	9.900038e-03
3.145620e-01	8.669949e-01	1.143724e-01	1.505428e-01	3.258632e-01	1.984114e-01	1.274138e-01	0.000000e+00	1	1.355624e-02
5.906802e-01	6.745729e-01	1.590507e-02	-6.739811e-04	-2.407539e-04	8.185389e-02	3.137097e-02	0.000000e+00	1	1.289382e-02
6.666219e-01	6.085657e-01	-8.345335e-02	-8.335220e-02	5.899963e-02	-9.021136e-03	2.708222e-02	0.000000e+00	1	1.476970e-02
3.576840e-01	8.341187e-01	1.753336e-01	1.704593e-01	1.813974e-01	9.876079e-02	1.308505e-01	0.000000e+00	1	2.485102e-02
1.118841e-01	9.432875e-01	3.262492e-01	3.107736e-01	3.301210e-01	1.871062e-01	3.836661e-01	0.000000e+00	1	6.424426e-03
6.921681e-01	5.816197e-01	-9.793500e-02	-8.148685e-02	-6.378295e-02	4.899318e-03	6.677827e-02	0.000000e+00	1	2.180651e-02
6.267889e-01	6.601089e-01	6.280412e-02	-3.239448e-02	9.630748e-02	-1.247723e-01	5.033394e-02	0.000000e+00	1	7.162271e-03
6.999733e-01	5.634036e-01	5.246066e-03	-9.872974e-02	-6.744700e-02	-4.374508e-03	-4.440324e-02	0.000000e+00	1	2.442217e-03
9.673096e-01	4.961851e-02	-4.837131e-01	-4.017955e-01	-3.932701e-01	-3.392283e-01	-2.657582e-01	0.000000e+00	1	2.181689e-02
1.615679e-01	9.242118e-01	3.082818e-01	3.103999e-01	2.711076e-01	1.557323e-01	2.981267e-01	0.000000e+00	1	4.016566e-03
6.737235e-01	5.937343e-01	-9.269929e-02	-2.104770e-02	6.570663e-03	-3.199903e-02	1.660407e-02	0.000000e+00	1	1.690674e-02
6.444549e-01	6.295654e-01	3.325799e-02	-6.555016e-03	-6.263184e-02	7.143810e-02	-5.844277e-02	0.000000e+00	1	1.026544e-02
8.387898e-01	3.639517e-01	-2.200613e-01	-5.706088e-02	-1.505691e-01	-2.278792e-01	-1.117170e-01	0.000000e+00	1	2.781191e-02
