5.227935e-03 9.783196e-01
9.827162e-01 1.457906e-03
2.379066e-01 8.887219e-01
2.304209e-01 8.913977e-01
7.356103e-01 5.125618e-01
9.791722e-03 9.764930e-01
9.346837e-01 1.154810e-01
9.581587e-01 5.114328e-02
7.334226e-01 5.169835e-01
9.500864e-01 7.856289e-02
2.404614e-01 8.869234e-01
9.509449e-01 7.219557e-02
4.487906e-01 7.796560e-01
2.601321e-01 8.796010e-01
1.246127e-01 9.318902e-01
9.175222e-01 1.637254e-01
1.128231e-02 9.737641e-01
7.211777e-01 5.316875e-01
5.868362e-01 6.755823e-01
4.631470e-01 7.713313e-01
9.455442e-01 8.972733e-02
4.923546e-01 7.516101e-01
9.628463e-01 3.543394e-02
9.680265e-01 2.344821e-02
9.237829e-01 1.458353e-01
2.453915e-01 8.862824e-01
5.884469e-01 6.735777e-01
5.588083e-01 6.992121e-01
6.445701e-01 6.203323e-01
8.851303e-01 2.459411e-01
5.968260e-01 6.672048e-01
9.136506e-01 1.743522e-01
3.638136e-01 8.289355e-01
1.466556e-01 9.238242e-01
4.461427e-01 7.815557e-01
1.659202e-01 9.180644e-01
1.612485e-01 9.183130e-01
3.600934e-01 8.309250e-01
2.553746e-01 8.813654e-01
5.780829e-02 9.567754e-01
8.826675e-01 2.520882e-01
1.842437e-01 9.091818e-01
9.029152e-01 2.022730e-01
9.360464e-01 1.114274e-01
9.024350e-01 2.069742e-01
7.861124e-01 4.381639e-01
4.693139e-01 7.660561e-01
2.035145e-01 9.030252e-01
9.163282e-01 1.671285e-01
5.850072e-01 6.780251e-01
9.356752e-02 9.421444e-01
9.224732e-01 1.494152e-01
1.572400e-01 9.199943e-01
8.128590e-01 3.963529e-01
9.196909e-01 1.578075e-01
9.260212e-01 1.398226e-01
1.081286e-01 9.369880e-01
5.561703e-01 7.014785e-01
4.592061e-01 7.725009e-01
3.229457e-01 8.501588e-01
9.667951e-01 2.818689e-02
4.525639e-01 7.779278e-01
9.381649e-01 1.065172e-01
8.905192e-01 2.388782e-01
3.777723e-01 8.210865e-01
4.941669e-01 7.491062e-01
9.318371e-01 1.229624e-01
8.317206e-01 3.595999e-01
6.250665e-01 6.397611e-01
6.425842e-01 6.227625e-01
9.588921e-01 4.775549e-02
7.931062e-01 4.265095e-01
3.271256e-01 8.501035e-01
8.908320e-01 2.349185e-01
4.397009e-01 7.855258e-01
9.679961e-01 2.544528e-02
1.051090e-01 9.384041e-01
5.466248e-01 7.094279e-01
9.627730e-01 3.992208e-02
5.908127e-03 9.779909e-01
7.872139e-01 4.367534e-01
2.115732e-01 8.994172e-01
5.740385e-01 6.875199e-01
8.294205e-01 3.633763e-01
4.458501e-02 9.600885e-01
8.966577e-01 2.195655e-01
9.371711e-01 1.090656e-01
9.579791e-01 5.590550e-02
6.943190e-01 5.653242e-01
9.593479e-02 9.416243e-01
6.248933e-01 6.431366e-01
9.541164e-01 6.554307e-02
7.341329e-02 9.495374e-01
1.040185e-01 9.388394e-01
3.892212e-01 8.147405e-01
9.249083e-01 1.436115e-01
8.626117e-01 2.988711e-01
4.947949e-01 7.479166e-01
6.882667e-01 5.718447e-01
3.056284e-01 8.585058e-01
4.812638e-01 7.579139e-01
6.654946e-01 6.023779e-01
1.873583e-01 9.079909e-01
7.234805e-01 5.301415e-01
4.231398e-01 7.955411e-01
9.465801e-01 8.624347e-02
8.082776e-01 4.032492e-01
9.096020e-02 9.431226e-01
8.070471e-01 4.051356e-01
9.338232e-01 1.187739e-01
1.509365e-01 9.225662e-01
8.326668e-01 3.577041e-01
9.312033e-01 1.253789e-01
7.508178e-01 4.922712e-01
6.853477e-01 5.764989e-01
7.846578e-01 4.407502e-01
4.364448e-01 7.868730e-01
4.521912e-01 7.791882e-01
6.274076e-02 9.542796e-01
2.259343e-01 8.931451e-01
9.147886e-01 1.717073e-01
7.430813e-01 5.030305e-01
5.066947e-01 7.403396e-01
8.505075e-01 3.251966e-01
2.597917e-02 9.668303e-01
9.718376e-01 1.512416e-02
8.595494e-01 3.046980e-01
1.998774e-01 9.038782e-01
9.636573e-01 3.323751e-02
8.103100e-01 3.978620e-01
1.281225e-01 9.307698e-01
3.036140e-01 8.594224e-01
4.768209e-02 9.590341e-01
7.191056e-01 5.337146e-01
8.136755e-01 3.930193e-01
1.317843e-01 9.288573e-01
1.370786e-02 9.724210e-01
8.407720e-01 3.431168e-01
6.009053e-01 6.637499e-01
6.352963e-01 6.311511e-01
5.892959e-02 9.543049e-01
1.921797e-01 9.062264e-01
1.008551e-01 9.398714e-01
6.459209e-01 6.187829e-01
4.553425e-01 7.761781e-01
7.711339e-01 4.610101e-01
9.525712e-01 6.881254e-02
4.771707e-01 7.628978e-01
7.375457e-01 5.106356e-01
8.957877e-01 2.227880e-01
4.299457e-01 7.913058e-01
9.571782e-01 5.719303e-02
3.129884e-02 9.646725e-01
4.875242e-01 7.535851e-01
8.155511e-01 3.904752e-01
1.360878e-01 9.281935e-01
6.093306e-01 6.558650e-01
8.823196e-01 2.562309e-01
2.919109e-02 9.660376e-01
2.141878e-01 8.979624e-01
8.239010e-01 3.725225e-01
5.348983e-02 9.569550e-01
9.038395e-01 2.017302e-01
5.113182e-01 7.369907e-01
9.724102e-01 1.398177e-02
2.921034e-01 8.650051e-01
7.128653e-01 5.421795e-01
2.463513e-01 8.854160e-01
9.514461e-01 7.142405e-02
4.044514e-01 8.064068e-01
3.665779e-01 8.280050e-01
4.037352e-01 8.074846e-01
8.159097e-01 3.875616e-01
7.151356e-01 5.401931e-01
1.334290e-01 9.284893e-01
6.657958e-01 5.995791e-01
6.042802e-01 6.595911e-01
8.097245e-01 4.007778e-01
1.403357e-01 9.259286e-01
9.049405e-01 1.992454e-01
6.954091e-01 5.637031e-01
9.762855e-01 8.090591e-03
5.948594e-01 6.693557e-01
7.916028e-01 4.289670e-01
7.387852e-01 5.081901e-01
3.606782e-02 9.632585e-01
4.203842e-01 7.973612e-01
9.281825e-01 1.329922e-01
4.980445e-01 7.473167e-01
8.384120e-01 3.467423e-01
9.290309e-01 1.305237e-01
4.786963e-01 7.595735e-01
1.297267e-01 9.300801e-01
9.606601e-01 4.455684e-02
6.908956e-01 5.695464e-01
4.786934e-01 7.602039e-01
7.895471e-01 4.325245e-01
9.296836e-01 1.296291e-01
8.717225e-01 2.758414e-01
9.435951e-01 9.088431e-02
8.352248e-01 3.533688e-01
5.721154e-01 6.887528e-01
1.764081e-01 9.121720e-01
8.279698e-01 3.661024e-01
9.331515e-01 1.212041e-01
5.163794e-01 7.327350e-01
3.867329e-01 8.163574e-01
8.621657e-01 3.005548e-01
4.179481e-01 7.982922e-01
8.953754e-01 2.262360e-01
2.608451e-01 8.785208e-01
8.260428e-01 3.683175e-01
9.795532e-01 4.420457e-03
6.177040e-01 6.479766e-01
9.395022e-01 1.021335e-01
8.436439e-02 9.457444e-01
8.849589e-01 2.488934e-01
8.666495e-01 2.876254e-01
9.718232e-01 1.878826e-02
6.479412e-01 6.171907e-01
6.361608e-01 6.284775e-01
5.796679e-01 6.819394e-01
2.876411e-01 8.666640e-01
1.218948e-01 9.327832e-01
8.863586e-01 2.430153e-01
8.409740e-01 3.406709e-01
9.190272e-01 1.600674e-01
5.751582e-01 6.858809e-01
4.895586e-01 7.520764e-01
7.074647e-01 5.499851e-01
4.256835e-01 7.943014e-01
3.402723e-01 8.410838e-01
1.724302e-01 9.140480e-01
7.756304e-01 4.541077e-01
7.037742e-01 5.539347e-01
4.445916e-01 7.823472e-01
8.697718e-01 2.818601e-01
8.815782e-01 2.586152e-01
8.647067e-01 2.925492e-01
1.457763e-02 9.717904e-01
2.995393e-01 8.611555e-01
5.979013e-01 6.653279e-01
4.856539e-01 7.546456e-01
4.217413e-01 7.971875e-01
3.216965e-01 8.508523e-01
6.963881e-01 5.624734e-01
8.628176e-01 2.955413e-01
5.397245e-01 7.149418e-01
9.117726e-01 1.796149e-01
6.491859e-01 6.150926e-01
8.571679e-01 3.103980e-01
9.702385e-01 2.023164e-02
7.084295e-01 5.478826e-01
7.096722e-01 5.467000e-01
8.447282e-01 3.330389e-01
5.543269e-01 7.034626e-01
3.388256e-01 8.417254e-01
5.368186e-01 7.172047e-01
9.272018e-01 1.364643e-01
5.228943e-01 7.291283e-01
2.488533e-01 8.847239e-01
8.676631e-01 2.863509e-01
6.548516e-01 6.095359e-01
8.659968e-01 2.899906e-01
7.246961e-01 5.295835e-01
7.996951e-01 4.165199e-01
8.194576e-01 3.830921e-01
7.689146e-01 4.667514e-01
9.277276e-01 1.341122e-01
8.006340e-01 4.147464e-01
2.536208e-01 8.823857e-01
9.157712e-01 1.684855e-01
4.418792e-01 7.837454e-01
7.663888e-01 4.690349e-01
5.346567e-01 7.189711e-01
3.938544e-01 8.138848e-01
3.979893e-01 8.116711e-01
2.892409e-01 8.656749e-01
2.110372e-02 9.688001e-01
9.486824e-01 7.869637e-02
7.456168e-01 4.980934e-01
8.183683e-01 3.858181e-01
5.627949e-01 6.972460e-01
4.080152e-01 8.051413e-01
4.661743e-01 7.691713e-01
8.309438e-01 3.620948e-01
1.382829e-01 9.265452e-01
1.113354e-01 9.359052e-01
6.539409e-01 6.112620e-01
6.265402e-01 6.386760e-01
2.387847e-01 8.883094e-01
8.940561e-01 2.277154e-01
7.498371e-01 4.949820e-01
6.526782e-01 6.117236e-01
6.212455e-01 6.436959e-01
9.478937e-01 8.075831e-02
4.015145e-01 8.084502e-01
6.630565e-01 6.024886e-01
9.410055e-01 9.657606e-02
8.576689e-01 3.079392e-01
2.661478e-01 8.772628e-01
1.744009e-01 9.129616e-01
1.805971e-01 9.106553e-01
8.884969e-01 2.410520e-01
7.656596e-02 9.487767e-01
6.869072e-01 5.738806e-01
9.419469e-01 9.500115e-02
7.268027e-01 5.264294e-01
8.988318e-01 2.143225e-01
9.472871e-01 8.324748e-02
1.527986e-01 9.217068e-01
5.540412e-01 7.051796e-01
1.132412e-01 9.350828e-01
5.086601e-01 7.382313e-01
8.734376e-01 2.744513e-01
9.220655e-01 1.505428e-01
8.545224e-01 3.148044e-01
7.952565e-01 4.237732e-01
6.226480e-01 6.431493e-01
9.155907e-01 1.708233e-01
8.334604e-01 3.547961e-01
1.450584e-01 9.244073e-01
5.128973e-01 7.354289e-01
6.865062e-01 5.743547e-01
7.561454e-01 4.850973e-01
6.918700e-01 5.683296e-01
6.026292e-01 6.620104e-01
3.744753e-01 8.233726e-01
8.116091e-02 9.467485e-01
7.980554e-01 4.194221e-01
9.555394e-01 5.947866e-02
7.641485e-01 4.730590e-01
7.168567e-01 5.384571e-01
3.826157e-01 8.190762e-01
8.507607e-01 3.222677e-01
7.696482e-01 4.633519e-01
8.794181e-01 2.616882e-01
7.691605e-01 4.652544e-01
5.431352e-01 7.120661e-01
9.541165e-01 6.141869e-02
7.002936e-01 5.597454e-01
8.491295e-01 3.268472e-01
3.718489e-01 8.245212e-01
5.636118e-01 6.952546e-01
9.783741e-01 6.417096e-03
5.793899e-01 6.836093e-01
8.598634e-01 3.014870e-01
9.749974e-01 1.092035e-02
2.178286e-01 8.965366e-01
6.324263e-01 6.322146e-01
4.435545e-01 7.835706e-01
8.012830e-01 4.136570e-01
3.879091e-01 8.161982e-01
3.577289e-01 8.319210e-01
7.290331e-01 5.235691e-01
8.865255e-01 2.426916e-01
4.666150e-01 7.677703e-01
8.780572e-01 2.629934e-01
8.959598e-01 2.216798e-01
8.514312e-01 3.195861e-01
7.473496e-01 4.966827e-01
5.042019e-01 7.414212e-01
7.307336e-01 5.228386e-01
5.079978e-01 7.397876e-01
6.035615e-01 6.615614e-01
8.366392e-01 3.499984e-01
3.815171e-02 9.627251e-01
2.156773e-01 8.973126e-01
9.131595e-01 1.771329e-01
5.384085e-01 7.159203e-01
3.917497e-01 8.143391e-01
5.135288e-01 7.350171e-01
8.688454e-01 2.825475e-01
5.929909e-01 6.719602e-01
6.816872e-01 5.813566e-01
7.442517e-01 5.007393e-01
8.704267e-01 2.795295e-01
7.785281e-01 4.516596e-01
6.058076e-01 6.588574e-01
7.022099e-01 5.559054e-01
6.404518e-01 6.260538e-01
5.481559e-01 7.079399e-01
5.184725e-01 7.312187e-01
6.417241e-01 6.235944e-01
1.949287e-01 9.056491e-01
5.450500e-01 7.107930e-01
2.746884e-01 8.734903e-01
3.931272e-02 9.624427e-01
3.347305e-01 8.439544e-01
7.568570e-01 4.831215e-01
1.425056e-01 9.252204e-01
5.152576e-01 7.337654e-01
8.714250e-01 2.772740e-01
4.404684e-01 7.849105e-01
2.192918e-01 8.956541e-01
8.237043e-01 3.741901e-01
3.099853e-01 8.564452e-01
6.339122e-01 6.314629e-01
8.833120e-01 2.505579e-01
5.357236e-01 7.177475e-01
8.083420e-01 4.008431e-01
6.725890e-02 9.516654e-01
7.595880e-02 9.489882e-01
7.535607e-01 4.891923e-01
4.137088e-02 9.619659e-01
3.334750e-02 9.639988e-01
5.097663e-01 7.373461e-01
9.811809e-01 4.155772e-03
9.616043e-01 4.012628e-02
1.690270e-01 9.157852e-01
6.173403e-01 6.483232e-01
2.236369e-01 8.944004e-01
9.074857e-01 1.925198e-01
9.062668e-01 1.965070e-01
8.250926e-01 3.705024e-01
6.844226e-01 5.777899e-01
7.811476e-01 4.457590e-01
8.217557e-01 3.770404e-01
4.275301e-01 7.923045e-01
9.217849e-01 1.529356e-01
4.274591e-01 7.926702e-01
1.369759e-01 9.269318e-01
6.371352e-01 6.283350e-01
1.646817e-02 9.705927e-01
3.497256e-01 8.363769e-01
1.541321e-01 9.209842e-01
7.703275e-01 4.622770e-01
5.557099e-01 7.023249e-01
5.334769e-01 7.199212e-01
3.680058e-01 8.269099e-01
8.055324e-01 4.060513e-01
4.712101e-01 7.658183e-01
5.815784e-01 6.811458e-01
6.281652e-01 6.368830e-01
2.776151e-01 8.720636e-01
8.934816e-01 2.295815e-01
4.252930e-01 7.951241e-01
3.769134e-01 8.225185e-01
3.727486e-01 8.240004e-01
9.398969e-01 9.995351e-02
1.589797e-01 9.194108e-01
8.837115e-02 9.440493e-01
8.584878e-01 3.054808e-01
7.318975e-01 5.188436e-01
5.918003e-01 6.731701e-01
8.803431e-01 2.594415e-01
6.080758e-01 6.568102e-01
3.072458e-01 8.573945e-01
1.860133e-02 9.694251e-01
8.199349e-01 3.804576e-01
6.314755e-01 6.331425e-01
3.805642e-01 8.200288e-01
7.550613e-01 4.855018e-01
6.411481e-01 6.253148e-01
3.113232e-01 8.551756e-01
2.824667e-01 8.692094e-01
4.341361e-02 9.606504e-01
8.975116e-01 2.173516e-01
2.054231e-01 9.015385e-01
2.689284e-01 8.760200e-01
9.469562e-01 8.554739e-02
8.330633e-01 3.554057e-01
7.805398e-01 4.471150e-01
8.557307e-01 3.105454e-01
3.644275e-01 8.283252e-01
7.615222e-01 4.772880e-01
7.800365e-01 4.483440e-01
4.312986e-01 7.909334e-01
3.079216e-01 8.570451e-01
2.722513e-01 8.737259e-01
7.381452e-01 5.099423e-01
4.143098e-01 8.016951e-01
5.934249e-01 6.707727e-01
1.950132e-01 9.050717e-01
6.588165e-01 6.064941e-01
8.229160e-01 3.754740e-01
1.190644e-01 9.331100e-01
4.747614e-01 7.635015e-01
6.667477e-01 5.986697e-01
8.171188e-01 3.870655e-01
2.632100e-01 8.779672e-01
5.260198e-01 7.264591e-01
2.070352e-01 9.007994e-01
8.543347e-01 3.165002e-01
8.430027e-01 3.364634e-01
6.468638e-01 6.174322e-01
9.384556e-01 1.042087e-01
1.665924e-01 9.168113e-01
8.537710e-01 3.176925e-01
7.904461e-01 4.317364e-01
5.803591e-02 9.548096e-01
2.216604e-01 8.952302e-01
7.599929e-01 4.789456e-01
1.710156e-01 9.156870e-01
6.690508e-01 5.942325e-01
8.740594e-01 2.710891e-01
9.213339e-01 1.536588e-01
6.568932e-01 6.073366e-01
8.397733e-01 3.447335e-01
7.100764e-02 9.497798e-01
7.185809e-01 5.343940e-01
6.513904e-01 6.130516e-01
1.911196e-01 9.070566e-01
4.109849e-01 8.032959e-01
4.891983e-01 7.530791e-01
3.449782e-01 8.385024e-01
7.027954e-01 5.549645e-01
9.303227e-01 1.269762e-01
2.905183e-01 8.651476e-01
5.502412e-01 7.064037e-01
3.196928e-01 8.514817e-01
8.891636e-01 2.393911e-01
3.565025e-01 8.325626e-01
8.272564e-01 3.673094e-01
6.595871e-01 6.042376e-01
8.951312e-02 9.436540e-01
7.314866e-01 5.211928e-01
6.148450e-01 6.504902e-01
4.721624e-01 7.650992e-01
4.004696e-01 8.093418e-01
5.711976e-01 6.895048e-01
9.850145e-02 9.412670e-01
9.079775e-01 1.913566e-01
8.522210e-01 3.179913e-01
3.134689e-01 8.549232e-01
7.885440e-01 4.346765e-01
2.099168e-01 8.996087e-01
5.834985e-01 6.787415e-01
9.104129e-01 1.845460e-01
3.008343e-02 9.658522e-01
2.521512e-01 8.827644e-01
6.931851e-01 5.673015e-01
7.584899e-01 4.798429e-01
5.186882e-01 7.310539e-01
6.013826e-01 6.635456e-01
5.762329e-01 6.850834e-01
7.890697e-02 9.476556e-01
3.987608e-01 8.103362e-01
1.678377e-01 9.163744e-01
3.406085e-02 9.635331e-01
9.184202e-01 1.611698e-01
5.657430e-01 6.952111e-01
6.986750e-01 5.598562e-01
4.124697e-01 8.017994e-01
6.836264e-01 5.786303e-01
9.608455e-01 4.187473e-02
3.560940e-01 8.338083e-01
3.852569e-01 8.183187e-01
7.049237e-01 5.524834e-01
5.681046e-01 6.922434e-01
2.957233e-01 8.632775e-01
7.175792e-01 5.357490e-01
5.201392e-02 9.576576e-01
5.415347e-01 7.133262e-01
7.280074e-01 5.252897e-01
6.273405e-01 6.376795e-01
8.684843e-02 9.447601e-01
3.532436e-01 8.350455e-01
2.461474e-02 9.676857e-01
3.016398e-01 8.601839e-01
5.282466e-01 7.237973e-01
3.166098e-01 8.535886e-01
8.924429e-01 2.315891e-01
3.834591e-01 8.187772e-01
9.206959e-01 1.554156e-01
7.976428e-01 4.206393e-01
2.042497e-01 9.017296e-01
6.711306e-01 5.931818e-01
5.274008e-01 7.246195e-01
7.656741e-01 4.726629e-01
7.323554e-01 5.182971e-01
6.289384e-02 9.527877e-01
3.154110e-01 8.542268e-01
3.960155e-01 8.127493e-01
5.707132e-01 6.908480e-01
9.531208e-01 6.621762e-02
8.392762e-01 3.451851e-01
7.404827e-01 5.053805e-01
8.762602e-01 2.674276e-01
1.598830e-01 9.188639e-01
7.121095e-01 5.438615e-01
9.553599e-01 5.952959e-02
7.014933e-01 5.576585e-01
3.590917e-01 8.310483e-01
1.899524e-01 9.075510e-01
4.206379e-02 9.612881e-01
6.768774e-01 5.861985e-01
8.552035e-01 3.131608e-01
2.673549e-01 8.765235e-01
9.248958e-01 1.443919e-01
7.248636e-01 5.270631e-01
2.715440e-01 8.740339e-01
6.809103e-01 5.818998e-01
7.830409e-01 4.423535e-01
7.512968e-01 4.909163e-01
8.845528e-01 2.500429e-01
8.768916e-01 2.653462e-01
6.793231e-01 5.823273e-01
5.663362e-01 6.945257e-01
3.688403e-01 8.264510e-01
6.501029e-01 6.148071e-01
5.206856e-01 7.299622e-01
2.945457e-01 8.641340e-01
3.958358e-01 8.128971e-01
3.759457e-01 8.230373e-01
9.398969e-01 9.995351e-02
1.789223e-01 9.114302e-01
7.008669e-01 5.579224e-01
2.986349e-01 8.617660e-01
6.715155e-01 5.915318e-01
8.580011e-01 3.069189e-01
8.150075e-01 3.917684e-01
7.728931e-01 4.596591e-01
1.825680e-01 9.098589e-01
7.674710e-01 4.680213e-01
8.707423e-01 2.788221e-01
6.106335e-01 6.542694e-01
9.741677e-01 1.241097e-02
3.373186e-01 8.426441e-01
8.913120e-01 2.336589e-01
4.852988e-01 7.559392e-01
8.438557e-01 3.346053e-01
3.289233e-01 8.468943e-01
5.325261e-01 7.206630e-01
8.600221e-01 3.010516e-01
8.752227e-01 2.695606e-01
5.828248e-01 6.793219e-01
7.966452e-01 4.214076e-01
5.261209e-01 7.250630e-01
3.278268e-01 8.476767e-01
5.235464e-01 7.283181e-01
7.821380e-01 4.448606e-01
3.420556e-01 8.403379e-01
8.175183e-02 9.463443e-01
6.730436e-01 5.897762e-01
8.917307e-01 2.325737e-01
9.108479e-01 1.838828e-01
6.430823e-02 9.524658e-01
5.443082e-01 7.110973e-01
7.602271e-01 4.779995e-01
7.110870e-01 5.445386e-01
8.992846e-01 2.122681e-01
8.505275e-01 3.228275e-01
6.974646e-01 5.611856e-01
8.019397e-01 4.119449e-01
9.787067e-01 6.390743e-03
9.018756e-01 2.077954e-01
1.155517e-01 9.342328e-01
8.796059e-01 2.603994e-01
8.756792e-01 2.674998e-01
9.265159e-01 1.374082e-01
7.890697e-02 9.476556e-01
8.425961e-01 3.377569e-01
1.143353e-01 9.346830e-01
5.520184e-01 7.053825e-01
1.209537e-01 9.328797e-01
6.156929e-01 6.498297e-01
8.359927e-01 3.512770e-01
7.754765e-01 4.555818e-01
9.527795e-01 6.758123e-02
8.553170e-01 3.122433e-01
8.252446e-01 3.700085e-01
2.806728e-01 8.703897e-01
9.541165e-01 6.141869e-02
6.704358e-01 5.938463e-01
8.022043e-01 4.113988e-01
3.275185e-01 8.487084e-01
1.179078e-01 9.334905e-01
8.821128e-01 2.566219e-01
4.337685e-01 7.885844e-01
9.388716e-01 1.036170e-01
7.422634e-01 5.042116e-01
4.861769e-02 9.588030e-01
8.635957e-01 2.938702e-01
3.805642e-01 8.200288e-01
7.782983e-01 4.537889e-01
9.336479e-01 1.199907e-01
8.737587e-01 2.736677e-01
5.308468e-01 7.217217e-01
3.307409e-01 8.457607e-01
1.168394e-01 9.340129e-01
9.475019e-01 8.184399e-02
9.124137e-01 1.787435e-01
3.335540e-01 8.444205e-01
9.114614e-01 1.823377e-01
4.169482e-01 8.003045e-01
6.137140e-01 6.513623e-01
7.885440e-01 4.346765e-01
8.042449e-01 4.081348e-01
3.365421e-01 8.434307e-01
8.416166e-01 3.393199e-01
5.818128e-01 6.802796e-01
7.796577e-01 4.499237e-01
1.715374e-01 9.147149e-01
9.071079e-01 1.943457e-01
1.992342e-01 9.041122e-01
8.930833e-01 2.305275e-01
6.511467e-01 6.137497e-01
2.765596e-01 8.726035e-01
5.776340e-01 6.840259e-01
6.381063e-01 6.265817e-01
5.035192e-01 7.430895e-01
1.883164e-01 9.076133e-01
6.121334e-01 6.528557e-01
6.761812e-01 5.875070e-01
4.837823e-01 7.560114e-01
2.978563e-01 8.627572e-01
8.660762e-01 2.894427e-01
5.622689e-01 6.982781e-01
4.179011e-01 7.996299e-01
4.766105e-01 7.632824e-01
9.604121e-01 4.629378e-02
9.067873e-01 1.948722e-01
4.578808e-01 7.742002e-01
4.832651e-01 7.569299e-01
2.272674e-01 8.925569e-01
3.544775e-01 8.339791e-01
9.423632e-01 9.366638e-02
8.033979e-01 4.097129e-01
4.823325e-01 7.575588e-01
9.093126e-01 1.888968e-01
9.598939e-01 4.679592e-02
4.118794e-01 8.027161e-01
7.911270e-01 4.305054e-01
2.702008e-01 8.750225e-01
7.397888e-01 5.066871e-01
9.762855e-01 8.090591e-03
6.609827e-01 6.031405e-01
5.979013e-01 6.653279e-01
3.300777e-01 8.466911e-01
7.412792e-01 5.043490e-01
7.536598e-01 4.870446e-01
7.541073e-01 4.867944e-01
7.620864e-01 4.761666e-01
5.297965e-01 7.225774e-01
6.194426e-01 6.457255e-01
5.611540e-01 6.991385e-01
8.476948e-01 3.280000e-01
2.500048e-01 8.845693e-01
3.700834e-01 8.254582e-01
8.776786e-01 2.640473e-01
9.702385e-01 2.023164e-02
2.632100e-01 8.779672e-01
7.735886e-01 4.579723e-01
6.108134e-01 6.540961e-01
7.050667e-02 9.501943e-01
9.263698e-01 1.387974e-01
2.847177e-01 8.690404e-01
8.463064e-01 3.303545e-01
6.740079e-01 5.889258e-01
9.091120e-01 1.906501e-01
8.739104e-01 2.718243e-01
8.032516e-01 4.101273e-01
1.420854e-01 9.253985e-01
7.659053e-01 4.714248e-01
6.382661e-01 6.264267e-01
5.013460e-01 7.446731e-01
7.795905e-01 4.509568e-01
5.420705e-01 7.129875e-01
8.353712e-01 3.518812e-01
6.831158e-01 5.800839e-01
9.097763e-01 1.883313e-01
4.324338e-01 7.893950e-01
5.943489e-01 6.696458e-01
3.480526e-01 8.375267e-01
5.206856e-01 7.299622e-01
8.474485e-01 3.291880e-01
3.488086e-01 8.367628e-01
8.308576e-01 3.630991e-01
8.946757e-01 2.264256e-01
5.513393e-01 7.056349e-01
1.755188e-01 9.128355e-01
6.564252e-01 6.092625e-01
7.989376e-01 4.177794e-01
6.314132e-01 6.349460e-01
2.086385e-01 8.999629e-01
8.684158e-01 2.845270e-01
7.456168e-01 4.980934e-01
9.427577e-01 9.176764e-02
2.553554e-01 8.815171e-01
5.292242e-01 7.230362e-01
7.938776e-01 4.251632e-01
1.819018e-01 9.101115e-01
6.585223e-01 6.068409e-01
6.066397e-01 6.579492e-01
2.752127e-01 8.727049e-01
2.849426e-01 8.684772e-01
7.286860e-01 5.248926e-01
4.095988e-01 8.039827e-01
7.165515e-01 5.388700e-01
7.154596e-01 5.397995e-01
5.319891e-01 7.216693e-01
3.018785e-01 8.600816e-01
3.463734e-01 8.382732e-01
8.222293e-01 3.763723e-01
3.182212e-01 8.525695e-01
6.614542e-01 6.026607e-01
6.942220e-02 9.512252e-01
1.510579e-01 9.221519e-01
8.049907e-01 4.068886e-01
5.001656e-02 9.582479e-01
9.055099e-01 1.974538e-01
8.435783e-01 3.351247e-01
8.209399e-01 3.789349e-01
3.317611e-01 8.452758e-01
6.292266e-01 6.357725e-01
6.777137e-01 5.856821e-01
9.410055e-01 9.657606e-02
6.203412e-01 6.451756e-01
5.003337e-01 7.461365e-01
1.688435e-02 9.702584e-01
4.322284e-01 7.898972e-01
6.675220e-01 5.976542e-01
4.647258e-01 7.702448e-01
6.897464e-01 5.710572e-01
7.632587e-01 4.744013e-01
1.095656e-01 9.366144e-01
2.969413e-01 8.630963e-01
7.060178e-01 5.509768e-01
3.439852e-01 8.394267e-01
5.492638e-01 7.070889e-01
3.325943e-01 8.449124e-01
9.654563e-01 3.268334e-02
9.002683e-01 2.108842e-01
3.143009e-01 8.546596e-01
1.973553e-01 9.044046e-01
3.178415e-01 8.532502e-01
1.004158e-01 9.404490e-01
4.730692e-01 7.641680e-01
2.235864e-02 9.680390e-01
3.104797e-01 8.556665e-01
8.977105e-01 2.168990e-01
6.131220e-01 6.518507e-01
7.051004e-01 5.518263e-01
7.485260e-01 4.957752e-01
9.098672e-01 1.863765e-01
8.484267e-01 3.272396e-01
5.057621e-02 9.580441e-01
8.143874e-01 3.925866e-01
8.378611e-01 3.486470e-01
8.680830e-01 2.845648e-01
5.242924e-01 7.268759e-01
6.076477e-01 6.579382e-01
7.251849e-01 5.267242e-01
6.745403e-01 5.883841e-01
2.865458e-01 8.676308e-01
5.027462e-01 7.443763e-01
4.150592e-01 8.007059e-01
3.196603e-01 8.523422e-01
3.924963e-01 8.139700e-01
7.575734e-01 4.814093e-01
1.848037e-02 9.699300e-01
1.973553e-01 9.044046e-01
8.419547e-01 3.385752e-01
6.978876e-01 5.607916e-01
2.787901e-01 8.710422e-01
8.208126e-01 3.791784e-01
3.514398e-01 8.355636e-01
4.647258e-01 7.702448e-01
6.753559e-01 5.877030e-01
6.679633e-01 5.972130e-01
7.632587e-01 4.744013e-01
4.065835e-01 8.053319e-01
7.524349e-01 4.897275e-01
5.667932e-01 6.929516e-01
4.352382e-01 7.877672e-01
2.222539e-01 8.950239e-01
8.179476e-01 3.859535e-01
6.791207e-01 5.834215e-01
6.599706e-01 6.041327e-01
6.309649e-01 6.354178e-01
9.658097e-01 3.162198e-02
7.580442e-01 4.804668e-01
1.100588e-01 9.362631e-01
5.009697e-01 7.454717e-01
8.198673e-01 3.819824e-01
6.779452e-01 5.845689e-01
5.771596e-01 6.844196e-01
5.688632e-01 6.911143e-01
8.631171e-01 2.948094e-01
8.377042e-01 3.489248e-01
2.077916e-01 9.002656e-01
7.063877e-01 5.504634e-01
7.126287e-01 5.427153e-01
6.559458e-02 9.522939e-01
6.685377e-01 5.955248e-01
8.640486e-01 2.926313e-01
4.991865e-01 7.463664e-01
7.570584e-01 4.820346e-01
3.468070e-01 8.376011e-01
7.090718e-01 5.470510e-01
9.813439e-01 2.314537e-03
1.789223e-01 9.114302e-01
9.741677e-01 1.241097e-02
5.918003e-01 6.731701e-01
7.308154e-01 5.212763e-01
9.206959e-01 1.554156e-01
6.568039e-01 6.086914e-01
8.516849e-01 3.191010e-01
7.729013e-01 4.595043e-01
4.559250e-01 7.761025e-01
2.817078e-01 8.697534e-01
8.994802e-01 2.117879e-01
9.014417e-01 2.091553e-01
9.053792e-01 1.983353e-01
7.783332e-01 4.537065e-01
4.733609e-01 7.636879e-01
7.175792e-01 5.357490e-01
9.129227e-01 1.776709e-01
5.039031e-01 7.416327e-01
2.189422e-01 8.964605e-01
6.930272e-01 5.675026e-01
2.508400e-01 8.830762e-01
9.005940e-01 2.102620e-01
2.503621e-01 8.833065e-01
8.886712e-01 2.405536e-01
7.520680e-01 4.902044e-01
1.541321e-01 9.209842e-01
6.785174e-01 5.840168e-01
4.065835e-01 8.053319e-01
3.514398e-01 8.355636e-01
9.749974e-01 1.092035e-02
7.962777e-01 4.224975e-01
7.747971e-01 4.564246e-01
8.464473e-01 3.295775e-01
2.295650e-01 8.917868e-01
3.537246e-01 8.344305e-01
7.958313e-01 4.229087e-01
5.392482e-01 7.155887e-01
9.363689e-01 1.105572e-01
9.424942e-01 9.255891e-02
1.284301e-01 9.303620e-01
6.647871e-02 9.521996e-01
7.442517e-01 5.007393e-01
4.158730e-01 8.006950e-01
4.344839e-01 7.883221e-01
8.454160e-01 3.316390e-01
8.547213e-02 9.453832e-01
2.698782e-01 8.753385e-01
6.897464e-01 5.710572e-01
6.681159e-01 5.957326e-01
3.852569e-01 8.183187e-01
9.303227e-01 1.269762e-01
3.699325e-01 8.255268e-01
9.665440e-01 3.016660e-02
9.815023e-01 2.059456e-03
2.503255e-02 9.672960e-01
8.109899e-01 3.966975e-01
6.194426e-01 6.457255e-01
2.787901e-01 8.710422e-01
9.665440e-01 3.016660e-02
5.239344e-01 7.269504e-01
1.457724e-01 9.243018e-01
5.315750e-02 9.571951e-01
8.454564e-01 3.314811e-01
7.841971e-01 4.417625e-01
9.114430e-01 1.823776e-01
9.899113e-02 9.406214e-01
3.435091e-01 8.396829e-01
4.666150e-01 7.677703e-01
5.159820e-01 7.335066e-01
2.150201e-01 8.977825e-01
4.567109e-01 7.749136e-01
7.938776e-01 4.251632e-01
5.694157e-01 6.910988e-01
6.942811e-02 9.511111e-01
3.425570e-01 8.401544e-01
3.983095e-01 8.106428e-01
7.492366e-01 4.950307e-01
4.363214e-01 7.876555e-01
7.670619e-01 4.681575e-01
6.294331e-01 6.354520e-01
4.984294e-01 7.466641e-01
7.110870e-01 5.445386e-01
9.576873e-01 5.649973e-02
8.770534e-01 2.649100e-01
7.475391e-01 4.959312e-01
7.828891e-01 4.437796e-01
4.095988e-01 8.039827e-01
9.715650e-01 1.952344e-02
5.028100e-01 7.435734e-01
7.747910e-01 4.572053e-01
2.945457e-01 8.641340e-01
9.097960e-01 1.865264e-01
6.726337e-01 5.907589e-01
5.672475e-01 6.929328e-01
7.990369e-01 4.176098e-01
2.191653e-02 9.683488e-01
7.912185e-01 4.295328e-01
2.281232e-01 8.923366e-01
2.234505e-01 8.945212e-01
7.401206e-01 5.065574e-01
8.591578e-02 9.450122e-01
6.121729e-01 6.524257e-01
8.044875e-01 4.077251e-01
2.287568e-01 8.920359e-01
8.752227e-01 2.695606e-01
5.614170e-01 6.988856e-01
4.565663e-01 7.750241e-01
7.739114e-01 4.575987e-01
