# This file contains stats about hypervolume
1 99984727.787007 
2 99986308.916639 
3 99989573.303049 
4 99993358.706278 
5 99993953.845916 
6 99995853.076999 
7 99996018.306430 
8 99997498.114137 
9 99997930.222282 
10 99998284.094084 
11 99998724.152170 
12 99998724.160105 
13 99998724.165246 
14 99998757.590921 
15 99998780.255198 
16 99998857.534775 
17 99998857.538012 
18 99998857.540808 
19 99999507.968595 
20 99999565.210272 
21 99999576.606130 
22 99999576.607064 
23 99999576.608626 
24 99999576.609295 
25 99999675.288169 
26 99999675.288467 
27 99999675.289154 
28 99999675.289778 
29 99999675.290247 
30 99999675.290780 
31 99999675.291072 
32 99999675.291471 
33 99999680.777395 
34 99999720.164087 
35 99999720.164498 
36 99999720.164713 
37 99999779.530419 
38 99999779.530583 
39 99999779.530958 
40 99999779.531110 
41 99999779.531289 
42 99999779.531561 
43 99999779.531709 
44 99999779.531906 
45 99999784.636586 
46 99999784.636787 
47 99999793.940198 
48 99999793.940476 
49 99999793.940652 
50 99999862.154145 
51 99999862.154345 
52 99999862.154478 
53 99999862.154595 
54 99999862.154702 
55 99999862.154807 
56 99999879.344176 
57 99999879.344312 
58 99999909.976870 
59 99999909.976961 
60 99999909.977050 
61 99999909.977158 
62 99999922.916915 
63 99999922.916995 
64 99999922.917088 
65 99999922.917158 
66 99999922.917240 
67 99999922.917319 
68 99999922.917357 
69 99999922.917435 
70 99999922.917513 
71 99999922.917562 
72 99999922.917627 
73 99999922.917667 
74 99999922.917710 
75 99999922.917765 
76 99999922.917817 
77 99999922.917862 
78 99999922.917942 
79 99999922.917984 
80 99999922.918040 
81 99999922.918084 
82 99999922.918129 
83 99999928.933064 
84 99999928.933101 
85 99999928.933128 
86 99999928.933176 
87 99999928.933213 
88 99999928.933251 
89 99999928.933299 
90 99999928.933335 
91 99999928.933360 
92 99999928.933380 
93 99999928.933402 
94 99999928.933427 
95 99999928.933449 
96 99999928.933466 
97 99999928.933492 
98 99999928.933506 
99 99999928.933535 
100 99999932.488352 
101 99999932.488365 
102 99999932.488379 
103 99999932.488392 
104 99999932.488435 
105 99999939.240024 
106 99999939.240052 
107 99999939.240068 
108 99999939.240092 
109 99999939.240106 
110 99999939.240126 
111 99999939.240130 
112 99999939.240149 
113 99999939.240164 
114 99999939.240173 
115 99999939.240184 
116 99999939.240199 
117 99999939.240206 
118 99999939.240217 
119 99999939.240224 
120 99999939.240237 
121 99999939.240253 
122 99999939.240264 
123 99999962.093480 
124 99999962.093491 
125 99999962.093505 
126 99999962.093515 
127 99999962.093530 
128 99999962.093536 
129 99999962.093547 
130 99999962.093555 
131 99999962.093573 
132 99999962.093590 
133 99999962.093600 
134 99999962.093610 
135 99999962.093609 
136 99999962.093615 
137 99999962.093633 
138 99999962.093641 
139 99999962.093647 
140 99999962.093654 
141 99999962.093662 
142 99999962.093662 
143 99999962.093672 
144 99999962.093683 
145 99999962.093692 
146 99999966.291013 
147 99999966.291021 
148 99999966.291023 
149 99999966.291032 
150 99999966.291036 
151 99999966.291044 
152 99999966.291055 
153 99999966.291058 
154 99999966.291057 
155 99999966.291062 
156 99999969.611827 
157 99999969.611833 
158 99999969.611839 
159 99999969.611851 
160 99999969.611857 
161 99999969.611875 
162 99999969.611873 
163 99999969.611885 
164 99999969.611887 
165 99999969.611891 
166 99999969.611897 
167 99999975.301997 
168 99999975.302004 
169 99999975.302015 
170 99999975.302021 
171 99999975.302029 
172 99999975.302036 
173 99999975.302039 
174 99999975.302042 
175 99999975.302045 
176 99999975.302049 
177 99999975.302056 
178 99999975.302057 
179 99999977.393180 
180 99999977.393185 
181 99999977.393189 
182 99999977.393194 
183 99999977.393196 
184 99999977.393198 
185 99999977.393200 
186 99999977.393203 
187 99999977.393202 
188 99999977.393205 
189 99999977.393206 
190 99999977.393212 
191 99999977.393214 
192 99999977.393218 
193 99999977.393222 
194 99999977.393222 
195 99999978.110012 
196 99999978.110014 
197 99999978.110015 
198 99999978.110019 
199 99999978.110021 
200 99999978.110023 
201 99999978.110026 
202 99999978.110029 
203 99999978.110032 
204 99999978.110036 
205 99999978.110039 
206 99999978.110043 
207 99999978.110050 
208 99999978.110047 
209 99999978.110049 
210 99999978.110050 
211 99999978.110052 
212 99999978.110051 
213 99999978.110050 
214 99999978.110054 
215 99999978.110053 
216 99999978.110059 
217 99999978.110061 
218 99999978.110065 
219 99999978.110069 
220 99999978.110072 
221 99999978.110071 
222 99999978.110070 
223 99999978.110073 
224 99999978.110075 
225 99999978.110078 
226 99999978.110077 
227 99999978.110075 
228 99999978.110080 
229 99999978.110083 
230 99999978.110084 
231 99999978.110082 
232 99999978.110081 
233 99999978.110082 
234 99999978.110086 
235 99999978.110087 
236 99999978.110089 
237 99999978.110087 
238 99999978.110085 
239 99999978.110086 
240 99999978.110088 
241 99999978.110087 
242 99999978.110092 
243 99999978.110096 
244 99999978.110099 
245 99999978.110101 
246 99999978.110097 
247 99999978.110100 
248 99999978.110100 
249 99999978.110102 
250 99999978.110102 
