# This file contains information about inputs as read by the program

 Population size = 1000
 Number of generations = 100
 Number of objective functions = 2
 Number of constraints = 0
 Number of real variables = 5
 Lower limit of real variable 1 = -4.000000e+00
 Upper limit of real variable 1 = 4.000000e+00
 Lower limit of real variable 2 = -4.000000e+00
 Upper limit of real variable 2 = 4.000000e+00
 Lower limit of real variable 3 = -4.000000e+00
 Upper limit of real variable 3 = 4.000000e+00
 Lower limit of real variable 4 = -4.000000e+00
 Upper limit of real variable 4 = 4.000000e+00
 Lower limit of real variable 5 = -4.000000e+00
 Upper limit of real variable 5 = 4.000000e+00
 Probability of crossover of real variable = 9.000000e-01
 Probability of mutation of real variable = 3.000000e-01
 Distribution index for crossover = 1.000000e+01
 Distribution index for mutation = 1.000000e+01
 Number of binary variables = 0
 Seed for random number generator = 3.500000e-01
 Number of crossover of real variable = 44547
 Number of mutation of real variable = 148277