1.107975e-02 9.819730e-01
9.817546e-01 6.560880e-04
9.010720e-01 2.063262e-01
1.991262e-01 9.058421e-01
7.580727e-01 4.860225e-01
2.268611e-01 8.986507e-01
3.445819e-01 8.410412e-01
1.512499e-01 9.309517e-01
5.866510e-01 6.822197e-01
7.749322e-01 4.694343e-01
2.428697e-01 8.891245e-01
8.609278e-01 3.110808e-01
9.755943e-01 2.449236e-02
4.806847e-02 9.671817e-01
9.223808e-01 1.530237e-01
8.902222e-01 2.364740e-01
3.222856e-01 8.508908e-01
2.931936e-01 8.713040e-01
9.529120e-01 8.681577e-02
7.903580e-01 4.313940e-01
2.720857e-02 9.735767e-01
5.480667e-01 7.169533e-01
9.658039e-02 9.444437e-01
7.795272e-01 4.537737e-01
6.315433e-01 6.350646e-01
9.178782e-01 1.693001e-01
6.463372e-01 6.221304e-01
2.665901e-01 8.796056e-01
4.427040e-01 7.844683e-01
8.569510e-01 3.279604e-01
5.739382e-01 6.886483e-01
4.134242e-01 8.104253e-01
3.664802e-01 8.363574e-01
5.313897e-01 7.290919e-01
3.883801e-01 8.201949e-01
5.050382e-01 7.484648e-01
7.022048e-01 5.727018e-01
6.167853e-01 6.559085e-01
9.463198e-01 1.075284e-01
3.731466e-01 8.281607e-01
9.295149e-01 1.310317e-01
8.047053e-01 4.081784e-01
7.063549e-01 5.615521e-01
4.657138e-01 7.705697e-01
5.616779e-01 6.993998e-01
1.771482e-01 9.134734e-01
4.873163e-01 7.655539e-01
4.613115e-01 7.769349e-01
3.173649e-01 8.624789e-01
6.070629e-01 6.663877e-01
1.659818e-01 9.265156e-01
6.257457e-01 6.460587e-01
4.016628e-01 8.167258e-01
4.898255e-01 7.576536e-01
6.856596e-01 5.801046e-01
7.251757e-01 5.337218e-01
2.616313e-01 8.822612e-01
7.868121e-01 4.366914e-01
5.169302e-01 7.451102e-01
3.011452e-01 8.663236e-01
4.236377e-01 7.971479e-01
9.590621e-01 6.509019e-02
9.644474e-01 4.532754e-02
9.386527e-01 1.114037e-01
8.730805e-01 2.885928e-01
9.098733e-01 1.910983e-01
5.228067e-01 7.331617e-01
8.714316e-01 2.914244e-01
9.790748e-01 8.989985e-03
9.136808e-01 1.879578e-01
1.217686e-01 9.427360e-01
7.500558e-02 9.513486e-01
1.233387e-01 9.416698e-01
8.196808e-01 3.996049e-01
9.365891e-01 1.295012e-01
8.255174e-02 9.486783e-01
8.785629e-01 2.670615e-01
9.574948e-01 7.132575e-02
7.144731e-01 5.473634e-01
8.381103e-01 3.537975e-01
7.439833e-01 5.158922e-01
8.458944e-01 3.383936e-01
9.644307e-01 4.537344e-02
8.278263e-01 3.828963e-01
8.303098e-01 3.763385e-01
7.311419e-01 5.249928e-01
6.718476e-01 5.967355e-01
7.172843e-01 5.449822e-01
1.720433e-01 9.159177e-01
8.789049e-01 2.664945e-01
8.047453e-01 4.080592e-01
6.167904e-02 9.576928e-01
1.526137e-02 9.805535e-01
8.447309e-01 3.409614e-01
8.852308e-01 2.496761e-01
6.612740e-01 6.068585e-01
8.309712e-01 3.611514e-01
4.328020e-01 7.908717e-01
7.468588e-01 5.049092e-01
7.369825e-01 5.207386e-01
