# This file contains stats about hypervolume
1 99981619.013213 
2 99984798.819866 
3 99984798.819908 
4 99987259.872872 
5 99989653.507484 
6 99992215.005238 
7 99992695.506575 
8 99993964.602664 
9 99996007.977409 
10 99996306.841502 
11 99996306.851460 
12 99997756.628697 
13 99997756.635696 
14 99997756.651028 
15 99997756.665237 
16 99998516.985446 
17 99998516.994695 
18 99998860.723527 
19 99999237.144910 
20 99999237.151775 
21 99999237.154287 
22 99999246.062726 
23 99999246.066722 
24 99999246.068529 
25 99999246.071711 
26 99999246.075651 
27 99999503.989987 
28 99999503.992391 
29 99999503.994781 
30 99999503.996661 
31 99999503.998054 
32 99999503.998505 
33 99999503.999395 
34 99999504.000016 
35 99999504.000322 
36 99999504.001018 
37 99999504.001322 
38 99999504.002155 
39 99999504.002194 
40 99999504.002535 
41 99999528.275672 
42 99999709.618531 
43 99999709.619361 
44 99999709.619871 
45 99999709.620622 
46 99999711.383634 
47 99999711.383918 
48 99999711.383916 
49 99999711.383739 
50 99999711.384149 
51 99999751.225774 
52 99999751.225871 
53 99999751.225818 
54 99999751.226337 
55 99999751.226260 
56 99999751.226051 
57 99999751.226063 
58 99999751.226404 
59 99999751.226588 
60 99999751.226339 
61 99999751.226410 
62 99999825.247512 
63 99999825.248190 
64 99999825.248457 
65 99999825.248675 
66 99999825.248943 
67 99999825.249017 
68 99999825.248942 
69 99999825.249090 
70 99999825.249196 
71 99999825.249389 
72 99999825.249351 
73 99999825.249629 
74 99999825.249783 
75 99999825.249915 
76 99999825.249860 
77 99999825.250257 
78 99999825.250365 
79 99999825.250481 
80 99999826.984207 
81 99999826.984101 
82 99999826.984151 
83 99999826.984378 
84 99999826.984428 
85 99999826.984388 
86 99999826.984154 
87 99999826.984185 
88 99999826.984311 
89 99999826.984488 
90 99999826.984374 
91 99999829.249718 
92 99999840.170987 
93 99999840.171072 
94 99999840.170962 
95 99999881.982985 
96 99999881.983077 
97 99999881.982985 
98 99999881.982895 
99 99999881.982910 
100 99999881.983022 
