# This file contains the data of initial population
# of objectives = 2, # of constraints = 0, # of real_var = 5, # of bits of bin_var = 0, constr_violation, rank, crowding_distance
1.000000e+00	1.000000e+00	-1.302102e+00	-2.073066e+00	-3.879570e+00	-2.492493e+00	2.949935e+00	0.000000e+00	22	1.000000e+14
1.000000e+00	9.999975e-01	-1.335911e+00	-1.087082e+00	1.052944e-01	-3.494032e+00	1.012389e+00	0.000000e+00	7	1.000000e+14
1.000000e+00	1.000000e+00	1.081730e-01	2.920086e+00	3.950725e+00	3.019529e+00	-2.690495e+00	0.000000e+00	21	5.000000e-01
1.000000e+00	1.000000e+00	-3.207403e+00	-1.436727e+00	1.324641e+00	3.345648e+00	2.344010e+00	0.000000e+00	16	2.161355e-01
1.000000e+00	1.000000e+00	-1.194428e-01	-3.890839e+00	-2.410941e+00	-3.348384e+00	-2.994301e-02	0.000000e+00	17	1.000000e+14
1.000000e+00	1.000000e+00	2.758068e+00	-3.010762e-01	-2.202124e-01	-2.720344e+00	-2.660223e+00	0.000000e+00	11	1.000000e+14
1.000000e+00	9.999998e-01	7.168567e-03	-1.471148e+00	-3.787580e+00	2.971156e-01	1.097025e+00	0.000000e+00	8	3.403827e-01
1.000000e+00	1.000000e+00	1.840172e+00	1.373916e+00	3.147467e+00	-1.380990e+00	-3.992597e+00	0.000000e+00	17	5.822724e-01
9.999980e-01	1.000000e+00	3.114832e+00	-1.350718e+00	1.324029e+00	3.806232e-01	1.853004e+00	0.000000e+00	6	4.425843e-01
8.394453e-01	9.998124e-01	-4.894547e-02	8.183440e-01	4.165102e-01	1.361988e+00	1.226608e+00	0.000000e+00	1	1.000000e+14
1.000000e+00	1.000000e+00	-3.442927e+00	2.932918e+00	-1.449032e+00	3.463760e+00	-3.830953e+00	0.000000e+00	25	0.000000e+00
1.000000e+00	9.999981e-01	-2.285485e+00	-1.766851e-01	4.104818e-01	-2.890238e+00	1.290173e+00	0.000000e+00	7	3.678418e-01
1.000000e+00	1.000000e+00	-2.345495e-01	-2.513716e+00	-3.501436e+00	1.897557e+00	-2.541109e+00	0.000000e+00	15	1.000000e+14
1.000000e+00	9.999977e-01	-2.403943e+00	-4.298979e-01	-2.833475e+00	1.358450e+00	-2.574745e-02	0.000000e+00	7	1.154961e-01
1.000000e+00	1.000000e+00	2.146763e+00	3.962654e+00	-1.880960e+00	1.786937e+00	9.476394e-01	0.000000e+00	12	1.000000e+14
9.998285e-01	9.997746e-01	1.558193e+00	-1.874700e+00	-6.805692e-01	-1.989897e-01	1.043553e+00	0.000000e+00	1	1.000000e+00
1.000000e+00	1.000000e+00	3.875609e+00	3.369306e+00	-3.830106e+00	4.960392e-02	-3.758282e+00	0.000000e+00	25	0.000000e+00
1.000000e+00	1.000000e+00	-2.957433e+00	3.713855e+00	2.399558e+00	-3.618656e-01	2.441151e-01	0.000000e+00	14	7.391028e-01
1.000000e+00	1.000000e+00	-2.196186e+00	1.980942e+00	1.260560e+00	3.315089e-02	-3.031931e+00	0.000000e+00	9	1.633344e-01
1.000000e+00	1.000000e+00	-1.313371e+00	-7.950115e-01	2.593686e+00	-3.094635e+00	2.392862e+00	0.000000e+00	12	5.433762e-01
1.000000e+00	1.000000e+00	-1.306956e+00	-2.902921e+00	-2.439023e+00	-3.816945e+00	-3.318535e+00	0.000000e+00	19	1.000000e+14
1.000000e+00	1.000000e+00	3.563612e+00	-1.618926e+00	-5.858440e-01	3.126479e+00	-1.999341e+00	0.000000e+00	15	1.000000e+14
1.000000e+00	1.000000e+00	1.423757e+00	-3.227653e+00	8.656474e-01	-5.136404e-01	1.784508e+00	0.000000e+00	7	5.328545e-01
9.999226e-01	1.000000e+00	2.257249e-01	4.654135e-01	9.294881e-01	2.772262e+00	2.391069e+00	0.000000e+00	4	1.000000e+14
1.000000e+00	1.000000e+00	9.764160e-01	-3.738840e+00	2.965589e+00	-2.718792e+00	1.049684e+00	0.000000e+00	15	1.000000e+00
9.999979e-01	9.999999e-01	2.401676e+00	-2.064014e+00	1.105473e+00	1.384027e+00	-8.228808e-01	0.000000e+00	5	7.250205e-01
9.999994e-01	1.000000e+00	2.711144e+00	2.228964e+00	6.745308e-01	-9.571066e-01	-1.548148e+00	0.000000e+00	6	2.250098e-01
1.000000e+00	1.000000e+00	2.596958e+00	-6.957535e-01	-3.436756e+00	-1.542790e+00	8.168425e-01	0.000000e+00	10	2.787229e-01
9.999966e-01	9.999979e-01	-7.515584e-01	-2.529930e+00	8.658723e-01	1.853046e+00	8.273976e-01	0.000000e+00	4	7.657814e-01
9.997290e-01	9.999987e-01	1.719782e+00	2.294971e+00	-1.248057e+00	-8.161463e-02	2.849524e-01	0.000000e+00	3	1.000000e+14
1.000000e+00	9.999433e-01	-2.730997e+00	-2.511786e+00	-4.786630e-01	-7.842577e-01	-1.809916e-02	0.000000e+00	5	1.000000e+14
1.000000e+00	1.000000e+00	-1.131884e+00	8.864465e-01	1.140161e+00	2.229612e+00	-3.033347e+00	0.000000e+00	8	5.538807e-01
1.000000e+00	1.000000e+00	3.076827e+00	-1.149088e+00	-1.690363e+00	2.752218e+00	-4.631366e-02	0.000000e+00	10	5.074302e-01
1.000000e+00	1.000000e+00	-9.352496e-02	3.012601e+00	2.658962e+00	-3.935274e+00	1.930754e+00	0.000000e+00	19	1.000000e+14
1.000000e+00	9.999986e-01	-2.286529e+00	-2.988897e+00	-1.512690e+00	1.122066e+00	-5.117976e-01	0.000000e+00	8	1.000000e+14
9.999997e-01	9.999733e-01	7.398234e-01	-2.501534e-01	1.299307e+00	-1.818432e+00	-2.484770e+00	0.000000e+00	5	5.746872e-01
9.984748e-01	9.999989e-01	7.958243e-01	2.875860e+00	4.173740e-01	1.002919e-01	-1.397681e-01	0.000000e+00	2	1.000000e+14
9.999958e-01	9.999885e-01	-4.042933e-01	-1.635106e+00	2.906755e-01	2.498166e+00	-1.309517e+00	0.000000e+00	3	1.000000e+00
1.000000e+00	1.000000e+00	2.916453e-01	-2.095718e+00	-1.607517e+00	2.886088e+00	-2.465029e+00	0.000000e+00	10	4.212573e-01
1.000000e+00	1.000000e+00	-3.541032e+00	-1.621437e+00	-3.269020e+00	-2.660805e+00	-3.020042e+00	0.000000e+00	20	1.000000e+14
9.999996e-01	9.999158e-01	-1.454876e+00	1.452635e+00	-2.263183e+00	-1.230277e+00	4.731786e-01	0.000000e+00	4	1.000000e+14
1.000000e+00	1.000000e+00	-1.387647e+00	3.103963e+00	3.115450e+00	-3.878331e+00	3.272409e+00	0.000000e+00	25	0.000000e+00
1.000000e+00	1.000000e+00	-1.478447e+00	-3.150514e+00	3.731446e+00	2.276170e+00	-1.214818e+00	0.000000e+00	16	1.449110e-01
1.000000e+00	9.999989e-01	-3.053371e+00	-5.764512e-01	1.217247e+00	-5.052812e-01	-2.472088e+00	0.000000e+00	8	4.259981e-01
9.999952e-01	1.000000e+00	2.281621e+00	1.319767e+00	3.084768e+00	-6.143697e-01	2.608353e-01	0.000000e+00	6	1.000000e+14
1.000000e+00	1.000000e+00	3.274285e+00	3.717587e+00	-3.351113e+00	-3.124151e+00	1.635860e+00	0.000000e+00	25	0.000000e+00
9.999368e-01	9.999999e-01	6.343961e-01	1.177638e+00	-1.090841e+00	2.993677e+00	-5.366144e-02	0.000000e+00	4	4.930039e-01
1.000000e+00	1.000000e+00	3.144414e+00	2.141204e+00	-2.684890e+00	-1.086397e+00	-6.450671e-01	0.000000e+00	11	1.000000e+00
1.000000e+00	1.000000e+00	2.941345e+00	3.073428e+00	-9.965529e-01	-2.837429e+00	2.010024e+00	0.000000e+00	16	1.000000e+14
9.999987e-01	9.999386e-01	5.845155e-01	-6.922847e-01	-4.995421e-01	1.274136e+00	-2.815318e+00	0.000000e+00	4	5.069961e-01
1.000000e+00	1.000000e+00	-1.339024e+00	-3.917907e+00	-3.536654e+00	-6.559020e-01	1.910728e+00	0.000000e+00	18	1.000000e+14
1.000000e+00	1.000000e+00	-3.725003e+00	2.827658e+00	-2.239545e-01	-3.473160e+00	-5.320605e-01	0.000000e+00	21	1.000000e+14
9.999998e-01	9.999996e-01	-3.037241e+00	1.800341e+00	1.208066e+00	-8.252399e-02	-4.197925e-01	0.000000e+00	6	5.574157e-01
9.995790e-01	9.998909e-01	-2.223943e+00	7.279994e-01	1.113599e+00	7.751578e-01	3.621139e-01	0.000000e+00	2	6.376594e-01
1.000000e+00	1.000000e+00	3.923091e+00	3.943112e+00	-1.689963e+00	2.866937e+00	2.199528e+00	0.000000e+00	25	0.000000e+00
1.000000e+00	9.999998e-01	8.564207e-01	-2.593299e-01	1.474902e+00	-1.416186e-02	-3.553373e+00	0.000000e+00	7	1.345336e-01
1.000000e+00	1.000000e+00	-5.845846e-02	-3.877953e+00	1.407910e+00	6.731014e-01	2.834055e+00	0.000000e+00	13	1.000000e+14
1.000000e+00	1.000000e+00	3.969572e+00	2.991683e+00	-5.865303e-01	-1.829719e+00	-1.583586e+00	0.000000e+00	16	3.554781e-01
1.000000e+00	1.000000e+00	-2.972395e+00	5.399521e-01	2.551489e+00	2.421874e+00	3.018254e+00	0.000000e+00	14	1.000000e+14
1.000000e+00	1.000000e+00	3.130317e+00	-3.306590e+00	-1.704366e+00	3.810496e+00	3.728095e+00	0.000000e+00	25	0.000000e+00
1.000000e+00	1.000000e+00	3.567045e+00	2.025556e+00	-2.711703e+00	-3.261945e+00	2.719434e+00	0.000000e+00	25	0.000000e+00
1.000000e+00	1.000000e+00	3.960045e+00	-9.445635e-01	2.670997e+00	3.076673e+00	-3.694575e+00	0.000000e+00	25	0.000000e+00
1.000000e+00	1.000000e+00	3.835975e+00	-3.637424e+00	2.356559e+00	-2.948475e+00	3.935154e+00	0.000000e+00	25	1.000000e+14
1.000000e+00	1.000000e+00	-2.739611e+00	2.656578e+00	1.495602e+00	5.619532e-01	-1.354259e+00	0.000000e+00	9	5.534169e-01
9.999342e-01	9.987372e-01	3.458910e-02	-1.182035e+00	9.646617e-01	6.340192e-01	-2.102465e+00	0.000000e+00	1	1.000000e+14
1.000000e+00	1.000000e+00	2.654814e+00	-2.428018e+00	-3.852497e+00	2.239483e+00	-2.199016e+00	0.000000e+00	23	1.000000e+14
1.000000e+00	1.000000e+00	1.069674e+00	2.398230e+00	-3.195870e-01	-3.389348e+00	-4.210342e-01	0.000000e+00	9	1.650536e-01
1.000000e+00	9.999994e-01	-2.234511e+00	3.563845e-01	7.379473e-01	1.573667e+00	-2.687006e+00	0.000000e+00	7	3.516494e-01
1.000000e+00	1.000000e+00	-2.503918e+00	2.851516e+00	3.524540e+00	2.381825e+00	2.209640e+00	0.000000e+00	18	1.000000e+14
1.000000e+00	1.000000e+00	3.575290e+00	-2.082531e+00	-2.944139e+00	1.120719e+00	-3.524498e+00	0.000000e+00	24	1.000000e+14
1.000000e+00	1.000000e+00	3.121428e+00	-1.851869e+00	-2.428987e+00	1.927111e+00	-1.502628e+00	0.000000e+00	13	5.024677e-01
1.000000e+00	1.000000e+00	3.627326e+00	1.607884e+00	-3.872598e+00	-8.595317e-01	2.194557e+00	0.000000e+00	21	1.000000e+14
1.000000e+00	1.000000e+00	2.699052e+00	-2.066951e+00	-2.496994e+00	2.992431e+00	2.339893e+00	0.000000e+00	17	1.000000e+14
1.000000e+00	1.000000e+00	-2.488941e+00	2.832018e+00	-1.330300e+00	-2.274486e+00	-2.314902e+00	0.000000e+00	14	1.000000e+14
9.999995e-01	1.000000e+00	7.391084e-01	4.397405e-01	3.441234e+00	-1.829762e+00	9.131610e-01	0.000000e+00	7	1.000000e+14
1.000000e+00	1.000000e+00	-3.330166e+00	-6.063516e-01	2.706909e+00	-1.729791e+00	-2.953070e+00	0.000000e+00	17	5.240875e-01
1.000000e+00	1.000000e+00	-2.555420e+00	1.007035e+00	-3.955074e+00	-8.980679e-01	-8.633757e-01	0.000000e+00	10	1.000000e+14
9.999976e-01	9.993397e-01	8.952241e-01	6.879819e-01	-1.729241e+00	-1.932094e+00	-1.066530e+00	0.000000e+00	3	1.000000e+14
9.999689e-01	9.992462e-01	-2.313315e+00	-9.875667e-01	-1.114314e-01	5.738857e-01	1.056341e+00	0.000000e+00	2	1.000000e+14
1.000000e+00	1.000000e+00	3.410282e+00	1.354302e+00	-2.531336e+00	1.539806e+00	1.816420e-01	0.000000e+00	11	1.000000e+14
1.000000e+00	1.000000e+00	-7.894392e-01	2.187219e+00	-1.149490e+00	3.428573e+00	1.676848e+00	0.000000e+00	9	1.000000e+14
1.000000e+00	1.000000e+00	1.141097e+00	-2.473913e+00	-1.174822e+00	3.360747e+00	-1.267898e+00	0.000000e+00	10	5.753031e-01
1.000000e+00	1.000000e+00	-3.080098e+00	1.856643e+00	-2.927438e+00	-7.389133e-01	1.012367e+00	0.000000e+00	12	1.000000e+14
1.000000e+00	1.000000e+00	2.920616e+00	1.614437e+00	-1.581455e+00	-2.716448e+00	-1.899223e+00	0.000000e+00	13	6.296689e-01
1.000000e+00	1.000000e+00	-2.522284e+00	-2.798965e+00	1.857075e-01	1.503456e+00	-2.471452e+00	0.000000e+00	9	3.902951e-01
9.999996e-01	1.000000e+00	2.252521e+00	5.907247e-01	-1.258334e+00	3.236313e+00	-4.712632e-01	0.000000e+00	8	1.000000e+14
1.000000e+00	1.000000e+00	-2.132439e+00	-1.182699e-01	3.538108e+00	-3.872973e+00	-4.120629e-01	0.000000e+00	16	5.028314e-01
9.999857e-01	1.000000e+00	-6.552727e-02	7.838392e-01	2.089565e+00	2.160084e-01	3.280787e+00	0.000000e+00	5	1.000000e+14
1.000000e+00	1.000000e+00	-1.730563e+00	-3.012793e+00	3.967129e+00	-2.544246e+00	-3.514351e+00	0.000000e+00	25	1.000000e+14
1.000000e+00	1.000000e+00	2.826726e+00	2.385112e+00	-9.546619e-01	2.803820e+00	-1.180442e+00	0.000000e+00	10	1.000000e+14
1.000000e+00	1.000000e+00	-1.387363e+00	-1.767649e+00	-1.988930e+00	-1.685919e+00	3.328831e+00	0.000000e+00	12	5.195194e-01
1.000000e+00	1.000000e+00	-1.320675e+00	-6.875981e-01	3.301545e+00	-1.911089e+00	-2.793376e+00	0.000000e+00	13	1.000000e+14
9.995529e-01	9.999966e-01	7.422481e-01	7.356136e-01	-8.552611e-01	-5.486853e-01	2.650466e+00	0.000000e+00	2	4.412526e-01
1.000000e+00	1.000000e+00	8.694359e-01	-2.894567e+00	-2.194667e+00	5.267178e-01	-3.906110e+00	0.000000e+00	16	1.000000e+14
1.000000e+00	1.000000e+00	3.229325e+00	3.373207e+00	-1.520268e+00	3.281220e+00	2.865079e+00	0.000000e+00	20	1.000000e+14
1.000000e+00	9.999998e-01	2.968684e+00	-1.825362e+00	-8.106246e-01	-1.800283e+00	-4.268035e-01	0.000000e+00	8	8.423741e-02
9.999999e-01	9.999918e-01	-2.721677e+00	-5.598798e-01	1.147402e+00	-1.677887e+00	1.125313e+00	0.000000e+00	6	1.000000e+14
1.000000e+00	1.000000e+00	3.146117e+00	8.679294e-02	-2.523439e+00	2.718501e+00	-1.170960e+00	0.000000e+00	12	4.804806e-01
1.000000e+00	1.000000e+00	-1.021493e+00	-2.437153e+00	1.221181e-01	-3.948538e+00	-1.103771e+00	0.000000e+00	9	1.000000e+14
1.000000e+00	1.000000e+00	2.507475e+00	-3.314090e+00	-1.409325e+00	-2.483035e+00	6.520879e-01	0.000000e+00	14	9.387499e-01
