# This file contains the data of final feasible population (if found)
# of objectives = 2, # of constraints = 0, # of real_var = 5, # of bits of bin_var = 0, constr_violation, rank, crowding_distance
9.802982e-01	1.823015e-03	-4.613372e-01	-4.559697e-01	-4.351055e-01	-4.240754e-01	-4.177764e-01	0.000000e+00	1	1.000000e+14
1.728935e-02	9.824555e-01	4.154257e-01	4.237902e-01	4.949418e-01	5.398541e-01	3.763532e-01	0.000000e+00	1	1.000000e+14
9.047766e-01	1.991525e-01	-2.826629e-01	-2.052964e-01	-2.228670e-01	-2.327489e-01	-2.468207e-01	0.000000e+00	1	4.479304e-02
9.246950e-01	1.609636e-01	-2.119931e-01	-3.807587e-01	-2.313993e-01	-2.754842e-01	-2.479914e-01	0.000000e+00	1	3.984129e-02
8.969648e-01	2.205769e-01	-1.991778e-01	-2.488162e-01	-1.852587e-01	-2.256713e-01	-2.722377e-01	0.000000e+00	1	3.432232e-02
6.976085e-01	5.677221e-01	-2.670828e-03	-1.036563e-02	-3.577715e-02	-1.232878e-01	-2.766114e-02	0.000000e+00	1	3.274811e-02
4.046812e-01	8.076926e-01	1.590729e-01	8.812716e-02	1.571153e-01	1.188713e-01	1.085036e-01	0.000000e+00	1	3.106450e-02
9.513685e-01	7.981528e-02	-3.267455e-01	-4.098822e-01	-3.364533e-01	-3.211754e-01	-2.494228e-01	0.000000e+00	1	2.989679e-02
6.816595e-01	5.926480e-01	-1.370699e-01	-2.764702e-02	4.107375e-02	-9.881177e-03	-4.304782e-03	0.000000e+00	1	2.890409e-02
4.956740e-01	7.485308e-01	7.714206e-02	8.200807e-02	1.146108e-01	5.380904e-02	6.145123e-02	0.000000e+00	1	2.706062e-02
3.441243e-01	8.411523e-01	1.489146e-01	1.963066e-01	1.295069e-01	1.218403e-01	1.961317e-01	0.000000e+00	1	2.673903e-02
7.824710e-01	4.453659e-01	-1.092512e-01	-1.193966e-01	-8.817755e-02	-7.028127e-02	-1.361201e-01	0.000000e+00	1	2.659595e-02
9.601697e-01	4.887224e-02	-3.105435e-01	-4.098822e-01	-3.438884e-01	-3.211754e-01	-3.882829e-01	0.000000e+00	1	2.606840e-02
8.389465e-01	3.477421e-01	-1.749070e-01	-1.120527e-01	-1.970810e-01	-1.615387e-01	-1.363197e-01	0.000000e+00	1	2.603886e-02
5.128880e-01	7.355546e-01	8.621956e-02	8.912205e-02	4.695144e-02	5.773642e-02	6.145123e-02	0.000000e+00	1	2.583693e-02
1.215017e-01	9.326211e-01	2.687383e-01	2.717153e-01	3.122738e-01	2.839010e-01	2.988610e-01	0.000000e+00	1	2.575564e-02
1.682153e-01	9.189878e-01	2.687383e-01	3.078943e-01	1.780890e-01	2.839010e-01	2.633134e-01	0.000000e+00	1	2.572586e-02
5.997849e-01	6.671179e-01	-4.480298e-02	2.620878e-02	3.210381e-02	3.658797e-02	5.288109e-02	0.000000e+00	1	2.475783e-02
3.866593e-01	8.211362e-01	1.367680e-01	7.569647e-02	1.208773e-01	1.407917e-01	2.147411e-01	0.000000e+00	1	2.472974e-02
8.538333e-01	3.343669e-01	-1.907711e-01	-3.997670e-02	-1.970810e-01	-2.016847e-01	-2.179511e-01	0.000000e+00	1	2.462033e-02
1.025165e-01	9.410452e-01	3.708339e-01	2.954014e-01	2.672892e-01	2.860501e-01	3.025304e-01	0.000000e+00	1	2.461981e-02
5.616445e-01	6.986313e-01	7.792489e-02	3.866390e-02	1.567651e-02	6.390027e-02	1.329582e-02	0.000000e+00	1	2.444947e-02
8.849519e-01	2.462802e-01	-1.907711e-01	-1.939580e-01	-2.263227e-01	-2.016989e-01	-2.380171e-01	0.000000e+00	1	2.407180e-02
4.440374e-01	7.845857e-01	8.198304e-02	8.812716e-02	8.657733e-02	1.665292e-01	1.068086e-01	0.000000e+00	1	2.365582e-02
5.760519e-01	6.889840e-01	6.940784e-02	8.754610e-02	-1.205494e-02	1.484232e-02	1.342345e-02	0.000000e+00	1	2.364498e-02
5.867695e-01	6.778421e-01	6.940784e-02	5.355625e-02	-1.205494e-02	1.484232e-02	1.342345e-02	0.000000e+00	1	2.347126e-02
7.958405e-01	4.316366e-01	-5.461237e-02	-1.193966e-01	-1.872261e-01	-7.130694e-02	-1.398129e-01	0.000000e+00	1	2.341300e-02
2.697267e-01	8.792013e-01	2.291735e-01	1.632301e-01	2.717774e-01	1.348294e-01	2.068250e-01	0.000000e+00	1	2.332790e-02
8.431870e-02	9.503945e-01	3.708339e-01	2.976420e-01	2.672892e-01	2.860501e-01	4.080357e-01	0.000000e+00	1	2.278469e-02
4.824968e-01	7.576802e-01	8.308114e-02	8.812716e-02	4.728317e-02	9.716330e-02	1.085036e-01	0.000000e+00	1	2.276571e-02
8.202940e-01	3.900557e-01	-1.962388e-01	-1.530989e-01	-8.817755e-02	-7.028127e-02	-1.753477e-01	0.000000e+00	1	2.252699e-02
2.432471e-01	8.902257e-01	2.291758e-01	2.399052e-01	2.717774e-01	1.315607e-01	2.068250e-01	0.000000e+00	1	2.246174e-02
4.593526e-01	7.763854e-01	8.308114e-02	8.812716e-02	4.728317e-02	1.665292e-01	1.085036e-01	0.000000e+00	1	2.242785e-02
6.489688e-01	6.165663e-01	-3.972314e-02	-2.682179e-03	1.956813e-02	1.141820e-03	-2.766114e-02	0.000000e+00	1	2.208725e-02
7.588269e-01	4.881295e-01	-1.042155e-01	-6.312135e-02	-7.068966e-02	-2.264327e-02	-1.600223e-01	0.000000e+00	1	2.194083e-02
4.697598e-01	7.667919e-01	8.193513e-02	8.812716e-02	9.199692e-02	1.356656e-01	6.145123e-02	0.000000e+00	1	2.155386e-02
7.730923e-01	4.766802e-01	-3.915371e-02	-1.117131e-01	-1.783902e-01	1.927745e-03	-1.398129e-01	0.000000e+00	1	2.142605e-02
6.125089e-01	6.554958e-01	-4.480298e-02	2.620878e-02	-5.141838e-03	3.658797e-02	5.288109e-02	0.000000e+00	1	2.139986e-02
6.603313e-01	6.055808e-01	-2.808088e-02	-9.955588e-03	-4.660983e-02	-3.108652e-02	3.219121e-02	0.000000e+00	1	2.125438e-02
5.644252e-02	9.593440e-01	3.708339e-01	2.954014e-01	3.575628e-01	4.315070e-01	3.025304e-01	0.000000e+00	1	2.125339e-02
7.794168e-01	4.670740e-01	-2.190297e-01	-1.193966e-01	-5.153467e-02	-6.208825e-02	-4.106397e-02	0.000000e+00	1	2.083587e-02
4.261367e-01	8.004104e-01	7.707476e-02	7.569647e-02	9.136836e-02	1.315127e-01	2.147411e-01	0.000000e+00	1	2.069269e-02
2.091911e-01	9.075571e-01	2.554786e-01	2.642859e-01	3.310830e-01	1.407917e-01	2.082714e-01	0.000000e+00	1	2.032906e-02
8.333248e-01	3.645522e-01	-1.159833e-01	-2.048602e-01	-9.017222e-02	-2.016847e-01	-1.354224e-01	0.000000e+00	1	2.026924e-02
8.549157e-01	3.157165e-01	-1.882155e-01	-2.124779e-01	-1.904106e-01	-1.396436e-01	-1.363197e-01	0.000000e+00	1	2.016409e-02
6.400544e-01	6.282517e-01	2.739209e-02	2.704104e-04	-4.660983e-02	-3.660533e-02	3.751647e-02	0.000000e+00	1	2.013100e-02
3.629713e-01	8.315996e-01	1.493813e-01	1.185852e-01	1.491108e-01	1.174857e-01	2.091925e-01	0.000000e+00	1	1.978901e-02
8.256774e-01	3.739835e-01	-1.082502e-01	-1.120527e-01	-1.970810e-01	-1.609825e-01	-1.363197e-01	0.000000e+00	1	1.976923e-02
1.429095e-01	9.266484e-01	2.777529e-01	2.425459e-01	3.357340e-01	2.449535e-01	2.732332e-01	0.000000e+00	1	1.960211e-02
6.318359e-01	6.386020e-01	2.739209e-02	2.704104e-04	-4.612996e-02	-3.660533e-02	6.544209e-02	0.000000e+00	1	1.932522e-02
8.646333e-01	2.936389e-01	-1.907711e-01	-1.986147e-01	-1.970810e-01	-2.016847e-01	-1.354224e-01	0.000000e+00	1	1.931811e-02
5.260703e-01	7.288103e-01	7.792489e-02	3.850332e-02	1.183139e-01	6.390027e-02	1.342345e-02	0.000000e+00	1	1.927796e-02
9.300148e-01	1.467132e-01	-2.483287e-01	-3.329529e-01	-1.749530e-01	-3.221457e-01	-3.196162e-01	0.000000e+00	1	1.879914e-02
7.498037e-01	4.959973e-01	-1.092512e-01	-1.193966e-01	-5.153467e-02	-6.787833e-02	-4.343896e-02	0.000000e+00	1	1.879022e-02
6.254395e-01	6.512712e-01	-3.630332e-02	2.572299e-02	-6.345691e-02	5.860378e-03	1.081236e-01	0.000000e+00	1	1.864842e-02
8.091385e-01	4.013234e-01	-8.845602e-02	-1.586780e-01	-1.472986e-01	-1.229337e-01	-1.216871e-01	0.000000e+00	1	1.854366e-02
9.668742e-01	4.447772e-02	-3.267455e-01	-4.098822e-01	-3.364533e-01	-3.211754e-01	-4.851284e-01	0.000000e+00	1	1.854295e-02
1.885356e-01	9.088692e-01	2.291732e-01	2.398150e-01	2.780725e-01	2.684298e-01	2.068250e-01	0.000000e+00	1	1.842208e-02
3.324810e-01	8.529936e-01	1.367680e-01	1.135350e-01	1.208773e-01	2.679382e-01	2.067257e-01	0.000000e+00	1	1.804496e-02
6.687904e-01	5.950652e-01	-4.623333e-02	5.567929e-04	-4.015242e-02	1.141820e-03	-2.766114e-02	0.000000e+00	1	1.766781e-02
8.736495e-01	2.771107e-01	-1.915244e-01	-1.399273e-01	-2.289833e-01	-1.760271e-01	-2.385731e-01	0.000000e+00	1	1.751497e-02
9.338294e-01	1.333951e-01	-2.990508e-01	-2.488162e-01	-2.283090e-01	-3.895722e-01	-2.722377e-01	0.000000e+00	1	1.739987e-02
4.311297e-01	7.940412e-01	1.505733e-01	8.812716e-02	1.571153e-01	1.188713e-01	5.326116e-02	0.000000e+00	1	1.736274e-02
3.303168e-02	9.687415e-01	3.539951e-01	3.771939e-01	3.796723e-01	3.274297e-01	4.801845e-01	0.000000e+00	1	1.729799e-02
8.825089e-01	2.530677e-01	-1.900896e-01	-2.002915e-01	-2.289833e-01	-1.760271e-01	-2.385731e-01	0.000000e+00	1	1.718164e-02
8.760541e-01	2.709173e-01	-2.084829e-01	-2.211010e-01	-2.388658e-01	-1.791943e-01	-1.429018e-01	0.000000e+00	1	1.685884e-02
5.487799e-01	7.091648e-01	6.937529e-02	5.888921e-02	-1.971425e-03	5.773754e-02	6.148871e-02	0.000000e+00	1	1.679232e-02
8.610256e-01	3.021438e-01	-1.952378e-01	-2.124779e-01	-1.970810e-01	-1.609825e-01	-1.363197e-01	0.000000e+00	1	1.630225e-02
9.718901e-01	2.169661e-02	-3.805832e-01	-4.432777e-01	-4.340617e-01	-4.031708e-01	-3.232475e-01	0.000000e+00	1	1.589709e-02
1.810870e-01	9.150692e-01	2.291919e-01	1.928573e-01	3.373269e-01	2.365358e-01	2.708996e-01	0.000000e+00	1	1.570966e-02
2.884147e-01	8.703389e-01	2.291735e-01	2.428590e-01	1.402171e-01	1.326915e-01	2.068250e-01	0.000000e+00	1	1.544519e-02
7.190477e-01	5.388598e-01	-3.851831e-02	-1.182782e-01	-6.396544e-02	-9.881177e-03	-4.635942e-02	0.000000e+00	1	1.542116e-02
7.453956e-01	5.113049e-01	-1.017755e-01	-2.950604e-02	-5.808430e-02	-9.806036e-03	-1.653226e-01	0.000000e+00	1	1.535384e-02
8.029696e-01	4.203205e-01	-5.973101e-02	-1.864637e-01	-1.256566e-01	-7.130694e-02	-1.600866e-01	0.000000e+00	1	1.535380e-02
5.357266e-02	9.607693e-01	2.590228e-01	3.951596e-01	4.002129e-01	3.486055e-01	3.764811e-01	0.000000e+00	1	1.481454e-02
3.316978e-02	9.647006e-01	3.539951e-01	3.771939e-01	3.796723e-01	3.274297e-01	4.121435e-01	0.000000e+00	1	1.472982e-02
7.362537e-01	5.123122e-01	-9.054265e-02	-8.527089e-02	-6.343245e-02	-6.774123e-02	-3.663369e-02	0.000000e+00	1	1.468482e-02
2.267300e-01	8.976521e-01	2.330499e-01	2.881737e-01	2.601857e-01	1.407917e-01	2.082714e-01	0.000000e+00	1	1.449104e-02
2.747844e-01	8.765879e-01	2.219195e-01	2.643279e-01	1.295279e-01	1.665547e-01	2.076555e-01	0.000000e+00	1	1.422161e-02
9.709900e-01	2.352290e-02	-3.693959e-01	-4.432777e-01	-4.265856e-01	-4.031708e-01	-3.232475e-01	0.000000e+00	1	1.421979e-02
8.762105e-02	9.464063e-01	3.459201e-01	3.717892e-01	2.689055e-01	3.020703e-01	2.959182e-01	0.000000e+00	1	1.421534e-02
1.391585e-01	9.278442e-01	2.777529e-01	2.649267e-01	3.357340e-01	2.365358e-01	2.708996e-01	0.000000e+00	1	1.416040e-02
2.218349e-01	9.029072e-01	2.062742e-01	2.718027e-01	3.310830e-01	1.407917e-01	2.135148e-01	0.000000e+00	1	1.415661e-02
7.096350e-01	5.539662e-01	-5.373485e-02	-1.182782e-01	-6.928087e-02	-1.179758e-02	1.312999e-02	0.000000e+00	1	1.408932e-02
9.445067e-01	9.155808e-02	-2.492282e-01	-3.297826e-01	-3.424644e-01	-3.230230e-01	-3.182160e-01	0.000000e+00	1	1.407645e-02
9.419456e-01	9.782756e-02	-2.492282e-01	-3.297826e-01	-3.142961e-01	-3.220980e-01	-3.182160e-01	0.000000e+00	1	1.374617e-02
9.413564e-01	1.153101e-01	-2.788019e-01	-4.098822e-01	-3.062197e-01	-3.033835e-01	-2.187502e-01	0.000000e+00	1	1.372022e-02
7.082437e-01	5.554910e-01	-5.373485e-02	-1.182782e-01	-6.485682e-02	-9.881177e-03	1.137611e-02	0.000000e+00	1	1.325805e-02
5.364761e-01	7.217652e-01	5.900479e-02	7.465103e-02	1.183293e-01	1.141820e-03	3.219121e-02	0.000000e+00	1	1.322796e-02
7.304507e-01	5.248874e-01	-5.461237e-02	-1.193966e-01	-7.266105e-02	-7.130694e-02	1.125828e-03	0.000000e+00	1	1.320505e-02
9.400776e-01	1.228344e-01	-2.985475e-01	-2.488162e-01	-3.143722e-01	-2.212752e-01	-4.171921e-01	0.000000e+00	1	1.312916e-02
8.082555e-01	4.141659e-01	-5.973101e-02	-2.075697e-01	-1.256566e-01	-7.130694e-02	-1.600866e-01	0.000000e+00	1	1.288913e-02
3.042896e-01	8.622973e-01	1.604387e-01	2.397894e-01	1.485277e-01	1.347851e-01	2.219751e-01	0.000000e+00	1	1.265797e-02
3.748744e-01	8.258419e-01	1.680048e-01	8.411441e-02	1.761321e-01	1.154389e-01	1.707276e-01	0.000000e+00	1	1.250107e-02
2.400195e-01	8.930038e-01	2.326371e-01	2.485716e-01	2.739878e-01	1.170976e-01	2.236583e-01	0.000000e+00	1	1.236232e-02
2.957070e-01	8.676014e-01	2.415745e-01	2.262205e-01	1.402171e-01	1.194912e-01	2.068250e-01	0.000000e+00	1	1.234256e-02
3.232330e-01	8.552695e-01	2.291735e-01	1.950611e-01	9.407840e-02	1.326915e-01	2.112535e-01	0.000000e+00	1	1.171186e-02
7.264053e-01	5.281822e-01	-1.140586e-01	-7.540626e-02	-4.177015e-02	-2.087164e-02	-5.252692e-02	0.000000e+00	1	1.021299e-02
7.206711e-01	5.349592e-01	-1.042155e-01	-7.540626e-02	-4.177015e-02	-2.212983e-02	-4.142891e-02	0.000000e+00	1	9.264366e-03
3.689764e-01	8.276477e-01	1.489146e-01	1.263335e-01	1.295069e-01	1.218403e-01	1.988983e-01	0.000000e+00	1	9.115874e-03
