# This file contains the data of final population
# of objectives = 2, # of constraints = 0, # of real_var = 5, # of bits of bin_var = 0, constr_violation, rank, crowding_distance
2.926801e-02	9.702816e-01	3.474742e-01	4.763891e-01	3.796723e-01	3.324738e-01	4.128821e-01	0.000000e+00	1	1.000000e+14
9.790678e-01	9.190809e-03	-3.867929e-01	-4.880822e-01	-4.676158e-01	-3.958563e-01	-4.179120e-01	0.000000e+00	1	1.000000e+14
7.016587e-01	5.642612e-01	-4.135935e-02	-7.518652e-02	1.384002e-02	-1.120299e-01	2.977483e-03	0.000000e+00	1	3.717788e-02
6.816595e-01	5.926480e-01	-1.370699e-01	-2.764702e-02	4.107375e-02	-9.881177e-03	-4.304782e-03	0.000000e+00	1	3.646911e-02
3.942805e-01	8.184760e-01	1.579919e-01	1.168064e-01	5.361186e-02	1.352986e-01	2.099230e-01	0.000000e+00	1	3.161041e-02
6.418370e-01	6.235911e-01	-4.135935e-02	5.567929e-04	-5.141838e-03	5.860378e-03	1.230761e-02	0.000000e+00	1	3.072428e-02
6.127624e-01	6.613751e-01	6.087355e-02	6.604213e-02	-1.518608e-02	-7.675229e-02	4.001229e-02	0.000000e+00	1	3.019524e-02
6.115456e-01	6.839758e-01	1.021135e-01	3.487073e-02	1.490124e-01	-7.206781e-02	-9.857169e-02	0.000000e+00	1	2.951677e-02
8.737605e-01	2.974845e-01	-5.893234e-02	-2.014361e-01	-2.266613e-01	-1.900471e-01	-2.824685e-01	0.000000e+00	1	2.932313e-02
8.918325e-01	2.340428e-01	-1.936322e-01	-2.014361e-01	-2.266613e-01	-1.900471e-01	-2.824685e-01	0.000000e+00	1	2.763565e-02
9.280276e-01	1.459285e-01	-2.466285e-01	-2.979353e-01	-1.947104e-01	-3.230230e-01	-3.205613e-01	0.000000e+00	1	2.757957e-02
9.067669e-01	1.933400e-01	-2.846862e-01	-2.226192e-01	-2.228670e-01	-2.292537e-01	-2.468207e-01	0.000000e+00	1	2.741177e-02
9.482983e-01	9.257381e-02	-2.213567e-01	-2.890145e-01	-3.745852e-01	-3.625683e-01	-3.541273e-01	0.000000e+00	1	2.722749e-02
9.604983e-01	6.977412e-02	-2.540060e-01	-2.829768e-01	-3.593912e-01	-4.362481e-01	-4.333599e-01	0.000000e+00	1	2.711593e-02
3.659385e-01	8.290048e-01	1.197553e-01	1.528076e-01	1.581971e-01	1.869316e-01	1.149062e-01	0.000000e+00	1	2.702070e-02
6.968202e-02	9.604197e-01	2.669360e-01	4.763891e-01	3.796723e-01	2.860501e-01	3.558784e-01	0.000000e+00	1	2.696779e-02
4.439086e-02	9.663016e-01	3.718646e-01	4.763891e-01	3.796723e-01	2.860501e-01	3.558784e-01	0.000000e+00	1	2.640557e-02
6.619722e-01	6.126374e-01	-1.228016e-01	1.080421e-03	-3.067623e-03	3.520865e-02	1.342345e-02	0.000000e+00	1	2.588852e-02
8.816983e-01	2.670023e-01	-1.325511e-01	-1.534699e-01	-2.228670e-01	-2.292537e-01	-2.814521e-01	0.000000e+00	1	2.569330e-02
7.978397e-01	4.580774e-01	-1.049985e-01	-1.021503e-01	-2.373988e-01	5.191186e-02	-1.585898e-01	0.000000e+00	1	2.549632e-02
5.689454e-01	7.066235e-01	9.325469e-02	-7.868951e-02	1.394523e-02	1.199316e-01	6.665547e-02	0.000000e+00	1	2.510434e-02
2.945802e-01	8.662844e-01	1.602704e-01	2.435521e-01	1.311387e-01	1.833179e-01	2.114093e-01	0.000000e+00	1	2.488666e-02
5.095629e-01	7.374660e-01	8.193513e-02	8.182760e-02	6.577601e-02	5.834882e-02	6.145123e-02	0.000000e+00	1	2.439571e-02
2.293861e-01	9.008518e-01	3.336891e-01	1.561653e-01	1.576609e-01	2.701962e-01	2.285929e-01	0.000000e+00	1	2.358338e-02
8.841261e-01	2.585860e-01	-1.936322e-01	-2.028983e-01	-2.266613e-01	-1.319067e-01	-2.824685e-01	0.000000e+00	1	2.248183e-02
1.397572e-01	9.349302e-01	3.944509e-01	2.493136e-01	3.357340e-01	1.905126e-01	2.732332e-01	0.000000e+00	1	2.237944e-02
9.387520e-02	9.441422e-01	3.708339e-01	2.695987e-01	3.323766e-01	2.860501e-01	2.987679e-01	0.000000e+00	1	2.194642e-02
9.207549e-01	1.659517e-01	-2.832886e-01	-3.322689e-01	-2.266613e-01	-1.910964e-01	-2.824685e-01	0.000000e+00	1	2.190325e-02
8.011968e-01	4.362401e-01	-1.293867e-01	-6.503135e-02	-2.373988e-01	-1.282316e-01	-2.262217e-02	0.000000e+00	1	2.176833e-02
9.166758e-01	1.765437e-01	-2.480850e-01	-3.322689e-01	-2.266613e-01	-1.910964e-01	-2.824685e-01	0.000000e+00	1	2.161219e-02
2.130741e-01	9.062117e-01	1.384895e-01	2.695987e-01	1.873897e-01	2.948357e-01	2.987679e-01	0.000000e+00	1	2.156499e-02
9.332254e-01	1.255575e-01	-2.540060e-01	-3.022453e-01	-2.344313e-01	-3.230230e-01	-3.242334e-01	0.000000e+00	1	2.139309e-02
8.274956e-01	3.784614e-01	-9.653085e-02	-9.578311e-02	-2.373988e-01	-1.282316e-01	-1.585898e-01	0.000000e+00	1	2.131290e-02
7.963014e-02	9.501228e-01	2.498817e-01	3.728192e-01	3.324906e-01	3.132374e-01	3.612235e-01	0.000000e+00	1	2.120418e-02
8.677805e-01	3.092833e-01	-1.902823e-01	-1.518524e-01	-2.422039e-01	-6.752367e-02	-2.723416e-01	0.000000e+00	1	2.117498e-02
2.474771e-01	8.956921e-01	1.602704e-01	2.435521e-01	3.517110e-01	1.377219e-01	2.114093e-01	0.000000e+00	1	2.111479e-02
7.837176e-01	4.675617e-01	-1.066001e-01	-1.586780e-01	4.816992e-02	-1.229337e-01	-1.635665e-01	0.000000e+00	1	2.077549e-02
5.499513e-01	7.194242e-01	5.446650e-02	1.319011e-01	1.160198e-01	-2.615690e-02	-1.208839e-02	0.000000e+00	1	2.076751e-02
6.671844e-01	5.994774e-01	-4.135935e-02	-7.518652e-02	-5.141838e-03	5.860378e-03	1.230761e-02	0.000000e+00	1	2.076324e-02
6.369125e-01	6.516036e-01	-1.228016e-01	5.567929e-04	-3.067623e-03	1.360937e-01	1.230761e-02	0.000000e+00	1	2.053651e-02
7.292767e-01	5.389868e-01	-6.365861e-02	-1.355463e-01	4.816992e-02	-1.233219e-01	-2.322430e-02	0.000000e+00	1	2.019296e-02
4.055791e-01	8.083558e-01	9.336052e-02	9.089762e-02	1.292112e-01	1.869316e-01	1.323767e-01	0.000000e+00	1	2.012133e-02
4.851520e-01	7.599609e-01	1.036048e-01	4.073798e-02	1.185356e-01	1.346509e-01	2.903966e-02	0.000000e+00	1	1.991257e-02
4.734538e-01	7.725826e-01	2.984652e-02	5.878154e-02	1.872983e-01	1.358397e-01	5.755772e-02	0.000000e+00	1	1.960156e-02
7.575092e-01	5.027581e-01	-5.819796e-02	-1.548194e-01	-1.725836e-01	7.387963e-03	-2.322430e-02	0.000000e+00	1	1.914624e-02
9.719032e-01	2.246106e-02	-3.352601e-01	-4.098822e-01	-4.676158e-01	-3.656202e-01	-4.057866e-01	0.000000e+00	1	1.875321e-02
8.026121e-01	4.210639e-01	-1.033084e-01	-2.085845e-01	-8.322004e-02	-7.028127e-02	-1.361201e-01	0.000000e+00	1	1.849705e-02
3.107817e-01	8.614280e-01	1.367680e-01	2.642859e-01	1.208773e-01	1.665547e-01	2.082714e-01	0.000000e+00	1	1.840267e-02
5.827185e-01	6.877106e-01	1.244294e-02	1.683039e-03	-3.067623e-03	1.360937e-01	1.486829e-02	0.000000e+00	1	1.833377e-02
9.018318e-01	2.142136e-01	-2.846862e-01	-1.534699e-01	-2.228670e-01	-2.292537e-01	-2.724799e-01	0.000000e+00	1	1.822682e-02
7.327433e-01	5.307665e-01	-1.370699e-01	-2.764702e-02	-1.357628e-01	-9.881177e-03	-4.304782e-03	0.000000e+00	1	1.817894e-02
9.696605e-01	3.571876e-02	-2.860981e-01	-4.098822e-01	-4.676158e-01	-3.642195e-01	-4.057866e-01	0.000000e+00	1	1.805975e-02
5.331025e-01	7.280151e-01	8.383072e-02	-4.860455e-03	1.460224e-02	1.418442e-01	6.665547e-02	0.000000e+00	1	1.800545e-02
1.516572e-01	9.298033e-01	3.708339e-01	2.695987e-01	1.640481e-01	2.860501e-01	3.025304e-01	0.000000e+00	1	1.793256e-02
1.158502e-01	9.365879e-01	3.659099e-01	2.695987e-01	2.672892e-01	2.893314e-01	2.808651e-01	0.000000e+00	1	1.760989e-02
1.877269e-01	9.140296e-01	1.447542e-01	2.695987e-01	2.500649e-01	2.948979e-01	2.961435e-01	0.000000e+00	1	1.757430e-02
4.663519e-01	7.786151e-01	2.984652e-02	5.878154e-02	2.022282e-01	1.358167e-01	6.516905e-02	0.000000e+00	1	1.744849e-02
1.980630e-01	9.106081e-01	3.544159e-01	2.435521e-01	2.321587e-01	1.849475e-01	2.114093e-01	0.000000e+00	1	1.741069e-02
8.346332e-01	3.613745e-01	-8.845602e-02	-1.586780e-01	-2.216829e-01	-1.229337e-01	-1.635665e-01	0.000000e+00	1	1.738907e-02
4.968048e-01	7.471486e-01	7.337657e-02	8.182760e-02	1.051082e-01	6.293850e-02	6.145123e-02	0.000000e+00	1	1.736540e-02
5.329100e-01	7.367900e-01	9.325469e-02	-7.868951e-02	1.160198e-01	1.233949e-01	6.665547e-02	0.000000e+00	1	1.730861e-02
7.675830e-01	4.797343e-01	-1.373166e-01	-2.389852e-02	-1.285981e-01	-1.413590e-01	-1.928719e-02	0.000000e+00	1	1.729008e-02
7.625727e-01	4.955600e-01	-1.193658e-01	-1.644415e-01	-1.367384e-01	-2.395372e-02	2.323138e-02	0.000000e+00	1	1.728104e-02
8.433114e-01	3.430804e-01	-1.193658e-01	-1.586780e-01	-1.669668e-01	-1.229337e-01	-2.332953e-01	0.000000e+00	1	1.719117e-02
6.401166e-01	6.495796e-01	-1.288329e-01	5.567929e-04	-5.229372e-03	1.360937e-01	1.230761e-02	0.000000e+00	1	1.716565e-02
8.495497e-01	3.343082e-01	-1.033084e-01	-2.187308e-01	-2.266613e-01	-1.228375e-01	-1.598286e-01	0.000000e+00	1	1.715785e-02
5.814248e-01	6.887378e-01	1.594236e-02	1.755767e-03	-3.067623e-03	1.360937e-01	1.486829e-02	0.000000e+00	1	1.708982e-02
9.448464e-01	1.062723e-01	-3.803271e-01	-2.965175e-01	-2.757362e-01	-3.850426e-01	-2.193950e-01	0.000000e+00	1	1.703530e-02
4.206676e-01	8.064999e-01	1.804446e-01	9.797564e-02	1.293878e-01	1.869316e-01	1.827762e-02	0.000000e+00	1	1.701914e-02
4.354689e-01	7.947496e-01	9.468522e-02	1.528076e-01	1.582726e-01	1.411675e-01	1.866065e-02	0.000000e+00	1	1.683973e-02
5.528922e-01	7.081210e-01	6.636261e-02	6.604213e-02	-2.012429e-02	8.610602e-02	4.001229e-02	0.000000e+00	1	1.665842e-02
2.652737e-01	8.874727e-01	1.197553e-01	1.528076e-01	2.882571e-01	1.869316e-01	3.011330e-01	0.000000e+00	1	1.632878e-02
9.363724e-01	1.132510e-01	-2.540060e-01	-3.022453e-01	-2.729027e-01	-3.230230e-01	-3.205613e-01	0.000000e+00	1	1.615061e-02
7.144101e-01	5.510298e-01	-1.191988e-01	-2.638408e-02	-1.042170e-01	-2.633061e-02	2.323138e-02	0.000000e+00	1	1.580589e-02
3.606175e-01	8.363515e-01	1.606436e-01	2.435550e-01	9.629035e-02	1.377219e-01	1.236074e-01	0.000000e+00	1	1.580087e-02
8.998566e-01	2.213828e-01	-2.867566e-01	-1.423259e-01	-2.239019e-01	-2.212752e-01	-2.722377e-01	0.000000e+00	1	1.557984e-02
7.482780e-01	5.178980e-01	-1.066001e-01	-1.586780e-01	4.816992e-02	-1.229337e-01	-2.322430e-02	0.000000e+00	1	1.553111e-02
1.101128e-01	9.387828e-01	3.708339e-01	2.695987e-01	2.672892e-01	2.860501e-01	3.025304e-01	0.000000e+00	1	1.549829e-02
3.495479e-01	8.427915e-01	2.269745e-01	7.871598e-02	1.465123e-01	1.348294e-01	2.068250e-01	0.000000e+00	1	1.544754e-02
8.183388e-01	3.858536e-01	-8.845602e-02	-1.586780e-01	-1.472986e-01	-1.229337e-01	-1.635665e-01	0.000000e+00	1	1.532322e-02
8.152252e-01	3.954992e-01	-5.819796e-02	-1.548194e-01	-1.725836e-01	-1.229337e-01	-1.540488e-01	0.000000e+00	1	1.501009e-02
7.451311e-01	5.200865e-01	-1.066001e-01	-1.586780e-01	4.044248e-02	-1.096746e-01	-1.926741e-02	0.000000e+00	1	1.487258e-02
2.799004e-01	8.780163e-01	1.197553e-01	1.595876e-01	2.251284e-01	1.869316e-01	3.011330e-01	0.000000e+00	1	1.485983e-02
7.721211e-01	4.719874e-01	-1.367780e-01	-6.500354e-02	-1.393229e-01	-1.282316e-01	-4.092540e-04	0.000000e+00	1	1.482642e-02
1.759127e-01	9.219756e-01	3.717824e-01	2.736023e-01	1.574393e-01	2.863287e-01	2.285929e-01	0.000000e+00	1	1.476160e-02
8.406998e-01	3.583977e-01	-1.033084e-01	-2.187308e-01	-2.266613e-01	-7.028127e-02	-1.598286e-01	0.000000e+00	1	1.408573e-02
4.483237e-01	7.865256e-01	9.317933e-02	9.089762e-02	1.292112e-01	1.869316e-01	3.053597e-02	0.000000e+00	1	1.407996e-02
4.266304e-01	7.969434e-01	9.317933e-02	9.797564e-02	1.292112e-01	1.869316e-01	7.298763e-02	0.000000e+00	1	1.390484e-02
3.404089e-01	8.455956e-01	1.197553e-01	1.528076e-01	2.373173e-01	1.869316e-01	1.149062e-01	0.000000e+00	1	1.373897e-02
9.643037e-01	4.948531e-02	-4.739814e-01	-2.889916e-01	-3.538656e-01	-3.402891e-01	-3.775411e-01	0.000000e+00	1	1.370808e-02
2.575914e-01	8.888059e-01	3.336891e-01	1.561653e-01	1.576609e-01	1.852541e-01	2.285929e-01	0.000000e+00	1	1.364470e-02
4.519263e-01	7.843384e-01	8.222991e-02	9.089762e-02	1.292112e-01	1.869316e-01	3.212435e-02	0.000000e+00	1	1.360591e-02
7.130632e-01	5.529624e-01	-1.193658e-01	-2.732032e-02	-1.042170e-01	-2.018568e-02	2.323138e-02	0.000000e+00	1	1.359622e-02
8.554476e-01	3.196560e-01	-1.293867e-01	-2.111100e-01	-2.373988e-01	-1.282316e-01	-1.597660e-01	0.000000e+00	1	1.330602e-02
4.912548e-01	7.523197e-01	7.337657e-02	8.182760e-02	1.289782e-01	5.675145e-02	6.145123e-02	0.000000e+00	1	1.279986e-02
2.789498e-01	8.790314e-01	1.197553e-01	1.528076e-01	2.373173e-01	1.869316e-01	3.011330e-01	0.000000e+00	1	1.261949e-02
9.608624e-01	5.316548e-02	-2.814879e-01	-3.126941e-01	-3.782356e-01	-4.220953e-01	-3.865379e-01	0.000000e+00	1	1.255832e-02
1.655266e-01	9.265362e-01	1.578674e-01	2.476285e-01	2.660106e-01	3.045150e-01	3.823948e-01	0.000000e+00	1	1.243256e-02
3.320773e-01	8.515220e-01	1.505366e-01	2.446558e-01	9.629035e-02	1.377219e-01	2.114093e-01	0.000000e+00	1	1.233728e-02
8.071702e-01	4.067299e-01	-1.370990e-01	-6.500354e-02	-1.393229e-01	-1.282316e-01	-1.585898e-01	0.000000e+00	1	1.158671e-02
