# This file contains stats about hypervolume
1 99980390.850043 
2 99980951.363016 
3 99985817.866445 
4 99989836.654518 
5 99991050.821184 
6 99991050.837728 
7 99991372.192026 
8 99991745.011040 
9 99992999.308730 
10 99997628.850405 
11 99997628.856645 
12 99998248.862706 
13 99998248.872429 
14 99998248.886689 
15 99998248.903344 
16 99998724.026936 
17 99998724.027817 
18 99998724.032302 
19 99998724.034578 
20 99998724.035528 
21 99998754.943806 
22 99998754.946829 
23 99998754.955927 
24 99998754.956302 
25 99998754.960086 
26 99998954.646845 
27 99998954.648748 
28 99998954.649047 
29 99999257.877269 
30 99999257.877834 
31 99999257.878202 
32 99999257.879995 
33 99999257.881890 
34 99999257.882738 
35 99999283.530508 
36 99999283.531502 
37 99999429.925787 
38 99999429.927857 
39 99999429.928599 
40 99999429.929390 
41 99999429.930169 
42 99999429.930520 
43 99999429.930912 
44 99999429.931320 
45 99999429.932436 
46 99999429.932722 
47 99999429.933112 
48 99999429.933973 
49 99999429.934373 
50 99999429.935075 
51 99999429.935880 
52 99999429.936616 
53 99999429.937112 
54 99999429.937530 
55 99999429.937530 
56 99999429.937757 
57 99999429.938336 
58 99999429.938781 
59 99999429.939185 
60 99999429.939502 
61 99999429.940461 
62 99999429.940995 
63 99999429.941312 
64 99999429.941622 
65 99999429.941648 
66 99999429.941655 
67 99999429.941732 
68 99999429.941894 
69 99999429.942340 
70 99999429.942464 
71 99999429.942892 
72 99999429.942917 
73 99999429.943275 
74 99999429.943325 
75 99999429.943306 
76 99999429.943302 
77 99999429.943944 
78 99999452.420997 
79 99999452.421205 
80 99999452.421224 
81 99999452.421563 
82 99999452.421898 
83 99999452.422268 
84 99999452.422338 
85 99999452.422578 
86 99999452.422736 
87 99999463.561708 
88 99999586.735681 
89 99999586.735758 
90 99999586.735760 
91 99999586.735801 
92 99999586.735829 
93 99999586.735681 
94 99999614.775708 
95 99999614.776263 
96 99999614.776529 
97 99999614.776388 
98 99999614.776545 
99 99999614.776862 
100 99999614.777128 
101 99999614.777378 
102 99999614.777659 
103 99999635.547216 
104 99999635.547195 
105 99999658.700637 
106 99999658.700792 
107 99999658.700887 
108 99999658.700870 
109 99999658.700928 
110 99999658.701033 
111 99999658.701176 
112 99999658.701270 
113 99999658.701296 
114 99999658.701194 
115 99999658.701423 
116 99999658.701601 
117 99999658.701845 
118 99999658.702041 
119 99999658.702155 
120 99999658.702175 
121 99999658.702208 
122 99999658.702198 
123 99999658.702274 
124 99999658.702622 
125 99999658.702626 
126 99999658.702593 
127 99999658.702568 
128 99999658.702537 
129 99999660.118549 
130 99999660.118609 
131 99999660.118559 
132 99999660.118522 
133 99999660.118794 
134 99999660.118919 
135 99999660.118927 
136 99999660.118853 
137 99999710.112185 
138 99999710.112112 
139 99999710.112115 
140 99999710.112119 
141 99999710.112207 
142 99999710.112202 
143 99999710.112250 
144 99999710.112250 
145 99999733.246853 
146 99999733.246973 
147 99999733.246973 
148 99999733.246973 
149 99999733.247006 
150 99999733.247002 
151 99999733.247067 
152 99999733.247133 
153 99999733.247114 
154 99999733.247287 
155 99999733.247258 
156 99999733.247208 
157 99999733.247205 
158 99999733.247209 
159 99999733.247209 
160 99999733.247267 
161 99999733.247295 
162 99999733.247258 
163 99999733.247280 
164 99999733.247223 
165 99999733.247296 
166 99999733.247296 
167 99999733.247181 
168 99999733.247098 
169 99999733.247096 
170 99999733.246932 
171 99999733.246910 
172 99999733.246954 
173 99999733.246971 
174 99999733.246941 
175 99999751.462868 
176 99999751.462983 
177 99999751.462968 
178 99999751.462905 
179 99999751.462951 
180 99999751.462980 
181 99999751.463015 
182 99999751.463087 
183 99999751.463244 
184 99999751.463316 
185 99999751.463277 
186 99999751.463165 
187 99999751.463212 
188 99999751.463143 
189 99999751.463165 
190 99999751.463213 
191 99999751.463261 
192 99999751.463254 
193 99999751.463287 
194 99999751.463416 
195 99999751.463436 
196 99999751.463456 
197 99999751.463455 
198 99999751.463530 
199 99999751.463588 
200 99999751.463505 
201 99999751.463495 
202 99999773.541794 
203 99999773.541713 
204 99999773.541775 
205 99999808.226852 
206 99999808.226785 
207 99999808.226911 
208 99999808.226955 
209 99999808.226955 
210 99999808.226973 
211 99999808.226895 
212 99999808.226711 
213 99999808.226837 
214 99999808.226905 
215 99999808.227047 
216 99999808.227080 
217 99999808.227027 
218 99999808.227138 
219 99999808.226914 
220 99999808.226857 
221 99999808.226761 
222 99999808.226705 
223 99999808.226777 
224 99999808.226750 
225 99999808.226883 
226 99999808.226905 
227 99999808.226951 
228 99999808.227015 
229 99999808.226967 
230 99999808.226991 
231 99999808.226928 
232 99999808.226795 
233 99999808.226711 
234 99999808.226807 
235 99999808.226887 
236 99999808.226847 
237 99999808.226864 
238 99999808.226819 
239 99999808.226778 
240 99999808.226673 
241 99999808.226688 
242 99999808.226680 
243 99999808.226507 
244 99999808.226519 
245 99999808.226549 
246 99999808.226635 
247 99999808.226398 
248 99999808.226728 
249 99999808.226728 
250 99999808.226725 
