2.926801e-02 9.702816e-01
9.790678e-01 9.190809e-03
7.016587e-01 5.642612e-01
6.816595e-01 5.926480e-01
3.942805e-01 8.184760e-01
6.418370e-01 6.235911e-01
6.127624e-01 6.613751e-01
6.115456e-01 6.839758e-01
8.737605e-01 2.974845e-01
8.918325e-01 2.340428e-01
9.280276e-01 1.459285e-01
9.067669e-01 1.933400e-01
9.482983e-01 9.257381e-02
9.604983e-01 6.977412e-02
3.659385e-01 8.290048e-01
6.968202e-02 9.604197e-01
4.439086e-02 9.663016e-01
6.619722e-01 6.126374e-01
8.816983e-01 2.670023e-01
7.978397e-01 4.580774e-01
5.689454e-01 7.066235e-01
2.945802e-01 8.662844e-01
5.095629e-01 7.374660e-01
2.293861e-01 9.008518e-01
8.841261e-01 2.585860e-01
1.397572e-01 9.349302e-01
9.387520e-02 9.441422e-01
9.207549e-01 1.659517e-01
8.011968e-01 4.362401e-01
9.166758e-01 1.765437e-01
2.130741e-01 9.062117e-01
9.332254e-01 1.255575e-01
8.274956e-01 3.784614e-01
7.963014e-02 9.501228e-01
8.677805e-01 3.092833e-01
2.474771e-01 8.956921e-01
7.837176e-01 4.675617e-01
5.499513e-01 7.194242e-01
6.671844e-01 5.994774e-01
6.369125e-01 6.516036e-01
7.292767e-01 5.389868e-01
4.055791e-01 8.083558e-01
4.851520e-01 7.599609e-01
4.734538e-01 7.725826e-01
7.575092e-01 5.027581e-01
9.719032e-01 2.246106e-02
8.026121e-01 4.210639e-01
3.107817e-01 8.614280e-01
5.827185e-01 6.877106e-01
9.018318e-01 2.142136e-01
7.327433e-01 5.307665e-01
9.696605e-01 3.571876e-02
5.331025e-01 7.280151e-01
1.516572e-01 9.298033e-01
1.158502e-01 9.365879e-01
1.877269e-01 9.140296e-01
4.663519e-01 7.786151e-01
1.980630e-01 9.106081e-01
8.346332e-01 3.613745e-01
4.968048e-01 7.471486e-01
5.329100e-01 7.367900e-01
7.675830e-01 4.797343e-01
7.625727e-01 4.955600e-01
8.433114e-01 3.430804e-01
6.401166e-01 6.495796e-01
8.495497e-01 3.343082e-01
5.814248e-01 6.887378e-01
9.448464e-01 1.062723e-01
4.206676e-01 8.064999e-01
4.354689e-01 7.947496e-01
5.528922e-01 7.081210e-01
2.652737e-01 8.874727e-01
9.363724e-01 1.132510e-01
7.144101e-01 5.510298e-01
3.606175e-01 8.363515e-01
8.998566e-01 2.213828e-01
7.482780e-01 5.178980e-01
1.101128e-01 9.387828e-01
3.495479e-01 8.427915e-01
8.183388e-01 3.858536e-01
8.152252e-01 3.954992e-01
7.451311e-01 5.200865e-01
2.799004e-01 8.780163e-01
7.721211e-01 4.719874e-01
1.759127e-01 9.219756e-01
8.406998e-01 3.583977e-01
4.483237e-01 7.865256e-01
4.266304e-01 7.969434e-01
3.404089e-01 8.455956e-01
9.643037e-01 4.948531e-02
2.575914e-01 8.888059e-01
4.519263e-01 7.843384e-01
7.130632e-01 5.529624e-01
8.554476e-01 3.196560e-01
4.912548e-01 7.523197e-01
2.789498e-01 8.790314e-01
9.608624e-01 5.316548e-02
1.655266e-01 9.265362e-01
3.320773e-01 8.515220e-01
8.071702e-01 4.067299e-01
