# This file contains the data of final population
# of objectives = 2, # of constraints = 0, # of real_var = 5, # of bits of bin_var = 0, constr_violation, rank, crowding_distance
2.264283e-01	8.959058e-01	1.598116e-01	2.549460e-01	2.111315e-01	2.776854e-01	2.176584e-01	0.000000e+00	1	2.175676e-02
3.401098e-01	8.435545e-01	2.135706e-01	1.293363e-01	1.287223e-01	1.889761e-01	1.440246e-01	0.000000e+00	1	9.901609e-03
7.600717e-01	4.914227e-01	-7.002916e-02	-8.980155e-02	-5.761031e-02	-1.878098e-01	-1.472590e-02	0.000000e+00	1	1.194155e-02
9.107180e-01	1.909023e-01	-1.981379e-01	-3.015179e-01	-2.933487e-01	-2.445686e-01	-1.945671e-01	0.000000e+00	1	6.428961e-03
8.760251e-01	2.767494e-01	-1.924685e-01	-1.085269e-01	-2.209140e-01	-2.153141e-01	-2.487019e-01	0.000000e+00	1	6.532425e-03
6.514407e-01	6.275575e-01	4.491895e-02	-9.320435e-02	3.642770e-02	-7.763696e-02	5.244623e-02	0.000000e+00	1	1.196791e-02
6.047799e-01	6.673067e-01	5.138823e-02	6.472376e-02	-4.611130e-02	6.374363e-02	-3.746935e-02	0.000000e+00	1	1.099107e-02
3.807254e-02	9.710833e-01	4.404246e-01	3.045355e-01	4.977513e-01	3.562377e-01	3.601365e-01	0.000000e+00	1	3.511445e-03
7.851955e-01	4.407579e-01	-1.095865e-01	-1.229137e-01	-1.283771e-01	-1.077548e-01	-6.626560e-02	0.000000e+00	1	1.063731e-02
4.842270e-01	7.588971e-01	5.691907e-02	1.093927e-01	1.272319e-01	9.940802e-02	3.214875e-02	0.000000e+00	1	1.402895e-03
5.132594e-01	7.403855e-01	4.299706e-02	1.552104e-01	3.496323e-02	5.058696e-02	6.760326e-02	0.000000e+00	1	9.456129e-03
9.077189e-01	1.984256e-01	-2.692549e-01	-2.753383e-01	-2.532951e-01	-1.538072e-01	-2.567528e-01	0.000000e+00	1	6.955673e-03
4.268298e-01	7.982469e-01	1.864830e-01	1.276814e-01	1.280458e-01	4.666737e-02	9.481329e-02	0.000000e+00	1	9.105871e-03
5.307532e-01	7.308637e-01	1.075474e-01	6.769565e-02	-4.317126e-02	7.197333e-02	1.067186e-01	0.000000e+00	1	1.334194e-02
8.999690e-01	2.164836e-01	-2.676120e-01	-2.543970e-01	-2.152584e-01	-1.566111e-01	-2.567528e-01	0.000000e+00	1	7.994326e-03
1.532302e-01	9.239018e-01	2.419513e-01	2.928323e-01	3.262695e-01	2.765612e-01	2.092839e-01	0.000000e+00	1	6.435756e-03
6.034504e-01	6.766568e-01	2.814755e-03	-9.320435e-02	3.226375e-02	1.209843e-01	5.122956e-02	0.000000e+00	1	1.327004e-02
8.669881e-01	3.130896e-01	-1.830924e-01	-2.955915e-01	-2.090353e-01	-1.668849e-01	-6.317051e-02	0.000000e+00	1	1.051000e-02
8.635602e-01	3.137162e-01	-1.074453e-01	-2.032430e-01	-1.370062e-01	-1.610584e-01	-2.942874e-01	0.000000e+00	1	3.510515e-03
6.190020e-01	6.609570e-01	4.059045e-02	-3.423202e-03	-2.344157e-02	1.251452e-01	-7.365191e-02	0.000000e+00	1	8.213947e-03
9.635529e-01	4.842148e-02	-3.623192e-01	-3.970934e-01	-4.386290e-01	-2.697338e-01	-3.558834e-01	0.000000e+00	1	6.529869e-03
1.243730e-01	9.388276e-01	3.871391e-01	2.804419e-01	3.500959e-01	2.042307e-01	2.657726e-01	0.000000e+00	1	5.764828e-03
5.842740e-01	6.828516e-01	5.776005e-04	1.053893e-01	3.688176e-02	-1.241665e-02	2.086975e-02	0.000000e+00	1	5.706331e-03
2.060186e-02	9.827712e-01	4.255476e-01	4.666308e-01	3.969909e-01	5.702668e-01	3.991908e-01	0.000000e+00	1	1.000000e+14
9.252379e-01	1.509900e-01	-1.924855e-01	-3.044341e-01	-3.142177e-01	-2.590821e-01	-2.880578e-01	0.000000e+00	1	5.064608e-03
6.117740e-01	6.620755e-01	9.763555e-02	5.873082e-02	-8.707924e-03	-3.078046e-02	-3.930600e-02	0.000000e+00	1	5.241158e-03
4.486827e-02	9.658408e-01	3.238539e-01	3.360211e-01	4.016354e-01	4.771576e-01	3.233160e-01	0.000000e+00	1	1.882865e-02
7.571265e-02	9.502077e-01	3.672139e-01	3.021813e-01	3.252434e-01	2.765612e-01	3.617794e-01	0.000000e+00	1	9.265642e-03
9.123671e-01	1.841495e-01	-1.967364e-01	-2.820420e-01	-2.090829e-01	-2.615335e-01	-2.978138e-01	0.000000e+00	1	4.073801e-03
9.061848e-01	2.038033e-01	-1.777745e-01	-2.322158e-01	-2.193407e-01	-2.426060e-01	-3.235318e-01	0.000000e+00	1	1.337824e-02
8.178017e-01	3.983802e-01	-1.000737e-01	-2.132383e-01	-1.580929e-01	-4.508578e-02	-1.512719e-01	0.000000e+00	1	6.412828e-03
3.237660e-01	8.561748e-01	2.532125e-01	9.856316e-02	1.233939e-01	1.920452e-01	1.981103e-01	0.000000e+00	1	8.486249e-03
3.094824e-01	8.641951e-01	2.557301e-01	2.497679e-01	1.174497e-01	1.217256e-01	1.644127e-01	0.000000e+00	1	7.202127e-03
1.918544e-01	9.137023e-01	2.602616e-01	2.527843e-01	2.949199e-01	3.077371e-01	1.347840e-01	0.000000e+00	1	1.162693e-02
7.768008e-01	4.671235e-01	-1.095865e-01	-1.229137e-01	-1.817543e-01	-5.950489e-03	-6.626560e-02	0.000000e+00	1	1.097955e-02
1.453197e-01	9.273319e-01	2.755426e-01	3.049511e-01	3.252434e-01	2.765612e-01	1.955804e-01	0.000000e+00	1	2.182008e-03
6.450229e-01	6.365458e-01	4.459531e-02	-1.430860e-02	-1.260756e-01	6.640087e-03	7.595594e-02	0.000000e+00	1	7.650436e-03
9.206226e-01	1.654066e-01	-1.924855e-01	-3.034865e-01	-2.540190e-01	-3.259477e-01	-2.392781e-01	0.000000e+00	1	7.346685e-03
1.817228e-01	9.175113e-01	1.692733e-01	2.633703e-01	2.891224e-01	3.471640e-01	2.137566e-01	0.000000e+00	1	2.067904e-03
8.017723e-01	4.377999e-01	-1.430929e-01	-1.014219e-01	2.355073e-02	-1.943012e-01	-1.674771e-01	0.000000e+00	1	1.567008e-02
7.955326e-01	4.378056e-01	-6.461760e-02	-8.474285e-02	-2.193680e-01	-6.088550e-02	-1.357978e-01	0.000000e+00	1	6.922113e-03
8.360375e-01	3.650660e-01	-1.408578e-01	-2.215562e-01	-1.973217e-01	-1.426346e-01	-5.447364e-02	0.000000e+00	1	5.546879e-03
8.060321e-01	4.121331e-01	-1.584594e-01	-8.778694e-02	-1.888190e-01	-1.000952e-01	-8.468178e-02	0.000000e+00	1	5.885398e-03
7.415945e-01	5.107890e-01	-1.047552e-01	-1.229137e-01	-4.763210e-02	-5.950489e-03	-7.554877e-02	0.000000e+00	1	9.757401e-03
1.126560e-01	9.414534e-01	2.310453e-01	3.359867e-01	3.207339e-01	2.453752e-01	3.864965e-01	0.000000e+00	1	1.038283e-02
6.102838e-01	6.622921e-01	-4.600931e-02	1.053893e-01	2.587920e-02	-7.510802e-03	2.323825e-03	0.000000e+00	1	6.354727e-03
6.237453e-01	6.514010e-01	-8.189802e-02	5.804920e-02	5.810178e-02	3.717201e-02	-2.874724e-02	0.000000e+00	1	3.552063e-03
8.540874e-01	3.289942e-01	-1.786905e-01	-1.438563e-01	-9.154822e-02	-1.716276e-01	-2.672085e-01	0.000000e+00	1	1.065551e-02
6.617652e-01	6.132466e-01	-5.533304e-02	6.167306e-03	8.684319e-02	-5.844868e-02	-5.416326e-02	0.000000e+00	1	7.427396e-03
6.450229e-01	6.365458e-01	4.459531e-02	-1.430860e-02	-1.260756e-01	6.640087e-03	7.595594e-02	0.000000e+00	1	2.289898e-03
7.382686e-01	5.153439e-01	-1.047552e-01	-1.229137e-01	-4.763210e-02	-5.950489e-03	-6.317051e-02	0.000000e+00	1	1.710125e-03
8.263403e-01	3.843098e-01	-9.540228e-02	-2.032430e-01	-1.973217e-01	-1.610584e-01	-5.049234e-02	0.000000e+00	1	1.022272e-02
3.740816e-01	8.279838e-01	2.158917e-01	1.070260e-01	1.134377e-01	1.789699e-01	1.067186e-01	0.000000e+00	1	1.597712e-02
7.326742e-01	5.236377e-01	-4.565328e-02	-1.388574e-01	-1.847299e-02	-8.763263e-02	-3.233365e-02	0.000000e+00	1	1.248020e-02
9.123671e-01	1.841495e-01	-1.967364e-01	-2.820420e-01	-2.090829e-01	-2.615335e-01	-2.978138e-01	0.000000e+00	1	3.551645e-03
9.695104e-01	2.846542e-02	-4.460805e-01	-3.813579e-01	-3.764858e-01	-3.098709e-01	-4.212381e-01	0.000000e+00	1	6.135550e-03
9.440448e-01	1.098265e-01	-3.602470e-01	-2.820420e-01	-2.090829e-01	-3.975391e-01	-2.978138e-01	0.000000e+00	1	6.870133e-03
8.040593e-01	4.160977e-01	-1.584594e-01	-8.778694e-02	-1.887080e-01	-9.679974e-02	-7.864874e-02	0.000000e+00	1	1.513525e-02
4.341485e-01	7.946152e-01	5.336865e-02	8.739659e-02	1.265021e-01	1.990168e-01	1.002496e-01	0.000000e+00	1	1.893064e-02
4.117884e-01	8.083387e-01	1.765336e-01	1.401444e-01	1.294673e-01	2.931465e-02	1.513976e-01	0.000000e+00	1	4.862883e-03
9.689267e-01	3.429222e-02	-4.516728e-01	-4.239023e-01	-3.314166e-01	-3.087753e-01	-4.053020e-01	0.000000e+00	1	9.239199e-03
7.248249e-01	5.286270e-01	-7.002916e-02	-8.980155e-02	-5.761031e-02	-6.871963e-02	-1.472590e-02	0.000000e+00	1	1.497054e-02
3.040223e-01	8.657273e-01	1.660709e-01	2.549460e-01	8.752616e-02	2.187436e-01	1.925450e-01	0.000000e+00	1	6.595253e-03
7.535033e-01	4.983153e-01	-2.395813e-02	-9.386347e-02	-2.662653e-02	-8.736773e-02	-1.654346e-01	0.000000e+00	1	6.991073e-03
8.570486e-01	3.236070e-01	-1.912478e-01	-1.438563e-01	-8.444450e-02	-1.874233e-01	-2.618909e-01	0.000000e+00	1	2.150775e-03
7.842094e-01	4.469506e-01	-1.430929e-01	-1.014439e-01	-5.178355e-02	-7.599199e-02	-1.538002e-01	0.000000e+00	1	1.272106e-02
3.975400e-01	8.147203e-01	5.860985e-02	1.299291e-01	1.270642e-01	1.921668e-01	1.513976e-01	0.000000e+00	1	6.141903e-03
8.130000e-01	4.063264e-01	-6.941710e-02	-8.125314e-02	-1.034653e-01	-1.854749e-01	-2.061778e-01	0.000000e+00	1	5.526766e-03
9.236512e-01	1.580528e-01	-1.924855e-01	-2.515898e-01	-3.445238e-01	-2.681780e-01	-2.850902e-01	0.000000e+00	1	1.725835e-03
4.760690e-01	7.634525e-01	5.336865e-02	1.093927e-01	1.272319e-01	5.429345e-02	1.002496e-01	0.000000e+00	1	1.273177e-02
8.943933e-01	2.336910e-01	-1.923962e-01	-3.048868e-01	-2.464928e-01	-1.757659e-01	-1.883540e-01	0.000000e+00	1	1.221191e-02
5.870070e-01	6.805779e-01	-1.119540e-02	-7.106616e-03	9.818836e-02	5.349364e-02	1.024117e-02	0.000000e+00	1	3.050757e-03
3.294279e-01	8.553103e-01	9.518496e-02	9.966738e-02	2.443914e-01	1.968088e-01	2.212222e-01	0.000000e+00	1	5.330103e-03
8.367262e-01	3.621652e-01	-1.515140e-01	-9.251760e-02	-1.212119e-01	-1.426346e-01	-2.538668e-01	0.000000e+00	1	1.334023e-02
4.954878e-01	7.509023e-01	4.459531e-02	1.039978e-01	3.808490e-02	1.282318e-01	7.961472e-02	0.000000e+00	1	7.355152e-03
8.728613e-01	2.946452e-01	-2.041949e-01	-9.314653e-02	-2.724913e-01	-1.398225e-01	-2.481768e-01	0.000000e+00	1	1.149075e-02
6.654924e-01	6.026398e-01	2.156099e-02	-5.487601e-02	2.994683e-02	-3.385308e-02	-5.903218e-02	0.000000e+00	1	1.890748e-02
1.692568e-01	9.204097e-01	2.755426e-01	2.800473e-01	3.252434e-01	2.672851e-01	1.630163e-01	0.000000e+00	1	1.114985e-02
6.367935e-01	6.412569e-01	-5.205671e-02	6.999190e-02	-9.029408e-02	3.405023e-02	4.522094e-02	0.000000e+00	1	9.095405e-03
8.360375e-01	3.650660e-01	-1.408578e-01	-2.215562e-01	-1.973217e-01	-1.426346e-01	-5.447364e-02	0.000000e+00	1	5.833820e-03
3.536466e-01	8.434741e-01	2.323870e-01	6.226806e-02	2.015472e-01	1.869868e-01	1.095669e-01	0.000000e+00	1	1.286899e-02
5.618013e-01	7.036724e-01	-1.119540e-02	9.966738e-02	8.693898e-02	5.429345e-02	-1.101310e-02	0.000000e+00	1	9.311156e-03
4.715163e-01	7.706932e-01	1.765336e-01	5.991778e-02	3.453166e-02	9.048356e-02	1.052854e-01	0.000000e+00	1	1.676143e-02
4.497162e-01	7.847346e-01	1.864830e-01	6.600175e-02	1.258082e-01	5.163682e-02	9.474266e-02	0.000000e+00	1	1.574784e-02
7.955326e-01	4.378056e-01	-6.461760e-02	-8.474285e-02	-2.193680e-01	-6.088550e-02	-1.357978e-01	0.000000e+00	1	3.260224e-03
3.003308e-01	8.677126e-01	2.602518e-01	1.520481e-01	1.199441e-01	1.485563e-01	2.503155e-01	0.000000e+00	1	5.437784e-03
3.571503e-01	8.358663e-01	1.692733e-01	1.541627e-01	1.222958e-01	2.165835e-01	1.008714e-01	0.000000e+00	1	1.867327e-02
2.404766e-01	8.896439e-01	1.692733e-01	2.549460e-01	2.647777e-01	1.931525e-01	1.961826e-01	0.000000e+00	1	2.323762e-02
2.923407e-01	8.720837e-01	2.137856e-01	1.012570e-01	2.871309e-01	1.775297e-01	1.765439e-01	0.000000e+00	1	8.680457e-03
8.797008e-01	2.716343e-01	-1.948959e-01	-1.022262e-01	-2.209140e-01	-2.251717e-01	-2.634818e-01	0.000000e+00	1	2.890237e-03
3.920965e-01	8.220413e-01	3.402719e-02	2.150482e-01	1.350920e-01	1.347729e-01	1.677924e-01	0.000000e+00	1	2.951513e-03
6.900047e-01	5.838579e-01	-5.533304e-02	-8.421915e-02	8.684319e-02	-5.763250e-02	-5.427211e-02	0.000000e+00	1	2.926803e-03
6.406881e-01	6.365980e-01	-8.826471e-02	5.873082e-02	-8.532086e-03	7.104452e-02	-3.930600e-02	0.000000e+00	1	4.863084e-03
7.116950e-01	5.534527e-01	-4.299800e-02	2.757447e-02	-7.138331e-02	-1.279884e-01	-2.978948e-02	0.000000e+00	1	8.708372e-03
5.243461e-01	7.339222e-01	1.218828e-01	9.735978e-02	9.147891e-02	-1.189724e-02	2.590962e-02	0.000000e+00	1	6.685020e-03
3.653387e-02	9.729316e-01	4.146412e-01	3.502774e-01	3.812419e-01	3.218002e-01	5.289423e-01	0.000000e+00	1	8.413103e-03
3.988167e-02	9.695187e-01	4.501920e-01	2.751859e-01	4.408098e-01	3.470015e-01	4.153879e-01	0.000000e+00	1	6.256929e-03
2.973817e-01	8.695415e-01	2.411353e-01	1.508170e-01	2.672508e-01	1.779734e-01	1.040730e-01	0.000000e+00	1	2.484700e-03
7.613647e-01	4.831498e-01	-1.047552e-01	-1.030285e-01	-8.720126e-02	-5.950489e-03	-1.310821e-01	0.000000e+00	1	7.842753e-03
4.954878e-01	7.509023e-01	4.459531e-02	1.039978e-01	3.808490e-02	1.282318e-01	7.961472e-02	0.000000e+00	1	8.607336e-03
9.520169e-01	8.038361e-02	-4.296593e-01	-2.597941e-01	-3.099417e-01	-3.257536e-01	-3.256885e-01	0.000000e+00	1	1.852309e-02
7.826458e-01	4.627970e-01	-1.047552e-01	-1.229137e-01	-2.090353e-01	-5.950489e-03	-6.317051e-02	0.000000e+00	1	1.429310e-02
4.206233e-01	8.024670e-01	1.069079e-01	1.540417e-01	3.464706e-02	1.346583e-01	1.712738e-01	0.000000e+00	1	3.705440e-03
3.294279e-01	8.553103e-01	9.518496e-02	9.966738e-02	2.443914e-01	1.968088e-01	2.212222e-01	0.000000e+00	1	3.987565e-03
9.171133e-01	1.709962e-01	-1.924855e-01	-3.044341e-01	-2.559093e-01	-2.463895e-01	-2.880578e-01	0.000000e+00	1	9.060004e-03
1.483122e-01	9.260926e-01	2.755426e-01	2.928323e-01	3.262695e-01	2.765612e-01	1.952592e-01	0.000000e+00	1	3.139851e-03
8.773707e-01	2.724561e-01	-1.924685e-01	-1.145953e-01	-2.209140e-01	-2.251717e-01	-2.421848e-01	0.000000e+00	1	4.562350e-03
4.842270e-01	7.588971e-01	5.691907e-02	1.093927e-01	1.272319e-01	9.940802e-02	3.214875e-02	0.000000e+00	1	6.613005e-03
6.834037e-01	5.918740e-01	-3.200718e-02	-9.320435e-02	3.125166e-02	-9.921173e-02	5.121014e-02	0.000000e+00	1	8.096031e-03
4.102839e-01	8.101787e-01	1.935697e-01	1.299291e-01	1.294673e-01	2.931465e-02	1.513976e-01	0.000000e+00	1	8.506555e-03
5.838865e-01	6.884674e-01	-5.300825e-02	5.988052e-02	-8.831312e-03	5.324382e-02	1.105249e-01	0.000000e+00	1	5.199837e-03
7.115642e-01	5.609898e-01	-1.095062e-01	-6.122675e-02	-1.249016e-01	2.459957e-02	3.621968e-02	0.000000e+00	1	1.007705e-02
8.820142e-01	2.715540e-01	-2.655091e-01	-1.106974e-01	-2.193680e-01	-1.514771e-01	-2.705545e-01	0.000000e+00	1	1.249147e-03
1.334613e-01	9.332882e-01	2.755426e-01	2.800473e-01	3.252434e-01	3.553927e-01	1.971633e-01	0.000000e+00	1	6.706856e-03
5.422438e-01	7.200467e-01	1.187385e-01	9.966738e-02	1.319004e-02	5.429345e-02	-1.101310e-02	0.000000e+00	1	5.045279e-03
9.606210e-01	5.350616e-02	-4.296593e-01	-3.991232e-01	-3.308271e-01	-2.921142e-01	-3.256885e-01	0.000000e+00	1	1.598627e-02
9.778035e-01	2.049444e-02	-3.438435e-01	-4.904497e-01	-3.788615e-01	-4.105063e-01	-4.934001e-01	0.000000e+00	1	3.219269e-03
9.674273e-01	4.423856e-02	-4.874731e-01	-4.179299e-01	-3.314166e-01	-3.271967e-01	-3.249206e-01	0.000000e+00	1	7.735929e-03
4.498468e-01	7.800008e-01	1.212122e-01	1.093927e-01	1.272319e-01	5.429345e-02	1.002496e-01	0.000000e+00	1	7.994422e-03
9.166243e-01	1.788985e-01	-1.846275e-01	-2.556112e-01	-2.862163e-01	-3.350746e-01	-2.171042e-01	0.000000e+00	1	6.000746e-03
3.397537e-01	8.486000e-01	1.692733e-01	1.047384e-01	2.566052e-01	1.863021e-01	1.063384e-01	0.000000e+00	1	5.736611e-03
7.138910e-01	5.446596e-01	-2.395813e-02	-9.386347e-02	-4.371437e-02	-8.736773e-02	-1.085608e-02	0.000000e+00	1	6.645051e-03
5.513095e-01	7.057369e-01	6.303713e-02	5.201274e-02	4.972095e-02	1.714549e-02	5.391002e-02	0.000000e+00	1	7.171700e-03
5.902311e-01	6.782878e-01	-1.529183e-02	9.966738e-02	3.984759e-04	5.429345e-02	-3.821161e-03	0.000000e+00	1	7.743795e-03
4.155148e-01	8.060531e-01	1.765336e-01	1.299648e-01	1.294673e-01	2.931465e-02	1.513976e-01	0.000000e+00	1	4.282185e-03
1.822587e-01	9.172612e-01	1.692733e-01	2.633703e-01	2.870638e-01	3.471640e-01	2.137566e-01	0.000000e+00	1	7.257569e-03
5.052031e-01	7.464840e-01	1.357187e-01	1.943356e-02	9.453387e-02	9.762924e-02	2.651065e-02	0.000000e+00	1	1.086622e-02
6.507816e-01	6.275594e-01	-9.299736e-02	6.674640e-02	-3.601280e-02	6.374363e-02	-3.746935e-02	0.000000e+00	1	3.440948e-04
1.518805e-01	9.246046e-01	2.755426e-01	2.800473e-01	3.252434e-01	2.765612e-01	1.955804e-01	0.000000e+00	1	3.699537e-03
4.853421e-01	7.573089e-01	3.101352e-02	9.274050e-02	1.272975e-01	8.052700e-02	8.864173e-02	0.000000e+00	1	1.001023e-02
9.269165e-01	1.469545e-01	-1.924855e-01	-3.034705e-01	-2.772443e-01	-2.748654e-01	-3.255566e-01	0.000000e+00	1	7.440084e-03
8.688629e-02	9.492337e-01	3.613409e-01	3.078725e-01	2.262354e-01	3.552647e-01	3.646372e-01	0.000000e+00	1	9.324571e-03
7.469218e-01	5.046095e-01	-2.197306e-03	-5.041242e-02	-1.315790e-01	-1.019929e-01	-8.928098e-02	0.000000e+00	1	1.266333e-02
5.902311e-01	6.782878e-01	-1.529183e-02	9.966738e-02	3.984759e-04	5.429345e-02	-3.821161e-03	0.000000e+00	1	2.417692e-03
7.130136e-01	5.456035e-01	-2.395813e-02	-9.386347e-02	-4.371437e-02	-8.449594e-02	-1.085608e-02	0.000000e+00	1	5.690749e-03
8.926336e-01	2.415349e-01	-1.496940e-01	-2.755959e-01	-2.391972e-01	-1.566111e-01	-2.718077e-01	0.000000e+00	1	7.125004e-03
8.570486e-01	3.236070e-01	-1.912478e-01	-1.438563e-01	-8.444450e-02	-1.874233e-01	-2.618909e-01	0.000000e+00	1	4.330011e-03
7.224676e-01	5.422952e-01	-1.047552e-01	-1.229137e-01	-7.044325e-02	-5.950489e-03	2.439386e-02	0.000000e+00	1	1.399367e-02
9.078385e-01	1.920148e-01	-1.999933e-01	-2.322158e-01	-2.497332e-01	-2.426060e-01	-2.890781e-01	0.000000e+00	1	5.453739e-03
3.949128e-01	8.196366e-01	2.126138e-01	1.860832e-01	5.612474e-02	1.112869e-01	1.105249e-01	0.000000e+00	1	6.625238e-03
5.875584e-01	6.802662e-01	-8.209168e-03	9.966738e-02	3.984759e-04	5.429345e-02	-3.821161e-03	0.000000e+00	1	2.866658e-03
5.073390e-01	7.418477e-01	7.676101e-02	9.735978e-02	1.124584e-01	4.878797e-02	2.590962e-02	0.000000e+00	1	7.029186e-03
6.507816e-01	6.275594e-01	-9.299736e-02	6.674640e-02	-3.601280e-02	6.374363e-02	-3.746935e-02	0.000000e+00	1	4.644234e-03
3.172199e-01	8.616558e-01	2.700879e-01	2.144067e-01	9.453387e-02	1.190739e-01	1.943278e-01	0.000000e+00	1	2.957740e-03
9.217373e-01	1.614515e-01	-1.952413e-01	-2.528254e-01	-2.559093e-01	-3.337316e-01	-2.880578e-01	0.000000e+00	1	3.719301e-03
1.444895e-01	9.274364e-01	2.868882e-01	2.928323e-01	3.262695e-01	2.765612e-01	1.966755e-01	0.000000e+00	1	2.107299e-03
9.646658e-01	4.495682e-02	-4.676831e-01	-3.534613e-01	-3.740703e-01	-3.012071e-01	-3.466035e-01	0.000000e+00	1	4.184323e-03
1.474900e-01	9.262452e-01	2.735499e-01	2.800473e-01	3.252434e-01	2.922715e-01	1.970478e-01	0.000000e+00	1	2.202690e-03
9.227346e-01	1.603433e-01	-1.924855e-01	-2.515898e-01	-3.445238e-01	-2.681780e-01	-2.768959e-01	0.000000e+00	1	2.755631e-03
5.788635e-01	6.901524e-01	9.763555e-02	5.873082e-02	-6.109109e-03	6.059785e-02	-3.930600e-02	0.000000e+00	1	1.387905e-02
6.900047e-01	5.838579e-01	-5.533304e-02	-8.421915e-02	8.684319e-02	-5.763250e-02	-5.427211e-02	0.000000e+00	1	1.182820e-03
8.570486e-01	3.236070e-01	-1.912478e-01	-1.438563e-01	-8.444450e-02	-1.874233e-01	-2.618909e-01	0.000000e+00	1	4.962949e-03
9.269165e-01	1.469545e-01	-1.924855e-01	-3.034705e-01	-2.772443e-01	-2.748654e-01	-3.255566e-01	0.000000e+00	1	3.206500e-03
4.174401e-01	8.025272e-01	1.508061e-01	6.025848e-02	1.463324e-01	1.614800e-01	8.588495e-02	0.000000e+00	1	3.364450e-03
5.243461e-01	7.339222e-01	1.218828e-01	9.735978e-02	9.147891e-02	-1.189724e-02	2.590962e-02	0.000000e+00	1	7.368235e-03
8.820142e-01	2.715540e-01	-2.655091e-01	-1.106974e-01	-2.193680e-01	-1.514771e-01	-2.705545e-01	0.000000e+00	1	1.332978e-02
8.681560e-01	2.980222e-01	-1.978519e-01	-8.023978e-02	-2.019913e-01	-2.376471e-01	-2.171042e-01	0.000000e+00	1	1.259821e-02
2.746826e-02	9.766508e-01	4.363384e-01	5.065254e-01	3.969909e-01	2.999416e-01	4.449674e-01	0.000000e+00	1	6.654658e-03
3.916586e-01	8.220606e-01	2.107934e-01	7.594130e-02	1.175488e-01	7.970142e-02	2.032107e-01	0.000000e+00	1	4.183963e-03
6.237453e-01	6.514010e-01	-8.189802e-02	5.804920e-02	5.810178e-02	3.717201e-02	-2.874724e-02	0.000000e+00	1	4.826465e-03
9.431623e-01	1.157693e-01	-4.296593e-01	-2.597941e-01	-2.249351e-01	-2.941549e-01	-3.256885e-01	0.000000e+00	1	1.547983e-02
9.134856e-01	1.789430e-01	-2.758503e-01	-2.811094e-01	-2.391972e-01	-1.899808e-01	-2.718077e-01	0.000000e+00	1	4.936141e-03
6.195322e-01	6.540184e-01	2.213719e-02	3.196100e-02	2.439575e-02	-8.829647e-02	6.291816e-02	0.000000e+00	1	7.414754e-03
6.617652e-01	6.132466e-01	-5.533304e-02	6.167306e-03	8.684319e-02	-5.844868e-02	-5.416326e-02	0.000000e+00	1	1.162877e-03
4.235910e-01	8.015704e-01	3.702220e-02	1.093927e-01	1.537591e-01	1.889413e-01	1.070110e-01	0.000000e+00	1	5.421010e-03
3.849687e-01	8.229372e-01	1.811751e-01	1.523311e-01	8.833305e-02	1.972535e-01	7.697767e-02	0.000000e+00	1	4.844937e-03
9.710324e-01	2.454720e-02	-4.460805e-01	-3.813579e-01	-3.764858e-01	-3.229307e-01	-4.390532e-01	0.000000e+00	1	8.226092e-03
6.340739e-02	9.568497e-01	3.509154e-01	2.854915e-01	3.238248e-01	3.260371e-01	4.341387e-01	0.000000e+00	1	2.418110e-02
9.440448e-01	1.098265e-01	-3.602470e-01	-2.820420e-01	-2.090829e-01	-3.975391e-01	-2.978138e-01	0.000000e+00	1	3.532004e-03
8.150872e-01	3.998815e-01	-1.430929e-01	-1.014439e-01	-5.178355e-02	-1.943012e-01	-1.674771e-01	0.000000e+00	1	6.613279e-03
8.113645e-01	4.068153e-01	-1.999933e-01	-1.476712e-01	-1.458651e-01	-4.877562e-02	-9.815460e-02	0.000000e+00	1	6.638476e-03
5.475605e-01	7.145774e-01	6.317972e-02	5.963474e-02	-2.905355e-02	5.324382e-02	1.105249e-01	0.000000e+00	1	1.025494e-02
4.001948e-01	8.130877e-01	5.860985e-02	1.299291e-01	1.270642e-01	1.921668e-01	1.440246e-01	0.000000e+00	1	8.999841e-03
8.437455e-01	3.434428e-01	-1.912488e-01	-1.438563e-01	-8.444450e-02	-1.716276e-01	-2.113050e-01	0.000000e+00	1	1.334023e-02
9.237019e-01	1.579810e-01	-1.924836e-01	-2.515898e-01	-3.449449e-01	-2.681780e-01	-2.850902e-01	0.000000e+00	1	4.478428e-03
3.187452e-01	8.609402e-01	2.684247e-01	2.144067e-01	9.453387e-02	1.164951e-01	1.944355e-01	0.000000e+00	1	6.249905e-03
5.129218e-01	7.406795e-01	4.299706e-02	1.556743e-01	3.496323e-02	5.058696e-02	6.816039e-02	0.000000e+00	1	3.846308e-03
5.434672e-01	7.176581e-01	3.491345e-02	-3.918284e-03	1.297075e-01	3.842198e-02	6.950642e-02	0.000000e+00	1	5.602055e-03
4.165880e-01	8.049010e-01	1.632552e-01	1.366747e-01	1.294673e-01	2.931465e-02	1.536277e-01	0.000000e+00	1	2.827284e-03
3.143420e-01	8.622155e-01	2.703969e-01	9.977678e-02	1.233939e-01	2.053702e-01	1.981103e-01	0.000000e+00	1	5.351588e-03
8.925046e-01	2.455697e-01	-1.923962e-01	-1.211146e-01	-2.961199e-01	-2.686133e-01	-2.110090e-01	0.000000e+00	1	7.728072e-03
6.507816e-01	6.275594e-01	-9.299736e-02	6.674640e-02	-3.601280e-02	6.374363e-02	-3.746935e-02	0.000000e+00	1	3.007168e-03
8.282837e-01	3.756585e-01	-9.492366e-02	-1.438563e-01	-8.444450e-02	-1.870797e-01	-2.113050e-01	0.000000e+00	1	1.500767e-02
8.972086e-01	2.225267e-01	-1.967364e-01	-2.820420e-01	-2.090829e-01	-2.615335e-01	-1.816910e-01	0.000000e+00	1	1.180364e-02
3.772832e-01	8.252877e-01	1.201182e-01	2.144067e-01	1.571969e-01	1.164951e-01	1.022664e-01	0.000000e+00	1	5.441024e-03
5.810919e-01	6.896988e-01	-2.658433e-02	5.963474e-02	-2.905355e-02	5.324382e-02	1.105249e-01	0.000000e+00	1	3.492998e-03
9.773922e-01	2.050977e-02	-4.874731e-01	-4.179299e-01	-3.197361e-01	-4.099014e-01	-4.717482e-01	0.000000e+00	1	5.629247e-03
7.385164e-01	5.149992e-01	-1.047552e-01	-1.229137e-01	-4.763210e-02	-5.950489e-03	-6.409740e-02	0.000000e+00	1	4.090226e-03
9.295607e-01	1.334986e-01	-2.989348e-01	-2.751510e-01	-2.659573e-01	-3.256225e-01	-2.373061e-01	0.000000e+00	1	1.264978e-02
7.076423e-01	5.688576e-01	-7.095547e-02	7.445392e-02	-1.096367e-01	2.741888e-03	-1.137595e-01	0.000000e+00	1	2.189039e-02
7.368258e-01	5.166006e-01	-4.565328e-02	-1.388574e-01	-3.980781e-02	-8.324537e-02	-3.233365e-02	0.000000e+00	1	7.206777e-03
8.058275e-01	4.126102e-01	-1.584594e-01	-8.778694e-02	-1.888190e-01	-1.016068e-01	-8.212697e-02	0.000000e+00	1	3.078747e-03
1.233272e-01	9.391837e-01	2.310453e-01	3.359867e-01	3.207339e-01	2.173492e-01	3.864965e-01	0.000000e+00	1	7.473725e-03
5.635598e-01	6.988449e-01	1.085995e-01	1.896461e-02	2.426634e-02	4.063427e-02	1.494497e-02	0.000000e+00	1	1.589427e-02
2.746826e-02	9.766508e-01	4.363384e-01	5.065254e-01	3.969909e-01	2.999416e-01	4.449674e-01	0.000000e+00	1	6.747563e-03
5.522134e-01	7.054004e-01	4.281581e-02	6.759209e-02	1.518820e-02	4.253952e-02	6.592459e-02	0.000000e+00	1	6.543984e-03
2.706496e-01	8.816818e-01	9.495588e-02	2.549460e-01	2.647777e-01	2.058648e-01	1.961826e-01	0.000000e+00	1	1.313206e-02
8.232353e-01	3.903395e-01	-8.214632e-02	-1.438563e-01	-8.444450e-02	-1.338755e-01	-2.477867e-01	0.000000e+00	1	7.509255e-03
7.535033e-01	4.983153e-01	-2.395813e-02	-9.386347e-02	-2.662653e-02	-8.736773e-02	-1.654346e-01	0.000000e+00	1	6.688658e-03
9.783994e-01	1.529796e-02	-4.743251e-01	-4.179299e-01	-4.433914e-01	-3.315593e-01	-4.680244e-01	0.000000e+00	1	1.000000e+14
8.198624e-01	3.922965e-01	-1.786905e-01	-9.244357e-02	-1.818895e-01	-1.716276e-01	-5.509455e-02	0.000000e+00	1	6.992031e-03
6.789338e-01	5.940037e-01	-6.590452e-02	7.314434e-02	-1.847299e-02	-8.763263e-02	-3.233365e-02	0.000000e+00	1	1.491414e-02
1.798950e-01	9.188749e-01	2.642692e-01	2.797425e-01	3.058824e-01	3.085741e-01	1.347840e-01	0.000000e+00	1	8.005573e-03
7.571265e-02	9.502077e-01	3.672139e-01	3.021813e-01	3.252434e-01	2.765612e-01	3.617794e-01	0.000000e+00	1	6.927096e-03
3.842712e-01	8.239732e-01	2.405378e-01	1.241513e-01	1.234465e-01	9.948413e-02	1.123648e-01	0.000000e+00	1	2.850476e-03
8.441509e-01	3.428350e-01	-1.912488e-01	-1.438563e-01	-8.444450e-02	-1.716276e-01	-2.132746e-01	0.000000e+00	1	6.540458e-03
2.162108e-01	9.072312e-01	2.367527e-01	1.466031e-01	2.329886e-01	3.675531e-01	2.090613e-01	0.000000e+00	1	2.246763e-02
1.302819e-01	9.350540e-01	2.801012e-01	2.809483e-01	3.272003e-01	3.660000e-01	1.961826e-01	0.000000e+00	1	7.607151e-03
2.851618e-01	8.739943e-01	1.692733e-01	2.565675e-01	2.506194e-01	1.863021e-01	1.075398e-01	0.000000e+00	1	1.035018e-02
8.746396e-01	2.823373e-01	-1.924685e-01	-9.463784e-02	-2.209140e-01	-2.251717e-01	-2.421848e-01	0.000000e+00	1	1.090039e-02
4.573720e-01	7.769991e-01	3.702220e-02	1.093927e-01	1.095805e-01	1.483319e-01	9.277736e-02	0.000000e+00	1	1.612242e-02
1.064398e-01	9.422159e-01	2.768585e-01	3.078725e-01	2.262354e-01	3.552647e-01	3.646372e-01	0.000000e+00	1	1.385333e-02
8.501268e-01	3.372331e-01	-1.777745e-01	-2.322158e-01	-2.193407e-01	-8.263375e-02	-1.190886e-01	0.000000e+00	1	1.234017e-02
1.951705e-01	9.078059e-01	2.470333e-01	2.549460e-01	2.647777e-01	2.750570e-01	1.694275e-01	0.000000e+00	1	1.605908e-02
1.610060e-01	9.213694e-01	2.524578e-01	2.800473e-01	3.272674e-01	2.672851e-01	1.963832e-01	0.000000e+00	1	1.017114e-02
6.401223e-01	6.410054e-01	1.950132e-02	-9.440689e-02	-4.682850e-02	1.596920e-02	1.071384e-01	0.000000e+00	1	4.440890e-03
1.423665e-01	9.284264e-01	2.671240e-01	3.360211e-01	3.208501e-01	2.197366e-01	2.445590e-01	0.000000e+00	1	4.646773e-03
9.259856e-01	1.504880e-01	-1.862287e-01	-3.005678e-01	-2.771989e-01	-2.746747e-01	-3.255566e-01	0.000000e+00	1	2.961877e-03
8.916994e-02	9.445356e-01	3.543306e-01	2.866974e-01	3.262695e-01	3.085741e-01	2.886014e-01	0.000000e+00	1	1.084618e-02
8.822291e-02	9.448018e-01	3.543306e-01	2.899678e-01	3.262695e-01	3.085741e-01	2.886014e-01	0.000000e+00	1	3.620171e-03
3.815473e-01	8.249968e-01	1.870856e-01	1.541565e-01	9.023903e-02	1.972535e-01	7.697767e-02	0.000000e+00	1	4.327312e-03
6.872580e-01	5.867466e-01	-5.533304e-02	-8.421915e-02	8.684319e-02	-5.518754e-02	-4.789166e-02	0.000000e+00	1	7.588777e-03
2.605487e-01	8.854073e-01	2.755426e-01	2.568574e-01	1.211409e-01	2.257438e-01	1.630163e-01	0.000000e+00	1	1.986619e-02
8.852071e-01	2.489868e-01	-1.923962e-01	-2.076634e-01	-1.963108e-01	-2.710380e-01	-1.825898e-01	0.000000e+00	1	1.890527e-02
1.411854e-01	9.330903e-01	2.330739e-01	2.927606e-01	3.537075e-01	3.556268e-01	1.915591e-01	0.000000e+00	1	7.161429e-03
8.367262e-01	3.621652e-01	-1.515140e-01	-9.251760e-02	-1.212119e-01	-1.426346e-01	-2.538668e-01	0.000000e+00	1	1.858646e-03
6.911232e-01	5.826989e-01	4.459531e-02	-1.430860e-02	-1.260756e-01	6.640087e-03	-7.904000e-02	0.000000e+00	1	1.695964e-02
8.999690e-01	2.164836e-01	-2.676120e-01	-2.543970e-01	-2.152584e-01	-1.566111e-01	-2.567528e-01	0.000000e+00	1	6.367997e-03
8.437455e-01	3.434428e-01	-1.912488e-01	-1.438563e-01	-8.444450e-02	-1.716276e-01	-2.113050e-01	0.000000e+00	1	5.257834e-04
6.274832e-01	6.458378e-01	-7.960375e-02	4.553008e-02	2.820632e-03	-5.950489e-03	6.544904e-02	0.000000e+00	1	1.205417e-02
3.362106e-01	8.507159e-01	9.518496e-02	9.776457e-02	2.174844e-01	2.024608e-01	2.212222e-01	0.000000e+00	1	8.858366e-03
5.417303e-01	7.256660e-01	8.465425e-02	1.078249e-03	1.778548e-03	2.960339e-02	1.697236e-01	0.000000e+00	1	1.158884e-02
9.323140e-01	1.279299e-01	-2.847598e-01	-2.322158e-01	-2.769732e-01	-3.458156e-01	-2.890781e-01	0.000000e+00	1	1.626313e-02
2.772484e-01	8.768659e-01	2.545155e-01	2.404494e-01	1.042234e-01	1.920452e-01	1.981103e-01	0.000000e+00	1	1.154878e-02
2.973817e-01	8.695415e-01	2.411353e-01	1.508170e-01	2.672508e-01	1.779734e-01	1.040730e-01	0.000000e+00	1	3.945413e-03
9.483616e-01	1.008935e-01	-3.134211e-01	-2.751510e-01	-4.456865e-01	-3.256225e-01	-2.373061e-01	0.000000e+00	1	1.937807e-02
9.566331e-01	7.236438e-02	-4.439043e-01	-3.186153e-01	-3.817764e-01	-2.617308e-01	-3.062104e-01	0.000000e+00	1	1.236700e-02
7.664979e-01	4.677309e-01	-9.771164e-02	-8.778694e-02	-9.902591e-02	-9.140040e-02	-8.468178e-02	0.000000e+00	1	1.344841e-02
8.611686e-01	3.140039e-01	-1.823795e-01	-8.686337e-02	-1.862772e-01	-1.716276e-01	-2.659443e-01	0.000000e+00	1	8.510927e-03
7.653871e-01	4.816165e-01	-5.533304e-02	-6.026741e-02	-8.003075e-02	-1.933821e-01	-5.416326e-02	0.000000e+00	1	1.064837e-02
6.605870e-01	6.143066e-01	-1.119540e-02	-9.715913e-02	3.676103e-02	5.349364e-02	-5.335651e-02	0.000000e+00	1	1.278573e-02
9.561009e-01	7.286993e-02	-3.150704e-01	-3.754499e-01	-3.084860e-01	-4.426981e-01	-2.634098e-01	0.000000e+00	1	6.554234e-03
9.820164e-01	2.000671e-02	-3.438435e-01	-4.904497e-01	-4.657603e-01	-4.105063e-01	-5.244367e-01	0.000000e+00	2	1.000000e+14
2.250665e-02	9.848188e-01	4.074460e-01	5.065254e-01	3.969909e-01	5.702668e-01	4.470408e-01	0.000000e+00	2	1.000000e+14
4.377592e-01	7.951396e-01	2.124002e-01	1.066508e-01	3.808490e-02	1.282318e-01	7.901661e-02	0.000000e+00	2	4.479865e-02
3.002629e-01	8.738333e-01	1.658851e-01	2.633703e-01	1.267139e-01	3.008114e-01	1.008714e-01	0.000000e+00	2	4.315403e-02
9.531114e-01	8.815481e-02	-2.706146e-01	-3.847319e-01	-3.084860e-01	-4.426981e-01	-2.524621e-01	0.000000e+00	2	4.234142e-02
6.277975e-01	6.541365e-01	4.059045e-02	-3.423202e-03	-4.763210e-02	1.251452e-01	-7.365191e-02	0.000000e+00	2	4.158213e-02
8.818302e-01	2.751896e-01	-1.567499e-01	-1.118245e-01	-1.860722e-01	-2.974981e-01	-2.617933e-01	0.000000e+00	2	3.976838e-02
6.561307e-01	6.359188e-01	-1.047552e-01	1.177069e-01	-4.763210e-02	7.830087e-02	-7.554877e-02	0.000000e+00	2	3.952038e-02
6.094270e-01	6.691950e-01	2.698499e-02	3.197070e-02	1.297075e-01	-4.487177e-02	-5.094666e-02	0.000000e+00	2	3.939204e-02
5.870467e-01	6.891723e-01	4.436083e-02	1.105308e-01	5.954803e-02	-8.777393e-02	3.214875e-02	0.000000e+00	2	3.912679e-02
9.424507e-01	1.285199e-01	-2.041949e-01	-3.566590e-01	-2.724524e-01	-4.378216e-01	-2.480293e-01	0.000000e+00	2	3.882559e-02
9.275146e-01	1.588145e-01	-1.981379e-01	-3.041698e-01	-3.700086e-01	-3.035057e-01	-1.945671e-01	0.000000e+00	2	3.868182e-02
1.927002e-01	9.154708e-01	1.692733e-01	2.563946e-01	2.891224e-01	3.597801e-01	1.869060e-01	0.000000e+00	2	3.863492e-02
5.128864e-01	7.442284e-01	1.171944e-01	9.966738e-02	5.258668e-03	1.328216e-01	5.183916e-03	0.000000e+00	2	3.781030e-02
8.199092e-01	4.124485e-01	-6.941710e-02	-8.125314e-02	-2.729981e-01	-1.854749e-01	-5.189597e-02	0.000000e+00	2	3.764475e-02
4.957072e-01	7.526904e-01	2.777297e-02	3.623864e-02	1.264504e-01	1.282318e-01	7.961472e-02	0.000000e+00	2	3.727017e-02
4.769871e-02	9.698422e-01	3.871391e-01	2.854915e-01	3.295400e-01	5.124124e-01	4.153879e-01	0.000000e+00	2	3.693054e-02
7.222223e-01	5.507015e-01	1.607010e-02	-3.324937e-02	-1.250734e-01	2.471198e-02	-1.512719e-01	0.000000e+00	2	3.670105e-02
6.660769e-01	6.163680e-01	4.459531e-02	7.445392e-02	-1.044059e-01	2.741888e-03	-9.496176e-02	0.000000e+00	2	3.659033e-02
9.013222e-02	9.499407e-01	2.517079e-01	2.854915e-01	3.238248e-01	3.260371e-01	4.341387e-01	0.000000e+00	2	3.655516e-02
8.619832e-01	3.223167e-01	-3.011954e-01	-1.329034e-01	-8.444450e-02	-1.716276e-01	-1.993952e-01	0.000000e+00	2	3.648796e-02
8.927389e-01	2.451747e-01	-1.923962e-01	-1.213097e-01	-2.974371e-01	-2.686133e-01	-2.110090e-01	0.000000e+00	2	3.646141e-02
7.081992e-01	5.796157e-01	-1.111950e-01	-1.229137e-01	1.204041e-01	-5.950489e-03	-8.444088e-02	0.000000e+00	2	3.521665e-02
2.727696e-01	8.859830e-01	1.598627e-01	3.549192e-01	2.127615e-01	1.359985e-01	1.722582e-01	0.000000e+00	2	3.501334e-02
5.418865e-01	7.261652e-01	4.051652e-02	1.513989e-01	2.405938e-02	-3.564766e-02	1.073385e-01	0.000000e+00	2	3.483588e-02
8.765208e-01	3.056050e-01	-1.989046e-01	-3.005847e-01	-2.783781e-01	-1.337990e-01	-5.373828e-02	0.000000e+00	2	3.476520e-02
3.325642e-01	8.628369e-01	1.658767e-01	9.252209e-02	3.207339e-01	2.229517e-01	8.243291e-02	0.000000e+00	2	3.472689e-02
8.455575e-01	3.448786e-01	-1.912488e-01	-5.569127e-02	-1.779061e-01	-1.716276e-01	-2.113050e-01	0.000000e+00	2	3.454241e-02
9.675706e-01	4.818100e-02	-5.118542e-01	-3.534613e-01	-3.740703e-01	-3.012071e-01	-3.484986e-01	0.000000e+00	2	3.451162e-02
8.367552e-01	3.751611e-01	-1.567499e-01	-1.118245e-01	-1.860722e-01	-3.389655e-02	-2.617933e-01	0.000000e+00	2	3.409183e-02
7.843487e-01	4.501047e-01	-3.166571e-02	-1.030897e-01	-7.716151e-02	-1.570110e-01	-1.543483e-01	0.000000e+00	2	3.275615e-02
7.143868e-02	9.627592e-01	2.762162e-01	3.255002e-01	5.203194e-01	3.584569e-01	3.174354e-01	0.000000e+00	2	3.242574e-02
5.675570e-01	7.025936e-01	2.698499e-02	3.196100e-02	1.297075e-01	-4.754536e-02	6.816039e-02	0.000000e+00	2	3.234106e-02
9.033968e-01	2.265186e-01	-1.923962e-01	-3.685165e-01	-2.464928e-01	-1.671577e-01	-1.883540e-01	0.000000e+00	2	3.203337e-02
9.129525e-01	1.973341e-01	-2.551598e-01	-1.213097e-01	-2.974371e-01	-2.617308e-01	-3.062104e-01	0.000000e+00	2	3.084313e-02
7.693469e-01	4.730653e-01	-1.193054e-01	-1.203149e-01	-7.716151e-02	-7.047318e-03	-1.380094e-01	0.000000e+00	2	3.041260e-02
2.499486e-01	8.908035e-01	2.755426e-01	2.554260e-01	1.211409e-01	2.620957e-01	1.630163e-01	0.000000e+00	2	2.959268e-02
1.536770e-01	9.254143e-01	2.671240e-01	3.360211e-01	3.208501e-01	2.197366e-01	2.140941e-01	0.000000e+00	2	2.897596e-02
7.547041e-01	5.021163e-01	-1.076697e-01	-6.122675e-02	-1.249016e-01	-1.381504e-01	3.621968e-02	0.000000e+00	2	2.895715e-02
7.996405e-01	4.403193e-01	-1.339791e-01	-1.079626e-01	2.355073e-02	-1.943012e-01	-1.615600e-01	0.000000e+00	2	2.850267e-02
4.720724e-01	7.768448e-01	1.406558e-01	5.501497e-02	-4.882026e-03	1.916034e-01	9.897273e-02	0.000000e+00	2	2.826252e-02
9.627611e-01	6.723952e-02	-5.131732e-01	-2.818255e-01	-3.465170e-01	-3.340431e-01	-3.249206e-01	0.000000e+00	2	2.825052e-02
6.837395e-01	5.930747e-01	-1.047552e-01	8.727419e-03	-4.763210e-02	7.830087e-02	-7.554877e-02	0.000000e+00	2	2.807144e-02
7.404841e-01	5.205590e-01	-3.166571e-02	-1.030897e-01	-7.716151e-02	2.340057e-02	-1.546098e-01	0.000000e+00	2	2.769556e-02
1.234513e-01	9.445215e-01	3.696556e-01	3.078725e-01	1.454549e-01	3.552647e-01	3.646372e-01	0.000000e+00	2	2.635145e-02
3.606769e-01	8.375130e-01	2.557301e-01	1.140329e-01	1.174497e-01	1.141229e-01	1.644127e-01	0.000000e+00	2	2.574237e-02
1.348297e-01	9.440368e-01	2.582110e-01	2.565675e-01	4.507871e-01	1.863021e-01	3.788507e-01	0.000000e+00	2	2.565264e-02
5.523769e-01	7.167171e-01	5.356949e-02	1.078249e-03	1.778548e-03	2.960339e-02	1.697236e-01	0.000000e+00	2	2.559253e-02
1.701976e-01	9.236875e-01	2.642692e-01	3.001135e-01	3.262695e-01	3.085741e-01	1.347840e-01	0.000000e+00	2	2.548807e-02
3.880606e-01	8.230811e-01	1.216253e-01	6.806663e-02	2.123242e-01	9.818184e-02	1.935096e-01	0.000000e+00	2	2.538318e-02
7.283545e-01	5.290631e-01	-5.043169e-02	-4.261371e-03	-1.376088e-01	-5.844868e-02	-5.683516e-02	0.000000e+00	2	2.513708e-02
8.176984e-01	4.286393e-01	-1.129461e-01	-2.862233e-01	-1.128685e-01	2.471198e-02	-1.512719e-01	0.000000e+00	2	2.500563e-02
4.724297e-01	7.754656e-01	-2.864626e-02	1.541585e-01	1.222958e-01	9.657604e-02	1.331579e-01	0.000000e+00	2	2.483374e-02
2.268737e-01	9.061258e-01	2.372650e-01	3.360211e-01	9.453387e-02	2.171826e-01	2.936774e-01	0.000000e+00	2	2.398643e-02
9.416571e-01	1.515560e-01	-4.421538e-01	-3.511916e-01	-1.533255e-01	-3.433750e-01	-2.064800e-01	0.000000e+00	2	2.348295e-02
4.175517e-01	8.183035e-01	2.616622e-01	-8.917893e-03	1.169866e-01	1.170569e-01	1.644127e-01	0.000000e+00	2	2.294119e-02
7.638369e-01	4.881644e-01	-1.129461e-01	-6.780942e-02	-1.250734e-01	2.471198e-02	-1.512719e-01	0.000000e+00	2	2.268561e-02
4.261823e-01	8.171456e-01	2.638299e-01	5.501497e-02	-4.882026e-03	1.916034e-01	1.337377e-01	0.000000e+00	2	2.253450e-02
