2.264283e-01 8.959058e-01
3.401098e-01 8.435545e-01
7.600717e-01 4.914227e-01
9.107180e-01 1.909023e-01
8.760251e-01 2.767494e-01
6.514407e-01 6.275575e-01
6.047799e-01 6.673067e-01
3.807254e-02 9.710833e-01
7.851955e-01 4.407579e-01
4.842270e-01 7.588971e-01
5.132594e-01 7.403855e-01
9.077189e-01 1.984256e-01
4.268298e-01 7.982469e-01
5.307532e-01 7.308637e-01
8.999690e-01 2.164836e-01
1.532302e-01 9.239018e-01
6.034504e-01 6.766568e-01
8.669881e-01 3.130896e-01
8.635602e-01 3.137162e-01
6.190020e-01 6.609570e-01
9.635529e-01 4.842148e-02
1.243730e-01 9.388276e-01
5.842740e-01 6.828516e-01
2.060186e-02 9.827712e-01
9.252379e-01 1.509900e-01
6.117740e-01 6.620755e-01
4.486827e-02 9.658408e-01
7.571265e-02 9.502077e-01
9.123671e-01 1.841495e-01
9.061848e-01 2.038033e-01
8.178017e-01 3.983802e-01
3.237660e-01 8.561748e-01
3.094824e-01 8.641951e-01
1.918544e-01 9.137023e-01
7.768008e-01 4.671235e-01
1.453197e-01 9.273319e-01
6.450229e-01 6.365458e-01
9.206226e-01 1.654066e-01
1.817228e-01 9.175113e-01
8.017723e-01 4.377999e-01
7.955326e-01 4.378056e-01
8.360375e-01 3.650660e-01
8.060321e-01 4.121331e-01
7.415945e-01 5.107890e-01
1.126560e-01 9.414534e-01
6.102838e-01 6.622921e-01
6.237453e-01 6.514010e-01
8.540874e-01 3.289942e-01
6.617652e-01 6.132466e-01
6.450229e-01 6.365458e-01
7.382686e-01 5.153439e-01
8.263403e-01 3.843098e-01
3.740816e-01 8.279838e-01
7.326742e-01 5.236377e-01
9.123671e-01 1.841495e-01
9.695104e-01 2.846542e-02
9.440448e-01 1.098265e-01
8.040593e-01 4.160977e-01
4.341485e-01 7.946152e-01
4.117884e-01 8.083387e-01
9.689267e-01 3.429222e-02
7.248249e-01 5.286270e-01
3.040223e-01 8.657273e-01
7.535033e-01 4.983153e-01
8.570486e-01 3.236070e-01
7.842094e-01 4.469506e-01
3.975400e-01 8.147203e-01
8.130000e-01 4.063264e-01
9.236512e-01 1.580528e-01
4.760690e-01 7.634525e-01
8.943933e-01 2.336910e-01
5.870070e-01 6.805779e-01
3.294279e-01 8.553103e-01
8.367262e-01 3.621652e-01
4.954878e-01 7.509023e-01
8.728613e-01 2.946452e-01
6.654924e-01 6.026398e-01
1.692568e-01 9.204097e-01
6.367935e-01 6.412569e-01
8.360375e-01 3.650660e-01
3.536466e-01 8.434741e-01
5.618013e-01 7.036724e-01
4.715163e-01 7.706932e-01
4.497162e-01 7.847346e-01
7.955326e-01 4.378056e-01
3.003308e-01 8.677126e-01
3.571503e-01 8.358663e-01
2.404766e-01 8.896439e-01
2.923407e-01 8.720837e-01
8.797008e-01 2.716343e-01
3.920965e-01 8.220413e-01
6.900047e-01 5.838579e-01
6.406881e-01 6.365980e-01
7.116950e-01 5.534527e-01
5.243461e-01 7.339222e-01
3.653387e-02 9.729316e-01
3.988167e-02 9.695187e-01
2.973817e-01 8.695415e-01
7.613647e-01 4.831498e-01
4.954878e-01 7.509023e-01
9.520169e-01 8.038361e-02
7.826458e-01 4.627970e-01
4.206233e-01 8.024670e-01
3.294279e-01 8.553103e-01
9.171133e-01 1.709962e-01
1.483122e-01 9.260926e-01
8.773707e-01 2.724561e-01
4.842270e-01 7.588971e-01
6.834037e-01 5.918740e-01
4.102839e-01 8.101787e-01
5.838865e-01 6.884674e-01
7.115642e-01 5.609898e-01
8.820142e-01 2.715540e-01
1.334613e-01 9.332882e-01
5.422438e-01 7.200467e-01
9.606210e-01 5.350616e-02
9.778035e-01 2.049444e-02
9.674273e-01 4.423856e-02
4.498468e-01 7.800008e-01
9.166243e-01 1.788985e-01
3.397537e-01 8.486000e-01
7.138910e-01 5.446596e-01
5.513095e-01 7.057369e-01
5.902311e-01 6.782878e-01
4.155148e-01 8.060531e-01
1.822587e-01 9.172612e-01
5.052031e-01 7.464840e-01
6.507816e-01 6.275594e-01
1.518805e-01 9.246046e-01
4.853421e-01 7.573089e-01
9.269165e-01 1.469545e-01
8.688629e-02 9.492337e-01
7.469218e-01 5.046095e-01
5.902311e-01 6.782878e-01
7.130136e-01 5.456035e-01
8.926336e-01 2.415349e-01
8.570486e-01 3.236070e-01
7.224676e-01 5.422952e-01
9.078385e-01 1.920148e-01
3.949128e-01 8.196366e-01
5.875584e-01 6.802662e-01
5.073390e-01 7.418477e-01
6.507816e-01 6.275594e-01
3.172199e-01 8.616558e-01
9.217373e-01 1.614515e-01
1.444895e-01 9.274364e-01
9.646658e-01 4.495682e-02
1.474900e-01 9.262452e-01
9.227346e-01 1.603433e-01
5.788635e-01 6.901524e-01
6.900047e-01 5.838579e-01
8.570486e-01 3.236070e-01
9.269165e-01 1.469545e-01
4.174401e-01 8.025272e-01
5.243461e-01 7.339222e-01
8.820142e-01 2.715540e-01
8.681560e-01 2.980222e-01
2.746826e-02 9.766508e-01
3.916586e-01 8.220606e-01
6.237453e-01 6.514010e-01
9.431623e-01 1.157693e-01
9.134856e-01 1.789430e-01
6.195322e-01 6.540184e-01
6.617652e-01 6.132466e-01
4.235910e-01 8.015704e-01
3.849687e-01 8.229372e-01
9.710324e-01 2.454720e-02
6.340739e-02 9.568497e-01
9.440448e-01 1.098265e-01
8.150872e-01 3.998815e-01
8.113645e-01 4.068153e-01
5.475605e-01 7.145774e-01
4.001948e-01 8.130877e-01
8.437455e-01 3.434428e-01
9.237019e-01 1.579810e-01
3.187452e-01 8.609402e-01
5.129218e-01 7.406795e-01
5.434672e-01 7.176581e-01
4.165880e-01 8.049010e-01
3.143420e-01 8.622155e-01
8.925046e-01 2.455697e-01
6.507816e-01 6.275594e-01
8.282837e-01 3.756585e-01
8.972086e-01 2.225267e-01
3.772832e-01 8.252877e-01
5.810919e-01 6.896988e-01
9.773922e-01 2.050977e-02
7.385164e-01 5.149992e-01
9.295607e-01 1.334986e-01
7.076423e-01 5.688576e-01
7.368258e-01 5.166006e-01
8.058275e-01 4.126102e-01
1.233272e-01 9.391837e-01
5.635598e-01 6.988449e-01
2.746826e-02 9.766508e-01
5.522134e-01 7.054004e-01
2.706496e-01 8.816818e-01
8.232353e-01 3.903395e-01
7.535033e-01 4.983153e-01
9.783994e-01 1.529796e-02
8.198624e-01 3.922965e-01
6.789338e-01 5.940037e-01
1.798950e-01 9.188749e-01
7.571265e-02 9.502077e-01
3.842712e-01 8.239732e-01
8.441509e-01 3.428350e-01
2.162108e-01 9.072312e-01
1.302819e-01 9.350540e-01
2.851618e-01 8.739943e-01
8.746396e-01 2.823373e-01
4.573720e-01 7.769991e-01
1.064398e-01 9.422159e-01
8.501268e-01 3.372331e-01
1.951705e-01 9.078059e-01
1.610060e-01 9.213694e-01
6.401223e-01 6.410054e-01
1.423665e-01 9.284264e-01
9.259856e-01 1.504880e-01
8.916994e-02 9.445356e-01
8.822291e-02 9.448018e-01
3.815473e-01 8.249968e-01
6.872580e-01 5.867466e-01
2.605487e-01 8.854073e-01
8.852071e-01 2.489868e-01
1.411854e-01 9.330903e-01
8.367262e-01 3.621652e-01
6.911232e-01 5.826989e-01
8.999690e-01 2.164836e-01
8.437455e-01 3.434428e-01
6.274832e-01 6.458378e-01
3.362106e-01 8.507159e-01
5.417303e-01 7.256660e-01
9.323140e-01 1.279299e-01
2.772484e-01 8.768659e-01
2.973817e-01 8.695415e-01
9.483616e-01 1.008935e-01
9.566331e-01 7.236438e-02
7.664979e-01 4.677309e-01
8.611686e-01 3.140039e-01
7.653871e-01 4.816165e-01
6.605870e-01 6.143066e-01
9.561009e-01 7.286993e-02
