# This file contains stats about hypervolume
1 99982585.564576 
2 99983869.066547 
3 99985780.848901 
4 99986587.243840 
5 99989908.466237 
6 99995079.014455 
7 99995653.012307 
8 99996647.045943 
9 99996647.072948 
10 99996647.089480 
11 99996803.793246 
12 99997753.038870 
13 99998792.577379 
14 99998792.581324 
15 99998792.584529 
16 99998825.226375 
17 99999155.314471 
18 99999155.319152 
19 99999155.322160 
20 99999155.323635 
21 99999155.325483 
22 99999155.326390 
23 99999155.329103 
24 99999369.241006 
25 99999369.243858 
26 99999369.246106 
27 99999568.254720 
28 99999568.255335 
29 99999568.257843 
30 99999568.258744 
31 99999573.137459 
32 99999573.139369 
33 99999573.141192 
34 99999573.141391 
35 99999573.141784 
36 99999573.141888 
37 99999573.142629 
38 99999573.142914 
39 99999573.144005 
40 99999573.144761 
41 99999573.144934 
42 99999573.145418 
43 99999573.146039 
44 99999573.146422 
45 99999573.147176 
46 99999573.147554 
47 99999573.147621 
48 99999573.147822 
49 99999573.147886 
50 99999573.148124 
51 99999573.148724 
52 99999573.149215 
53 99999573.149346 
54 99999573.149554 
55 99999573.150102 
56 99999573.150500 
57 99999573.150800 
58 99999573.150890 
59 99999573.151039 
60 99999573.151652 
61 99999573.151892 
62 99999573.152237 
63 99999573.152326 
64 99999573.152653 
65 99999573.152724 
66 99999573.153086 
67 99999573.153325 
68 99999573.153518 
69 99999573.153698 
70 99999573.153752 
71 99999573.154024 
72 99999573.154256 
73 99999573.154661 
74 99999573.154910 
75 99999573.154956 
76 99999573.155224 
77 99999573.155248 
78 99999573.155405 
79 99999573.155420 
80 99999573.155473 
81 99999573.155669 
82 99999573.155680 
83 99999574.237351 
84 99999574.237428 
85 99999574.237501 
86 99999593.283659 
87 99999640.366645 
88 99999640.366689 
89 99999640.366743 
90 99999640.366808 
91 99999640.366951 
92 99999640.367032 
93 99999640.367221 
94 99999640.367296 
95 99999640.367499 
96 99999640.367547 
97 99999640.367873 
98 99999640.367884 
99 99999640.367905 
100 99999640.368037 
