# This file contains the data of final feasible population (if found)
# of objectives = 2, # of constraints = 0, # of real_var = 5, # of bits of bin_var = 0, constr_violation, rank, crowding_distance
8.115282e-01	3.998203e-01	-1.642215e-01	-1.691331e-01	-1.100700e-01	-1.260511e-01	-7.802301e-02	0.000000e+00	1	1.840033e-03
6.844482e-02	9.526561e-01	3.131748e-01	3.649890e-01	3.747229e-01	3.310358e-01	2.816226e-01	0.000000e+00	1	3.844062e-03
5.165359e-01	7.336181e-01	6.476243e-02	4.991842e-02	1.068811e-01	7.098565e-02	4.065224e-02	0.000000e+00	1	2.522073e-03
3.384156e-01	8.475523e-01	1.904463e-01	1.338096e-01	1.287288e-01	1.176929e-01	2.498566e-01	0.000000e+00	1	6.187794e-03
7.395997e-01	5.083401e-01	-7.351718e-02	-8.921888e-02	-9.041275e-02	-2.875967e-02	-7.338436e-02	0.000000e+00	1	6.064216e-03
8.443165e-01	3.367326e-01	-2.102366e-01	-1.448899e-01	-1.318595e-01	-1.763855e-01	-1.468416e-01	0.000000e+00	1	7.226726e-03
4.779104e-01	7.628623e-01	1.288143e-01	1.008490e-01	1.009193e-01	2.835768e-02	8.223492e-02	0.000000e+00	1	7.921363e-04
9.793107e-01	1.065083e-02	-3.769841e-01	-5.085736e-01	-4.384944e-01	-4.059639e-01	-4.319439e-01	0.000000e+00	1	5.095580e-03
6.233217e-01	6.488113e-01	8.716254e-02	-3.639968e-02	-6.910291e-03	-3.710292e-02	3.241953e-02	0.000000e+00	1	2.407998e-03
3.091854e-01	8.641779e-01	1.328337e-01	9.348737e-02	2.239038e-01	2.042717e-01	2.547591e-01	0.000000e+00	1	5.966546e-03
6.360363e-01	6.349589e-01	5.954178e-02	-5.610680e-02	-3.809809e-02	1.692507e-04	3.284148e-02	0.000000e+00	1	2.298121e-05
2.080470e-01	9.089796e-01	2.814046e-01	2.996881e-01	2.835781e-01	1.169984e-01	2.277183e-01	0.000000e+00	1	1.504169e-02
9.263898e-01	1.502783e-01	-1.875993e-01	-3.299499e-01	-3.067559e-01	-2.601716e-01	-2.829488e-01	0.000000e+00	1	2.182675e-02
5.967474e-01	6.727462e-01	6.203803e-02	-9.580918e-03	-1.557287e-02	9.108525e-02	-1.123148e-02	0.000000e+00	1	1.577306e-03
3.857284e-01	8.220599e-01	1.976647e-01	8.792205e-02	1.189474e-01	9.731102e-02	1.907714e-01	0.000000e+00	1	4.001457e-03
2.659586e-01	8.844584e-01	2.247178e-01	2.206663e-01	2.375114e-01	8.434500e-02	2.663456e-01	0.000000e+00	1	5.021765e-04
7.311650e-01	5.258414e-01	-1.191224e-01	-7.200167e-02	-4.187132e-02	9.184304e-03	-9.339996e-02	0.000000e+00	1	2.720727e-03
2.842336e-02	9.660900e-01	3.382847e-01	3.891023e-01	3.705883e-01	3.675839e-01	4.100603e-01	0.000000e+00	1	0.000000e+00
3.950486e-01	8.130821e-01	1.028117e-01	1.451718e-01	1.156527e-01	1.154306e-01	1.774866e-01	0.000000e+00	1	1.431730e-03
8.716532e-01	2.877825e-01	-2.716878e-01	-1.326910e-01	-2.215097e-01	-1.829602e-01	-1.491094e-01	0.000000e+00	1	2.305511e-03
3.145175e-01	8.594294e-01	2.574078e-01	1.016903e-01	1.986019e-01	1.640145e-01	1.639994e-01	0.000000e+00	1	6.110412e-03
2.235722e-01	9.023894e-01	1.868606e-01	1.294009e-01	3.109468e-01	2.699147e-01	2.621203e-01	0.000000e+00	1	7.640407e-03
6.151602e-01	6.535941e-01	3.349620e-03	-1.630719e-03	-1.587085e-03	-2.449795e-02	8.318374e-02	0.000000e+00	1	2.754767e-03
7.858312e-01	4.456127e-01	-1.066909e-01	-1.130228e-01	-1.318595e-01	-2.809434e-02	-1.520130e-01	0.000000e+00	1	2.990805e-03
9.276759e-02	9.494600e-01	4.207473e-01	2.855413e-01	2.746692e-01	2.589883e-01	3.742897e-01	0.000000e+00	1	6.405210e-03
8.759664e-01	2.741785e-01	-2.715497e-01	-1.740936e-01	-2.099315e-01	-1.829602e-01	-1.491094e-01	0.000000e+00	1	1.744218e-03
7.022093e-01	5.642070e-01	-5.832597e-02	-1.049285e-01	-7.832251e-02	1.732207e-02	1.139442e-02	0.000000e+00	1	2.387372e-03
7.274090e-01	5.260494e-01	-9.788741e-02	-3.253550e-02	-6.903950e-02	-2.497077e-02	-8.477616e-02	0.000000e+00	1	8.301291e-03
9.612390e-01	5.964929e-02	-4.492982e-01	-2.995628e-01	-3.487748e-01	-2.789570e-01	-4.060215e-01	0.000000e+00	1	2.528448e-03
1.368423e-02	9.781261e-01	4.024618e-01	3.551723e-01	4.463548e-01	5.001972e-01	4.249333e-01	0.000000e+00	1	3.704273e-03
9.709421e-01	2.999548e-02	-4.096269e-01	-3.054247e-01	-3.859244e-01	-3.821203e-01	-4.779411e-01	0.000000e+00	1	6.631705e-04
6.881518e-01	5.755658e-01	-5.975692e-02	-1.004234e-02	1.594266e-02	-6.863185e-02	-4.982325e-02	0.000000e+00	1	6.067235e-03
4.280979e-01	7.925988e-01	1.017877e-01	1.441921e-01	1.156527e-01	1.154306e-01	8.995478e-02	0.000000e+00	1	1.422269e-02
7.644830e-01	4.742006e-01	-9.270332e-02	-9.213045e-02	-1.136289e-01	-1.145249e-01	-3.597958e-02	0.000000e+00	1	5.701338e-03
8.073662e-01	4.097355e-01	-1.860316e-01	-1.611279e-01	-1.078911e-01	-9.678345e-02	-7.414201e-02	0.000000e+00	1	9.435517e-03
7.764915e-01	4.526795e-01	-9.032916e-02	-1.022325e-01	-1.033235e-01	-9.091588e-02	-1.138462e-01	0.000000e+00	1	7.112357e-03
4.481344e-02	9.607395e-01	3.382847e-01	3.155615e-01	3.527173e-01	3.675839e-01	4.100603e-01	0.000000e+00	1	6.140944e-03
8.615530e-01	3.013836e-01	-2.165573e-01	-1.819312e-01	-1.289936e-01	-1.806648e-01	-1.966859e-01	0.000000e+00	1	4.331863e-03
8.647706e-01	2.980888e-01	-1.587274e-01	-2.525227e-01	-1.343727e-01	-1.919860e-01	-1.829997e-01	0.000000e+00	1	3.365568e-03
8.807708e-01	2.637041e-01	-1.628024e-01	-1.740936e-01	-2.102396e-01	-1.869876e-01	-2.836146e-01	0.000000e+00	1	1.466504e-03
9.102414e-01	2.035235e-01	-2.688516e-01	-1.529489e-01	-3.436000e-01	-1.970091e-01	-2.579656e-01	0.000000e+00	1	5.374845e-03
7.910572e-01	4.357550e-01	-6.625971e-02	-1.595652e-01	-8.367158e-02	-1.538100e-01	-9.203653e-02	0.000000e+00	1	6.795754e-03
6.062447e-01	6.613776e-01	5.384087e-02	4.884248e-02	-1.716283e-03	2.347329e-02	-4.011604e-02	0.000000e+00	1	3.671378e-03
9.470055e-01	1.025351e-01	-4.294898e-01	-2.593141e-01	-2.634267e-01	-2.718543e-01	-3.575901e-01	0.000000e+00	1	2.079907e-03
6.131168e-01	6.594353e-01	2.022265e-02	-5.730360e-02	5.668785e-02	-2.490496e-02	7.658250e-02	0.000000e+00	1	1.887034e-03
8.931027e-01	2.333115e-01	-2.580046e-01	-1.740936e-01	-2.101764e-01	-1.829602e-01	-2.761472e-01	0.000000e+00	1	5.938277e-03
8.229665e-01	3.798228e-01	-1.567434e-01	-8.285217e-02	-1.274477e-01	-1.914205e-01	-1.423570e-01	0.000000e+00	1	2.239600e-03
8.036038e-01	4.172897e-01	-1.699195e-01	-9.139876e-02	-9.041275e-02	-1.811017e-01	-7.512946e-02	0.000000e+00	1	1.297685e-03
5.879651e-01	6.790473e-01	6.696516e-02	3.938008e-02	-2.731661e-02	-8.000396e-03	6.862213e-02	0.000000e+00	1	9.533985e-04
8.652191e-01	2.918170e-01	-2.138173e-01	-1.819312e-01	-1.496922e-01	-1.769789e-01	-2.050187e-01	0.000000e+00	1	3.468757e-03
8.491800e-01	3.271447e-01	-1.859962e-01	-1.778990e-01	-1.145640e-01	-1.970515e-01	-1.604677e-01	0.000000e+00	1	9.846604e-04
7.188948e-01	5.441779e-01	-9.789191e-02	-6.249469e-02	1.783894e-02	-1.195121e-02	-1.157153e-01	0.000000e+00	1	4.105338e-03
4.982288e-01	7.532659e-01	6.971418e-02	1.345376e-01	1.113148e-01	9.482374e-02	-1.358172e-02	0.000000e+00	1	1.477751e-03
3.364984e-01	8.483371e-01	1.930156e-01	1.543963e-01	1.150082e-01	1.176929e-01	2.449240e-01	0.000000e+00	1	3.975946e-03
7.999994e-01	4.223739e-01	-1.192247e-01	-7.103860e-02	-8.142715e-02	-1.893564e-01	-1.318501e-01	0.000000e+00	1	2.056501e-03
9.626043e-01	5.821318e-02	-4.402701e-01	-2.995628e-01	-3.487748e-01	-2.789570e-01	-4.359493e-01	0.000000e+00	1	1.447749e-03
4.985444e-01	7.530051e-01	9.739543e-02	2.187085e-02	9.264109e-02	2.547073e-02	1.584882e-01	0.000000e+00	1	4.186185e-03
8.864993e-01	2.462405e-01	-1.967693e-01	-1.756556e-01	-2.028796e-01	-2.106589e-01	-2.724032e-01	0.000000e+00	1	5.190595e-03
4.260134e-01	8.032089e-01	9.556921e-02	1.121547e-01	1.115544e-01	4.664543e-02	2.324836e-01	0.000000e+00	1	1.145546e-02
3.349944e-01	8.518257e-01	1.917005e-01	2.607449e-01	1.002946e-01	1.058344e-01	1.807371e-01	0.000000e+00	1	5.210177e-03
4.680189e-01	7.704148e-01	9.710952e-02	9.348737e-02	1.545647e-01	3.499241e-02	8.960684e-02	0.000000e+00	1	4.713200e-03
2.091408e-01	9.044994e-01	1.868606e-01	1.732665e-01	3.067689e-01	2.527388e-01	2.621203e-01	0.000000e+00	1	1.143585e-02
5.670939e-01	7.003216e-01	2.954830e-02	-9.580918e-03	8.015354e-02	1.167231e-01	-1.123148e-02	0.000000e+00	1	5.598255e-03
2.757303e-01	8.784491e-01	9.126406e-02	1.967466e-01	2.372812e-01	2.415866e-01	2.308722e-01	0.000000e+00	1	2.814301e-03
5.012617e-01	7.452098e-01	5.120129e-02	1.066968e-01	5.962566e-02	5.193448e-02	1.060006e-01	0.000000e+00	1	6.611206e-03
6.334213e-02	9.549877e-01	3.382847e-01	3.155615e-01	3.067686e-01	3.233913e-01	4.128238e-01	0.000000e+00	1	2.885752e-03
5.615201e-01	7.065952e-01	1.255020e-02	7.400710e-02	1.232732e-01	5.418837e-02	-3.942770e-02	0.000000e+00	1	3.913648e-03
4.433818e-01	7.832903e-01	1.269238e-01	9.482635e-02	1.009193e-01	1.278883e-01	7.677454e-02	0.000000e+00	1	7.147216e-03
8.934794e-01	2.328703e-01	-2.550159e-01	-2.403541e-01	-1.792058e-01	-2.659137e-01	-1.631876e-01	0.000000e+00	1	2.224870e-03
8.389247e-01	3.486051e-01	-1.200900e-01	-1.974261e-01	-1.861429e-01	-1.195899e-01	-1.578344e-01	0.000000e+00	1	1.625427e-03
9.119740e-01	2.008544e-01	-1.368337e-01	-2.528581e-01	-2.611095e-01	-2.329952e-01	-3.493455e-01	0.000000e+00	1	4.345309e-03
8.998097e-01	2.183585e-01	-1.921892e-01	-2.095671e-01	-2.948050e-01	-1.830468e-01	-2.687945e-01	0.000000e+00	1	4.756317e-03
4.592898e-01	7.770898e-01	6.918475e-02	1.574576e-01	9.338196e-02	4.151600e-02	1.338128e-01	0.000000e+00	1	5.607389e-03
6.677892e-01	6.002927e-01	-2.529562e-02	-1.850092e-02	-8.812815e-02	1.061994e-03	2.746527e-02	0.000000e+00	1	7.688665e-03
6.281977e-01	6.425348e-01	6.476897e-02	-5.326619e-02	-2.622750e-02	1.692507e-04	3.653839e-02	0.000000e+00	1	2.994597e-03
4.740818e-01	7.639011e-01	4.692654e-02	8.737516e-02	1.017908e-01	1.210987e-01	9.052271e-02	0.000000e+00	1	2.595425e-03
6.527103e-01	6.196509e-01	5.366228e-02	-3.639968e-02	-7.051639e-02	-3.719946e-02	3.962176e-02	0.000000e+00	1	2.059697e-03
8.193751e-01	3.869182e-01	-1.976108e-01	-1.597695e-01	-1.138480e-01	-1.181993e-01	-9.373337e-02	0.000000e+00	1	2.293341e-03
5.147110e-01	7.347002e-01	6.340332e-02	6.724294e-02	1.064890e-01	5.385968e-02	4.658651e-02	0.000000e+00	1	1.954737e-03
6.063081e-01	6.610427e-01	-2.521750e-02	2.087202e-02	-1.228833e-02	3.041279e-02	6.990281e-02	0.000000e+00	1	4.558943e-03
8.895239e-01	2.461898e-01	-1.931128e-01	-1.732467e-01	-2.937864e-01	-1.634607e-01	-2.498967e-01	0.000000e+00	1	2.927973e-03
3.711645e-01	8.277180e-01	1.930156e-01	1.466247e-01	8.300127e-02	1.389746e-01	1.621640e-01	0.000000e+00	1	3.787911e-03
5.110011e-01	7.399161e-01	5.704669e-02	6.451570e-02	1.084975e-01	1.488221e-02	1.079967e-01	0.000000e+00	1	1.508438e-03
1.671541e-01	9.223955e-01	1.531483e-01	3.036708e-01	2.936560e-01	2.597028e-01	3.164942e-01	0.000000e+00	1	9.671857e-03
6.388486e-01	6.330976e-01	-6.295093e-02	-4.288654e-02	3.494286e-03	3.311435e-02	6.039723e-02	0.000000e+00	1	5.433241e-03
3.962615e-01	8.122815e-01	1.291518e-01	1.326137e-01	9.302200e-02	1.234828e-01	1.747722e-01	0.000000e+00	1	2.430108e-03
1.444889e-01	9.333909e-01	3.366188e-01	3.505694e-01	3.347847e-01	2.352173e-01	1.699011e-01	0.000000e+00	1	7.750661e-03
5.526061e-01	7.114692e-01	5.394354e-02	-3.639968e-02	8.714477e-02	1.013478e-01	3.916941e-02	0.000000e+00	1	1.869066e-03
3.277768e-01	8.535228e-01	1.917005e-01	2.552763e-01	1.132095e-01	1.159788e-01	1.756204e-01	0.000000e+00	1	8.411249e-03
7.664896e-01	4.712334e-01	-1.270940e-01	-9.734787e-02	-1.022203e-01	-9.070433e-02	-3.952951e-02	0.000000e+00	1	4.502154e-03
8.263991e-01	3.721623e-01	-1.567434e-01	-9.519356e-02	-1.314854e-01	-1.914205e-01	-1.437862e-01	0.000000e+00	1	8.903661e-03
9.216882e-01	1.715197e-01	-1.906270e-01	-2.244343e-01	-3.108536e-01	-3.619310e-01	-2.308164e-01	0.000000e+00	1	2.712129e-03
6.766316e-01	5.908096e-01	-5.338823e-04	-5.425877e-02	-8.232781e-02	-2.490496e-02	3.043935e-02	0.000000e+00	1	2.145001e-03
6.875359e-01	5.805416e-01	5.368704e-02	-3.655875e-02	-7.234098e-02	-3.750308e-02	-7.190060e-02	0.000000e+00	1	1.202360e-03
6.864445e-01	5.816132e-01	5.368704e-02	-3.639968e-02	-7.234098e-02	-3.750308e-02	-6.868050e-02	0.000000e+00	1	5.530416e-04
1.186011e-01	9.390259e-01	2.789249e-01	2.560878e-01	2.285658e-01	3.637086e-01	3.658818e-01	0.000000e+00	1	1.430196e-02
8.370210e-01	3.493670e-01	-1.599696e-01	-1.428974e-01	-1.317740e-01	-1.926578e-01	-1.465620e-01	0.000000e+00	1	3.517648e-04
9.045313e-01	2.081689e-01	-1.832693e-01	-2.629651e-01	-1.777916e-01	-2.591067e-01	-2.994956e-01	0.000000e+00	1	7.692429e-03
9.309779e-01	1.332858e-01	-2.493960e-01	-2.644496e-01	-3.077200e-01	-2.435599e-01	-3.493455e-01	0.000000e+00	1	1.404228e-02
5.734911e-01	6.897161e-01	6.877838e-02	2.087202e-02	-1.293198e-02	3.122761e-02	6.990281e-02	0.000000e+00	1	2.788741e-03
7.085554e-01	5.531500e-01	-4.897121e-02	-7.336093e-02	-1.018874e-02	7.842355e-05	-1.064664e-01	0.000000e+00	1	5.635595e-03
4.066820e-01	8.085922e-01	1.288143e-01	2.016693e-01	9.805538e-02	9.856802e-02	1.053227e-01	0.000000e+00	1	6.070587e-03
3.511040e-01	8.396942e-01	1.017877e-01	1.677928e-01	2.216685e-01	1.154306e-01	1.749318e-01	0.000000e+00	1	1.723790e-03
7.979078e-01	4.274360e-01	-4.191408e-02	-1.417598e-01	-1.508971e-01	-1.628977e-01	-8.469188e-02	0.000000e+00	1	3.265822e-03
5.048936e-01	7.429394e-01	5.924789e-02	4.998788e-02	1.128822e-01	9.999450e-02	4.430139e-02	0.000000e+00	1	3.482745e-03
4.534833e-01	7.774313e-01	6.887786e-02	1.351882e-01	1.201400e-01	9.463556e-02	8.333974e-02	0.000000e+00	1	4.031135e-03
6.855526e-01	5.841382e-01	4.627185e-03	-1.001318e-01	-8.292675e-02	1.086304e-02	1.130289e-02	0.000000e+00	1	4.394725e-03
4.781320e-01	7.615496e-01	6.489808e-02	7.076656e-02	9.738938e-02	6.854723e-02	1.362507e-01	0.000000e+00	1	2.213039e-03
4.883706e-01	7.579596e-01	5.706499e-02	1.325089e-01	1.084975e-01	1.235369e-02	1.079967e-01	0.000000e+00	1	9.551010e-04
8.410566e-01	3.432729e-01	-1.640593e-01	-1.685062e-01	-1.080212e-01	-1.954831e-01	-1.570192e-01	0.000000e+00	1	7.896476e-03
6.233217e-01	6.488113e-01	8.716254e-02	-3.639968e-02	-6.910291e-03	-3.710292e-02	3.241953e-02	0.000000e+00	1	2.736039e-03
2.493486e-01	8.897849e-01	1.250328e-01	1.967466e-01	3.008542e-01	2.209356e-01	2.289090e-01	0.000000e+00	1	7.047645e-03
3.091854e-01	8.641779e-01	1.328337e-01	9.348737e-02	2.239038e-01	2.042717e-01	2.547591e-01	0.000000e+00	1	1.548628e-03
5.883988e-01	6.771998e-01	6.658001e-02	1.217494e-02	-2.731661e-02	2.954353e-02	5.487129e-02	0.000000e+00	1	3.656437e-03
2.717317e-01	8.835478e-01	1.325187e-01	2.433347e-01	2.449323e-01	2.894861e-01	1.145116e-01	0.000000e+00	1	9.985798e-05
4.908924e-01	7.562611e-01	6.071193e-02	8.310185e-02	9.238370e-02	2.129088e-02	1.542622e-01	0.000000e+00	1	2.699763e-03
4.481344e-02	9.607395e-01	3.382847e-01	3.155615e-01	3.527173e-01	3.675839e-01	4.100603e-01	0.000000e+00	1	5.773674e-04
2.520245e-01	8.886257e-01	1.293869e-01	2.985982e-01	1.857737e-01	2.086404e-01	2.422339e-01	0.000000e+00	1	1.297627e-03
6.973614e-02	9.519468e-01	3.118314e-01	3.646941e-01	3.651411e-01	3.330357e-01	2.817544e-01	0.000000e+00	1	7.925582e-03
7.961922e-01	4.291870e-01	-9.804080e-02	-7.103860e-02	-8.337287e-02	-1.914205e-01	-1.318501e-01	0.000000e+00	1	1.450527e-03
2.715865e-01	8.835955e-01	1.332606e-01	2.433347e-01	2.449323e-01	2.894861e-01	1.141107e-01	0.000000e+00	1	7.519142e-05
2.792793e-01	8.765549e-01	9.126406e-02	1.967466e-01	2.258907e-01	2.415866e-01	2.308722e-01	0.000000e+00	1	8.354644e-03
2.961151e-01	8.709179e-01	1.165940e-01	1.174581e-01	2.030958e-01	2.539007e-01	2.571371e-01	0.000000e+00	1	2.156204e-03
4.777660e-01	7.632868e-01	9.436889e-02	1.098731e-01	1.128310e-01	1.950476e-02	1.057538e-01	0.000000e+00	1	1.004108e-03
9.658279e-01	3.829761e-02	-3.811846e-01	-2.935342e-01	-3.506463e-01	-4.082952e-01	-4.319439e-01	0.000000e+00	1	2.710428e-03
8.781988e-01	2.663704e-01	-2.138173e-01	-2.515446e-01	-1.496922e-01	-1.769789e-01	-2.117458e-01	0.000000e+00	1	4.242984e-03
6.360363e-01	6.349589e-01	5.954178e-02	-5.610680e-02	-3.809809e-02	1.692507e-04	3.284148e-02	0.000000e+00	1	7.430905e-04
5.176441e-01	7.327545e-01	7.257620e-02	5.079691e-02	1.070863e-01	5.484213e-02	4.480620e-02	0.000000e+00	1	1.824332e-03
2.268065e-01	9.017359e-01	1.293869e-01	2.855413e-01	1.857737e-01	3.166045e-01	2.358737e-01	0.000000e+00	1	1.074342e-03
1.342610e-01	9.354638e-01	3.798807e-01	2.805943e-01	3.244279e-01	2.844425e-01	1.820622e-01	0.000000e+00	1	5.712381e-03
5.033299e-01	7.449934e-01	5.924789e-02	8.733457e-02	1.041554e-01	1.778223e-02	1.041411e-01	0.000000e+00	1	2.243303e-03
3.094085e-01	8.640605e-01	1.328337e-01	9.348737e-02	2.239038e-01	2.036078e-01	2.547591e-01	0.000000e+00	1	2.503668e-03
8.951743e-01	2.294526e-01	-2.716878e-01	-1.740936e-01	-2.102396e-01	-1.829602e-01	-2.761472e-01	0.000000e+00	1	5.742607e-04
4.633017e-01	7.706639e-01	5.838755e-02	8.733457e-02	1.017908e-01	1.209976e-01	1.067923e-01	0.000000e+00	1	5.536324e-03
5.805201e-01	6.846335e-01	6.658001e-02	2.087202e-02	-2.742203e-02	2.954353e-02	6.990281e-02	0.000000e+00	1	2.844149e-03
2.275825e-01	8.972169e-01	2.758682e-01	2.160727e-01	2.430256e-01	1.338275e-01	2.586900e-01	0.000000e+00	1	5.444764e-04
5.747780e-01	6.884144e-01	6.492003e-02	2.087202e-02	-1.228833e-02	3.041279e-02	6.990281e-02	0.000000e+00	1	4.886873e-03
8.475017e-01	3.307322e-01	-1.859962e-01	-1.778990e-01	-1.145640e-01	-1.970515e-01	-1.512928e-01	0.000000e+00	1	2.847388e-03
5.293428e-01	7.241074e-01	4.541561e-02	5.061082e-02	1.068811e-01	5.332026e-02	4.235349e-02	0.000000e+00	1	3.550976e-03
6.738271e-01	5.929771e-01	-3.903819e-02	-7.749941e-02	-1.018874e-02	-2.990494e-02	3.284148e-02	0.000000e+00	1	2.696110e-03
2.394537e-01	8.964319e-01	2.897975e-01	1.583043e-01	3.125028e-01	2.022301e-01	1.517378e-01	0.000000e+00	1	8.939614e-03
6.224464e-01	6.503052e-01	-2.529562e-02	-5.283523e-02	9.040595e-02	3.109308e-03	2.746527e-02	0.000000e+00	1	6.692123e-03
3.092715e-01	8.641192e-01	1.328337e-01	9.348737e-02	2.238250e-01	2.042717e-01	2.545266e-01	0.000000e+00	1	1.760989e-04
6.334213e-02	9.549877e-01	3.382847e-01	3.155615e-01	3.067686e-01	3.233913e-01	4.128238e-01	0.000000e+00	1	2.003133e-03
4.175115e-01	8.041799e-01	1.276286e-01	1.046527e-01	4.362481e-02	1.861293e-01	1.473562e-01	0.000000e+00	1	6.775609e-03
9.196070e-01	1.848027e-01	-1.309580e-01	-2.644496e-01	-3.073899e-01	-2.428218e-01	-3.493455e-01	0.000000e+00	1	7.939623e-03
7.216177e-01	5.337419e-01	-1.069155e-01	-3.253550e-02	-6.903950e-02	-2.497077e-02	-5.484833e-02	0.000000e+00	1	7.169996e-04
6.535145e-01	6.164663e-01	6.673954e-02	-4.326900e-02	-2.956485e-02	-7.519330e-03	-4.317504e-02	0.000000e+00	1	5.218206e-03
3.313407e-01	8.532607e-01	2.744340e-01	1.726053e-01	1.170325e-01	1.124523e-01	1.712906e-01	0.000000e+00	1	4.611151e-03
4.732408e-01	7.653443e-01	1.288143e-01	9.579260e-02	9.848344e-02	3.670335e-02	9.224105e-02	0.000000e+00	1	2.988923e-03
7.317664e-01	5.191716e-01	-6.416576e-02	-8.583587e-02	-6.560603e-02	-2.248004e-02	-8.818367e-02	0.000000e+00	1	9.164183e-03
9.796388e-01	9.402193e-03	-3.866256e-01	-5.085736e-01	-4.384944e-01	-4.059639e-01	-4.319439e-01	0.000000e+00	1	1.000000e+14
3.874631e-01	8.197140e-01	1.930156e-01	1.350863e-01	7.256972e-02	1.208784e-01	1.621640e-01	0.000000e+00	1	3.863956e-03
8.376472e-01	3.493134e-01	-1.772066e-01	-1.344515e-01	-1.274477e-01	-1.945962e-01	-1.423570e-01	0.000000e+00	1	1.378468e-03
8.945854e-01	2.304873e-01	-2.715490e-01	-1.740936e-01	-2.102396e-01	-1.829602e-01	-2.724032e-01	0.000000e+00	1	1.106359e-03
9.568785e-01	6.760001e-02	-4.560739e-01	-2.990566e-01	-3.156777e-01	-3.145792e-01	-3.328860e-01	0.000000e+00	1	2.837926e-03
3.487904e-01	8.415443e-01	2.012347e-01	8.851065e-02	1.199260e-01	2.065028e-01	1.739160e-01	0.000000e+00	1	2.415390e-03
8.599814e-01	3.016985e-01	-1.885781e-01	-1.819312e-01	-1.496922e-01	-1.873770e-01	-1.906923e-01	0.000000e+00	1	7.127147e-03
9.202266e-01	1.775995e-01	-2.738640e-01	-3.713533e-01	-2.036269e-01	-1.829602e-01	-2.724032e-01	0.000000e+00	1	4.374608e-03
2.273133e-01	9.012626e-01	1.777445e-01	1.294009e-01	3.109468e-01	2.699147e-01	2.621203e-01	0.000000e+00	1	2.733736e-03
7.822791e-01	4.518881e-01	-5.716473e-02	-9.592269e-02	-6.807987e-02	-1.814316e-01	-1.135222e-01	0.000000e+00	1	3.693743e-03
4.056717e-01	8.095833e-01	6.290185e-02	1.726053e-01	1.170325e-01	1.124523e-01	1.712906e-01	0.000000e+00	1	1.325948e-03
8.370210e-01	3.493670e-01	-1.599696e-01	-1.428974e-01	-1.317740e-01	-1.926578e-01	-1.465620e-01	0.000000e+00	1	7.411354e-03
3.771349e-01	8.247380e-01	1.930156e-01	1.466247e-01	8.300127e-02	1.225465e-01	1.636724e-01	0.000000e+00	1	1.334390e-03
8.647706e-01	2.980888e-01	-1.587274e-01	-2.525227e-01	-1.343727e-01	-1.919860e-01	-1.829997e-01	0.000000e+00	1	3.468757e-03
8.403366e-01	3.480427e-01	-1.585576e-01	-1.675648e-01	-8.367158e-02	-1.939766e-01	-1.827167e-01	0.000000e+00	1	4.222065e-04
9.126736e-01	1.975425e-01	-1.386471e-01	-2.399671e-01	-2.294833e-01	-3.193333e-01	-3.124835e-01	0.000000e+00	1	5.966413e-03
2.974481e-01	8.695332e-01	2.440027e-01	2.758210e-01	1.439643e-01	1.349514e-01	1.424218e-01	0.000000e+00	1	2.757687e-03
9.554181e-01	7.339605e-02	-4.094895e-01	-3.054247e-01	-2.418623e-01	-3.857376e-01	-3.536541e-01	0.000000e+00	1	3.632000e-03
6.627056e-01	6.071698e-01	5.366228e-02	-3.639968e-02	-7.051639e-02	-3.719946e-02	5.247230e-03	0.000000e+00	1	9.296056e-03
8.153837e-01	3.935298e-01	-1.976108e-01	-1.414900e-01	-1.138480e-01	-1.181993e-01	-9.373337e-02	0.000000e+00	1	3.549827e-03
8.117721e-01	3.997248e-01	-1.024602e-01	-1.535775e-01	-1.039162e-01	-1.007240e-01	-1.876336e-01	0.000000e+00	1	1.262651e-03
3.127816e-01	8.627878e-01	2.553809e-01	1.000970e-01	2.240022e-01	2.034518e-01	1.177137e-01	0.000000e+00	1	5.034036e-03
2.401242e-01	8.924718e-01	2.757228e-01	2.604439e-01	2.436840e-01	1.575358e-01	1.557161e-01	0.000000e+00	1	3.486762e-03
9.784552e-01	1.808911e-02	-3.866256e-01	-5.130085e-01	-4.560184e-01	-3.474932e-01	-4.319439e-01	0.000000e+00	1	1.431413e-02
1.064017e-01	9.396851e-01	3.152315e-01	2.685866e-01	2.835781e-01	2.755519e-01	3.639809e-01	0.000000e+00	1	9.638307e-03
8.999999e-01	2.177383e-01	-1.921892e-01	-2.095671e-01	-2.948050e-01	-1.845525e-01	-2.687945e-01	0.000000e+00	1	2.140264e-03
7.735374e-01	4.665931e-01	-5.803013e-02	-1.558526e-01	-8.240927e-02	-3.792845e-02	-1.446920e-01	0.000000e+00	1	5.378893e-03
9.701994e-01	3.190791e-02	-4.402701e-01	-3.022469e-01	-3.439024e-01	-4.234560e-01	-4.359493e-01	0.000000e+00	1	3.728251e-03
8.057849e-01	4.155696e-01	-1.977932e-01	-1.555718e-01	-6.906082e-02	-1.207145e-01	-7.271269e-02	0.000000e+00	1	4.904712e-03
1.997120e-02	9.710944e-01	3.382847e-01	4.250096e-01	3.705883e-01	4.285759e-01	4.072636e-01	0.000000e+00	1	2.628779e-03
1.563335e-01	9.298517e-01	3.278953e-01	3.259823e-01	2.910826e-01	3.117850e-01	1.336115e-01	0.000000e+00	1	5.503489e-04
8.181936e-01	3.895172e-01	-1.768655e-01	-9.768091e-02	-1.039162e-01	-1.110454e-01	-1.876336e-01	0.000000e+00	1	4.126988e-03
3.822693e-01	8.223118e-01	1.930156e-01	1.338096e-01	8.300127e-02	1.154306e-01	1.712906e-01	0.000000e+00	1	0.000000e+00
5.747780e-01	6.884144e-01	6.492003e-02	2.087202e-02	-1.228833e-02	3.041279e-02	6.990281e-02	0.000000e+00	1	1.337767e-03
8.029736e-01	4.187167e-01	-1.699195e-01	-8.921888e-02	-9.041275e-02	-1.818653e-01	-7.338436e-02	0.000000e+00	1	2.727218e-03
8.525922e-01	3.246497e-01	-2.465934e-01	-1.428974e-01	-1.318595e-01	-1.826538e-01	-1.468357e-01	0.000000e+00	1	1.233789e-03
7.194926e-01	5.417771e-01	-4.646920e-02	-9.611100e-02	-1.109425e-01	-4.086942e-02	2.005130e-02	0.000000e+00	1	5.358023e-03
6.454073e-01	6.207944e-01	3.200970e-03	1.067976e-02	1.576920e-02	-1.622358e-02	-5.094133e-02	0.000000e+00	1	5.960310e-03
3.209583e-01	8.591475e-01	9.710952e-02	1.118809e-01	2.280827e-01	1.911346e-01	2.511088e-01	0.000000e+00	1	9.910391e-03
4.144105e-01	8.047023e-01	1.288143e-01	2.019369e-01	9.805538e-02	9.866911e-02	8.637746e-02	0.000000e+00	1	7.881753e-03
4.794524e-01	7.601204e-01	9.710952e-02	1.111533e-01	6.951920e-02	4.966892e-02	1.056442e-01	0.000000e+00	1	3.512661e-03
8.829914e-01	2.552640e-01	-1.931128e-01	-1.756556e-01	-2.102396e-01	-1.832074e-01	-2.724032e-01	0.000000e+00	1	2.363901e-03
8.527125e-01	3.181860e-01	-2.108606e-01	-1.706641e-01	-1.496922e-01	-1.737360e-01	-1.516682e-01	0.000000e+00	1	3.932212e-03
2.659586e-01	8.844584e-01	2.247178e-01	2.206663e-01	2.375114e-01	8.434500e-02	2.663456e-01	0.000000e+00	1	0.000000e+00
1.027951e-01	9.421600e-01	2.758682e-01	3.069816e-01	2.835781e-01	2.755519e-01	3.906237e-01	0.000000e+00	1	1.557945e-03
2.955422e-01	8.718000e-01	1.571980e-01	2.145874e-01	2.302595e-01	8.283809e-02	2.675909e-01	0.000000e+00	1	6.081851e-03
5.374099e-01	7.190361e-01	7.257620e-02	3.610196e-02	1.068811e-01	2.082162e-02	4.235349e-02	0.000000e+00	1	4.035168e-03
5.879651e-01	6.790473e-01	6.696516e-02	3.938008e-02	-2.731661e-02	-8.000396e-03	6.862213e-02	0.000000e+00	1	1.038485e-03
6.864445e-01	5.816132e-01	5.368704e-02	-3.639968e-02	-7.234098e-02	-3.750308e-02	-6.868050e-02	0.000000e+00	1	1.867879e-03
7.203935e-01	5.352983e-01	-1.063963e-01	-3.253550e-02	-6.880117e-02	-2.497077e-02	-5.128392e-02	0.000000e+00	1	3.976961e-03
7.756410e-01	4.590130e-01	-4.335298e-02	-1.186216e-01	-7.573243e-02	-1.128207e-01	-1.414899e-01	0.000000e+00	1	7.440024e-03
7.040492e-01	5.600904e-01	-3.900948e-02	-8.788866e-02	3.251735e-02	-8.574196e-02	-4.145809e-02	0.000000e+00	1	2.460241e-03
4.985444e-01	7.530051e-01	9.739543e-02	2.187085e-02	9.264109e-02	2.547073e-02	1.584882e-01	0.000000e+00	1	1.540861e-03
7.506564e-01	4.914406e-01	-9.048171e-02	-9.099429e-02	-7.021326e-02	-8.722643e-02	-5.952375e-02	0.000000e+00	1	4.399239e-03
2.977152e-01	8.671788e-01	1.290831e-01	2.720846e-01	2.078322e-01	1.745945e-01	1.473562e-01	0.000000e+00	1	8.838118e-03
7.749112e-01	4.655116e-01	-9.830080e-02	-6.027276e-02	-6.445002e-02	-1.914205e-01	-6.900224e-02	0.000000e+00	1	4.064686e-03
3.822693e-01	8.223118e-01	1.930156e-01	1.338096e-01	8.300127e-02	1.154306e-01	1.712906e-01	0.000000e+00	1	1.029991e-03
7.141983e-01	5.511481e-01	-3.546913e-02	-8.962544e-03	-1.184531e-01	-1.055103e-01	1.605769e-02	0.000000e+00	1	6.185623e-03
3.946653e-01	8.134552e-01	1.017877e-01	1.451718e-01	1.156527e-01	1.154306e-01	1.799816e-01	0.000000e+00	1	2.098628e-03
5.942776e-01	6.733259e-01	6.696516e-02	2.087202e-02	-2.731661e-02	-8.000396e-03	6.862213e-02	0.000000e+00	1	1.577306e-03
8.837573e-01	2.524470e-01	-1.926248e-01	-2.095671e-01	-1.864540e-01	-1.829602e-01	-2.687945e-01	0.000000e+00	1	2.873090e-03
5.980243e-01	6.692270e-01	5.317122e-02	2.242307e-02	-2.720145e-02	-8.029375e-03	6.862213e-02	0.000000e+00	1	1.057743e-03
3.527209e-01	8.394416e-01	2.012347e-01	8.810793e-02	1.199260e-01	2.065028e-01	1.635653e-01	0.000000e+00	1	5.751481e-03
3.708594e-01	8.278771e-01	1.930156e-01	1.466247e-01	8.300127e-02	1.397622e-01	1.621640e-01	0.000000e+00	1	5.511654e-03
5.088100e-01	7.401184e-01	6.476243e-02	7.182161e-02	1.232732e-01	5.385968e-02	4.215606e-02	0.000000e+00	1	4.721078e-03
9.568785e-01	6.760001e-02	-4.560739e-01	-2.990566e-01	-3.156777e-01	-3.145792e-01	-3.328860e-01	0.000000e+00	1	8.573808e-04
8.725519e-01	2.846147e-01	-2.550159e-01	-2.400044e-01	-1.791369e-01	-1.270223e-01	-1.631876e-01	0.000000e+00	1	5.408672e-03
8.778802e-01	2.702418e-01	-2.716878e-01	-1.740936e-01	-2.215097e-01	-1.829602e-01	-1.491094e-01	0.000000e+00	1	4.080418e-03
1.551966e-01	9.320227e-01	3.262201e-01	3.267071e-01	2.088400e-01	3.790193e-01	1.678972e-01	0.000000e+00	1	1.932771e-03
4.969490e-01	7.542686e-01	5.436500e-02	8.734128e-02	1.017908e-01	9.875698e-04	1.560246e-01	0.000000e+00	1	2.598197e-03
4.594182e-01	7.725175e-01	9.710952e-02	1.111533e-01	6.909113e-02	1.007622e-01	1.057538e-01	0.000000e+00	1	2.426065e-03
1.569575e-01	9.296102e-01	3.277731e-01	3.262897e-01	2.887381e-01	3.116093e-01	1.336115e-01	0.000000e+00	1	6.640957e-03
4.160102e-02	9.619940e-01	3.384068e-01	3.152541e-01	3.729328e-01	3.675839e-01	4.100603e-01	0.000000e+00	1	1.486080e-03
7.311724e-01	5.245515e-01	-5.941158e-02	-5.170334e-02	-1.077481e-01	3.864037e-03	-1.037459e-01	0.000000e+00	1	3.753196e-03
8.132908e-01	3.973836e-01	-1.024602e-01	-1.602822e-01	-1.039162e-01	-1.007240e-01	-1.876336e-01	0.000000e+00	1	8.715239e-04
7.000762e-01	5.650148e-01	-4.036399e-02	-7.033659e-02	-1.017438e-01	2.872666e-02	-2.411570e-02	0.000000e+00	1	2.681670e-03
9.276759e-02	9.494600e-01	4.207473e-01	2.855413e-01	2.746692e-01	2.589883e-01	3.742897e-01	0.000000e+00	1	0.000000e+00
8.491800e-01	3.271447e-01	-1.859962e-01	-1.778990e-01	-1.145640e-01	-1.970515e-01	-1.604677e-01	0.000000e+00	1	3.013535e-03
7.749112e-01	4.655116e-01	-9.830080e-02	-6.027276e-02	-6.445002e-02	-1.914205e-01	-6.900224e-02	0.000000e+00	1	0.000000e+00
8.945854e-01	2.304873e-01	-2.715490e-01	-1.740936e-01	-2.102396e-01	-1.829602e-01	-2.724032e-01	0.000000e+00	1	3.047652e-04
7.229224e-01	5.336610e-01	-5.941158e-02	-5.197928e-02	-7.841509e-02	2.519012e-03	-1.037459e-01	0.000000e+00	1	6.967013e-03
7.476880e-01	4.971325e-01	-6.071975e-02	-1.119216e-01	-8.313401e-02	-8.379529e-02	-4.596121e-02	0.000000e+00	1	4.148266e-03
6.344612e-01	6.376282e-01	5.954178e-02	-7.749941e-02	-1.018874e-02	1.692507e-04	3.284148e-02	0.000000e+00	1	2.327796e-03
9.702770e-01	3.152412e-02	-4.402701e-01	-3.028552e-01	-3.449744e-01	-4.234560e-01	-4.359493e-01	0.000000e+00	1	4.699039e-04
9.640123e-01	5.073034e-02	-4.668831e-01	-2.850233e-01	-3.279148e-01	-3.927565e-01	-3.568144e-01	0.000000e+00	1	9.239727e-04
8.700270e-01	2.886095e-01	-1.903734e-01	-1.778299e-01	-1.281386e-01	-1.871468e-01	-2.667813e-01	0.000000e+00	1	1.268426e-03
9.067414e-01	2.060219e-01	-2.350609e-01	-1.732632e-01	-3.263204e-01	-1.939766e-01	-2.686143e-01	0.000000e+00	1	5.352517e-03
3.822693e-01	8.223118e-01	1.930156e-01	1.338096e-01	8.300127e-02	1.154306e-01	1.712906e-01	0.000000e+00	1	2.714765e-05
5.804782e-01	6.846614e-01	6.658001e-02	2.087202e-02	-2.731661e-02	2.954353e-02	6.990281e-02	0.000000e+00	1	2.964461e-03
1.669821e-01	9.261776e-01	3.482146e-01	2.466175e-01	3.677025e-01	2.064391e-01	1.857444e-01	0.000000e+00	1	2.040863e-03
6.701386e-01	5.997254e-01	-3.231590e-02	-9.417758e-02	-3.183624e-02	1.620534e-02	3.396674e-02	0.000000e+00	1	1.472628e-03
7.042274e-01	5.597843e-01	-3.900948e-02	-8.788866e-02	3.179179e-02	-8.574196e-02	-4.145809e-02	0.000000e+00	1	1.516841e-03
5.222069e-01	7.293777e-01	6.476243e-02	4.991842e-02	1.068811e-01	5.385968e-02	4.235349e-02	0.000000e+00	1	5.735370e-04
8.221807e-01	3.819828e-01	-1.066909e-01	-2.075597e-01	-1.318595e-01	-1.034488e-01	-1.468357e-01	0.000000e+00	1	4.099876e-03
5.539722e-01	7.114165e-01	5.792515e-02	8.733457e-02	1.086964e-01	2.802911e-02	-3.859088e-02	0.000000e+00	1	1.185903e-03
8.252509e-01	3.748813e-01	-1.567434e-01	-8.908204e-02	-1.314854e-01	-1.914205e-01	-1.437862e-01	0.000000e+00	1	2.196662e-03
3.091854e-01	8.641779e-01	1.328337e-01	9.348737e-02	2.239038e-01	2.042717e-01	2.547591e-01	0.000000e+00	1	0.000000e+00
8.188800e-01	3.881131e-01	-1.680735e-01	-1.123020e-01	-9.677073e-02	-1.944321e-01	-1.089621e-01	0.000000e+00	1	1.952679e-03
2.260293e-01	9.020569e-01	1.293869e-01	2.855413e-01	1.857737e-01	3.166045e-01	2.382638e-01	0.000000e+00	1	2.011070e-03
5.195761e-01	7.314056e-01	7.257620e-02	4.991842e-02	1.068811e-01	5.332026e-02	4.235349e-02	0.000000e+00	1	3.298978e-03
9.632131e-01	5.216723e-02	-4.394167e-01	-2.803403e-01	-3.538755e-01	-4.234560e-01	-3.191773e-01	0.000000e+00	1	6.908680e-04
7.429672e-01	5.064772e-01	-6.431271e-02	-1.135289e-01	-1.079799e-01	-2.248004e-02	-5.638173e-02	0.000000e+00	1	1.740987e-03
5.990572e-01	6.682312e-01	5.168966e-02	2.087202e-02	-2.731661e-02	-8.000396e-03	6.862213e-02	0.000000e+00	1	3.421136e-03
6.781103e-01	5.890174e-01	-3.885491e-02	-3.639968e-02	-7.044091e-02	-3.750308e-02	4.660725e-02	0.000000e+00	1	5.429730e-03
7.961922e-01	4.291870e-01	-9.804080e-02	-7.103860e-02	-8.337287e-02	-1.914205e-01	-1.318501e-01	0.000000e+00	1	2.487829e-03
6.821614e-01	5.858337e-01	-2.529562e-02	-5.283523e-02	-9.830016e-02	9.807066e-04	2.746527e-02	0.000000e+00	1	3.398020e-03
5.222069e-01	7.293777e-01	6.476243e-02	4.991842e-02	1.068811e-01	5.385968e-02	4.235349e-02	0.000000e+00	1	2.408069e-03
3.447275e-01	8.445993e-01	1.930156e-01	1.338096e-01	1.150082e-01	1.176929e-01	2.449240e-01	0.000000e+00	1	2.659395e-03
7.454485e-01	5.033258e-01	-6.416576e-02	-1.123785e-01	-1.150277e-01	-2.248004e-02	-5.961224e-02	0.000000e+00	1	3.479255e-03
6.318252e-01	6.410223e-01	6.769402e-02	-7.749941e-02	-1.018874e-02	1.692507e-04	3.396674e-02	0.000000e+00	1	5.638624e-03
8.567797e-01	3.122797e-01	-1.931128e-01	-1.740936e-01	-2.102396e-01	-1.828023e-01	-1.168482e-01	0.000000e+00	1	4.332979e-03
8.023904e-01	4.220488e-01	-2.099314e-01	-1.311679e-01	-5.962558e-02	-1.093579e-01	-8.985210e-02	0.000000e+00	1	3.426612e-03
9.433624e-01	1.199846e-01	-2.000047e-01	-2.595866e-01	-3.081683e-01	-3.387832e-01	-4.269898e-01	0.000000e+00	1	3.982374e-03
9.354299e-01	1.288009e-01	-1.971008e-01	-3.213457e-01	-3.181478e-01	-2.608970e-01	-3.571373e-01	0.000000e+00	1	1.314795e-03
8.853121e-01	2.520241e-01	-2.550159e-01	-1.977758e-01	-1.791369e-01	-2.584813e-01	-1.578344e-01	0.000000e+00	1	6.143902e-04
5.142053e-01	7.350686e-01	6.476243e-02	6.724294e-02	1.064890e-01	5.385968e-02	4.658651e-02	0.000000e+00	1	2.008464e-03
5.879651e-01	6.790473e-01	6.696516e-02	3.938008e-02	-2.731661e-02	-8.000396e-03	6.862213e-02	0.000000e+00	1	2.244257e-04
8.103769e-01	4.018911e-01	-1.642215e-01	-1.691331e-01	-1.100700e-01	-1.207145e-01	-7.802301e-02	0.000000e+00	1	7.270869e-03
9.602632e-01	6.076484e-02	-4.560739e-01	-2.732331e-01	-3.239230e-01	-3.799068e-01	-3.349153e-01	0.000000e+00	1	0.000000e+00
8.945854e-01	2.304873e-01	-2.715490e-01	-1.740936e-01	-2.102396e-01	-1.829602e-01	-2.724032e-01	0.000000e+00	1	1.229796e-03
7.986302e-01	4.253035e-01	-1.216497e-01	-6.027276e-02	-1.226764e-01	-1.914205e-01	-9.022111e-02	0.000000e+00	1	3.304671e-04
3.774651e-01	8.245759e-01	1.930156e-01	1.338096e-01	8.983106e-02	1.176929e-01	1.736982e-01	0.000000e+00	1	3.860275e-04
7.749112e-01	4.655116e-01	-9.830080e-02	-6.027276e-02	-6.445002e-02	-1.914205e-01	-6.900224e-02	0.000000e+00	1	3.776817e-04
9.231922e-01	1.677726e-01	-1.971008e-01	-1.989977e-01	-3.181478e-01	-2.611562e-01	-3.566230e-01	0.000000e+00	1	2.712129e-03
7.456130e-01	4.994091e-01	-9.048171e-02	-8.675997e-02	-6.880117e-02	-9.091588e-02	-4.145809e-02	0.000000e+00	1	4.355178e-03
8.725519e-01	2.846147e-01	-2.550159e-01	-2.400044e-01	-1.791369e-01	-1.270223e-01	-1.631876e-01	0.000000e+00	1	4.746595e-04
9.439010e-01	1.158128e-01	-4.000836e-01	-3.054247e-01	-2.371984e-01	-3.799048e-01	-2.189062e-01	0.000000e+00	1	5.138511e-03
5.125728e-01	7.364478e-01	6.476243e-02	7.646653e-02	1.064890e-01	5.385968e-02	4.215606e-02	0.000000e+00	1	1.692202e-03
8.129661e-01	3.987468e-01	-1.855474e-01	-1.586753e-01	-1.136997e-01	-1.207145e-01	-7.414201e-02	0.000000e+00	1	9.070123e-04
5.047494e-01	7.443606e-01	5.924789e-02	8.733457e-02	1.017908e-01	1.330578e-02	1.079967e-01	0.000000e+00	1	1.061206e-03
4.188789e-02	9.618583e-01	3.382847e-01	3.155615e-01	3.705883e-01	3.675839e-01	4.100603e-01	0.000000e+00	1	2.184790e-04
7.986302e-01	4.253035e-01	-1.216497e-01	-6.027276e-02	-1.226764e-01	-1.914205e-01	-9.022111e-02	0.000000e+00	1	1.100484e-03
5.518572e-01	7.129173e-01	5.924789e-02	8.733457e-02	1.130363e-01	2.057506e-02	-3.124029e-02	0.000000e+00	1	4.366416e-03
2.659586e-01	8.844584e-01	2.247178e-01	2.206663e-01	2.375114e-01	8.434500e-02	2.663456e-01	0.000000e+00	1	2.912606e-03
2.842336e-02	9.660900e-01	3.382847e-01	3.891023e-01	3.705883e-01	3.675839e-01	4.100603e-01	0.000000e+00	1	3.662533e-03
2.659586e-01	8.844584e-01	2.247178e-01	2.206663e-01	2.375114e-01	8.434500e-02	2.663456e-01	0.000000e+00	1	6.931529e-04
5.603769e-02	9.600962e-01	3.131748e-01	3.649890e-01	3.739566e-01	4.347718e-01	2.816226e-01	0.000000e+00	1	3.312387e-03
8.514256e-01	3.269198e-01	-2.465934e-01	-1.428974e-01	-1.318595e-01	-1.763650e-01	-1.468357e-01	0.000000e+00	1	3.053492e-03
7.055681e-01	5.586744e-01	-3.356632e-02	-1.001318e-01	-9.554131e-02	6.702811e-03	-3.717187e-03	0.000000e+00	1	5.663641e-03
4.779104e-01	7.628623e-01	1.288143e-01	1.008490e-01	1.009193e-01	2.835768e-02	8.223492e-02	0.000000e+00	1	9.804766e-05
4.188789e-02	9.618583e-01	3.382847e-01	3.155615e-01	3.705883e-01	3.675839e-01	4.100603e-01	0.000000e+00	1	2.091449e-03
5.655386e-01	7.044710e-01	-3.772261e-02	4.140686e-02	4.627234e-03	1.328246e-01	7.427562e-02	0.000000e+00	1	4.494910e-03
7.986302e-01	4.253035e-01	-1.216497e-01	-6.027276e-02	-1.226764e-01	-1.914205e-01	-9.022111e-02	0.000000e+00	1	1.238730e-03
5.125728e-01	7.364478e-01	6.476243e-02	7.646653e-02	1.064890e-01	5.385968e-02	4.215606e-02	0.000000e+00	1	1.556619e-03
3.229811e-02	9.639659e-01	3.382847e-01	3.889715e-01	3.705883e-01	3.675839e-01	3.739931e-01	0.000000e+00	1	4.061313e-04
9.602632e-01	6.076484e-02	-4.560739e-01	-2.732331e-01	-3.239230e-01	-3.799068e-01	-3.349153e-01	0.000000e+00	1	1.596144e-03
6.131168e-01	6.594353e-01	2.022265e-02	-5.730360e-02	5.668785e-02	-2.490496e-02	7.658250e-02	0.000000e+00	1	6.538183e-03
3.161757e-02	9.651925e-01	3.284882e-01	3.891023e-01	3.639412e-01	3.675839e-01	4.100603e-01	0.000000e+00	1	3.101517e-03
9.439010e-01	1.158128e-01	-4.000836e-01	-3.054247e-01	-2.371984e-01	-3.799048e-01	-2.189062e-01	0.000000e+00	1	4.985667e-04
9.231922e-01	1.677726e-01	-1.971008e-01	-1.989977e-01	-3.181478e-01	-2.611562e-01	-3.566230e-01	0.000000e+00	1	1.654867e-03
8.312962e-01	3.636909e-01	-1.768655e-01	-1.602822e-01	-1.039162e-01	-1.134200e-01	-1.876336e-01	0.000000e+00	1	9.849682e-03
4.827948e-01	7.594191e-01	1.288143e-01	8.753592e-02	1.009193e-01	2.835768e-02	8.223492e-02	0.000000e+00	1	1.465090e-03
5.433361e-01	7.159438e-01	5.436500e-02	8.733457e-02	1.017908e-01	1.330578e-02	8.611623e-03	0.000000e+00	1	2.740363e-03
8.827272e-01	2.559946e-01	-1.931128e-01	-1.740936e-01	-2.102396e-01	-1.829602e-01	-2.724032e-01	0.000000e+00	1	5.504814e-03
8.725519e-01	2.846147e-01	-2.550159e-01	-2.400044e-01	-1.791369e-01	-1.270223e-01	-1.631876e-01	0.000000e+00	1	2.648791e-04
7.427908e-01	5.066944e-01	-6.416576e-02	-1.135289e-01	-1.074975e-01	-2.248004e-02	-5.638173e-02	0.000000e+00	1	2.704159e-03
8.775820e-01	2.736587e-01	-2.350609e-01	-1.671803e-01	-1.305417e-01	-1.939766e-01	-2.686143e-01	0.000000e+00	1	3.022027e-03
2.659586e-01	8.844584e-01	2.247178e-01	2.206663e-01	2.375114e-01	8.434500e-02	2.663456e-01	0.000000e+00	1	0.000000e+00
9.632131e-01	5.216723e-02	-4.394167e-01	-2.803403e-01	-3.538755e-01	-4.234560e-01	-3.191773e-01	0.000000e+00	1	3.352705e-03
4.883706e-01	7.579596e-01	5.706499e-02	1.325089e-01	1.084975e-01	1.235369e-02	1.079967e-01	0.000000e+00	1	2.057897e-03
8.403366e-01	3.480427e-01	-1.585576e-01	-1.675648e-01	-8.367158e-02	-1.939766e-01	-1.827167e-01	0.000000e+00	1	2.834140e-03
5.410365e-01	7.186657e-01	4.965610e-02	8.733457e-02	1.146900e-01	1.330578e-02	8.611623e-03	0.000000e+00	1	4.662831e-03
3.993851e-02	9.631843e-01	3.284882e-01	3.891023e-01	3.206108e-01	3.674241e-01	4.173699e-01	0.000000e+00	1	2.071032e-04
9.470055e-01	1.025351e-01	-4.294898e-01	-2.593141e-01	-2.634267e-01	-2.718543e-01	-3.575901e-01	0.000000e+00	1	4.268699e-03
9.199603e-01	1.782637e-01	-2.715490e-01	-3.713533e-01	-2.036269e-01	-1.829602e-01	-2.724032e-01	0.000000e+00	1	4.037979e-03
5.850393e-01	6.837243e-01	1.340319e-03	4.759665e-02	1.065511e-01	2.756420e-02	-3.124029e-02	0.000000e+00	1	3.512189e-03
7.487548e-01	4.945215e-01	-9.048171e-02	-8.924416e-02	-6.880117e-02	-9.091588e-02	-5.135247e-02	0.000000e+00	1	4.473618e-03
5.869715e-01	6.800631e-01	6.696516e-02	4.338552e-02	-2.820343e-02	-8.000396e-03	6.862213e-02	0.000000e+00	1	2.449365e-03
6.821614e-01	5.858337e-01	-2.529562e-02	-5.283523e-02	-9.830016e-02	9.807066e-04	2.746527e-02	0.000000e+00	1	2.971591e-03
4.849264e-01	7.584931e-01	1.288143e-01	9.482635e-02	1.009193e-01	2.207160e-02	7.677454e-02	0.000000e+00	1	3.638906e-03
4.827948e-01	7.594191e-01	1.288143e-01	8.753592e-02	1.009193e-01	2.835768e-02	8.223492e-02	0.000000e+00	1	2.207677e-03
9.231922e-01	1.677726e-01	-1.971008e-01	-1.989977e-01	-3.181478e-01	-2.611562e-01	-3.566230e-01	0.000000e+00	1	9.028157e-03
5.047494e-01	7.443606e-01	5.924789e-02	8.733457e-02	1.017908e-01	1.330578e-02	1.079967e-01	0.000000e+00	1	8.080204e-04
5.942776e-01	6.733259e-01	6.696516e-02	2.087202e-02	-2.731661e-02	-8.000396e-03	6.862213e-02	0.000000e+00	1	2.563136e-03
3.091854e-01	8.641779e-01	1.328337e-01	9.348737e-02	2.239038e-01	2.042717e-01	2.547591e-01	0.000000e+00	1	0.000000e+00
8.700270e-01	2.886095e-01	-1.903734e-01	-1.778299e-01	-1.281386e-01	-1.871468e-01	-2.667813e-01	0.000000e+00	1	2.807353e-03
5.324908e-01	7.237218e-01	1.578331e-02	8.587028e-02	1.090389e-01	2.835208e-02	5.500428e-02	0.000000e+00	1	2.996789e-03
8.229665e-01	3.798228e-01	-1.567434e-01	-8.285217e-02	-1.274477e-01	-1.914205e-01	-1.423570e-01	0.000000e+00	1	1.354385e-03
3.822693e-01	8.223118e-01	1.930156e-01	1.338096e-01	8.300127e-02	1.154306e-01	1.712906e-01	0.000000e+00	1	0.000000e+00
2.715865e-01	8.835955e-01	1.332606e-01	2.433347e-01	2.449323e-01	2.894861e-01	1.141107e-01	0.000000e+00	1	3.357911e-03
3.775952e-01	8.244516e-01	1.930156e-01	1.466247e-01	8.300127e-02	1.227288e-01	1.621640e-01	0.000000e+00	1	2.624805e-03
2.224143e-02	9.696762e-01	3.382847e-01	3.891023e-01	3.705883e-01	4.285759e-01	4.151002e-01	0.000000e+00	1	1.906777e-03
8.661311e-01	2.901424e-01	-2.189330e-01	-1.819312e-01	-1.496922e-01	-1.769789e-01	-2.050187e-01	0.000000e+00	1	4.143521e-03
8.807708e-01	2.637041e-01	-1.628024e-01	-1.740936e-01	-2.102396e-01	-1.869876e-01	-2.836146e-01	0.000000e+00	1	4.151476e-03
5.548928e-01	7.088736e-01	1.136257e-01	7.318185e-02	5.689324e-02	6.702811e-03	-1.306871e-02	0.000000e+00	1	3.656400e-03
5.228660e-01	7.289273e-01	6.476243e-02	4.991842e-02	1.068811e-01	5.385968e-02	4.065224e-02	0.000000e+00	1	6.412843e-03
4.778259e-01	7.629676e-01	1.288143e-01	1.008490e-01	1.017529e-01	2.786276e-02	8.223492e-02	0.000000e+00	1	2.938081e-04
1.563736e-01	9.298330e-01	3.278953e-01	3.259823e-01	2.910826e-01	3.116093e-01	1.336115e-01	0.000000e+00	1	4.475946e-04
1.024907e-01	9.445651e-01	2.318591e-01	2.570853e-01	3.364717e-01	3.637086e-01	3.674098e-01	0.000000e+00	1	4.352273e-03
4.594182e-01	7.725175e-01	9.710952e-02	1.111533e-01	6.909113e-02	1.007622e-01	1.057538e-01	0.000000e+00	1	2.966428e-03
1.302242e-01	9.358621e-01	2.267924e-01	2.975454e-01	3.530587e-01	3.616579e-01	2.184149e-01	0.000000e+00	1	9.942890e-03
6.615834e-01	6.120826e-01	-6.497083e-02	-9.082526e-02	2.474956e-02	9.485506e-03	4.524686e-02	0.000000e+00	1	6.395756e-03
9.602632e-01	6.076484e-02	-4.560739e-01	-2.732331e-01	-3.239230e-01	-3.799068e-01	-3.349153e-01	0.000000e+00	1	3.906238e-03
5.574894e-01	7.069833e-01	5.052479e-02	1.017013e-01	2.080304e-03	-1.488996e-02	9.102983e-02	0.000000e+00	1	4.605662e-03
6.179654e-02	9.554623e-01	3.382847e-01	3.155615e-01	3.067686e-01	3.302384e-01	4.128238e-01	0.000000e+00	1	6.416663e-03
8.718403e-01	2.859605e-01	-2.489957e-01	-2.436354e-01	-1.791369e-01	-1.268454e-01	-1.615884e-01	0.000000e+00	1	1.360365e-03
8.316368e-01	3.583288e-01	-1.599696e-01	-1.428974e-01	-1.317740e-01	-1.667350e-01	-1.465620e-01	0.000000e+00	1	1.035480e-02
8.159361e-01	3.931578e-01	-1.837226e-01	-1.691331e-01	-1.100700e-01	-1.207145e-01	-8.325927e-02	0.000000e+00	1	3.524985e-03
4.765682e-01	7.636520e-01	6.476243e-02	6.724294e-02	1.375694e-01	5.612081e-02	1.187796e-01	0.000000e+00	1	2.223707e-03
5.863566e-01	6.821805e-01	1.142312e-01	-3.880349e-03	6.080377e-03	3.704748e-02	-6.166318e-03	0.000000e+00	1	2.185214e-03
6.454073e-01	6.207944e-01	3.200970e-03	1.067976e-02	1.576920e-02	-1.622358e-02	-5.094133e-02	0.000000e+00	1	4.369670e-03
5.980243e-01	6.692270e-01	5.317122e-02	2.242307e-02	-2.720145e-02	-8.029375e-03	6.862213e-02	0.000000e+00	1	2.190531e-03
5.734911e-01	6.897161e-01	6.877838e-02	2.087202e-02	-1.293198e-02	3.122761e-02	6.990281e-02	0.000000e+00	1	1.941585e-03
9.702770e-01	3.152412e-02	-4.402701e-01	-3.028552e-01	-3.449744e-01	-4.234560e-01	-4.359493e-01	0.000000e+00	1	1.980587e-04
8.951743e-01	2.294526e-01	-2.716878e-01	-1.740936e-01	-2.102396e-01	-1.829602e-01	-2.761472e-01	0.000000e+00	1	4.386386e-04
9.448643e-01	1.063958e-01	-2.464470e-01	-2.600816e-01	-3.687266e-01	-2.760659e-01	-4.058018e-01	0.000000e+00	1	8.458849e-03
6.343074e-01	6.377357e-01	5.954178e-02	-7.709834e-02	-1.018874e-02	1.692507e-04	3.284148e-02	0.000000e+00	1	3.115839e-03
2.594161e-01	8.856199e-01	2.574078e-01	1.016903e-01	2.240022e-01	2.061382e-01	2.549558e-01	0.000000e+00	1	4.214733e-03
8.475017e-01	3.307322e-01	-1.859962e-01	-1.778990e-01	-1.145640e-01	-1.970515e-01	-1.512928e-01	0.000000e+00	1	2.453225e-03
7.749112e-01	4.655116e-01	-9.830080e-02	-6.027276e-02	-6.445002e-02	-1.914205e-01	-6.900224e-02	0.000000e+00	1	5.581525e-04
3.978731e-01	8.112058e-01	1.017877e-01	1.441921e-01	1.156527e-01	1.154306e-01	1.712906e-01	0.000000e+00	1	6.262608e-03
9.582914e-01	6.735558e-02	-4.402701e-01	-2.803403e-01	-3.958762e-01	-2.811380e-01	-3.394187e-01	0.000000e+00	1	5.279064e-03
4.933553e-01	7.558763e-01	1.288143e-01	1.418944e-01	8.089884e-02	3.670335e-02	1.984685e-02	0.000000e+00	1	2.744393e-03
5.545118e-01	7.110824e-01	5.924789e-02	8.747652e-02	1.130363e-01	1.355024e-02	-3.124029e-02	0.000000e+00	1	1.788792e-03
3.091854e-01	8.641779e-01	1.328337e-01	9.348737e-02	2.239038e-01	2.042717e-01	2.547591e-01	0.000000e+00	1	4.459365e-05
2.235722e-01	9.023894e-01	1.868606e-01	1.294009e-01	3.109468e-01	2.699147e-01	2.621203e-01	0.000000e+00	1	2.360580e-03
8.251401e-01	3.779864e-01	-1.066909e-01	-1.994002e-01	-1.288115e-01	-9.320929e-02	-1.812679e-01	0.000000e+00	1	3.732354e-03
3.926695e-01	8.171374e-01	1.017877e-01	1.370123e-01	1.126047e-01	1.051911e-01	2.144137e-01	0.000000e+00	1	5.201810e-03
5.293428e-01	7.241074e-01	4.541561e-02	5.061082e-02	1.068811e-01	5.332026e-02	4.235349e-02	0.000000e+00	1	4.116577e-03
6.264848e-01	6.443873e-01	6.673954e-02	4.338552e-02	-2.820343e-02	-8.000396e-03	-4.646426e-02	0.000000e+00	1	5.425890e-03
4.026365e-02	9.631091e-01	3.284882e-01	3.891023e-01	3.192800e-01	3.674241e-01	4.173699e-01	0.000000e+00	1	1.474704e-03
8.652191e-01	2.918170e-01	-2.138173e-01	-1.819312e-01	-1.496922e-01	-1.769789e-01	-2.050187e-01	0.000000e+00	1	1.336168e-03
1.817753e-01	9.222715e-01	3.359746e-01	3.079013e-01	3.100399e-01	1.167149e-01	2.452477e-01	0.000000e+00	1	1.592350e-02
9.706303e-01	3.096785e-02	-4.000836e-01	-3.054247e-01	-3.859244e-01	-3.821203e-01	-4.809574e-01	0.000000e+00	1	1.133074e-03
2.224143e-02	9.696762e-01	3.382847e-01	3.891023e-01	3.705883e-01	4.285759e-01	4.151002e-01	0.000000e+00	1	5.050113e-03
6.982831e-01	5.654660e-01	-6.360010e-02	-1.004234e-02	1.975982e-02	-6.863185e-02	-8.140651e-02	0.000000e+00	1	7.361425e-04
9.702770e-01	3.152412e-02	-4.402701e-01	-3.028552e-01	-3.449744e-01	-4.234560e-01	-4.359493e-01	0.000000e+00	1	4.019489e-05
2.414966e-01	8.917242e-01	2.757228e-01	2.604439e-01	2.375114e-01	1.591627e-01	1.553786e-01	0.000000e+00	1	6.160567e-03
5.677357e-01	6.958263e-01	6.797599e-02	9.157842e-02	-1.018874e-02	1.312768e-02	3.396674e-02	0.000000e+00	1	2.762207e-03
7.030885e-01	5.634095e-01	-5.832597e-02	-1.075863e-01	-7.832251e-02	1.730428e-02	1.139509e-02	0.000000e+00	1	9.087387e-04
6.915892e-01	5.726860e-01	1.340319e-03	-8.234132e-02	4.144168e-03	-7.419072e-02	-3.124029e-02	0.000000e+00	1	6.579474e-03
7.566296e-01	4.848230e-01	-9.270332e-02	-9.213045e-02	-1.078202e-01	-9.058778e-02	-3.597958e-02	0.000000e+00	1	9.736034e-03
9.626043e-01	5.821318e-02	-4.402701e-01	-2.995628e-01	-3.487748e-01	-2.789570e-01	-4.359493e-01	0.000000e+00	1	3.435130e-03
5.324908e-01	7.237218e-01	1.578331e-02	8.587028e-02	1.090389e-01	2.835208e-02	5.500428e-02	0.000000e+00	1	1.828247e-03
2.863688e-01	8.729287e-01	8.940338e-02	1.967466e-01	2.258907e-01	2.217371e-01	2.308722e-01	0.000000e+00	1	1.087044e-02
8.252509e-01	3.748813e-01	-1.567434e-01	-8.908204e-02	-1.314854e-01	-1.914205e-01	-1.437862e-01	0.000000e+00	1	1.460474e-03
6.724184e-01	5.992733e-01	5.120129e-02	-7.455702e-02	-8.394406e-02	-4.342010e-03	-1.023927e-03	0.000000e+00	1	3.311556e-03
9.439010e-01	1.158128e-01	-4.000836e-01	-3.054247e-01	-2.371984e-01	-3.799048e-01	-2.189062e-01	0.000000e+00	1	2.152914e-03
7.986302e-01	4.253035e-01	-1.216497e-01	-6.027276e-02	-1.226764e-01	-1.914205e-01	-9.022111e-02	0.000000e+00	1	3.738496e-04
8.132908e-01	3.973836e-01	-1.024602e-01	-1.602822e-01	-1.039162e-01	-1.007240e-01	-1.876336e-01	0.000000e+00	1	3.071976e-03
7.854277e-01	4.491232e-01	-1.587167e-01	-1.535143e-01	-1.100700e-01	-2.675332e-02	-7.802301e-02	0.000000e+00	1	3.374406e-03
1.533322e-01	9.329482e-01	2.267924e-01	2.975454e-01	3.530587e-01	3.792954e-01	1.608872e-01	0.000000e+00	1	6.247777e-03
2.842336e-02	9.660900e-01	3.382847e-01	3.891023e-01	3.705883e-01	3.675839e-01	4.100603e-01	0.000000e+00	1	3.503857e-03
5.603769e-02	9.600962e-01	3.131748e-01	3.649890e-01	3.739566e-01	4.347718e-01	2.816226e-01	0.000000e+00	1	8.200397e-03
5.185738e-01	7.321268e-01	7.257620e-02	5.079691e-02	1.070863e-01	5.484213e-02	4.241602e-02	0.000000e+00	1	1.696060e-03
1.658368e-01	9.264547e-01	3.482146e-01	2.466175e-01	3.677025e-01	2.093093e-01	1.857444e-01	0.000000e+00	1	6.959511e-03
3.759950e-01	8.256874e-01	1.930156e-01	1.466247e-01	7.461215e-02	1.365024e-01	1.621640e-01	0.000000e+00	1	4.627804e-03
6.701386e-01	5.997254e-01	-3.231590e-02	-9.417758e-02	-3.183624e-02	1.620534e-02	3.396674e-02	0.000000e+00	1	1.449236e-03
5.987478e-01	6.684580e-01	5.168966e-02	2.087202e-02	-2.650299e-02	-8.000396e-03	6.862213e-02	0.000000e+00	1	1.048489e-03
2.275825e-01	8.972169e-01	2.758682e-01	2.160727e-01	2.430256e-01	1.338275e-01	2.586900e-01	0.000000e+00	1	8.231584e-03
3.946653e-01	8.134552e-01	1.017877e-01	1.451718e-01	1.156527e-01	1.154306e-01	1.799816e-01	0.000000e+00	1	1.225440e-03
6.527103e-01	6.196509e-01	5.366228e-02	-3.639968e-02	-7.051639e-02	-3.719946e-02	3.962176e-02	0.000000e+00	1	4.369670e-03
8.530259e-01	3.174650e-01	-2.108606e-01	-1.706641e-01	-1.515111e-01	-1.737360e-01	-1.516309e-01	0.000000e+00	1	5.152960e-03
4.390462e-01	7.887190e-01	8.426051e-02	7.001432e-02	1.012765e-01	1.139616e-01	1.763389e-01	0.000000e+00	1	1.271375e-02
8.902327e-01	2.443110e-01	-2.457169e-01	-2.420960e-01	-2.058657e-01	-2.607812e-01	-1.240335e-01	0.000000e+00	1	2.559902e-03
5.710375e-01	6.938295e-01	5.943486e-02	3.840521e-02	5.370215e-03	9.888719e-02	-1.358172e-02	0.000000e+00	1	6.021661e-03
8.567797e-01	3.122797e-01	-1.931128e-01	-1.740936e-01	-2.102396e-01	-1.828023e-01	-1.168482e-01	0.000000e+00	1	7.403298e-03
2.594161e-01	8.856199e-01	2.574078e-01	1.016903e-01	2.240022e-01	2.061382e-01	2.549558e-01	0.000000e+00	1	2.744727e-03
7.822791e-01	4.518881e-01	-5.716473e-02	-9.592269e-02	-6.807987e-02	-1.814316e-01	-1.135222e-01	0.000000e+00	1	1.412407e-03
2.717317e-01	8.835478e-01	1.325187e-01	2.433347e-01	2.449323e-01	2.894861e-01	1.145116e-01	0.000000e+00	1	4.700641e-03
9.334162e-01	1.301143e-01	-3.249879e-01	-3.054247e-01	-2.433397e-01	-3.439594e-01	-2.189062e-01	0.000000e+00	1	4.618531e-03
7.992687e-01	4.229032e-01	-1.701355e-01	-8.921888e-02	-9.493238e-02	-1.626748e-01	-7.338436e-02	0.000000e+00	1	6.035892e-04
9.554265e-01	7.336373e-02	-4.094895e-01	-3.054247e-01	-2.419301e-01	-3.857950e-01	-3.536541e-01	0.000000e+00	1	9.090282e-04
3.822998e-01	8.222898e-01	1.929186e-01	1.338096e-01	8.300127e-02	1.154306e-01	1.712906e-01	0.000000e+00	1	1.920221e-03
6.738271e-01	5.929771e-01	-3.903819e-02	-7.749941e-02	-1.018874e-02	-2.990494e-02	3.284148e-02	0.000000e+00	1	1.499001e-03
8.126942e-02	9.501596e-01	3.497250e-01	3.505694e-01	3.267611e-01	2.352173e-01	3.667960e-01	0.000000e+00	1	1.320302e-02
7.612289e-01	4.770054e-01	-9.048171e-02	-1.022325e-01	-1.033235e-01	-9.091588e-02	-5.135247e-02	0.000000e+00	1	6.316706e-03
4.056717e-01	8.095833e-01	6.290185e-02	1.726053e-01	1.170325e-01	1.124523e-01	1.712906e-01	0.000000e+00	1	4.518360e-03
1.352596e-02	9.782767e-01	4.024618e-01	3.551723e-01	4.463548e-01	5.001972e-01	4.288846e-01	0.000000e+00	1	1.000000e+14
8.924999e-01	2.442139e-01	-1.874232e-01	-2.420570e-01	-3.046693e-01	-2.289844e-01	-1.270983e-01	0.000000e+00	1	7.161721e-03
3.508552e-01	8.409109e-01	2.012347e-01	8.293273e-02	1.199260e-01	2.065028e-01	1.754885e-01	0.000000e+00	1	2.152132e-03
4.481344e-02	9.607395e-01	3.382847e-01	3.155615e-01	3.527173e-01	3.675839e-01	4.100603e-01	0.000000e+00	1	1.514082e-03
7.162080e-01	5.464382e-01	3.644965e-02	-8.799959e-02	-8.355947e-02	-8.528021e-02	-4.172780e-02	0.000000e+00	1	6.027721e-03
7.446362e-01	5.051714e-01	-6.071975e-02	-1.419388e-01	-8.313401e-02	-3.804839e-02	-4.596121e-02	0.000000e+00	1	2.910501e-03
9.354299e-01	1.288009e-01	-1.971008e-01	-3.213457e-01	-3.181478e-01	-2.608970e-01	-3.571373e-01	0.000000e+00	1	2.976793e-03
2.715865e-01	8.835955e-01	1.332606e-01	2.433347e-01	2.449323e-01	2.894861e-01	1.141107e-01	0.000000e+00	1	2.466656e-05
8.853121e-01	2.520241e-01	-2.550159e-01	-1.977758e-01	-1.791369e-01	-2.584813e-01	-1.578344e-01	0.000000e+00	1	2.984690e-03
7.506564e-01	4.914406e-01	-9.048171e-02	-9.099429e-02	-7.021326e-02	-8.722643e-02	-5.952375e-02	0.000000e+00	1	4.681317e-03
6.973107e-01	5.720015e-01	-6.497083e-02	-9.082526e-02	2.474956e-02	2.700441e-02	-8.960854e-02	0.000000e+00	1	7.190301e-03
8.129126e-01	3.987619e-01	-1.848581e-01	-1.586753e-01	-1.136997e-01	-1.212297e-01	-7.414201e-02	0.000000e+00	1	1.122650e-03
8.463387e-01	3.345665e-01	-1.960480e-01	-1.986501e-01	-1.791369e-01	-1.270223e-01	-1.184872e-01	0.000000e+00	1	4.745040e-03
9.216882e-01	1.715197e-01	-1.906270e-01	-2.244343e-01	-3.108536e-01	-3.619310e-01	-2.308164e-01	0.000000e+00	1	3.893999e-03
9.126736e-01	1.975425e-01	-1.386471e-01	-2.399671e-01	-2.294833e-01	-3.193333e-01	-3.124835e-01	0.000000e+00	1	1.885353e-03
8.931027e-01	2.333115e-01	-2.580046e-01	-1.740936e-01	-2.101764e-01	-1.829602e-01	-2.761472e-01	0.000000e+00	1	4.226718e-04
9.130141e-01	1.866827e-01	-2.549876e-01	-2.351535e-01	-3.405849e-01	-1.977270e-01	-2.211597e-01	0.000000e+00	1	1.016283e-02
2.540827e-01	8.881752e-01	2.757228e-01	2.604439e-01	2.375114e-01	1.591627e-01	1.279956e-01	0.000000e+00	1	1.652513e-03
7.384801e-01	5.141223e-01	-6.416576e-02	-1.123785e-01	-1.150277e-01	-2.248004e-02	-3.222921e-02	0.000000e+00	1	9.643809e-03
7.030885e-01	5.634095e-01	-5.832597e-02	-1.075863e-01	-7.832251e-02	1.730428e-02	1.139509e-02	0.000000e+00	1	2.167902e-03
9.544459e-01	7.941821e-02	-4.402701e-01	-2.803403e-01	-3.449744e-01	-2.558253e-01	-3.590535e-01	0.000000e+00	1	8.035422e-03
4.458045e-01	7.816472e-01	1.291518e-01	8.907700e-02	9.530673e-02	1.234367e-01	8.369915e-02	0.000000e+00	1	7.401659e-03
6.360363e-01	6.349589e-01	5.954178e-02	-5.610680e-02	-3.809809e-02	1.692507e-04	3.284148e-02	0.000000e+00	1	2.192704e-03
6.527103e-01	6.196509e-01	5.366228e-02	-3.639968e-02	-7.051639e-02	-3.719946e-02	3.962176e-02	0.000000e+00	1	0.000000e+00
6.151602e-01	6.535941e-01	3.349620e-03	-1.630719e-03	-1.587085e-03	-2.449795e-02	8.318374e-02	0.000000e+00	1	6.785307e-03
7.203935e-01	5.352983e-01	-1.063963e-01	-3.253550e-02	-6.880117e-02	-2.497077e-02	-5.128392e-02	0.000000e+00	1	1.269507e-03
8.525922e-01	3.246497e-01	-2.465934e-01	-1.428974e-01	-1.318595e-01	-1.826538e-01	-1.468357e-01	0.000000e+00	1	3.939394e-03
6.761620e-01	5.912200e-01	-5.338823e-04	-5.425877e-02	-8.095568e-02	-2.490496e-02	3.043935e-02	0.000000e+00	1	2.569979e-03
8.736545e-01	2.752398e-01	-1.850973e-01	-1.977758e-01	-1.811399e-01	-2.513168e-01	-1.611726e-01	0.000000e+00	1	7.152890e-03
1.030779e-01	9.421350e-01	2.753260e-01	3.098402e-01	2.823395e-01	2.740560e-01	3.906237e-01	0.000000e+00	1	3.143782e-03
9.366607e-01	1.250521e-01	-2.011686e-01	-3.259980e-01	-3.225864e-01	-2.608970e-01	-3.571373e-01	0.000000e+00	1	7.104436e-03
6.844482e-02	9.526561e-01	3.131748e-01	3.649890e-01	3.747229e-01	3.310358e-01	2.816226e-01	0.000000e+00	1	1.034345e-03
5.854682e-01	6.827899e-01	1.340319e-03	4.759665e-02	1.024991e-01	2.756420e-02	-2.941540e-02	0.000000e+00	1	1.478505e-03
4.524533e-01	7.780452e-01	6.887786e-02	1.351882e-01	1.201400e-01	9.463556e-02	8.593613e-02	0.000000e+00	1	6.149673e-03
4.691984e-01	7.674445e-01	8.542176e-02	6.983454e-02	9.738938e-02	6.854723e-02	1.401411e-01	0.000000e+00	1	3.510331e-03
2.654797e-01	8.854315e-01	1.866596e-01	1.111533e-01	3.089314e-01	1.873225e-01	2.446119e-01	0.000000e+00	1	3.985388e-03
5.637273e-01	7.056553e-01	4.283723e-03	6.115865e-02	2.356041e-02	-1.622358e-02	1.472030e-01	0.000000e+00	1	3.175950e-03
1.556836e-01	9.302074e-01	3.266864e-01	3.262897e-01	2.887381e-01	3.183035e-01	1.336115e-01	0.000000e+00	1	1.218452e-03
9.640123e-01	5.073034e-02	-4.668831e-01	-2.850233e-01	-3.279148e-01	-3.927565e-01	-3.568144e-01	0.000000e+00	1	6.337917e-03
9.497468e-01	8.327919e-02	-2.644702e-01	-2.733513e-01	-3.773187e-01	-3.773239e-01	-3.307695e-01	0.000000e+00	1	1.253231e-02
2.543004e-01	8.877060e-01	1.267702e-01	2.985982e-01	1.872018e-01	2.086404e-01	2.371216e-01	0.000000e+00	1	4.078983e-03
8.599875e-01	3.016861e-01	-1.885781e-01	-1.819312e-01	-1.496922e-01	-1.873770e-01	-1.907267e-01	0.000000e+00	1	9.758363e-04
8.804368e-01	2.645838e-01	-2.457169e-01	-2.389347e-01	-2.058657e-01	-2.009546e-01	-1.240335e-01	0.000000e+00	1	2.707120e-03
9.709421e-01	2.999548e-02	-4.096269e-01	-3.054247e-01	-3.859244e-01	-3.821203e-01	-4.779411e-01	0.000000e+00	1	1.003273e-02
8.048682e-01	4.167345e-01	-6.070639e-02	-1.044255e-01	-1.006335e-01	-1.423177e-01	-2.040224e-01	0.000000e+00	1	2.016483e-03
5.906419e-01	6.746464e-01	1.082515e-02	-3.280502e-03	8.269492e-02	6.635968e-03	3.151829e-02	0.000000e+00	1	5.041749e-03
7.216177e-01	5.337419e-01	-1.069155e-01	-3.253550e-02	-6.903950e-02	-2.497077e-02	-5.484833e-02	0.000000e+00	1	1.436766e-03
6.054414e-01	6.672878e-01	6.696759e-02	-7.312227e-02	-6.720110e-04	6.068272e-02	4.145062e-02	0.000000e+00	1	7.256690e-03
7.866129e-01	4.445163e-01	-4.445081e-02	-1.589130e-01	-1.136997e-01	-1.436235e-01	-7.414201e-02	0.000000e+00	1	1.856620e-03
5.125728e-01	7.364478e-01	6.476243e-02	7.646653e-02	1.064890e-01	5.385968e-02	4.215606e-02	0.000000e+00	1	6.409941e-04
3.993851e-02	9.631843e-01	3.284882e-01	3.891023e-01	3.206108e-01	3.674241e-01	4.173699e-01	0.000000e+00	1	3.651173e-03
9.636625e-01	5.143897e-02	-4.394167e-01	-2.812932e-01	-3.551453e-01	-4.285349e-01	-3.191773e-01	0.000000e+00	1	1.155171e-03
6.726829e-01	5.958600e-01	-2.529562e-02	-1.850092e-02	-9.830016e-02	-3.227191e-03	2.746527e-02	0.000000e+00	1	3.978278e-03
1.630590e-02	9.738867e-01	4.398036e-01	4.404634e-01	4.330285e-01	3.507226e-01	3.645812e-01	0.000000e+00	1	6.882576e-03
5.342906e-01	7.197197e-01	5.924789e-02	5.885083e-02	6.411035e-02	2.057506e-02	8.106886e-02	0.000000e+00	1	4.963904e-03
8.034348e-01	4.178115e-01	-1.699195e-01	-9.139876e-02	-9.041275e-02	-1.818653e-01	-7.338436e-02	0.000000e+00	1	1.062540e-03
5.466892e-01	7.139964e-01	6.661661e-02	7.720480e-02	-4.234685e-03	1.366548e-02	1.042163e-01	0.000000e+00	1	5.971881e-03
9.276759e-02	9.494600e-01	4.207473e-01	2.855413e-01	2.746692e-01	2.589883e-01	3.742897e-01	0.000000e+00	1	2.383571e-03
2.520245e-01	8.886257e-01	1.293869e-01	2.985982e-01	1.857737e-01	2.086404e-01	2.422339e-01	0.000000e+00	1	1.983096e-03
6.437293e-01	6.306612e-01	4.857837e-03	-9.786537e-02	6.572384e-02	1.086304e-02	-3.717187e-03	0.000000e+00	1	9.743643e-03
7.676155e-01	4.686180e-01	-1.292491e-01	-6.027276e-02	-7.305554e-02	-1.095577e-01	-9.022111e-02	0.000000e+00	1	6.042160e-03
5.048936e-01	7.429394e-01	5.924789e-02	4.998788e-02	1.128822e-01	9.999450e-02	4.430139e-02	0.000000e+00	1	8.080204e-04
5.678447e-01	6.957221e-01	6.764339e-02	9.157842e-02	-1.018874e-02	1.312768e-02	3.396674e-02	0.000000e+00	1	2.739339e-03
7.842191e-01	4.505347e-01	-6.114577e-02	-1.118177e-01	-5.281929e-02	-1.877127e-01	-1.090076e-01	0.000000e+00	1	3.056395e-03
8.720401e-01	2.855345e-01	-2.489957e-01	-2.436354e-01	-1.807912e-01	-1.263967e-01	-1.615884e-01	0.000000e+00	1	1.062819e-03
9.667556e-02	9.485793e-01	4.026302e-01	2.905832e-01	3.349119e-01	2.121296e-01	3.619107e-01	0.000000e+00	1	4.604558e-03
6.876123e-01	5.804545e-01	5.368704e-02	-3.681154e-02	-7.234098e-02	-3.750308e-02	-7.190060e-02	0.000000e+00	1	2.886597e-03
3.810479e-01	8.230828e-01	1.929186e-01	1.342215e-01	8.300127e-02	1.154306e-01	1.745107e-01	0.000000e+00	1	3.523292e-03
6.374721e-01	6.349144e-01	4.940575e-02	-7.749941e-02	2.372636e-02	-3.240442e-02	3.284148e-02	0.000000e+00	1	2.415980e-03
1.997120e-02	9.710944e-01	3.382847e-01	4.250096e-01	3.705883e-01	4.285759e-01	4.072636e-01	0.000000e+00	1	2.615922e-03
8.400507e-01	3.485741e-01	-1.586220e-01	-1.660444e-01	-8.367158e-02	-1.939766e-01	-1.827167e-01	0.000000e+00	1	1.020930e-03
8.853121e-01	2.520241e-01	-2.550159e-01	-1.977758e-01	-1.791369e-01	-2.584813e-01	-1.578344e-01	0.000000e+00	1	0.000000e+00
8.853121e-01	2.520241e-01	-2.550159e-01	-1.977758e-01	-1.791369e-01	-2.584813e-01	-1.578344e-01	0.000000e+00	1	0.000000e+00
7.887830e-01	4.390851e-01	-1.018250e-01	-4.994128e-02	-1.121475e-01	-1.665958e-01	-1.154729e-01	0.000000e+00	1	5.935215e-03
4.703196e-01	7.659200e-01	5.838755e-02	8.737516e-02	1.017908e-01	1.210987e-01	8.784704e-02	0.000000e+00	1	3.175884e-03
4.066158e-01	8.086487e-01	1.288143e-01	2.018963e-01	9.805538e-02	9.856802e-02	1.053227e-01	0.000000e+00	1	1.034303e-03
5.967474e-01	6.727462e-01	6.203803e-02	-9.580918e-03	-1.557287e-02	9.108525e-02	-1.123148e-02	0.000000e+00	1	2.476996e-03
3.355876e-02	9.638614e-01	3.374192e-01	4.023013e-01	3.557765e-01	3.675839e-01	3.739931e-01	0.000000e+00	1	4.357531e-03
9.421234e-01	1.217469e-01	-1.876065e-01	-2.733724e-01	-3.539148e-01	-2.996188e-01	-4.058018e-01	0.000000e+00	1	6.083557e-03
9.471747e-01	9.641069e-02	-2.956511e-01	-2.582984e-01	-4.055331e-01	-3.660106e-01	-2.617709e-01	0.000000e+00	1	1.135595e-02
7.586472e-01	4.805883e-01	-9.048171e-02	-1.022325e-01	-9.333499e-02	-9.104972e-02	-5.135247e-02	0.000000e+00	1	6.414692e-03
6.571377e-01	6.139794e-01	5.366228e-02	-3.639968e-02	-7.051639e-02	-3.719946e-02	2.417519e-02	0.000000e+00	1	6.438224e-03
8.759664e-01	2.741785e-01	-2.715497e-01	-1.740936e-01	-2.099315e-01	-1.829602e-01	-1.491094e-01	0.000000e+00	1	1.104343e-03
8.969848e-01	2.239311e-01	-2.716871e-01	-1.740936e-01	-2.218178e-01	-1.888574e-01	-2.724032e-01	0.000000e+00	1	7.950055e-03
4.887100e-01	7.564491e-01	1.353886e-01	8.587028e-02	1.099580e-01	2.835208e-02	5.500428e-02	0.000000e+00	1	2.181609e-03
6.278023e-01	6.427908e-01	6.022302e-02	-5.470634e-02	-6.720110e-04	-2.331778e-02	4.145062e-02	0.000000e+00	1	1.842503e-03
3.606424e-01	8.381150e-01	6.378536e-02	1.682081e-01	1.161735e-01	2.010950e-01	2.185911e-01	0.000000e+00	1	1.008372e-02
9.035169e-01	2.176942e-01	-1.760098e-01	-2.351535e-01	-1.584477e-01	-2.867521e-01	-3.135912e-01	0.000000e+00	1	7.283549e-03
9.650910e-01	3.879985e-02	-3.811846e-01	-2.935342e-01	-3.506463e-01	-4.082952e-01	-4.197264e-01	0.000000e+00	1	7.355681e-03
3.631852e-01	8.303962e-01	1.810016e-01	1.179705e-01	1.764810e-01	1.259150e-01	1.382190e-01	0.000000e+00	1	1.057105e-02
8.204046e-01	3.851981e-01	-1.708262e-01	-1.123020e-01	-1.014004e-01	-1.944321e-01	-1.089621e-01	0.000000e+00	1	3.999051e-03
1.553152e-01	9.311916e-01	2.267924e-01	2.978914e-01	3.530587e-01	3.631825e-01	1.608872e-01	0.000000e+00	1	1.188803e-03
3.229811e-02	9.639659e-01	3.382847e-01	3.889715e-01	3.705883e-01	3.675839e-01	3.739931e-01	0.000000e+00	1	1.285467e-03
6.982831e-01	5.654660e-01	-6.360010e-02	-1.004234e-02	1.975982e-02	-6.863185e-02	-8.140651e-02	0.000000e+00	1	4.300712e-03
8.853121e-01	2.520241e-01	-2.550159e-01	-1.977758e-01	-1.791369e-01	-2.584813e-01	-1.578344e-01	0.000000e+00	1	1.022893e-03
6.864445e-01	5.816132e-01	5.368704e-02	-3.639968e-02	-7.234098e-02	-3.750308e-02	-6.868050e-02	0.000000e+00	1	4.615941e-04
9.663303e-01	3.479051e-02	-3.811846e-01	-3.111408e-01	-3.433547e-01	-4.082952e-01	-4.319439e-01	0.000000e+00	1	5.559905e-03
3.480442e-01	8.427723e-01	2.103203e-01	8.284183e-02	1.199260e-01	2.065028e-01	1.754885e-01	0.000000e+00	1	3.679314e-03
7.096993e-01	5.518971e-01	-4.897121e-02	-7.712458e-02	-1.018874e-02	7.842355e-05	-1.064664e-01	0.000000e+00	1	3.953514e-03
7.931312e-01	4.302773e-01	-6.408333e-02	-1.121375e-01	-1.074975e-01	-1.633095e-01	-1.192928e-01	0.000000e+00	1	6.047102e-03
5.804782e-01	6.846614e-01	6.658001e-02	2.087202e-02	-2.731661e-02	2.954353e-02	6.990281e-02	0.000000e+00	1	1.958542e-03
3.447275e-01	8.445993e-01	1.930156e-01	1.338096e-01	1.150082e-01	1.176929e-01	2.449240e-01	0.000000e+00	1	4.790564e-03
4.956384e-01	7.557027e-01	7.952621e-02	1.017013e-01	1.474831e-01	-1.450475e-02	9.102983e-02	0.000000e+00	1	2.689522e-03
2.757303e-01	8.784491e-01	9.126406e-02	1.967466e-01	2.372812e-01	2.415866e-01	2.308722e-01	0.000000e+00	1	4.700641e-03
1.669821e-01	9.261776e-01	3.482146e-01	2.466175e-01	3.677025e-01	2.064391e-01	1.857444e-01	0.000000e+00	1	7.357083e-04
5.433361e-01	7.159438e-01	5.436500e-02	8.733457e-02	1.017908e-01	1.330578e-02	8.611623e-03	0.000000e+00	1	2.594777e-03
8.952522e-01	2.291932e-01	-2.716878e-01	-1.747994e-01	-2.101373e-01	-1.829602e-01	-2.761472e-01	0.000000e+00	1	3.786453e-03
8.999999e-01	2.177383e-01	-1.921892e-01	-2.095671e-01	-2.948050e-01	-1.845525e-01	-2.687945e-01	0.000000e+00	1	1.211812e-04
5.990572e-01	6.682312e-01	5.168966e-02	2.087202e-02	-2.731661e-02	-8.000396e-03	6.862213e-02	0.000000e+00	1	6.469943e-04
7.992687e-01	4.229032e-01	-1.701355e-01	-8.921888e-02	-9.493238e-02	-1.626748e-01	-7.338436e-02	0.000000e+00	1	1.616896e-03
7.873747e-01	4.435630e-01	-4.424758e-02	-8.017475e-02	-1.026616e-01	-1.522604e-01	-1.584427e-01	0.000000e+00	1	3.925964e-03
9.557430e-01	7.196038e-02	-4.094895e-01	-2.958981e-01	-2.511526e-01	-3.909278e-01	-3.536541e-01	0.000000e+00	1	3.725912e-03
1.404732e-01	9.350712e-01	2.012902e-01	2.656070e-01	2.730310e-01	2.832740e-01	4.207895e-01	0.000000e+00	1	6.363037e-03
1.002582e-01	9.480495e-01	3.489428e-01	3.656365e-01	3.677025e-01	3.261876e-01	1.857444e-01	0.000000e+00	1	5.081175e-03
5.113343e-01	7.397269e-01	5.704669e-02	6.451570e-02	1.084975e-01	1.409458e-02	1.079967e-01	0.000000e+00	1	2.603301e-03
1.853456e-01	9.097832e-01	2.772478e-01	2.206663e-01	2.234887e-01	2.411503e-01	2.675909e-01	0.000000e+00	1	2.045606e-02
3.905009e-01	8.193587e-01	1.082741e-01	7.633804e-02	1.292330e-01	2.142510e-01	1.517378e-01	0.000000e+00	1	4.024205e-03
