9.820596e-01 6.606553e-05
2.211720e-03 9.819329e-01
5.811930e-01 6.801354e-01
2.884503e-01 8.662590e-01
7.749032e-01 4.548447e-01
7.729345e-01 4.579655e-01
3.836043e-02 9.614984e-01
6.901588e-02 9.505399e-01
6.783005e-01 5.833748e-01
5.842931e-01 6.774709e-01
1.565209e-01 9.196874e-01
8.259238e-01 3.687233e-01
6.756147e-01 5.861574e-01
3.523840e-02 9.626635e-01
6.071237e-01 6.570106e-01
7.490656e-01 4.931301e-01
5.901688e-01 6.721050e-01
4.807792e-01 7.578475e-01
6.553877e-01 6.083361e-01
2.290165e-01 8.920932e-01
7.864682e-01 4.370572e-01
9.604402e-01 4.136478e-02
8.238845e-01 3.723358e-01
7.336040e-01 5.151261e-01
6.915300e-01 5.677129e-01
9.653688e-01 3.017213e-02
4.097599e-01 8.030366e-01
9.124822e-01 1.760686e-01
6.557341e-02 9.520244e-01
3.962620e-01 8.114770e-01
8.357117e-01 3.501277e-01
9.162535e-01 1.672642e-01
2.947976e-01 8.633177e-01
3.289277e-01 8.465256e-01
4.828695e-01 7.565203e-01
8.049210e-01 4.071586e-01
2.311376e-01 8.910706e-01
3.753719e-01 8.226669e-01
6.932850e-01 5.656226e-01
7.016770e-01 5.553329e-01
2.544083e-03 9.784572e-01
9.049187e-01 1.956181e-01
7.764128e-01 4.532453e-01
5.328899e-02 9.560507e-01
9.507030e-01 6.808991e-02
6.445436e-01 6.200233e-01
7.916428e-01 4.293270e-01
9.330628e-01 1.189749e-01
6.100002e-01 6.545113e-01
9.245358e-01 1.443214e-01
2.919167e-01 8.645899e-01
9.330033e-01 1.218038e-01
7.529721e-01 4.876681e-01
4.842828e-01 7.553425e-01
8.249147e-01 3.706738e-01
3.403533e-01 8.414057e-01
9.134179e-01 1.733771e-01
9.792350e-01 3.592360e-03
6.024928e-01 6.609791e-01
9.583453e-01 4.698292e-02
7.126845e-01 5.419166e-01
2.778372e-01 8.713100e-01
6.043850e-01 6.590421e-01
1.543560e-01 9.206093e-01
8.493567e-01 3.240122e-01
1.266574e-01 9.303909e-01
6.865569e-01 5.744281e-01
6.461500e-01 6.180314e-01
2.066271e-01 9.005835e-01
2.529712e-01 8.817045e-01
7.855612e-01 4.383025e-01
7.318905e-01 5.169814e-01
2.359100e-01 8.888785e-01
3.497193e-01 8.362143e-01
6.148809e-01 6.494840e-01
8.691896e-01 2.813326e-01
6.432807e-01 6.209427e-01
9.638810e-01 3.163821e-02
6.324525e-01 6.328464e-01
9.515531e-01 6.580273e-02
8.788866e-01 2.590027e-01
3.470377e-01 8.375610e-01
8.125919e-01 3.932861e-01
8.097772e-01 3.985529e-01
7.210239e-01 5.316518e-01
5.360348e-01 7.172624e-01
7.373909e-01 5.103857e-01
5.293793e-01 7.224419e-01
5.480677e-01 7.076809e-01
2.005761e-01 9.028421e-01
4.396879e-01 7.854378e-01
2.502816e-01 8.828962e-01
9.383722e-01 1.050160e-01
7.545364e-01 4.854936e-01
7.845310e-01 4.405444e-01
8.287982e-01 3.633326e-01
9.388686e-01 1.025614e-01
2.908782e-01 8.651327e-01
6.539544e-01 6.101675e-01
7.142907e-01 5.402122e-01
2.218406e-01 8.946172e-01
5.220672e-01 7.281535e-01
8.433429e-01 3.359608e-01
7.004617e-01 5.574273e-01
7.592657e-01 4.791722e-01
8.176015e-01 3.844174e-01
9.570883e-01 5.153472e-02
1.849400e-01 9.095366e-01
5.273171e-01 7.240189e-01
7.237173e-01 5.281587e-01
8.898306e-01 2.337748e-01
3.379279e-01 8.419582e-01
6.904013e-01 5.692291e-01
8.797174e-01 2.577147e-01
1.669816e-01 9.160546e-01
8.274015e-01 3.659440e-01
9.316412e-01 1.232883e-01
9.441745e-01 8.839148e-02
8.446028e-01 3.329237e-01
6.832728e-01 5.778443e-01
9.558528e-01 5.385365e-02
8.581848e-01 3.056948e-01
8.391221e-01 3.438326e-01
8.924776e-01 2.273743e-01
9.120135e-02 9.430363e-01
8.529045e-01 3.164760e-01
9.610395e-01 3.904625e-02
1.294495e-01 9.295696e-01
4.314573e-03 9.769420e-01
5.661002e-01 6.934404e-01
9.147490e-01 1.699432e-01
1.498838e-01 9.220624e-01
8.487824e-01 3.254650e-01
8.535734e-01 3.144755e-01
5.124635e-01 7.357142e-01
5.513859e-01 7.051107e-01
9.551872e-01 5.840152e-02
4.931679e-01 7.493152e-01
8.779988e-01 2.613508e-01
6.364148e-01 6.280003e-01
1.097908e-01 9.363255e-01
3.595418e-01 8.307720e-01
9.338151e-01 1.168405e-01
9.396896e-01 1.011904e-01
9.419857e-01 9.441550e-02
3.613894e-01 8.298786e-01
6.115423e-01 6.523668e-01
9.726248e-01 1.150896e-02
5.992059e-01 6.640931e-01
2.854283e-01 8.686565e-01
3.206313e-01 8.503828e-01
8.502258e-01 3.214441e-01
4.359367e-01 7.872198e-01
2.241488e-01 8.937055e-01
7.680327e-01 4.655237e-01
6.878927e-01 5.722465e-01
3.937231e-01 8.120061e-01
2.980269e-02 9.655879e-01
3.730818e-01 8.236016e-01
8.550188e-01 3.114871e-01
7.247968e-01 5.265310e-01
7.803278e-01 4.468353e-01
7.718199e-01 4.599223e-01
2.033565e-02 9.686641e-01
5.539336e-02 9.555938e-01
8.220606e-01 3.761765e-01
7.983116e-01 4.178293e-01
9.431511e-01 9.115594e-02
6.978843e-03 9.750648e-01
8.422109e-01 3.375359e-01
6.962093e-01 5.624451e-01
9.274919e-01 1.372206e-01
9.357306e-01 1.118076e-01
8.640940e-01 2.928339e-01
5.242507e-01 7.267085e-01
2.977704e-01 8.619972e-01
9.006595e-01 2.068771e-01
3.218855e-01 8.500040e-01
6.552287e-03 9.755391e-01
1.075535e-01 9.372881e-01
8.225533e-01 3.748211e-01
9.254463e-01 1.410573e-01
2.125462e-01 8.982895e-01
3.981730e-01 8.102263e-01
1.848699e-02 9.696045e-01
1.871900e-01 9.083262e-01
7.047627e-01 5.517859e-01
6.355559e-01 6.303660e-01
5.724555e-01 6.880238e-01
2.087620e-01 8.997655e-01
6.015242e-01 6.624783e-01
7.413112e-01 5.045089e-01
1.148133e-01 9.347763e-01
7.089571e-01 5.469540e-01
7.572416e-01 4.813893e-01
6.304894e-01 6.340630e-01
5.203364e-01 7.294340e-01
6.718854e-01 5.904396e-01
9.472983e-01 8.020250e-02
1.005200e-01 9.395366e-01
2.023840e-01 9.023466e-01
5.028924e-01 7.422513e-01
1.758005e-01 9.128220e-01
3.263118e-01 8.476078e-01
9.087275e-01 1.872482e-01
5.885311e-01 6.737984e-01
9.521632e-01 6.419403e-02
7.665061e-01 4.681035e-01
9.487214e-01 7.449563e-02
3.666659e-01 8.277604e-01
8.369824e-01 3.482809e-01
2.264221e-01 8.930232e-01
8.953823e-01 2.201494e-01
2.552829e-01 8.805959e-01
8.973068e-01 2.147134e-01
4.786766e-01 7.591201e-01
9.108877e-01 1.804970e-01
7.620123e-01 4.750906e-01
3.845657e-01 8.171896e-01
4.120011e-01 8.021070e-01
6.820761e-01 5.788965e-01
6.463210e-02 9.523882e-01
6.202396e-01 6.444253e-01
5.261061e-01 7.249324e-01
4.069283e-01 8.045493e-01
4.741068e-01 7.623773e-01
8.612580e-01 2.981110e-01
2.711616e-02 9.657387e-01
5.049568e-01 7.411410e-01
9.275215e-01 1.351434e-01
6.331753e-01 6.313900e-01
1.987779e-01 9.039523e-01
4.115734e-02 9.605484e-01
7.562440e-01 4.837109e-01
3.003209e-01 8.604932e-01
8.570649e-01 3.081449e-01
8.866779e-01 2.421653e-01
1.625516e-01 9.174144e-01
3.684064e-01 8.266620e-01
8.440069e-01 3.342206e-01
2.962357e-01 8.628072e-01
4.262308e-01 7.933928e-01
8.632379e-01 2.945511e-01
7.475992e-01 4.960364e-01
7.462137e-01 4.977754e-01
8.037879e-01 4.088808e-01
9.169599e-01 1.639566e-01
8.945782e-02 9.437636e-01
9.304960e-01 1.262803e-01
8.740878e-01 2.704863e-01
6.283245e-01 6.361329e-01
2.477911e-01 8.838959e-01
9.538846e-01 5.901734e-02
8.658889e-01 2.885504e-01
3.046008e-01 8.588461e-01
9.679286e-01 2.159699e-02
1.596159e-01 9.185311e-01
4.949968e-01 7.481930e-01
9.067630e-01 1.919460e-01
1.205546e-01 9.328555e-01
1.050279e-01 9.382002e-01
8.831923e-01 2.486944e-01
9.369734e-01 1.089875e-01
9.626423e-01 3.612430e-02
6.211571e-01 6.430817e-01
8.724666e-01 2.738180e-01
6.944766e-01 5.647396e-01
1.975615e-01 9.041468e-01
7.606630e-01 4.763237e-01
5.302488e-01 7.217198e-01
3.518602e-01 8.354222e-01
8.890457e-01 2.357313e-01
8.970113e-01 2.159948e-01
9.157326e-01 1.688704e-01
7.346839e-01 5.132687e-01
2.330840e-01 8.902237e-01
4.670033e-01 7.671838e-01
8.514008e-01 3.191174e-01
4.879670e-01 7.528599e-01
8.520568e-01 3.178307e-01
6.231463e-02 9.531293e-01
8.113087e-01 3.957353e-01
5.340593e-01 7.187659e-01
8.603339e-01 3.016171e-01
4.332947e-02 9.595683e-01
9.312143e-01 1.249832e-01
7.433284e-01 5.016292e-01
3.304850e-01 8.456921e-01
8.626015e-02 9.446332e-01
1.188368e-01 9.333409e-01
2.207993e-01 8.954782e-01
9.740705e-01 1.016816e-02
8.817604e-01 2.521384e-01
7.184105e-01 5.348921e-01
9.080132e-01 1.887103e-01
1.344567e-01 9.278330e-01
9.596759e-01 4.469232e-02
4.650841e-01 7.685672e-01
6.704931e-01 5.917745e-01
1.486934e-01 9.225416e-01
9.598056e-01 4.433126e-02
9.403261e-01 9.926999e-02
4.026414e-01 8.076043e-01
6.132121e-01 6.510317e-01
8.796199e-02 9.440748e-01
8.655066e-01 2.907079e-01
6.610398e-01 6.026194e-01
2.463051e-01 8.845127e-01
2.830957e-01 8.688033e-01
6.496625e-01 6.146456e-01
2.993700e-01 8.613873e-01
1.612847e-01 9.181299e-01
4.220116e-01 7.963592e-01
5.377940e-01 7.158012e-01
6.669748e-01 5.961023e-01
2.799314e-01 8.696800e-01
9.227593e-01 1.486074e-01
8.761982e-01 2.658939e-01
3.480463e-01 8.370089e-01
9.219324e-01 1.510296e-01
1.137211e-01 9.350629e-01
6.957302e-01 5.638660e-01
5.670202e-02 9.548292e-01
2.161124e-02 9.680915e-01
8.149084e-01 3.889127e-01
4.905077e-01 7.513581e-01
5.763262e-01 6.845576e-01
8.277300e-01 3.655603e-01
8.010484e-02 9.468273e-01
7.104017e-01 5.459933e-01
4.619706e-01 7.707043e-01
7.812567e-01 4.453743e-01
7.810948e-02 9.473340e-01
7.901616e-01 4.313082e-01
1.324998e-02 9.722010e-01
2.368818e-01 8.886037e-01
2.422271e-01 8.862088e-01
9.000603e-01 2.082273e-01
1.697286e-01 9.150041e-01
5.527226e-01 7.040838e-01
4.603182e-01 7.717140e-01
1.319257e-01 9.285028e-01
6.001571e-01 6.631137e-01
8.774947e-01 2.623891e-01
1.806121e-01 9.108025e-01
4.684085e-01 7.663060e-01
6.404889e-01 6.237715e-01
4.039303e-01 8.067294e-01
8.596348e-01 3.032397e-01
2.713651e-01 8.735823e-01
7.425985e-01 5.027217e-01
8.935305e-01 2.246150e-01
3.114249e-01 8.549450e-01
5.195926e-01 7.301368e-01
8.838535e-01 2.471548e-01
9.188326e-01 1.602092e-01
8.191557e-01 3.815391e-01
2.048040e-01 9.012383e-01
8.686038e-01 2.831701e-01
8.994901e-01 2.096609e-01
6.984073e-01 5.619547e-01
7.220213e-01 5.302827e-01
6.248671e-01 6.395298e-01
9.687851e-01 1.906048e-02
9.552245e-01 5.557632e-02
7.515064e-01 4.896825e-01
6.042174e-01 6.595983e-01
4.556349e-02 9.588095e-01
9.671047e-01 2.334594e-02
5.773911e-01 6.836915e-01
7.226719e-01 5.294441e-01
2.441525e-01 8.854085e-01
5.710264e-01 6.892361e-01
9.664806e-01 2.542991e-02
3.560806e-01 8.335650e-01
5.107251e-01 7.365899e-01
1.681210e-01 9.156996e-01
6.795740e-01 5.818685e-01
8.414892e-01 3.387098e-01
7.280819e-01 5.227428e-01
3.448543e-01 8.391624e-01
4.727796e-01 7.631226e-01
8.983645e-01 2.129520e-01
5.413696e-01 7.132960e-01
9.443285e-01 8.738996e-02
5.849898e-01 6.764602e-01
3.066185e-01 8.572584e-01
5.098569e-02 9.569745e-01
7.974661e-01 4.198810e-01
3.367431e-01 8.427913e-01
8.295479e-01 3.622140e-01
9.749900e-01 8.580641e-03
8.700708e-01 2.792552e-01
8.496414e-02 9.452080e-01
9.794001e-01 1.630108e-03
7.655903e-01 4.696528e-01
2.109071e-01 8.990520e-01
9.284723e-01 1.323654e-01
3.894881e-01 8.148274e-01
7.448958e-01 5.008850e-01
5.794624e-01 6.821390e-01
5.936499e-01 6.692924e-01
2.650398e-01 8.770423e-01
7.397665e-01 5.066906e-01
1.029530e-01 9.386583e-01
2.791740e-01 8.704973e-01
1.737431e-01 9.136960e-01
7.881514e-01 4.342416e-01
2.752103e-01 8.720503e-01
5.151047e-01 7.334448e-01
5.971177e-01 6.657495e-01
3.149226e-01 8.535376e-01
5.426483e-01 7.119461e-01
1.668934e-02 9.702892e-01
5.177455e-01 7.316551e-01
9.410456e-03 9.737945e-01
9.235724e-01 1.464465e-01
9.042844e-01 1.981651e-01
3.421151e-01 8.405146e-01
4.844285e-02 9.585087e-01
7.712423e-01 4.609222e-01
9.505083e-01 7.055178e-02
9.026945e-01 2.023416e-01
7.031394e-01 5.541981e-01
7.076737e-01 5.484277e-01
8.710966e-01 2.768827e-01
7.177750e-01 5.358080e-01
4.278229e-01 7.921126e-01
4.301202e-01 7.907586e-01
5.638923e-01 6.946906e-01
7.118628e-01 5.433192e-01
8.560872e-01 3.094608e-01
5.784264e-01 6.828384e-01
8.024921e-01 4.123505e-01
5.591110e-01 6.995786e-01
2.654626e-01 8.759835e-01
9.190840e-01 1.579965e-01
3.904657e-01 8.142501e-01
6.727612e-01 5.895848e-01
3.055936e-01 8.584158e-01
8.851857e-01 2.451315e-01
3.862055e-01 8.163775e-01
8.136475e-01 3.909536e-01
9.475657e-01 7.836242e-02
7.061909e-01 5.499215e-01
4.722432e-01 7.642986e-01
8.664798e-01 2.874112e-01
9.714316e-01 1.388947e-02
8.578179e-01 3.063450e-01
6.627073e-01 6.007234e-01
7.989367e-01 4.167284e-01
7.500823e-01 4.917093e-01
4.410706e-01 7.841894e-01
6.417353e-01 6.225834e-01
9.296619e-01 1.288761e-01
8.373894e-01 3.473908e-01
4.904176e-02 9.577707e-01
8.647861e-01 2.915140e-01
9.482482e-01 7.607548e-02
2.037611e-01 9.015818e-01
6.267377e-01 6.377875e-01
8.753281e-01 2.673696e-01
4.536602e-01 7.767955e-01
9.351783e-01 1.137983e-01
5.325432e-01 7.202790e-01
9.757552e-01 6.513310e-03
8.211262e-01 3.787457e-01
6.735578e-01 5.885007e-01
8.508488e-01 3.207798e-01
8.671074e-01 2.861936e-01
9.615957e-01 3.765830e-02
9.657019e-01 2.700969e-02
2.498805e-01 8.838183e-01
4.512152e-01 7.778633e-01
7.553938e-01 4.848958e-01
4.968312e-01 7.470077e-01
8.921914e-01 2.281758e-01
8.465982e-01 3.289518e-01
7.525376e-01 4.892174e-01
1.647941e-01 9.173450e-01
9.451621e-01 8.559769e-02
5.500774e-01 7.062170e-01
6.572009e-01 6.066757e-01
9.463448e-01 8.159586e-02
7.999567e-01 4.159131e-01
3.023459e-01 8.594314e-01
1.860317e-01 9.086487e-01
9.197979e-01 1.575603e-01
4.163157e-01 7.988131e-01
7.642937e-01 4.716896e-01
7.505958e-01 4.911077e-01
8.989049e-01 2.109368e-01
5.052887e-01 7.403120e-01
9.263843e-01 1.385961e-01
4.314203e-01 7.900373e-01
1.824309e-01 9.100923e-01
1.100140e-02 9.725139e-01
1.064238e-01 9.374890e-01
8.161671e-01 3.870240e-01
4.184164e-01 7.975815e-01
5.092078e-01 7.388204e-01
9.344815e-01 1.156306e-01
5.736637e-01 6.866857e-01
9.618156e-02 9.412549e-01
9.299857e-01 1.280348e-01
5.550560e-01 7.020807e-01
2.541787e-01 8.813714e-01
9.301605e-02 9.424304e-01
7.269013e-01 5.237927e-01
8.185669e-01 3.826204e-01
6.598856e-01 6.037156e-01
9.144110e-01 1.723620e-01
6.348529e-01 6.309185e-01
6.046463e-02 9.542251e-01
3.076851e-01 8.567320e-01
9.256803e-01 1.409375e-01
8.708356e-01 2.792278e-01
9.682486e-01 2.022349e-02
6.529772e-01 6.110623e-01
9.199994e-01 1.554527e-01
9.116704e-01 1.782720e-01
3.355828e-01 8.433720e-01
8.718381e-01 2.750487e-01
4.633589e-01 7.695279e-01
5.180032e-01 7.309869e-01
5.611222e-01 6.972871e-01
8.087571e-01 4.008272e-01
9.498199e-01 7.089147e-02
8.845374e-01 2.461648e-01
2.387883e-01 8.878027e-01
6.809984e-01 5.801521e-01
9.019131e-01 2.036555e-01
1.956291e-01 9.049977e-01
1.385284e-01 9.260910e-01
9.541204e-02 9.420846e-01
6.987100e-01 5.602908e-01
8.025479e-01 4.100726e-01
4.173518e-01 7.982062e-01
9.409075e-01 9.737972e-02
7.648863e-01 4.702335e-01
6.086180e-01 6.552000e-01
6.267377e-01 6.377875e-01
8.350410e-01 3.524966e-01
8.949794e-01 2.213171e-01
7.568238e-01 4.820084e-01
8.871337e-01 2.400874e-01
4.778024e-01 7.597156e-01
5.879467e-01 6.743099e-01
3.311944e-02 9.632768e-01
9.635951e-01 3.390040e-02
3.344410e-01 8.438658e-01
6.079797e-01 6.558211e-01
8.913501e-01 2.304340e-01
4.658464e-01 7.679122e-01
1.435062e-01 9.243329e-01
5.668614e-01 6.928392e-01
7.059265e-01 5.502677e-01
3.508685e-03 9.773268e-01
3.540781e-01 8.338184e-01
8.368336e-02 9.458044e-01
7.198208e-01 5.333841e-01
3.783124e-01 8.217363e-01
1.377324e-01 9.265264e-01
7.449384e-01 4.994988e-01
5.392959e-01 7.146599e-01
4.754170e-01 7.614193e-01
7.795119e-01 4.482833e-01
2.574881e-01 8.802777e-01
6.994312e-01 5.581927e-01
4.137692e-01 8.006479e-01
7.962510e-01 4.212210e-01
9.765816e-01 4.444593e-03
5.370720e-01 7.164842e-01
9.015866e-01 2.051973e-01
6.892961e-01 5.704710e-01
4.512152e-01 7.778633e-01
4.490689e-01 7.789082e-01
4.542044e-01 7.758090e-01
6.591824e-01 6.046753e-01
5.440605e-01 7.108479e-01
7.475992e-01 4.960364e-01
9.455686e-01 8.386993e-02
3.150667e-02 9.640035e-01
8.115511e-02 9.463788e-01
1.946849e-01 9.056150e-01
9.211907e-01 1.527271e-01
9.705527e-01 1.521592e-02
7.385779e-01 5.083874e-01
4.612836e-02 9.585421e-01
9.176181e-01 1.628815e-01
3.255781e-01 8.479978e-01
8.076667e-01 4.012312e-01
6.190649e-01 6.453509e-01
8.008189e-01 4.129683e-01
3.333808e-01 8.444780e-01
8.962671e-01 2.181927e-01
5.164094e-01 7.330973e-01
4.108700e-01 8.021196e-01
2.854283e-01 8.686565e-01
9.378162e-01 1.067109e-01
6.481902e-01 6.161411e-01
4.861558e-01 7.541508e-01
2.404872e-01 8.872187e-01
7.701137e-01 4.625168e-01
9.424615e-01 9.418575e-02
4.237256e-01 7.952508e-01
8.153355e-01 3.886284e-01
4.976419e-01 7.460516e-01
8.074901e-01 4.027418e-01
1.226215e-01 9.318970e-01
8.061646e-01 4.052708e-01
1.522272e-01 9.212796e-01
5.070707e-01 7.390211e-01
3.819707e-01 8.189691e-01
3.628975e-01 8.293838e-01
9.101127e-01 1.823128e-01
4.761065e-01 7.608798e-01
6.158441e-01 6.482672e-01
8.272273e-02 9.462449e-01
9.583022e-01 4.888316e-02
7.635311e-01 4.723312e-01
8.914821e-01 2.298612e-01
8.136475e-01 3.909536e-01
5.574298e-01 7.002197e-01
3.187026e-01 8.515454e-01
9.075298e-01 1.901772e-01
9.238584e-01 1.452113e-01
1.169831e-01 9.338611e-01
4.693995e-01 7.656603e-01
6.386176e-01 6.260552e-01
8.401317e-01 3.429719e-01
7.955993e-01 4.221038e-01
8.676234e-01 2.850595e-01
4.200752e-01 7.969031e-01
4.456094e-01 7.815097e-01
5.068187e-01 7.395552e-01
4.014683e-01 8.083467e-01
9.702357e-01 1.588427e-02
7.487787e-02 9.487852e-01
3.431578e-01 8.400330e-01
4.063271e-01 8.053823e-01
2.451273e-01 8.852915e-01
9.460120e-01 8.238876e-02
8.456289e-01 3.309044e-01
5.866580e-01 6.752397e-01
8.161671e-01 3.870240e-01
8.812703e-01 2.546051e-01
4.556132e-01 7.755362e-01
5.336708e-01 7.190357e-01
1.223174e-01 9.325848e-01
4.956133e-01 7.475108e-01
6.185975e-01 6.459621e-01
2.321405e-02 9.671666e-01
9.117738e-01 1.780033e-01
1.460221e-01 9.239384e-01
9.808403e-01 1.447774e-03
9.059193e-01 1.939511e-01
4.861558e-01 7.541508e-01
3.793899e-01 8.207101e-01
4.559901e-01 7.745610e-01
4.896621e-01 7.516455e-01
7.457861e-01 4.985097e-01
8.318117e-01 3.576922e-01
8.731981e-01 2.722030e-01
9.229585e-01 1.480162e-01
8.310805e-01 3.592243e-01
6.485749e-01 6.154475e-01
9.477581e-01 7.706911e-02
7.039534e-01 5.527763e-01
8.813103e-01 2.533965e-01
6.237754e-01 6.408124e-01
2.734399e-01 8.727083e-01
2.821973e-01 8.694829e-01
6.140300e-02 9.533001e-01
4.243424e-01 7.939714e-01
5.468077e-01 7.093505e-01
3.089668e-01 8.562066e-01
5.470812e-01 7.084369e-01
7.881514e-01 4.342416e-01
1.911836e-01 9.068800e-01
7.196631e-01 5.335696e-01
7.948203e-01 4.233947e-01
1.446857e-01 9.242356e-01
3.236782e-01 8.488860e-01
4.884910e-01 7.523396e-01
1.421144e-01 9.249622e-01
7.150562e-01 5.391587e-01
6.658160e-01 5.978526e-01
8.945561e-01 2.230404e-01
8.475369e-01 3.269870e-01
8.330446e-01 3.553394e-01
9.428113e-01 9.208972e-02
4.378448e-01 7.861680e-01
9.761719e-01 5.010354e-03
5.005453e-01 7.439694e-01
7.311421e-01 5.180854e-01
6.857192e-01 5.755226e-01
5.862204e-01 6.756225e-01
2.575878e-01 8.796641e-01
7.397665e-01 5.066906e-01
7.783370e-01 4.499184e-01
7.385779e-01 5.083874e-01
8.199567e-01 3.801377e-01
4.005158e-01 8.085458e-01
6.647597e-01 5.982789e-01
8.321831e-01 3.570075e-01
4.278229e-01 7.921126e-01
8.379437e-01 3.456966e-01
9.410456e-03 9.737945e-01
8.683705e-01 2.843814e-01
4.571228e-01 7.740448e-01
2.098731e-01 8.993607e-01
3.098235e-01 8.559342e-01
8.824725e-01 2.504307e-01
8.542614e-01 3.130421e-01
2.600306e-01 8.788138e-01
9.986184e-02 9.402828e-01
9.211175e-01 1.541921e-01
6.743501e-01 5.876726e-01
3.635293e-01 8.289039e-01
9.754238e-01 7.766892e-03
3.819707e-01 8.189691e-01
3.585062e-01 8.317575e-01
5.821435e-02 9.543915e-01
5.924923e-01 6.698623e-01
9.762092e-02 9.406193e-01
5.406380e-01 7.137163e-01
4.224820e-01 7.952600e-01
2.141911e-01 8.976934e-01
3.136444e-01 8.541346e-01
6.990086e-01 5.592121e-01
4.330796e-01 7.887297e-01
1.302044e-01 9.290947e-01
5.018915e-01 7.436239e-01
3.524493e-01 8.347546e-01
2.330840e-01 8.902237e-01
1.768560e-01 9.123725e-01
7.836499e-01 4.415588e-01
3.236782e-01 8.488860e-01
7.899647e-01 4.316271e-01
9.732326e-01 1.095250e-02
2.628580e-01 8.771082e-01
6.791904e-01 5.821388e-01
6.748771e-01 5.869835e-01
4.445823e-01 7.817982e-01
4.321274e-01 7.893188e-01
9.029159e-01 2.009777e-01
8.475369e-01 3.269870e-01
5.535103e-01 7.032886e-01
8.179246e-01 3.837229e-01
8.878652e-01 2.382350e-01
7.079294e-01 5.479855e-01
5.541977e-01 7.027927e-01
2.413068e-01 8.865134e-01
3.160093e-01 8.527927e-01
9.370033e-02 9.421158e-01
5.064361e-02 9.571723e-01
5.137447e-01 7.345464e-01
7.264404e-01 5.245209e-01
8.767778e-01 2.640639e-01
7.105718e-01 5.445662e-01
7.703872e-01 4.621756e-01
8.886252e-01 2.367574e-01
7.773485e-01 4.514689e-01
1.711031e-01 9.147322e-01
5.752471e-01 6.855565e-01
9.667572e-01 2.424769e-02
8.809512e-01 2.560776e-01
3.646432e-01 8.282967e-01
9.033646e-01 2.002380e-01
9.573632e-01 5.031249e-02
7.296234e-01 5.201865e-01
9.091057e-01 1.853703e-01
1.468945e-01 9.231671e-01
6.175066e-01 6.468111e-01
5.234553e-01 7.274312e-01
8.855541e-01 2.435754e-01
3.566643e-01 8.325960e-01
9.527279e-01 6.255679e-02
5.001553e-01 7.447801e-01
3.995527e-01 8.093096e-01
6.842983e-01 5.761935e-01
2.592438e-02 9.660434e-01
7.834291e-01 4.422351e-01
1.778140e-01 9.120441e-01
2.691132e-01 8.746914e-01
1.796814e-01 9.116535e-01
2.528733e-02 9.665821e-01
5.104293e-01 7.374800e-01
3.881162e-01 8.156420e-01
6.522342e-01 6.118373e-01
4.378448e-01 7.861680e-01
7.606630e-01 4.763237e-01
4.348649e-01 7.878997e-01
8.608801e-01 2.998982e-01
3.319239e-01 8.453896e-01
8.734689e-01 2.718439e-01
1.735257e-01 9.142700e-01
1.418701e-01 9.256055e-01
9.813005e-01 5.262629e-04
8.935534e-01 2.245529e-01
8.904426e-01 2.321265e-01
9.532208e-01 6.070590e-02
7.518513e-02 9.482657e-01
3.108526e-01 8.552349e-01
9.104255e-01 1.814192e-01
7.363414e-01 5.114412e-01
4.252204e-02 9.599038e-01
5.563461e-01 7.015137e-01
8.873148e-01 2.394844e-01
7.302176e-01 5.196162e-01
2.190003e-01 8.959039e-01
9.624060e-01 3.691899e-02
7.625701e-01 4.738426e-01
8.716577e-01 2.763840e-01
6.224273e-01 6.424086e-01
7.115602e-02 9.498868e-01
4.151758e-01 7.994847e-01
4.137692e-01 8.006479e-01
3.448543e-01 8.391624e-01
8.337828e-01 3.538918e-01
7.285577e-01 5.216629e-01
3.534147e-01 8.341774e-01
1.920480e-01 9.066812e-01
1.135462e-02 9.722977e-01
7.155936e-01 5.386061e-01
5.092306e-01 7.377480e-01
8.202169e-01 3.797175e-01
3.651860e-01 8.278566e-01
6.298364e-01 6.346900e-01
7.968462e-01 4.201277e-01
3.775349e-01 8.221263e-01
8.984792e-01 2.120998e-01
9.695461e-01 1.767718e-02
7.690798e-01 4.640210e-01
1.110095e-01 9.359731e-01
5.732716e-01 6.870101e-01
9.636012e-01 3.377067e-02
1.349582e-01 9.274201e-01
7.289547e-01 5.210489e-01
7.773522e-01 4.514630e-01
7.113016e-01 5.441686e-01
7.690798e-01 4.640210e-01
1.033423e-01 9.386360e-01
9.072127e-01 1.909994e-01
8.857957e-01 2.430493e-01
1.822207e-01 9.102623e-01
8.327627e-01 3.557693e-01
2.294572e-02 9.672563e-01
9.349080e-01 1.144990e-01
6.682039e-01 5.949348e-01
2.677908e-01 8.751244e-01
5.435575e-01 7.117794e-01
9.059193e-01 1.939511e-01
5.451391e-01 7.101496e-01
7.931968e-01 4.266521e-01
7.940456e-01 4.250126e-01
1.696796e-02 9.697988e-01
9.039360e-01 1.992939e-01
9.697036e-01 1.742879e-02
7.307413e-02 9.492131e-01
7.628643e-01 4.733638e-01
9.405358e-01 9.795388e-02
5.455913e-01 7.098882e-01
4.252945e-01 7.938780e-01
3.019152e-01 8.596216e-01
2.172973e-01 8.964061e-01
7.590761e-01 4.797976e-01
2.706070e-01 8.737735e-01
7.792144e-01 4.489655e-01
8.826024e-01 2.501234e-01
7.306467e-01 5.186276e-01
3.856072e-01 8.167306e-01
6.581828e-01 6.052255e-01
5.134705e-01 7.345498e-01
6.700122e-01 5.926707e-01
5.960600e-01 6.674634e-01
9.218091e-01 1.516881e-01
6.415569e-01 6.227702e-01
1.898882e-01 9.074433e-01
8.029148e-01 4.094351e-01
6.572009e-01 6.066757e-01
2.748704e-01 8.720622e-01
2.672225e-01 8.756098e-01
5.696721e-01 6.907815e-01
9.372818e-01 1.070954e-01
5.903348e-02 9.543344e-01
1.463195e-02 9.716193e-01
8.379437e-01 3.456966e-01
5.500774e-01 7.062170e-01
2.696438e-01 8.743161e-01
7.167349e-01 5.368760e-01
4.989865e-01 7.450909e-01
1.116510e-01 9.356402e-01
8.061646e-01 4.052708e-01
1.524944e-01 9.211500e-01
6.679351e-01 5.959260e-01
7.940456e-01 4.250126e-01
6.401145e-01 6.252459e-01
3.798126e-01 8.202336e-01
2.161679e-01 8.969770e-01
7.677206e-02 9.480849e-01
9.290809e-01 1.306763e-01
9.206251e-01 1.550050e-01
4.921126e-01 7.500857e-01
1.172723e-01 9.337010e-01
4.415706e-01 7.837689e-01
6.247470e-01 6.396442e-01
5.022148e-01 7.428377e-01
6.374670e-01 6.275028e-01
3.322208e-01 8.448186e-01
9.576897e-01 4.943293e-02
6.164899e-01 6.479840e-01
9.492230e-01 7.263056e-02
2.591015e-01 8.790027e-01
8.339166e-01 3.536443e-01
9.657019e-01 2.700969e-02
2.623713e-01 8.777054e-01
9.555601e-01 5.493055e-02
7.307413e-02 9.492131e-01
8.413224e-01 3.404379e-01
1.471523e-02 9.712491e-01
8.463094e-01 3.304172e-01
3.262902e-02 9.633645e-01
8.301665e-01 3.609461e-01
4.197249e-01 7.971456e-01
1.894208e-01 9.075483e-01
4.702147e-01 7.650277e-01
9.492230e-01 7.263056e-02
9.365101e-01 1.105421e-01
6.811339e-01 5.800744e-01
4.921126e-01 7.500857e-01
5.578112e-01 6.998849e-01
8.596348e-01 3.032397e-01
6.234123e-01 6.412636e-01
1.313903e-01 9.287040e-01
1.647941e-01 9.173450e-01
8.548679e-01 3.129157e-01
7.923234e-01 4.276967e-01
6.885194e-01 5.717001e-01
6.396323e-01 6.253070e-01
8.105293e-01 3.972897e-01
4.987644e-01 7.457976e-01
8.747975e-01 2.688934e-01
4.477320e-01 7.798662e-01
3.990331e-01 8.097402e-01
9.290809e-01 1.306763e-01
8.563305e-01 3.091669e-01
8.013557e-01 4.125041e-01
5.919186e-01 6.703871e-01
5.599123e-01 6.983671e-01
5.397173e-01 7.144673e-01
2.391943e-01 8.875627e-01
5.637333e-01 6.954338e-01
9.280934e-01 1.334872e-01
5.919186e-01 6.703871e-01
7.890609e-01 4.329970e-01
4.478598e-01 7.797060e-01
8.349364e-01 3.526806e-01
3.698430e-01 8.258383e-01
8.604388e-01 2.999033e-01
8.312019e-01 3.590100e-01
3.690474e-01 8.258462e-01
1.791868e-01 9.120389e-01
8.904426e-01 2.321265e-01
6.607481e-01 6.028275e-01
2.140972e-01 8.977275e-01
4.595535e-01 7.722326e-01
8.882279e-01 2.376362e-01
7.033927e-01 5.533732e-01
5.953307e-01 6.676718e-01
5.684345e-01 6.916154e-01
4.578328e-01 7.735414e-01
2.187503e-01 8.960085e-01
9.714316e-01 1.388947e-02
6.170069e-01 6.470626e-01
3.881162e-01 8.156420e-01
3.725325e-01 8.244992e-01
8.301665e-01 3.609461e-01
2.610336e-01 8.778944e-01
8.005235e-01 4.148512e-01
8.619294e-01 2.966051e-01
1.930291e-01 9.061625e-01
3.178439e-01 8.518808e-01
6.506053e-01 6.134182e-01
9.185920e-01 1.613791e-01
9.099229e-01 1.840322e-01
7.890609e-01 4.329970e-01
7.671456e-01 4.667887e-01
6.120768e-01 6.518470e-01
8.946825e-01 2.227735e-01
7.115602e-02 9.498868e-01
9.454470e-01 8.503042e-02
4.425572e-01 7.833020e-01
6.224764e-01 6.418284e-01
4.050834e-01 8.061308e-01
5.265240e-01 7.246274e-01
1.404096e-01 9.258597e-01
8.409170e-01 3.404848e-01
7.260072e-01 5.257797e-01
