# This file contains stats about hypervolume
1 99984727.787007 
2 99984767.261273 
3 99989507.357129 
4 99991606.540687 
5 99995998.845370 
6 99997915.626365 
7 99997967.119533 
8 99998050.176550 
9 99998152.693991 
10 99998152.709601 
11 99998538.703737 
12 99999231.814469 
13 99999231.821317 
14 99999231.826107 
15 99999332.290240 
16 99999385.173303 
17 99999421.082463 
18 99999599.918145 
19 99999599.919451 
20 99999705.897861 
21 99999705.898740 
22 99999748.881813 
23 99999770.073817 
24 99999770.074523 
25 99999770.075193 
26 99999777.696850 
27 99999790.584206 
28 99999798.620380 
29 99999818.687455 
30 99999839.515308 
31 99999839.515694 
32 99999839.516014 
33 99999839.516292 
34 99999839.516633 
35 99999839.516886 
36 99999888.963200 
37 99999894.301127 
38 99999894.301368 
39 99999894.301522 
40 99999894.301716 
41 99999894.301893 
42 99999894.301996 
43 99999894.918838 
44 99999894.918961 
45 99999894.919036 
46 99999894.919100 
47 99999925.451327 
48 99999925.451377 
49 99999936.108346 
50 99999936.108390 
51 99999936.108452 
52 99999936.108496 
53 99999936.870023 
54 99999936.870085 
55 99999936.870117 
56 99999936.870156 
57 99999937.892069 
58 99999937.892100 
59 99999951.960493 
60 99999951.960510 
61 99999951.960529 
62 99999951.960551 
63 99999951.960579 
64 99999953.179376 
65 99999953.179403 
66 99999953.179402 
67 99999953.179404 
68 99999964.110405 
69 99999964.110417 
70 99999964.110428 
71 99999964.110439 
72 99999965.541893 
73 99999965.541901 
74 99999965.541911 
75 99999968.124674 
76 99999968.124689 
77 99999968.182784 
78 99999968.182801 
79 99999968.182806 
80 99999968.182821 
81 99999968.182837 
82 99999968.182847 
83 99999968.182850 
84 99999968.182851 
85 99999968.182859 
86 99999973.166564 
87 99999973.166570 
88 99999973.166579 
89 99999973.166584 
90 99999973.166586 
91 99999973.166593 
92 99999973.242069 
93 99999973.242090 
94 99999973.242093 
95 99999973.242108 
96 99999973.242115 
97 99999973.242109 
98 99999973.242121 
99 99999973.242128 
100 99999976.565434 
101 99999976.565437 
102 99999976.597484 
103 99999976.597489 
104 99999976.597487 
105 99999976.597498 
106 99999976.597500 
107 99999976.597503 
108 99999976.597503 
109 99999976.597515 
110 99999976.597516 
111 99999976.597516 
112 99999976.597521 
113 99999976.597517 
114 99999976.597525 
115 99999976.597527 
116 99999976.597536 
117 99999976.597541 
118 99999976.597533 
119 99999976.597538 
120 99999976.597552 
121 99999976.597559 
122 99999976.597550 
123 99999976.597552 
124 99999976.597560 
125 99999976.597552 
126 99999976.597546 
127 99999976.597544 
128 99999976.597552 
129 99999976.597553 
130 99999976.597557 
131 99999976.597559 
132 99999976.597569 
133 99999988.921035 
134 99999988.921036 
135 99999988.921034 
136 99999988.921044 
137 99999988.921046 
138 99999988.921047 
139 99999988.921043 
140 99999988.921043 
141 99999988.921051 
142 99999988.921052 
143 99999988.921058 
144 99999988.921058 
145 99999988.921060 
146 99999988.921064 
147 99999988.921053 
148 99999988.921049 
149 99999988.921056 
150 99999988.921051 
151 99999988.921048 
152 99999988.921050 
153 99999988.921051 
154 99999988.921056 
155 99999988.921059 
156 99999988.921057 
157 99999988.921057 
158 99999988.921067 
159 99999988.921066 
160 99999988.921077 
161 99999988.921077 
162 99999988.921078 
163 99999988.921076 
164 99999988.921077 
165 99999988.921077 
166 99999988.921077 
167 99999988.921074 
168 99999988.921083 
169 99999989.231429 
170 99999989.231424 
171 99999989.231434 
172 99999989.231434 
173 99999989.231424 
174 99999989.231424 
175 99999989.231427 
176 99999989.231428 
177 99999989.231424 
178 99999989.231423 
179 99999989.231425 
180 99999989.231432 
181 99999989.231438 
182 99999989.231437 
183 99999989.231432 
184 99999989.231437 
185 99999989.231429 
186 99999989.231431 
187 99999989.231428 
188 99999989.231421 
189 99999989.231432 
190 99999989.231433 
191 99999989.231423 
192 99999989.248175 
193 99999989.248179 
194 99999989.390862 
195 99999989.390859 
196 99999989.390857 
197 99999989.409424 
198 99999989.409427 
199 99999989.409430 
200 99999989.409429 
201 99999989.514869 
202 99999989.514865 
203 99999989.514874 
204 99999989.514876 
205 99999989.514877 
206 99999989.514871 
207 99999989.514871 
208 99999989.514870 
209 99999989.514873 
210 99999989.514874 
211 99999989.514870 
212 99999989.514875 
213 99999989.514885 
214 99999989.514881 
215 99999989.514884 
216 99999989.514884 
217 99999989.514883 
218 99999989.514889 
219 99999989.514889 
220 99999989.514885 
221 99999989.514884 
222 99999989.514884 
223 99999989.514878 
224 99999989.514876 
225 99999989.514880 
226 99999990.363250 
227 99999990.363255 
228 99999990.363253 
229 99999990.363253 
230 99999990.363252 
231 99999990.363249 
232 99999990.363247 
233 99999990.363249 
234 99999990.363249 
235 99999990.363252 
236 99999990.363254 
237 99999990.363253 
238 99999990.363251 
239 99999990.363251 
240 99999996.061198 
241 99999996.061200 
242 99999996.061189 
243 99999996.061194 
244 99999996.061202 
245 99999996.061201 
246 99999996.061209 
247 99999996.061204 
248 99999996.061211 
249 99999996.061216 
250 99999996.061212 
